Running script with speed limit: 2
Running script with speed limit: 4
Running script with speed limit: 8
Running script with speed limit: 16
Running script with speed limit: 2
Running script with speed limit: 4
Running script with speed limit: 8
Running script with speed limit: 16
Running script with speed limit: 2
Running script with speed limit: 4
Running script with speed limit: 8
Running script with speed limit: 16
usage: train_cpo.py [-h] [--config_path str] [--task str] [--cost_limit str]
                    [--constraint_type str] [--device str] [--thread str]
                    [--seed str] [--use_default_cfg str] [--lr str]
                    [--hidden_sizes str] [--unbounded str]
                    [--last_layer_scale str] [--target_kl str]
                    [--backtrack_coeff str] [--damping_coeff str]
                    [--max_backtracks str] [--optim_critic_iters str]
                    [--l2_reg str] [--gae_lambda str] [--norm_adv str]
                    [--gamma str] [--max_batchsize str] [--rew_norm str]
                    [--deterministic_eval str] [--action_scaling str]
                    [--action_bound_method str] [--epoch str]
                    [--episode_per_collect str] [--step_per_epoch str]
                    [--repeat_per_collect str] [--buffer_size str]
                    [--worker str] [--training_num str] [--testing_num str]
                    [--batch_size str] [--reward_threshold str]
                    [--save_interval str] [--resume str] [--save_ckpt str]
                    [--verbose str] [--render str] [--logdir str]
                    [--project str] [--group str] [--name str] [--prefix str]
                    [--suffix str] [--env_config_file str]
train_cpo.py: error: unrecognized arguments: --speed_limit 4
usage: train_cpo.py [-h] [--config_path str] [--task str] [--cost_limit str]
                    [--constraint_type str] [--device str] [--thread str]
                    [--seed str] [--use_default_cfg str] [--lr str]
                    [--hidden_sizes str] [--unbounded str]
                    [--last_layer_scale str] [--target_kl str]
                    [--backtrack_coeff str] [--damping_coeff str]
                    [--max_backtracks str] [--optim_critic_iters str]
                    [--l2_reg str] [--gae_lambda str] [--norm_adv str]
                    [--gamma str] [--max_batchsize str] [--rew_norm str]
                    [--deterministic_eval str] [--action_scaling str]
                    [--action_bound_method str] [--epoch str]
                    [--episode_per_collect str] [--step_per_epoch str]
                    [--repeat_per_collect str] [--buffer_size str]
                    [--worker str] [--training_num str] [--testing_num str]
                    [--batch_size str] [--reward_threshold str]
                    [--save_interval str] [--resume str] [--save_ckpt str]
                    [--verbose str] [--render str] [--logdir str]
                    [--project str] [--group str] [--name str] [--prefix str]
                    [--suffix str] [--env_config_file str]
train_cpo.py: error: unrecognized arguments: --speed_limit 4
usage: train_cpo.py [-h] [--config_path str] [--task str] [--cost_limit str]
                    [--constraint_type str] [--device str] [--thread str]
                    [--seed str] [--use_default_cfg str] [--lr str]
                    [--hidden_sizes str] [--unbounded str]
                    [--last_layer_scale str] [--target_kl str]
                    [--backtrack_coeff str] [--damping_coeff str]
                    [--max_backtracks str] [--optim_critic_iters str]
                    [--l2_reg str] [--gae_lambda str] [--norm_adv str]
                    [--gamma str] [--max_batchsize str] [--rew_norm str]
                    [--deterministic_eval str] [--action_scaling str]
                    [--action_bound_method str] [--epoch str]
                    [--episode_per_collect str] [--step_per_epoch str]
                    [--repeat_per_collect str] [--buffer_size str]
                    [--worker str] [--training_num str] [--testing_num str]
                    [--batch_size str] [--reward_threshold str]
                    [--save_interval str] [--resume str] [--save_ckpt str]
                    [--verbose str] [--render str] [--logdir str]
                    [--project str] [--group str] [--name str] [--prefix str]
                    [--suffix str] [--env_config_file str]
train_cpo.py: error: unrecognized arguments: --speed_limit 8
srun: error: airl.ist.berkeley.edu: task 0: Exited with exit code 2
usage: train_cpo.py [-h] [--config_path str] [--task str] [--cost_limit str]
                    [--constraint_type str] [--device str] [--thread str]
                    [--seed str] [--use_default_cfg str] [--lr str]
                    [--hidden_sizes str] [--unbounded str]
                    [--last_layer_scale str] [--target_kl str]
                    [--backtrack_coeff str] [--damping_coeff str]
                    [--max_backtracks str] [--optim_critic_iters str]
                    [--l2_reg str] [--gae_lambda str] [--norm_adv str]
                    [--gamma str] [--max_batchsize str] [--rew_norm str]
                    [--deterministic_eval str] [--action_scaling str]
                    [--action_bound_method str] [--epoch str]
                    [--episode_per_collect str] [--step_per_epoch str]
                    [--repeat_per_collect str] [--buffer_size str]
                    [--worker str] [--training_num str] [--testing_num str]
                    [--batch_size str] [--reward_threshold str]
                    [--save_interval str] [--resume str] [--save_ckpt str]
                    [--verbose str] [--render str] [--logdir str]
                    [--project str] [--group str] [--name str] [--prefix str]
                    [--suffix str] [--env_config_file str]
train_cpo.py: error: unrecognized arguments: --speed_limit 2
usage: train_cpo.py [-h] [--config_path str] [--task str] [--cost_limit str]
                    [--constraint_type str] [--device str] [--thread str]
                    [--seed str] [--use_default_cfg str] [--lr str]
                    [--hidden_sizes str] [--unbounded str]
                    [--last_layer_scale str] [--target_kl str]
                    [--backtrack_coeff str] [--damping_coeff str]
                    [--max_backtracks str] [--optim_critic_iters str]
                    [--l2_reg str] [--gae_lambda str] [--norm_adv str]
                    [--gamma str] [--max_batchsize str] [--rew_norm str]
                    [--deterministic_eval str] [--action_scaling str]
                    [--action_bound_method str] [--epoch str]
                    [--episode_per_collect str] [--step_per_epoch str]
                    [--repeat_per_collect str] [--buffer_size str]
                    [--worker str] [--training_num str] [--testing_num str]
                    [--batch_size str] [--reward_threshold str]
                    [--save_interval str] [--resume str] [--save_ckpt str]
                    [--verbose str] [--render str] [--logdir str]
                    [--project str] [--group str] [--name str] [--prefix str]
                    [--suffix str] [--env_config_file str]
train_cpo.py: error: unrecognized arguments: --speed_limit 2
srun: error: ddpg.ist.berkeley.edu: task 0: Exited with exit code 2
srun: error: gan.ist.berkeley.edu: task 0: Exited with exit code 2
srun: error: gail.ist.berkeley.edu: task 0: Exited with exit code 2
srun: error: dqn.ist.berkeley.edu: task 0: Exited with exit code 2
srun: Job 103215 step creation temporarily disabled, retrying (Requested nodes are busy)
srun: Step created for StepId=103215.5
srun: Job 103215 step creation temporarily disabled, retrying (Requested nodes are busy)
srun: Step created for StepId=103215.6
usage: train_cpo.py [-h] [--config_path str] [--task str] [--cost_limit str]
                    [--constraint_type str] [--device str] [--thread str]
                    [--seed str] [--use_default_cfg str] [--lr str]
                    [--hidden_sizes str] [--unbounded str]
                    [--last_layer_scale str] [--target_kl str]
                    [--backtrack_coeff str] [--damping_coeff str]
                    [--max_backtracks str] [--optim_critic_iters str]
                    [--l2_reg str] [--gae_lambda str] [--norm_adv str]
                    [--gamma str] [--max_batchsize str] [--rew_norm str]
                    [--deterministic_eval str] [--action_scaling str]
                    [--action_bound_method str] [--epoch str]
                    [--episode_per_collect str] [--step_per_epoch str]
                    [--repeat_per_collect str] [--buffer_size str]
                    [--worker str] [--training_num str] [--testing_num str]
                    [--batch_size str] [--reward_threshold str]
                    [--save_interval str] [--resume str] [--save_ckpt str]
                    [--verbose str] [--render str] [--logdir str]
                    [--project str] [--group str] [--name str] [--prefix str]
                    [--suffix str] [--env_config_file str]
train_cpo.py: error: unrecognized arguments: --speed_limit 8
srun: error: airl.ist.berkeley.edu: task 0: Exited with exit code 2
usage: train_cpo.py [-h] [--config_path str] [--task str] [--cost_limit str]
                    [--constraint_type str] [--device str] [--thread str]
                    [--seed str] [--use_default_cfg str] [--lr str]
                    [--hidden_sizes str] [--unbounded str]
                    [--last_layer_scale str] [--target_kl str]
                    [--backtrack_coeff str] [--damping_coeff str]
                    [--max_backtracks str] [--optim_critic_iters str]
                    [--l2_reg str] [--gae_lambda str] [--norm_adv str]
                    [--gamma str] [--max_batchsize str] [--rew_norm str]
                    [--deterministic_eval str] [--action_scaling str]
                    [--action_bound_method str] [--epoch str]
                    [--episode_per_collect str] [--step_per_epoch str]
                    [--repeat_per_collect str] [--buffer_size str]
                    [--worker str] [--training_num str] [--testing_num str]
                    [--batch_size str] [--reward_threshold str]
                    [--save_interval str] [--resume str] [--save_ckpt str]
                    [--verbose str] [--render str] [--logdir str]
                    [--project str] [--group str] [--name str] [--prefix str]
                    [--suffix str] [--env_config_file str]
train_cpo.py: error: unrecognized arguments: --speed_limit 16
srun: error: ddpg.ist.berkeley.edu: task 0: Exited with exit code 2
srun: Job 103215 step creation temporarily disabled, retrying (Requested nodes are busy)
srun: Step created for StepId=103215.7
srun: Job 103215 step creation temporarily disabled, retrying (Requested nodes are busy)
srun: Step created for StepId=103215.8
usage: train_cpo.py [-h] [--config_path str] [--task str] [--cost_limit str]
                    [--constraint_type str] [--device str] [--thread str]
                    [--seed str] [--use_default_cfg str] [--lr str]
                    [--hidden_sizes str] [--unbounded str]
                    [--last_layer_scale str] [--target_kl str]
                    [--backtrack_coeff str] [--damping_coeff str]
                    [--max_backtracks str] [--optim_critic_iters str]
                    [--l2_reg str] [--gae_lambda str] [--norm_adv str]
                    [--gamma str] [--max_batchsize str] [--rew_norm str]
                    [--deterministic_eval str] [--action_scaling str]
                    [--action_bound_method str] [--epoch str]
                    [--episode_per_collect str] [--step_per_epoch str]
                    [--repeat_per_collect str] [--buffer_size str]
                    [--worker str] [--training_num str] [--testing_num str]
                    [--batch_size str] [--reward_threshold str]
                    [--save_interval str] [--resume str] [--save_ckpt str]
                    [--verbose str] [--render str] [--logdir str]
                    [--project str] [--group str] [--name str] [--prefix str]
                    [--suffix str] [--env_config_file str]
train_cpo.py: error: unrecognized arguments: --speed_limit 16
srun: Job 103215 step creation temporarily disabled, retrying (Requested nodes are busy)
srun: Job 103215 step creation temporarily disabled, retrying (Requested nodes are busy)
srun: Step created for StepId=103215.9
srun: Step created for StepId=103215.10
srun: error: airl.ist.berkeley.edu: task 0: Exited with exit code 2
srun: Job 103215 step creation temporarily disabled, retrying (Requested nodes are busy)
srun: Step created for StepId=103215.11
usage: train_cpo.py [-h] [--config_path str] [--task str] [--cost_limit str]
                    [--constraint_type str] [--device str] [--thread str]
                    [--seed str] [--use_default_cfg str] [--lr str]
                    [--hidden_sizes str] [--unbounded str]
                    [--last_layer_scale str] [--target_kl str]
                    [--backtrack_coeff str] [--damping_coeff str]
                    [--max_backtracks str] [--optim_critic_iters str]
                    [--l2_reg str] [--gae_lambda str] [--norm_adv str]
                    [--gamma str] [--max_batchsize str] [--rew_norm str]
                    [--deterministic_eval str] [--action_scaling str]
                    [--action_bound_method str] [--epoch str]
                    [--episode_per_collect str] [--step_per_epoch str]
                    [--repeat_per_collect str] [--buffer_size str]
                    [--worker str] [--training_num str] [--testing_num str]
                    [--batch_size str] [--reward_threshold str]
                    [--save_interval str] [--resume str] [--save_ckpt str]
                    [--verbose str] [--render str] [--logdir str]
                    [--project str] [--group str] [--name str] [--prefix str]
                    [--suffix str] [--env_config_file str]
train_cpo.py: error: unrecognized arguments: --speed_limit 4
srun: error: ddpg.ist.berkeley.edu: task 0: Exited with exit code 2
usage: train_cpo.py [-h] [--config_path str] [--task str] [--cost_limit str]
                    [--constraint_type str] [--device str] [--thread str]
                    [--seed str] [--use_default_cfg str] [--lr str]
                    [--hidden_sizes str] [--unbounded str]
                    [--last_layer_scale str] [--target_kl str]
                    [--backtrack_coeff str] [--damping_coeff str]
                    [--max_backtracks str] [--optim_critic_iters str]
                    [--l2_reg str] [--gae_lambda str] [--norm_adv str]
                    [--gamma str] [--max_batchsize str] [--rew_norm str]
                    [--deterministic_eval str] [--action_scaling str]
                    [--action_bound_method str] [--epoch str]
                    [--episode_per_collect str] [--step_per_epoch str]
                    [--repeat_per_collect str] [--buffer_size str]
                    [--worker str] [--training_num str] [--testing_num str]
                    [--batch_size str] [--reward_threshold str]
                    [--save_interval str] [--resume str] [--save_ckpt str]
                    [--verbose str] [--render str] [--logdir str]
                    [--project str] [--group str] [--name str] [--prefix str]
                    [--suffix str] [--env_config_file str]
train_cpo.py: error: unrecognized arguments: --speed_limit 2
usage: train_cpo.py [-h] [--config_path str] [--task str] [--cost_limit str]
                    [--constraint_type str] [--device str] [--thread str]
                    [--seed str] [--use_default_cfg str] [--lr str]
                    [--hidden_sizes str] [--unbounded str]
                    [--last_layer_scale str] [--target_kl str]
                    [--backtrack_coeff str] [--damping_coeff str]
                    [--max_backtracks str] [--optim_critic_iters str]
                    [--l2_reg str] [--gae_lambda str] [--norm_adv str]
                    [--gamma str] [--max_batchsize str] [--rew_norm str]
                    [--deterministic_eval str] [--action_scaling str]
                    [--action_bound_method str] [--epoch str]
                    [--episode_per_collect str] [--step_per_epoch str]
                    [--repeat_per_collect str] [--buffer_size str]
                    [--worker str] [--training_num str] [--testing_num str]
                    [--batch_size str] [--reward_threshold str]
                    [--save_interval str] [--resume str] [--save_ckpt str]
                    [--verbose str] [--render str] [--logdir str]
                    [--project str] [--group str] [--name str] [--prefix str]
                    [--suffix str] [--env_config_file str]
train_cpo.py: error: unrecognized arguments: --speed_limit 8
usage: train_cpo.py [-h] [--config_path str] [--task str] [--cost_limit str]
                    [--constraint_type str] [--device str] [--thread str]
                    [--seed str] [--use_default_cfg str] [--lr str]
                    [--hidden_sizes str] [--unbounded str]
                    [--last_layer_scale str] [--target_kl str]
                    [--backtrack_coeff str] [--damping_coeff str]
                    [--max_backtracks str] [--optim_critic_iters str]
                    [--l2_reg str] [--gae_lambda str] [--norm_adv str]
                    [--gamma str] [--max_batchsize str] [--rew_norm str]
                    [--deterministic_eval str] [--action_scaling str]
                    [--action_bound_method str] [--epoch str]
                    [--episode_per_collect str] [--step_per_epoch str]
                    [--repeat_per_collect str] [--buffer_size str]
                    [--worker str] [--training_num str] [--testing_num str]
                    [--batch_size str] [--reward_threshold str]
                    [--save_interval str] [--resume str] [--save_ckpt str]
                    [--verbose str] [--render str] [--logdir str]
                    [--project str] [--group str] [--name str] [--prefix str]
                    [--suffix str] [--env_config_file str]
train_cpo.py: error: unrecognized arguments: --speed_limit 16
srun: error: gail.ist.berkeley.edu: task 0: Exited with exit code 2
srun: error: dqn.ist.berkeley.edu: task 0: Exited with exit code 2
srun: error: airl.ist.berkeley.edu: task 0: Exited with exit code 2
