wandb: Currently logged in as: mason-nakamura1 (ecrl). Use `wandb login --relogin` to force relogin
wandb: Currently logged in as: mason-nakamura1 (ecrl). Use `wandb login --relogin` to force relogin
wandb: Currently logged in as: mason-nakamura1 (ecrl). Use `wandb login --relogin` to force relogin
wandb: Currently logged in as: mason-nakamura1 (ecrl). Use `wandb login --relogin` to force relogin
wandb: wandb version 0.16.1 is available!  To upgrade, please run:
wandb:  $ pip install wandb --upgrade
wandb: Tracking run with wandb version 0.14.2
wandb: Run data is saved locally in /nas/ucb/mason/ethically-compliant-rl/wandb/run-20231230_031859-tlucy3m1
wandb: Run `wandb offline` to turn off syncing.
wandb: Syncing run olive-thunder-34
wandb: ⭐️ View project at https://wandb.ai/ecrl/New-PPOL-NoMultipiler-SpeedLimit%3D2
wandb: 🚀 View run at https://wandb.ai/ecrl/New-PPOL-NoMultipiler-SpeedLimit%3D2/runs/tlucy3m1
wandb: wandb version 0.16.1 is available!  To upgrade, please run:
wandb:  $ pip install wandb --upgrade
wandb: Tracking run with wandb version 0.14.2
wandb: Run data is saved locally in /nas/ucb/mason/ethically-compliant-rl/wandb/run-20231229_191859-rzjtwlcy
wandb: Run `wandb offline` to turn off syncing.
wandb: Syncing run valiant-hill-35
wandb: ⭐️ View project at https://wandb.ai/ecrl/New-PPOL-NoMultipiler-SpeedLimit%3D2
wandb: 🚀 View run at https://wandb.ai/ecrl/New-PPOL-NoMultipiler-SpeedLimit%3D2/runs/rzjtwlcy
wandb: wandb version 0.16.1 is available!  To upgrade, please run:
wandb:  $ pip install wandb --upgrade
wandb: Tracking run with wandb version 0.14.2
wandb: Run data is saved locally in /nas/ucb/mason/ethically-compliant-rl/wandb/run-20231229_191859-s0jzdwty
wandb: Run `wandb offline` to turn off syncing.
wandb: Syncing run breezy-sponge-36
wandb: ⭐️ View project at https://wandb.ai/ecrl/New-PPOL-NoMultipiler-SpeedLimit%3D2
wandb: 🚀 View run at https://wandb.ai/ecrl/New-PPOL-NoMultipiler-SpeedLimit%3D2/runs/s0jzdwty
wandb: wandb version 0.16.1 is available!  To upgrade, please run:
wandb:  $ pip install wandb --upgrade
wandb: Tracking run with wandb version 0.14.2
wandb: Run data is saved locally in /nas/ucb/mason/ethically-compliant-rl/wandb/run-20231229_191859-vsgueche
wandb: Run `wandb offline` to turn off syncing.
wandb: Syncing run worldly-sponge-37
wandb: ⭐️ View project at https://wandb.ai/ecrl/New-PPOL-NoMultipiler-SpeedLimit%3D2
wandb: 🚀 View run at https://wandb.ai/ecrl/New-PPOL-NoMultipiler-SpeedLimit%3D2/runs/vsgueche
Using cpu device
----------------------------------
| rollout/           |           |
|    ep_len_mean     | 1e+03     |
|    ep_rew_mean     | -1.27e+03 |
| time/              |           |
|    fps             | 123       |
|    iterations      | 1         |
|    time_elapsed    | 16        |
|    total_timesteps | 2048      |
----------------------------------
/nas/ucb/mason/ethically-compliant-rl/.venv/lib/python3.9/site-packages/numpy/core/fromnumeric.py:3464: RuntimeWarning: Mean of empty slice.
  return _methods._mean(a, axis=axis, dtype=dtype,
/nas/ucb/mason/ethically-compliant-rl/.venv/lib/python3.9/site-packages/numpy/core/_methods.py:192: RuntimeWarning: invalid value encountered in scalar divide
  ret = ret.dtype.type(ret / rcount)
Using cpu device
---------------------------------
| rollout/           |          |
|    ep_len_mean     | 1e+03    |
|    ep_rew_mean     | -1.3e+03 |
| time/              |          |
|    fps             | 114      |
|    iterations      | 1        |
|    time_elapsed    | 17       |
|    total_timesteps | 2048     |
---------------------------------
/nas/ucb/mason/ethically-compliant-rl/.venv/lib/python3.9/site-packages/numpy/core/fromnumeric.py:3464: RuntimeWarning: Mean of empty slice.
  return _methods._mean(a, axis=axis, dtype=dtype,
/nas/ucb/mason/ethically-compliant-rl/.venv/lib/python3.9/site-packages/numpy/core/_methods.py:192: RuntimeWarning: invalid value encountered in scalar divide
  ret = ret.dtype.type(ret / rcount)
Using cpu device
---------------------------------
| rollout/           |          |
|    ep_len_mean     | 1e+03    |
|    ep_rew_mean     | -941     |
| time/              |          |
|    fps             | 107      |
|    iterations      | 1        |
|    time_elapsed    | 18       |
|    total_timesteps | 2048     |
---------------------------------
/nas/ucb/mason/ethically-compliant-rl/.venv/lib/python3.9/site-packages/numpy/core/fromnumeric.py:3464: RuntimeWarning: Mean of empty slice.
  return _methods._mean(a, axis=axis, dtype=dtype,
/nas/ucb/mason/ethically-compliant-rl/.venv/lib/python3.9/site-packages/numpy/core/_methods.py:192: RuntimeWarning: invalid value encountered in scalar divide
  ret = ret.dtype.type(ret / rcount)
Using cpu device
----------------------------------
| rollout/           |           |
|    ep_len_mean     | 1e+03     |
|    ep_rew_mean     | -1.46e+03 |
| time/              |           |
|    fps             | 106       |
|    iterations      | 1         |
|    time_elapsed    | 19        |
|    total_timesteps | 2048      |
----------------------------------
/nas/ucb/mason/ethically-compliant-rl/.venv/lib/python3.9/site-packages/numpy/core/fromnumeric.py:3464: RuntimeWarning: Mean of empty slice.
  return _methods._mean(a, axis=axis, dtype=dtype,
/nas/ucb/mason/ethically-compliant-rl/.venv/lib/python3.9/site-packages/numpy/core/_methods.py:192: RuntimeWarning: invalid value encountered in scalar divide
  ret = ret.dtype.type(ret / rcount)
-------------------------------------------
| rollout/                 |              |
|    ep_len_mean           | 1e+03        |
|    ep_rew_mean           | -1.2e+03     |
| time/                    |              |
|    fps                   | 120          |
|    iterations            | 2            |
|    time_elapsed          | 34           |
|    total_timesteps       | 4096         |
| train/                   |              |
|    approx_kl             | 0.0049473266 |
|    clip_fraction         | 0.0243       |
|    clip_range            | 0.2          |
|    cost_returns          | 8.18         |
|    cost_value_loss       | nan          |
|    cost_values           | -0.25        |
|    entropy               | -2.83        |
|    entropy_loss          | -2.83        |
|    explained_variance    | -0.0213      |
|    lagrangian_multiplier | 0            |
|    learning_rate         | 0.0003       |
|    loss                  | 257          |
|    n_updates             | 10           |
|    policy_gradient_loss  | -0.00391     |
|    std                   | 0.996        |
|    value_loss            | 525          |
-------------------------------------------
/nas/ucb/mason/ethically-compliant-rl/.venv/lib/python3.9/site-packages/numpy/core/fromnumeric.py:3464: RuntimeWarning: Mean of empty slice.
  return _methods._mean(a, axis=axis, dtype=dtype,
/nas/ucb/mason/ethically-compliant-rl/.venv/lib/python3.9/site-packages/numpy/core/_methods.py:192: RuntimeWarning: invalid value encountered in scalar divide
  ret = ret.dtype.type(ret / rcount)
-------------------------------------------
| rollout/                 |              |
|    ep_len_mean           | 1e+03        |
|    ep_rew_mean           | -1.59e+03    |
| time/                    |              |
|    fps                   | 111          |
|    iterations            | 2            |
|    time_elapsed          | 36           |
|    total_timesteps       | 4096         |
| train/                   |              |
|    approx_kl             | 0.0037366687 |
|    clip_fraction         | 0.0124       |
|    clip_range            | 0.2          |
|    cost_returns          | 8.87         |
|    cost_value_loss       | nan          |
|    cost_values           | -0.291       |
|    entropy               | -2.83        |
|    entropy_loss          | -2.84        |
|    explained_variance    | 0.0665       |
|    lagrangian_multiplier | 0            |
|    learning_rate         | 0.0003       |
|    loss                  | 283          |
|    n_updates             | 10           |
|    policy_gradient_loss  | -0.00328     |
|    std                   | 0.998        |
|    value_loss            | 564          |
-------------------------------------------
/nas/ucb/mason/ethically-compliant-rl/.venv/lib/python3.9/site-packages/numpy/core/fromnumeric.py:3464: RuntimeWarning: Mean of empty slice.
  return _methods._mean(a, axis=axis, dtype=dtype,
/nas/ucb/mason/ethically-compliant-rl/.venv/lib/python3.9/site-packages/numpy/core/_methods.py:192: RuntimeWarning: invalid value encountered in scalar divide
  ret = ret.dtype.type(ret / rcount)
------------------------------------------
| rollout/                 |             |
|    ep_len_mean           | 1e+03       |
|    ep_rew_mean           | -1.13e+03   |
| time/                    |             |
|    fps                   | 105         |
|    iterations            | 2           |
|    time_elapsed          | 38          |
|    total_timesteps       | 4096        |
| train/                   |             |
|    approx_kl             | 0.003516525 |
|    clip_fraction         | 0.0126      |
|    clip_range            | 0.2         |
|    cost_returns          | 5.96        |
|    cost_value_loss       | nan         |
|    cost_values           | -0.0939     |
|    entropy               | -2.85       |
|    entropy_loss          | -2.84       |
|    explained_variance    | 0.00105     |
|    lagrangian_multiplier | 0           |
|    learning_rate         | 0.0003      |
|    loss                  | 132         |
|    n_updates             | 10          |
|    policy_gradient_loss  | -0.00275    |
|    std                   | 1.01        |
|    value_loss            | 268         |
------------------------------------------
/nas/ucb/mason/ethically-compliant-rl/.venv/lib/python3.9/site-packages/numpy/core/fromnumeric.py:3464: RuntimeWarning: Mean of empty slice.
  return _methods._mean(a, axis=axis, dtype=dtype,
/nas/ucb/mason/ethically-compliant-rl/.venv/lib/python3.9/site-packages/numpy/core/_methods.py:192: RuntimeWarning: invalid value encountered in scalar divide
  ret = ret.dtype.type(ret / rcount)
------------------------------------------
| rollout/                 |             |
|    ep_len_mean           | 1e+03       |
|    ep_rew_mean           | -1.35e+03   |
| time/                    |             |
|    fps                   | 104         |
|    iterations            | 2           |
|    time_elapsed          | 39          |
|    total_timesteps       | 4096        |
| train/                   |             |
|    approx_kl             | 0.004396018 |
|    clip_fraction         | 0.0185      |
|    clip_range            | 0.2         |
|    cost_returns          | 14.5        |
|    cost_value_loss       | nan         |
|    cost_values           | -0.0351     |
|    entropy               | -2.84       |
|    entropy_loss          | -2.84       |
|    explained_variance    | 0.0451      |
|    lagrangian_multiplier | 0           |
|    learning_rate         | 0.0003      |
|    loss                  | 330         |
|    n_updates             | 10          |
|    policy_gradient_loss  | -0.00418    |
|    std                   | 1           |
|    value_loss            | 660         |
------------------------------------------
/nas/ucb/mason/ethically-compliant-rl/.venv/lib/python3.9/site-packages/numpy/core/fromnumeric.py:3464: RuntimeWarning: Mean of empty slice.
  return _methods._mean(a, axis=axis, dtype=dtype,
/nas/ucb/mason/ethically-compliant-rl/.venv/lib/python3.9/site-packages/numpy/core/_methods.py:192: RuntimeWarning: invalid value encountered in scalar divide
  ret = ret.dtype.type(ret / rcount)
------------------------------------------
| rollout/                 |             |
|    ep_len_mean           | 1e+03       |
|    ep_rew_mean           | -1.27e+03   |
| time/                    |             |
|    fps                   | 119         |
|    iterations            | 3           |
|    time_elapsed          | 51          |
|    total_timesteps       | 6144        |
| train/                   |             |
|    approx_kl             | 0.003275211 |
|    clip_fraction         | 0.00464     |
|    clip_range            | 0.2         |
|    cost_returns          | 5.88        |
|    cost_value_loss       | nan         |
|    cost_values           | 0.026       |
|    entropy               | -2.83       |
|    entropy_loss          | -2.83       |
|    explained_variance    | -0.0344     |
|    lagrangian_multiplier | 0           |
|    learning_rate         | 0.0003      |
|    loss                  | 186         |
|    n_updates             | 20          |
|    policy_gradient_loss  | -0.00265    |
|    std                   | 0.995       |
|    value_loss            | 379         |
------------------------------------------
/nas/ucb/mason/ethically-compliant-rl/.venv/lib/python3.9/site-packages/numpy/core/fromnumeric.py:3464: RuntimeWarning: Mean of empty slice.
  return _methods._mean(a, axis=axis, dtype=dtype,
/nas/ucb/mason/ethically-compliant-rl/.venv/lib/python3.9/site-packages/numpy/core/_methods.py:192: RuntimeWarning: invalid value encountered in scalar divide
  ret = ret.dtype.type(ret / rcount)
------------------------------------------
| rollout/                 |             |
|    ep_len_mean           | 1e+03       |
|    ep_rew_mean           | -1.5e+03    |
| time/                    |             |
|    fps                   | 110         |
|    iterations            | 3           |
|    time_elapsed          | 55          |
|    total_timesteps       | 6144        |
| train/                   |             |
|    approx_kl             | 0.004142058 |
|    clip_fraction         | 0.00991     |
|    clip_range            | 0.2         |
|    cost_returns          | 10.6        |
|    cost_value_loss       | nan         |
|    cost_values           | -0.899      |
|    entropy               | -2.83       |
|    entropy_loss          | -2.83       |
|    explained_variance    | 0.0456      |
|    lagrangian_multiplier | 0           |
|    learning_rate         | 0.0003      |
|    loss                  | 545         |
|    n_updates             | 20          |
|    policy_gradient_loss  | -0.00321    |
|    std                   | 0.997       |
|    value_loss            | 1.09e+03    |
------------------------------------------
/nas/ucb/mason/ethically-compliant-rl/.venv/lib/python3.9/site-packages/numpy/core/fromnumeric.py:3464: RuntimeWarning: Mean of empty slice.
  return _methods._mean(a, axis=axis, dtype=dtype,
/nas/ucb/mason/ethically-compliant-rl/.venv/lib/python3.9/site-packages/numpy/core/_methods.py:192: RuntimeWarning: invalid value encountered in scalar divide
  ret = ret.dtype.type(ret / rcount)
-------------------------------------------
| rollout/                 |              |
|    ep_len_mean           | 1e+03        |
|    ep_rew_mean           | -1.18e+03    |
| time/                    |              |
|    fps                   | 105          |
|    iterations            | 3            |
|    time_elapsed          | 58           |
|    total_timesteps       | 6144         |
| train/                   |              |
|    approx_kl             | 0.0024521893 |
|    clip_fraction         | 0.00332      |
|    clip_range            | 0.2          |
|    cost_returns          | 4.65         |
|    cost_value_loss       | nan          |
|    cost_values           | 0.4          |
|    entropy               | -2.85        |
|    entropy_loss          | -2.85        |
|    explained_variance    | -0.0415      |
|    lagrangian_multiplier | 0            |
|    learning_rate         | 0.0003       |
|    loss                  | 293          |
|    n_updates             | 20           |
|    policy_gradient_loss  | -0.00202     |
|    std                   | 1.01         |
|    value_loss            | 588          |
-------------------------------------------
/nas/ucb/mason/ethically-compliant-rl/.venv/lib/python3.9/site-packages/numpy/core/fromnumeric.py:3464: RuntimeWarning: Mean of empty slice.
  return _methods._mean(a, axis=axis, dtype=dtype,
/nas/ucb/mason/ethically-compliant-rl/.venv/lib/python3.9/site-packages/numpy/core/_methods.py:192: RuntimeWarning: invalid value encountered in scalar divide
  ret = ret.dtype.type(ret / rcount)
------------------------------------------
| rollout/                 |             |
|    ep_len_mean           | 1e+03       |
|    ep_rew_mean           | -1.26e+03   |
| time/                    |             |
|    fps                   | 102         |
|    iterations            | 3           |
|    time_elapsed          | 59          |
|    total_timesteps       | 6144        |
| train/                   |             |
|    approx_kl             | 0.004396789 |
|    clip_fraction         | 0.00937     |
|    clip_range            | 0.2         |
|    cost_returns          | 5.6         |
|    cost_value_loss       | nan         |
|    cost_values           | -0.0569     |
|    entropy               | -2.85       |
|    entropy_loss          | -2.85       |
|    explained_variance    | 0.0724      |
|    lagrangian_multiplier | 0           |
|    learning_rate         | 0.0003      |
|    loss                  | 237         |
|    n_updates             | 20          |
|    policy_gradient_loss  | -0.00283    |
|    std                   | 1           |
|    value_loss            | 492         |
------------------------------------------
/nas/ucb/mason/ethically-compliant-rl/.venv/lib/python3.9/site-packages/numpy/core/fromnumeric.py:3464: RuntimeWarning: Mean of empty slice.
  return _methods._mean(a, axis=axis, dtype=dtype,
/nas/ucb/mason/ethically-compliant-rl/.venv/lib/python3.9/site-packages/numpy/core/_methods.py:192: RuntimeWarning: invalid value encountered in scalar divide
  ret = ret.dtype.type(ret / rcount)
------------------------------------------
| rollout/                 |             |
|    ep_len_mean           | 1e+03       |
|    ep_rew_mean           | -1.41e+03   |
| time/                    |             |
|    fps                   | 118         |
|    iterations            | 4           |
|    time_elapsed          | 68          |
|    total_timesteps       | 8192        |
| train/                   |             |
|    approx_kl             | 0.006841275 |
|    clip_fraction         | 0.0433      |
|    clip_range            | 0.2         |
|    cost_returns          | 13.3        |
|    cost_value_loss       | nan         |
|    cost_values           | 0.224       |
|    entropy               | -2.84       |
|    entropy_loss          | -2.83       |
|    explained_variance    | -0.02       |
|    lagrangian_multiplier | 0           |
|    learning_rate         | 0.0003      |
|    loss                  | 313         |
|    n_updates             | 30          |
|    policy_gradient_loss  | -0.00513    |
|    std                   | 1           |
|    value_loss            | 670         |
------------------------------------------
/nas/ucb/mason/ethically-compliant-rl/.venv/lib/python3.9/site-packages/numpy/core/fromnumeric.py:3464: RuntimeWarning: Mean of empty slice.
  return _methods._mean(a, axis=axis, dtype=dtype,
/nas/ucb/mason/ethically-compliant-rl/.venv/lib/python3.9/site-packages/numpy/core/_methods.py:192: RuntimeWarning: invalid value encountered in scalar divide
  ret = ret.dtype.type(ret / rcount)
------------------------------------------
| rollout/                 |             |
|    ep_len_mean           | 1e+03       |
|    ep_rew_mean           | -1.42e+03   |
| time/                    |             |
|    fps                   | 110         |
|    iterations            | 4           |
|    time_elapsed          | 74          |
|    total_timesteps       | 8192        |
| train/                   |             |
|    approx_kl             | 0.005109748 |
|    clip_fraction         | 0.0163      |
|    clip_range            | 0.2         |
|    cost_returns          | 9.41        |
|    cost_value_loss       | nan         |
|    cost_values           | -0.466      |
|    entropy               | -2.83       |
|    entropy_loss          | -2.83       |
|    explained_variance    | 0.0105      |
|    lagrangian_multiplier | 0           |
|    learning_rate         | 0.0003      |
|    loss                  | 263         |
|    n_updates             | 30          |
|    policy_gradient_loss  | -0.00344    |
|    std                   | 0.995       |
|    value_loss            | 521         |
------------------------------------------
/nas/ucb/mason/ethically-compliant-rl/.venv/lib/python3.9/site-packages/numpy/core/fromnumeric.py:3464: RuntimeWarning: Mean of empty slice.
  return _methods._mean(a, axis=axis, dtype=dtype,
/nas/ucb/mason/ethically-compliant-rl/.venv/lib/python3.9/site-packages/numpy/core/_methods.py:192: RuntimeWarning: invalid value encountered in scalar divide
  ret = ret.dtype.type(ret / rcount)
------------------------------------------
| rollout/                 |             |
|    ep_len_mean           | 1e+03       |
|    ep_rew_mean           | -1.25e+03   |
| time/                    |             |
|    fps                   | 105         |
|    iterations            | 4           |
|    time_elapsed          | 77          |
|    total_timesteps       | 8192        |
| train/                   |             |
|    approx_kl             | 0.004254982 |
|    clip_fraction         | 0.0167      |
|    clip_range            | 0.2         |
|    cost_returns          | 8.52        |
|    cost_value_loss       | nan         |
|    cost_values           | 0.331       |
|    entropy               | -2.85       |
|    entropy_loss          | -2.85       |
|    explained_variance    | -0.0417     |
|    lagrangian_multiplier | 0           |
|    learning_rate         | 0.0003      |
|    loss                  | 266         |
|    n_updates             | 30          |
|    policy_gradient_loss  | -0.00358    |
|    std                   | 1.01        |
|    value_loss            | 539         |
------------------------------------------
/nas/ucb/mason/ethically-compliant-rl/.venv/lib/python3.9/site-packages/numpy/core/fromnumeric.py:3464: RuntimeWarning: Mean of empty slice.
  return _methods._mean(a, axis=axis, dtype=dtype,
/nas/ucb/mason/ethically-compliant-rl/.venv/lib/python3.9/site-packages/numpy/core/_methods.py:192: RuntimeWarning: invalid value encountered in scalar divide
  ret = ret.dtype.type(ret / rcount)
-------------------------------------------
| rollout/                 |              |
|    ep_len_mean           | 1e+03        |
|    ep_rew_mean           | -1.37e+03    |
| time/                    |              |
|    fps                   | 101          |
|    iterations            | 4            |
|    time_elapsed          | 80           |
|    total_timesteps       | 8192         |
| train/                   |              |
|    approx_kl             | 0.0059587485 |
|    clip_fraction         | 0.0286       |
|    clip_range            | 0.2          |
|    cost_returns          | 9.1          |
|    cost_value_loss       | nan          |
|    cost_values           | -0.0888      |
|    entropy               | -2.86        |
|    entropy_loss          | -2.85        |
|    explained_variance    | -0.0686      |
|    lagrangian_multiplier | 0            |
|    learning_rate         | 0.0003       |
|    loss                  | 180          |
|    n_updates             | 30           |
|    policy_gradient_loss  | -0.00406     |
|    std                   | 1.01         |
|    value_loss            | 358          |
-------------------------------------------
/nas/ucb/mason/ethically-compliant-rl/.venv/lib/python3.9/site-packages/numpy/core/fromnumeric.py:3464: RuntimeWarning: Mean of empty slice.
  return _methods._mean(a, axis=axis, dtype=dtype,
/nas/ucb/mason/ethically-compliant-rl/.venv/lib/python3.9/site-packages/numpy/core/_methods.py:192: RuntimeWarning: invalid value encountered in scalar divide
  ret = ret.dtype.type(ret / rcount)
------------------------------------------
| rollout/                 |             |
|    ep_len_mean           | 1e+03       |
|    ep_rew_mean           | -1.4e+03    |
| time/                    |             |
|    fps                   | 118         |
|    iterations            | 5           |
|    time_elapsed          | 86          |
|    total_timesteps       | 10240       |
| train/                   |             |
|    approx_kl             | 0.004970032 |
|    clip_fraction         | 0.0282      |
|    clip_range            | 0.2         |
|    cost_returns          | 10.6        |
|    cost_value_loss       | nan         |
|    cost_values           | -0.23       |
|    entropy               | -2.84       |
|    entropy_loss          | -2.84       |
|    explained_variance    | 0.0346      |
|    lagrangian_multiplier | 0           |
|    learning_rate         | 0.0003      |
|    loss                  | 530         |
|    n_updates             | 40          |
|    policy_gradient_loss  | -0.00492    |
|    std                   | 1           |
|    value_loss            | 1.07e+03    |
------------------------------------------
/nas/ucb/mason/ethically-compliant-rl/.venv/lib/python3.9/site-packages/numpy/core/fromnumeric.py:3464: RuntimeWarning: Mean of empty slice.
  return _methods._mean(a, axis=axis, dtype=dtype,
/nas/ucb/mason/ethically-compliant-rl/.venv/lib/python3.9/site-packages/numpy/core/_methods.py:192: RuntimeWarning: invalid value encountered in scalar divide
  ret = ret.dtype.type(ret / rcount)
------------------------------------------
| rollout/                 |             |
|    ep_len_mean           | 1e+03       |
|    ep_rew_mean           | -1.4e+03    |
| time/                    |             |
|    fps                   | 110         |
|    iterations            | 5           |
|    time_elapsed          | 92          |
|    total_timesteps       | 10240       |
| train/                   |             |
|    approx_kl             | 0.002865129 |
|    clip_fraction         | 0.00674     |
|    clip_range            | 0.2         |
|    cost_returns          | 5.1         |
|    cost_value_loss       | nan         |
|    cost_values           | -0.149      |
|    entropy               | -2.83       |
|    entropy_loss          | -2.83       |
|    explained_variance    | -0.0627     |
|    lagrangian_multiplier | 0           |
|    learning_rate         | 0.0003      |
|    loss                  | 211         |
|    n_updates             | 40          |
|    policy_gradient_loss  | -0.00182    |
|    std                   | 0.996       |
|    value_loss            | 433         |
------------------------------------------
/nas/ucb/mason/ethically-compliant-rl/.venv/lib/python3.9/site-packages/numpy/core/fromnumeric.py:3464: RuntimeWarning: Mean of empty slice.
  return _methods._mean(a, axis=axis, dtype=dtype,
/nas/ucb/mason/ethically-compliant-rl/.venv/lib/python3.9/site-packages/numpy/core/_methods.py:192: RuntimeWarning: invalid value encountered in scalar divide
  ret = ret.dtype.type(ret / rcount)
------------------------------------------
| rollout/                 |             |
|    ep_len_mean           | 1e+03       |
|    ep_rew_mean           | -1.2e+03    |
| time/                    |             |
|    fps                   | 105         |
|    iterations            | 5           |
|    time_elapsed          | 97          |
|    total_timesteps       | 10240       |
| train/                   |             |
|    approx_kl             | 0.006092346 |
|    clip_fraction         | 0.039       |
|    clip_range            | 0.2         |
|    cost_returns          | 7.9         |
|    cost_value_loss       | nan         |
|    cost_values           | 0.12        |
|    entropy               | -2.86       |
|    entropy_loss          | -2.86       |
|    explained_variance    | -0.0202     |
|    lagrangian_multiplier | 0           |
|    learning_rate         | 0.0003      |
|    loss                  | 353         |
|    n_updates             | 40          |
|    policy_gradient_loss  | -0.00575    |
|    std                   | 1.01        |
|    value_loss            | 679         |
------------------------------------------
/nas/ucb/mason/ethically-compliant-rl/.venv/lib/python3.9/site-packages/numpy/core/fromnumeric.py:3464: RuntimeWarning: Mean of empty slice.
  return _methods._mean(a, axis=axis, dtype=dtype,
/nas/ucb/mason/ethically-compliant-rl/.venv/lib/python3.9/site-packages/numpy/core/_methods.py:192: RuntimeWarning: invalid value encountered in scalar divide
  ret = ret.dtype.type(ret / rcount)
-------------------------------------------
| rollout/                 |              |
|    ep_len_mean           | 1e+03        |
|    ep_rew_mean           | -1.38e+03    |
| time/                    |              |
|    fps                   | 101          |
|    iterations            | 5            |
|    time_elapsed          | 100          |
|    total_timesteps       | 10240        |
| train/                   |              |
|    approx_kl             | 0.0030387023 |
|    clip_fraction         | 0.00684      |
|    clip_range            | 0.2          |
|    cost_returns          | 10.1         |
|    cost_value_loss       | nan          |
|    cost_values           | 0.0616       |
|    entropy               | -2.86        |
|    entropy_loss          | -2.86        |
|    explained_variance    | 0.062        |
|    lagrangian_multiplier | 0            |
|    learning_rate         | 0.0003       |
|    loss                  | 444          |
|    n_updates             | 40           |
|    policy_gradient_loss  | -0.00194     |
|    std                   | 1.01         |
|    value_loss            | 878          |
-------------------------------------------
/nas/ucb/mason/ethically-compliant-rl/.venv/lib/python3.9/site-packages/numpy/core/fromnumeric.py:3464: RuntimeWarning: Mean of empty slice.
  return _methods._mean(a, axis=axis, dtype=dtype,
/nas/ucb/mason/ethically-compliant-rl/.venv/lib/python3.9/site-packages/numpy/core/_methods.py:192: RuntimeWarning: invalid value encountered in scalar divide
  ret = ret.dtype.type(ret / rcount)
-------------------------------------------
| rollout/                 |              |
|    ep_len_mean           | 1e+03        |
|    ep_rew_mean           | -1.4e+03     |
| time/                    |              |
|    fps                   | 118          |
|    iterations            | 6            |
|    time_elapsed          | 103          |
|    total_timesteps       | 12288        |
| train/                   |              |
|    approx_kl             | 0.0058642942 |
|    clip_fraction         | 0.0226       |
|    clip_range            | 0.2          |
|    cost_returns          | 10.4         |
|    cost_value_loss       | nan          |
|    cost_values           | -0.221       |
|    entropy               | -2.85        |
|    entropy_loss          | -2.84        |
|    explained_variance    | 0.0552       |
|    lagrangian_multiplier | 0            |
|    learning_rate         | 0.0003       |
|    loss                  | 296          |
|    n_updates             | 50           |
|    policy_gradient_loss  | -0.00342     |
|    std                   | 1            |
|    value_loss            | 583          |
-------------------------------------------
/nas/ucb/mason/ethically-compliant-rl/.venv/lib/python3.9/site-packages/numpy/core/fromnumeric.py:3464: RuntimeWarning: Mean of empty slice.
  return _methods._mean(a, axis=axis, dtype=dtype,
/nas/ucb/mason/ethically-compliant-rl/.venv/lib/python3.9/site-packages/numpy/core/_methods.py:192: RuntimeWarning: invalid value encountered in scalar divide
  ret = ret.dtype.type(ret / rcount)
-------------------------------------------
| rollout/                 |              |
|    ep_len_mean           | 1e+03        |
|    ep_rew_mean           | -1.42e+03    |
| time/                    |              |
|    fps                   | 110          |
|    iterations            | 6            |
|    time_elapsed          | 111          |
|    total_timesteps       | 12288        |
| train/                   |              |
|    approx_kl             | 0.0035015438 |
|    clip_fraction         | 0.00615      |
|    clip_range            | 0.2          |
|    cost_returns          | 10.2         |
|    cost_value_loss       | nan          |
|    cost_values           | -0.883       |
|    entropy               | -2.83        |
|    entropy_loss          | -2.83        |
|    explained_variance    | 0.00862      |
|    lagrangian_multiplier | 0            |
|    learning_rate         | 0.0003       |
|    loss                  | 297          |
|    n_updates             | 50           |
|    policy_gradient_loss  | -0.00321     |
|    std                   | 0.997        |
|    value_loss            | 601          |
-------------------------------------------
/nas/ucb/mason/ethically-compliant-rl/.venv/lib/python3.9/site-packages/numpy/core/fromnumeric.py:3464: RuntimeWarning: Mean of empty slice.
  return _methods._mean(a, axis=axis, dtype=dtype,
/nas/ucb/mason/ethically-compliant-rl/.venv/lib/python3.9/site-packages/numpy/core/_methods.py:192: RuntimeWarning: invalid value encountered in scalar divide
  ret = ret.dtype.type(ret / rcount)
-------------------------------------------
| rollout/                 |              |
|    ep_len_mean           | 1e+03        |
|    ep_rew_mean           | -1.27e+03    |
| time/                    |              |
|    fps                   | 104          |
|    iterations            | 6            |
|    time_elapsed          | 117          |
|    total_timesteps       | 12288        |
| train/                   |              |
|    approx_kl             | 0.0071980385 |
|    clip_fraction         | 0.0295       |
|    clip_range            | 0.2          |
|    cost_returns          | 6.57         |
|    cost_value_loss       | nan          |
|    cost_values           | 0.00969      |
|    entropy               | -2.86        |
|    entropy_loss          | -2.86        |
|    explained_variance    | 0.0276       |
|    lagrangian_multiplier | 0            |
|    learning_rate         | 0.0003       |
|    loss                  | 154          |
|    n_updates             | 50           |
|    policy_gradient_loss  | -0.00478     |
|    std                   | 1.01         |
|    value_loss            | 310          |
-------------------------------------------
/nas/ucb/mason/ethically-compliant-rl/.venv/lib/python3.9/site-packages/numpy/core/fromnumeric.py:3464: RuntimeWarning: Mean of empty slice.
  return _methods._mean(a, axis=axis, dtype=dtype,
/nas/ucb/mason/ethically-compliant-rl/.venv/lib/python3.9/site-packages/numpy/core/_methods.py:192: RuntimeWarning: invalid value encountered in scalar divide
  ret = ret.dtype.type(ret / rcount)
-------------------------------------------
| rollout/                 |              |
|    ep_len_mean           | 1e+03        |
|    ep_rew_mean           | -1.41e+03    |
| time/                    |              |
|    fps                   | 118          |
|    iterations            | 7            |
|    time_elapsed          | 121          |
|    total_timesteps       | 14336        |
| train/                   |              |
|    approx_kl             | 0.0035885943 |
|    clip_fraction         | 0.0115       |
|    clip_range            | 0.2          |
|    cost_returns          | 8.23         |
|    cost_value_loss       | nan          |
|    cost_values           | -0.151       |
|    entropy               | -2.84        |
|    entropy_loss          | -2.85        |
|    explained_variance    | 0.0342       |
|    lagrangian_multiplier | 0            |
|    learning_rate         | 0.0003       |
|    loss                  | 293          |
|    n_updates             | 60           |
|    policy_gradient_loss  | -0.00326     |
|    std                   | 1            |
|    value_loss            | 616          |
-------------------------------------------
/nas/ucb/mason/ethically-compliant-rl/.venv/lib/python3.9/site-packages/numpy/core/fromnumeric.py:3464: RuntimeWarning: Mean of empty slice.
  return _methods._mean(a, axis=axis, dtype=dtype,
/nas/ucb/mason/ethically-compliant-rl/.venv/lib/python3.9/site-packages/numpy/core/_methods.py:192: RuntimeWarning: invalid value encountered in scalar divide
  ret = ret.dtype.type(ret / rcount)
-------------------------------------------
| rollout/                 |              |
|    ep_len_mean           | 1e+03        |
|    ep_rew_mean           | -1.45e+03    |
| time/                    |              |
|    fps                   | 101          |
|    iterations            | 6            |
|    time_elapsed          | 121          |
|    total_timesteps       | 12288        |
| train/                   |              |
|    approx_kl             | 0.0033702534 |
|    clip_fraction         | 0.0041       |
|    clip_range            | 0.2          |
|    cost_returns          | 8.23         |
|    cost_value_loss       | nan          |
|    cost_values           | -0.0683      |
|    entropy               | -2.86        |
|    entropy_loss          | -2.86        |
|    explained_variance    | -0.0334      |
|    lagrangian_multiplier | 0            |
|    learning_rate         | 0.0003       |
|    loss                  | 278          |
|    n_updates             | 50           |
|    policy_gradient_loss  | -0.00259     |
|    std                   | 1.01         |
|    value_loss            | 558          |
-------------------------------------------
/nas/ucb/mason/ethically-compliant-rl/.venv/lib/python3.9/site-packages/numpy/core/fromnumeric.py:3464: RuntimeWarning: Mean of empty slice.
  return _methods._mean(a, axis=axis, dtype=dtype,
/nas/ucb/mason/ethically-compliant-rl/.venv/lib/python3.9/site-packages/numpy/core/_methods.py:192: RuntimeWarning: invalid value encountered in scalar divide
  ret = ret.dtype.type(ret / rcount)
-------------------------------------------
| rollout/                 |              |
|    ep_len_mean           | 1e+03        |
|    ep_rew_mean           | -1.38e+03    |
| time/                    |              |
|    fps                   | 110          |
|    iterations            | 7            |
|    time_elapsed          | 129          |
|    total_timesteps       | 14336        |
| train/                   |              |
|    approx_kl             | 0.0037279667 |
|    clip_fraction         | 0.0202       |
|    clip_range            | 0.2          |
|    cost_returns          | 11.9         |
|    cost_value_loss       | nan          |
|    cost_values           | -0.788       |
|    entropy               | -2.83        |
|    entropy_loss          | -2.83        |
|    explained_variance    | 0.0268       |
|    lagrangian_multiplier | 0            |
|    learning_rate         | 0.0003       |
|    loss                  | 372          |
|    n_updates             | 60           |
|    policy_gradient_loss  | -0.00361     |
|    std                   | 0.997        |
|    value_loss            | 752          |
-------------------------------------------
/nas/ucb/mason/ethically-compliant-rl/.venv/lib/python3.9/site-packages/numpy/core/fromnumeric.py:3464: RuntimeWarning: Mean of empty slice.
  return _methods._mean(a, axis=axis, dtype=dtype,
/nas/ucb/mason/ethically-compliant-rl/.venv/lib/python3.9/site-packages/numpy/core/_methods.py:192: RuntimeWarning: invalid value encountered in scalar divide
  ret = ret.dtype.type(ret / rcount)
-------------------------------------------
| rollout/                 |              |
|    ep_len_mean           | 1e+03        |
|    ep_rew_mean           | -1.38e+03    |
| time/                    |              |
|    fps                   | 104          |
|    iterations            | 7            |
|    time_elapsed          | 136          |
|    total_timesteps       | 14336        |
| train/                   |              |
|    approx_kl             | 0.0068046385 |
|    clip_fraction         | 0.0447       |
|    clip_range            | 0.2          |
|    cost_returns          | 10.7         |
|    cost_value_loss       | nan          |
|    cost_values           | 0.00861      |
|    entropy               | -2.87        |
|    entropy_loss          | -2.87        |
|    explained_variance    | -0.0142      |
|    lagrangian_multiplier | 0            |
|    learning_rate         | 0.0003       |
|    loss                  | 436          |
|    n_updates             | 60           |
|    policy_gradient_loss  | -0.00432     |
|    std                   | 1.01         |
|    value_loss            | 903          |
-------------------------------------------
/nas/ucb/mason/ethically-compliant-rl/.venv/lib/python3.9/site-packages/numpy/core/fromnumeric.py:3464: RuntimeWarning: Mean of empty slice.
  return _methods._mean(a, axis=axis, dtype=dtype,
/nas/ucb/mason/ethically-compliant-rl/.venv/lib/python3.9/site-packages/numpy/core/_methods.py:192: RuntimeWarning: invalid value encountered in scalar divide
  ret = ret.dtype.type(ret / rcount)
-----------------------------------------
| rollout/                 |            |
|    ep_len_mean           | 1e+03      |
|    ep_rew_mean           | -1.47e+03  |
| time/                    |            |
|    fps                   | 118        |
|    iterations            | 8          |
|    time_elapsed          | 138        |
|    total_timesteps       | 16384      |
| train/                   |            |
|    approx_kl             | 0.00590608 |
|    clip_fraction         | 0.0335     |
|    clip_range            | 0.2        |
|    cost_returns          | 10.8       |
|    cost_value_loss       | nan        |
|    cost_values           | -0.261     |
|    entropy               | -2.85      |
|    entropy_loss          | -2.84      |
|    explained_variance    | 0.0551     |
|    lagrangian_multiplier | 0          |
|    learning_rate         | 0.0003     |
|    loss                  | 352        |
|    n_updates             | 70         |
|    policy_gradient_loss  | -0.00375   |
|    std                   | 1.01       |
|    value_loss            | 713        |
-----------------------------------------
/nas/ucb/mason/ethically-compliant-rl/.venv/lib/python3.9/site-packages/numpy/core/fromnumeric.py:3464: RuntimeWarning: Mean of empty slice.
  return _methods._mean(a, axis=axis, dtype=dtype,
/nas/ucb/mason/ethically-compliant-rl/.venv/lib/python3.9/site-packages/numpy/core/_methods.py:192: RuntimeWarning: invalid value encountered in scalar divide
  ret = ret.dtype.type(ret / rcount)
------------------------------------------
| rollout/                 |             |
|    ep_len_mean           | 1e+03       |
|    ep_rew_mean           | -1.56e+03   |
| time/                    |             |
|    fps                   | 101         |
|    iterations            | 7           |
|    time_elapsed          | 141         |
|    total_timesteps       | 14336       |
| train/                   |             |
|    approx_kl             | 0.006451706 |
|    clip_fraction         | 0.0285      |
|    clip_range            | 0.2         |
|    cost_returns          | 13.5        |
|    cost_value_loss       | nan         |
|    cost_values           | 0.0645      |
|    entropy               | -2.86       |
|    entropy_loss          | -2.86       |
|    explained_variance    | 0.0561      |
|    lagrangian_multiplier | 0           |
|    learning_rate         | 0.0003      |
|    loss                  | 555         |
|    n_updates             | 60          |
|    policy_gradient_loss  | -0.00334    |
|    std                   | 1.01        |
|    value_loss            | 1.13e+03    |
------------------------------------------
/nas/ucb/mason/ethically-compliant-rl/.venv/lib/python3.9/site-packages/numpy/core/fromnumeric.py:3464: RuntimeWarning: Mean of empty slice.
  return _methods._mean(a, axis=axis, dtype=dtype,
/nas/ucb/mason/ethically-compliant-rl/.venv/lib/python3.9/site-packages/numpy/core/_methods.py:192: RuntimeWarning: invalid value encountered in scalar divide
  ret = ret.dtype.type(ret / rcount)
slurmstepd: error: *** STEP 115168.1 ON ddpg.ist.berkeley.edu CANCELLED AT 2023-12-29T19:21:28 ***
slurmstepd: error: *** JOB 115168 ON airl.ist.berkeley.edu CANCELLED AT 2023-12-30T03:21:28 ***
slurmstepd: error: *** STEP 115168.0 ON airl.ist.berkeley.edu CANCELLED AT 2023-12-30T03:21:28 ***
slurmstepd: error: *** STEP 115168.2 ON dqn.ist.berkeley.edu CANCELLED AT 2023-12-29T19:21:28 ***
slurmstepd: error: *** STEP 115168.3 ON gail.ist.berkeley.edu CANCELLED AT 2023-12-29T19:21:28 ***
