wandb: Currently logged in as: mason-nakamura1 (ecrl). Use `wandb login --relogin` to force relogin
wandb: wandb version 0.16.6 is available!  To upgrade, please run:
wandb:  $ pip install wandb --upgrade
wandb: Tracking run with wandb version 0.14.2
wandb: Run data is saved locally in /nas/ucb/mason/ethically-compliant-rl/wandb/run-20240416_035253-585r2kjl
wandb: Run `wandb offline` to turn off syncing.
wandb: Syncing run pious-deluge-6
wandb: ⭐️ View project at https://wandb.ai/ecrl/mini-grid
wandb: 🚀 View run at https://wandb.ai/ecrl/mini-grid/runs/585r2kjl
/nas/ucb/mason/ethically-compliant-rl/.venv/lib/python3.9/site-packages/gymnasium/envs/registration.py:523: DeprecationWarning: [33mWARN: The environment MiniGrid-Empty-16x16-v0 is out of date. You should consider upgrading to version `v1`.[0m
  logger.deprecation(
/nas/ucb/mason/ethically-compliant-rl/stable_baselines3/stable_baselines3/ppol/ppol.py:165: UserWarning: You have specified a mini-batch size of 4096, but because the `RolloutBuffer` is of size `n_steps * n_envs = 2048`, after every 0 untruncated mini-batches, there will be a truncated mini-batch of size 2048
We recommend using a `batch_size` that is a factor of `n_steps * n_envs`.
Info: (n_steps=2048 and n_envs=1)
  warnings.warn(
LOSS: 0.0003740914398804307
LOSS: -7.334165275096893e-05
LOSS: -0.0004784967750310898
LOSS: -0.0008137760451063514
LOSS: -0.001065544900484383
LOSS: -0.0012779438402503729
LOSS: -0.0014535367954522371
LOSS: -0.0015858281403779984
LOSS: -0.0016924687661230564
LOSS: -0.0017922489205375314
LOSS: -0.0018475028919056058
LOSS: -0.0018906055483967066
LOSS: -0.0019587636925280094
LOSS: -0.002021745080128312
LOSS: -0.0020994863007217646
LOSS: -0.0022126943804323673
LOSS: -0.002351974369958043
LOSS: -0.002497374312952161
LOSS: -0.0026431004516780376
LOSS: -0.002798651112243533
LOSS: -0.0018307232530787587
LOSS: -0.0018530943198129535
LOSS: -0.0019019630271941423
LOSS: -0.0019570086151361465
LOSS: -0.002027413807809353
LOSS: -0.002126930980011821
LOSS: -0.002251856494694948
LOSS: -0.002386109670624137
LOSS: -0.002518798690289259
LOSS: -0.0026524909771978855
LOSS: -0.0018840450793504715
LOSS: -0.0018738135695457458
LOSS: -0.0018897197442129254
LOSS: -0.0019073609728366137
LOSS: -0.0019256389932706952
LOSS: -0.001960170455276966
LOSS: -0.0020204256288707256
LOSS: -0.0020983319263905287
LOSS: -0.00217919098213315
LOSS: -0.0022565918043255806
LOSS: -0.0019067531684413552
LOSS: -0.0019404870690777898
LOSS: -0.0020021789241582155
LOSS: -0.0020679642912000418
LOSS: -0.002131459768861532
LOSS: -0.0022058116737753153
LOSS: -0.002302859677001834
LOSS: -0.002418291522189975
LOSS: -0.0025373215321451426
LOSS: -0.0026538227684795856
LOSS: -0.0019136874470859766
LOSS: -0.0019310651114210486
LOSS: -0.0019756965339183807
LOSS: -0.0020295139402151108
LOSS: -0.00208778353407979
LOSS: -0.002160832053050399
LOSS: -0.0022573256865143776
LOSS: -0.002372627379372716
LOSS: -0.002494744025170803
LOSS: -0.0026194551028311253
LOSS: -0.001917718444019556
LOSS: -0.0018953735707327724
LOSS: -0.0019049090333282948
LOSS: -0.001925127231515944
LOSS: -0.0019629397429525852
LOSS: -0.0020314359571784735
LOSS: -0.0021257703192532063
LOSS: -0.002228272845968604
LOSS: -0.0023336533922702074
LOSS: -0.0024518012069165707
LOSS: -0.001923770527355373
LOSS: -0.0019622957333922386
LOSS: -0.001994119491428137
LOSS: -0.0020213257521390915
LOSS: -0.0020647821947932243
LOSS: -0.002128236461430788
LOSS: -0.0021960954181849957
LOSS: -0.0022586153354495764
LOSS: -0.0023255271371454
LOSS: -0.002407061168923974
LOSS: -0.0019030339317396283
LOSS: -0.0018861545249819756
LOSS: -0.001876238500699401
LOSS: -0.0018861646531149745
LOSS: -0.001927050994709134
LOSS: -0.0019874467980116606
LOSS: -0.002052349504083395
LOSS: -0.002125772647559643
LOSS: -0.0022191230673342943
LOSS: -0.0023289602249860764
LOSS: -0.0019311358919367194
LOSS: -0.0019597571808844805
LOSS: -0.001997944200411439
LOSS: -0.0020708285737782717
LOSS: -0.002188559854403138
LOSS: -0.0023239979054778814
LOSS: -0.002464546822011471
LOSS: -0.0026299201417714357
LOSS: -0.002826991258189082
LOSS: -0.0030359707307070494
LOSS: -0.001936292857863009
LOSS: -0.001925565185956657
LOSS: -0.0019251839257776737
LOSS: -0.0019564598333090544
LOSS: -0.002016650279983878
LOSS: -0.0020843432284891605
LOSS: -0.002160723553970456
LOSS: -0.0022580944932997227
LOSS: -0.002370683243498206
LOSS: -0.0024873227812349796
LOSS: -0.0019393275724723935
LOSS: -0.0019462979398667812
LOSS: -0.0019770984072238207
LOSS: -0.002034424804151058
LOSS: -0.0021188498940318823
LOSS: -0.002223063725978136
LOSS: -0.0023434797767549753
LOSS: -0.0024814889766275883
LOSS: -0.0026377879548817873
LOSS: -0.0028087254613637924
LOSS: -0.0019038429018110037
LOSS: -0.0020035794004797935
LOSS: -0.002150480169802904
LOSS: -0.0023431233130395412
LOSS: -0.002578016370534897
LOSS: -0.002851790515705943
LOSS: -0.0031671992037445307
LOSS: -0.003525796113535762
LOSS: -0.003926870413124561
LOSS: -0.004373543430119753
LOSS: -0.0019342912128195167
LOSS: -0.002096752170473337
LOSS: -0.0023158693220466375
LOSS: -0.002590435789898038
LOSS: -0.0029178059194236994
LOSS: -0.003296121023595333
LOSS: -0.0037251098547130823
LOSS: -0.004204089287668467
LOSS: -0.004736192524433136
LOSS: -0.0053228698670864105
LOSS: -0.0019228362943977118
LOSS: -0.0024740949738770723
LOSS: -0.0031523886136710644
LOSS: -0.003951350226998329
LOSS: -0.00488950964063406
LOSS: -0.005990085657685995
LOSS: -0.0071515170857310295
LOSS: -0.005608574487268925
LOSS: -0.005919089540839195
LOSS: -0.007575633469969034
LOSS: -0.001661287504248321
LOSS: -0.0018999732565134764
LOSS: -0.0021629673428833485
LOSS: -0.002406002953648567
LOSS: -0.0026584849692881107
LOSS: -0.0028985999524593353
LOSS: -0.003136994317173958
LOSS: -0.00336590688675642
LOSS: -0.0035911756567656994
LOSS: -0.0038079777732491493
LOSS: -0.0017012100433930755
LOSS: -0.0017529046162962914
LOSS: -0.0018299000803381205
LOSS: -0.0019314151722937822
LOSS: -0.002055378630757332
LOSS: -0.002195858396589756
LOSS: -0.0023565427400171757
LOSS: -0.0025298402179032564
LOSS: -0.0027204686775803566
LOSS: -0.0029222469311207533
LOSS: -0.0019208568846806884
LOSS: -0.002057295758277178
LOSS: -0.002304776106029749
LOSS: -0.0026569704059511423
LOSS: -0.0031096634920686483
LOSS: -0.0036631133407354355
LOSS: -0.004317289683967829
LOSS: -0.005076391156762838
LOSS: -0.005942444317042828
LOSS: -0.006921092979609966
LOSS: -0.001898285816423595
LOSS: -0.0034446483477950096
LOSS: -0.005219996441155672
LOSS: -0.007204887922853231
LOSS: -0.009390873834490776
LOSS: -0.011399639770388603
LOSS: -0.009298828430473804
LOSS: -0.007965944707393646
LOSS: -0.008683175779879093
LOSS: -0.010596172884106636
LOSS: -0.0018392297206446528
LOSS: -0.001861420227214694
LOSS: -0.0019646096043288708
LOSS: -0.0021843898575752974
LOSS: -0.002424808917567134
LOSS: -0.0027217513415962458
LOSS: -0.0030704233795404434
LOSS: -0.0034269329626113176
LOSS: -0.003831810550764203
LOSS: -0.004229856189340353
LOSS: -0.001879864139482379
LOSS: -0.0018494479591026902
LOSS: -0.0018456855323165655
LOSS: -0.001852858578786254
LOSS: -0.0018804821884259582
LOSS: -0.001914363820105791
LOSS: -0.0019640738610178232
LOSS: -0.002017825376242399
LOSS: -0.0020822202786803246
LOSS: -0.0021511437371373177
LOSS: -0.0018972634570673108
LOSS: -0.0019964200910180807
LOSS: -0.0021518494468182325
LOSS: -0.002360645215958357
LOSS: -0.0026141637936234474
LOSS: -0.002913038246333599
LOSS: -0.003249350469559431
LOSS: -0.003622540272772312
LOSS: -0.004030907992273569
LOSS: -0.004471453372389078
LOSS: -0.0019021639600396156
LOSS: -0.0020019386429339647
LOSS: -0.002144784200936556
LOSS: -0.0023281897883862257
LOSS: -0.002542101079598069
LOSS: -0.0027886806055903435
LOSS: -0.003059768583625555
LOSS: -0.003354656510055065
LOSS: -0.0036710731219500303
LOSS: -0.0040049259550869465
LOSS: -0.001882797572761774
LOSS: -0.0018370038596913218
LOSS: -0.0018629692494869232
LOSS: -0.0019498482579365373
LOSS: -0.0020950029138475657
LOSS: -0.002291262149810791
LOSS: -0.0025330926291644573
LOSS: -0.002817723201587796
LOSS: -0.003137988969683647
LOSS: -0.003493919502943754
LOSS: -0.0013159988448023796
LOSS: -0.0016273240325972438
LOSS: -0.0019727726466953754
LOSS: -0.0023662508465349674
LOSS: -0.0027863283175975084
LOSS: -0.003253658302128315
LOSS: -0.0037463069893419743
LOSS: -0.004285985138267279
LOSS: -0.0048545850440859795
LOSS: -0.00547080859541893
LOSS: -0.0018501253798604012
LOSS: -0.0018126756185665727
LOSS: -0.0018559953896328807
LOSS: -0.0019740744028240442
LOSS: -0.0021563617046922445
LOSS: -0.0023975383955985308
LOSS: -0.002688431413844228
LOSS: -0.0030269387643784285
LOSS: -0.0034040166065096855
LOSS: -0.0038193962536752224
LOSS: 0.0002721863565966487
LOSS: 7.78313260525465e-05
LOSS: -0.00022939685732126236
LOSS: -0.00043189083226025105
LOSS: -0.0008010473102331161
LOSS: -0.0010384113993495703
LOSS: -0.0014283049385994673
LOSS: -0.0017332378774881363
LOSS: -0.002129292581230402
LOSS: -0.00251538073644042
LOSS: -0.0016666461015120149
LOSS: -0.0018518029246479273
LOSS: -0.0023700266610831022
LOSS: -0.0028509022668004036
LOSS: -0.00344820786267519
LOSS: -0.004153764806687832
LOSS: -0.004815926309674978
LOSS: -0.005653529427945614
LOSS: -0.006407279521226883
LOSS: -0.007313582580536604
LOSS: -8.179876022040844e-05
LOSS: -0.0002670560497790575
LOSS: -0.0006334517383947968
LOSS: -0.0008443529950454831
LOSS: -0.0012291340390220284
LOSS: -0.001465605921112001
LOSS: -0.001849707099609077
LOSS: -0.0021329978480935097
LOSS: -0.0025233766064047813
LOSS: -0.002865714719519019
LOSS: 0.002295700367540121
LOSS: 0.0020688544027507305
LOSS: 0.0019490746781229973
LOSS: 0.0016217485535889864
LOSS: 0.0013257551472634077
LOSS: 0.0009157995227724314
LOSS: 0.0005032329354435205
LOSS: 2.0025065168738365e-05
LOSS: -0.0004670852795243263
LOSS: -0.0010163909755647182
LOSS: -0.0015554463025182486
LOSS: -0.001497174147516489
LOSS: -0.0015965956263244152
LOSS: -0.0019116579787805676
LOSS: -0.00232474016956985
LOSS: -0.0028795485850423574
LOSS: -0.0035174740478396416
LOSS: -0.004229378420859575
LOSS: -0.005020631942898035
LOSS: -0.005850645713508129
LOSS: -0.0015639078337699175
LOSS: -0.0017597564728930593
LOSS: -0.0020395650062710047
LOSS: -0.002388471970334649
LOSS: -0.002771487459540367
LOSS: -0.0032294541597366333
LOSS: -0.003692921018227935
LOSS: -0.004222139250487089
LOSS: -0.004745169077068567
LOSS: -0.0052079809829592705
LOSS: 0.0002656292635947466
LOSS: 0.00011344591621309519
LOSS: -1.7130281776189804e-05
LOSS: -0.00020654196850955486
LOSS: -0.0003828753251582384
LOSS: -0.0005883509293198586
LOSS: -0.0008045274298638105
LOSS: -0.0010203593410551548
LOSS: -0.0012731453170999885
LOSS: -0.001471874536946416
LOSS: -0.0014293870190158486
LOSS: -0.0019610831514000893
LOSS: -0.0027237762697041035
LOSS: -0.0034870111849159002
LOSS: -0.004338046535849571
LOSS: -0.0053016324527561665
LOSS: -0.006225504446774721
LOSS: -0.0072407713159918785
LOSS: -0.006416337564587593
LOSS: -0.0048746829852461815
LOSS: 0.0024730940349400043
LOSS: 0.002364503685384989
LOSS: 0.0019500602502375841
LOSS: 0.0016606668941676617
LOSS: 0.0011851175222545862
LOSS: 0.0005092625506222248
LOSS: -5.35142607986927e-05
LOSS: -0.0007945378310978413
LOSS: -0.00162468571215868
LOSS: -0.0023860265500843525
LOSS: 0.0062028272077441216
LOSS: 0.007220996078103781
LOSS: 0.004606492817401886
LOSS: 0.005706357304006815
LOSS: 0.003582940436899662
LOSS: 0.004047363996505737
LOSS: 0.0027739894576370716
LOSS: 0.0023117801174521446
LOSS: 0.0023426199331879616
LOSS: 0.0014913007616996765
LOSS: 0.0011875282507389784
LOSS: 0.0013020863989368081
LOSS: 0.0007187445880845189
LOSS: 0.00038839923217892647
LOSS: -0.0002572820521891117
LOSS: -0.0010141946841031313
LOSS: -0.0016689426265656948
LOSS: -0.0023648887872695923
LOSS: -0.0022631732281297445
LOSS: -0.002358701080083847
LOSS: 0.00029166298918426037
LOSS: -0.00014559703413397074
LOSS: -0.0006002744194120169
LOSS: -0.0010747993364930153
LOSS: -0.0016694003716111183
LOSS: -0.0021679739002138376
LOSS: -0.0028203323017805815
LOSS: -0.003334951587021351
LOSS: -0.003225345630198717
LOSS: -0.00321929226629436
LOSS: 0.00519337086006999
LOSS: 0.005092435050755739
LOSS: 0.00511555839329958
LOSS: 0.00478236423805356
LOSS: 0.0046451701782643795
LOSS: 0.004201337229460478
LOSS: 0.0039301407523453236
LOSS: 0.0034631809685379267
LOSS: 0.0030993842519819736
LOSS: 0.0026512318290770054
LOSS: 5.643325857818127e-05
LOSS: -0.00016627321019768715
LOSS: -0.00023221271112561226
LOSS: -0.0005524273728951812
LOSS: -0.0007712470833212137
LOSS: -0.0011708689853549004
LOSS: -0.0015062371967360377
LOSS: -0.0019582221284508705
LOSS: -0.002367242705076933
LOSS: -0.0027770311571657658
LOSS: 0.0026246136985719204
LOSS: 0.0025438941083848476
LOSS: 0.0023337658494710922
LOSS: 0.0021349573507905006
LOSS: 0.0018351098988205194
LOSS: 0.0015496367122977972
LOSS: 0.0011903333943337202
LOSS: 0.0010241144336760044
LOSS: 0.0008719100151211023
LOSS: 0.0007538255304098129
LOSS: 0.006353439297527075
LOSS: 0.0064756423234939575
LOSS: 0.005963093601167202
LOSS: 0.005956635344773531
LOSS: 0.005355461500585079
LOSS: 0.005236875265836716
LOSS: 0.0046201711520552635
LOSS: 0.00442601228132844
LOSS: 0.0038340785540640354
LOSS: 0.003745540278032422
LOSS: 0.000761460221838206
LOSS: 0.0007314488757401705
LOSS: 0.0001867793034762144
LOSS: 6.775569636374712e-05
LOSS: -0.0005111605860292912
LOSS: -0.0007078731432557106
LOSS: -0.0012932440731674433
LOSS: -0.0012801802949979901
LOSS: -0.0012985484208911657
LOSS: -0.0011974867666140199
LOSS: 0.009095408022403717
LOSS: 0.009059072472155094
LOSS: 0.008754833601415157
LOSS: 0.008263155817985535
LOSS: 0.0080972695723176
LOSS: 0.007251848001033068
LOSS: 0.007218300364911556
LOSS: 0.0061716847121715546
LOSS: 0.006178123876452446
LOSS: 0.005139057524502277
LOSS: 0.008673563599586487
LOSS: 0.00905008427798748
LOSS: 0.008369369432330132
LOSS: 0.007962078787386417
LOSS: 0.007926706224679947
LOSS: 0.006958756595849991
LOSS: 0.007282597944140434
LOSS: 0.006098643876612186
LOSS: 0.006403439212590456
LOSS: 0.005866204388439655
LOSS: 0.006769518833607435
LOSS: 0.007352024782449007
LOSS: 0.006381771992892027
LOSS: 0.0059056407772004604
LOSS: 0.005347816273570061
LOSS: 0.004181604832410812
LOSS: 0.004980137571692467
LOSS: 0.004471411928534508
LOSS: 0.004622540902346373
LOSS: 0.004060727544128895
LOSS: 0.006868187338113785
LOSS: 0.007281988859176636
LOSS: 0.0068863858468830585
LOSS: 0.00667840801179409
LOSS: 0.00679350970312953
LOSS: 0.006230614148080349
LOSS: 0.006352890282869339
LOSS: 0.005980200599879026
LOSS: 0.005723371636122465
LOSS: 0.006039846688508987
LOSS: 0.004714675713330507
LOSS: 0.004610216245055199
LOSS: 0.0044511547312140465
LOSS: 0.004442556761205196
LOSS: 0.004190563689917326
LOSS: 0.0040936339646577835
LOSS: 0.003937758505344391
LOSS: 0.0037114021833986044
LOSS: 0.0036132801324129105
LOSS: 0.0033965911716222763
LOSS: 0.008946823887526989
LOSS: 0.008560121059417725
LOSS: 0.008995468728244305
LOSS: 0.008283940143883228
LOSS: 0.008272252976894379
LOSS: 0.00828588381409645
LOSS: 0.007653269916772842
LOSS: 0.007735069841146469
LOSS: 0.007443497888743877
LOSS: 0.006986922584474087
Directory created: tests/PPOL/models/mini-grid/585r2kjl
LOSS: 0.002091588219627738
LOSS: 0.0014791551511734724
LOSS: 0.002438018098473549
LOSS: 0.0008118492551147938
LOSS: 0.000643474399112165
LOSS: 0.00048552127555012703
LOSS: -0.001066435594111681
LOSS: -0.001179962418973446
LOSS: -0.0014388789422810078
LOSS: -0.0014472779585048556
LOSS: 0.009346479550004005
LOSS: 0.009264406748116016
LOSS: 0.00997365452349186
LOSS: 0.008943496271967888
LOSS: 0.00886799581348896
LOSS: 0.009173768572509289
LOSS: 0.008270890451967716
LOSS: 0.008120798505842686
LOSS: 0.008198986761271954
LOSS: 0.007645878009498119
LOSS: 0.004359182436019182
LOSS: 0.004635301418602467
LOSS: 0.004806637763977051
LOSS: 0.004070291295647621
LOSS: 0.004199262708425522
LOSS: 0.004176667425781488
LOSS: 0.0035265220794826746
LOSS: 0.003521573729813099
LOSS: 0.003441386856138706
LOSS: 0.0031139631755650043
LOSS: 0.0036370879970490932
LOSS: 0.003406659234315157
LOSS: 0.0027970524970442057
LOSS: 0.002459495095536113
LOSS: 0.001996803330257535
LOSS: 0.0012380057014524937
LOSS: 0.0006535605061799288
LOSS: 0.0008333686273545027
LOSS: 0.0008878610096871853
LOSS: 0.0007921415381133556
LOSS: 0.006052273791283369
LOSS: 0.00579556729644537
LOSS: 0.005499125458300114
LOSS: 0.005188341252505779
LOSS: 0.004845616407692432
LOSS: 0.004491513594985008
LOSS: 0.004141983576118946
LOSS: 0.0038382643833756447
LOSS: 0.004118489101529121
LOSS: 0.003918228205293417
LOSS: 0.004654782824218273
LOSS: 0.004421370103955269
LOSS: 0.004367358982563019
LOSS: 0.004226453602313995
LOSS: 0.004007637035101652
LOSS: 0.003929090686142445
LOSS: 0.00406562490388751
LOSS: 0.00401010736823082
LOSS: 0.0036414116621017456
LOSS: 0.0035494123585522175
LOSS: 0.004956706892699003
LOSS: 0.0049069891683757305
LOSS: 0.004736957140266895
LOSS: 0.004458557814359665
LOSS: 0.004151809960603714
LOSS: 0.0037594821769744158
LOSS: 0.003296696348115802
LOSS: 0.002822234993800521
LOSS: 0.0022940170019865036
LOSS: 0.0017734705470502377
LOSS: 0.014842944219708443
LOSS: 0.010577941313385963
LOSS: 0.011500698514282703
LOSS: 0.01084255613386631
LOSS: 0.007244125008583069
LOSS: 0.007447131909430027
LOSS: 0.00735130300745368
LOSS: 0.0048331646248698235
LOSS: 0.004881354980170727
LOSS: 0.004518245346844196
LOSS: 0.006827966310083866
LOSS: 0.007292209193110466
LOSS: 0.007702173665165901
LOSS: 0.006087219342589378
LOSS: 0.0063247075304389
LOSS: 0.00665646605193615
LOSS: 0.005592883564531803
LOSS: 0.005331999622285366
LOSS: 0.005195170640945435
LOSS: 0.003945071715861559
LOSS: 0.00607269536703825
LOSS: 0.0062470766715705395
LOSS: 0.005625303369015455
LOSS: 0.005100541282445192
LOSS: 0.005095530301332474
LOSS: 0.004648512229323387
LOSS: 0.003981280140578747
LOSS: 0.0037339571863412857
LOSS: 0.0033943902235478163
LOSS: 0.002760417526587844
LOSS: 0.008265369571745396
LOSS: 0.00807070080190897
LOSS: 0.00754627026617527
LOSS: 0.00708373449742794
LOSS: 0.0067069437354803085
LOSS: 0.006087826564908028
LOSS: 0.005880136974155903
LOSS: 0.005942767485976219
LOSS: 0.005209166556596756
LOSS: 0.005087284371256828
LOSS: 0.004431039094924927
LOSS: 0.0038198737893253565
LOSS: 0.003603510092943907
LOSS: 0.0037100764457136393
LOSS: 0.0033072265796363354
LOSS: 0.002923759398981929
LOSS: 0.0029052235186100006
LOSS: 0.002619564300402999
LOSS: 0.002088169800117612
LOSS: 0.00187315559014678
LOSS: 0.004675422329455614
LOSS: 0.00437947828322649
LOSS: 0.004137359093874693
LOSS: 0.003750311676412821
LOSS: 0.003222397295758128
LOSS: 0.0027755550108850002
LOSS: 0.0023510497994720936
LOSS: 0.0018587314989417791
LOSS: 0.0017445837147533894
LOSS: 0.0018167984671890736
LOSS: 0.007422616705298424
LOSS: 0.0064982143230736256
LOSS: 0.005348778795450926
LOSS: 0.006238177884370089
LOSS: 0.006563003174960613
LOSS: 0.00624063378199935
LOSS: 0.005411983467638493
LOSS: 0.005129340570420027
LOSS: 0.005463406443595886
LOSS: 0.0053708963096141815
LOSS: 0.011406593956053257
LOSS: 0.009682521224021912
LOSS: 0.008085977286100388
LOSS: 0.009015323594212532
LOSS: 0.009899900294840336
LOSS: 0.01033727452158928
LOSS: 0.009868712164461613
LOSS: 0.008495502173900604
LOSS: 0.007214724086225033
LOSS: 0.0068719349801540375
LOSS: 0.006334545090794563
LOSS: 0.006483612582087517
LOSS: 0.006477683782577515
LOSS: 0.006149617955088615
LOSS: 0.0058219884522259235
LOSS: 0.0053800540044903755
LOSS: 0.004683206789195538
LOSS: 0.003974532708525658
LOSS: 0.004288282711058855
LOSS: 0.004162542521953583
LOSS: 0.006945672444999218
LOSS: 0.005911449436098337
LOSS: 0.0051595475524663925
LOSS: 0.005640811752527952
LOSS: 0.005744921509176493
LOSS: 0.005098302382975817
LOSS: 0.003933435305953026
LOSS: 0.0039592464454472065
LOSS: 0.0041254013776779175
LOSS: 0.003854873590171337
LOSS: 0.004651591181755066
LOSS: 0.0034856367856264114
LOSS: 0.002960043493658304
LOSS: 0.001952605089172721
LOSS: 0.0019668005406856537
LOSS: 0.0027539473958313465
LOSS: 0.00261785089969635
LOSS: 0.0019250742625445127
LOSS: 0.0012777287047356367
LOSS: 0.0010036870371550322
LOSS: 0.010228056460618973
LOSS: 0.009611700661480427
LOSS: 0.009572478011250496
LOSS: 0.00945417769253254
LOSS: 0.009340745396912098
LOSS: 0.008653008379042149
LOSS: 0.007946742698550224
LOSS: 0.007754866033792496
LOSS: 0.00781509093940258
LOSS: 0.00757729634642601
LOSS: 0.009667869657278061
LOSS: 0.008939077146351337
LOSS: 0.00836261734366417
LOSS: 0.008197808638215065
LOSS: 0.007530493661761284
LOSS: 0.007883868180215359
LOSS: 0.007920695468783379
LOSS: 0.006666700355708599
LOSS: 0.006782799027860165
LOSS: 0.007181067485362291
LOSS: 0.009639022871851921
LOSS: 0.008821303956210613
LOSS: 0.00782973412424326
LOSS: 0.006567023694515228
LOSS: 0.006279851775616407
LOSS: 0.005892090033739805
LOSS: 0.003922371659427881
LOSS: 0.003606784623116255
LOSS: 0.002781122922897339
LOSS: 0.002380501478910446
LOSS: 0.008331171236932278
LOSS: 0.00700841099023819
LOSS: 0.0069035375490784645
LOSS: 0.006042420864105225
LOSS: 0.004648599773645401
LOSS: 0.004306649789214134
LOSS: 0.0032186359167099
LOSS: 0.0038199361879378557
LOSS: 0.003731778357177973
LOSS: 0.0027201157063245773
LOSS: 0.008977496065199375
LOSS: 0.008546491153538227
LOSS: 0.007155868224799633
LOSS: 0.006396382115781307
LOSS: 0.0050925323739647865
LOSS: 0.007681647781282663
LOSS: 0.006536595523357391
LOSS: 0.0038010096177458763
LOSS: 0.004829919897019863
LOSS: 0.005001285579055548
LOSS: 0.006356602068990469
LOSS: 0.005468396935611963
LOSS: 0.0046590701676905155
LOSS: 0.005551695358008146
LOSS: 0.005203018896281719
LOSS: 0.0033296742476522923
LOSS: 0.0032839349005371332
LOSS: 0.003822374390438199
LOSS: 0.004338294267654419
LOSS: 0.0035519117955118418
LOSS: 0.006086655426770449
LOSS: 0.002203668700531125
LOSS: 0.003423083573579788
LOSS: 0.004967233166098595
LOSS: 0.004102887585759163
LOSS: 0.002711969893425703
LOSS: 0.00026207463815808296
LOSS: -0.0001578042283654213
LOSS: 0.0012045982293784618
LOSS: 0.0008995621465146542
LOSS: 0.004992958623915911
LOSS: 0.004755792208015919
LOSS: 0.0043413364328444
LOSS: 0.0035408679395914078
LOSS: 0.0031439221929758787
LOSS: 0.0023832854349166155
LOSS: 0.001401872606948018
LOSS: 0.0008919741958379745
LOSS: 0.0004322528839111328
LOSS: 0.00017435336485505104
LOSS: 0.004291950725018978
LOSS: 0.0036393096670508385
LOSS: 0.003781782928854227
LOSS: 0.0027464479207992554
LOSS: 0.0020799883641302586
LOSS: 0.0016866440419107676
LOSS: 0.000755637651309371
LOSS: 0.0005454756319522858
LOSS: 3.189966082572937e-05
LOSS: -0.0006210994906723499
LOSS: 0.004472128581255674
LOSS: 0.0032417839393019676
LOSS: 0.0038348259404301643
LOSS: 0.0036184280179440975
LOSS: 0.0021559852175414562
LOSS: 0.002624882385134697
LOSS: 0.0032686544582247734
LOSS: 0.001639598747715354
LOSS: 0.0009841767605394125
LOSS: 0.001443246379494667
LOSS: 0.0035562696866691113
LOSS: 0.003222595201805234
LOSS: 0.003114971099421382
LOSS: 0.002774105640128255
LOSS: 0.002378942212089896
LOSS: 0.002130072331055999
LOSS: 0.001698159845545888
LOSS: 0.0013179308734834194
LOSS: 0.001018220791593194
LOSS: 0.0006660951767116785
LOSS: 0.004598719999194145
LOSS: 0.0036197020672261715
LOSS: 0.003573815803974867
LOSS: 0.0032206536270678043
LOSS: 0.0019955516327172518
LOSS: 0.002421659417450428
LOSS: 0.0020679368171840906
LOSS: 0.0001705363392829895
LOSS: 0.0008834344334900379
LOSS: 0.0009921733289957047
LOSS: 0.0027341051027178764
LOSS: 0.000958037911914289
LOSS: 0.0003284257836639881
LOSS: -0.0005943002179265022
LOSS: -0.0018496373668313026
LOSS: -0.0027180712204426527
LOSS: -0.0032557437662035227
LOSS: -0.004345419816672802
LOSS: -0.004649163223803043
LOSS: -0.005231241229921579
LOSS: 0.002736842492595315
LOSS: 0.0014387217815965414
LOSS: 0.0016859595198184252
LOSS: 0.0006805665325373411
LOSS: -0.0004772243555635214
LOSS: -0.00027000298723578453
LOSS: -0.0010768387001007795
LOSS: -0.0014670360833406448
LOSS: -0.001464645378291607
LOSS: -0.002227949444204569
LOSS: 0.0016420903848484159
LOSS: 0.0013622334226965904
LOSS: 0.0009385870071128011
LOSS: 0.0008025414426811039
LOSS: 0.0001657309476286173
LOSS: -0.0003265750128775835
LOSS: -0.00047086342237889767
LOSS: -0.0011077441740781069
LOSS: -0.001615399494767189
LOSS: -0.001524588093161583
LOSS: 0.0009034035610966384
LOSS: 0.0004404864157550037
LOSS: 0.00035528739681467414
LOSS: 0.0004191939369775355
LOSS: 0.00021697505144402385
LOSS: 2.2256688680499792e-05
LOSS: -0.00016715115634724498
LOSS: -0.000542519090231508
LOSS: -0.0008274777792394161
LOSS: -0.0011301947524771094
LOSS: 0.0003395540115889162
LOSS: 5.269623943604529e-05
LOSS: -0.00044432817958295345
LOSS: -0.0013731971848756075
LOSS: -0.0022790455259382725
LOSS: -0.0028725280426442623
LOSS: -0.0036708947736769915
LOSS: -0.0044001187197864056
LOSS: -0.003505051601678133
LOSS: -0.003758265171200037
LOSS: 0.0008010252495296299
LOSS: 0.0006208417471498251
LOSS: 5.8733741752803326e-05
LOSS: -0.00013575446791946888
LOSS: -0.0003199728671461344
LOSS: -0.000418438168708235
LOSS: -0.0005271196714602411
LOSS: -0.0006159202894195914
LOSS: -0.0006814948283135891
LOSS: -0.0008000513189472258
LOSS: 8.982345752883703e-05
LOSS: -0.0004972204915247858
LOSS: -0.0013086124090477824
LOSS: -0.0018004205776378512
LOSS: -0.0021190550178289413
LOSS: -0.002393939532339573
LOSS: -0.002623758977279067
LOSS: -0.00280066579580307
LOSS: -0.0028728810139000416
LOSS: -0.002927098423242569
LOSS: 0.0009456908446736634
LOSS: -0.00027787848375737667
LOSS: -0.0015945170307531953
LOSS: -0.0014323482755571604
LOSS: -0.0013652509078383446
LOSS: -0.0013221545377746224
LOSS: -0.0013433806598186493
LOSS: -0.0013642919948324561
LOSS: -0.0013828071532770991
LOSS: -0.0014275144785642624
LOSS: 0.00030433322535827756
LOSS: -0.00043638658826239407
LOSS: -0.000400160817662254
LOSS: -0.000209207326406613
LOSS: -6.679852958768606e-05
LOSS: -7.091579027473927e-05
LOSS: -0.00021827471209689975
LOSS: -0.00045913958456367254
LOSS: -0.0006684422842226923
LOSS: -0.0007981370436027646
LOSS: 0.0010510979918763041
LOSS: 0.000710429681930691
LOSS: 0.00021107628708705306
LOSS: 0.00022767053451389074
LOSS: 0.00031850620871409774
LOSS: 0.0002735599409788847
LOSS: 7.771304808557034e-05
LOSS: -0.00013123697135597467
LOSS: -0.00030898430850356817
LOSS: -0.0004907975671812892
LOSS: 0.00010735864634625614
LOSS: -0.00021283721434883773
LOSS: -0.00048561824951320887
LOSS: -0.0007638316019438207
LOSS: -0.0008236874709837139
LOSS: -0.0008607655763626099
LOSS: -0.0008854666957631707
LOSS: -0.0008673405973240733
LOSS: -0.0008676009019836783
LOSS: -0.0008612645324319601
LOSS: 0.00012375149526633322
LOSS: -0.00031249038875102997
LOSS: -0.0014592668740078807
LOSS: -0.005698373541235924
LOSS: -0.005633438937366009
LOSS: -0.0048284027725458145
LOSS: -0.0035922611132264137
LOSS: -0.0029904088005423546
LOSS: -0.0039316145703196526
LOSS: -0.0052525876089930534
LOSS: 0.009323876351118088
LOSS: 5.505513399839401e-05
LOSS: -0.0007295534014701843
LOSS: 0.002972985152155161
LOSS: 0.002369785215705633
LOSS: -0.002274904167279601
LOSS: -0.0017916029319167137
LOSS: 0.003397138323634863
LOSS: 0.00326605886220932
LOSS: -0.0004055839963257313
LOSS: 0.005458776839077473
LOSS: -0.0011634747497737408
LOSS: 0.001233913004398346
LOSS: -0.0005019144155085087
LOSS: -0.0022383341565728188
LOSS: -0.0010120267979800701
LOSS: -0.0011529396288096905
LOSS: -0.0026214327663183212
LOSS: 3.271689638495445e-05
LOSS: 0.0014456575736403465
LOSS: 0.009778785519301891
LOSS: 0.0072611416690051556
LOSS: 0.005180891137570143
LOSS: 0.0062608011066913605
LOSS: 0.0072930846363306046
LOSS: 0.004825110547244549
LOSS: 0.0036345841363072395
LOSS: 0.0038794097490608692
LOSS: 0.004624210763722658
LOSS: 0.002211393555626273
LOSS: 0.003872606437653303
LOSS: -0.00021352223120629787
LOSS: 0.0005535101518034935
LOSS: 0.0018451862270012498
LOSS: 0.0006057489663362503
LOSS: 0.0005983082810416818
LOSS: 0.0017768250545486808
LOSS: 0.0010387406218796968
LOSS: 0.00019182951655238867
LOSS: 0.0007170779863372445
LOSS: 0.0009119362803176045
LOSS: 0.0006345685687847435
LOSS: 0.0006718350923620164
LOSS: 0.0007199534447863698
LOSS: 0.0004911862197332084
LOSS: 0.0003970420511905104
LOSS: 0.000457750225905329
LOSS: 0.0003370230842847377
LOSS: 0.00020353298168629408
LOSS: 0.00023832597071304917
LOSS: 0.0004247784672770649
LOSS: -0.0004669837071560323
LOSS: -0.0005317360046319664
LOSS: -0.0005629359511658549
LOSS: -0.0005914402427151799
LOSS: -0.0006110928952693939
LOSS: -0.0006109161768108606
LOSS: -0.0006092861294746399
LOSS: -0.0006136446609161794
LOSS: -0.0006098478334024549
LOSS: 0.00029471947345882654
LOSS: 0.0002607388887554407
LOSS: 0.00018944803741760552
LOSS: 6.806410965509713e-05
LOSS: -9.234275785274804e-05
LOSS: -0.00027151702670380473
LOSS: -0.00047503196401521564
LOSS: -0.0006955706630833447
LOSS: -0.0009213832090608776
LOSS: -0.0010266783647239208
LOSS: 0.00011166235344717279
LOSS: 4.1252525988966227e-05
LOSS: -2.5915156584233046e-05
LOSS: -9.312437032349408e-05
LOSS: -0.00016109294665511698
LOSS: -0.0002270288678118959
LOSS: -0.0002919049875345081
LOSS: -0.0003574610163923353
LOSS: -0.0004226460005156696
LOSS: -0.00047591072507202625
LOSS: 0.00030541952583007514
LOSS: -0.0007019623299129307
LOSS: -0.0006944480119273067
LOSS: -0.0006895892438478768
LOSS: -0.0006905892514623702
LOSS: -0.000693508714903146
LOSS: -0.000700002652592957
LOSS: -0.0007086873520165682
LOSS: -0.0007165474817156792
LOSS: -0.0007252992945723236
LOSS: 0.00010066861432278529
LOSS: 8.504055585945025e-05
LOSS: 7.298693526536226e-05
LOSS: 5.749062984250486e-05
LOSS: 3.674421168398112e-05
LOSS: 1.8626495148055255e-05
LOSS: -2.1210871636867523e-07
LOSS: -2.423989644739777e-05
LOSS: -4.6611414290964603e-05
LOSS: -6.812516949139535e-05
LOSS: 0.00010412833944428712
LOSS: 7.935093890409917e-05
LOSS: 5.204982153372839e-05
LOSS: 2.1833802748005837e-05
LOSS: -1.0657342500053346e-05
LOSS: -4.4941771193407476e-05
LOSS: -8.112458453979343e-05
LOSS: -0.00011847048881463706
LOSS: -0.0001568182633491233
LOSS: -0.0001963362592505291
LOSS: 0.0008353772573173046
LOSS: 0.0006793569773435593
LOSS: 0.0003609936102293432
LOSS: 0.0002611252712085843
LOSS: 0.00017288525123149157
LOSS: 7.839896716177464e-05
LOSS: -2.1291780285537243e-05
LOSS: -0.00013349333312362432
LOSS: -0.0002513339277356863
LOSS: -0.0003690242301672697
LOSS: 0.00010745158942881972
LOSS: 0.00010431022383272648
LOSS: 6.166952516650781e-05
LOSS: -1.975690247491002e-05
LOSS: -0.00013541322550736368
LOSS: -0.00027409353060647845
LOSS: -0.00042349164141342044
LOSS: -0.0005810704897157848
LOSS: -0.0007415972650051117
LOSS: -0.000887335161678493
LOSS: 0.0001120624365285039
LOSS: 6.966373621253297e-05
LOSS: 3.1402058084495366e-05
LOSS: -3.2696552807465196e-06
LOSS: -3.379827830940485e-05
LOSS: -6.166967796161771e-05
LOSS: -8.65864276420325e-05
LOSS: -0.00010968174319714308
LOSS: -0.0001327374775428325
LOSS: -0.0001552601606817916
LOSS: 0.00010092154843732715
LOSS: 9.20009333640337e-05
LOSS: 7.995082705747336e-05
LOSS: 6.441738514695317e-05
LOSS: 4.6457113057840616e-05
LOSS: 2.621731982799247e-05
LOSS: 4.463661753106862e-06
LOSS: -2.1014100639149547e-05
LOSS: -4.9051857786253095e-05
LOSS: -8.181201701518148e-05
LOSS: 9.268261783290654e-05
LOSS: 9.444633906241506e-05
LOSS: 9.010767826111987e-05
LOSS: 7.964804535731673e-05
LOSS: 6.148958345875144e-05
LOSS: 3.949752863263711e-05
LOSS: 1.3610668247565627e-05
LOSS: -1.6313715605065227e-05
LOSS: -4.6802801080048084e-05
LOSS: -8.006658754311502e-05
LOSS: 9.365542064188048e-05
LOSS: -1.1016541975550354e-05
LOSS: -9.393854270456359e-05
LOSS: -8.602581510785967e-05
LOSS: -8.812800660962239e-05
LOSS: -9.639080963097513e-05
LOSS: -0.00010882849164772779
LOSS: -0.00012286295532248914
LOSS: -0.00013967057748232037
LOSS: -0.0001581159303896129
LOSS: 9.09481241251342e-05
LOSS: 7.087092672009021e-05
LOSS: 4.8969959607347846e-05
LOSS: 2.544197195675224e-05
LOSS: 3.9841688703745604e-07
LOSS: -2.5322166038677096e-05
LOSS: -5.230378155829385e-05
LOSS: -7.964141695993021e-05
LOSS: -0.0001066576805897057
LOSS: -0.0001343674084637314
LOSS: 9.155152656603605e-05
LOSS: 7.330803055083379e-05
LOSS: 4.865141454502009e-05
LOSS: 1.597752998350188e-05
LOSS: -2.222642069682479e-05
LOSS: -6.74676412018016e-05
LOSS: -0.0001170005343738012
LOSS: -0.0001707176270429045
LOSS: -0.00022988123237155378
LOSS: -0.0002958637196570635
LOSS: 0.0003121733898296952
LOSS: -0.0006642010994255543
LOSS: -0.0006588168907910585
LOSS: -0.0006563763599842787
LOSS: -0.0006588553078472614
LOSS: -0.0006572837010025978
LOSS: -0.0006560826441273093
LOSS: -0.0006597922183573246
LOSS: -0.0006607128889299929
LOSS: -0.0006608229596167803
LOSS: 9.493548714090139e-05
LOSS: 7.758248830214143e-05
LOSS: 6.253911851672456e-05
LOSS: 4.542844544630498e-05
LOSS: 2.7764239348471165e-05
LOSS: 2.4526307242922485e-05
LOSS: 2.4146145733539015e-05
LOSS: 2.0899016817566007e-05
LOSS: 1.8296857888344675e-05
LOSS: 1.3338387361727655e-05
LOSS: 9.336229413747787e-05
LOSS: 9.127593511948362e-05
LOSS: 8.787133265286684e-05
LOSS: 8.51582590257749e-05
LOSS: 8.284467912744731e-05
LOSS: 7.962339441291988e-05
LOSS: 7.660944538656622e-05
LOSS: 7.421015470754355e-05
LOSS: 7.102398376446217e-05
LOSS: 6.784901779610664e-05
LOSS: 0.00010585112613625824
LOSS: 8.803539822110906e-05
LOSS: 6.506469799205661e-05
LOSS: 3.688145807245746e-05
LOSS: 5.214234988670796e-06
LOSS: -3.0298091587610543e-05
LOSS: -6.85621052980423e-05
LOSS: -0.00010852684499695897
LOSS: -0.00015147414524108171
LOSS: -0.0001949707220774144
LOSS: 9.1761517978739e-05
LOSS: 8.682867337483913e-05
LOSS: 7.53020794945769e-05
LOSS: 5.6563141697552055e-05
LOSS: 3.201320942025632e-05
LOSS: 4.581466782838106e-06
LOSS: -2.5758636184036732e-05
LOSS: -5.748706462327391e-05
LOSS: -8.320548658957705e-05
LOSS: -9.302674152422696e-05
LOSS: 9.162395872408524e-05
LOSS: 8.029189484659582e-05
LOSS: 6.74951879773289e-05
LOSS: 5.355604662327096e-05
LOSS: 3.9726051909383386e-05
LOSS: 2.5178000214509666e-05
LOSS: 1.0210431355517358e-05
LOSS: -5.40122709935531e-06
LOSS: -2.1670290152542293e-05
LOSS: -3.796954115387052e-05
LOSS: 0.00026836508186534047
LOSS: -0.0007314383401535451
LOSS: -0.0007242016727104783
LOSS: -0.0007226206362247467
LOSS: -0.0007211756310425699
LOSS: -0.0007156673818826675
LOSS: -0.0007147624855861068
LOSS: -0.0007155642961151898
LOSS: -0.0007132655009627342
LOSS: -0.0007134848856367171
LOSS: 0.0006085024797357619
LOSS: 0.0005785096436738968
LOSS: 0.0005283349310047925
LOSS: 0.0004628353053703904
LOSS: 0.00038522115210071206
LOSS: 0.0002954105439130217
LOSS: 0.0001964000693988055
LOSS: 9.152153506875038e-05
LOSS: -1.989590236917138e-05
LOSS: -0.0001350941020064056
LOSS: 0.00010070948337670416
LOSS: 0.00010591075988486409
LOSS: 0.0001093631872208789
LOSS: 0.00011049927707063034
LOSS: 0.00010530193685553968
LOSS: 9.862001024885103e-05
LOSS: 9.083862823899835e-05
LOSS: 7.836912845959887e-05
LOSS: 6.627187394769862e-05
LOSS: 5.35839244548697e-05
LOSS: 9.513834811514243e-05
LOSS: 8.081735722953454e-05
LOSS: 6.505010242108256e-05
LOSS: 4.8466987209394574e-05
LOSS: 3.146756353089586e-05
LOSS: 1.3782628229819238e-05
LOSS: -3.9849692257121205e-06
LOSS: -2.1871608623769134e-05
LOSS: -3.9691389247309417e-05
LOSS: -5.777323531219736e-05
LOSS: 0.0001721439475659281
LOSS: 0.00013243555440567434
LOSS: 5.9967467677779496e-05
LOSS: -4.0753831854090095e-05
LOSS: -0.00016737225814722478
LOSS: -0.00031663101981393993
LOSS: -0.0004858505562879145
LOSS: -0.000675833085551858
LOSS: -0.0008851354941725731
LOSS: -0.0011129127815365791
LOSS: 9.459121793042868e-05
LOSS: 8.279761823359877e-05
LOSS: 7.044291123747826e-05
LOSS: 5.7346420362591743e-05
LOSS: 4.365880886325613e-05
LOSS: 3.004182508448139e-05
LOSS: 1.5320627426262945e-05
LOSS: -3.408349584788084e-07
LOSS: -1.6756588593125343e-05
LOSS: -3.4874159609898925e-05
LOSS: 0.0005693519487977028
LOSS: 0.0005137377302162349
LOSS: 0.0004429240361787379
LOSS: 0.00035152811324223876
LOSS: 0.0002429211454000324
LOSS: 0.00012687119306065142
LOSS: -5.773617886006832e-07
LOSS: -0.0001370662939734757
LOSS: -0.0002758644404821098
LOSS: -0.0004191560437902808
LOSS: 9.790241892915219e-05
LOSS: 8.664351480547339e-05
LOSS: 7.494434248656034e-05
LOSS: 5.5143806093838066e-05
LOSS: 3.519328311085701e-05
LOSS: 1.6647019947413355e-05
LOSS: -7.030495908111334e-06
LOSS: -2.785804826999083e-05
LOSS: -4.866748349741101e-05
LOSS: -7.15300120646134e-05
LOSS: 9.371417399961501e-05
LOSS: 7.411107799271122e-05
LOSS: 5.216620775172487e-05
LOSS: 3.112301783403382e-05
LOSS: 8.914452337194234e-06
LOSS: -1.501927908975631e-05
LOSS: -3.751176700461656e-05
LOSS: -6.176206807140261e-05
LOSS: -8.620309381512925e-05
LOSS: -0.00011017976066796109
LOSS: 9.34894269448705e-05
LOSS: 8.401783998124301e-05
LOSS: 7.455989543814212e-05
LOSS: 6.552344711963087e-05
LOSS: 5.6495180615456775e-05
LOSS: 4.756224370794371e-05
LOSS: 3.862813173327595e-05
LOSS: 2.964081068057567e-05
LOSS: 2.1437306713778526e-05
LOSS: 1.307672937400639e-05
LOSS: 0.00010386716166976839
LOSS: 9.206909453496337e-05
LOSS: 7.827832450857386e-05
LOSS: 6.372323696268722e-05
LOSS: 4.746284685097635e-05
LOSS: 3.052980173379183e-05
LOSS: 1.2448232155293226e-05
LOSS: -5.796951882075518e-06
LOSS: -2.5086701498366892e-05
LOSS: -4.523897951003164e-05
LOSS: 9.287217835662887e-05
LOSS: 9.382541611557826e-05
LOSS: 9.442616283195093e-05
LOSS: 9.480022708885372e-05
LOSS: 9.48298184084706e-05
LOSS: 9.476813283981755e-05
LOSS: 9.435954416403547e-05
LOSS: 9.379615949001163e-05
LOSS: 9.297945507569239e-05
LOSS: 9.202875662595034e-05
LOSS: 9.320971730630845e-05
LOSS: 9.062577737495303e-05
LOSS: 8.804054232314229e-05
LOSS: 8.481105032842606e-05
LOSS: 8.140155114233494e-05
LOSS: 7.692218787269667e-05
LOSS: 7.215491496026516e-05
LOSS: 6.67440690449439e-05
LOSS: 6.0248647059779614e-05
LOSS: 5.2363680879352614e-05
LOSS: 9.384642180521041e-05
LOSS: 8.013262413442135e-05
LOSS: 6.188756378833205e-05
LOSS: 3.6114426620770246e-05
LOSS: 2.8994691092520952e-08
LOSS: -5.756225436925888e-05
LOSS: -0.00015748795703984797
LOSS: -0.0003491584211587906
LOSS: -0.0008180906879715621
LOSS: -0.002432590816169977
LOSS: 0.008336189202964306
LOSS: 0.014884840697050095
LOSS: 0.012672217562794685
LOSS: 0.0036057294346392155
LOSS: -0.0037810197100043297
LOSS: -0.0028577412012964487
LOSS: -0.0031502030324190855
LOSS: -0.003314398694783449
LOSS: -0.0033600102178752422
LOSS: -0.004248564597219229
LOSS: 0.004994294606149197
LOSS: 0.006109950132668018
LOSS: -0.0014225421473383904
LOSS: -0.0007190629839897156
LOSS: -0.000994812697172165
LOSS: -0.0005852445028722286
LOSS: -0.0005794367752969265
LOSS: -0.0017340504564344883
LOSS: -0.002445375546813011
LOSS: -0.0011039669625461102
LOSS: 0.006106264423578978
LOSS: 2.0899344235658646e-05
LOSS: -0.0012112651020288467
LOSS: -0.0007602013647556305
LOSS: -0.0010093599557876587
LOSS: -0.0017281677573919296
LOSS: -0.0015888619236648083
LOSS: -0.0008146469481289387
LOSS: -0.0023925299756228924
LOSS: -0.0023443843238055706
LOSS: 0.0063997115939855576
LOSS: 0.002619365230202675
LOSS: -0.00012728525325655937
LOSS: -0.0017894837073981762
LOSS: -0.0010001356713473797
LOSS: -0.0014269305393099785
LOSS: -0.002212879713624716
LOSS: -0.0014616632834076881
LOSS: -0.0016368231736123562
LOSS: -0.002196027897298336
LOSS: 0.0016103496309369802
LOSS: 0.0006771714542992413
LOSS: 0.0028322520665824413
LOSS: 0.001283893478102982
LOSS: 0.0005722264177165926
LOSS: 0.00209359941072762
LOSS: 0.0010710994247347116
LOSS: 0.00041137513471767306
LOSS: 0.0015096185961738229
LOSS: 0.0009016506955958903
LOSS: 0.0006156656891107559
LOSS: 0.0011568544432520866
LOSS: 0.0004140858945902437
LOSS: 0.0003734068595804274
LOSS: 0.0008222947362810373
LOSS: 0.00035142884007655084
LOSS: 0.00018063010065816343
LOSS: 0.0005459831445477903
LOSS: 0.00030491501092910767
LOSS: 8.7813037680462e-05
LOSS: 0.00023215390683617443
LOSS: 0.00034316591336391866
LOSS: 0.0002337520127184689
LOSS: 7.359513983828947e-05
LOSS: 0.00010406530054751784
LOSS: 4.11589426221326e-05
LOSS: -0.00011805439135059714
LOSS: -0.0001390209363307804
LOSS: -0.00017224124167114496
LOSS: -0.0003074504784308374
LOSS: 0.0001139238738687709
LOSS: 0.00017029965238180012
LOSS: 0.0001921690272865817
LOSS: 0.00013228949683252722
LOSS: 0.00014482605911325663
LOSS: 0.0001694386446615681
LOSS: 0.00012315886851865798
LOSS: 0.0001090251753339544
LOSS: 0.00013028387911617756
LOSS: 0.0001019061601255089
LOSS: 0.00010678307444322854
LOSS: 0.00012753506598528475
LOSS: 0.00012139168393332511
LOSS: 9.494455298408866e-05
LOSS: 0.00010115427721757442
LOSS: 9.833632793743163e-05
LOSS: 7.403202471323311e-05
LOSS: 6.887556082801893e-05
LOSS: 6.790530460420996e-05
LOSS: 4.808073572348803e-05
LOSS: 0.00010197500523645431
LOSS: 0.00010674326040316373
LOSS: 9.97968454612419e-05
LOSS: 9.082906763069332e-05
LOSS: 9.247776324627921e-05
LOSS: 8.90369265107438e-05
LOSS: 8.069205796346068e-05
LOSS: 8.04204391897656e-05
LOSS: 7.965214899741113e-05
LOSS: 7.276148244272918e-05
LOSS: 9.965850767912343e-05
LOSS: 0.00010171211033593863
LOSS: 0.00010090984142152593
LOSS: 9.591635171091184e-05
LOSS: 9.592103015165776e-05
LOSS: 9.586014493834227e-05
LOSS: 9.1871916083619e-05
LOSS: 9.087531361728907e-05
LOSS: 9.099030285142362e-05
LOSS: 8.818676724331453e-05
LOSS: 9.560905891703442e-05
LOSS: 8.947005699155852e-05
LOSS: 8.047264418564737e-05
LOSS: 6.643014785367996e-05
LOSS: 5.2940096793463454e-05
LOSS: 3.8018748455215245e-05
LOSS: 2.011323522310704e-05
LOSS: 1.3134704204276204e-06
LOSS: -1.69253398780711e-05
LOSS: -3.7411249650176615e-05
LOSS: 0.00011608282511588186
LOSS: 1.1030220775865018e-05
LOSS: -0.00017819952336139977
LOSS: -0.00018416481907479465
LOSS: -0.00018271803855895996
LOSS: -0.00018207116227131337
LOSS: -0.00018187248497270048
LOSS: -0.00018296467897016555
LOSS: -0.00018445980094838887
LOSS: -0.00018583456403575838
LOSS: 9.759249223861843e-05
LOSS: 9.648156265029684e-05
LOSS: 9.483949543209746e-05
LOSS: 9.18104124139063e-05
LOSS: 8.75083715072833e-05
LOSS: 8.247033110819757e-05
LOSS: 7.645717414561659e-05
LOSS: 6.961043982300907e-05
LOSS: 6.215475150384009e-05
LOSS: 5.386706470744684e-05
LOSS: 9.570300608174875e-05
LOSS: 9.355814836453646e-05
LOSS: 9.150306141236797e-05
LOSS: 8.956640522228554e-05
LOSS: 8.773854642640799e-05
LOSS: 8.593360689701512e-05
LOSS: 8.403760148212314e-05
LOSS: 8.222366886911914e-05
LOSS: 8.030424214666709e-05
LOSS: 7.819832535460591e-05
LOSS: 9.582634083926678e-05
LOSS: 9.476421837462112e-05
LOSS: 9.36119249672629e-05
LOSS: 9.225971734849736e-05
LOSS: 9.094723645830527e-05
LOSS: 8.955132943810895e-05
LOSS: 8.793906454229727e-05
LOSS: 8.641368185635656e-05
LOSS: 8.470199827570468e-05
LOSS: 8.294517465401441e-05
LOSS: 9.59543976932764e-05
LOSS: 9.409490303369239e-05
LOSS: 9.177589527098462e-05
LOSS: 8.925632573664188e-05
LOSS: 8.655570854898542e-05
LOSS: 8.363405504496768e-05
LOSS: 8.02553040557541e-05
LOSS: 7.68517202232033e-05
LOSS: 7.327352068386972e-05
LOSS: 6.968352681724355e-05
Directory already exists: tests/PPOL/models/mini-grid/585r2kjl
LOSS: 0.00010946350084850565
LOSS: 0.00010665338049875572
LOSS: 0.00010253053187625483
LOSS: 9.731361933518201e-05
LOSS: 9.114999556913972e-05
LOSS: 8.408547000726685e-05
LOSS: 7.634614303242415e-05
LOSS: 6.799877155572176e-05
LOSS: 5.9107813285663724e-05
LOSS: 4.9808462790679187e-05
LOSS: 0.00011017379438271746
LOSS: 9.567197412252426e-05
LOSS: 8.000114758033305e-05
LOSS: 6.325254071271047e-05
LOSS: 4.557733336696401e-05
LOSS: 2.7263777155894786e-05
LOSS: 8.379502105526626e-06
LOSS: -1.0945143003482372e-05
LOSS: -3.066030330955982e-05
LOSS: -5.0653121434152126e-05
LOSS: 9.569167013978586e-05
LOSS: 8.932146010920405e-05
LOSS: 8.245416393037885e-05
LOSS: 7.496054604416713e-05
LOSS: 6.696830678265542e-05
LOSS: 5.8601923228707165e-05
LOSS: 4.961639569955878e-05
LOSS: 4.0454091504216194e-05
LOSS: 3.1175906769931316e-05
LOSS: 2.1587940864264965e-05
LOSS: 0.00030470805359072983
LOSS: 0.00026682610041461885
LOSS: 0.00019012534175999463
LOSS: 7.923385419417173e-05
LOSS: -6.391704664565623e-05
LOSS: -0.00022341369185596704
LOSS: -0.0003974339342676103
LOSS: -0.0005825648549944162
LOSS: -0.0007684039883315563
LOSS: -0.0009562942432239652
LOSS: 0.00011363087105564773
LOSS: 0.0001123112378991209
LOSS: 0.00011068022286053747
LOSS: 0.00010257148096570745
LOSS: 9.246823174180463e-05
LOSS: 8.282727503683418e-05
LOSS: 6.881952140247449e-05
LOSS: 5.235560820437968e-05
LOSS: 3.6551806260831654e-05
LOSS: 1.761830208124593e-05
LOSS: 0.00021909637143835425
LOSS: 0.00013159160153008997
LOSS: 2.3587868781760335e-05
LOSS: -0.00010167603613808751
LOSS: -0.0002381599333602935
LOSS: -0.00038440400385297835
LOSS: -0.0005387449054978788
LOSS: -0.0006963172927498817
LOSS: -0.0008562022121623158
LOSS: -0.0010173539631068707
LOSS: 0.00010036193270934746
LOSS: 0.0001000030169961974
LOSS: 9.861457510851324e-05
LOSS: 9.497100836597383e-05
LOSS: 9.209528798237443e-05
LOSS: 8.853935287334025e-05
LOSS: 8.320147026097402e-05
LOSS: 7.844487845432013e-05
LOSS: 7.338014256674796e-05
LOSS: 6.723364640492946e-05
LOSS: 9.784713620319963e-05
LOSS: 9.777909144759178e-05
LOSS: 9.711290476843715e-05
LOSS: 9.687532292446122e-05
LOSS: 9.691559534985572e-05
LOSS: 9.66304651228711e-05
LOSS: 9.648675040807575e-05
LOSS: 9.652013977756724e-05
LOSS: 9.63394995778799e-05
LOSS: 9.613217844162136e-05
LOSS: 9.724744450068101e-05
LOSS: 9.73699934547767e-05
LOSS: 9.735623461892828e-05
LOSS: 9.738976950757205e-05
LOSS: 9.750833851285279e-05
LOSS: 9.747653530212119e-05
LOSS: 9.750136086950079e-05
LOSS: 9.75554357864894e-05
LOSS: 9.741070243762806e-05
LOSS: 9.7398973593954e-05
LOSS: 9.767564188223332e-05
LOSS: 9.760334069142118e-05
LOSS: 9.760613465914503e-05
LOSS: 9.760728426044807e-05
LOSS: 9.754998609423637e-05
LOSS: 9.753709309734404e-05
LOSS: 9.748030424816534e-05
LOSS: 9.745787247084081e-05
LOSS: 9.751132893143222e-05
LOSS: 9.750256867846474e-05
LOSS: 9.688462887424976e-05
LOSS: 9.645117825130001e-05
LOSS: 9.573564602760598e-05
LOSS: 9.466092160437256e-05
LOSS: 9.337064693681896e-05
LOSS: 9.183285146718845e-05
LOSS: 9.008435881696641e-05
LOSS: 8.813133899820969e-05
LOSS: 8.606308256275952e-05
LOSS: 8.381074439967051e-05
LOSS: 9.60917241172865e-05
LOSS: 9.553409472573549e-05
LOSS: 9.479415894020349e-05
LOSS: 9.409143967786804e-05
LOSS: 9.310698806075379e-05
LOSS: 9.207717812387273e-05
LOSS: 9.082547330763191e-05
LOSS: 8.971543138613924e-05
LOSS: 8.849178993841633e-05
LOSS: 8.702275954419747e-05
LOSS: 9.651805885368958e-05
LOSS: 9.50140311033465e-05
LOSS: 9.346129809273407e-05
LOSS: 9.176904859486967e-05
LOSS: 9.02527681319043e-05
LOSS: 8.855532360030338e-05
LOSS: 8.714196883374825e-05
LOSS: 8.553391671739519e-05
LOSS: 8.371009607799351e-05
LOSS: 8.224275370594114e-05
LOSS: 9.706788114272058e-05
LOSS: 9.46805885178037e-05
LOSS: 9.204287925967947e-05
LOSS: 8.944946603151038e-05
LOSS: 8.635265112388879e-05
LOSS: 8.312567661050707e-05
LOSS: 7.988177821971476e-05
LOSS: 7.66919256420806e-05
LOSS: 7.324897160287946e-05
LOSS: 6.984466017456725e-05
LOSS: 9.730060264701024e-05
LOSS: 9.621839126339182e-05
LOSS: 9.474752005189657e-05
LOSS: 9.294100163970143e-05
LOSS: 9.089159721042961e-05
LOSS: 8.858764340402558e-05
LOSS: 8.606472692918032e-05
LOSS: 8.332901779795066e-05
LOSS: 8.04513183538802e-05
LOSS: 7.74360669311136e-05
LOSS: 9.73750720731914e-05
LOSS: 9.630072599975392e-05
LOSS: 9.523578773951158e-05
LOSS: 9.397949179401621e-05
LOSS: 9.262872481485829e-05
LOSS: 9.115597640629858e-05
LOSS: 8.972912473836914e-05
LOSS: 8.820533548714593e-05
LOSS: 8.663050539325923e-05
LOSS: 8.497433009324595e-05
LOSS: 9.690249862615019e-05
LOSS: 9.682481322670355e-05
LOSS: 9.681054507382214e-05
LOSS: 9.678960486780852e-05
LOSS: 9.678667993284762e-05
LOSS: 9.67490195762366e-05
LOSS: 9.671560110291466e-05
LOSS: 9.667722770245746e-05
LOSS: 9.664269600762054e-05
LOSS: 9.65976360021159e-05
LOSS: 0.0008919468382373452
LOSS: 0.0008446853025816381
LOSS: 0.0007689570775255561
LOSS: 0.0006588106625713408
LOSS: 0.0005212523392401636
LOSS: 0.0003708550939336419
LOSS: 0.00020483293337747455
LOSS: 3.090983955189586e-05
LOSS: -0.00014587363693863153
LOSS: -0.0003299039672128856
LOSS: 0.00010304877650924027
LOSS: 0.00010467330866958946
LOSS: 0.00010544520773692057
LOSS: 0.00010121527884621173
LOSS: 0.00010359726002207026
LOSS: 0.00010156504140468314
LOSS: 9.945695637725294e-05
LOSS: 0.00010109937284141779
LOSS: 9.858301928034052e-05
LOSS: 9.80781260295771e-05
LOSS: 0.00010990899318130687
LOSS: 0.00010198082600254565
LOSS: 9.580702317180112e-05
LOSS: 8.825934492051601e-05
LOSS: 7.867731619626284e-05
LOSS: 7.051831926219165e-05
LOSS: 6.0515394579852e-05
LOSS: 5.010153108742088e-05
LOSS: 4.049719427712262e-05
LOSS: 2.9675567930098623e-05
LOSS: 0.0001009001862257719
LOSS: 9.817632962949574e-05
LOSS: 9.260258229915053e-05
LOSS: 8.507644815836102e-05
LOSS: 7.43552009225823e-05
LOSS: 6.287563883233815e-05
LOSS: 4.981782694812864e-05
LOSS: 3.62700448022224e-05
LOSS: 2.2011743567418307e-05
LOSS: 7.686270691920072e-06
LOSS: 9.748722368385643e-05
LOSS: 9.51602851273492e-05
LOSS: 9.280982339987531e-05
LOSS: 9.073847468243912e-05
LOSS: 8.873283513821661e-05
LOSS: 8.672537660459056e-05
LOSS: 8.487485320074484e-05
LOSS: 8.303584763780236e-05
LOSS: 8.128511399263516e-05
LOSS: 7.961316441651434e-05
LOSS: 9.700885129859671e-05
LOSS: 9.73608621279709e-05
LOSS: 9.762270201463252e-05
LOSS: 9.787225280888379e-05
LOSS: 9.809101902646944e-05
LOSS: 9.827350004343316e-05
LOSS: 9.844792657531798e-05
LOSS: 9.852372750174254e-05
LOSS: 9.860644786385819e-05
LOSS: 9.86961749731563e-05
LOSS: 9.838641562964767e-05
LOSS: 9.803642024053261e-05
LOSS: 9.753898484632373e-05
LOSS: 9.673349995864555e-05
LOSS: 9.571766713634133e-05
LOSS: 9.448761556996033e-05
LOSS: 9.313560440205038e-05
LOSS: 9.155568113783374e-05
LOSS: 8.985336899058893e-05
LOSS: 8.793742745183408e-05
LOSS: 9.705561387818307e-05
LOSS: 9.657652844907716e-05
LOSS: 9.562434570398182e-05
LOSS: 9.416361717740074e-05
LOSS: 9.215425961883739e-05
LOSS: 8.979553240351379e-05
LOSS: 8.708923996891826e-05
LOSS: 8.408221765421331e-05
LOSS: 8.088763570412993e-05
LOSS: 7.748549251118675e-05
LOSS: 9.702055831439793e-05
LOSS: 9.698985377326608e-05
LOSS: 9.697869245428592e-05
LOSS: 9.69494431046769e-05
LOSS: 9.691049490356818e-05
LOSS: 9.689875150797889e-05
LOSS: 9.692169987829402e-05
LOSS: 9.688659338280559e-05
LOSS: 9.688186401035637e-05
LOSS: 9.684209362603724e-05
LOSS: 9.689041326055303e-05
LOSS: 9.648417471908033e-05
LOSS: 9.584120562067255e-05
LOSS: 9.504239278612658e-05
LOSS: 9.408568439539522e-05
LOSS: 9.301256795879453e-05
LOSS: 9.1781941591762e-05
LOSS: 9.04675034689717e-05
LOSS: 8.903392154024914e-05
LOSS: 8.75493060448207e-05
LOSS: 9.675178444013e-05
LOSS: 9.619601769372821e-05
LOSS: 9.550047980155796e-05
LOSS: 9.466561459703371e-05
LOSS: 9.368869359605014e-05
LOSS: 9.261783998226747e-05
LOSS: 9.141810733126476e-05
LOSS: 9.01044622878544e-05
LOSS: 8.871341560734436e-05
LOSS: 8.728529792279005e-05
LOSS: 9.840416896622628e-05
LOSS: 9.757956286193803e-05
LOSS: 9.624350786907598e-05
LOSS: 9.445501200389117e-05
LOSS: 9.225832764059305e-05
LOSS: 8.980581333162263e-05
LOSS: 8.699436875758693e-05
LOSS: 8.391622395720333e-05
LOSS: 8.056926162680611e-05
LOSS: 7.692829240113497e-05
LOSS: 9.703468822408468e-05
LOSS: 9.69466200331226e-05
LOSS: 9.69056854955852e-05
LOSS: 9.684440010460094e-05
LOSS: 9.682502422947437e-05
LOSS: 9.678466449258849e-05
LOSS: 9.672347368905321e-05
LOSS: 9.669818973634392e-05
LOSS: 9.665276593295857e-05
LOSS: 9.65983999776654e-05
LOSS: 9.667660924606025e-05
LOSS: 9.629576379666105e-05
LOSS: 9.58094751695171e-05
LOSS: 9.524193592369556e-05
LOSS: 9.453698294237256e-05
LOSS: 9.379830589750782e-05
LOSS: 9.30112146306783e-05
LOSS: 9.211545693688095e-05
LOSS: 9.125826181843877e-05
LOSS: 9.0268105850555e-05
LOSS: 0.0001093589307856746
LOSS: 0.00010655803635017946
LOSS: 0.00010232962085865438
LOSS: 9.688359568826854e-05
LOSS: 9.032645175466314e-05
LOSS: 8.280795009341091e-05
LOSS: 7.453851139871404e-05
LOSS: 6.551529804710299e-05
LOSS: 5.594884351012297e-05
LOSS: 4.58495705970563e-05
LOSS: 9.732148464536294e-05
LOSS: 9.578121535014361e-05
LOSS: 9.40433528739959e-05
LOSS: 9.206817048834637e-05
LOSS: 9.001095895655453e-05
LOSS: 8.77992861205712e-05
LOSS: 8.539282134734094e-05
LOSS: 8.299337059725076e-05
LOSS: 8.036806684685871e-05
LOSS: 7.763967732898891e-05
LOSS: 9.763714479049668e-05
LOSS: 8.693095878697932e-05
LOSS: 6.809287879150361e-05
LOSS: 4.135406925342977e-05
LOSS: 2.8906026273034513e-05
LOSS: 2.930072514573112e-05
LOSS: 2.9556395020335913e-05
LOSS: 2.9667971830349416e-05
LOSS: 2.972069341922179e-05
LOSS: 2.972121728817001e-05
LOSS: 9.704902186058462e-05
LOSS: 9.73416754277423e-05
LOSS: 9.764858987182379e-05
LOSS: 9.786981536308303e-05
LOSS: 9.802469139685854e-05
LOSS: 9.812592907110229e-05
LOSS: 9.813625365495682e-05
LOSS: 9.81200864771381e-05
LOSS: 9.805931767914444e-05
LOSS: 9.806783782551065e-05
LOSS: 9.70125911408104e-05
LOSS: 9.68950116657652e-05
LOSS: 9.674618195276707e-05
LOSS: 9.646299440646544e-05
LOSS: 9.606173989595845e-05
LOSS: 9.554796270094812e-05
LOSS: 9.488161595072597e-05
LOSS: 9.420065907761455e-05
LOSS: 9.349542233394459e-05
LOSS: 9.272762690670788e-05
LOSS: 9.774008503882214e-05
LOSS: 9.599549957783893e-05
LOSS: 9.419213893124834e-05
LOSS: 9.206734830513597e-05
LOSS: 8.968898328021169e-05
LOSS: 8.722279744688421e-05
LOSS: 8.457852527499199e-05
LOSS: 8.175961556844413e-05
LOSS: 7.896247552707791e-05
LOSS: 7.605516293551773e-05
LOSS: 9.677038178779185e-05
LOSS: 9.690965089248493e-05
LOSS: 9.703042451292276e-05
LOSS: 9.71471963566728e-05
LOSS: 9.721115202410147e-05
LOSS: 9.730062447488308e-05
LOSS: 9.737964865053073e-05
LOSS: 9.743355622049421e-05
LOSS: 9.745218267198652e-05
LOSS: 9.747798321768641e-05
LOSS: 9.638998017180711e-05
LOSS: 9.63902857620269e-05
LOSS: 9.636988397687674e-05
LOSS: 9.637053881306201e-05
LOSS: 9.634915477363393e-05
LOSS: 9.634219895815477e-05
LOSS: 9.635225433157757e-05
LOSS: 9.632320143282413e-05
LOSS: 9.634286107029766e-05
LOSS: 9.634480375098065e-05
LOSS: 9.720005618873984e-05
LOSS: 9.66722218436189e-05
LOSS: 9.57307856879197e-05
LOSS: 9.42470578593202e-05
LOSS: 9.24883788684383e-05
LOSS: 9.037295239977539e-05
LOSS: 8.79522121977061e-05
LOSS: 8.528312901034951e-05
LOSS: 8.242324111051857e-05
LOSS: 7.936241308925673e-05
LOSS: 9.670187864685431e-05
LOSS: 9.78700554696843e-05
LOSS: 9.878868877422065e-05
LOSS: 9.952584514394403e-05
LOSS: 0.00010011076665250584
LOSS: 0.00010050822311313823
LOSS: 0.00010080131323775277
LOSS: 0.00010104490502271801
LOSS: 0.00010113091411767527
LOSS: 0.00010112971358466893
LOSS: 0.0007214770303107798
LOSS: 0.0003279511583968997
LOSS: 0.00028237164951860905
LOSS: 0.00023451651213690639
LOSS: 0.00017576169921085238
LOSS: 9.84672806225717e-05
LOSS: -1.650257036089897e-05
LOSS: -0.0001783260377123952
LOSS: -0.00038028188282623887
LOSS: -0.0006131194531917572
LOSS: 0.00011473074118839577
LOSS: 0.00012441896251402795
LOSS: 0.00013213390775490552
LOSS: 0.00012904233881272376
LOSS: 0.00013259852130431682
LOSS: 0.00013364925689529628
LOSS: 0.00013355747796595097
LOSS: 0.000137482798891142
LOSS: 0.0001354701817035675
LOSS: 0.00013499011402018368
LOSS: 0.00010146610293304548
LOSS: 9.928284271154553e-05
LOSS: 9.92595378193073e-05
LOSS: 9.906310879159719e-05
LOSS: 9.955528366845101e-05
LOSS: 0.00010070813732454553
LOSS: 0.00010081340587930754
LOSS: 0.00010095200559590012
LOSS: 0.00010072100849356502
LOSS: 9.980684262700379e-05
LOSS: 9.942620090441778e-05
LOSS: 9.852023504208773e-05
LOSS: 9.885474719339982e-05
LOSS: 9.895893163047731e-05
LOSS: 9.8407719633542e-05
LOSS: 9.85111910267733e-05
LOSS: 9.80045588221401e-05
LOSS: 9.734791092341766e-05
LOSS: 9.726325515657663e-05
LOSS: 9.67311643762514e-05
LOSS: 9.895874973153695e-05
LOSS: 9.704355761641636e-05
LOSS: 9.427467011846602e-05
LOSS: 9.065269841812551e-05
LOSS: 8.568496559746563e-05
LOSS: 8.050746691878885e-05
LOSS: 7.459658081643283e-05
LOSS: 6.81297606206499e-05
LOSS: 6.171391578391194e-05
LOSS: 5.4263498896034434e-05
LOSS: 0.0003041110758204013
LOSS: -0.000691257999278605
LOSS: -0.0006820131093263626
LOSS: -0.0006819169502705336
LOSS: -0.000675828370731324
LOSS: -0.0006729583838023245
LOSS: -0.0006731260218657553
LOSS: -0.0006683016545139253
LOSS: -0.0006687238346785307
LOSS: -0.000666101579554379
LOSS: 0.00010158366058021784
LOSS: 0.00010375017882324755
LOSS: 0.00010571802704362199
LOSS: 0.00010605928400764242
LOSS: 0.00010706469765864313
LOSS: 0.00010752379603218287
LOSS: 0.00010779289732454345
LOSS: 0.00010882612696150318
LOSS: 0.00010907018440775573
LOSS: 0.00010966343688778579
LOSS: 0.00010220998956356198
LOSS: 0.00010147544526262209
LOSS: 0.00010154706978937611
LOSS: 0.00010060959175461903
LOSS: 0.00010032975842477754
LOSS: 0.00010016926535172388
LOSS: 9.973899432225153e-05
LOSS: 9.97749375528656e-05
LOSS: 9.960497118299827e-05
LOSS: 9.942193719325587e-05
LOSS: 9.924026380758733e-05
LOSS: 9.898090502247214e-05
LOSS: 9.888185013551265e-05
LOSS: 9.876964759314433e-05
LOSS: 9.866066102404147e-05
LOSS: 9.866641630651429e-05
LOSS: 9.855414100456983e-05
LOSS: 9.850371861830354e-05
LOSS: 9.83930440270342e-05
LOSS: 9.824034350458533e-05
LOSS: 9.821830462897196e-05
LOSS: 9.805967420106754e-05
LOSS: 9.813037468120456e-05
LOSS: 9.809908806346357e-05
LOSS: 9.805487934499979e-05
LOSS: 9.806197340367362e-05
LOSS: 9.796071390155703e-05
LOSS: 9.7961827123072e-05
LOSS: 9.78998068603687e-05
LOSS: 9.780702384887263e-05
LOSS: 9.718645014800131e-05
LOSS: 9.695345943327993e-05
LOSS: 9.667634003562853e-05
LOSS: 9.621906792744994e-05
LOSS: 9.573998977430165e-05
LOSS: 9.518535807728767e-05
LOSS: 9.450541983824223e-05
LOSS: 9.377954120282084e-05
LOSS: 9.299476369051263e-05
LOSS: 9.214931924361736e-05
LOSS: 9.747445437824354e-05
LOSS: 9.750881872605532e-05
LOSS: 9.747678268468007e-05
LOSS: 9.747240983415395e-05
LOSS: 9.74481226876378e-05
LOSS: 9.744184353621677e-05
LOSS: 9.742609108798206e-05
LOSS: 9.74086724454537e-05
LOSS: 9.738566586747766e-05
LOSS: 9.73752758000046e-05
LOSS: 9.739567758515477e-05
LOSS: 9.693506581243128e-05
LOSS: 9.534929995425045e-05
LOSS: 9.273018804378808e-05
LOSS: 8.921136031858623e-05
LOSS: 8.482850535074249e-05
LOSS: 7.953208842081949e-05
LOSS: 7.371632818831131e-05
LOSS: 6.708705041091889e-05
LOSS: 5.991568832541816e-05
LOSS: 9.653274901211262e-05
LOSS: 9.51605397858657e-05
LOSS: 9.355115616926923e-05
LOSS: 9.159251931123435e-05
LOSS: 8.957688260124996e-05
LOSS: 8.750217239139602e-05
LOSS: 8.544659067410976e-05
LOSS: 8.318349136970937e-05
LOSS: 8.079639519564807e-05
LOSS: 7.844516221666709e-05
LOSS: 9.642350778449327e-05
LOSS: 9.21894097700715e-05
LOSS: 8.778444316703826e-05
LOSS: 8.285671356134117e-05
LOSS: 7.803488551871851e-05
LOSS: 7.27501101209782e-05
LOSS: 6.750501052010804e-05
LOSS: 6.200480129336938e-05
LOSS: 5.685464930138551e-05
LOSS: 5.1419698138488457e-05
LOSS: 9.67041269177571e-05
LOSS: 9.693586616776884e-05
LOSS: 9.713938197819516e-05
LOSS: 9.728333679959178e-05
LOSS: 9.741070243762806e-05
LOSS: 9.756709914654493e-05
LOSS: 9.762635454535484e-05
LOSS: 9.772986959433183e-05
LOSS: 9.782554116100073e-05
LOSS: 9.78804673650302e-05
LOSS: 9.69927350524813e-05
LOSS: 9.636250615585595e-05
LOSS: 9.569376561557874e-05
LOSS: 9.485099872108549e-05
LOSS: 9.382855205330998e-05
LOSS: 9.2775393568445e-05
LOSS: 9.163918730337173e-05
LOSS: 9.041316661750898e-05
LOSS: 8.910039468901232e-05
LOSS: 8.776110917096958e-05
LOSS: 9.639014024287462e-05
LOSS: 9.636328468332067e-05
LOSS: 9.632541332393885e-05
LOSS: 9.630274871597067e-05
LOSS: 9.629520354792476e-05
LOSS: 9.626674727769569e-05
LOSS: 9.624230733606964e-05
LOSS: 9.621299977879971e-05
LOSS: 9.619099000701681e-05
LOSS: 9.616581519367173e-05
LOSS: 9.638832125347108e-05
LOSS: 9.535117715131491e-05
LOSS: 9.375533409183845e-05
LOSS: 9.193638106808066e-05
LOSS: 8.953410724643618e-05
LOSS: 8.703001367393881e-05
LOSS: 8.422190876444802e-05
LOSS: 8.089109905995429e-05
LOSS: 7.761531742289662e-05
LOSS: 7.409520185319707e-05
LOSS: 9.748174488777295e-05
LOSS: 9.63518104981631e-05
LOSS: 9.517832950223237e-05
LOSS: 9.39415767788887e-05
LOSS: 9.265230619348586e-05
LOSS: 9.134325955528766e-05
LOSS: 8.996630640467629e-05
LOSS: 8.858117507770658e-05
LOSS: 8.714348950888962e-05
LOSS: 8.572300430387259e-05
LOSS: 9.649500861996785e-05
LOSS: 9.539430175209418e-05
LOSS: 9.417315595783293e-05
LOSS: 9.301549289375544e-05
LOSS: 9.173146827379242e-05
LOSS: 9.049574873642996e-05
LOSS: 8.911139593692496e-05
LOSS: 8.771994907874614e-05
LOSS: 8.639577572466806e-05
LOSS: 8.503849676344544e-05
LOSS: 9.632138244342059e-05
LOSS: 9.633379522711039e-05
LOSS: 9.635140304453671e-05
LOSS: 9.633068839320913e-05
LOSS: 9.635482274461538e-05
LOSS: 9.634476009523496e-05
LOSS: 9.633294394006953e-05
LOSS: 9.635793685447425e-05
LOSS: 9.633264562580734e-05
LOSS: 9.633678564568982e-05
LOSS: 9.758864325704053e-05
LOSS: 9.702275565359741e-05
LOSS: 9.64091086643748e-05
LOSS: 9.564975334797055e-05
LOSS: 9.493449761066586e-05
LOSS: 9.398362453794107e-05
LOSS: 9.315996430814266e-05
LOSS: 9.216195030603558e-05
LOSS: 9.108913218369707e-05
LOSS: 9.016301191877574e-05
LOSS: 9.68246822594665e-05
LOSS: 9.655402391217649e-05
LOSS: 9.607591346139088e-05
LOSS: 9.54192437347956e-05
LOSS: 9.451305959373713e-05
LOSS: 9.345649596070871e-05
LOSS: 9.223441884387285e-05
LOSS: 9.090425010072067e-05
LOSS: 8.94383410923183e-05
LOSS: 8.78043647389859e-05
LOSS: 9.68327367445454e-05
LOSS: 8.640505257062614e-05
LOSS: 6.943372136447579e-05
LOSS: 4.605526919476688e-05
LOSS: 2.284461515955627e-05
LOSS: 2.081955608446151e-05
LOSS: 2.1136125724297017e-05
LOSS: 2.1243657101877034e-05
LOSS: 2.13782477658242e-05
LOSS: 2.1468033082783222e-05
LOSS: 9.776536899153143e-05
LOSS: 8.082418935373425e-05
LOSS: 6.240574293769896e-05
LOSS: 4.4219414121471345e-05
LOSS: 2.7561363822314888e-05
LOSS: 2.4343302357010543e-05
LOSS: 2.506951568648219e-05
LOSS: 2.5813118554651737e-05
LOSS: 2.6298061129637063e-05
LOSS: 2.687521919142455e-05
LOSS: 9.76171504589729e-05
LOSS: 9.776654769666493e-05
LOSS: 9.787136514205486e-05
LOSS: 9.798875544220209e-05
LOSS: 9.804699948290363e-05
LOSS: 9.811974450713024e-05
LOSS: 9.808512550080195e-05
LOSS: 9.808463073568419e-05
LOSS: 9.80376498773694e-05
LOSS: 9.804558067116886e-05
LOSS: 9.67062878771685e-05
LOSS: 9.649918501963839e-05
LOSS: 9.604364458937198e-05
LOSS: 9.538567974232137e-05
LOSS: 9.453757957089692e-05
LOSS: 9.351023618364707e-05
LOSS: 9.237924678018317e-05
LOSS: 9.111240797210485e-05
LOSS: 8.975160017143935e-05
LOSS: 8.82978638401255e-05
LOSS: 9.700544615043327e-05
LOSS: 9.698797657620162e-05
LOSS: 9.697320638224483e-05
LOSS: 9.695820335764438e-05
LOSS: 9.694824984762818e-05
LOSS: 9.691833838587627e-05
LOSS: 9.688184218248352e-05
LOSS: 9.68516687862575e-05
LOSS: 9.681040683062747e-05
LOSS: 9.68000604189001e-05
LOSS: 9.703927935333923e-05
LOSS: 9.700814553070813e-05
LOSS: 9.701988892629743e-05
LOSS: 9.69807369983755e-05
LOSS: 9.69618049566634e-05
LOSS: 9.693982428871095e-05
LOSS: 9.690412116469815e-05
LOSS: 9.68939857557416e-05
LOSS: 9.686782868811861e-05
LOSS: 9.683774260338396e-05
LOSS: 9.612785652279854e-05
LOSS: 9.579236211720854e-05
LOSS: 9.522723848931491e-05
LOSS: 9.437234984943643e-05
LOSS: 9.328141459263861e-05
LOSS: 9.198898624163121e-05
LOSS: 9.0530447778292e-05
LOSS: 8.895098289940506e-05
LOSS: 8.724094368517399e-05
LOSS: 8.541996066924185e-05
LOSS: 9.641077485866845e-05
LOSS: 9.638563642511144e-05
LOSS: 9.634253365220502e-05
LOSS: 9.62894264375791e-05
LOSS: 9.626481914892793e-05
LOSS: 9.624523227103055e-05
LOSS: 9.624432277632877e-05
LOSS: 9.62338745011948e-05
LOSS: 9.621567005524412e-05
LOSS: 9.619054617360234e-05
LOSS: 9.591681009624153e-05
LOSS: 9.591964771971107e-05
LOSS: 9.590525587555021e-05
LOSS: 9.59085882641375e-05
LOSS: 9.590025729266927e-05
LOSS: 9.587143722455949e-05
LOSS: 9.587516979081556e-05
LOSS: 9.586053056409582e-05
LOSS: 9.586107626091689e-05
LOSS: 9.586373926140368e-05
LOSS: 0.00010678133548935875
LOSS: 0.0001036522735375911
LOSS: 9.809723269427195e-05
LOSS: 9.013392991619185e-05
LOSS: 8.039784734137356e-05
LOSS: 6.867421325296164e-05
LOSS: 5.5747528676874936e-05
LOSS: 4.1577324736863375e-05
LOSS: 2.6501278625801206e-05
LOSS: 1.068390702130273e-05
LOSS: 9.592762216925621e-05
LOSS: 9.647121623856947e-05
LOSS: 9.690538718132302e-05
LOSS: 9.725770360091701e-05
LOSS: 9.754796337801963e-05
LOSS: 9.775628859642893e-05
LOSS: 9.791157935978845e-05
LOSS: 9.808001050259918e-05
LOSS: 9.818802209338173e-05
LOSS: 9.830058843363076e-05
LOSS: 9.713339386507869e-05
LOSS: 9.713261533761397e-05
LOSS: 9.714705811347812e-05
LOSS: 9.715204214444384e-05
LOSS: 9.717346256366e-05
LOSS: 9.717489592730999e-05
LOSS: 9.71733097685501e-05
LOSS: 9.717170178191736e-05
LOSS: 9.71376575762406e-05
LOSS: 9.713828330859542e-05
LOSS: 9.590145054971799e-05
LOSS: 9.586418309481815e-05
LOSS: 9.586157102603465e-05
LOSS: 9.585446969140321e-05
LOSS: 9.582317579770461e-05
LOSS: 9.58183009061031e-05
LOSS: 9.580758342053741e-05
LOSS: 9.579600009601563e-05
LOSS: 9.578149183653295e-05
LOSS: 9.578600293025374e-05
LOSS: 9.599128679838032e-05
LOSS: 9.596385643817484e-05
LOSS: 9.596323798177764e-05
LOSS: 9.593704453436658e-05
LOSS: 9.593871072866023e-05
LOSS: 9.592396236257628e-05
LOSS: 9.590941772330552e-05
LOSS: 9.591665002517402e-05
LOSS: 9.589488763595e-05
LOSS: 9.588681859895587e-05
LOSS: 9.553036215947941e-05
LOSS: 9.552387200528756e-05
LOSS: 9.550946560921147e-05
LOSS: 9.549830429023132e-05
LOSS: 9.54986535361968e-05
LOSS: 9.548875823384151e-05
LOSS: 9.547575609758496e-05
LOSS: 9.547291119815782e-05
LOSS: 9.545900684315711e-05
LOSS: 9.544767817715183e-05
LOSS: 9.532353578833863e-05
LOSS: 9.5310591859743e-05
LOSS: 9.529913950245827e-05
LOSS: 9.528923692414537e-05
LOSS: 9.526761277811602e-05
LOSS: 9.526788198854774e-05
LOSS: 9.526270878268406e-05
LOSS: 9.524484630674124e-05
LOSS: 9.52464688452892e-05
LOSS: 9.523664630251005e-05
LOSS: 9.576686716172844e-05
LOSS: 9.571899863658473e-05
LOSS: 9.570893598720431e-05
LOSS: 9.57042575464584e-05
LOSS: 9.570187830831856e-05
LOSS: 9.56975927692838e-05
LOSS: 9.569027315592393e-05
LOSS: 9.568114182911813e-05
LOSS: 9.565989603288472e-05
LOSS: 9.566327935317531e-05
LOSS: 9.58086529863067e-05
LOSS: 9.533736010780558e-05
LOSS: 9.441652218811214e-05
LOSS: 9.310035966336727e-05
LOSS: 9.143871284322813e-05
LOSS: 8.949163748184219e-05
LOSS: 8.725253428565338e-05
LOSS: 8.479299140162766e-05
LOSS: 8.202570461435243e-05
LOSS: 7.91821803431958e-05
LOSS: 9.556052827974781e-05
LOSS: 9.450050129089504e-05
LOSS: 9.28865629248321e-05
LOSS: 9.079754090635106e-05
LOSS: 8.82817039382644e-05
LOSS: 8.540614362573251e-05
LOSS: 8.217370486818254e-05
LOSS: 7.865109364502132e-05
LOSS: 7.499806088162586e-05
LOSS: 7.108217687346041e-05
LOSS: 9.569805843057111e-05
LOSS: 9.57487864070572e-05
LOSS: 9.575419244356453e-05
LOSS: 9.575825242791325e-05
LOSS: 9.57385273068212e-05
LOSS: 9.574300202075392e-05
LOSS: 9.57254960667342e-05
LOSS: 9.574274736223742e-05
LOSS: 9.571717237122357e-05
LOSS: 9.573236457072198e-05
LOSS: 9.51045221881941e-05
LOSS: 9.457107807975262e-05
LOSS: 9.37475124374032e-05
LOSS: 9.273097384721041e-05
LOSS: 9.148574463324621e-05
LOSS: 9.006835171021521e-05
LOSS: 8.843369141686708e-05
LOSS: 8.671228715684265e-05
LOSS: 8.487674494972453e-05
LOSS: 8.29356795293279e-05
LOSS: 9.515153942629695e-05
LOSS: 9.439175482839346e-05
LOSS: 9.350703476229683e-05
LOSS: 9.247653360944241e-05
LOSS: 9.128039528150111e-05
LOSS: 8.998974954010919e-05
LOSS: 8.85642075445503e-05
LOSS: 8.701871411176398e-05
LOSS: 8.537502435501665e-05
LOSS: 8.373068703804165e-05
LOSS: 9.569945541443303e-05
LOSS: 9.567364759277552e-05
LOSS: 9.568621317157522e-05
LOSS: 9.56833828240633e-05
LOSS: 9.567197412252426e-05
LOSS: 9.56744552240707e-05
LOSS: 9.568654786562547e-05
LOSS: 9.568526002112776e-05
LOSS: 9.56856383709237e-05
LOSS: 9.568432142259553e-05
LOSS: 9.574695286573842e-05
LOSS: 9.57281663431786e-05
LOSS: 9.57388911047019e-05
LOSS: 9.570325346430764e-05
LOSS: 9.571960981702432e-05
LOSS: 9.568929817760363e-05
LOSS: 9.572030830895528e-05
LOSS: 9.568762470735237e-05
LOSS: 9.57125739660114e-05
LOSS: 9.565953951096162e-05
LOSS: 9.487324132351205e-05
LOSS: 9.486826456850395e-05
LOSS: 9.48767046793364e-05
LOSS: 9.485489863436669e-05
LOSS: 9.484519978286698e-05
LOSS: 9.483971371082589e-05
LOSS: 9.481697634328157e-05
LOSS: 9.481719462200999e-05
LOSS: 9.480276639806107e-05
LOSS: 9.479493019171059e-05
LOSS: 9.583675273461267e-05
LOSS: 9.583074279362336e-05
LOSS: 9.581529593560845e-05
LOSS: 9.579144534654915e-05
LOSS: 9.580345795257017e-05
LOSS: 9.577070886734873e-05
LOSS: 9.579660400049761e-05
LOSS: 9.576015872880816e-05
LOSS: 9.577604214427993e-05
LOSS: 9.573686838848516e-05
LOSS: 9.522694745101035e-05
LOSS: 9.4458409876097e-05
LOSS: 9.299832163378596e-05
LOSS: 9.100112220039591e-05
LOSS: 8.849053119774908e-05
LOSS: 8.561046706745401e-05
LOSS: 8.219268056564033e-05
LOSS: 7.848535460652784e-05
LOSS: 7.441754860337824e-05
LOSS: 7.014163566054776e-05
LOSS: 9.580760524841025e-05
LOSS: 9.341293480247259e-05
LOSS: 8.949461334850639e-05
LOSS: 8.414629701292142e-05
LOSS: 7.757907587802038e-05
LOSS: 7.011827256064862e-05
LOSS: 6.171879067551345e-05
LOSS: 5.27165066159796e-05
LOSS: 4.308795905672014e-05
LOSS: 3.288124571554363e-05
LOSS: 9.492529352428392e-05
LOSS: 9.496982238488272e-05
LOSS: 9.50188550632447e-05
LOSS: 9.500965825282037e-05
LOSS: 9.504886838840321e-05
LOSS: 9.4986280601006e-05
LOSS: 9.508965740678832e-05
LOSS: 9.50161847868003e-05
LOSS: 9.50828252825886e-05
LOSS: 9.503968612989411e-05
LOSS: 9.480606240686029e-05
LOSS: 9.47904190979898e-05
LOSS: 9.47647713473998e-05
LOSS: 9.479463187744841e-05
LOSS: 9.475926344748586e-05
LOSS: 9.478674473939463e-05
LOSS: 9.474869875703007e-05
LOSS: 9.47517401073128e-05
LOSS: 9.474812395637855e-05
LOSS: 9.47325534070842e-05
LOSS: 9.476357809035107e-05
LOSS: 9.446276089875028e-05
LOSS: 9.398748079547659e-05
LOSS: 9.33241899474524e-05
LOSS: 9.255421900888905e-05
LOSS: 9.172748832497746e-05
LOSS: 9.070499800145626e-05
LOSS: 8.963981235865504e-05
LOSS: 8.850294398143888e-05
LOSS: 8.729494584258646e-05
LOSS: 9.45966094150208e-05
LOSS: 9.46175932767801e-05
LOSS: 9.457118721911684e-05
LOSS: 9.453931852476671e-05
LOSS: 9.456359839532524e-05
LOSS: 9.45540377870202e-05
LOSS: 9.459006105316803e-05
LOSS: 9.454735118197277e-05
LOSS: 9.455669351154938e-05
LOSS: 9.451060759602115e-05
LOSS: 9.520242019789293e-05
LOSS: 9.402194700669497e-05
LOSS: 9.180166671285406e-05
LOSS: 8.858740329742432e-05
LOSS: 8.462757978122681e-05
LOSS: 7.991428719833493e-05
LOSS: 7.458083564415574e-05
LOSS: 6.86643979861401e-05
LOSS: 6.231769657460973e-05
LOSS: 5.559353667194955e-05
Directory already exists: tests/PPOL/models/mini-grid/585r2kjl
wandb: Waiting for W&B process to finish... (success).
wandb: 
wandb: Run history:
wandb:                  is_success ▁▁▁▁▁▁▁▁▁▁▁▁▁▁▁▁▁▁▁▁▁▁▁▁▁▁▁▁▁▁▁▁▁▁▁▁▁▁▁▁
wandb:                      reward ▁▁▁▁▁▁▁▁▁▁▁▁▁▁▁▁▁▁▁▁▁▁▁▁▁▁▁▁▁█▁▁▁▁▁▁▁▁▁▁
wandb:             train/approx_kl ▁▁▄▇▄█▅▃▂▄▁▁▃▂█▂▂▁▁▁▁▂▁▁▁▁▁▁▁▁▁▁▁▁▁▁▁▁▁▁
wandb:         train/clip_fraction ▁▁▁▁▁▂▅▁▁▅▃▃▃▁▂▇▁▁▁▁▁█▁▁▁▁▁▁▁▁▁▁▁▁▁▁▁▁▁▁
wandb:            train/clip_range ▁▁▁▁▁▁▁▁▁▁▁▁▁▁▁▁▁▁▁▁▁▁▁▁▁▁▁▁▁▁▁▁▁▁▁▁▁▁▁▁
wandb:          train/cost_returns ██▇▆▇▆▄▃▃▃▃▃▃▄▃▁▃▃▃▃▃▁▃▃▃▃▃▃▃▃▃▃▃▃▃▃▃▃▃▃
wandb:       train/cost_value_loss ▁▁▁▁▁▁▁▁▁▂▁▂▃▄▆▃▆▇▇▇▇▄▇▇▇███████████████
wandb:           train/cost_values ███▇▇▇▅▄▄▄▄▄▄▃▂▂▂▂▂▂▁▂▁▁▁▁▁▁▁▁▁▁▁▁▁▁▁▁▁▁
wandb:               train/entropy ▁▁▁▁▁▂▄▆▆▆▇▇▇███████████████████████████
wandb:          train/entropy_loss ▁▁▁▁▁▂▄▆▆▆▆▇▇███████████████████████████
wandb:    train/explained_variance ▃▆▁▂▂▇▇▇▇▇▇▇███▇████████████████████████
wandb: train/lagrangian_multiplier ▁▁▁▁▁▁▁▁▁▁▁▁▁▁▁▁▁▁▁▁▁▁▁▁▁▁▁▁▁▁▁▁▁▁▁▁▁▁▁▁
wandb:         train/learning_rate ▁▁▁▁▁▁▁▁▁▁▁▁▁▁▁▁▁▁▁▁▁▁▁▁▁▁▁▁▁▁▁▁▁▁▁▁▁▁▁▁
wandb:                  train/loss ▂▃▁▂▂▁▂▇█▆▇█▄▃▃▅▃▄▄▄▄▃▄▄▃▄▄▄▄▄▄▄▄▄▄▄▄▄▄▄
wandb:             train/n_updates ▁▁▁▂▂▂▂▂▂▃▃▃▃▃▃▄▄▄▄▄▅▅▅▅▅▅▆▆▆▆▆▇▇▇▇▇▇███
wandb:  train/policy_gradient_loss ██▆▇▇▆▆▇▇▄▆▇▅▅▆▁▇████▂██▇███████████████
wandb:            train/value_loss ▁▁▁▁▁▁▂▆▇█▅▆▄▂▂▄▁▁▁▁▁▄▁▁▁▁▁▁▁▁▁▁▁▁▁▁▁▁▁▁
wandb: 
wandb: Run summary:
wandb:                  is_success 0
wandb:                      reward 0.0
wandb:             train/approx_kl 0.0
wandb:         train/clip_fraction 0.0
wandb:            train/clip_range 0.2
wandb:          train/cost_returns -0.27849
wandb:       train/cost_value_loss 0.17788
wandb:           train/cost_values -0.66481
wandb:               train/entropy -0.00244
wandb:          train/entropy_loss -0.00245
wandb:    train/explained_variance 0.95759
wandb: train/lagrangian_multiplier 0.0
wandb:         train/learning_rate 0.0003
wandb:                  train/loss 9e-05
wandb:             train/n_updates 2440
wandb:  train/policy_gradient_loss -0.0
wandb:            train/value_loss 0.00019
wandb: 
wandb: 🚀 View run pious-deluge-6 at: https://wandb.ai/ecrl/mini-grid/runs/585r2kjl
wandb: Synced 5 W&B file(s), 0 media file(s), 2 artifact file(s) and 0 other file(s)
wandb: Find logs at: ./wandb/run-20240416_035253-585r2kjl/logs
Exception in thread NetStatThr:
Traceback (most recent call last):
  File "/usr/lib/python3.9/threading.py", line 954, in _bootstrap_inner
    self.run()
  File "/usr/lib/python3.9/threading.py", line 892, in run
    self._target(*self._args, **self._kwargs)
  File "/nas/ucb/mason/ethically-compliant-rl/.venv/lib/python3.9/site-packages/wandb/sdk/wandb_run.py", line 259, in check_network_status
    self._loop_check_status(
  File "/nas/ucb/mason/ethically-compliant-rl/.venv/lib/python3.9/site-packages/wandb/sdk/wandb_run.py", line 215, in _loop_check_status
    local_handle = request()
  File "/nas/ucb/mason/ethically-compliant-rl/.venv/lib/python3.9/site-packages/wandb/sdk/interface/interface.py", line 795, in deliver_network_status
    return self._deliver_network_status(status)
  File "/nas/ucb/mason/ethically-compliant-rl/.venv/lib/python3.9/site-packages/wandb/sdk/interface/interface_shared.py", line 601, in _deliver_network_status
    return self._deliver_record(record)
  File "/nas/ucb/mason/ethically-compliant-rl/.venv/lib/python3.9/site-packages/wandb/sdk/interface/interface_shared.py", line 560, in _deliver_record
    handle = mailbox._deliver_record(record, interface=self)
  File "/nas/ucb/mason/ethically-compliant-rl/.venv/lib/python3.9/site-packages/wandb/sdk/lib/mailbox.py", line 455, in _deliver_record
    interface._publish(record)
  File "/nas/ucb/mason/ethically-compliant-rl/.venv/lib/python3.9/site-packages/wandb/sdk/interface/interface_sock.py", line 51, in _publish
    self._sock_client.send_record_publish(record)
  File "/nas/ucb/mason/ethically-compliant-rl/.venv/lib/python3.9/site-packages/wandb/sdk/lib/sock_client.py", line 221, in send_record_publish
    self.send_server_request(server_req)
  File "/nas/ucb/mason/ethically-compliant-rl/.venv/lib/python3.9/site-packages/wandb/sdk/lib/sock_client.py", line 155, in send_server_request
    self._send_message(msg)
  File "/nas/ucb/mason/ethically-compliant-rl/.venv/lib/python3.9/site-packages/wandb/sdk/lib/sock_client.py", line 152, in _send_message
    self._sendall_with_error_handle(header + data)
  File "/nas/ucb/mason/ethically-compliant-rl/.venv/lib/python3.9/site-packages/wandb/sdk/lib/sock_client.py", line 130, in _sendall_with_error_handle
    sent = self._sock.send(data)
BrokenPipeError: [Errno 32] Broken pipe
