wandb: Currently logged in as: mason-nakamura1 (ecrl). Use `wandb login --relogin` to force relogin
wandb: wandb version 0.16.6 is available!  To upgrade, please run:
wandb:  $ pip install wandb --upgrade
wandb: Tracking run with wandb version 0.14.2
wandb: Run data is saved locally in /nas/ucb/mason/ethically-compliant-rl/wandb/run-20240416_200743-ffbeybje
wandb: Run `wandb offline` to turn off syncing.
wandb: Syncing run young-pond-14
wandb: ⭐️ View project at https://wandb.ai/ecrl/mini-grid
wandb: 🚀 View run at https://wandb.ai/ecrl/mini-grid/runs/ffbeybje
LOSS: 0.07626871019601822
PPO-LOSS: 0.03375745192170143
tensor(19.1620, device='cuda:0', grad_fn=<SumBackward0>)
LOSS: 0.0593610443174839
PPO-LOSS: 0.035921260714530945
tensor(8.0920, device='cuda:0', grad_fn=<SumBackward0>)
LOSS: 0.04166572168469429
PPO-LOSS: 0.03872957080602646
tensor(2.5131, device='cuda:0', grad_fn=<SumBackward0>)
LOSS: 0.018140893429517746
PPO-LOSS: 0.04216471686959267
tensor(0.2283, device='cuda:0', grad_fn=<SumBackward0>)
LOSS: 0.04630335047841072
PPO-LOSS: 0.04630335047841072
tensor(0., device='cuda:0', grad_fn=<SumBackward0>)
LOSS: 0.04782847315073013
PPO-LOSS: 0.04782847315073013
tensor(0., device='cuda:0', grad_fn=<SumBackward0>)
LOSS: 0.04743964225053787
PPO-LOSS: 0.04743964225053787
tensor(0., device='cuda:0', grad_fn=<SumBackward0>)
LOSS: 0.04581545293331146
PPO-LOSS: 0.04581545293331146
tensor(0., device='cuda:0', grad_fn=<SumBackward0>)
LOSS: 0.04347443953156471
PPO-LOSS: 0.04347443953156471
tensor(0., device='cuda:0', grad_fn=<SumBackward0>)
LOSS: 0.040791016072034836
PPO-LOSS: 0.040791016072034836
tensor(0., device='cuda:0', grad_fn=<SumBackward0>)
LOSS: 0.04621819034218788
PPO-LOSS: 0.04621819034218788
tensor(0., device='cuda:0', grad_fn=<SumBackward0>)
LOSS: 0.04356582835316658
PPO-LOSS: 0.04356582835316658
tensor(0., device='cuda:0', grad_fn=<SumBackward0>)
LOSS: 0.012517489492893219
PPO-LOSS: 0.04113200306892395
tensor(0.0429, device='cuda:0', grad_fn=<SumBackward0>)
LOSS: 0.011402650736272335
PPO-LOSS: 0.03965439274907112
tensor(0.2231, device='cuda:0', grad_fn=<SumBackward0>)
LOSS: 0.012925758957862854
PPO-LOSS: 0.0388353206217289
tensor(0.5245, device='cuda:0', grad_fn=<SumBackward0>)
LOSS: 0.01334739662706852
PPO-LOSS: 0.03851587325334549
tensor(0.6484, device='cuda:0', grad_fn=<SumBackward0>)
LOSS: 0.012179963290691376
PPO-LOSS: 0.038579124957323074
tensor(0.4911, device='cuda:0', grad_fn=<SumBackward0>)
LOSS: 0.00975686777383089
PPO-LOSS: 0.038965143263339996
tensor(0.2024, device='cuda:0', grad_fn=<SumBackward0>)
LOSS: 0.01222331915050745
PPO-LOSS: 0.039646293967962265
tensor(0.0231, device='cuda:0', grad_fn=<SumBackward0>)
LOSS: 0.03921060636639595
PPO-LOSS: 0.04060032218694687
tensor(8.5784e-05, device='cuda:0', grad_fn=<SumBackward0>)
LOSS: 0.013684287667274475
PPO-LOSS: 0.013684287667274475
tensor(0., device='cuda:0', grad_fn=<SumBackward0>)
LOSS: 0.01389679592102766
PPO-LOSS: 0.01389679592102766
tensor(0., device='cuda:0', grad_fn=<SumBackward0>)
LOSS: 0.013999151065945625
PPO-LOSS: 0.013999151065945625
tensor(0., device='cuda:0', grad_fn=<SumBackward0>)
LOSS: 0.013987472280859947
PPO-LOSS: 0.013987472280859947
tensor(0., device='cuda:0', grad_fn=<SumBackward0>)
LOSS: 0.013867189176380634
PPO-LOSS: 0.013867189176380634
tensor(0., device='cuda:0', grad_fn=<SumBackward0>)
LOSS: 0.013648989610373974
PPO-LOSS: 0.013648989610373974
tensor(0., device='cuda:0', grad_fn=<SumBackward0>)
LOSS: 0.01334812305867672
PPO-LOSS: 0.01334812305867672
tensor(0., device='cuda:0', grad_fn=<SumBackward0>)
LOSS: 0.01298187579959631
PPO-LOSS: 0.01298187579959631
tensor(0., device='cuda:0', grad_fn=<SumBackward0>)
LOSS: 0.012568200007081032
PPO-LOSS: 0.012568200007081032
tensor(0., device='cuda:0', grad_fn=<SumBackward0>)
LOSS: 0.011588183231651783
PPO-LOSS: 0.012124273926019669
tensor(8.9255e-05, device='cuda:0', grad_fn=<SumBackward0>)
LOSS: 0.02599184401333332
PPO-LOSS: 0.04287733510136604
tensor(0.0017, device='cuda:0', grad_fn=<SumBackward0>)
LOSS: 0.02885936014354229
PPO-LOSS: 0.042648788541555405
tensor(0.0011, device='cuda:0', grad_fn=<SumBackward0>)
LOSS: 0.04240207374095917
PPO-LOSS: 0.0427204854786396
tensor(6.6495e-06, device='cuda:0', grad_fn=<SumBackward0>)
LOSS: 0.042428575456142426
PPO-LOSS: 0.042516086250543594
tensor(1.0903e-06, device='cuda:0', grad_fn=<SumBackward0>)
LOSS: 0.04079953208565712
PPO-LOSS: 0.042066704481840134
tensor(3.7470e-05, device='cuda:0', grad_fn=<SumBackward0>)
LOSS: 0.030375149101018906
PPO-LOSS: 0.04148713871836662
tensor(0.0008, device='cuda:0', grad_fn=<SumBackward0>)
LOSS: 0.027041872963309288
PPO-LOSS: 0.04124150425195694
tensor(0.0012, device='cuda:0', grad_fn=<SumBackward0>)
LOSS: 0.03160201385617256
PPO-LOSS: 0.04129017889499664
tensor(0.0005, device='cuda:0', grad_fn=<SumBackward0>)
LOSS: 0.04155036434531212
PPO-LOSS: 0.04155036434531212
tensor(0., device='cuda:0', grad_fn=<SumBackward0>)
LOSS: 0.041541118174791336
PPO-LOSS: 0.041541118174791336
tensor(0., device='cuda:0', grad_fn=<SumBackward0>)
LOSS: 0.019108504056930542
PPO-LOSS: 0.019108504056930542
tensor(0., device='cuda:0', grad_fn=<SumBackward0>)
LOSS: 0.018919436261057854
PPO-LOSS: 0.018919436261057854
tensor(0., device='cuda:0', grad_fn=<SumBackward0>)
LOSS: 0.017093339934945107
PPO-LOSS: 0.018648799508810043
tensor(0.0001, device='cuda:0', grad_fn=<SumBackward0>)
LOSS: 0.01471114531159401
PPO-LOSS: 0.018414460122585297
tensor(0.0003, device='cuda:0', grad_fn=<SumBackward0>)
LOSS: 0.015767956152558327
PPO-LOSS: 0.018349651247262955
tensor(0.0002, device='cuda:0', grad_fn=<SumBackward0>)
LOSS: 0.01836588978767395
PPO-LOSS: 0.01836588978767395
tensor(0., device='cuda:0', grad_fn=<SumBackward0>)
LOSS: 0.018288344144821167
PPO-LOSS: 0.018288344144821167
tensor(0., device='cuda:0', grad_fn=<SumBackward0>)
LOSS: 0.017034603282809258
PPO-LOSS: 0.018123185262084007
tensor(6.0482e-05, device='cuda:0', grad_fn=<SumBackward0>)
LOSS: 0.014758584089577198
PPO-LOSS: 0.017952192574739456
tensor(0.0004, device='cuda:0', grad_fn=<SumBackward0>)
LOSS: 0.017826123163104057
PPO-LOSS: 0.01792473904788494
tensor(1.4424e-06, device='cuda:0', grad_fn=<SumBackward0>)
LOSS: 0.02596396580338478
PPO-LOSS: 0.02613571472465992
tensor(1.1744e-06, device='cuda:0', grad_fn=<SumBackward0>)
LOSS: 0.020658234134316444
PPO-LOSS: 0.026012364774942398
tensor(0.0004, device='cuda:0', grad_fn=<SumBackward0>)
LOSS: 0.026052774861454964
PPO-LOSS: 0.026052774861454964
tensor(0., device='cuda:0', grad_fn=<SumBackward0>)
LOSS: 0.024645553901791573
PPO-LOSS: 0.02594711445271969
tensor(2.2842e-05, device='cuda:0', grad_fn=<SumBackward0>)
LOSS: 0.021087275817990303
PPO-LOSS: 0.025787854567170143
tensor(0.0003, device='cuda:0', grad_fn=<SumBackward0>)
LOSS: 0.025037208572030067
PPO-LOSS: 0.02579154446721077
tensor(2.5822e-05, device='cuda:0', grad_fn=<SumBackward0>)
LOSS: 0.02561056800186634
PPO-LOSS: 0.025703467428684235
tensor(3.5453e-06, device='cuda:0', grad_fn=<SumBackward0>)
LOSS: 0.02474605105817318
PPO-LOSS: 0.025488356128335
tensor(2.9351e-05, device='cuda:0', grad_fn=<SumBackward0>)
LOSS: 0.019934315234422684
PPO-LOSS: 0.02520744502544403
tensor(0.0003, device='cuda:0', grad_fn=<SumBackward0>)
LOSS: 0.024998288601636887
PPO-LOSS: 0.025161609053611755
tensor(1.2345e-05, device='cuda:0', grad_fn=<SumBackward0>)
LOSS: 0.02263321727514267
PPO-LOSS: 0.03284495696425438
tensor(0.0010, device='cuda:0', grad_fn=<SumBackward0>)
LOSS: 0.03199582174420357
PPO-LOSS: 0.03300361707806587
tensor(2.4232e-05, device='cuda:0', grad_fn=<SumBackward0>)
LOSS: 0.031125914305448532
PPO-LOSS: 0.032977424561977386
tensor(3.2215e-05, device='cuda:0', grad_fn=<SumBackward0>)
LOSS: 0.014161338098347187
PPO-LOSS: 0.03282957151532173
tensor(0.0023, device='cuda:0', grad_fn=<SumBackward0>)
LOSS: 0.03299769386649132
PPO-LOSS: 0.03299769386649132
tensor(0., device='cuda:0', grad_fn=<SumBackward0>)
LOSS: 0.03185909241437912
PPO-LOSS: 0.03291633725166321
tensor(7.8369e-06, device='cuda:0', grad_fn=<SumBackward0>)
LOSS: 0.027868473902344704
PPO-LOSS: 0.0326693020761013
tensor(0.0002, device='cuda:0', grad_fn=<SumBackward0>)
LOSS: 0.02785191312432289
PPO-LOSS: 0.032486461102962494
tensor(0.0001, device='cuda:0', grad_fn=<SumBackward0>)
LOSS: 0.02779032103717327
PPO-LOSS: 0.03240036591887474
tensor(0.0001, device='cuda:0', grad_fn=<SumBackward0>)
LOSS: 0.0323973149061203
PPO-LOSS: 0.0323973149061203
tensor(0., device='cuda:0', grad_fn=<SumBackward0>)
LOSS: 0.0344475694000721
PPO-LOSS: 0.03848310932517052
tensor(0.0002, device='cuda:0', grad_fn=<SumBackward0>)
LOSS: 0.03329268842935562
PPO-LOSS: 0.03830144554376602
tensor(0.0001, device='cuda:0', grad_fn=<SumBackward0>)
LOSS: 0.03300242871046066
PPO-LOSS: 0.03816518187522888
tensor(0.0002, device='cuda:0', grad_fn=<SumBackward0>)
LOSS: 0.03730243816971779
PPO-LOSS: 0.03808263689279556
tensor(2.7322e-05, device='cuda:0', grad_fn=<SumBackward0>)
LOSS: 0.028268273919820786
PPO-LOSS: 0.03778993338346481
tensor(0.0005, device='cuda:0', grad_fn=<SumBackward0>)
LOSS: 0.037655238062143326
PPO-LOSS: 0.03778201341629028
tensor(1.6040e-06, device='cuda:0', grad_fn=<SumBackward0>)
LOSS: 0.03748985007405281
PPO-LOSS: 0.03752250224351883
tensor(1.5967e-07, device='cuda:0', grad_fn=<SumBackward0>)
LOSS: 0.014610301703214645
PPO-LOSS: 0.03703513741493225
tensor(0.0028, device='cuda:0', grad_fn=<SumBackward0>)
LOSS: 0.019776510074734688
PPO-LOSS: 0.036911364644765854
tensor(0.0012, device='cuda:0', grad_fn=<SumBackward0>)
LOSS: 0.037070196121931076
PPO-LOSS: 0.03711027652025223
tensor(7.3554e-08, device='cuda:0', grad_fn=<SumBackward0>)
LOSS: 0.05079469829797745
PPO-LOSS: 0.05142856389284134
tensor(1.3537e-05, device='cuda:0', grad_fn=<SumBackward0>)
LOSS: 0.04910160228610039
PPO-LOSS: 0.0510324202477932
tensor(0.0001, device='cuda:0', grad_fn=<SumBackward0>)
LOSS: 0.012668132781982422
PPO-LOSS: 0.05032217875123024
tensor(0.0060, device='cuda:0', grad_fn=<SumBackward0>)
LOSS: 0.014730625785887241
PPO-LOSS: 0.0501498244702816
tensor(0.0046, device='cuda:0', grad_fn=<SumBackward0>)
LOSS: 0.045919839292764664
PPO-LOSS: 0.050455622375011444
tensor(7.4318e-05, device='cuda:0', grad_fn=<SumBackward0>)
LOSS: 0.05011230334639549
PPO-LOSS: 0.05054357275366783
tensor(2.3397e-06, device='cuda:0', grad_fn=<SumBackward0>)
LOSS: 0.02993251569569111
PPO-LOSS: 0.050179701298475266
tensor(0.0011, device='cuda:0', grad_fn=<SumBackward0>)
LOSS: 0.050192661583423615
PPO-LOSS: 0.050192661583423615
tensor(0., device='cuda:0', grad_fn=<SumBackward0>)
LOSS: 0.0493386946618557
PPO-LOSS: 0.049738213419914246
tensor(4.2508e-06, device='cuda:0', grad_fn=<SumBackward0>)
LOSS: 0.010060567408800125
PPO-LOSS: 0.048899341374635696
tensor(0.0108, device='cuda:0', grad_fn=<SumBackward0>)
LOSS: 0.004701288416981697
PPO-LOSS: 0.016867337748408318
tensor(0.0097, device='cuda:0', grad_fn=<SumBackward0>)
LOSS: 0.01367870531976223
PPO-LOSS: 0.01698232814669609
tensor(0.0002, device='cuda:0', grad_fn=<SumBackward0>)
LOSS: 0.017216786742210388
PPO-LOSS: 0.017216786742210388
tensor(0., device='cuda:0', grad_fn=<SumBackward0>)
LOSS: 0.017341693863272667
PPO-LOSS: 0.017341693863272667
tensor(0., device='cuda:0', grad_fn=<SumBackward0>)
LOSS: 0.017358068376779556
PPO-LOSS: 0.017358068376779556
tensor(0., device='cuda:0', grad_fn=<SumBackward0>)
LOSS: 0.017271850258111954
PPO-LOSS: 0.017271850258111954
tensor(0., device='cuda:0', grad_fn=<SumBackward0>)
LOSS: 0.016635676845908165
PPO-LOSS: 0.017093950882554054
tensor(8.9643e-06, device='cuda:0', grad_fn=<SumBackward0>)
LOSS: 0.010492753237485886
PPO-LOSS: 0.016873987391591072
tensor(0.0012, device='cuda:0', grad_fn=<SumBackward0>)
LOSS: 0.016622481867671013
PPO-LOSS: 0.016863219439983368
tensor(1.1795e-05, device='cuda:0', grad_fn=<SumBackward0>)
LOSS: 0.01662575453519821
PPO-LOSS: 0.016771109774708748
tensor(6.8365e-06, device='cuda:0', grad_fn=<SumBackward0>)
LOSS: 0.022960761561989784
PPO-LOSS: 0.02484278194606304
tensor(0.0002, device='cuda:0', grad_fn=<SumBackward0>)
LOSS: 0.02401883155107498
PPO-LOSS: 0.024753987789154053
tensor(4.8787e-05, device='cuda:0', grad_fn=<SumBackward0>)
LOSS: 0.024350306019186974
PPO-LOSS: 0.024591559544205666
tensor(1.3704e-05, device='cuda:0', grad_fn=<SumBackward0>)
LOSS: 0.01930801197886467
PPO-LOSS: 0.024341413751244545
tensor(0.0002, device='cuda:0', grad_fn=<SumBackward0>)
LOSS: 0.02096366137266159
PPO-LOSS: 0.024301234632730484
tensor(0.0002, device='cuda:0', grad_fn=<SumBackward0>)
LOSS: 0.02414112351834774
PPO-LOSS: 0.024315977469086647
tensor(4.8017e-06, device='cuda:0', grad_fn=<SumBackward0>)
LOSS: 0.02406155690550804
PPO-LOSS: 0.024218369275331497
tensor(1.2358e-05, device='cuda:0', grad_fn=<SumBackward0>)
LOSS: 0.02193213254213333
PPO-LOSS: 0.024016689509153366
tensor(9.7686e-05, device='cuda:0', grad_fn=<SumBackward0>)
LOSS: 0.019302599132061005
PPO-LOSS: 0.02381063438951969
tensor(0.0002, device='cuda:0', grad_fn=<SumBackward0>)
LOSS: 0.023716747760772705
PPO-LOSS: 0.023716747760772705
tensor(0., device='cuda:0', grad_fn=<SumBackward0>)
LOSS: 0.023442020639777184
PPO-LOSS: 0.023614931851625443
tensor(4.6585e-06, device='cuda:0', grad_fn=<SumBackward0>)
LOSS: 0.011160478927195072
PPO-LOSS: 0.023528866469860077
tensor(0.0016, device='cuda:0', grad_fn=<SumBackward0>)
LOSS: 0.022309890016913414
PPO-LOSS: 0.023667046800255775
tensor(4.1418e-05, device='cuda:0', grad_fn=<SumBackward0>)
LOSS: 0.02374310791492462
PPO-LOSS: 0.02374408394098282
tensor(4.2265e-10, device='cuda:0', grad_fn=<SumBackward0>)
LOSS: 0.023669546470046043
PPO-LOSS: 0.023681985214352608
tensor(6.9821e-08, device='cuda:0', grad_fn=<SumBackward0>)
LOSS: 0.02264171466231346
PPO-LOSS: 0.023495547473430634
tensor(2.1815e-05, device='cuda:0', grad_fn=<SumBackward0>)
LOSS: 0.010653299279510975
PPO-LOSS: 0.023247292265295982
tensor(0.0018, device='cuda:0', grad_fn=<SumBackward0>)
LOSS: 0.021549802273511887
PPO-LOSS: 0.023227766156196594
tensor(4.1495e-05, device='cuda:0', grad_fn=<SumBackward0>)
LOSS: 0.023175694048404694
PPO-LOSS: 0.023175694048404694
tensor(0., device='cuda:0', grad_fn=<SumBackward0>)
LOSS: 0.0216728076338768
PPO-LOSS: 0.022999512031674385
tensor(2.8252e-05, device='cuda:0', grad_fn=<SumBackward0>)
LOSS: 0.02816040813922882
PPO-LOSS: 0.032895270735025406
tensor(0.0002, device='cuda:0', grad_fn=<SumBackward0>)
LOSS: 0.032418131828308105
PPO-LOSS: 0.03288379684090614
tensor(1.3664e-05, device='cuda:0', grad_fn=<SumBackward0>)
LOSS: 0.030645649880170822
PPO-LOSS: 0.032700084149837494
tensor(8.9801e-05, device='cuda:0', grad_fn=<SumBackward0>)
LOSS: 0.027325164526700974
PPO-LOSS: 0.032446764409542084
tensor(0.0002, device='cuda:0', grad_fn=<SumBackward0>)
LOSS: 0.025379136204719543
PPO-LOSS: 0.03229403868317604
tensor(0.0002, device='cuda:0', grad_fn=<SumBackward0>)
LOSS: 0.0322895273566246
PPO-LOSS: 0.0322895273566246
tensor(0., device='cuda:0', grad_fn=<SumBackward0>)
LOSS: 0.02949286438524723
PPO-LOSS: 0.032091252505779266
tensor(6.7617e-05, device='cuda:0', grad_fn=<SumBackward0>)
LOSS: 0.01717175543308258
PPO-LOSS: 0.031859636306762695
tensor(0.0009, device='cuda:0', grad_fn=<SumBackward0>)
LOSS: 0.03193362429738045
PPO-LOSS: 0.03193362429738045
tensor(0., device='cuda:0', grad_fn=<SumBackward0>)
LOSS: 0.03179863840341568
PPO-LOSS: 0.03179863840341568
tensor(0., device='cuda:0', grad_fn=<SumBackward0>)
LOSS: 0.06572774052619934
PPO-LOSS: 0.06592082977294922
tensor(2.4032e-07, device='cuda:0', grad_fn=<SumBackward0>)
LOSS: 0.015491670928895473
PPO-LOSS: 0.06511032581329346
tensor(0.0077, device='cuda:0', grad_fn=<SumBackward0>)
LOSS: 0.016949117183685303
PPO-LOSS: 0.06492282450199127
tensor(0.0051, device='cuda:0', grad_fn=<SumBackward0>)
LOSS: 0.05857647582888603
PPO-LOSS: 0.0653073787689209
tensor(0.0001, device='cuda:0', grad_fn=<SumBackward0>)
LOSS: 0.06093181297183037
PPO-LOSS: 0.06534819304943085
tensor(5.4049e-05, device='cuda:0', grad_fn=<SumBackward0>)
LOSS: 0.02647697739303112
PPO-LOSS: 0.06497763842344284
tensor(0.0028, device='cuda:0', grad_fn=<SumBackward0>)
LOSS: 0.059377335011959076
PPO-LOSS: 0.06514067202806473
tensor(9.2977e-05, device='cuda:0', grad_fn=<SumBackward0>)
LOSS: 0.055647023022174835
PPO-LOSS: 0.06496760994195938
tensor(7.6060e-05, device='cuda:0', grad_fn=<SumBackward0>)
LOSS: 0.03752429783344269
PPO-LOSS: 0.06470296531915665
tensor(0.0009, device='cuda:0', grad_fn=<SumBackward0>)
LOSS: 0.06498323380947113
PPO-LOSS: 0.06498323380947113
tensor(0., device='cuda:0', grad_fn=<SumBackward0>)
LOSS: 0.08318373560905457
PPO-LOSS: 0.08511956036090851
tensor(2.7293e-05, device='cuda:0', grad_fn=<SumBackward0>)
LOSS: 0.01852814480662346
PPO-LOSS: 0.08417179435491562
tensor(0.0064, device='cuda:0', grad_fn=<SumBackward0>)
LOSS: 0.01387000735849142
PPO-LOSS: 0.08398745954036713
tensor(0.0105, device='cuda:0', grad_fn=<SumBackward0>)
LOSS: 0.04905680567026138
PPO-LOSS: 0.08450896292924881
tensor(0.0011, device='cuda:0', grad_fn=<SumBackward0>)
LOSS: 0.08547930419445038
PPO-LOSS: 0.08547930419445038
tensor(0., device='cuda:0', grad_fn=<SumBackward0>)
LOSS: 0.08561043441295624
PPO-LOSS: 0.08561043441295624
tensor(0., device='cuda:0', grad_fn=<SumBackward0>)
LOSS: 0.08396109938621521
PPO-LOSS: 0.0849856287240982
tensor(2.5462e-06, device='cuda:0', grad_fn=<SumBackward0>)
LOSS: 0.010217835195362568
PPO-LOSS: 0.08371374011039734
tensor(0.0465, device='cuda:0', grad_fn=<SumBackward0>)
LOSS: 0.008049963973462582
PPO-LOSS: 0.08323217183351517
tensor(0.0825, device='cuda:0', grad_fn=<SumBackward0>)
LOSS: 0.009570288471877575
PPO-LOSS: 0.0834691971540451
tensor(0.0228, device='cuda:0', grad_fn=<SumBackward0>)
LOSS: 0.04275947064161301
PPO-LOSS: 0.059600792825222015
tensor(0.0004, device='cuda:0', grad_fn=<SumBackward0>)
LOSS: 0.0605490505695343
PPO-LOSS: 0.0605490505695343
tensor(0., device='cuda:0', grad_fn=<SumBackward0>)
LOSS: 0.060902662575244904
PPO-LOSS: 0.060902662575244904
tensor(0., device='cuda:0', grad_fn=<SumBackward0>)
LOSS: 0.0607009194791317
PPO-LOSS: 0.0607009194791317
tensor(0., device='cuda:0', grad_fn=<SumBackward0>)
LOSS: 0.06001412495970726
PPO-LOSS: 0.06001412495970726
tensor(0., device='cuda:0', grad_fn=<SumBackward0>)
LOSS: 0.01210353896021843
PPO-LOSS: 0.05893358588218689
tensor(0.0150, device='cuda:0', grad_fn=<SumBackward0>)
LOSS: 0.0076164379715919495
PPO-LOSS: 0.05839158594608307
tensor(0.0388, device='cuda:0', grad_fn=<SumBackward0>)
LOSS: 0.009629449807107449
PPO-LOSS: 0.058364637196063995
tensor(0.0144, device='cuda:0', grad_fn=<SumBackward0>)
LOSS: 0.05629073083400726
PPO-LOSS: 0.058819983154535294
tensor(4.3836e-05, device='cuda:0', grad_fn=<SumBackward0>)
LOSS: 0.058785609900951385
PPO-LOSS: 0.05891862139105797
tensor(2.1400e-07, device='cuda:0', grad_fn=<SumBackward0>)
LOSS: 0.05211915448307991
PPO-LOSS: 0.05988785997033119
tensor(0.0002, device='cuda:0', grad_fn=<SumBackward0>)
LOSS: 0.04377391189336777
PPO-LOSS: 0.059607744216918945
tensor(0.0005, device='cuda:0', grad_fn=<SumBackward0>)
LOSS: 0.04319172725081444
PPO-LOSS: 0.05968409404158592
tensor(0.0006, device='cuda:0', grad_fn=<SumBackward0>)
LOSS: 0.06002805382013321
PPO-LOSS: 0.06002805382013321
tensor(0., device='cuda:0', grad_fn=<SumBackward0>)
LOSS: 0.05980023369193077
PPO-LOSS: 0.05980023369193077
tensor(0., device='cuda:0', grad_fn=<SumBackward0>)
LOSS: 0.0465984046459198
PPO-LOSS: 0.05907126143574715
tensor(0.0002, device='cuda:0', grad_fn=<SumBackward0>)
LOSS: 0.01959790475666523
PPO-LOSS: 0.058535996824502945
tensor(0.0026, device='cuda:0', grad_fn=<SumBackward0>)
LOSS: 0.029712004587054253
PPO-LOSS: 0.058529067784547806
tensor(0.0012, device='cuda:0', grad_fn=<SumBackward0>)
LOSS: 0.057262811809778214
PPO-LOSS: 0.05896715819835663
tensor(3.8602e-05, device='cuda:0', grad_fn=<SumBackward0>)
LOSS: 0.05817008018493652
PPO-LOSS: 0.058933477848768234
tensor(7.3143e-06, device='cuda:0', grad_fn=<SumBackward0>)
LOSS: 0.08915763348340988
PPO-LOSS: 0.09406238794326782
tensor(6.8044e-05, device='cuda:0', grad_fn=<SumBackward0>)
LOSS: 0.011965298093855381
PPO-LOSS: 0.0928492397069931
tensor(0.0161, device='cuda:0', grad_fn=<SumBackward0>)
LOSS: 0.008534489199519157
PPO-LOSS: 0.09240657091140747
tensor(0.0367, device='cuda:0', grad_fn=<SumBackward0>)
LOSS: 0.017383472993969917
PPO-LOSS: 0.09265925735235214
tensor(0.0070, device='cuda:0', grad_fn=<SumBackward0>)
LOSS: 0.09353866428136826
PPO-LOSS: 0.09353866428136826
tensor(0., device='cuda:0', grad_fn=<SumBackward0>)
LOSS: 0.09358388930559158
PPO-LOSS: 0.09358388930559158
tensor(0., device='cuda:0', grad_fn=<SumBackward0>)
LOSS: 0.06815621256828308
PPO-LOSS: 0.09287593513727188
tensor(0.0003, device='cuda:0', grad_fn=<SumBackward0>)
LOSS: 0.09227684140205383
PPO-LOSS: 0.09244347363710403
tensor(2.7321e-07, device='cuda:0', grad_fn=<SumBackward0>)
LOSS: 0.015722956508398056
PPO-LOSS: 0.09132105112075806
tensor(0.0141, device='cuda:0', grad_fn=<SumBackward0>)
LOSS: 0.012808099389076233
PPO-LOSS: 0.09091196954250336
tensor(0.0168, device='cuda:0', grad_fn=<SumBackward0>)
LOSS: 0.03958471491932869
PPO-LOSS: 0.05886780843138695
tensor(0.0005, device='cuda:0', grad_fn=<SumBackward0>)
LOSS: 0.05941363051533699
PPO-LOSS: 0.05941363051533699
tensor(0., device='cuda:0', grad_fn=<SumBackward0>)
LOSS: 0.05946119502186775
PPO-LOSS: 0.05946119502186775
tensor(0., device='cuda:0', grad_fn=<SumBackward0>)
LOSS: 0.05905256047844887
PPO-LOSS: 0.05905256047844887
tensor(0., device='cuda:0', grad_fn=<SumBackward0>)
LOSS: 0.01268699113279581
PPO-LOSS: 0.05824635922908783
tensor(0.0067, device='cuda:0', grad_fn=<SumBackward0>)
LOSS: 0.011423925869166851
PPO-LOSS: 0.05792704224586487
tensor(0.0089, device='cuda:0', grad_fn=<SumBackward0>)
LOSS: 0.0577659010887146
PPO-LOSS: 0.05804109573364258
tensor(5.7633e-07, device='cuda:0', grad_fn=<SumBackward0>)
LOSS: 0.03018898144364357
PPO-LOSS: 0.05772275850176811
tensor(0.0011, device='cuda:0', grad_fn=<SumBackward0>)
LOSS: 0.057798128575086594
PPO-LOSS: 0.057798128575086594
tensor(0., device='cuda:0', grad_fn=<SumBackward0>)
LOSS: 0.057425010949373245
PPO-LOSS: 0.057425010949373245
tensor(0., device='cuda:0', grad_fn=<SumBackward0>)
LOSS: 0.02585632912814617
PPO-LOSS: 0.05266639217734337
tensor(0.0015, device='cuda:0', grad_fn=<SumBackward0>)
LOSS: 0.03542758524417877
PPO-LOSS: 0.052566301077604294
tensor(0.0004, device='cuda:0', grad_fn=<SumBackward0>)
LOSS: 0.052808988839387894
PPO-LOSS: 0.052808988839387894
tensor(0., device='cuda:0', grad_fn=<SumBackward0>)
LOSS: 0.04981771484017372
PPO-LOSS: 0.052650656551122665
tensor(3.1915e-05, device='cuda:0', grad_fn=<SumBackward0>)
LOSS: 0.02365984581410885
PPO-LOSS: 0.05224469676613808
tensor(0.0014, device='cuda:0', grad_fn=<SumBackward0>)
LOSS: 0.04590579494833946
PPO-LOSS: 0.05221971496939659
tensor(7.4368e-05, device='cuda:0', grad_fn=<SumBackward0>)
LOSS: 0.052112095057964325
PPO-LOSS: 0.052112095057964325
tensor(0., device='cuda:0', grad_fn=<SumBackward0>)
LOSS: 0.05151244252920151
PPO-LOSS: 0.051639530807733536
tensor(3.0083e-07, device='cuda:0', grad_fn=<SumBackward0>)
LOSS: 0.011752666905522346
PPO-LOSS: 0.050852980464696884
tensor(0.0053, device='cuda:0', grad_fn=<SumBackward0>)
LOSS: 0.009743115864694118
PPO-LOSS: 0.05052246153354645
tensor(0.0084, device='cuda:0', grad_fn=<SumBackward0>)
LOSS: 0.07013058662414551
PPO-LOSS: 0.12258295714855194
tensor(0.0006, device='cuda:0', grad_fn=<SumBackward0>)
LOSS: 0.12371212244033813
PPO-LOSS: 0.12371212244033813
tensor(0., device='cuda:0', grad_fn=<SumBackward0>)
LOSS: 0.12392207235097885
PPO-LOSS: 0.12392207235097885
tensor(0., device='cuda:0', grad_fn=<SumBackward0>)
LOSS: 0.07318363338708878
PPO-LOSS: 0.1232982650399208
tensor(0.0008, device='cuda:0', grad_fn=<SumBackward0>)
LOSS: 0.12282077223062515
PPO-LOSS: 0.12319178134202957
tensor(5.7208e-07, device='cuda:0', grad_fn=<SumBackward0>)
LOSS: 0.05067664012312889
PPO-LOSS: 0.12229274958372116
tensor(0.0020, device='cuda:0', grad_fn=<SumBackward0>)
LOSS: 0.07801665365695953
PPO-LOSS: 0.1221131682395935
tensor(0.0006, device='cuda:0', grad_fn=<SumBackward0>)
LOSS: 0.12247075140476227
PPO-LOSS: 0.12247075140476227
tensor(0., device='cuda:0', grad_fn=<SumBackward0>)
LOSS: 0.12127523124217987
PPO-LOSS: 0.12199147045612335
tensor(1.2551e-06, device='cuda:0', grad_fn=<SumBackward0>)
LOSS: 0.016202468425035477
PPO-LOSS: 0.12076839059591293
tensor(0.0266, device='cuda:0', grad_fn=<SumBackward0>)
LOSS: 0.011347564868628979
PPO-LOSS: 0.09510703384876251
tensor(0.0305, device='cuda:0', grad_fn=<SumBackward0>)
LOSS: 0.027098175138235092
PPO-LOSS: 0.09547803550958633
tensor(0.0038, device='cuda:0', grad_fn=<SumBackward0>)
LOSS: 0.09637552499771118
PPO-LOSS: 0.09637552499771118
tensor(0., device='cuda:0', grad_fn=<SumBackward0>)
LOSS: 0.09652158617973328
PPO-LOSS: 0.09652158617973328
tensor(0., device='cuda:0', grad_fn=<SumBackward0>)
LOSS: 0.09349646419286728
PPO-LOSS: 0.09599141031503677
tensor(7.1687e-06, device='cuda:0', grad_fn=<SumBackward0>)
LOSS: 0.010713588446378708
PPO-LOSS: 0.09486138075590134
tensor(0.0243, device='cuda:0', grad_fn=<SumBackward0>)
LOSS: 0.008287159726023674
PPO-LOSS: 0.09442085772752762
tensor(0.0616, device='cuda:0', grad_fn=<SumBackward0>)
LOSS: 0.011176291853189468
slurmstepd: error: *** JOB 185639 ON vae.ist.berkeley.edu CANCELLED AT 2024-04-16T20:10:30 ***
slurmstepd: error: *** STEP 185639.0 ON vae.ist.berkeley.edu CANCELLED AT 2024-04-16T20:10:30 ***
