wandb: Currently logged in as: mason-nakamura1 (ecrl). Use `wandb login --relogin` to force relogin
wandb: Currently logged in as: mason-nakamura1 (ecrl). Use `wandb login --relogin` to force relogin
wandb: Currently logged in as: mason-nakamura1 (ecrl). Use `wandb login --relogin` to force relogin
wandb: wandb version 0.16.5 is available!  To upgrade, please run:
wandb:  $ pip install wandb --upgrade
wandb: Tracking run with wandb version 0.14.2
wandb: Run data is saved locally in /nas/ucb/mason/ethically-compliant-rl/wandb/run-20240329_205159-baaq0cnt
wandb: Run `wandb offline` to turn off syncing.
wandb: Syncing run unique-resonance-28
wandb: ⭐️ View project at https://wandb.ai/ecrl/ppol-GrayScale-CNN
wandb: 🚀 View run at https://wandb.ai/ecrl/ppol-GrayScale-CNN/runs/baaq0cnt
wandb: wandb version 0.16.5 is available!  To upgrade, please run:
wandb:  $ pip install wandb --upgrade
wandb: Tracking run with wandb version 0.14.2
wandb: Run data is saved locally in /nas/ucb/mason/ethically-compliant-rl/wandb/run-20240329_205159-cynr7nax
wandb: Run `wandb offline` to turn off syncing.
wandb: Syncing run honest-waterfall-29
wandb: ⭐️ View project at https://wandb.ai/ecrl/ppol-GrayScale-CNN
wandb: 🚀 View run at https://wandb.ai/ecrl/ppol-GrayScale-CNN/runs/cynr7nax
wandb: wandb version 0.16.5 is available!  To upgrade, please run:
wandb:  $ pip install wandb --upgrade
wandb: Tracking run with wandb version 0.14.2
wandb: Run data is saved locally in /nas/ucb/mason/ethically-compliant-rl/wandb/run-20240329_205159-ijswnojc
wandb: Run `wandb offline` to turn off syncing.
wandb: Syncing run zesty-sun-30
wandb: ⭐️ View project at https://wandb.ai/ecrl/ppol-GrayScale-CNN
wandb: 🚀 View run at https://wandb.ai/ecrl/ppol-GrayScale-CNN/runs/ijswnojc
torch.Size([64, 48])
Traceback (most recent call last):
  File "/nas/ucb/mason/ethically-compliant-rl/tests/PPOL_New/train_ppol_image_cnn.py", line 156, in <module>
    train()
  File "/nas/ucb/mason/ethically-compliant-rl/.venv/lib/python3.9/site-packages/pyrallis/argparsing.py", line 158, in wrapper_inner
    response = fn(cfg, *args, **kwargs)
  File "/nas/ucb/mason/ethically-compliant-rl/tests/PPOL_New/train_ppol_image_cnn.py", line 128, in train
    agent = PPOL("MlpPolicy",
  File "/nas/ucb/mason/ethically-compliant-rl/stable_baselines3/stable_baselines3/ppol/ppol.py", line 192, in __init__
    self._setup_model()
  File "/nas/ucb/mason/ethically-compliant-rl/stable_baselines3/stable_baselines3/ppol/ppol.py", line 195, in _setup_model
    super()._setup_model()
  File "/nas/ucb/mason/ethically-compliant-rl/stable_baselines3/stable_baselines3/common/on_policy_algorithm.py", line 438, in _setup_model
    self.policy = self.policy_class(  # type: ignore[assignment]
  File "/nas/ucb/mason/ethically-compliant-rl/stable_baselines3/stable_baselines3/common/policies.py", line 1088, in __init__
    self.features_extractor = self.make_features_extractor()
  File "/nas/ucb/mason/ethically-compliant-rl/stable_baselines3/stable_baselines3/common/policies.py", line 121, in make_features_extractor
    return self.features_extractor_class(self.observation_space, **self.features_extractor_kwargs)
  File "/nas/ucb/mason/ethically-compliant-rl/stable_baselines3/stable_baselines3/common/torch_layers.py", line 216, in __init__
    combined_features = th.cat((cnn_out, observed_kinematics_obs, goal_kinematics_obs), dim=1)
TypeError: expected Tensor as element 1 in argument 0, but got Box
wandb: Waiting for W&B process to finish... (failed 1). Press Control-C to abort syncing.
torch.Size([64, 48])
Traceback (most recent call last):
  File "/nas/ucb/mason/ethically-compliant-rl/tests/PPOL_New/train_ppol_image_cnn.py", line 156, in <module>
    train()
  File "/nas/ucb/mason/ethically-compliant-rl/.venv/lib/python3.9/site-packages/pyrallis/argparsing.py", line 158, in wrapper_inner
    response = fn(cfg, *args, **kwargs)
  File "/nas/ucb/mason/ethically-compliant-rl/tests/PPOL_New/train_ppol_image_cnn.py", line 128, in train
    agent = PPOL("MlpPolicy",
  File "/nas/ucb/mason/ethically-compliant-rl/stable_baselines3/stable_baselines3/ppol/ppol.py", line 192, in __init__
    self._setup_model()
  File "/nas/ucb/mason/ethically-compliant-rl/stable_baselines3/stable_baselines3/ppol/ppol.py", line 195, in _setup_model
    super()._setup_model()
  File "/nas/ucb/mason/ethically-compliant-rl/stable_baselines3/stable_baselines3/common/on_policy_algorithm.py", line 438, in _setup_model
    self.policy = self.policy_class(  # type: ignore[assignment]
  File "/nas/ucb/mason/ethically-compliant-rl/stable_baselines3/stable_baselines3/common/policies.py", line 1088, in __init__
    self.features_extractor = self.make_features_extractor()
  File "/nas/ucb/mason/ethically-compliant-rl/stable_baselines3/stable_baselines3/common/policies.py", line 121, in make_features_extractor
    return self.features_extractor_class(self.observation_space, **self.features_extractor_kwargs)
  File "/nas/ucb/mason/ethically-compliant-rl/stable_baselines3/stable_baselines3/common/torch_layers.py", line 216, in __init__
    combined_features = th.cat((cnn_out, observed_kinematics_obs, goal_kinematics_obs), dim=1)
TypeError: expected Tensor as element 1 in argument 0, but got Box
wandb: Waiting for W&B process to finish... (failed 1). Press Control-C to abort syncing.
torch.Size([64, 48])
Traceback (most recent call last):
  File "/nas/ucb/mason/ethically-compliant-rl/tests/PPOL_New/train_ppol_image_cnn.py", line 156, in <module>
    train()
  File "/nas/ucb/mason/ethically-compliant-rl/.venv/lib/python3.9/site-packages/pyrallis/argparsing.py", line 158, in wrapper_inner
    response = fn(cfg, *args, **kwargs)
  File "/nas/ucb/mason/ethically-compliant-rl/tests/PPOL_New/train_ppol_image_cnn.py", line 128, in train
    agent = PPOL("MlpPolicy",
  File "/nas/ucb/mason/ethically-compliant-rl/stable_baselines3/stable_baselines3/ppol/ppol.py", line 192, in __init__
    self._setup_model()
  File "/nas/ucb/mason/ethically-compliant-rl/stable_baselines3/stable_baselines3/ppol/ppol.py", line 195, in _setup_model
    super()._setup_model()
  File "/nas/ucb/mason/ethically-compliant-rl/stable_baselines3/stable_baselines3/common/on_policy_algorithm.py", line 438, in _setup_model
    self.policy = self.policy_class(  # type: ignore[assignment]
  File "/nas/ucb/mason/ethically-compliant-rl/stable_baselines3/stable_baselines3/common/policies.py", line 1088, in __init__
    self.features_extractor = self.make_features_extractor()
  File "/nas/ucb/mason/ethically-compliant-rl/stable_baselines3/stable_baselines3/common/policies.py", line 121, in make_features_extractor
    return self.features_extractor_class(self.observation_space, **self.features_extractor_kwargs)
  File "/nas/ucb/mason/ethically-compliant-rl/stable_baselines3/stable_baselines3/common/torch_layers.py", line 216, in __init__
    combined_features = th.cat((cnn_out, observed_kinematics_obs, goal_kinematics_obs), dim=1)
TypeError: expected Tensor as element 1 in argument 0, but got Box
wandb: Waiting for W&B process to finish... (failed 1). Press Control-C to abort syncing.
wandb: - 0.027 MB of 0.027 MB uploaded (0.000 MB deduped)wandb: \ 0.027 MB of 0.027 MB uploaded (0.000 MB deduped)wandb: | 0.027 MB of 0.027 MB uploaded (0.000 MB deduped)wandb: / 0.027 MB of 0.027 MB uploaded (0.000 MB deduped)wandb: 🚀 View run unique-resonance-28 at: https://wandb.ai/ecrl/ppol-GrayScale-CNN/runs/baaq0cnt
wandb: Synced 5 W&B file(s), 0 media file(s), 2 artifact file(s) and 0 other file(s)
wandb: Find logs at: ./wandb/run-20240329_205159-baaq0cnt/logs
wandb: - 0.027 MB of 0.027 MB uploaded (0.000 MB deduped)wandb: \ 0.027 MB of 0.027 MB uploaded (0.000 MB deduped)wandb: | 0.027 MB of 0.027 MB uploaded (0.000 MB deduped)wandb: / 0.027 MB of 0.027 MB uploaded (0.000 MB deduped)wandb: - 0.027 MB of 0.027 MB uploaded (0.000 MB deduped)wandb: 🚀 View run honest-waterfall-29 at: https://wandb.ai/ecrl/ppol-GrayScale-CNN/runs/cynr7nax
wandb: Synced 5 W&B file(s), 0 media file(s), 2 artifact file(s) and 0 other file(s)
wandb: Find logs at: ./wandb/run-20240329_205159-cynr7nax/logs
srun: error: airl.ist.berkeley.edu: task 0: Exited with exit code 1
srun: error: sac.ist.berkeley.edu: task 0: Exited with exit code 1
wandb: - 0.027 MB of 0.027 MB uploaded (0.000 MB deduped)wandb: \ 0.027 MB of 0.027 MB uploaded (0.000 MB deduped)wandb: | 0.027 MB of 0.027 MB uploaded (0.000 MB deduped)wandb: / 0.027 MB of 0.027 MB uploaded (0.000 MB deduped)wandb: - 0.027 MB of 0.027 MB uploaded (0.000 MB deduped)wandb: \ 0.027 MB of 0.027 MB uploaded (0.000 MB deduped)wandb: 🚀 View run zesty-sun-30 at: https://wandb.ai/ecrl/ppol-GrayScale-CNN/runs/ijswnojc
wandb: Synced 5 W&B file(s), 0 media file(s), 2 artifact file(s) and 0 other file(s)
wandb: Find logs at: ./wandb/run-20240329_205159-ijswnojc/logs
srun: error: rlhf.ist.berkeley.edu: task 0: Exited with exit code 1
