Traceback (most recent call last):
  File "/nas/ucb/mason/ethically-compliant-rl/PPOL/train_ppol.py", line 63, in <module>
    class MyCfg(TrainCfg):
  File "/nas/ucb/mason/ethically-compliant-rl/PPOL/train_ppol.py", line 65, in MyCfg
    project: str = "PPOL-600Epochs-SpeedConstraint-Cost=" + parse_args.cost_limit
TypeError: can only concatenate str (not "int") to str
Traceback (most recent call last):
  File "/nas/ucb/mason/ethically-compliant-rl/PPOL/train_ppol.py", line 63, in <module>
    class MyCfg(TrainCfg):
  File "/nas/ucb/mason/ethically-compliant-rl/PPOL/train_ppol.py", line 65, in MyCfg
    project: str = "PPOL-600Epochs-SpeedConstraint-Cost=" + parse_args.cost_limit
TypeError: can only concatenate str (not "int") to str
Traceback (most recent call last):
  File "/nas/ucb/mason/ethically-compliant-rl/PPOL/train_ppol.py", line 63, in <module>
    class MyCfg(TrainCfg):
  File "/nas/ucb/mason/ethically-compliant-rl/PPOL/train_ppol.py", line 65, in MyCfg
    project: str = "PPOL-600Epochs-SpeedConstraint-Cost=" + parse_args.cost_limit
TypeError: can only concatenate str (not "int") to str
Traceback (most recent call last):
  File "/nas/ucb/mason/ethically-compliant-rl/PPOL/train_ppol.py", line 63, in <module>
    class MyCfg(TrainCfg):
  File "/nas/ucb/mason/ethically-compliant-rl/PPOL/train_ppol.py", line 65, in MyCfg
    project: str = "PPOL-600Epochs-SpeedConstraint-Cost=" + parse_args.cost_limit
TypeError: can only concatenate str (not "int") to str
srun: error: airl.ist.berkeley.edu: task 0: Exited with exit code 1
srun: error: ddpg.ist.berkeley.edu: task 0: Exited with exit code 1
srun: error: gail.ist.berkeley.edu: task 0: Exited with exit code 1
srun: error: dqn.ist.berkeley.edu: task 0: Exited with exit code 1
srun: Job 97334 step creation temporarily disabled, retrying (Requested nodes are busy)
srun: Step created for StepId=97334.4
srun: Job 97334 step creation temporarily disabled, retrying (Requested nodes are busy)
srun: Step created for StepId=97334.5
srun: Job 97334 step creation temporarily disabled, retrying (Requested nodes are busy)
srun: Step created for StepId=97334.6
srun: Job 97334 step creation temporarily disabled, retrying (Requested nodes are busy)
srun: Step created for StepId=97334.7
Traceback (most recent call last):
  File "/nas/ucb/mason/ethically-compliant-rl/PPOL/train_ppol.py", line 63, in <module>
    class MyCfg(TrainCfg):
  File "/nas/ucb/mason/ethically-compliant-rl/PPOL/train_ppol.py", line 65, in MyCfg
    project: str = "PPOL-600Epochs-SpeedConstraint-Cost=" + parse_args.cost_limit
TypeError: can only concatenate str (not "int") to str
srun: Job 97334 step creation temporarily disabled, retrying (Requested nodes are busy)
srun: error: airl.ist.berkeley.edu: task 0: Exited with exit code 1
Traceback (most recent call last):
  File "/nas/ucb/mason/ethically-compliant-rl/PPOL/train_ppol.py", line 63, in <module>
    class MyCfg(TrainCfg):
  File "/nas/ucb/mason/ethically-compliant-rl/PPOL/train_ppol.py", line 65, in MyCfg
    project: str = "PPOL-600Epochs-SpeedConstraint-Cost=" + parse_args.cost_limit
TypeError: can only concatenate str (not "int") to str
srun: Job 97334 step creation temporarily disabled, retrying (Requested nodes are busy)
srun: Step created for StepId=97334.8
srun: error: ddpg.ist.berkeley.edu: task 0: Exited with exit code 1
srun: Job 97334 step creation temporarily disabled, retrying (Requested nodes are busy)
srun: Step created for StepId=97334.9
srun: Job 97334 step creation temporarily disabled, retrying (Requested nodes are busy)
Traceback (most recent call last):
  File "/nas/ucb/mason/ethically-compliant-rl/PPOL/train_ppol.py", line 63, in <module>
    class MyCfg(TrainCfg):
  File "/nas/ucb/mason/ethically-compliant-rl/PPOL/train_ppol.py", line 65, in MyCfg
    project: str = "PPOL-600Epochs-SpeedConstraint-Cost=" + parse_args.cost_limit
TypeError: can only concatenate str (not "int") to str
Traceback (most recent call last):
  File "/nas/ucb/mason/ethically-compliant-rl/PPOL/train_ppol.py", line 63, in <module>
    class MyCfg(TrainCfg):
  File "/nas/ucb/mason/ethically-compliant-rl/PPOL/train_ppol.py", line 65, in MyCfg
    project: str = "PPOL-600Epochs-SpeedConstraint-Cost=" + parse_args.cost_limit
TypeError: can only concatenate str (not "int") to str
srun: error: gail.ist.berkeley.edu: task 0: Exited with exit code 1
srun: error: dqn.ist.berkeley.edu: task 0: Exited with exit code 1
srun: Job 97334 step creation temporarily disabled, retrying (Requested nodes are busy)
srun: Step created for StepId=97334.10
Traceback (most recent call last):
  File "/nas/ucb/mason/ethically-compliant-rl/PPOL/train_ppol.py", line 63, in <module>
    class MyCfg(TrainCfg):
  File "/nas/ucb/mason/ethically-compliant-rl/PPOL/train_ppol.py", line 65, in MyCfg
    project: str = "PPOL-600Epochs-SpeedConstraint-Cost=" + parse_args.cost_limit
TypeError: can only concatenate str (not "int") to str
srun: Job 97334 step creation temporarily disabled, retrying (Requested nodes are busy)
srun: Step created for StepId=97334.11
srun: error: airl.ist.berkeley.edu: task 0: Exited with exit code 1
Traceback (most recent call last):
  File "/nas/ucb/mason/ethically-compliant-rl/PPOL/train_ppol.py", line 63, in <module>
    class MyCfg(TrainCfg):
  File "/nas/ucb/mason/ethically-compliant-rl/PPOL/train_ppol.py", line 65, in MyCfg
    project: str = "PPOL-600Epochs-SpeedConstraint-Cost=" + parse_args.cost_limit
TypeError: can only concatenate str (not "int") to str
srun: error: ddpg.ist.berkeley.edu: task 0: Exited with exit code 1
srun: Job 97334 step creation temporarily disabled, retrying (Requested nodes are busy)
srun: Step created for StepId=97334.12
Traceback (most recent call last):
  File "/nas/ucb/mason/ethically-compliant-rl/PPOL/train_ppol.py", line 63, in <module>
    class MyCfg(TrainCfg):
  File "/nas/ucb/mason/ethically-compliant-rl/PPOL/train_ppol.py", line 65, in MyCfg
    project: str = "PPOL-600Epochs-SpeedConstraint-Cost=" + parse_args.cost_limit
TypeError: can only concatenate str (not "int") to str
srun: error: dqn.ist.berkeley.edu: task 0: Exited with exit code 1
Traceback (most recent call last):
  File "/nas/ucb/mason/ethically-compliant-rl/PPOL/train_ppol.py", line 63, in <module>
    class MyCfg(TrainCfg):
  File "/nas/ucb/mason/ethically-compliant-rl/PPOL/train_ppol.py", line 65, in MyCfg
    project: str = "PPOL-600Epochs-SpeedConstraint-Cost=" + parse_args.cost_limit
TypeError: can only concatenate str (not "int") to str
srun: error: gail.ist.berkeley.edu: task 0: Exited with exit code 1
Traceback (most recent call last):
  File "/nas/ucb/mason/ethically-compliant-rl/PPOL/train_ppol.py", line 63, in <module>
    class MyCfg(TrainCfg):
  File "/nas/ucb/mason/ethically-compliant-rl/PPOL/train_ppol.py", line 65, in MyCfg
    project: str = "PPOL-600Epochs-SpeedConstraint-Cost=" + parse_args.cost_limit
TypeError: can only concatenate str (not "int") to str
srun: error: airl.ist.berkeley.edu: task 0: Exited with exit code 1
srun: Job 97334 step creation still disabled, retrying (Requested nodes are busy)
srun: Step created for StepId=97334.13
Traceback (most recent call last):
  File "/nas/ucb/mason/ethically-compliant-rl/PPOL/train_ppol.py", line 63, in <module>
    class MyCfg(TrainCfg):
  File "/nas/ucb/mason/ethically-compliant-rl/PPOL/train_ppol.py", line 65, in MyCfg
    project: str = "PPOL-600Epochs-SpeedConstraint-Cost=" + parse_args.cost_limit
TypeError: can only concatenate str (not "int") to str
srun: error: airl.ist.berkeley.edu: task 0: Exited with exit code 1
srun: Job 97334 step creation still disabled, retrying (Requested nodes are busy)
srun: Step created for StepId=97334.14
Traceback (most recent call last):
  File "/nas/ucb/mason/ethically-compliant-rl/PPOL/train_ppol.py", line 63, in <module>
    class MyCfg(TrainCfg):
  File "/nas/ucb/mason/ethically-compliant-rl/PPOL/train_ppol.py", line 65, in MyCfg
    project: str = "PPOL-600Epochs-SpeedConstraint-Cost=" + parse_args.cost_limit
TypeError: can only concatenate str (not "int") to str
srun: error: airl.ist.berkeley.edu: task 0: Exited with exit code 1
