wandb: Currently logged in as: mason-nakamura1 (ecrl). Use `wandb login --relogin` to force relogin
wandb: Currently logged in as: mason-nakamura1 (ecrl). Use `wandb login --relogin` to force relogin
wandb: Currently logged in as: mason-nakamura1 (ecrl). Use `wandb login --relogin` to force relogin
wandb: Currently logged in as: mason-nakamura1 (ecrl). Use `wandb login --relogin` to force relogin
wandb: wandb version 0.16.1 is available!  To upgrade, please run:
wandb:  $ pip install wandb --upgrade
wandb: Tracking run with wandb version 0.14.2
wandb: Run data is saved locally in /nas/ucb/mason/ethically-compliant-rl/wandb/run-20231229_193639-8ci5ufyf
wandb: Run `wandb offline` to turn off syncing.
wandb: Syncing run northern-resonance-55
wandb: ⭐️ View project at https://wandb.ai/ecrl/New-PPOL-NoMultipiler-SpeedLimit%3D2
wandb: 🚀 View run at https://wandb.ai/ecrl/New-PPOL-NoMultipiler-SpeedLimit%3D2/runs/8ci5ufyf
wandb: wandb version 0.16.1 is available!  To upgrade, please run:
wandb:  $ pip install wandb --upgrade
wandb: Tracking run with wandb version 0.14.2
wandb: Run data is saved locally in /nas/ucb/mason/ethically-compliant-rl/wandb/run-20231230_033639-m0vxm9c5
wandb: Run `wandb offline` to turn off syncing.
wandb: Syncing run likely-valley-54
wandb: ⭐️ View project at https://wandb.ai/ecrl/New-PPOL-NoMultipiler-SpeedLimit%3D2
wandb: 🚀 View run at https://wandb.ai/ecrl/New-PPOL-NoMultipiler-SpeedLimit%3D2/runs/m0vxm9c5
wandb: wandb version 0.16.1 is available!  To upgrade, please run:
wandb:  $ pip install wandb --upgrade
wandb: Tracking run with wandb version 0.14.2
wandb: Run data is saved locally in /nas/ucb/mason/ethically-compliant-rl/wandb/run-20231229_193639-p6qjtory
wandb: Run `wandb offline` to turn off syncing.
wandb: Syncing run rose-dust-56
wandb: ⭐️ View project at https://wandb.ai/ecrl/New-PPOL-NoMultipiler-SpeedLimit%3D2
wandb: 🚀 View run at https://wandb.ai/ecrl/New-PPOL-NoMultipiler-SpeedLimit%3D2/runs/p6qjtory
wandb: wandb version 0.16.1 is available!  To upgrade, please run:
wandb:  $ pip install wandb --upgrade
wandb: Tracking run with wandb version 0.14.2
wandb: Run data is saved locally in /nas/ucb/mason/ethically-compliant-rl/wandb/run-20231229_193639-1toz0e8d
wandb: Run `wandb offline` to turn off syncing.
wandb: Syncing run frosty-sun-57
wandb: ⭐️ View project at https://wandb.ai/ecrl/New-PPOL-NoMultipiler-SpeedLimit%3D2
wandb: 🚀 View run at https://wandb.ai/ecrl/New-PPOL-NoMultipiler-SpeedLimit%3D2/runs/1toz0e8d
Using cpu device
----------------------------------
| rollout/           |           |
|    ep_len_mean     | 1e+03     |
|    ep_rew_mean     | -1.35e+03 |
| time/              |           |
|    fps             | 121       |
|    iterations      | 1         |
|    time_elapsed    | 16        |
|    total_timesteps | 2048      |
----------------------------------
ENTERED
Traceback (most recent call last):
  File "/nas/ucb/mason/ethically-compliant-rl/PPOL_New/train_ppol_no_lagrange.py", line 114, in <module>
    train()
  File "/nas/ucb/mason/ethically-compliant-rl/.venv/lib/python3.9/site-packages/pyrallis/argparsing.py", line 158, in wrapper_inner
    response = fn(cfg, *args, **kwargs)
  File "/nas/ucb/mason/ethically-compliant-rl/PPOL_New/train_ppol_no_lagrange.py", line 91, in train
    agent.learn(total_timesteps=args.total_timesteps, callback=callback, reset_num_timesteps=False)
  File "/nas/ucb/mason/ethically-compliant-rl/stable_baselines3/stable_baselines3/ppol/ppol.py", line 422, in learn
    result = super().learn(
  File "/nas/ucb/mason/ethically-compliant-rl/stable_baselines3/stable_baselines3/common/on_policy_algorithm.py", line 594, in learn
    self.train()
  File "/nas/ucb/mason/ethically-compliant-rl/stable_baselines3/stable_baselines3/ppol/ppol.py", line 356, in train
    sub_env_episode_rewards = self.env.get_attr('episode_rewards', env_idx)
  File "/nas/ucb/mason/ethically-compliant-rl/stable_baselines3/stable_baselines3/common/vec_env/dummy_vec_env.py", line 116, in get_attr
    return [getattr(env_i, attr_name) for env_i in target_envs]
  File "/nas/ucb/mason/ethically-compliant-rl/stable_baselines3/stable_baselines3/common/vec_env/dummy_vec_env.py", line 116, in <listcomp>
    return [getattr(env_i, attr_name) for env_i in target_envs]
  File "/nas/ucb/mason/ethically-compliant-rl/.venv/lib/python3.9/site-packages/gymnasium/core.py", line 282, in __getattr__
    return getattr(self.env, name)
  File "/nas/ucb/mason/ethically-compliant-rl/.venv/lib/python3.9/site-packages/gymnasium/core.py", line 282, in __getattr__
    return getattr(self.env, name)
  File "/nas/ucb/mason/ethically-compliant-rl/.venv/lib/python3.9/site-packages/gymnasium/core.py", line 282, in __getattr__
    return getattr(self.env, name)
  [Previous line repeated 1 more time]
AttributeError: 'ParkingEnv' object has no attribute 'episode_rewards'
wandb: Waiting for W&B process to finish... (failed 1). Press Control-C to abort syncing.
Using cpu device
----------------------------------
| rollout/           |           |
|    ep_len_mean     | 1e+03     |
|    ep_rew_mean     | -1.26e+03 |
| time/              |           |
|    fps             | 114       |
|    iterations      | 1         |
|    time_elapsed    | 17        |
|    total_timesteps | 2048      |
----------------------------------
ENTERED
Traceback (most recent call last):
  File "/nas/ucb/mason/ethically-compliant-rl/PPOL_New/train_ppol_no_lagrange.py", line 114, in <module>
    train()
  File "/nas/ucb/mason/ethically-compliant-rl/.venv/lib/python3.9/site-packages/pyrallis/argparsing.py", line 158, in wrapper_inner
    response = fn(cfg, *args, **kwargs)
  File "/nas/ucb/mason/ethically-compliant-rl/PPOL_New/train_ppol_no_lagrange.py", line 91, in train
    agent.learn(total_timesteps=args.total_timesteps, callback=callback, reset_num_timesteps=False)
  File "/nas/ucb/mason/ethically-compliant-rl/stable_baselines3/stable_baselines3/ppol/ppol.py", line 422, in learn
    result = super().learn(
  File "/nas/ucb/mason/ethically-compliant-rl/stable_baselines3/stable_baselines3/common/on_policy_algorithm.py", line 594, in learn
    self.train()
  File "/nas/ucb/mason/ethically-compliant-rl/stable_baselines3/stable_baselines3/ppol/ppol.py", line 356, in train
    sub_env_episode_rewards = self.env.get_attr('episode_rewards', env_idx)
  File "/nas/ucb/mason/ethically-compliant-rl/stable_baselines3/stable_baselines3/common/vec_env/dummy_vec_env.py", line 116, in get_attr
    return [getattr(env_i, attr_name) for env_i in target_envs]
  File "/nas/ucb/mason/ethically-compliant-rl/stable_baselines3/stable_baselines3/common/vec_env/dummy_vec_env.py", line 116, in <listcomp>
    return [getattr(env_i, attr_name) for env_i in target_envs]
  File "/nas/ucb/mason/ethically-compliant-rl/.venv/lib/python3.9/site-packages/gymnasium/core.py", line 282, in __getattr__
    return getattr(self.env, name)
  File "/nas/ucb/mason/ethically-compliant-rl/.venv/lib/python3.9/site-packages/gymnasium/core.py", line 282, in __getattr__
    return getattr(self.env, name)
  File "/nas/ucb/mason/ethically-compliant-rl/.venv/lib/python3.9/site-packages/gymnasium/core.py", line 282, in __getattr__
    return getattr(self.env, name)
  [Previous line repeated 1 more time]
AttributeError: 'ParkingEnv' object has no attribute 'episode_rewards'
wandb: Waiting for W&B process to finish... (failed 1). Press Control-C to abort syncing.
Using cpu device
----------------------------------
| rollout/           |           |
|    ep_len_mean     | 1e+03     |
|    ep_rew_mean     | -1.25e+03 |
| time/              |           |
|    fps             | 110       |
|    iterations      | 1         |
|    time_elapsed    | 18        |
|    total_timesteps | 2048      |
----------------------------------
ENTERED
Traceback (most recent call last):
  File "/nas/ucb/mason/ethically-compliant-rl/PPOL_New/train_ppol_no_lagrange.py", line 114, in <module>
    train()
  File "/nas/ucb/mason/ethically-compliant-rl/.venv/lib/python3.9/site-packages/pyrallis/argparsing.py", line 158, in wrapper_inner
    response = fn(cfg, *args, **kwargs)
  File "/nas/ucb/mason/ethically-compliant-rl/PPOL_New/train_ppol_no_lagrange.py", line 91, in train
    agent.learn(total_timesteps=args.total_timesteps, callback=callback, reset_num_timesteps=False)
  File "/nas/ucb/mason/ethically-compliant-rl/stable_baselines3/stable_baselines3/ppol/ppol.py", line 422, in learn
    result = super().learn(
  File "/nas/ucb/mason/ethically-compliant-rl/stable_baselines3/stable_baselines3/common/on_policy_algorithm.py", line 594, in learn
    self.train()
  File "/nas/ucb/mason/ethically-compliant-rl/stable_baselines3/stable_baselines3/ppol/ppol.py", line 356, in train
    sub_env_episode_rewards = self.env.get_attr('episode_rewards', env_idx)
  File "/nas/ucb/mason/ethically-compliant-rl/stable_baselines3/stable_baselines3/common/vec_env/dummy_vec_env.py", line 116, in get_attr
    return [getattr(env_i, attr_name) for env_i in target_envs]
  File "/nas/ucb/mason/ethically-compliant-rl/stable_baselines3/stable_baselines3/common/vec_env/dummy_vec_env.py", line 116, in <listcomp>
    return [getattr(env_i, attr_name) for env_i in target_envs]
  File "/nas/ucb/mason/ethically-compliant-rl/.venv/lib/python3.9/site-packages/gymnasium/core.py", line 282, in __getattr__
    return getattr(self.env, name)
  File "/nas/ucb/mason/ethically-compliant-rl/.venv/lib/python3.9/site-packages/gymnasium/core.py", line 282, in __getattr__
    return getattr(self.env, name)
  File "/nas/ucb/mason/ethically-compliant-rl/.venv/lib/python3.9/site-packages/gymnasium/core.py", line 282, in __getattr__
    return getattr(self.env, name)
  [Previous line repeated 1 more time]
AttributeError: 'ParkingEnv' object has no attribute 'episode_rewards'
wandb: Waiting for W&B process to finish... (failed 1). Press Control-C to abort syncing.
Using cpu device
----------------------------------
| rollout/           |           |
|    ep_len_mean     | 1e+03     |
|    ep_rew_mean     | -1.25e+03 |
| time/              |           |
|    fps             | 102       |
|    iterations      | 1         |
|    time_elapsed    | 19        |
|    total_timesteps | 2048      |
----------------------------------
ENTERED
Traceback (most recent call last):
  File "/nas/ucb/mason/ethically-compliant-rl/PPOL_New/train_ppol_no_lagrange.py", line 114, in <module>
    train()
  File "/nas/ucb/mason/ethically-compliant-rl/.venv/lib/python3.9/site-packages/pyrallis/argparsing.py", line 158, in wrapper_inner
    response = fn(cfg, *args, **kwargs)
  File "/nas/ucb/mason/ethically-compliant-rl/PPOL_New/train_ppol_no_lagrange.py", line 91, in train
    agent.learn(total_timesteps=args.total_timesteps, callback=callback, reset_num_timesteps=False)
  File "/nas/ucb/mason/ethically-compliant-rl/stable_baselines3/stable_baselines3/ppol/ppol.py", line 422, in learn
    result = super().learn(
  File "/nas/ucb/mason/ethically-compliant-rl/stable_baselines3/stable_baselines3/common/on_policy_algorithm.py", line 594, in learn
    self.train()
  File "/nas/ucb/mason/ethically-compliant-rl/stable_baselines3/stable_baselines3/ppol/ppol.py", line 356, in train
    sub_env_episode_rewards = self.env.get_attr('episode_rewards', env_idx)
  File "/nas/ucb/mason/ethically-compliant-rl/stable_baselines3/stable_baselines3/common/vec_env/dummy_vec_env.py", line 116, in get_attr
    return [getattr(env_i, attr_name) for env_i in target_envs]
  File "/nas/ucb/mason/ethically-compliant-rl/stable_baselines3/stable_baselines3/common/vec_env/dummy_vec_env.py", line 116, in <listcomp>
    return [getattr(env_i, attr_name) for env_i in target_envs]
  File "/nas/ucb/mason/ethically-compliant-rl/.venv/lib/python3.9/site-packages/gymnasium/core.py", line 282, in __getattr__
    return getattr(self.env, name)
  File "/nas/ucb/mason/ethically-compliant-rl/.venv/lib/python3.9/site-packages/gymnasium/core.py", line 282, in __getattr__
    return getattr(self.env, name)
  File "/nas/ucb/mason/ethically-compliant-rl/.venv/lib/python3.9/site-packages/gymnasium/core.py", line 282, in __getattr__
    return getattr(self.env, name)
  [Previous line repeated 1 more time]
AttributeError: 'ParkingEnv' object has no attribute 'episode_rewards'
wandb: Waiting for W&B process to finish... (failed 1). Press Control-C to abort syncing.
wandb: 🚀 View run likely-valley-54 at: https://wandb.ai/ecrl/New-PPOL-NoMultipiler-SpeedLimit%3D2/runs/m0vxm9c5
wandb: Synced 5 W&B file(s), 0 media file(s), 2 artifact file(s) and 0 other file(s)
wandb: Find logs at: ./wandb/run-20231230_033639-m0vxm9c5/logs
wandb: 🚀 View run rose-dust-56 at: https://wandb.ai/ecrl/New-PPOL-NoMultipiler-SpeedLimit%3D2/runs/p6qjtory
wandb: Synced 5 W&B file(s), 0 media file(s), 0 artifact file(s) and 0 other file(s)
wandb: Find logs at: ./wandb/run-20231229_193639-p6qjtory/logs
wandb: 🚀 View run northern-resonance-55 at: https://wandb.ai/ecrl/New-PPOL-NoMultipiler-SpeedLimit%3D2/runs/8ci5ufyf
wandb: Synced 5 W&B file(s), 0 media file(s), 0 artifact file(s) and 0 other file(s)
wandb: Find logs at: ./wandb/run-20231229_193639-8ci5ufyf/logs
srun: error: airl.ist.berkeley.edu: task 0: Exited with exit code 1
wandb: 🚀 View run frosty-sun-57 at: https://wandb.ai/ecrl/New-PPOL-NoMultipiler-SpeedLimit%3D2/runs/1toz0e8d
wandb: Synced 5 W&B file(s), 0 media file(s), 0 artifact file(s) and 0 other file(s)
wandb: Find logs at: ./wandb/run-20231229_193639-1toz0e8d/logs
srun: error: dqn.ist.berkeley.edu: task 0: Exited with exit code 1
srun: error: gail.ist.berkeley.edu: task 0: Exited with exit code 1
srun: error: ddpg.ist.berkeley.edu: task 0: Exited with exit code 1
