wandb: Currently logged in as: mason-nakamura1 (ecrl). Use `wandb login --relogin` to force relogin
wandb: wandb version 0.16.5 is available!  To upgrade, please run:
wandb:  $ pip install wandb --upgrade
wandb: Tracking run with wandb version 0.14.2
wandb: Run data is saved locally in /nas/ucb/mason/ethically-compliant-rl/wandb/run-20240401_190540-21bunfkv
wandb: Run `wandb offline` to turn off syncing.
wandb: Syncing run apricot-sky-66
wandb: ⭐️ View project at https://wandb.ai/ecrl/ppol-GrayScale-CNN
wandb: 🚀 View run at https://wandb.ai/ecrl/ppol-GrayScale-CNN/runs/21bunfkv
Traceback (most recent call last):
  File "/nas/ucb/mason/ethically-compliant-rl/tests/PPOL_New/train_ppol_image_cnn.py", line 156, in <module>
    train()
  File "/nas/ucb/mason/ethically-compliant-rl/.venv/lib/python3.9/site-packages/pyrallis/argparsing.py", line 158, in wrapper_inner
    response = fn(cfg, *args, **kwargs)
  File "/nas/ucb/mason/ethically-compliant-rl/tests/PPOL_New/train_ppol_image_cnn.py", line 128, in train
    agent = PPOL("MlpPolicy",
  File "/nas/ucb/mason/ethically-compliant-rl/stable_baselines3/stable_baselines3/ppol/ppol.py", line 193, in __init__
    self._setup_model()
  File "/nas/ucb/mason/ethically-compliant-rl/stable_baselines3/stable_baselines3/ppol/ppol.py", line 196, in _setup_model
    super()._setup_model()
  File "/nas/ucb/mason/ethically-compliant-rl/stable_baselines3/stable_baselines3/common/on_policy_algorithm.py", line 425, in _setup_model
    self.set_random_seed(self.seed)
  File "/nas/ucb/mason/ethically-compliant-rl/stable_baselines3/stable_baselines3/common/base_class.py", line 565, in set_random_seed
    set_random_seed(seed, using_cuda=self.device.type == th.device("cuda").type)
AttributeError: 'str' object has no attribute 'type'
wandb: Waiting for W&B process to finish... (failed 1). Press Control-C to abort syncing.
wandb: - 0.027 MB of 0.027 MB uploaded (0.000 MB deduped)wandb: \ 0.027 MB of 0.027 MB uploaded (0.000 MB deduped)wandb: | 0.027 MB of 0.027 MB uploaded (0.000 MB deduped)wandb: / 0.027 MB of 0.027 MB uploaded (0.000 MB deduped)wandb: - 0.027 MB of 0.027 MB uploaded (0.000 MB deduped)wandb: 🚀 View run apricot-sky-66 at: https://wandb.ai/ecrl/ppol-GrayScale-CNN/runs/21bunfkv
wandb: Synced 5 W&B file(s), 0 media file(s), 2 artifact file(s) and 0 other file(s)
wandb: Find logs at: ./wandb/run-20240401_190540-21bunfkv/logs
srun: error: vae.ist.berkeley.edu: task 0: Exited with exit code 1
