wandb: Tracking run with wandb version 0.14.2
wandb: W&B syncing is set to `offline` in this directory.  
wandb: Run `wandb online` or set WANDB_MODE=online to enable cloud syncing.
wandb: Tracking run with wandb version 0.14.2
wandb: W&B syncing is set to `offline` in this directory.  
wandb: Run `wandb online` or set WANDB_MODE=online to enable cloud syncing.
wandb: Tracking run with wandb version 0.14.2
wandb: W&B syncing is set to `offline` in this directory.  
wandb: Run `wandb online` or set WANDB_MODE=online to enable cloud syncing.
/nas/ucb/mason/ethically-compliant-rl/.venv/lib/python3.9/site-packages/gymnasium/utils/passive_env_checker.py:164: UserWarning: [33mWARN: The obs returned by the `reset()` method was expecting numpy array dtype to be float32, actual type: float64[0m
  logger.warn(
/nas/ucb/mason/ethically-compliant-rl/.venv/lib/python3.9/site-packages/gymnasium/utils/passive_env_checker.py:188: UserWarning: [33mWARN: The obs returned by the `reset()` method is not within the observation space.[0m
  logger.warn(f"{pre} is not within the observation space.")
/nas/ucb/mason/ethically-compliant-rl/.venv/lib/python3.9/site-packages/gymnasium/utils/passive_env_checker.py:164: UserWarning: [33mWARN: The obs returned by the `reset()` method was expecting numpy array dtype to be float32, actual type: float64[0m
  logger.warn(
/nas/ucb/mason/ethically-compliant-rl/.venv/lib/python3.9/site-packages/gymnasium/utils/passive_env_checker.py:188: UserWarning: [33mWARN: The obs returned by the `reset()` method is not within the observation space.[0m
  logger.warn(f"{pre} is not within the observation space.")
/nas/ucb/mason/ethically-compliant-rl/.venv/lib/python3.9/site-packages/gymnasium/utils/passive_env_checker.py:164: UserWarning: [33mWARN: The obs returned by the `reset()` method was expecting numpy array dtype to be float32, actual type: float64[0m
  logger.warn(
/nas/ucb/mason/ethically-compliant-rl/.venv/lib/python3.9/site-packages/gymnasium/utils/passive_env_checker.py:188: UserWarning: [33mWARN: The obs returned by the `reset()` method is not within the observation space.[0m
  logger.warn(f"{pre} is not within the observation space.")
/nas/ucb/mason/ethically-compliant-rl/.venv/lib/python3.9/site-packages/gymnasium/utils/passive_env_checker.py:164: UserWarning: [33mWARN: The obs returned by the `step()` method was expecting numpy array dtype to be float32, actual type: float64[0m
  logger.warn(
/nas/ucb/mason/ethically-compliant-rl/.venv/lib/python3.9/site-packages/gymnasium/utils/passive_env_checker.py:188: UserWarning: [33mWARN: The obs returned by the `step()` method is not within the observation space.[0m
  logger.warn(f"{pre} is not within the observation space.")
/nas/ucb/mason/ethically-compliant-rl/.venv/lib/python3.9/site-packages/gymnasium/utils/passive_env_checker.py:164: UserWarning: [33mWARN: The obs returned by the `step()` method was expecting numpy array dtype to be float32, actual type: float64[0m
  logger.warn(
/nas/ucb/mason/ethically-compliant-rl/.venv/lib/python3.9/site-packages/gymnasium/utils/passive_env_checker.py:188: UserWarning: [33mWARN: The obs returned by the `step()` method is not within the observation space.[0m
  logger.warn(f"{pre} is not within the observation space.")
/nas/ucb/mason/ethically-compliant-rl/.venv/lib/python3.9/site-packages/gymnasium/utils/passive_env_checker.py:164: UserWarning: [33mWARN: The obs returned by the `step()` method was expecting numpy array dtype to be float32, actual type: float64[0m
  logger.warn(
/nas/ucb/mason/ethically-compliant-rl/.venv/lib/python3.9/site-packages/gymnasium/utils/passive_env_checker.py:188: UserWarning: [33mWARN: The obs returned by the `step()` method is not within the observation space.[0m
  logger.warn(f"{pre} is not within the observation space.")
wandb: Tracking run with wandb version 0.14.2
wandb: W&B syncing is set to `offline` in this directory.  
wandb: Run `wandb online` or set WANDB_MODE=online to enable cloud syncing.
/nas/ucb/mason/ethically-compliant-rl/.venv/lib/python3.9/site-packages/gymnasium/utils/passive_env_checker.py:164: UserWarning: [33mWARN: The obs returned by the `reset()` method was expecting numpy array dtype to be float32, actual type: float64[0m
  logger.warn(
/nas/ucb/mason/ethically-compliant-rl/.venv/lib/python3.9/site-packages/gymnasium/utils/passive_env_checker.py:188: UserWarning: [33mWARN: The obs returned by the `reset()` method is not within the observation space.[0m
  logger.warn(f"{pre} is not within the observation space.")
/nas/ucb/mason/ethically-compliant-rl/.venv/lib/python3.9/site-packages/gymnasium/utils/passive_env_checker.py:164: UserWarning: [33mWARN: The obs returned by the `step()` method was expecting numpy array dtype to be float32, actual type: float64[0m
  logger.warn(
/nas/ucb/mason/ethically-compliant-rl/.venv/lib/python3.9/site-packages/gymnasium/utils/passive_env_checker.py:188: UserWarning: [33mWARN: The obs returned by the `step()` method is not within the observation space.[0m
  logger.warn(f"{pre} is not within the observation space.")
srun: error: eio_message_socket_accept: slurm_receive_msg[35.203.210.190:57738]: Insane message length
Directory created: tests/PPOL_New/models/ppol-LIDAR-lines/dgf4ef7l
Directory already exists: tests/PPOL_New/models/ppol-LIDAR-lines/dgf4ef7l
Directory already exists: tests/PPOL_New/models/ppol-LIDAR-lines/dgf4ef7l
Directory already exists: tests/PPOL_New/models/ppol-LIDAR-lines/dgf4ef7l
Directory already exists: tests/PPOL_New/models/ppol-LIDAR-lines/dgf4ef7l
Directory already exists: tests/PPOL_New/models/ppol-LIDAR-lines/dgf4ef7l
Directory already exists: tests/PPOL_New/models/ppol-LIDAR-lines/dgf4ef7l
Directory already exists: tests/PPOL_New/models/ppol-LIDAR-lines/dgf4ef7l
Directory already exists: tests/PPOL_New/models/ppol-LIDAR-lines/dgf4ef7l
Directory already exists: tests/PPOL_New/models/ppol-LIDAR-lines/dgf4ef7l
Directory already exists: tests/PPOL_New/models/ppol-LIDAR-lines/dgf4ef7l
Directory already exists: tests/PPOL_New/models/ppol-LIDAR-lines/dgf4ef7l
Directory already exists: tests/PPOL_New/models/ppol-LIDAR-lines/dgf4ef7l
Directory already exists: tests/PPOL_New/models/ppol-LIDAR-lines/dgf4ef7l
Directory already exists: tests/PPOL_New/models/ppol-LIDAR-lines/dgf4ef7l
Directory already exists: tests/PPOL_New/models/ppol-LIDAR-lines/dgf4ef7l
Directory already exists: tests/PPOL_New/models/ppol-LIDAR-lines/dgf4ef7l
Directory already exists: tests/PPOL_New/models/ppol-LIDAR-lines/dgf4ef7l
Directory already exists: tests/PPOL_New/models/ppol-LIDAR-lines/dgf4ef7l
Directory already exists: tests/PPOL_New/models/ppol-LIDAR-lines/dgf4ef7l
wandb: Waiting for W&B process to finish... (success).
wandb: 
wandb: Run history:
wandb:                   avg_speed â–‡â–†â–†â–â–â–ƒâ–ˆâ–ˆâ–„â–ˆâ–ˆâ–ˆâ–…â–ˆâ–ˆâ–ˆâ–‚â–ˆâ–ˆâ–ˆâ–ˆâ–ˆâ–ˆâ–ˆâ–ˆâ–ˆâ–‡â–ˆâ–ˆâ–ˆâ–ˆâ–ˆâ–ˆâ–ˆâ–†â–ˆâ–‡â–†â–ˆâ–†
wandb:                        cost â–â–â–â–â–â–â–â–â–â–â–ˆâ–ˆâ–ˆâ–ˆâ–â–â–â–â–â–ˆâ–â–â–â–â–â–â–â–ˆâ–ˆâ–â–â–ˆâ–â–â–ˆâ–â–â–ˆâ–â–ˆ
wandb:                  is_success â–â–â–â–â–â–â–â–â–â–â–â–â–â–â–â–â–â–â–â–â–â–â–â–â–â–â–â–â–â–â–â–â–â–â–â–â–â–â–â–
wandb:                   max_speed â–‡â–†â–†â–â–â–ƒâ–ˆâ–ˆâ–„â–ˆâ–ˆâ–ˆâ–…â–ˆâ–ˆâ–ˆâ–‚â–ˆâ–ˆâ–ˆâ–ˆâ–ˆâ–ˆâ–ˆâ–ˆâ–ˆâ–‡â–ˆâ–ˆâ–ˆâ–ˆâ–ˆâ–ˆâ–ˆâ–†â–ˆâ–‡â–†â–ˆâ–†
wandb:                      reward â–â–…â–†â–†â–†â–‡â–…â–†â–†â–‡â–ˆâ–†â–‡â–‡â–‡â–ˆâ–†â–‡â–‡â–ˆâ–‡â–‡â–‡â–‡â–‡â–‡â–ˆâ–ˆâ–‡â–‡â–‡â–ˆâ–„â–‡â–‡â–‡â–‡â–ˆâ–ˆâ–‡
wandb:             train/approx_kl â–â–â–â–â–â–â–â–â–â–â–‚â–â–â–‚â–‚â–â–â–‚â–‚â–‚â–‚â–ƒâ–‚â–‚â–‚â–ƒâ–…â–‚â–â–„â–„â–„â–‚â–ˆâ–ƒâ–‚â–‚â–‡â–ƒâ–‚
wandb:         train/clip_fraction â–â–â–â–‚â–â–‚â–‚â–â–‚â–‚â–‚â–‚â–‚â–‚â–‚â–‚â–‚â–ƒâ–ƒâ–ƒâ–‚â–„â–„â–„â–ƒâ–…â–…â–ƒâ–ƒâ–„â–„â–ƒâ–ƒâ–…â–…â–„â–„â–ˆâ–„â–„
wandb:            train/clip_range â–â–â–â–â–â–â–â–â–â–â–â–â–â–â–â–â–â–â–â–â–â–â–â–â–â–â–â–â–â–â–â–â–â–â–â–â–â–â–â–
wandb:          train/cost_returns â–â–â–„â–…â–…â–…â–„â–†â–‡â–‡â–ˆâ–‡â–ˆâ–ˆâ–ˆâ–‡â–†â–‡â–‡â–†â–†â–†â–†â–†â–†â–†â–…â–…â–…â–†â–…â–…â–ƒâ–…â–…â–†â–…â–ƒâ–…â–
wandb:       train/cost_value_loss â–â–â–„â–„â–ƒâ–ƒâ–‚â–„â–†â–…â–ˆâ–†â–ˆâ–ˆâ–ˆâ–†â–…â–†â–…â–„â–„â–ƒâ–„â–…â–„â–„â–ƒâ–ƒâ–ƒâ–„â–ƒâ–ƒâ–‚â–ƒâ–ƒâ–„â–„â–ƒâ–ƒâ–‚
wandb:           train/cost_values â–ƒâ–ƒâ–†â–ˆâ–ˆâ–ˆâ–ˆâ–ˆâ–ˆâ–ˆâ–ˆâ–ˆâ–ˆâ–ˆâ–ˆâ–ˆâ–‡â–ˆâ–ˆâ–ˆâ–ˆâ–ˆâ–ˆâ–ˆâ–ˆâ–ˆâ–ˆâ–ˆâ–ˆâ–ˆâ–‡â–†â–„â–ˆâ–ˆâ–ˆâ–†â–ƒâ–‡â–
wandb:               train/entropy â–â–â–â–â–â–â–‚â–‚â–‚â–‚â–‚â–ƒâ–ƒâ–ƒâ–ƒâ–„â–„â–„â–„â–…â–…â–…â–†â–†â–†â–†â–‡â–‡â–‡â–‡â–‡â–‡â–‡â–‡â–ˆâ–ˆâ–ˆâ–ˆâ–ˆâ–ˆ
wandb:          train/entropy_loss â–â–â–â–â–â–â–‚â–‚â–‚â–‚â–‚â–ƒâ–ƒâ–ƒâ–ƒâ–„â–„â–„â–„â–…â–…â–…â–†â–†â–†â–†â–‡â–‡â–‡â–‡â–‡â–‡â–‡â–‡â–ˆâ–ˆâ–ˆâ–ˆâ–ˆâ–ˆ
wandb:    train/explained_variance â–â–â–†â–ƒâ–…â–…â–ƒâ–ƒâ–‡â–‡â–ˆâ–ˆâ–ˆâ–ˆâ–ˆâ–‡â–†â–„â–…â–„â–„â–†â–…â–…â–…â–…â–…â–†â–…â–…â–…â–…â–ˆâ–…â–†â–†â–ƒâ–ˆâ–†â–ˆ
wandb: train/lagrangian_multiplier â–â–â–‚â–„â–‚â–ƒâ–â–ƒâ–„â–†â–ˆâ–„â–‚â–ƒâ–†â–‚â–„â–„â–„â–†â–„â–ƒâ–‚â–ƒâ–†â–‚â–‚â–‚â–‚â–ƒâ–‚â–â–â–ƒâ–ƒâ–ƒâ–â–…â–‚â–
wandb:         train/learning_rate â–â–â–â–â–â–â–â–â–â–â–â–â–â–â–â–â–â–â–â–â–â–â–â–â–â–â–â–â–â–â–â–â–â–â–â–â–â–â–â–
wandb:                  train/loss â–†â–‚â–â–â–â–â–ˆâ–â–â–â–â–â–â–â–â–â–â–â–â–â–â–â–â–â–â–â–â–â–â–â–â–â–â–â–â–â–â–â–â–
wandb:             train/n_updates â–â–â–â–‚â–‚â–‚â–‚â–‚â–‚â–ƒâ–ƒâ–ƒâ–ƒâ–ƒâ–ƒâ–„â–„â–„â–„â–„â–…â–…â–…â–…â–…â–…â–†â–†â–†â–†â–†â–‡â–‡â–‡â–‡â–‡â–‡â–ˆâ–ˆâ–ˆ
wandb:  train/policy_gradient_loss â–â–â–â–â–â–â–‚â–â–â–â–â–â–â–â–â–â–â–â–â–â–â–‚â–‚â–‚â–â–ƒâ–‚â–â–‚â–‚â–‚â–â–‚â–‚â–‚â–â–â–ˆâ–‚â–‚
wandb:                   train/std â–‡â–ˆâ–ˆâ–ˆâ–‡â–‡â–†â–†â–†â–†â–…â–…â–„â–„â–„â–ƒâ–ƒâ–ƒâ–ƒâ–‚â–‚â–‚â–‚â–‚â–‚â–‚â–‚â–â–â–â–â–â–â–â–â–â–â–â–â–
wandb:            train/value_loss â–…â–‚â–â–â–â–â–ˆâ–â–â–â–â–â–â–â–â–â–â–â–â–â–â–â–â–â–â–â–â–â–â–â–â–â–â–â–â–â–â–â–â–‚
wandb: 
wandb: Run summary:
wandb:                   avg_speed 8.0
wandb:                        cost 0
wandb:                  is_success 0
wandb:                   max_speed 8.0
wandb:                      reward -1.14266
wandb:             train/approx_kl 0.0268
wandb:         train/clip_fraction 0.2689
wandb:            train/clip_range 0.2
wandb:          train/cost_returns 1.47473
wandb:       train/cost_value_loss 5.43732
wandb:           train/cost_values 0.39425
wandb:               train/entropy 2.12044
wandb:          train/entropy_loss 2.11519
wandb:    train/explained_variance 0.99248
wandb: train/lagrangian_multiplier 0.0
wandb:         train/learning_rate 0.0003
wandb:                  train/loss 22.57265
wandb:             train/n_updates 19590
wandb:  train/policy_gradient_loss 0.01018
wandb:                   train/std 0.08497
wandb:            train/value_loss 46.52106
wandb: 
wandb: You can sync this run to the cloud by running:
wandb: wandb sync /nas/ucb/mason/ethically-compliant-rl/wandb/offline-run-20240308_211950-dgf4ef7l
wandb: Find logs at: ./wandb/offline-run-20240308_211950-dgf4ef7l/logs
Directory created: tests/PPOL_New/models/ppol-LIDAR-lines/8luusdcj
Directory already exists: tests/PPOL_New/models/ppol-LIDAR-lines/8luusdcj
Directory already exists: tests/PPOL_New/models/ppol-LIDAR-lines/8luusdcj
Directory already exists: tests/PPOL_New/models/ppol-LIDAR-lines/8luusdcj
Directory already exists: tests/PPOL_New/models/ppol-LIDAR-lines/8luusdcj
Directory already exists: tests/PPOL_New/models/ppol-LIDAR-lines/8luusdcj
Directory already exists: tests/PPOL_New/models/ppol-LIDAR-lines/8luusdcj
Directory already exists: tests/PPOL_New/models/ppol-LIDAR-lines/8luusdcj
Directory already exists: tests/PPOL_New/models/ppol-LIDAR-lines/8luusdcj
Directory already exists: tests/PPOL_New/models/ppol-LIDAR-lines/8luusdcj
Directory already exists: tests/PPOL_New/models/ppol-LIDAR-lines/8luusdcj
Directory already exists: tests/PPOL_New/models/ppol-LIDAR-lines/8luusdcj
Directory already exists: tests/PPOL_New/models/ppol-LIDAR-lines/8luusdcj
Directory already exists: tests/PPOL_New/models/ppol-LIDAR-lines/8luusdcj
Directory already exists: tests/PPOL_New/models/ppol-LIDAR-lines/8luusdcj
Directory already exists: tests/PPOL_New/models/ppol-LIDAR-lines/8luusdcj
Directory already exists: tests/PPOL_New/models/ppol-LIDAR-lines/8luusdcj
Directory already exists: tests/PPOL_New/models/ppol-LIDAR-lines/8luusdcj
Directory already exists: tests/PPOL_New/models/ppol-LIDAR-lines/8luusdcj
Directory already exists: tests/PPOL_New/models/ppol-LIDAR-lines/8luusdcj
wandb: Waiting for W&B process to finish... (success).
wandb: 
wandb: Run history:
wandb:                   avg_speed â–…â–â–ˆâ–ˆâ–…â–ˆâ–„â–ˆâ–ˆâ–ˆâ–ˆâ–â–ˆâ–ˆâ–ˆâ–†â–…â–„â–â–†â–ˆâ–â–…â–ˆâ–†â–…â–ˆâ–ˆâ–ˆâ–†â–†â–ƒâ–‚â–ˆâ–ˆâ–ˆâ–ˆâ–ˆâ–‚â–ˆ
wandb:                        cost â–â–â–â–ˆâ–ˆâ–â–ˆâ–ˆâ–â–â–â–â–â–ˆâ–â–â–â–ˆâ–â–ˆâ–â–â–â–â–ˆâ–ˆâ–â–â–â–â–â–ˆâ–â–â–â–ˆâ–ˆâ–ˆâ–â–
wandb:                  is_success â–â–â–â–â–â–â–â–â–â–â–â–â–â–â–â–â–â–â–â–â–â–â–â–â–â–â–â–â–â–â–â–â–â–â–â–â–â–â–â–
wandb:                   max_speed â–…â–â–ˆâ–ˆâ–…â–ˆâ–„â–ˆâ–ˆâ–ˆâ–ˆâ–â–ˆâ–ˆâ–ˆâ–†â–…â–„â–â–†â–ˆâ–â–…â–ˆâ–†â–…â–ˆâ–ˆâ–ˆâ–†â–†â–ƒâ–‚â–ˆâ–ˆâ–ˆâ–ˆâ–ˆâ–‚â–ˆ
wandb:                      reward â–â–„â–‚â–„â–ƒâ–„â–…â–…â–†â–†â–…â–„â–‡â–†â–‡â–†â–‡â–†â–ƒâ–†â–ˆâ–ƒâ–‡â–‡â–‡â–†â–†â–‡â–‡â–‡â–†â–†â–„â–†â–…â–‡â–‡â–‡â–ƒâ–†
wandb:             train/approx_kl â–â–â–â–â–â–â–â–â–â–â–‚â–â–‚â–‚â–‚â–‚â–‚â–‚â–ƒâ–‚â–ƒâ–‚â–‚â–ƒâ–†â–ƒâ–‡â–„â–ƒâ–„â–ƒâ–‚â–…â–‡â–ˆâ–„â–„â–„â–…â–„
wandb:         train/clip_fraction â–â–â–‚â–â–‚â–‚â–‚â–ƒâ–‚â–‚â–…â–„â–…â–„â–„â–…â–„â–„â–ˆâ–†â–†â–‡â–„â–‡â–‡â–…â–‡â–†â–‡â–…â–†â–…â–ˆâ–ˆâ–†â–‡â–‡â–ˆâ–‡â–ˆ
wandb:            train/clip_range â–â–â–â–â–â–â–â–â–â–â–â–â–â–â–â–â–â–â–â–â–â–â–â–â–â–â–â–â–â–â–â–â–â–â–â–â–â–â–â–
wandb:          train/cost_returns â–â–ƒâ–„â–‡â–‡â–‡â–‡â–‡â–‡â–…â–‡â–ˆâ–‡â–†â–‡â–ˆâ–‡â–‡â–‡â–‡â–ˆâ–‡â–‡â–†â–†â–‡â–†â–‡â–†â–‡â–‡â–‡â–†â–‡â–‡â–‡â–†â–‡â–†â–†
wandb:       train/cost_value_loss â–â–ƒâ–‚â–…â–…â–†â–†â–†â–†â–…â–†â–‡â–…â–…â–…â–ˆâ–†â–‡â–‡â–†â–ˆâ–†â–…â–…â–„â–…â–„â–…â–„â–†â–†â–‡â–…â–‡â–†â–†â–„â–…â–…â–„
wandb:           train/cost_values â–â–‡â–…â–ˆâ–ˆâ–ˆâ–ˆâ–ˆâ–ˆâ–‡â–ˆâ–ˆâ–ˆâ–ˆâ–ˆâ–ˆâ–ˆâ–ˆâ–ˆâ–ˆâ–ˆâ–ˆâ–ˆâ–ˆâ–ˆâ–ˆâ–ˆâ–ˆâ–ˆâ–ˆâ–ˆâ–ˆâ–ˆâ–ˆâ–ˆâ–ˆâ–ˆâ–ˆâ–ˆâ–ˆ
wandb:               train/entropy â–â–â–â–â–‚â–‚â–‚â–ƒâ–ƒâ–ƒâ–„â–„â–„â–„â–…â–…â–…â–…â–†â–†â–†â–†â–†â–‡â–‡â–‡â–‡â–‡â–‡â–‡â–‡â–‡â–‡â–ˆâ–ˆâ–ˆâ–ˆâ–ˆâ–ˆâ–ˆ
wandb:          train/entropy_loss â–â–â–â–â–‚â–‚â–‚â–ƒâ–ƒâ–ƒâ–„â–„â–„â–„â–…â–…â–…â–…â–†â–†â–†â–†â–†â–‡â–‡â–‡â–‡â–‡â–‡â–‡â–‡â–‡â–‡â–ˆâ–ˆâ–ˆâ–ˆâ–ˆâ–ˆâ–ˆ
wandb:    train/explained_variance â–â–â–ˆâ–„â–â–„â–â–„â–„â–ˆâ–„â–„â–…â–ƒâ–„â–„â–„â–ƒâ–„â–…â–„â–†â–†â–…â–†â–…â–†â–†â–‡â–„â–„â–…â–ˆâ–…â–‡â–†â–ˆâ–‡â–…â–‡
wandb: train/lagrangian_multiplier â–â–â–‚â–„â–„â–„â–„â–‚â–„â–‚â–â–ˆâ–…â–„â–†â–„â–…â–…â–â–…â–„â–…â–â–ƒâ–‚â–…â–‚â–‚â–ƒâ–‡â–„â–ƒâ–„â–…â–â–…â–„â–‚â–â–„
wandb:         train/learning_rate â–â–â–â–â–â–â–â–â–â–â–â–â–â–â–â–â–â–â–â–â–â–â–â–â–â–â–â–â–â–â–â–â–â–â–â–â–â–â–â–
wandb:                  train/loss â–†â–ˆâ–â–â–â–â–â–â–â–â–‚â–â–â–â–â–â–â–â–‚â–â–â–â–‚â–â–â–â–â–â–â–â–â–â–â–â–â–â–â–â–‚â–
wandb:             train/n_updates â–â–â–â–‚â–‚â–‚â–‚â–‚â–‚â–ƒâ–ƒâ–ƒâ–ƒâ–ƒâ–ƒâ–„â–„â–„â–„â–„â–…â–…â–…â–…â–…â–…â–†â–†â–†â–†â–†â–‡â–‡â–‡â–‡â–‡â–‡â–ˆâ–ˆâ–ˆ
wandb:  train/policy_gradient_loss â–ƒâ–ƒâ–‚â–‚â–‚â–‚â–‚â–ƒâ–‚â–ƒâ–„â–â–ƒâ–â–â–…â–‚â–‚â–ˆâ–…â–ƒâ–…â–â–†â–…â–ƒâ–„â–„â–…â–ƒâ–ƒâ–‚â–…â–†â–…â–ƒâ–„â–†â–ƒâ–…
wandb:                   train/std â–ˆâ–ˆâ–‡â–‡â–†â–†â–…â–„â–„â–ƒâ–ƒâ–ƒâ–ƒâ–‚â–‚â–‚â–‚â–‚â–‚â–‚â–‚â–â–â–â–â–â–â–â–â–â–â–â–â–â–â–â–â–â–â–
wandb:            train/value_loss â–‡â–ˆâ–â–â–‚â–â–‚â–â–â–â–â–â–â–â–â–â–â–â–â–â–â–â–â–â–â–â–â–â–â–â–â–â–â–â–â–â–â–â–â–
wandb: 
wandb: Run summary:
wandb:                   avg_speed 0.2
wandb:                        cost 0
wandb:                  is_success 0
wandb:                   max_speed 0.2
wandb:                      reward -0.61464
wandb:             train/approx_kl 0.06966
wandb:         train/clip_fraction 0.38008
wandb:            train/clip_range 0.2
wandb:          train/cost_returns 7.31901
wandb:       train/cost_value_loss 26.27221
wandb:           train/cost_values 3.00046
wandb:               train/entropy 3.19228
wandb:          train/entropy_loss 3.19206
wandb:    train/explained_variance 0.61981
wandb: train/lagrangian_multiplier 0.01142
wandb:         train/learning_rate 0.0003
wandb:                  train/loss 5.07053
wandb:             train/n_updates 19590
wandb:  train/policy_gradient_loss 0.00616
wandb:                   train/std 0.04919
wandb:            train/value_loss 7.96065
wandb: 
wandb: You can sync this run to the cloud by running:
wandb: wandb sync /nas/ucb/mason/ethically-compliant-rl/wandb/offline-run-20240308_131950-8luusdcj
wandb: Find logs at: ./wandb/offline-run-20240308_131950-8luusdcj/logs
Directory created: tests/PPOL_New/models/ppol-LIDAR-lines/lxh2yqa9
Directory already exists: tests/PPOL_New/models/ppol-LIDAR-lines/lxh2yqa9
Directory already exists: tests/PPOL_New/models/ppol-LIDAR-lines/lxh2yqa9
Directory already exists: tests/PPOL_New/models/ppol-LIDAR-lines/lxh2yqa9
Directory already exists: tests/PPOL_New/models/ppol-LIDAR-lines/lxh2yqa9
Directory already exists: tests/PPOL_New/models/ppol-LIDAR-lines/lxh2yqa9
Directory already exists: tests/PPOL_New/models/ppol-LIDAR-lines/lxh2yqa9
Directory already exists: tests/PPOL_New/models/ppol-LIDAR-lines/lxh2yqa9
Directory already exists: tests/PPOL_New/models/ppol-LIDAR-lines/lxh2yqa9
Directory already exists: tests/PPOL_New/models/ppol-LIDAR-lines/lxh2yqa9
Directory already exists: tests/PPOL_New/models/ppol-LIDAR-lines/lxh2yqa9
Directory already exists: tests/PPOL_New/models/ppol-LIDAR-lines/lxh2yqa9
Directory already exists: tests/PPOL_New/models/ppol-LIDAR-lines/lxh2yqa9
Directory already exists: tests/PPOL_New/models/ppol-LIDAR-lines/lxh2yqa9
Directory already exists: tests/PPOL_New/models/ppol-LIDAR-lines/lxh2yqa9
Directory already exists: tests/PPOL_New/models/ppol-LIDAR-lines/lxh2yqa9
Directory already exists: tests/PPOL_New/models/ppol-LIDAR-lines/lxh2yqa9
Directory already exists: tests/PPOL_New/models/ppol-LIDAR-lines/lxh2yqa9
Directory already exists: tests/PPOL_New/models/ppol-LIDAR-lines/lxh2yqa9
Directory already exists: tests/PPOL_New/models/ppol-LIDAR-lines/lxh2yqa9
wandb: Waiting for W&B process to finish... (success).
wandb: 
wandb: Run history:
wandb:                   avg_speed â–ˆâ–ˆâ–‡â–‡â–ˆâ–ˆâ–ˆâ–ˆâ–ˆâ–‡â–ˆâ–ˆâ–ˆâ–†â–‡â–ˆâ–â–ƒâ–ˆâ–ˆâ–ˆâ–ˆâ–…â–…â–‚â–…â–†â–ˆâ–ƒâ–†â–ƒâ–ˆâ–…â–„â–…â–†â–„â–‡â–ˆâ–ˆ
wandb:                        cost â–â–â–â–ˆâ–â–â–â–ˆâ–â–â–ˆâ–ˆâ–ˆâ–â–â–â–â–ˆâ–â–â–â–â–â–â–â–â–â–â–â–â–â–â–ˆâ–â–â–â–â–â–â–
wandb:                  is_success â–â–â–â–â–â–â–â–â–â–â–â–â–â–â–â–â–â–â–â–â–â–â–â–â–â–â–â–â–â–â–â–â–â–â–â–â–â–â–â–
wandb:                   max_speed â–ˆâ–ˆâ–‡â–‡â–ˆâ–ˆâ–ˆâ–ˆâ–ˆâ–‡â–ˆâ–ˆâ–ˆâ–†â–‡â–ˆâ–â–ƒâ–ˆâ–ˆâ–ˆâ–ˆâ–…â–…â–‚â–…â–†â–ˆâ–ƒâ–†â–ƒâ–ˆâ–…â–„â–…â–†â–„â–‡â–ˆâ–ˆ
wandb:                      reward â–â–ƒâ–†â–‡â–†â–†â–‡â–ˆâ–ˆâ–‡â–ˆâ–ˆâ–ˆâ–ˆâ–ˆâ–‡â–‡â–‡â–ˆâ–ˆâ–‡â–ˆâ–‡â–ˆâ–‡â–ˆâ–ˆâ–‡â–ˆâ–‡â–ˆâ–‡â–ˆâ–ˆâ–‡â–ˆâ–ˆâ–ˆâ–‡â–‡
wandb:             train/approx_kl â–â–â–â–â–â–‚â–â–â–ˆâ–‚â–„â–â–‚â–‚â–ƒâ–â–â–‚â–„â–‚â–‚â–â–â–ˆâ–â–ƒâ–ƒâ–ƒâ–„â–‡â–†â–ƒâ–‚â–ƒâ–‚â–ƒâ–ƒâ–‚â–ƒâ–ƒ
wandb:         train/clip_fraction â–â–‚â–‚â–â–ƒâ–ƒâ–ƒâ–‚â–‡â–ƒâ–…â–‚â–ƒâ–„â–ƒâ–ƒâ–‚â–…â–†â–…â–…â–ƒâ–ƒâ–‡â–„â–†â–…â–…â–‡â–ˆâ–†â–…â–ƒâ–…â–ƒâ–…â–†â–†â–†â–„
wandb:            train/clip_range â–â–â–â–â–â–â–â–â–â–â–â–â–â–â–â–â–â–â–â–â–â–â–â–â–â–â–â–â–â–â–â–â–â–â–â–â–â–â–â–
wandb:          train/cost_returns â–â–‚â–„â–†â–†â–†â–†â–‡â–†â–†â–‡â–‡â–†â–‡â–†â–‡â–‡â–†â–†â–†â–‡â–‡â–‡â–‡â–ˆâ–‡â–‡â–ˆâ–ˆâ–†â–‡â–†â–ˆâ–ˆâ–‡â–‡â–‡â–…â–‡â–‡
wandb:       train/cost_value_loss â–â–„â–‚â–ƒâ–„â–„â–…â–†â–„â–„â–‡â–†â–…â–‡â–…â–†â–†â–…â–…â–…â–…â–…â–†â–‡â–‡â–†â–†â–ˆâ–ˆâ–…â–‡â–…â–ˆâ–‡â–‡â–‡â–†â–…â–‡â–†
wandb:           train/cost_values â–â–â–‡â–ˆâ–ˆâ–ˆâ–ˆâ–ˆâ–ˆâ–ˆâ–ˆâ–ˆâ–ˆâ–ˆâ–ˆâ–ˆâ–ˆâ–ˆâ–ˆâ–ˆâ–ˆâ–ˆâ–ˆâ–ˆâ–ˆâ–ˆâ–ˆâ–ˆâ–ˆâ–ˆâ–ˆâ–ˆâ–ˆâ–ˆâ–ˆâ–ˆâ–ˆâ–ˆâ–ˆâ–ˆ
wandb:               train/entropy â–‚â–â–â–â–‚â–‚â–‚â–ƒâ–ƒâ–ƒâ–„â–„â–„â–„â–…â–…â–…â–…â–…â–†â–†â–†â–†â–†â–†â–‡â–‡â–‡â–‡â–‡â–‡â–‡â–‡â–‡â–‡â–ˆâ–ˆâ–ˆâ–ˆâ–ˆ
wandb:          train/entropy_loss â–‚â–â–â–â–‚â–‚â–‚â–ƒâ–ƒâ–ƒâ–„â–„â–„â–„â–…â–…â–…â–…â–…â–†â–†â–†â–†â–†â–†â–‡â–‡â–‡â–‡â–‡â–‡â–‡â–‡â–‡â–‡â–ˆâ–ˆâ–ˆâ–ˆâ–ˆ
wandb:    train/explained_variance â–‚â–‚â–â–†â–„â–‚â–ƒâ–ƒâ–â–„â–…â–ƒâ–„â–„â–ƒâ–ƒâ–„â–‡â–„â–ƒâ–„â–…â–„â–„â–†â–†â–…â–†â–ƒâ–‚â–„â–…â–…â–ˆâ–…â–„â–„â–ˆâ–…â–ˆ
wandb: train/lagrangian_multiplier â–â–â–‚â–ƒâ–ƒâ–‚â–ƒâ–ƒâ–‚â–‚â–‚â–â–â–…â–‚â–â–â–„â–â–ƒâ–â–ƒâ–ƒâ–ƒâ–…â–…â–â–â–ˆâ–„â–„â–„â–†â–â–‚â–…â–‚â–‚â–„â–„
wandb:         train/learning_rate â–â–â–â–â–â–â–â–â–â–â–â–â–â–â–â–â–â–â–â–â–â–â–â–â–â–â–â–â–â–â–â–â–â–â–â–â–â–â–â–
wandb:                  train/loss â–ˆâ–†â–â–â–â–â–â–â–â–â–â–â–‚â–â–â–‚â–â–â–‚â–â–‚â–â–â–â–â–â–‚â–‚â–â–â–â–â–â–‚â–â–â–â–â–â–
wandb:             train/n_updates â–â–â–â–‚â–‚â–‚â–‚â–‚â–‚â–ƒâ–ƒâ–ƒâ–ƒâ–ƒâ–ƒâ–„â–„â–„â–„â–„â–…â–…â–…â–…â–…â–…â–†â–†â–†â–†â–†â–‡â–‡â–‡â–‡â–‡â–‡â–ˆâ–ˆâ–ˆ
wandb:  train/policy_gradient_loss â–ƒâ–‚â–‚â–ƒâ–â–‚â–â–‚â–…â–‚â–„â–‚â–‚â–‚â–ƒâ–‚â–‚â–ƒâ–‡â–„â–ƒâ–â–‚â–†â–ƒâ–„â–„â–‚â–„â–ˆâ–„â–ƒâ–â–ƒâ–â–ƒâ–„â–…â–„â–‚
wandb:                   train/std â–‡â–ˆâ–ˆâ–‡â–‡â–†â–†â–…â–…â–„â–„â–„â–„â–ƒâ–ƒâ–ƒâ–ƒâ–ƒâ–ƒâ–ƒâ–‚â–‚â–‚â–‚â–‚â–‚â–‚â–‚â–‚â–‚â–‚â–â–â–â–â–â–â–â–â–
wandb:            train/value_loss â–ˆâ–†â–â–â–â–â–â–â–â–â–â–â–â–â–â–â–â–â–â–â–â–â–â–â–â–â–â–â–â–â–â–â–â–â–â–â–â–â–â–
wandb: 
wandb: Run summary:
wandb:                   avg_speed 7.62569
wandb:                        cost 0
wandb:                  is_success 0
wandb:                   max_speed 7.62569
wandb:                      reward -0.33016
wandb:             train/approx_kl 0.02976
wandb:         train/clip_fraction 0.16606
wandb:            train/clip_range 0.2
wandb:          train/cost_returns 9.16608
wandb:       train/cost_value_loss 45.32296
wandb:           train/cost_values 2.99794
wandb:               train/entropy 0.38228
wandb:          train/entropy_loss 0.37746
wandb:    train/explained_variance 0.80939
wandb: train/lagrangian_multiplier 0.0148
wandb:         train/learning_rate 0.0003
wandb:                  train/loss 5.71149
wandb:             train/n_updates 19590
wandb:  train/policy_gradient_loss -0.00935
wandb:                   train/std 0.22389
wandb:            train/value_loss 8.71068
wandb: 
wandb: You can sync this run to the cloud by running:
wandb: wandb sync /nas/ucb/mason/ethically-compliant-rl/wandb/offline-run-20240308_131952-lxh2yqa9
wandb: Find logs at: ./wandb/offline-run-20240308_131952-lxh2yqa9/logs
slurmstepd: error: *** JOB 148885 ON airl.ist.berkeley.edu CANCELLED AT 2024-03-09T21:16:36 ***
slurmstepd: error: *** STEP 148885.1 ON ddpg.ist.berkeley.edu CANCELLED AT 2024-03-09T13:16:36 ***
