wandb: Currently logged in as: mason-nakamura1 (ecrl). Use `wandb login --relogin` to force relogin
wandb: wandb version 0.15.8 is available!  To upgrade, please run:
wandb:  $ pip install wandb --upgrade
wandb: Tracking run with wandb version 0.14.2
wandb: Run data is saved locally in /nas/ucb/mason/ethically-compliant-rl/wandb/run-20230810_185007-0e8db80f-6d74-4f77-80ad-5bb0ae9c6c0d
wandb: Run `wandb offline` to turn off syncing.
wandb: Syncing run ppol_lr0.001_step_per_epoch20000_target_kl0.01-1b36
wandb: ⭐️ View project at https://wandb.ai/ecrl/PPO
wandb: 🚀 View run at https://wandb.ai/ecrl/PPO/runs/0e8db80f-6d74-4f77-80ad-5bb0ae9c6c0d
[32;1mLogging data to logs/PPO/parking-v0-cost-10/ppol_lr0.001_step_per_epoch20000_target_kl0.01-1b36/progress.txt[0m
[36;1mSaving config:
[0m
{
    "action_bound_method":	"clip",
    "action_scaling":	true,
    "batch_size":	256,
    "buffer_size":	100000,
    "cost_limit":	10,
    "deterministic_eval":	true,
    "device":	"cpu",
    "dual_clip":	null,
    "env_config_file":	"configs/ParkingEnv/env-kinematicsGoal.txt",
    "episode_per_collect":	20,
    "epoch":	300,
    "eps_clip":	0.2,
    "gae_lambda":	0.95,
    "gamma":	0.99,
    "group":	null,
    "hidden_sizes":	[
        128,
        128
    ],
    "lagrangian_pid":	[
        0.05,
        0.0005,
        0.1
    ],
    "last_layer_scale":	false,
    "logdir":	"logs",
    "lr":	0.001,
    "max_batchsize":	100000,
    "max_grad_norm":	0.5,
    "name":	"ppol_lr0.001_step_per_epoch20000_target_kl0.01-1b36",
    "norm_adv":	true,
    "prefix":	"ppol",
    "project":	"PPO",
    "recompute_adv":	false,
    "render":	null,
    "render_mode":	null,
    "repeat_per_collect":	4,
    "rescaling":	true,
    "resume":	false,
    "rew_norm":	false,
    "reward_threshold":	10000,
    "save_ckpt":	true,
    "save_interval":	4,
    "seed":	10,
    "step_per_epoch":	20000,
    "suffix":	"",
    "target_kl":	0.01,
    "task":	"parking-v0",
    "testing_num":	2,
    "thread":	320,
    "training_num":	20,
    "unbounded":	false,
    "use_default_cfg":	false,
    "use_lagrangian":	true,
    "value_clip":	false,
    "verbose":	true,
    "vf_coef":	0.25,
    "worker":	"ShmemVectorEnv"
}
Epoch #1:   0%|          | 0/20000 [00:00<?, ?it/s]Epoch #1:  50%|#####     | 10000/20000 [00:19<00:19, 502.71it/s]Epoch #1:  50%|#####     | 10000/20000 [00:19<00:19, 502.63it/s]
Traceback (most recent call last):
  File "/nas/ucb/mason/ethically-compliant-rl/PPO/train_ppo.py", line 304, in <module>
    train()
  File "/nas/ucb/mason/ethically-compliant-rl/.venv/lib/python3.9/site-packages/pyrallis/argparsing.py", line 158, in wrapper_inner
    response = fn(cfg, *args, **kwargs)
  File "/nas/ucb/mason/ethically-compliant-rl/PPO/train_ppo.py", line 279, in train
    for epoch, epoch_stat, info in trainer:
  File "/nas/ucb/mason/ethically-compliant-rl/FSRL/fsrl/trainer/base_trainer.py", line 205, in __next__
    self.policy_update_fn(stats_train)
  File "/nas/ucb/mason/ethically-compliant-rl/FSRL/fsrl/trainer/onpolicy.py", line 102, in policy_update_fn
    self.policy.update(
  File "/nas/ucb/mason/ethically-compliant-rl/FSRL/fsrl/policy/base_policy.py", line 361, in update
    batch = self.process_fn(batch, buffer, indices)
  File "/nas/ucb/mason/ethically-compliant-rl/FSRL/fsrl/policy/ppo_lag.py", line 141, in process_fn
    batch = self.compute_gae_returns(batch, buffer, indices, self._lambda)
  File "/nas/ucb/mason/ethically-compliant-rl/FSRL/fsrl/policy/base_policy.py", line 423, in compute_gae_returns
    metrics = self.get_metrics(batch)
  File "/nas/ucb/mason/ethically-compliant-rl/FSRL/fsrl/policy/base_policy.py", line 392, in get_metrics
    metrics = [batch.rew, cost[:, 0], cost[:, 1]]
IndexError: too many indices for array: array is 1-dimensional, but 2 were indexed
Traceback (most recent call last):
  File "/nas/ucb/mason/ethically-compliant-rl/PPO/train_ppo.py", line 304, in <module>
    train()
  File "/nas/ucb/mason/ethically-compliant-rl/.venv/lib/python3.9/site-packages/pyrallis/argparsing.py", line 158, in wrapper_inner
    response = fn(cfg, *args, **kwargs)
  File "/nas/ucb/mason/ethically-compliant-rl/PPO/train_ppo.py", line 279, in train
    for epoch, epoch_stat, info in trainer:
  File "/nas/ucb/mason/ethically-compliant-rl/FSRL/fsrl/trainer/base_trainer.py", line 205, in __next__
    self.policy_update_fn(stats_train)
  File "/nas/ucb/mason/ethically-compliant-rl/FSRL/fsrl/trainer/onpolicy.py", line 102, in policy_update_fn
    self.policy.update(
  File "/nas/ucb/mason/ethically-compliant-rl/FSRL/fsrl/policy/base_policy.py", line 361, in update
    batch = self.process_fn(batch, buffer, indices)
  File "/nas/ucb/mason/ethically-compliant-rl/FSRL/fsrl/policy/ppo_lag.py", line 141, in process_fn
    batch = self.compute_gae_returns(batch, buffer, indices, self._lambda)
  File "/nas/ucb/mason/ethically-compliant-rl/FSRL/fsrl/policy/base_policy.py", line 423, in compute_gae_returns
    metrics = self.get_metrics(batch)
  File "/nas/ucb/mason/ethically-compliant-rl/FSRL/fsrl/policy/base_policy.py", line 392, in get_metrics
    metrics = [batch.rew, cost[:, 0], cost[:, 1]]
IndexError: too many indices for array: array is 1-dimensional, but 2 were indexed
wandb: Waiting for W&B process to finish... (failed 1). Press Control-C to abort syncing.
wandb: 🚀 View run ppol_lr0.001_step_per_epoch20000_target_kl0.01-1b36 at: https://wandb.ai/ecrl/PPO/runs/0e8db80f-6d74-4f77-80ad-5bb0ae9c6c0d
wandb: Synced 5 W&B file(s), 0 media file(s), 2 artifact file(s) and 0 other file(s)
wandb: Find logs at: ./wandb/run-20230810_185007-0e8db80f-6d74-4f77-80ad-5bb0ae9c6c0d/logs
srun: error: gail.ist.berkeley.edu: task 0: Exited with exit code 1
