wandb: Currently logged in as: mason-nakamura1 (ecrl). Use `wandb login --relogin` to force relogin
wandb: Currently logged in as: mason-nakamura1 (ecrl). Use `wandb login --relogin` to force relogin
wandb: Currently logged in as: mason-nakamura1 (ecrl). Use `wandb login --relogin` to force relogin
wandb: wandb version 0.15.12 is available!  To upgrade, please run:
wandb:  $ pip install wandb --upgrade
wandb: Tracking run with wandb version 0.14.2
wandb: Run data is saved locally in /nas/ucb/mason/ethically-compliant-rl/wandb/run-20231017_235148-043rthj1
wandb: Run `wandb offline` to turn off syncing.
wandb: Syncing run ppo-KLpenalty-beta(1.0)-parking
wandb: ⭐️ View project at https://wandb.ai/ecrl/PPO-Penalty
wandb: 🚀 View run at https://wandb.ai/ecrl/PPO-Penalty/runs/043rthj1
wandb: Currently logged in as: mason-nakamura1 (ecrl). Use `wandb login --relogin` to force relogin
wandb: wandb version 0.15.12 is available!  To upgrade, please run:
wandb:  $ pip install wandb --upgrade
wandb: Tracking run with wandb version 0.14.2
wandb: Run data is saved locally in /nas/ucb/mason/ethically-compliant-rl/wandb/run-20231017_165148-4ljty29s
wandb: Run `wandb offline` to turn off syncing.
wandb: Syncing run ppo-KLpenalty-beta(0.3)-parking
wandb: ⭐️ View project at https://wandb.ai/ecrl/PPO-Penalty
wandb: 🚀 View run at https://wandb.ai/ecrl/PPO-Penalty/runs/4ljty29s
wandb: wandb version 0.15.12 is available!  To upgrade, please run:
wandb:  $ pip install wandb --upgrade
wandb: Tracking run with wandb version 0.14.2
wandb: Run data is saved locally in /nas/ucb/mason/ethically-compliant-rl/wandb/run-20231017_165148-tjq2a612
wandb: Run `wandb offline` to turn off syncing.
wandb: Syncing run ppo-KLpenalty-beta(3.0)-parking
wandb: ⭐️ View project at https://wandb.ai/ecrl/PPO-Penalty
wandb: 🚀 View run at https://wandb.ai/ecrl/PPO-Penalty/runs/tjq2a612
Traceback (most recent call last):
  File "/nas/ucb/mason/ethically-compliant-rl/PPO_penalty/train_ppo_penalty.py", line 81, in <module>
    agent = PPO_Penalty(MlpPolicy, env, beta=args.beta, verbose=1, seed=seed)
NameError: name 'seed' is not defined
wandb: Waiting for W&B process to finish... (failed 1). Press Control-C to abort syncing.
Traceback (most recent call last):
  File "/nas/ucb/mason/ethically-compliant-rl/PPO_penalty/train_ppo_penalty.py", line 81, in <module>
    agent = PPO_Penalty(MlpPolicy, env, beta=args.beta, verbose=1, seed=seed)
NameError: name 'seed' is not defined
wandb: Waiting for W&B process to finish... (failed 1). Press Control-C to abort syncing.
Traceback (most recent call last):
  File "/nas/ucb/mason/ethically-compliant-rl/PPO_penalty/train_ppo_penalty.py", line 81, in <module>
    agent = PPO_Penalty(MlpPolicy, env, beta=args.beta, verbose=1, seed=seed)
NameError: name 'seed' is not defined
wandb: Waiting for W&B process to finish... (failed 1). Press Control-C to abort syncing.
wandb: wandb version 0.15.12 is available!  To upgrade, please run:
wandb:  $ pip install wandb --upgrade
wandb: Tracking run with wandb version 0.14.2
wandb: Run data is saved locally in /nas/ucb/mason/ethically-compliant-rl/wandb/run-20231017_165148-ivx2b1ue
wandb: Run `wandb offline` to turn off syncing.
wandb: Syncing run ppo-KLpenalty-beta(10.0)-parking
wandb: ⭐️ View project at https://wandb.ai/ecrl/PPO-Penalty
wandb: 🚀 View run at https://wandb.ai/ecrl/PPO-Penalty/runs/ivx2b1ue
Traceback (most recent call last):
  File "/nas/ucb/mason/ethically-compliant-rl/PPO_penalty/train_ppo_penalty.py", line 81, in <module>
    agent = PPO_Penalty(MlpPolicy, env, beta=args.beta, verbose=1, seed=seed)
NameError: name 'seed' is not defined
wandb: Waiting for W&B process to finish... (failed 1). Press Control-C to abort syncing.
wandb: ERROR Error while calling W&B API: An internal error occurred. Please contact support. (<Response [500]>)
wandb: ERROR Error while calling W&B API: An internal error occurred. Please contact support. (<Response [500]>)
wandb: 🚀 View run ppo-KLpenalty-beta(1.0)-parking at: https://wandb.ai/ecrl/PPO-Penalty/runs/043rthj1
wandb: Synced 5 W&B file(s), 0 media file(s), 2 artifact file(s) and 0 other file(s)
wandb: Find logs at: ./wandb/run-20231017_235148-043rthj1/logs
wandb: 🚀 View run ppo-KLpenalty-beta(3.0)-parking at: https://wandb.ai/ecrl/PPO-Penalty/runs/tjq2a612
wandb: Synced 5 W&B file(s), 0 media file(s), 2 artifact file(s) and 0 other file(s)
wandb: Find logs at: ./wandb/run-20231017_165148-tjq2a612/logs
wandb: 🚀 View run ppo-KLpenalty-beta(0.3)-parking at: https://wandb.ai/ecrl/PPO-Penalty/runs/4ljty29s
wandb: Synced 5 W&B file(s), 0 media file(s), 2 artifact file(s) and 0 other file(s)
wandb: Find logs at: ./wandb/run-20231017_165148-4ljty29s/logs
wandb: 🚀 View run ppo-KLpenalty-beta(10.0)-parking at: https://wandb.ai/ecrl/PPO-Penalty/runs/ivx2b1ue
wandb: Synced 5 W&B file(s), 0 media file(s), 2 artifact file(s) and 0 other file(s)
wandb: Find logs at: ./wandb/run-20231017_165148-ivx2b1ue/logs
srun: error: airl.ist.berkeley.edu: task 0: Exited with exit code 1
srun: error: ddpg.ist.berkeley.edu: task 0: Exited with exit code 1
srun: error: gail.ist.berkeley.edu: task 0: Exited with exit code 1
srun: error: dqn.ist.berkeley.edu: task 0: Exited with exit code 1
