wandb: Currently logged in as: mason-nakamura1 (ecrl). Use `wandb login --relogin` to force relogin
wandb: wandb version 0.16.6 is available!  To upgrade, please run:
wandb:  $ pip install wandb --upgrade
wandb: Tracking run with wandb version 0.14.2
wandb: Run data is saved locally in /nas/ucb/mason/ethically-compliant-rl/wandb/run-20240419_113049-lidumb2r
wandb: Run `wandb offline` to turn off syncing.
wandb: Syncing run atomic-hill-4
wandb: ⭐️ View project at https://wandb.ai/ecrl/PID-tests
wandb: 🚀 View run at https://wandb.ai/ecrl/PID-tests/runs/lidumb2r
LOSS: 0.07621248811483383
PPO-LOSS: 0.03375742956995964
tensor(14.3715, device='cuda:0', grad_fn=<SumBackward0>)
LOSS: 0.05930474400520325
PPO-LOSS: 0.03589996322989464
tensor(6.0690, device='cuda:0', grad_fn=<SumBackward0>)
LOSS: 0.04164932295680046
PPO-LOSS: 0.03868262097239494
tensor(1.8849, device='cuda:0', grad_fn=<SumBackward0>)
LOSS: 0.01865982450544834
PPO-LOSS: 0.04208969697356224
tensor(0.1712, device='cuda:0', grad_fn=<SumBackward0>)
LOSS: 0.04620521515607834
PPO-LOSS: 0.04620521515607834
tensor(0., device='cuda:0', grad_fn=<SumBackward0>)
LOSS: 0.04772553965449333
PPO-LOSS: 0.04772553965449333
tensor(0., device='cuda:0', grad_fn=<SumBackward0>)
LOSS: 0.04733548313379288
PPO-LOSS: 0.04733548313379288
tensor(0., device='cuda:0', grad_fn=<SumBackward0>)
LOSS: 0.045713309198617935
PPO-LOSS: 0.045713309198617935
tensor(0., device='cuda:0', grad_fn=<SumBackward0>)
LOSS: 0.04337599128484726
PPO-LOSS: 0.04337599128484726
tensor(0., device='cuda:0', grad_fn=<SumBackward0>)
LOSS: 0.04069790616631508
PPO-LOSS: 0.04069790616631508
tensor(0., device='cuda:0', grad_fn=<SumBackward0>)
LOSS: 0.048823244869709015
PPO-LOSS: 0.048823244869709015
tensor(0., device='cuda:0', grad_fn=<SumBackward0>)
LOSS: 0.046043187379837036
PPO-LOSS: 0.046043187379837036
tensor(0., device='cuda:0', grad_fn=<SumBackward0>)
LOSS: 0.01404418982565403
PPO-LOSS: 0.04346688836812973
tensor(0.0356, device='cuda:0', grad_fn=<SumBackward0>)
LOSS: 0.011953253298997879
PPO-LOSS: 0.0418950691819191
tensor(0.1920, device='cuda:0', grad_fn=<SumBackward0>)
LOSS: 0.013690201565623283
PPO-LOSS: 0.04102572053670883
tensor(0.4554, device='cuda:0', grad_fn=<SumBackward0>)
LOSS: 0.014090931043028831
PPO-LOSS: 0.040684837847948074
tensor(0.5694, device='cuda:0', grad_fn=<SumBackward0>)
LOSS: 0.012921120040118694
PPO-LOSS: 0.040748026221990585
tensor(0.4446, device='cuda:0', grad_fn=<SumBackward0>)
LOSS: 0.01071061473339796
PPO-LOSS: 0.04115337133407593
tensor(0.1970, device='cuda:0', grad_fn=<SumBackward0>)
LOSS: 0.012116254307329655
PPO-LOSS: 0.04186798632144928
tensor(0.0261, device='cuda:0', grad_fn=<SumBackward0>)
LOSS: 0.0399116612970829
PPO-LOSS: 0.042873699218034744
tensor(0.0002, device='cuda:0', grad_fn=<SumBackward0>)
LOSS: 0.037809330970048904
PPO-LOSS: 0.037809330970048904
tensor(0., device='cuda:0', grad_fn=<SumBackward0>)
LOSS: 0.03821074590086937
PPO-LOSS: 0.03821074590086937
tensor(0., device='cuda:0', grad_fn=<SumBackward0>)
LOSS: 0.0383332297205925
PPO-LOSS: 0.0383332297205925
tensor(0., device='cuda:0', grad_fn=<SumBackward0>)
LOSS: 0.038194648921489716
PPO-LOSS: 0.038194648921489716
tensor(0., device='cuda:0', grad_fn=<SumBackward0>)
LOSS: 0.03782813996076584
PPO-LOSS: 0.03782813996076584
tensor(0., device='cuda:0', grad_fn=<SumBackward0>)
LOSS: 0.037277091294527054
PPO-LOSS: 0.037277091294527054
tensor(0., device='cuda:0', grad_fn=<SumBackward0>)
LOSS: 0.03658803924918175
PPO-LOSS: 0.03658803924918175
tensor(0., device='cuda:0', grad_fn=<SumBackward0>)
LOSS: 0.023783812299370766
PPO-LOSS: 0.035805217921733856
tensor(0.0018, device='cuda:0', grad_fn=<SumBackward0>)
LOSS: 0.017488062381744385
PPO-LOSS: 0.03535373881459236
tensor(0.0044, device='cuda:0', grad_fn=<SumBackward0>)
LOSS: 0.025285959243774414
PPO-LOSS: 0.035177551209926605
tensor(0.0011, device='cuda:0', grad_fn=<SumBackward0>)
LOSS: 0.0427507683634758
PPO-LOSS: 0.0427507683634758
tensor(0., device='cuda:0', grad_fn=<SumBackward0>)
LOSS: 0.0426756925880909
PPO-LOSS: 0.0426756925880909
tensor(0., device='cuda:0', grad_fn=<SumBackward0>)
LOSS: 0.0423494428396225
PPO-LOSS: 0.0423494428396225
tensor(0., device='cuda:0', grad_fn=<SumBackward0>)
LOSS: 0.028842397034168243
PPO-LOSS: 0.04181530699133873
tensor(0.0011, device='cuda:0', grad_fn=<SumBackward0>)
LOSS: 0.024109359830617905
PPO-LOSS: 0.04158153012394905
tensor(0.0021, device='cuda:0', grad_fn=<SumBackward0>)
LOSS: 0.03379885479807854
PPO-LOSS: 0.04163029417395592
tensor(0.0005, device='cuda:0', grad_fn=<SumBackward0>)
LOSS: 0.04179050773382187
PPO-LOSS: 0.04179050773382187
tensor(0., device='cuda:0', grad_fn=<SumBackward0>)
LOSS: 0.04169757664203644
PPO-LOSS: 0.04169757664203644
tensor(0., device='cuda:0', grad_fn=<SumBackward0>)
LOSS: 0.0372796505689621
PPO-LOSS: 0.041371073573827744
tensor(9.3924e-05, device='cuda:0', grad_fn=<SumBackward0>)
LOSS: 0.027144204825162888
PPO-LOSS: 0.041055187582969666
tensor(0.0008, device='cuda:0', grad_fn=<SumBackward0>)
LOSS: 0.02043946459889412
PPO-LOSS: 0.02043946459889412
tensor(0., device='cuda:0', grad_fn=<SumBackward0>)
LOSS: 0.020415103062987328
PPO-LOSS: 0.020415103062987328
tensor(0., device='cuda:0', grad_fn=<SumBackward0>)
LOSS: 0.020301632583141327
PPO-LOSS: 0.020301632583141327
tensor(0., device='cuda:0', grad_fn=<SumBackward0>)
LOSS: 0.01842668652534485
PPO-LOSS: 0.020111380144953728
tensor(9.9931e-05, device='cuda:0', grad_fn=<SumBackward0>)
LOSS: 0.01247345469892025
PPO-LOSS: 0.019945070147514343
tensor(0.0012, device='cuda:0', grad_fn=<SumBackward0>)
LOSS: 0.018971092998981476
PPO-LOSS: 0.019938012585043907
tensor(3.9085e-05, device='cuda:0', grad_fn=<SumBackward0>)
LOSS: 0.019899005070328712
PPO-LOSS: 0.019899005070328712
tensor(0., device='cuda:0', grad_fn=<SumBackward0>)
LOSS: 0.019775789231061935
PPO-LOSS: 0.019775789231061935
tensor(0., device='cuda:0', grad_fn=<SumBackward0>)
LOSS: 0.01957811415195465
PPO-LOSS: 0.01957811415195465
tensor(0., device='cuda:0', grad_fn=<SumBackward0>)
LOSS: 0.01825300231575966
PPO-LOSS: 0.01931758224964142
tensor(3.8788e-05, device='cuda:0', grad_fn=<SumBackward0>)
LOSS: 0.012662168592214584
PPO-LOSS: 0.01828191615641117
tensor(0.0010, device='cuda:0', grad_fn=<SumBackward0>)
LOSS: 0.016372036188840866
PPO-LOSS: 0.018303677439689636
tensor(0.0002, device='cuda:0', grad_fn=<SumBackward0>)
LOSS: 0.01788841001689434
PPO-LOSS: 0.018366212025284767
tensor(6.4861e-05, device='cuda:0', grad_fn=<SumBackward0>)
LOSS: 0.01821104623377323
PPO-LOSS: 0.018358515575528145
tensor(5.9113e-06, device='cuda:0', grad_fn=<SumBackward0>)
LOSS: 0.0144234923645854
PPO-LOSS: 0.018265502527356148
tensor(0.0003, device='cuda:0', grad_fn=<SumBackward0>)
LOSS: 0.01836288720369339
PPO-LOSS: 0.01836288720369339
tensor(0., device='cuda:0', grad_fn=<SumBackward0>)
LOSS: 0.018355894833803177
PPO-LOSS: 0.018355894833803177
tensor(0., device='cuda:0', grad_fn=<SumBackward0>)
LOSS: 0.018250182271003723
PPO-LOSS: 0.018250182271003723
tensor(0., device='cuda:0', grad_fn=<SumBackward0>)
LOSS: 0.018055688589811325
PPO-LOSS: 0.018055688589811325
tensor(0., device='cuda:0', grad_fn=<SumBackward0>)
LOSS: 0.01588589698076248
PPO-LOSS: 0.017785219475626945
tensor(9.3724e-05, device='cuda:0', grad_fn=<SumBackward0>)
LOSS: 0.021442260593175888
PPO-LOSS: 0.03560638800263405
tensor(0.0016, device='cuda:0', grad_fn=<SumBackward0>)
LOSS: 0.03446364402770996
PPO-LOSS: 0.03577093780040741
tensor(5.3248e-05, device='cuda:0', grad_fn=<SumBackward0>)
LOSS: 0.033042825758457184
PPO-LOSS: 0.0357280857861042
tensor(8.2690e-05, device='cuda:0', grad_fn=<SumBackward0>)
LOSS: 0.027992254123091698
PPO-LOSS: 0.035584937781095505
tensor(0.0002, device='cuda:0', grad_fn=<SumBackward0>)
LOSS: 0.03552810475230217
PPO-LOSS: 0.03568083047866821
tensor(6.7130e-06, device='cuda:0', grad_fn=<SumBackward0>)
LOSS: 0.03517528995871544
PPO-LOSS: 0.03551311045885086
tensor(2.8071e-05, device='cuda:0', grad_fn=<SumBackward0>)
LOSS: 0.014185489155352116
PPO-LOSS: 0.03512550890445709
tensor(0.0033, device='cuda:0', grad_fn=<SumBackward0>)
LOSS: 0.02988038770854473
PPO-LOSS: 0.03511473536491394
tensor(0.0004, device='cuda:0', grad_fn=<SumBackward0>)
LOSS: 0.03319038450717926
PPO-LOSS: 0.03516755625605583
tensor(0.0001, device='cuda:0', grad_fn=<SumBackward0>)
LOSS: 0.03221405670046806
PPO-LOSS: 0.035066306591033936
tensor(8.5601e-05, device='cuda:0', grad_fn=<SumBackward0>)
LOSS: 0.031688060611486435
PPO-LOSS: 0.03689580038189888
tensor(0.0002, device='cuda:0', grad_fn=<SumBackward0>)
LOSS: 0.03619368001818657
PPO-LOSS: 0.03688964247703552
tensor(1.1552e-05, device='cuda:0', grad_fn=<SumBackward0>)
LOSS: 0.024009451270103455
PPO-LOSS: 0.036641936749219894
tensor(0.0009, device='cuda:0', grad_fn=<SumBackward0>)
LOSS: 0.036628883332014084
PPO-LOSS: 0.036738812923431396
tensor(1.0194e-06, device='cuda:0', grad_fn=<SumBackward0>)
LOSS: 0.02911243587732315
PPO-LOSS: 0.036551333963871
tensor(0.0003, device='cuda:0', grad_fn=<SumBackward0>)
LOSS: 0.036245089024305344
PPO-LOSS: 0.03655066341161728
tensor(2.8344e-06, device='cuda:0', grad_fn=<SumBackward0>)
LOSS: 0.02927071787416935
PPO-LOSS: 0.03629004582762718
tensor(0.0003, device='cuda:0', grad_fn=<SumBackward0>)
LOSS: 0.03448910638689995
PPO-LOSS: 0.03624264523386955
tensor(4.4652e-05, device='cuda:0', grad_fn=<SumBackward0>)
LOSS: 0.027886908501386642
PPO-LOSS: 0.03603518009185791
tensor(0.0003, device='cuda:0', grad_fn=<SumBackward0>)
LOSS: 0.035420745611190796
PPO-LOSS: 0.036077387630939484
tensor(6.7034e-06, device='cuda:0', grad_fn=<SumBackward0>)
LOSS: 0.03204510360956192
PPO-LOSS: 0.054372530430555344
tensor(0.0015, device='cuda:0', grad_fn=<SumBackward0>)
LOSS: 0.05014372244477272
PPO-LOSS: 0.05459947884082794
tensor(0.0002, device='cuda:0', grad_fn=<SumBackward0>)
LOSS: 0.054437801241874695
PPO-LOSS: 0.0546126514673233
tensor(8.6826e-07, device='cuda:0', grad_fn=<SumBackward0>)
LOSS: 0.04221399873495102
PPO-LOSS: 0.05422655865550041
tensor(0.0003, device='cuda:0', grad_fn=<SumBackward0>)
LOSS: 0.05201125890016556
PPO-LOSS: 0.054089151322841644
tensor(3.4134e-05, device='cuda:0', grad_fn=<SumBackward0>)
LOSS: 0.02115057408809662
PPO-LOSS: 0.05367635190486908
tensor(0.0036, device='cuda:0', grad_fn=<SumBackward0>)
LOSS: 0.0445680245757103
PPO-LOSS: 0.053689900785684586
tensor(0.0002, device='cuda:0', grad_fn=<SumBackward0>)
LOSS: 0.0537896454334259
PPO-LOSS: 0.0537896454334259
tensor(0., device='cuda:0', grad_fn=<SumBackward0>)
LOSS: 0.046835608780384064
PPO-LOSS: 0.053475625813007355
tensor(0.0002, device='cuda:0', grad_fn=<SumBackward0>)
LOSS: 0.0417255200445652
PPO-LOSS: 0.05310993641614914
tensor(0.0004, device='cuda:0', grad_fn=<SumBackward0>)
LOSS: 0.021273571997880936
PPO-LOSS: 0.021373238414525986
tensor(1.8996e-06, device='cuda:0', grad_fn=<SumBackward0>)
LOSS: 0.012481785379350185
PPO-LOSS: 0.0212540403008461
tensor(0.0009, device='cuda:0', grad_fn=<SumBackward0>)
LOSS: 0.02060113102197647
PPO-LOSS: 0.021338388323783875
tensor(2.1807e-05, device='cuda:0', grad_fn=<SumBackward0>)
LOSS: 0.021346386522054672
PPO-LOSS: 0.021346386522054672
tensor(0., device='cuda:0', grad_fn=<SumBackward0>)
LOSS: 0.021228235214948654
PPO-LOSS: 0.02123863250017166
tensor(8.9009e-09, device='cuda:0', grad_fn=<SumBackward0>)
LOSS: 0.016974829137325287
PPO-LOSS: 0.021028276532888412
tensor(0.0003, device='cuda:0', grad_fn=<SumBackward0>)
LOSS: 0.02092321217060089
PPO-LOSS: 0.020978432148694992
tensor(3.9573e-07, device='cuda:0', grad_fn=<SumBackward0>)
LOSS: 0.020604345947504044
PPO-LOSS: 0.020823849365115166
tensor(2.8582e-06, device='cuda:0', grad_fn=<SumBackward0>)
LOSS: 0.016692757606506348
PPO-LOSS: 0.02058512344956398
tensor(0.0002, device='cuda:0', grad_fn=<SumBackward0>)
LOSS: 0.019903570413589478
PPO-LOSS: 0.02050195075571537
tensor(3.4765e-05, device='cuda:0', grad_fn=<SumBackward0>)
LOSS: 0.04041525721549988
PPO-LOSS: 0.04106595367193222
tensor(9.4574e-06, device='cuda:0', grad_fn=<SumBackward0>)
LOSS: 0.03333402797579765
PPO-LOSS: 0.04091380909085274
tensor(0.0002, device='cuda:0', grad_fn=<SumBackward0>)
LOSS: 0.038671981543302536
PPO-LOSS: 0.04089490324258804
tensor(3.9798e-05, device='cuda:0', grad_fn=<SumBackward0>)
LOSS: 0.03681622073054314
PPO-LOSS: 0.04071436822414398
tensor(9.7612e-05, device='cuda:0', grad_fn=<SumBackward0>)
LOSS: 0.03662649542093277
PPO-LOSS: 0.04046924412250519
tensor(0.0001, device='cuda:0', grad_fn=<SumBackward0>)
LOSS: 0.015789857134222984
PPO-LOSS: 0.04021839052438736
tensor(0.0032, device='cuda:0', grad_fn=<SumBackward0>)
LOSS: 0.031183024868369102
PPO-LOSS: 0.040351055562496185
tensor(0.0004, device='cuda:0', grad_fn=<SumBackward0>)
LOSS: 0.04075933247804642
PPO-LOSS: 0.04075933247804642
tensor(0., device='cuda:0', grad_fn=<SumBackward0>)
LOSS: 0.04086362197995186
PPO-LOSS: 0.04086362197995186
tensor(0., device='cuda:0', grad_fn=<SumBackward0>)
LOSS: 0.04068524390459061
PPO-LOSS: 0.04068524390459061
tensor(0., device='cuda:0', grad_fn=<SumBackward0>)
LOSS: 0.016000594943761826
PPO-LOSS: 0.018587591126561165
tensor(0.0002, device='cuda:0', grad_fn=<SumBackward0>)
LOSS: 0.013813688419759274
PPO-LOSS: 0.01850210130214691
tensor(0.0004, device='cuda:0', grad_fn=<SumBackward0>)
LOSS: 0.018577318638563156
PPO-LOSS: 0.018577318638563156
tensor(0., device='cuda:0', grad_fn=<SumBackward0>)
LOSS: 0.01853179931640625
PPO-LOSS: 0.01853179931640625
tensor(0., device='cuda:0', grad_fn=<SumBackward0>)
LOSS: 0.017936985939741135
PPO-LOSS: 0.018374819308519363
tensor(1.0060e-05, device='cuda:0', grad_fn=<SumBackward0>)
LOSS: 0.015563912689685822
PPO-LOSS: 0.018146485090255737
tensor(0.0004, device='cuda:0', grad_fn=<SumBackward0>)
LOSS: 0.016239089891314507
PPO-LOSS: 0.018010202795267105
tensor(0.0001, device='cuda:0', grad_fn=<SumBackward0>)
LOSS: 0.01783342845737934
PPO-LOSS: 0.017891140654683113
tensor(5.0750e-07, device='cuda:0', grad_fn=<SumBackward0>)
LOSS: 0.017574580386281013
PPO-LOSS: 0.017673293128609657
tensor(6.7686e-07, device='cuda:0', grad_fn=<SumBackward0>)
LOSS: 0.01151035726070404
PPO-LOSS: 0.01737099513411522
tensor(0.0007, device='cuda:0', grad_fn=<SumBackward0>)
LOSS: 0.047824203968048096
PPO-LOSS: 0.04892856255173683
tensor(1.7656e-05, device='cuda:0', grad_fn=<SumBackward0>)
LOSS: 0.03177361562848091
PPO-LOSS: 0.04867196083068848
tensor(0.0005, device='cuda:0', grad_fn=<SumBackward0>)
LOSS: 0.04883914813399315
PPO-LOSS: 0.04883914813399315
tensor(0., device='cuda:0', grad_fn=<SumBackward0>)
LOSS: 0.048615675419569016
PPO-LOSS: 0.048615675419569016
tensor(0., device='cuda:0', grad_fn=<SumBackward0>)
LOSS: 0.03964376822113991
PPO-LOSS: 0.048043325543403625
tensor(0.0002, device='cuda:0', grad_fn=<SumBackward0>)
LOSS: 0.01657777465879917
PPO-LOSS: 0.04759902507066727
tensor(0.0023, device='cuda:0', grad_fn=<SumBackward0>)
LOSS: 0.04209780693054199
PPO-LOSS: 0.04761996865272522
tensor(0.0001, device='cuda:0', grad_fn=<SumBackward0>)
LOSS: 0.04756052419543266
PPO-LOSS: 0.04756052419543266
tensor(0., device='cuda:0', grad_fn=<SumBackward0>)
LOSS: 0.04584158584475517
PPO-LOSS: 0.04713815450668335
tensor(1.5550e-05, device='cuda:0', grad_fn=<SumBackward0>)
LOSS: 0.008676321245729923
PPO-LOSS: 0.0464668944478035
tensor(0.0098, device='cuda:0', grad_fn=<SumBackward0>)
LOSS: 0.014351128600537777
PPO-LOSS: 0.05753903090953827
tensor(0.0051, device='cuda:0', grad_fn=<SumBackward0>)
LOSS: 0.05799981951713562
PPO-LOSS: 0.05799981951713562
tensor(0., device='cuda:0', grad_fn=<SumBackward0>)
LOSS: 0.057947322726249695
PPO-LOSS: 0.057947322726249695
tensor(0., device='cuda:0', grad_fn=<SumBackward0>)
LOSS: 0.0290204007178545
PPO-LOSS: 0.05743350088596344
tensor(0.0014, device='cuda:0', grad_fn=<SumBackward0>)
LOSS: 0.041106320917606354
PPO-LOSS: 0.057363107800483704
tensor(0.0004, device='cuda:0', grad_fn=<SumBackward0>)
LOSS: 0.05761878192424774
PPO-LOSS: 0.05761878192424774
tensor(0., device='cuda:0', grad_fn=<SumBackward0>)
LOSS: 0.057384807616472244
PPO-LOSS: 0.057384807616472244
tensor(0., device='cuda:0', grad_fn=<SumBackward0>)
LOSS: 0.020889602601528168
PPO-LOSS: 0.05671488121151924
tensor(0.0029, device='cuda:0', grad_fn=<SumBackward0>)
LOSS: 0.02376779541373253
PPO-LOSS: 0.056515857577323914
tensor(0.0021, device='cuda:0', grad_fn=<SumBackward0>)
LOSS: 0.05673542246222496
PPO-LOSS: 0.05673542246222496
tensor(0., device='cuda:0', grad_fn=<SumBackward0>)
LOSS: 0.0625486895442009
PPO-LOSS: 0.0625486895442009
tensor(0., device='cuda:0', grad_fn=<SumBackward0>)
LOSS: 0.045024991035461426
PPO-LOSS: 0.062017522752285004
tensor(0.0004, device='cuda:0', grad_fn=<SumBackward0>)
LOSS: 0.04768730700016022
PPO-LOSS: 0.06184113025665283
tensor(0.0004, device='cuda:0', grad_fn=<SumBackward0>)
LOSS: 0.055044181644916534
PPO-LOSS: 0.06192094087600708
tensor(0.0002, device='cuda:0', grad_fn=<SumBackward0>)
LOSS: 0.05827575549483299
PPO-LOSS: 0.061856016516685486
tensor(9.2213e-05, device='cuda:0', grad_fn=<SumBackward0>)
LOSS: 0.046233974397182465
PPO-LOSS: 0.0614788793027401
tensor(0.0004, device='cuda:0', grad_fn=<SumBackward0>)
LOSS: 0.055840156972408295
PPO-LOSS: 0.06142719089984894
tensor(7.5112e-05, device='cuda:0', grad_fn=<SumBackward0>)
LOSS: 0.034766800701618195
PPO-LOSS: 0.0611536018550396
tensor(0.0007, device='cuda:0', grad_fn=<SumBackward0>)
LOSS: 0.05835849046707153
PPO-LOSS: 0.06134592369198799
tensor(3.7284e-05, device='cuda:0', grad_fn=<SumBackward0>)
LOSS: 0.051209595054388046
PPO-LOSS: 0.061145585030317307
tensor(0.0002, device='cuda:0', grad_fn=<SumBackward0>)
LOSS: 0.03125930204987526
PPO-LOSS: 0.04091339185833931
tensor(0.0002, device='cuda:0', grad_fn=<SumBackward0>)
LOSS: 0.04114238917827606
PPO-LOSS: 0.04114238917827606
tensor(0., device='cuda:0', grad_fn=<SumBackward0>)
LOSS: 0.020776687189936638
PPO-LOSS: 0.04104568436741829
tensor(0.0016, device='cuda:0', grad_fn=<SumBackward0>)
LOSS: 0.04090409353375435
PPO-LOSS: 0.04125017672777176
tensor(1.2406e-06, device='cuda:0', grad_fn=<SumBackward0>)
LOSS: 0.04114653170108795
PPO-LOSS: 0.04114653170108795
tensor(0., device='cuda:0', grad_fn=<SumBackward0>)
LOSS: 0.030038932338356972
PPO-LOSS: 0.0407528281211853
tensor(0.0003, device='cuda:0', grad_fn=<SumBackward0>)
LOSS: 0.040643807500600815
PPO-LOSS: 0.04069789871573448
tensor(1.1861e-07, device='cuda:0', grad_fn=<SumBackward0>)
LOSS: 0.03992338478565216
PPO-LOSS: 0.04036000743508339
tensor(5.3212e-06, device='cuda:0', grad_fn=<SumBackward0>)
LOSS: 0.006330834701657295
PPO-LOSS: 0.03979959711432457
tensor(0.0145, device='cuda:0', grad_fn=<SumBackward0>)
LOSS: 0.006722652353346348
PPO-LOSS: 0.039661161601543427
tensor(0.0147, device='cuda:0', grad_fn=<SumBackward0>)
LOSS: 0.030223526060581207
PPO-LOSS: 0.036382175981998444
tensor(0.0002, device='cuda:0', grad_fn=<SumBackward0>)
LOSS: 0.036731693893671036
PPO-LOSS: 0.036731693893671036
tensor(0., device='cuda:0', grad_fn=<SumBackward0>)
LOSS: 0.03679472580552101
PPO-LOSS: 0.03679472580552101
tensor(0., device='cuda:0', grad_fn=<SumBackward0>)
LOSS: 0.036593686789274216
PPO-LOSS: 0.036593686789274216
tensor(0., device='cuda:0', grad_fn=<SumBackward0>)
LOSS: 0.025923965498805046
PPO-LOSS: 0.0361611545085907
tensor(0.0006, device='cuda:0', grad_fn=<SumBackward0>)
LOSS: 0.034791748970746994
PPO-LOSS: 0.036006517708301544
tensor(1.9519e-05, device='cuda:0', grad_fn=<SumBackward0>)
LOSS: 0.027222173288464546
PPO-LOSS: 0.03568863123655319
tensor(0.0004, device='cuda:0', grad_fn=<SumBackward0>)
LOSS: 0.035600222647190094
PPO-LOSS: 0.035600222647190094
tensor(0., device='cuda:0', grad_fn=<SumBackward0>)
LOSS: 0.035279449075460434
PPO-LOSS: 0.035279449075460434
tensor(0., device='cuda:0', grad_fn=<SumBackward0>)
LOSS: 0.011195964179933071
PPO-LOSS: 0.03475401923060417
tensor(0.0041, device='cuda:0', grad_fn=<SumBackward0>)
LOSS: 0.013258448801934719
PPO-LOSS: 0.031870096921920776
tensor(0.0018, device='cuda:0', grad_fn=<SumBackward0>)
LOSS: 0.03209401294589043
PPO-LOSS: 0.03210017457604408
tensor(1.2345e-08, device='cuda:0', grad_fn=<SumBackward0>)
LOSS: 0.031936947256326675
PPO-LOSS: 0.03211100399494171
tensor(1.5911e-06, device='cuda:0', grad_fn=<SumBackward0>)
LOSS: 0.023379487916827202
PPO-LOSS: 0.03192805126309395
tensor(0.0003, device='cuda:0', grad_fn=<SumBackward0>)
LOSS: 0.03199726715683937
PPO-LOSS: 0.03199726715683937
tensor(0., device='cuda:0', grad_fn=<SumBackward0>)
LOSS: 0.031854547560214996
PPO-LOSS: 0.031854547560214996
tensor(0., device='cuda:0', grad_fn=<SumBackward0>)
LOSS: 0.019546102732419968
PPO-LOSS: 0.03152155503630638
tensor(0.0008, device='cuda:0', grad_fn=<SumBackward0>)
LOSS: 0.031446535140275955
PPO-LOSS: 0.031473178416490555
tensor(2.9972e-08, device='cuda:0', grad_fn=<SumBackward0>)
LOSS: 0.03119891881942749
PPO-LOSS: 0.031230755150318146
tensor(5.8064e-08, device='cuda:0', grad_fn=<SumBackward0>)
LOSS: 0.008921030908823013
PPO-LOSS: 0.03082031011581421
tensor(0.0079, device='cuda:0', grad_fn=<SumBackward0>)
LOSS: 0.021622896194458008
PPO-LOSS: 0.06296706944704056
tensor(0.0033, device='cuda:0', grad_fn=<SumBackward0>)
LOSS: 0.06331085413694382
PPO-LOSS: 0.06346926838159561
tensor(5.2518e-07, device='cuda:0', grad_fn=<SumBackward0>)
LOSS: 0.061976358294487
PPO-LOSS: 0.06333368271589279
tensor(1.9450e-05, device='cuda:0', grad_fn=<SumBackward0>)
LOSS: 0.012182733975350857
PPO-LOSS: 0.0626838356256485
tensor(0.0092, device='cuda:0', grad_fn=<SumBackward0>)
LOSS: 0.010967028327286243
PPO-LOSS: 0.0626470074057579
tensor(0.0119, device='cuda:0', grad_fn=<SumBackward0>)
LOSS: 0.04911480471491814
PPO-LOSS: 0.06315372884273529
tensor(0.0002, device='cuda:0', grad_fn=<SumBackward0>)
LOSS: 0.06375254690647125
PPO-LOSS: 0.06375254690647125
tensor(0., device='cuda:0', grad_fn=<SumBackward0>)
LOSS: 0.06370134651660919
PPO-LOSS: 0.06370134651660919
tensor(0., device='cuda:0', grad_fn=<SumBackward0>)
LOSS: 0.061759188771247864
PPO-LOSS: 0.06306888908147812
tensor(5.7488e-06, device='cuda:0', grad_fn=<SumBackward0>)
LOSS: 0.008646189235150814
PPO-LOSS: 0.06198742613196373
tensor(0.0224, device='cuda:0', grad_fn=<SumBackward0>)
LOSS: 0.007899545133113861
PPO-LOSS: 0.06674772500991821
tensor(0.0515, device='cuda:0', grad_fn=<SumBackward0>)
LOSS: 0.009886352345347404
PPO-LOSS: 0.06693854182958603
tensor(0.0177, device='cuda:0', grad_fn=<SumBackward0>)
LOSS: 0.06369379907846451
PPO-LOSS: 0.0675596371293068
tensor(7.5733e-05, device='cuda:0', grad_fn=<SumBackward0>)
LOSS: 0.06773476302623749
PPO-LOSS: 0.06773726642131805
tensor(2.2831e-10, device='cuda:0', grad_fn=<SumBackward0>)
LOSS: 0.028235750272870064
PPO-LOSS: 0.06734845042228699
tensor(0.0021, device='cuda:0', grad_fn=<SumBackward0>)
LOSS: 0.06533177942037582
PPO-LOSS: 0.06736484915018082
tensor(1.3202e-05, device='cuda:0', grad_fn=<SumBackward0>)
LOSS: 0.06665051728487015
PPO-LOSS: 0.06692107021808624
tensor(6.8568e-07, device='cuda:0', grad_fn=<SumBackward0>)
LOSS: 0.038726042956113815
PPO-LOSS: 0.06599478423595428
tensor(0.0007, device='cuda:0', grad_fn=<SumBackward0>)
LOSS: 0.03797312453389168
PPO-LOSS: 0.0655023381114006
tensor(0.0008, device='cuda:0', grad_fn=<SumBackward0>)
LOSS: 0.06264553219079971
PPO-LOSS: 0.06541997194290161
tensor(4.1832e-05, device='cuda:0', grad_fn=<SumBackward0>)
LOSS: 0.03978940099477768
PPO-LOSS: 0.04196004569530487
tensor(2.4238e-05, device='cuda:0', grad_fn=<SumBackward0>)
LOSS: 0.02777327410876751
PPO-LOSS: 0.041737448424100876
tensor(0.0005, device='cuda:0', grad_fn=<SumBackward0>)
LOSS: 0.03951160982251167
PPO-LOSS: 0.04177476093173027
tensor(3.3134e-05, device='cuda:0', grad_fn=<SumBackward0>)
LOSS: 0.033613719046115875
PPO-LOSS: 0.04163825884461403
tensor(0.0002, device='cuda:0', grad_fn=<SumBackward0>)
LOSS: 0.04164212942123413
PPO-LOSS: 0.04164212942123413
tensor(0., device='cuda:0', grad_fn=<SumBackward0>)
LOSS: 0.02957402914762497
PPO-LOSS: 0.04135936126112938
tensor(0.0004, device='cuda:0', grad_fn=<SumBackward0>)
LOSS: 0.04129408299922943
PPO-LOSS: 0.04129408299922943
tensor(0., device='cuda:0', grad_fn=<SumBackward0>)
LOSS: 0.040946632623672485
PPO-LOSS: 0.040946632623672485
tensor(0., device='cuda:0', grad_fn=<SumBackward0>)
LOSS: 0.03728403151035309
PPO-LOSS: 0.04035202041268349
tensor(5.5199e-05, device='cuda:0', grad_fn=<SumBackward0>)
LOSS: 0.007559332996606827
PPO-LOSS: 0.03972239047288895
tensor(0.0148, device='cuda:0', grad_fn=<SumBackward0>)
LOSS: 0.007615271490067244
PPO-LOSS: 0.04086235165596008
tensor(0.0109, device='cuda:0', grad_fn=<SumBackward0>)
LOSS: 0.03985943645238876
PPO-LOSS: 0.04140981286764145
tensor(3.7792e-05, device='cuda:0', grad_fn=<SumBackward0>)
LOSS: 0.041468825191259384
PPO-LOSS: 0.041553374379873276
tensor(1.4329e-06, device='cuda:0', grad_fn=<SumBackward0>)
LOSS: 0.039300862699747086
PPO-LOSS: 0.04125672206282616
tensor(3.7764e-05, device='cuda:0', grad_fn=<SumBackward0>)
LOSS: 0.016036270186305046
PPO-LOSS: 0.04068126156926155
tensor(0.0019, device='cuda:0', grad_fn=<SumBackward0>)
LOSS: 0.024380655959248543
PPO-LOSS: 0.04051056504249573
tensor(0.0006, device='cuda:0', grad_fn=<SumBackward0>)
LOSS: 0.0406445637345314
PPO-LOSS: 0.0406445637345314
tensor(0., device='cuda:0', grad_fn=<SumBackward0>)
LOSS: 0.04036086052656174
PPO-LOSS: 0.04036086052656174
slurmstepd: error: *** STEP 192778.0 ON ddpg.ist.berkeley.edu CANCELLED AT 2024-04-19T11:34:06 ***
slurmstepd: error: *** JOB 192778 ON ddpg.ist.berkeley.edu CANCELLED AT 2024-04-19T11:34:06 ***
