wandb: Currently logged in as: mason-nakamura1 (ecrl). Use `wandb login --relogin` to force relogin
wandb: wandb version 0.15.12 is available!  To upgrade, please run:
wandb:  $ pip install wandb --upgrade
wandb: Tracking run with wandb version 0.14.2
wandb: Run data is saved locally in /nas/ucb/mason/ethically-compliant-rl/wandb/run-20231015_100758-qb3si5nm
wandb: Run `wandb offline` to turn off syncing.
wandb: Syncing run ppo-highway-parking
wandb: ⭐️ View project at https://wandb.ai/ecrl/PPO
wandb: 🚀 View run at https://wandb.ai/ecrl/PPO/runs/qb3si5nm
Using cpu device
Traceback (most recent call last):
  File "/nas/ucb/mason/ethically-compliant-rl/PPO/train_ppo.py", line 71, in <module>
    agent.learn(total_timesteps=time_steps, callback=callback, reset_num_timesteps=False)
  File "/nas/ucb/mason/ethically-compliant-rl/.venv/lib/python3.9/site-packages/stable_baselines3/ppo/ppo.py", line 308, in learn
    return super().learn(
  File "/nas/ucb/mason/ethically-compliant-rl/.venv/lib/python3.9/site-packages/stable_baselines3/common/on_policy_algorithm.py", line 259, in learn
    continue_training = self.collect_rollouts(self.env, callback, self.rollout_buffer, n_rollout_steps=self.n_steps)
  File "/nas/ucb/mason/ethically-compliant-rl/.venv/lib/python3.9/site-packages/stable_baselines3/common/on_policy_algorithm.py", line 184, in collect_rollouts
    if callback.on_step() is False:
  File "/nas/ucb/mason/ethically-compliant-rl/.venv/lib/python3.9/site-packages/stable_baselines3/common/callbacks.py", line 104, in on_step
    return self._on_step()
  File "/nas/ucb/mason/ethically-compliant-rl/PPO/train_ppo.py", line 35, in _on_step
    logs = self.logger.get_log_dict() # make the output log a dict type
AttributeError: 'Logger' object has no attribute 'get_log_dict'
wandb: Waiting for W&B process to finish... (failed 1). Press Control-C to abort syncing.
wandb: 🚀 View run ppo-highway-parking at: https://wandb.ai/ecrl/PPO/runs/qb3si5nm
wandb: Synced 5 W&B file(s), 0 media file(s), 2 artifact file(s) and 0 other file(s)
wandb: Find logs at: ./wandb/run-20231015_100758-qb3si5nm/logs
srun: error: ddpg.ist.berkeley.edu: task 0: Exited with exit code 1
