wandb: Currently logged in as: mason-nakamura1 (ecrl). Use `wandb login --relogin` to force relogin
wandb: wandb version 0.16.5 is available!  To upgrade, please run:
wandb:  $ pip install wandb --upgrade
wandb: Tracking run with wandb version 0.14.2
wandb: Run data is saved locally in /nas/ucb/mason/ethically-compliant-rl/wandb/run-20240328_013740-gtb9vnqi
wandb: Run `wandb offline` to turn off syncing.
wandb: Syncing run golden-music-38
wandb: ⭐️ View project at https://wandb.ai/ecrl/ppol-LIDAR-CNN
wandb: 🚀 View run at https://wandb.ai/ecrl/ppol-LIDAR-CNN/runs/gtb9vnqi
wandb: Currently logged in as: mason-nakamura1 (ecrl). Use `wandb login --relogin` to force relogin
wandb: Currently logged in as: mason-nakamura1 (ecrl). Use `wandb login --relogin` to force relogin
wandb: wandb version 0.16.5 is available!  To upgrade, please run:
wandb:  $ pip install wandb --upgrade
wandb: Tracking run with wandb version 0.14.2
wandb: Run data is saved locally in /nas/ucb/mason/ethically-compliant-rl/wandb/run-20240327_183741-130oxluf
wandb: Run `wandb offline` to turn off syncing.
wandb: Syncing run fluent-frost-39
wandb: ⭐️ View project at https://wandb.ai/ecrl/ppol-LIDAR-CNN
wandb: 🚀 View run at https://wandb.ai/ecrl/ppol-LIDAR-CNN/runs/130oxluf
wandb: wandb version 0.16.5 is available!  To upgrade, please run:
wandb:  $ pip install wandb --upgrade
wandb: Tracking run with wandb version 0.14.2
wandb: Run data is saved locally in /nas/ucb/mason/ethically-compliant-rl/wandb/run-20240327_183741-i0dvdcat
wandb: Run `wandb offline` to turn off syncing.
wandb: Syncing run hardy-glitter-39
wandb: ⭐️ View project at https://wandb.ai/ecrl/ppol-LIDAR-CNN
wandb: 🚀 View run at https://wandb.ai/ecrl/ppol-LIDAR-CNN/runs/i0dvdcat
slurmstepd: error: *** JOB 168410 ON cirl.ist.berkeley.edu CANCELLED AT 2024-03-28T15:20:24 ***
slurmstepd: error: *** STEP 168410.1 ON ddpg.ist.berkeley.edu CANCELLED AT 2024-03-28T08:20:24 ***
slurmstepd: error: *** STEP 168410.0 ON cirl.ist.berkeley.edu CANCELLED AT 2024-03-28T15:20:24 ***
slurmstepd: error: *** STEP 168410.2 ON dqn.ist.berkeley.edu CANCELLED AT 2024-03-28T08:20:24 ***
