wandb: Currently logged in as: mason-nakamura1 (ecrl). Use `wandb login --relogin` to force relogin
wandb: Currently logged in as: mason-nakamura1 (ecrl). Use `wandb login --relogin` to force relogin
wandb: Currently logged in as: mason-nakamura1 (ecrl). Use `wandb login --relogin` to force relogin
wandb: wandb version 0.16.2 is available!  To upgrade, please run:
wandb:  $ pip install wandb --upgrade
wandb: Tracking run with wandb version 0.14.2
wandb: Run data is saved locally in /nas/ucb/mason/ethically-compliant-rl/wandb/run-20240118_070314-if7ehox9
wandb: Run `wandb offline` to turn off syncing.
wandb: wandb version 0.16.2 is available!  To upgrade, please run:
wandb:  $ pip install wandb --upgrade
wandb: Tracking run with wandb version 0.14.2
wandb: Run data is saved locally in /nas/ucb/mason/ethically-compliant-rl/wandb/run-20240117_230314-gkj6lbwv
wandb: Run `wandb offline` to turn off syncing.
wandb: Syncing run happy-glitter-40
wandb: ⭐️ View project at https://wandb.ai/ecrl/QUALITATIVE-TEST
wandb: 🚀 View run at https://wandb.ai/ecrl/QUALITATIVE-TEST/runs/if7ehox9
wandb: Syncing run elated-wood-40
wandb: ⭐️ View project at https://wandb.ai/ecrl/QUALITATIVE-TEST
wandb: 🚀 View run at https://wandb.ai/ecrl/QUALITATIVE-TEST/runs/gkj6lbwv
wandb: wandb version 0.16.2 is available!  To upgrade, please run:
wandb:  $ pip install wandb --upgrade
wandb: Tracking run with wandb version 0.14.2
wandb: Run data is saved locally in /nas/ucb/mason/ethically-compliant-rl/wandb/run-20240118_070314-yxsagpw3
wandb: Run `wandb offline` to turn off syncing.
wandb: Syncing run vibrant-field-40
wandb: ⭐️ View project at https://wandb.ai/ecrl/QUALITATIVE-TEST
wandb: 🚀 View run at https://wandb.ai/ecrl/QUALITATIVE-TEST/runs/yxsagpw3
slurmstepd: error: *** STEP 118137.2 ON sac.ist.berkeley.edu CANCELLED AT 2024-01-18T07:03:32 ***
slurmstepd: error: *** JOB 118137 ON airl.ist.berkeley.edu CANCELLED AT 2024-01-18T07:03:32 ***
slurmstepd: error: *** STEP 118137.0 ON airl.ist.berkeley.edu CANCELLED AT 2024-01-18T07:03:32 ***
slurmstepd: error: *** STEP 118137.1 ON ppo.ist.berkeley.edu CANCELLED AT 2024-01-17T23:03:32 ***
