wandb: Currently logged in as: mason-nakamura1 (ecrl). Use `wandb login --relogin` to force relogin
wandb: Currently logged in as: mason-nakamura1 (ecrl). Use `wandb login --relogin` to force relogin
wandb: Currently logged in as: mason-nakamura1 (ecrl). Use `wandb login --relogin` to force relogin
wandb: Currently logged in as: mason-nakamura1 (ecrl). Use `wandb login --relogin` to force relogin
wandb: wandb version 0.16.1 is available!  To upgrade, please run:
wandb:  $ pip install wandb --upgrade
wandb: Tracking run with wandb version 0.14.2
wandb: Run data is saved locally in /nas/ucb/mason/ethically-compliant-rl/wandb/run-20231230_003741-n5wo25mi
wandb: Run `wandb offline` to turn off syncing.
wandb: Syncing run dulcet-universe-99
wandb: ⭐️ View project at https://wandb.ai/ecrl/New-PPOL-NoMultipiler-SpeedLimit%3D2
wandb: 🚀 View run at https://wandb.ai/ecrl/New-PPOL-NoMultipiler-SpeedLimit%3D2/runs/n5wo25mi
wandb: wandb version 0.16.1 is available!  To upgrade, please run:
wandb:  $ pip install wandb --upgrade
wandb: Tracking run with wandb version 0.14.2
wandb: Run data is saved locally in /nas/ucb/mason/ethically-compliant-rl/wandb/run-20231230_083741-e7w78j2q
wandb: Run `wandb offline` to turn off syncing.
wandb: Syncing run clean-eon-100
wandb: ⭐️ View project at https://wandb.ai/ecrl/New-PPOL-NoMultipiler-SpeedLimit%3D2
wandb: 🚀 View run at https://wandb.ai/ecrl/New-PPOL-NoMultipiler-SpeedLimit%3D2/runs/e7w78j2q
wandb: wandb version 0.16.1 is available!  To upgrade, please run:
wandb:  $ pip install wandb --upgrade
wandb: Tracking run with wandb version 0.14.2
wandb: Run data is saved locally in /nas/ucb/mason/ethically-compliant-rl/wandb/run-20231230_003741-whv4s1nt
wandb: Run `wandb offline` to turn off syncing.
wandb: Syncing run lively-serenity-100
wandb: ⭐️ View project at https://wandb.ai/ecrl/New-PPOL-NoMultipiler-SpeedLimit%3D2
wandb: 🚀 View run at https://wandb.ai/ecrl/New-PPOL-NoMultipiler-SpeedLimit%3D2/runs/whv4s1nt
wandb: wandb version 0.16.1 is available!  To upgrade, please run:
wandb:  $ pip install wandb --upgrade
wandb: Tracking run with wandb version 0.14.2
wandb: Run data is saved locally in /nas/ucb/mason/ethically-compliant-rl/wandb/run-20231230_003741-nu59xx5b
wandb: Run `wandb offline` to turn off syncing.
wandb: Syncing run lucky-rain-102
wandb: ⭐️ View project at https://wandb.ai/ecrl/New-PPOL-NoMultipiler-SpeedLimit%3D2
wandb: 🚀 View run at https://wandb.ai/ecrl/New-PPOL-NoMultipiler-SpeedLimit%3D2/runs/nu59xx5b
Using cpu device
Traceback (most recent call last):
  File "/nas/ucb/mason/ethically-compliant-rl/PPOL_New/train_ppol_no_lagrange.py", line 162, in <module>
    train()
  File "/nas/ucb/mason/ethically-compliant-rl/.venv/lib/python3.9/site-packages/pyrallis/argparsing.py", line 158, in wrapper_inner
    response = fn(cfg, *args, **kwargs)
  File "/nas/ucb/mason/ethically-compliant-rl/PPOL_New/train_ppol_no_lagrange.py", line 139, in train
    agent.learn(total_timesteps=args.total_timesteps, callback=callback, reset_num_timesteps=False)
  File "/nas/ucb/mason/ethically-compliant-rl/stable_baselines3/stable_baselines3/ppol/ppol.py", line 429, in learn
    result = super().learn(
  File "/nas/ucb/mason/ethically-compliant-rl/stable_baselines3/stable_baselines3/common/on_policy_algorithm.py", line 572, in learn
    continue_training = self.collect_rollouts(self.env, callback, self.rollout_buffer, n_rollout_steps=self.n_steps)
  File "/nas/ucb/mason/ethically-compliant-rl/stable_baselines3/stable_baselines3/common/on_policy_algorithm.py", line 489, in collect_rollouts
    if not callback.on_step():
  File "/nas/ucb/mason/ethically-compliant-rl/stable_baselines3/stable_baselines3/common/callbacks.py", line 111, in on_step
    return self._on_step()
  File "/nas/ucb/mason/ethically-compliant-rl/PPOL_New/train_ppol_no_lagrange.py", line 66, in _on_step
    cost = self.locals['infos']['cost']
TypeError: list indices must be integers or slices, not str
wandb: Waiting for W&B process to finish... (failed 1). Press Control-C to abort syncing.
Using cpu device
Traceback (most recent call last):
  File "/nas/ucb/mason/ethically-compliant-rl/PPOL_New/train_ppol_no_lagrange.py", line 162, in <module>
    train()
  File "/nas/ucb/mason/ethically-compliant-rl/.venv/lib/python3.9/site-packages/pyrallis/argparsing.py", line 158, in wrapper_inner
    response = fn(cfg, *args, **kwargs)
  File "/nas/ucb/mason/ethically-compliant-rl/PPOL_New/train_ppol_no_lagrange.py", line 139, in train
    agent.learn(total_timesteps=args.total_timesteps, callback=callback, reset_num_timesteps=False)
  File "/nas/ucb/mason/ethically-compliant-rl/stable_baselines3/stable_baselines3/ppol/ppol.py", line 429, in learn
    result = super().learn(
  File "/nas/ucb/mason/ethically-compliant-rl/stable_baselines3/stable_baselines3/common/on_policy_algorithm.py", line 572, in learn
    continue_training = self.collect_rollouts(self.env, callback, self.rollout_buffer, n_rollout_steps=self.n_steps)
  File "/nas/ucb/mason/ethically-compliant-rl/stable_baselines3/stable_baselines3/common/on_policy_algorithm.py", line 489, in collect_rollouts
    if not callback.on_step():
  File "/nas/ucb/mason/ethically-compliant-rl/stable_baselines3/stable_baselines3/common/callbacks.py", line 111, in on_step
    return self._on_step()
  File "/nas/ucb/mason/ethically-compliant-rl/PPOL_New/train_ppol_no_lagrange.py", line 66, in _on_step
    cost = self.locals['infos']['cost']
TypeError: list indices must be integers or slices, not str
wandb: Waiting for W&B process to finish... (failed 1). Press Control-C to abort syncing.
Using cpu device
Traceback (most recent call last):
  File "/nas/ucb/mason/ethically-compliant-rl/PPOL_New/train_ppol_no_lagrange.py", line 162, in <module>
    train()
  File "/nas/ucb/mason/ethically-compliant-rl/.venv/lib/python3.9/site-packages/pyrallis/argparsing.py", line 158, in wrapper_inner
    response = fn(cfg, *args, **kwargs)
  File "/nas/ucb/mason/ethically-compliant-rl/PPOL_New/train_ppol_no_lagrange.py", line 139, in train
    agent.learn(total_timesteps=args.total_timesteps, callback=callback, reset_num_timesteps=False)
  File "/nas/ucb/mason/ethically-compliant-rl/stable_baselines3/stable_baselines3/ppol/ppol.py", line 429, in learn
    result = super().learn(
  File "/nas/ucb/mason/ethically-compliant-rl/stable_baselines3/stable_baselines3/common/on_policy_algorithm.py", line 572, in learn
    continue_training = self.collect_rollouts(self.env, callback, self.rollout_buffer, n_rollout_steps=self.n_steps)
  File "/nas/ucb/mason/ethically-compliant-rl/stable_baselines3/stable_baselines3/common/on_policy_algorithm.py", line 489, in collect_rollouts
    if not callback.on_step():
  File "/nas/ucb/mason/ethically-compliant-rl/stable_baselines3/stable_baselines3/common/callbacks.py", line 111, in on_step
    return self._on_step()
  File "/nas/ucb/mason/ethically-compliant-rl/PPOL_New/train_ppol_no_lagrange.py", line 66, in _on_step
    cost = self.locals['infos']['cost']
TypeError: list indices must be integers or slices, not str
wandb: Waiting for W&B process to finish... (failed 1). Press Control-C to abort syncing.
Using cpu device
Traceback (most recent call last):
  File "/nas/ucb/mason/ethically-compliant-rl/PPOL_New/train_ppol_no_lagrange.py", line 162, in <module>
    train()
  File "/nas/ucb/mason/ethically-compliant-rl/.venv/lib/python3.9/site-packages/pyrallis/argparsing.py", line 158, in wrapper_inner
    response = fn(cfg, *args, **kwargs)
  File "/nas/ucb/mason/ethically-compliant-rl/PPOL_New/train_ppol_no_lagrange.py", line 139, in train
    agent.learn(total_timesteps=args.total_timesteps, callback=callback, reset_num_timesteps=False)
  File "/nas/ucb/mason/ethically-compliant-rl/stable_baselines3/stable_baselines3/ppol/ppol.py", line 429, in learn
    result = super().learn(
  File "/nas/ucb/mason/ethically-compliant-rl/stable_baselines3/stable_baselines3/common/on_policy_algorithm.py", line 572, in learn
    continue_training = self.collect_rollouts(self.env, callback, self.rollout_buffer, n_rollout_steps=self.n_steps)
  File "/nas/ucb/mason/ethically-compliant-rl/stable_baselines3/stable_baselines3/common/on_policy_algorithm.py", line 489, in collect_rollouts
    if not callback.on_step():
  File "/nas/ucb/mason/ethically-compliant-rl/stable_baselines3/stable_baselines3/common/callbacks.py", line 111, in on_step
    return self._on_step()
  File "/nas/ucb/mason/ethically-compliant-rl/PPOL_New/train_ppol_no_lagrange.py", line 66, in _on_step
    cost = self.locals['infos']['cost']
TypeError: list indices must be integers or slices, not str
wandb: Waiting for W&B process to finish... (failed 1). Press Control-C to abort syncing.
wandb: ERROR Error while calling W&B API: An internal error occurred. Please contact support. (<Response [500]>)
wandb: ERROR Error while calling W&B API: An internal error occurred. Please contact support. (<Response [500]>)
wandb: ERROR Error while calling W&B API: An internal error occurred. Please contact support. (<Response [500]>)
wandb: ERROR Error while calling W&B API: An internal error occurred. Please contact support. (<Response [500]>)
wandb: 🚀 View run dulcet-universe-99 at: https://wandb.ai/ecrl/New-PPOL-NoMultipiler-SpeedLimit%3D2/runs/n5wo25mi
wandb: Synced 5 W&B file(s), 0 media file(s), 2 artifact file(s) and 0 other file(s)
wandb: Find logs at: ./wandb/run-20231230_003741-n5wo25mi/logs
wandb: 🚀 View run clean-eon-100 at: https://wandb.ai/ecrl/New-PPOL-NoMultipiler-SpeedLimit%3D2/runs/e7w78j2q
wandb: Synced 5 W&B file(s), 0 media file(s), 2 artifact file(s) and 0 other file(s)
wandb: Find logs at: ./wandb/run-20231230_083741-e7w78j2q/logs
wandb: 🚀 View run lucky-rain-102 at: https://wandb.ai/ecrl/New-PPOL-NoMultipiler-SpeedLimit%3D2/runs/nu59xx5b
wandb: Synced 5 W&B file(s), 0 media file(s), 2 artifact file(s) and 0 other file(s)
wandb: Find logs at: ./wandb/run-20231230_003741-nu59xx5b/logs
srun: error: ddpg.ist.berkeley.edu: task 0: Exited with exit code 1
wandb: 🚀 View run lively-serenity-100 at: https://wandb.ai/ecrl/New-PPOL-NoMultipiler-SpeedLimit%3D2/runs/whv4s1nt
wandb: Synced 5 W&B file(s), 0 media file(s), 2 artifact file(s) and 0 other file(s)
wandb: Find logs at: ./wandb/run-20231230_003741-whv4s1nt/logs
srun: error: airl.ist.berkeley.edu: task 0: Exited with exit code 1
srun: error: dqn.ist.berkeley.edu: task 0: Exited with exit code 1
srun: error: gail.ist.berkeley.edu: task 0: Exited with exit code 1
