wandb: Currently logged in as: mason-nakamura1 (ecrl). Use `wandb login --relogin` to force relogin
wandb: Currently logged in as: mason-nakamura1 (ecrl). Use `wandb login --relogin` to force relogin
wandb: Currently logged in as: mason-nakamura1 (ecrl). Use `wandb login --relogin` to force relogin
wandb: wandb version 0.16.2 is available!  To upgrade, please run:
wandb:  $ pip install wandb --upgrade
wandb: Tracking run with wandb version 0.14.2
wandb: Run data is saved locally in /nas/ucb/mason/ethically-compliant-rl/wandb/run-20240111_192739-ukgcu6w5
wandb: Run `wandb offline` to turn off syncing.
wandb: Syncing run fast-field-39
wandb: ⭐️ View project at https://wandb.ai/ecrl/PPO%2BPPOL
wandb: 🚀 View run at https://wandb.ai/ecrl/PPO%2BPPOL/runs/ukgcu6w5
wandb: wandb version 0.16.2 is available!  To upgrade, please run:
wandb:  $ pip install wandb --upgrade
wandb: Tracking run with wandb version 0.14.2
wandb: Run data is saved locally in /nas/ucb/mason/ethically-compliant-rl/wandb/run-20240111_112739-xd1o6yro
wandb: Run `wandb offline` to turn off syncing.
wandb: Syncing run smart-salad-40
wandb: ⭐️ View project at https://wandb.ai/ecrl/PPO%2BPPOL
wandb: 🚀 View run at https://wandb.ai/ecrl/PPO%2BPPOL/runs/xd1o6yro
wandb: wandb version 0.16.2 is available!  To upgrade, please run:
wandb:  $ pip install wandb --upgrade
wandb: Tracking run with wandb version 0.14.2
wandb: Run data is saved locally in /nas/ucb/mason/ethically-compliant-rl/wandb/run-20240111_112739-134gt31t
wandb: Run `wandb offline` to turn off syncing.
wandb: Syncing run eager-silence-41
wandb: ⭐️ View project at https://wandb.ai/ecrl/PPO%2BPPOL
wandb: 🚀 View run at https://wandb.ai/ecrl/PPO%2BPPOL/runs/134gt31t
Using cpu device
-----------------------------------
| is_success         | 0          |
| reward             | -2.6374311 |
| rollout/           |            |
|    ep_len_mean     | 547        |
|    ep_rew_mean     | -705       |
| time/              |            |
|    fps             | 147        |
|    iterations      | 1          |
|    time_elapsed    | 13         |
|    total_timesteps | 2048       |
-----------------------------------
Using cpu device
-----------------------------------
| is_success         | 0          |
| reward             | -2.6374311 |
| rollout/           |            |
|    ep_len_mean     | 547        |
|    ep_rew_mean     | -705       |
| time/              |            |
|    fps             | 144        |
|    iterations      | 1          |
|    time_elapsed    | 14         |
|    total_timesteps | 2048       |
-----------------------------------
Using cpu device
-----------------------------------
| is_success         | 0          |
| reward             | -2.6374311 |
| rollout/           |            |
|    ep_len_mean     | 547        |
|    ep_rew_mean     | -705       |
| time/              |            |
|    fps             | 144        |
|    iterations      | 1          |
|    time_elapsed    | 14         |
|    total_timesteps | 2048       |
-----------------------------------
----------------------------------------
| is_success              | 0          |
| reward                  | -1.4634464 |
| rollout/                |            |
|    ep_len_mean          | 774        |
|    ep_rew_mean          | -1.03e+03  |
| time/                   |            |
|    fps                  | 144        |
|    iterations           | 2          |
|    time_elapsed         | 28         |
|    total_timesteps      | 4096       |
| train/                  |            |
|    approx_kl            | 0.0040225  |
|    clip_fraction        | 0.016      |
|    clip_range           | 0.2        |
|    entropy_loss         | -2.84      |
|    explained_variance   | 0.00325    |
|    learning_rate        | 0.0003     |
|    loss                 | 295        |
|    n_updates            | 10         |
|    policy_gradient_loss | -0.00357   |
|    std                  | 1          |
|    value_loss           | 661        |
----------------------------------------
----------------------------------------
| is_success              | 0          |
| reward                  | -1.4634464 |
| rollout/                |            |
|    ep_len_mean          | 774        |
|    ep_rew_mean          | -1.03e+03  |
| time/                   |            |
|    fps                  | 145        |
|    iterations           | 2          |
|    time_elapsed         | 28         |
|    total_timesteps      | 4096       |
| train/                  |            |
|    approx_kl            | 0.0040225  |
|    clip_fraction        | 0.016      |
|    clip_range           | 0.2        |
|    entropy_loss         | -2.84      |
|    explained_variance   | 0.00325    |
|    learning_rate        | 0.0003     |
|    loss                 | 295        |
|    n_updates            | 10         |
|    policy_gradient_loss | -0.00357   |
|    std                  | 1          |
|    value_loss           | 661        |
----------------------------------------
----------------------------------------
| is_success              | 0          |
| reward                  | -1.4634464 |
| rollout/                |            |
|    ep_len_mean          | 774        |
|    ep_rew_mean          | -1.03e+03  |
| time/                   |            |
|    fps                  | 141        |
|    iterations           | 2          |
|    time_elapsed         | 28         |
|    total_timesteps      | 4096       |
| train/                  |            |
|    approx_kl            | 0.0040225  |
|    clip_fraction        | 0.016      |
|    clip_range           | 0.2        |
|    entropy_loss         | -2.84      |
|    explained_variance   | 0.00325    |
|    learning_rate        | 0.0003     |
|    loss                 | 295        |
|    n_updates            | 10         |
|    policy_gradient_loss | -0.00357   |
|    std                  | 1          |
|    value_loss           | 661        |
----------------------------------------
-----------------------------------------
| is_success              | 0           |
| reward                  | -0.3809714  |
| rollout/                |             |
|    ep_len_mean          | 871         |
|    ep_rew_mean          | -1.13e+03   |
| time/                   |             |
|    fps                  | 144         |
|    iterations           | 3           |
|    time_elapsed         | 42          |
|    total_timesteps      | 6144        |
| train/                  |             |
|    approx_kl            | 0.002886236 |
|    clip_fraction        | 0.0114      |
|    clip_range           | 0.2         |
|    entropy_loss         | -2.84       |
|    explained_variance   | 0.169       |
|    learning_rate        | 0.0003      |
|    loss                 | 147         |
|    n_updates            | 20          |
|    policy_gradient_loss | -0.0031     |
|    std                  | 0.998       |
|    value_loss           | 350         |
-----------------------------------------
-----------------------------------------
| is_success              | 0           |
| reward                  | -0.3809714  |
| rollout/                |             |
|    ep_len_mean          | 871         |
|    ep_rew_mean          | -1.13e+03   |
| time/                   |             |
|    fps                  | 144         |
|    iterations           | 3           |
|    time_elapsed         | 42          |
|    total_timesteps      | 6144        |
| train/                  |             |
|    approx_kl            | 0.002886236 |
|    clip_fraction        | 0.0114      |
|    clip_range           | 0.2         |
|    entropy_loss         | -2.84       |
|    explained_variance   | 0.169       |
|    learning_rate        | 0.0003      |
|    loss                 | 147         |
|    n_updates            | 20          |
|    policy_gradient_loss | -0.0031     |
|    std                  | 0.998       |
|    value_loss           | 350         |
-----------------------------------------
-----------------------------------------
| is_success              | 0           |
| reward                  | -0.3809714  |
| rollout/                |             |
|    ep_len_mean          | 871         |
|    ep_rew_mean          | -1.13e+03   |
| time/                   |             |
|    fps                  | 140         |
|    iterations           | 3           |
|    time_elapsed         | 43          |
|    total_timesteps      | 6144        |
| train/                  |             |
|    approx_kl            | 0.002886236 |
|    clip_fraction        | 0.0114      |
|    clip_range           | 0.2         |
|    entropy_loss         | -2.84       |
|    explained_variance   | 0.169       |
|    learning_rate        | 0.0003      |
|    loss                 | 147         |
|    n_updates            | 20          |
|    policy_gradient_loss | -0.0031     |
|    std                  | 0.998       |
|    value_loss           | 350         |
-----------------------------------------
------------------------------------------
| is_success              | 0            |
| reward                  | -0.5912408   |
| rollout/                |              |
|    ep_len_mean          | 900          |
|    ep_rew_mean          | -1.19e+03    |
| time/                   |              |
|    fps                  | 144          |
|    iterations           | 4            |
|    time_elapsed         | 56           |
|    total_timesteps      | 8192         |
| train/                  |              |
|    approx_kl            | 0.0030659516 |
|    clip_fraction        | 0.00679      |
|    clip_range           | 0.2          |
|    entropy_loss         | -2.83        |
|    explained_variance   | -0.713       |
|    learning_rate        | 0.0003       |
|    loss                 | 193          |
|    n_updates            | 30           |
|    policy_gradient_loss | -0.00205     |
|    std                  | 0.998        |
|    value_loss           | 444          |
------------------------------------------
------------------------------------------
| is_success              | 0            |
| reward                  | -0.5912408   |
| rollout/                |              |
|    ep_len_mean          | 900          |
|    ep_rew_mean          | -1.19e+03    |
| time/                   |              |
|    fps                  | 144          |
|    iterations           | 4            |
|    time_elapsed         | 56           |
|    total_timesteps      | 8192         |
| train/                  |              |
|    approx_kl            | 0.0030659516 |
|    clip_fraction        | 0.00679      |
|    clip_range           | 0.2          |
|    entropy_loss         | -2.83        |
|    explained_variance   | -0.713       |
|    learning_rate        | 0.0003       |
|    loss                 | 193          |
|    n_updates            | 30           |
|    policy_gradient_loss | -0.00205     |
|    std                  | 0.998        |
|    value_loss           | 444          |
------------------------------------------
------------------------------------------
| is_success              | 0            |
| reward                  | -0.5912408   |
| rollout/                |              |
|    ep_len_mean          | 900          |
|    ep_rew_mean          | -1.19e+03    |
| time/                   |              |
|    fps                  | 140          |
|    iterations           | 4            |
|    time_elapsed         | 58           |
|    total_timesteps      | 8192         |
| train/                  |              |
|    approx_kl            | 0.0030659516 |
|    clip_fraction        | 0.00679      |
|    clip_range           | 0.2          |
|    entropy_loss         | -2.83        |
|    explained_variance   | -0.713       |
|    learning_rate        | 0.0003       |
|    loss                 | 193          |
|    n_updates            | 30           |
|    policy_gradient_loss | -0.00205     |
|    std                  | 0.998        |
|    value_loss           | 444          |
------------------------------------------
------------------------------------------
| is_success              | 0            |
| reward                  | -1.190521    |
| rollout/                |              |
|    ep_len_mean          | 918          |
|    ep_rew_mean          | -1.24e+03    |
| time/                   |              |
|    fps                  | 144          |
|    iterations           | 5            |
|    time_elapsed         | 70           |
|    total_timesteps      | 10240        |
| train/                  |              |
|    approx_kl            | 0.0051978547 |
|    clip_fraction        | 0.0133       |
|    clip_range           | 0.2          |
|    entropy_loss         | -2.84        |
|    explained_variance   | -0.171       |
|    learning_rate        | 0.0003       |
|    loss                 | 220          |
|    n_updates            | 40           |
|    policy_gradient_loss | -0.00284     |
|    std                  | 1            |
|    value_loss           | 522          |
------------------------------------------
------------------------------------------
| is_success              | 0            |
| reward                  | -1.190521    |
| rollout/                |              |
|    ep_len_mean          | 918          |
|    ep_rew_mean          | -1.24e+03    |
| time/                   |              |
|    fps                  | 144          |
|    iterations           | 5            |
|    time_elapsed         | 70           |
|    total_timesteps      | 10240        |
| train/                  |              |
|    approx_kl            | 0.0051978547 |
|    clip_fraction        | 0.0133       |
|    clip_range           | 0.2          |
|    entropy_loss         | -2.84        |
|    explained_variance   | -0.171       |
|    learning_rate        | 0.0003       |
|    loss                 | 220          |
|    n_updates            | 40           |
|    policy_gradient_loss | -0.00284     |
|    std                  | 1            |
|    value_loss           | 522          |
------------------------------------------
------------------------------------------
| is_success              | 0            |
| reward                  | -1.190521    |
| rollout/                |              |
|    ep_len_mean          | 918          |
|    ep_rew_mean          | -1.24e+03    |
| time/                   |              |
|    fps                  | 141          |
|    iterations           | 5            |
|    time_elapsed         | 72           |
|    total_timesteps      | 10240        |
| train/                  |              |
|    approx_kl            | 0.0051978547 |
|    clip_fraction        | 0.0133       |
|    clip_range           | 0.2          |
|    entropy_loss         | -2.84        |
|    explained_variance   | -0.171       |
|    learning_rate        | 0.0003       |
|    loss                 | 220          |
|    n_updates            | 40           |
|    policy_gradient_loss | -0.00284     |
|    std                  | 1            |
|    value_loss           | 522          |
------------------------------------------
------------------------------------------
| is_success              | 0            |
| reward                  | -0.5459564   |
| rollout/                |              |
|    ep_len_mean          | 931          |
|    ep_rew_mean          | -1.34e+03    |
| time/                   |              |
|    fps                  | 144          |
|    iterations           | 6            |
|    time_elapsed         | 85           |
|    total_timesteps      | 12288        |
| train/                  |              |
|    approx_kl            | 0.0033934056 |
|    clip_fraction        | 0.0113       |
|    clip_range           | 0.2          |
|    entropy_loss         | -2.84        |
|    explained_variance   | -0.343       |
|    learning_rate        | 0.0003       |
|    loss                 | 201          |
|    n_updates            | 50           |
|    policy_gradient_loss | -0.00262     |
|    std                  | 1            |
|    value_loss           | 530          |
------------------------------------------
------------------------------------------
| is_success              | 0            |
| reward                  | -0.5459564   |
| rollout/                |              |
|    ep_len_mean          | 931          |
|    ep_rew_mean          | -1.34e+03    |
| time/                   |              |
|    fps                  | 144          |
|    iterations           | 6            |
|    time_elapsed         | 85           |
|    total_timesteps      | 12288        |
| train/                  |              |
|    approx_kl            | 0.0033934056 |
|    clip_fraction        | 0.0113       |
|    clip_range           | 0.2          |
|    entropy_loss         | -2.84        |
|    explained_variance   | -0.343       |
|    learning_rate        | 0.0003       |
|    loss                 | 201          |
|    n_updates            | 50           |
|    policy_gradient_loss | -0.00262     |
|    std                  | 1            |
|    value_loss           | 530          |
------------------------------------------
------------------------------------------
| is_success              | 0            |
| reward                  | -0.5459564   |
| rollout/                |              |
|    ep_len_mean          | 931          |
|    ep_rew_mean          | -1.34e+03    |
| time/                   |              |
|    fps                  | 141          |
|    iterations           | 6            |
|    time_elapsed         | 87           |
|    total_timesteps      | 12288        |
| train/                  |              |
|    approx_kl            | 0.0033934056 |
|    clip_fraction        | 0.0113       |
|    clip_range           | 0.2          |
|    entropy_loss         | -2.84        |
|    explained_variance   | -0.343       |
|    learning_rate        | 0.0003       |
|    loss                 | 201          |
|    n_updates            | 50           |
|    policy_gradient_loss | -0.00262     |
|    std                  | 1            |
|    value_loss           | 530          |
------------------------------------------
------------------------------------------
| is_success              | 0            |
| reward                  | -0.66671395  |
| rollout/                |              |
|    ep_len_mean          | 940          |
|    ep_rew_mean          | -1.38e+03    |
| time/                   |              |
|    fps                  | 144          |
|    iterations           | 7            |
|    time_elapsed         | 99           |
|    total_timesteps      | 14336        |
| train/                  |              |
|    approx_kl            | 0.0028786648 |
|    clip_fraction        | 0.00459      |
|    clip_range           | 0.2          |
|    entropy_loss         | -2.84        |
|    explained_variance   | -0.00744     |
|    learning_rate        | 0.0003       |
|    loss                 | 472          |
|    n_updates            | 60           |
|    policy_gradient_loss | -0.00188     |
|    std                  | 0.999        |
|    value_loss           | 1.02e+03     |
------------------------------------------
------------------------------------------
| is_success              | 0            |
| reward                  | -0.66671395  |
| rollout/                |              |
|    ep_len_mean          | 940          |
|    ep_rew_mean          | -1.38e+03    |
| time/                   |              |
|    fps                  | 143          |
|    iterations           | 7            |
|    time_elapsed         | 99           |
|    total_timesteps      | 14336        |
| train/                  |              |
|    approx_kl            | 0.0028786648 |
|    clip_fraction        | 0.00459      |
|    clip_range           | 0.2          |
|    entropy_loss         | -2.84        |
|    explained_variance   | -0.00744     |
|    learning_rate        | 0.0003       |
|    loss                 | 472          |
|    n_updates            | 60           |
|    policy_gradient_loss | -0.00188     |
|    std                  | 0.999        |
|    value_loss           | 1.02e+03     |
------------------------------------------
------------------------------------------
| is_success              | 0            |
| reward                  | -0.66671395  |
| rollout/                |              |
|    ep_len_mean          | 940          |
|    ep_rew_mean          | -1.38e+03    |
| time/                   |              |
|    fps                  | 140          |
|    iterations           | 7            |
|    time_elapsed         | 101          |
|    total_timesteps      | 14336        |
| train/                  |              |
|    approx_kl            | 0.0028786648 |
|    clip_fraction        | 0.00459      |
|    clip_range           | 0.2          |
|    entropy_loss         | -2.84        |
|    explained_variance   | -0.00744     |
|    learning_rate        | 0.0003       |
|    loss                 | 472          |
|    n_updates            | 60           |
|    policy_gradient_loss | -0.00188     |
|    std                  | 0.999        |
|    value_loss           | 1.02e+03     |
------------------------------------------
-----------------------------------------
| is_success              | 0           |
| reward                  | -1.5753669  |
| rollout/                |             |
|    ep_len_mean          | 948         |
|    ep_rew_mean          | -1.34e+03   |
| time/                   |             |
|    fps                  | 144         |
|    iterations           | 8           |
|    time_elapsed         | 113         |
|    total_timesteps      | 16384       |
| train/                  |             |
|    approx_kl            | 0.004503071 |
|    clip_fraction        | 0.0126      |
|    clip_range           | 0.2         |
|    entropy_loss         | -2.83       |
|    explained_variance   | 0.179       |
|    learning_rate        | 0.0003      |
|    loss                 | 354         |
|    n_updates            | 70          |
|    policy_gradient_loss | -0.00241    |
|    std                  | 0.999       |
|    value_loss           | 762         |
-----------------------------------------
-----------------------------------------
| is_success              | 0           |
| reward                  | -1.5753669  |
| rollout/                |             |
|    ep_len_mean          | 948         |
|    ep_rew_mean          | -1.34e+03   |
| time/                   |             |
|    fps                  | 143         |
|    iterations           | 8           |
|    time_elapsed         | 113         |
|    total_timesteps      | 16384       |
| train/                  |             |
|    approx_kl            | 0.004503071 |
|    clip_fraction        | 0.0126      |
|    clip_range           | 0.2         |
|    entropy_loss         | -2.83       |
|    explained_variance   | 0.179       |
|    learning_rate        | 0.0003      |
|    loss                 | 354         |
|    n_updates            | 70          |
|    policy_gradient_loss | -0.00241    |
|    std                  | 0.999       |
|    value_loss           | 762         |
-----------------------------------------
-----------------------------------------
| is_success              | 0           |
| reward                  | -1.5753669  |
| rollout/                |             |
|    ep_len_mean          | 948         |
|    ep_rew_mean          | -1.34e+03   |
| time/                   |             |
|    fps                  | 140         |
|    iterations           | 8           |
|    time_elapsed         | 116         |
|    total_timesteps      | 16384       |
| train/                  |             |
|    approx_kl            | 0.004503071 |
|    clip_fraction        | 0.0126      |
|    clip_range           | 0.2         |
|    entropy_loss         | -2.83       |
|    explained_variance   | 0.179       |
|    learning_rate        | 0.0003      |
|    loss                 | 354         |
|    n_updates            | 70          |
|    policy_gradient_loss | -0.00241    |
|    std                  | 0.999       |
|    value_loss           | 762         |
-----------------------------------------
------------------------------------------
| is_success              | 0            |
| reward                  | -1.1574712   |
| rollout/                |              |
|    ep_len_mean          | 953          |
|    ep_rew_mean          | -1.4e+03     |
| time/                   |              |
|    fps                  | 144          |
|    iterations           | 9            |
|    time_elapsed         | 127          |
|    total_timesteps      | 18432        |
| train/                  |              |
|    approx_kl            | 0.0040276344 |
|    clip_fraction        | 0.0146       |
|    clip_range           | 0.2          |
|    entropy_loss         | -2.83        |
|    explained_variance   | 0.457        |
|    learning_rate        | 0.0003       |
|    loss                 | 96.9         |
|    n_updates            | 80           |
|    policy_gradient_loss | -0.00311     |
|    std                  | 0.997        |
|    value_loss           | 225          |
------------------------------------------
------------------------------------------
| is_success              | 0            |
| reward                  | -1.1574712   |
| rollout/                |              |
|    ep_len_mean          | 953          |
|    ep_rew_mean          | -1.4e+03     |
| time/                   |              |
|    fps                  | 143          |
|    iterations           | 9            |
|    time_elapsed         | 128          |
|    total_timesteps      | 18432        |
| train/                  |              |
|    approx_kl            | 0.0040276344 |
|    clip_fraction        | 0.0146       |
|    clip_range           | 0.2          |
|    entropy_loss         | -2.83        |
|    explained_variance   | 0.457        |
|    learning_rate        | 0.0003       |
|    loss                 | 96.9         |
|    n_updates            | 80           |
|    policy_gradient_loss | -0.00311     |
|    std                  | 0.997        |
|    value_loss           | 225          |
------------------------------------------
------------------------------------------
| is_success              | 0            |
| reward                  | -1.1574712   |
| rollout/                |              |
|    ep_len_mean          | 953          |
|    ep_rew_mean          | -1.4e+03     |
| time/                   |              |
|    fps                  | 140          |
|    iterations           | 9            |
|    time_elapsed         | 131          |
|    total_timesteps      | 18432        |
| train/                  |              |
|    approx_kl            | 0.0040276344 |
|    clip_fraction        | 0.0146       |
|    clip_range           | 0.2          |
|    entropy_loss         | -2.83        |
|    explained_variance   | 0.457        |
|    learning_rate        | 0.0003       |
|    loss                 | 96.9         |
|    n_updates            | 80           |
|    policy_gradient_loss | -0.00311     |
|    std                  | 0.997        |
|    value_loss           | 225          |
------------------------------------------
------------------------------------------
| is_success              | 0            |
| reward                  | -2.0725195   |
| rollout/                |              |
|    ep_len_mean          | 915          |
|    ep_rew_mean          | -1.3e+03     |
| time/                   |              |
|    fps                  | 144          |
|    iterations           | 10           |
|    time_elapsed         | 142          |
|    total_timesteps      | 20480        |
| train/                  |              |
|    approx_kl            | 0.0006153377 |
|    clip_fraction        | 0            |
|    clip_range           | 0.2          |
|    entropy_loss         | -2.83        |
|    explained_variance   | -3.33        |
|    learning_rate        | 0.0003       |
|    loss                 | 280          |
|    n_updates            | 90           |
|    policy_gradient_loss | -0.000995    |
|    std                  | 0.999        |
|    value_loss           | 888          |
------------------------------------------
------------------------------------------
| is_success              | 0            |
| reward                  | -2.0725195   |
| rollout/                |              |
|    ep_len_mean          | 915          |
|    ep_rew_mean          | -1.3e+03     |
| time/                   |              |
|    fps                  | 143          |
|    iterations           | 10           |
|    time_elapsed         | 142          |
|    total_timesteps      | 20480        |
| train/                  |              |
|    approx_kl            | 0.0006153377 |
|    clip_fraction        | 0            |
|    clip_range           | 0.2          |
|    entropy_loss         | -2.83        |
|    explained_variance   | -3.33        |
|    learning_rate        | 0.0003       |
|    loss                 | 280          |
|    n_updates            | 90           |
|    policy_gradient_loss | -0.000995    |
|    std                  | 0.999        |
|    value_loss           | 888          |
------------------------------------------
------------------------------------------
| is_success              | 0            |
| reward                  | -2.0725195   |
| rollout/                |              |
|    ep_len_mean          | 915          |
|    ep_rew_mean          | -1.3e+03     |
| time/                   |              |
|    fps                  | 140          |
|    iterations           | 10           |
|    time_elapsed         | 145          |
|    total_timesteps      | 20480        |
| train/                  |              |
|    approx_kl            | 0.0006153377 |
|    clip_fraction        | 0            |
|    clip_range           | 0.2          |
|    entropy_loss         | -2.83        |
|    explained_variance   | -3.33        |
|    learning_rate        | 0.0003       |
|    loss                 | 280          |
|    n_updates            | 90           |
|    policy_gradient_loss | -0.000995    |
|    std                  | 0.999        |
|    value_loss           | 888          |
------------------------------------------
------------------------------------------
| is_success              | 0            |
| reward                  | -1.7089368   |
| rollout/                |              |
|    ep_len_mean          | 922          |
|    ep_rew_mean          | -1.34e+03    |
| time/                   |              |
|    fps                  | 144          |
|    iterations           | 11           |
|    time_elapsed         | 156          |
|    total_timesteps      | 22528        |
| train/                  |              |
|    approx_kl            | 0.0037650582 |
|    clip_fraction        | 0.0199       |
|    clip_range           | 0.2          |
|    entropy_loss         | -2.83        |
|    explained_variance   | 0.0207       |
|    learning_rate        | 0.0003       |
|    loss                 | 74.9         |
|    n_updates            | 100          |
|    policy_gradient_loss | -0.00397     |
|    std                  | 0.993        |
|    value_loss           | 228          |
------------------------------------------
------------------------------------------
| is_success              | 0            |
| reward                  | -1.7089368   |
| rollout/                |              |
|    ep_len_mean          | 922          |
|    ep_rew_mean          | -1.34e+03    |
| time/                   |              |
|    fps                  | 143          |
|    iterations           | 11           |
|    time_elapsed         | 156          |
|    total_timesteps      | 22528        |
| train/                  |              |
|    approx_kl            | 0.0037650582 |
|    clip_fraction        | 0.0199       |
|    clip_range           | 0.2          |
|    entropy_loss         | -2.83        |
|    explained_variance   | 0.0207       |
|    learning_rate        | 0.0003       |
|    loss                 | 74.9         |
|    n_updates            | 100          |
|    policy_gradient_loss | -0.00397     |
|    std                  | 0.993        |
|    value_loss           | 228          |
------------------------------------------
------------------------------------------
| is_success              | 0            |
| reward                  | -1.7089368   |
| rollout/                |              |
|    ep_len_mean          | 922          |
|    ep_rew_mean          | -1.34e+03    |
| time/                   |              |
|    fps                  | 140          |
|    iterations           | 11           |
|    time_elapsed         | 160          |
|    total_timesteps      | 22528        |
| train/                  |              |
|    approx_kl            | 0.0037650582 |
|    clip_fraction        | 0.0199       |
|    clip_range           | 0.2          |
|    entropy_loss         | -2.83        |
|    explained_variance   | 0.0207       |
|    learning_rate        | 0.0003       |
|    loss                 | 74.9         |
|    n_updates            | 100          |
|    policy_gradient_loss | -0.00397     |
|    std                  | 0.993        |
|    value_loss           | 228          |
------------------------------------------
------------------------------------------
| is_success              | 0            |
| reward                  | -1.736297    |
| rollout/                |              |
|    ep_len_mean          | 928          |
|    ep_rew_mean          | -1.38e+03    |
| time/                   |              |
|    fps                  | 143          |
|    iterations           | 12           |
|    time_elapsed         | 170          |
|    total_timesteps      | 24576        |
| train/                  |              |
|    approx_kl            | 0.0019224649 |
|    clip_fraction        | 0.00146      |
|    clip_range           | 0.2          |
|    entropy_loss         | -2.82        |
|    explained_variance   | -0.506       |
|    learning_rate        | 0.0003       |
|    loss                 | 301          |
|    n_updates            | 110          |
|    policy_gradient_loss | -0.0012      |
|    std                  | 0.99         |
|    value_loss           | 720          |
------------------------------------------
------------------------------------------
| is_success              | 0            |
| reward                  | -1.736297    |
| rollout/                |              |
|    ep_len_mean          | 928          |
|    ep_rew_mean          | -1.38e+03    |
| time/                   |              |
|    fps                  | 143          |
|    iterations           | 12           |
|    time_elapsed         | 171          |
|    total_timesteps      | 24576        |
| train/                  |              |
|    approx_kl            | 0.0019224649 |
|    clip_fraction        | 0.00146      |
|    clip_range           | 0.2          |
|    entropy_loss         | -2.82        |
|    explained_variance   | -0.506       |
|    learning_rate        | 0.0003       |
|    loss                 | 301          |
|    n_updates            | 110          |
|    policy_gradient_loss | -0.0012      |
|    std                  | 0.99         |
|    value_loss           | 720          |
------------------------------------------
------------------------------------------
| is_success              | 0            |
| reward                  | -1.736297    |
| rollout/                |              |
|    ep_len_mean          | 928          |
|    ep_rew_mean          | -1.38e+03    |
| time/                   |              |
|    fps                  | 140          |
|    iterations           | 12           |
|    time_elapsed         | 174          |
|    total_timesteps      | 24576        |
| train/                  |              |
|    approx_kl            | 0.0019224649 |
|    clip_fraction        | 0.00146      |
|    clip_range           | 0.2          |
|    entropy_loss         | -2.82        |
|    explained_variance   | -0.506       |
|    learning_rate        | 0.0003       |
|    loss                 | 301          |
|    n_updates            | 110          |
|    policy_gradient_loss | -0.0012      |
|    std                  | 0.99         |
|    value_loss           | 720          |
------------------------------------------
-----------------------------------------
| is_success              | 0           |
| reward                  | -1.373975   |
| rollout/                |             |
|    ep_len_mean          | 934         |
|    ep_rew_mean          | -1.4e+03    |
| time/                   |             |
|    fps                  | 143         |
|    iterations           | 13          |
|    time_elapsed         | 185         |
|    total_timesteps      | 26624       |
| train/                  |             |
|    approx_kl            | 0.003825597 |
|    clip_fraction        | 0.00527     |
|    clip_range           | 0.2         |
|    entropy_loss         | -2.82       |
|    explained_variance   | -1.39       |
|    learning_rate        | 0.0003      |
|    loss                 | 142         |
|    n_updates            | 120         |
|    policy_gradient_loss | -0.00203    |
|    std                  | 0.989       |
|    value_loss           | 526         |
-----------------------------------------
-----------------------------------------
| is_success              | 0           |
| reward                  | -1.373975   |
| rollout/                |             |
|    ep_len_mean          | 934         |
|    ep_rew_mean          | -1.4e+03    |
| time/                   |             |
|    fps                  | 143         |
|    iterations           | 13          |
|    time_elapsed         | 185         |
|    total_timesteps      | 26624       |
| train/                  |             |
|    approx_kl            | 0.003825597 |
|    clip_fraction        | 0.00527     |
|    clip_range           | 0.2         |
|    entropy_loss         | -2.82       |
|    explained_variance   | -1.39       |
|    learning_rate        | 0.0003      |
|    loss                 | 142         |
|    n_updates            | 120         |
|    policy_gradient_loss | -0.00203    |
|    std                  | 0.989       |
|    value_loss           | 526         |
-----------------------------------------
-----------------------------------------
| is_success              | 0           |
| reward                  | -1.373975   |
| rollout/                |             |
|    ep_len_mean          | 934         |
|    ep_rew_mean          | -1.4e+03    |
| time/                   |             |
|    fps                  | 140         |
|    iterations           | 13          |
|    time_elapsed         | 189         |
|    total_timesteps      | 26624       |
| train/                  |             |
|    approx_kl            | 0.003825597 |
|    clip_fraction        | 0.00527     |
|    clip_range           | 0.2         |
|    entropy_loss         | -2.82       |
|    explained_variance   | -1.39       |
|    learning_rate        | 0.0003      |
|    loss                 | 142         |
|    n_updates            | 120         |
|    policy_gradient_loss | -0.00203    |
|    std                  | 0.989       |
|    value_loss           | 526         |
-----------------------------------------
----------------------------------------
| is_success              | 0          |
| reward                  | -1.8161541 |
| rollout/                |            |
|    ep_len_mean          | 910        |
|    ep_rew_mean          | -1.35e+03  |
| time/                   |            |
|    fps                  | 143        |
|    iterations           | 14         |
|    time_elapsed         | 199        |
|    total_timesteps      | 28672      |
| train/                  |            |
|    approx_kl            | 0.00611776 |
|    clip_fraction        | 0.0201     |
|    clip_range           | 0.2        |
|    entropy_loss         | -2.82      |
|    explained_variance   | -0.189     |
|    learning_rate        | 0.0003     |
|    loss                 | 122        |
|    n_updates            | 130        |
|    policy_gradient_loss | -0.00369   |
|    std                  | 0.988      |
|    value_loss           | 410        |
----------------------------------------
----------------------------------------
| is_success              | 0          |
| reward                  | -1.8161541 |
| rollout/                |            |
|    ep_len_mean          | 910        |
|    ep_rew_mean          | -1.35e+03  |
| time/                   |            |
|    fps                  | 143        |
|    iterations           | 14         |
|    time_elapsed         | 199        |
|    total_timesteps      | 28672      |
| train/                  |            |
|    approx_kl            | 0.00611776 |
|    clip_fraction        | 0.0201     |
|    clip_range           | 0.2        |
|    entropy_loss         | -2.82      |
|    explained_variance   | -0.189     |
|    learning_rate        | 0.0003     |
|    loss                 | 122        |
|    n_updates            | 130        |
|    policy_gradient_loss | -0.00369   |
|    std                  | 0.988      |
|    value_loss           | 410        |
----------------------------------------
----------------------------------------
| is_success              | 0          |
| reward                  | -1.8161541 |
| rollout/                |            |
|    ep_len_mean          | 910        |
|    ep_rew_mean          | -1.35e+03  |
| time/                   |            |
|    fps                  | 140        |
|    iterations           | 14         |
|    time_elapsed         | 203        |
|    total_timesteps      | 28672      |
| train/                  |            |
|    approx_kl            | 0.00611776 |
|    clip_fraction        | 0.0201     |
|    clip_range           | 0.2        |
|    entropy_loss         | -2.82      |
|    explained_variance   | -0.189     |
|    learning_rate        | 0.0003     |
|    loss                 | 122        |
|    n_updates            | 130        |
|    policy_gradient_loss | -0.00369   |
|    std                  | 0.988      |
|    value_loss           | 410        |
----------------------------------------
slurmstepd: error: *** STEP 116032.1 ON ddpg.ist.berkeley.edu CANCELLED AT 2024-01-11T11:31:12 ***
slurmstepd: error: *** STEP 116032.2 ON dqn.ist.berkeley.edu CANCELLED AT 2024-01-11T11:31:12 ***
slurmstepd: error: *** JOB 116032 ON airl.ist.berkeley.edu CANCELLED AT 2024-01-11T19:31:12 ***
slurmstepd: error: *** STEP 116032.0 ON airl.ist.berkeley.edu CANCELLED AT 2024-01-11T19:31:12 ***
