wandb: Currently logged in as: mason-nakamura1 (ecrl). Use `wandb login --relogin` to force relogin
wandb: Currently logged in as: mason-nakamura1 (ecrl). Use `wandb login --relogin` to force relogin
wandb: Currently logged in as: mason-nakamura1 (ecrl). Use `wandb login --relogin` to force relogin
wandb: Currently logged in as: mason-nakamura1 (ecrl). Use `wandb login --relogin` to force relogin
wandb: wandb version 0.16.1 is available!  To upgrade, please run:
wandb:  $ pip install wandb --upgrade
wandb: Tracking run with wandb version 0.14.2
wandb: Run data is saved locally in /nas/ucb/mason/ethically-compliant-rl/wandb/run-20231229_222546-fxbq3rdi
wandb: Run `wandb offline` to turn off syncing.
wandb: wandb version 0.16.1 is available!  To upgrade, please run:
wandb:  $ pip install wandb --upgrade
wandb: Tracking run with wandb version 0.14.2
wandb: Run data is saved locally in /nas/ucb/mason/ethically-compliant-rl/wandb/run-20231229_142546-rmzys4h4
wandb: Run `wandb offline` to turn off syncing.
wandb: Syncing run ppol-highway-parking
wandb: ⭐️ View project at https://wandb.ai/ecrl/New-PPOL-SpeedLimit%3D100
wandb: 🚀 View run at https://wandb.ai/ecrl/New-PPOL-SpeedLimit%3D100/runs/fxbq3rdi
wandb: Syncing run ppol-highway-parking
wandb: ⭐️ View project at https://wandb.ai/ecrl/New-PPOL-SpeedLimit%3D100
wandb: 🚀 View run at https://wandb.ai/ecrl/New-PPOL-SpeedLimit%3D100/runs/rmzys4h4
wandb: wandb version 0.16.1 is available!  To upgrade, please run:
wandb:  $ pip install wandb --upgrade
wandb: Tracking run with wandb version 0.14.2
wandb: Run data is saved locally in /nas/ucb/mason/ethically-compliant-rl/wandb/run-20231229_142546-j7wlwtmq
wandb: Run `wandb offline` to turn off syncing.
wandb: Syncing run ppol-highway-parking
wandb: ⭐️ View project at https://wandb.ai/ecrl/New-PPOL-SpeedLimit%3D100
wandb: 🚀 View run at https://wandb.ai/ecrl/New-PPOL-SpeedLimit%3D100/runs/j7wlwtmq
wandb: wandb version 0.16.1 is available!  To upgrade, please run:
wandb:  $ pip install wandb --upgrade
wandb: Tracking run with wandb version 0.14.2
wandb: Run data is saved locally in /nas/ucb/mason/ethically-compliant-rl/wandb/run-20231229_142546-z3phpb9j
wandb: Run `wandb offline` to turn off syncing.
wandb: Syncing run ppol-highway-parking
wandb: ⭐️ View project at https://wandb.ai/ecrl/New-PPOL-SpeedLimit%3D100
wandb: 🚀 View run at https://wandb.ai/ecrl/New-PPOL-SpeedLimit%3D100/runs/z3phpb9j
slurmstepd: error: *** JOB 115153 ON airl.ist.berkeley.edu CANCELLED AT 2023-12-29T22:25:49 ***
slurmstepd: error: *** STEP 115153.3 ON gail.ist.berkeley.edu CANCELLED AT 2023-12-29T14:25:49 ***
slurmstepd: error: *** STEP 115153.1 ON ddpg.ist.berkeley.edu CANCELLED AT 2023-12-29T14:25:49 ***
slurmstepd: error: *** STEP 115153.2 ON dqn.ist.berkeley.edu CANCELLED AT 2023-12-29T14:25:49 ***
slurmstepd: error: *** STEP 115153.0 ON airl.ist.berkeley.edu CANCELLED AT 2023-12-29T22:25:49 ***
