wandb: Currently logged in as: mason-nakamura1 (ecrl). Use `wandb login --relogin` to force relogin
wandb: Currently logged in as: mason-nakamura1 (ecrl). Use `wandb login --relogin` to force relogin
wandb: Currently logged in as: mason-nakamura1 (ecrl). Use `wandb login --relogin` to force relogin
wandb: wandb version 0.16.5 is available!  To upgrade, please run:
wandb:  $ pip install wandb --upgrade
wandb: Tracking run with wandb version 0.14.2
wandb: Run data is saved locally in /nas/ucb/mason/ethically-compliant-rl/wandb/run-20240330_012923-5rzia3w7
wandb: Run `wandb offline` to turn off syncing.
wandb: Syncing run genial-totem-37
wandb: ⭐️ View project at https://wandb.ai/ecrl/ppol-GrayScale-CNN
wandb: 🚀 View run at https://wandb.ai/ecrl/ppol-GrayScale-CNN/runs/5rzia3w7
wandb: wandb version 0.16.5 is available!  To upgrade, please run:
wandb:  $ pip install wandb --upgrade
wandb: Tracking run with wandb version 0.14.2
wandb: Run data is saved locally in /nas/ucb/mason/ethically-compliant-rl/wandb/run-20240329_182924-u9tl2wwl
wandb: Run `wandb offline` to turn off syncing.
wandb: Syncing run iconic-morning-38
wandb: ⭐️ View project at https://wandb.ai/ecrl/ppol-GrayScale-CNN
wandb: 🚀 View run at https://wandb.ai/ecrl/ppol-GrayScale-CNN/runs/u9tl2wwl
torch.Size([64, 48])
Traceback (most recent call last):
  File "/nas/ucb/mason/ethically-compliant-rl/tests/PPOL_New/train_ppol_image_cnn.py", line 156, in <module>
    train()
  File "/nas/ucb/mason/ethically-compliant-rl/.venv/lib/python3.9/site-packages/pyrallis/argparsing.py", line 158, in wrapper_inner
    response = fn(cfg, *args, **kwargs)
  File "/nas/ucb/mason/ethically-compliant-rl/tests/PPOL_New/train_ppol_image_cnn.py", line 128, in train
    agent = PPOL("MlpPolicy",
  File "/nas/ucb/mason/ethically-compliant-rl/stable_baselines3/stable_baselines3/ppol/ppol.py", line 192, in __init__
    self._setup_model()
  File "/nas/ucb/mason/ethically-compliant-rl/stable_baselines3/stable_baselines3/ppol/ppol.py", line 195, in _setup_model
    super()._setup_model()
  File "/nas/ucb/mason/ethically-compliant-rl/stable_baselines3/stable_baselines3/common/on_policy_algorithm.py", line 438, in _setup_model
    self.policy = self.policy_class(  # type: ignore[assignment]
  File "/nas/ucb/mason/ethically-compliant-rl/stable_baselines3/stable_baselines3/common/policies.py", line 1088, in __init__
    self.features_extractor = self.make_features_extractor()
  File "/nas/ucb/mason/ethically-compliant-rl/stable_baselines3/stable_baselines3/common/policies.py", line 121, in make_features_extractor
    return self.features_extractor_class(self.observation_space, **self.features_extractor_kwargs)
  File "/nas/ucb/mason/ethically-compliant-rl/stable_baselines3/stable_baselines3/common/torch_layers.py", line 219, in __init__
    combined_features = th.cat((cnn_out, observed_kinematics_obs, goal_kinematics_obs), dim=1)
RuntimeError: Sizes of tensors must match except in dimension 1. Expected size 64 but got size 6 for tensor number 1 in the list.
wandb: Waiting for W&B process to finish... (failed 1). Press Control-C to abort syncing.
wandb: wandb version 0.16.5 is available!  To upgrade, please run:
wandb:  $ pip install wandb --upgrade
wandb: Tracking run with wandb version 0.14.2
wandb: Run data is saved locally in /nas/ucb/mason/ethically-compliant-rl/wandb/run-20240330_012924-gcp4yzrf
wandb: Run `wandb offline` to turn off syncing.
wandb: Syncing run dainty-aardvark-39
wandb: ⭐️ View project at https://wandb.ai/ecrl/ppol-GrayScale-CNN
wandb: 🚀 View run at https://wandb.ai/ecrl/ppol-GrayScale-CNN/runs/gcp4yzrf
torch.Size([64, 48])
Traceback (most recent call last):
  File "/nas/ucb/mason/ethically-compliant-rl/tests/PPOL_New/train_ppol_image_cnn.py", line 156, in <module>
    train()
  File "/nas/ucb/mason/ethically-compliant-rl/.venv/lib/python3.9/site-packages/pyrallis/argparsing.py", line 158, in wrapper_inner
    response = fn(cfg, *args, **kwargs)
  File "/nas/ucb/mason/ethically-compliant-rl/tests/PPOL_New/train_ppol_image_cnn.py", line 128, in train
    agent = PPOL("MlpPolicy",
  File "/nas/ucb/mason/ethically-compliant-rl/stable_baselines3/stable_baselines3/ppol/ppol.py", line 192, in __init__
    self._setup_model()
  File "/nas/ucb/mason/ethically-compliant-rl/stable_baselines3/stable_baselines3/ppol/ppol.py", line 195, in _setup_model
    super()._setup_model()
  File "/nas/ucb/mason/ethically-compliant-rl/stable_baselines3/stable_baselines3/common/on_policy_algorithm.py", line 438, in _setup_model
    self.policy = self.policy_class(  # type: ignore[assignment]
  File "/nas/ucb/mason/ethically-compliant-rl/stable_baselines3/stable_baselines3/common/policies.py", line 1088, in __init__
    self.features_extractor = self.make_features_extractor()
  File "/nas/ucb/mason/ethically-compliant-rl/stable_baselines3/stable_baselines3/common/policies.py", line 121, in make_features_extractor
    return self.features_extractor_class(self.observation_space, **self.features_extractor_kwargs)
  File "/nas/ucb/mason/ethically-compliant-rl/stable_baselines3/stable_baselines3/common/torch_layers.py", line 219, in __init__
    combined_features = th.cat((cnn_out, observed_kinematics_obs, goal_kinematics_obs), dim=1)
RuntimeError: Sizes of tensors must match except in dimension 1. Expected size 64 but got size 6 for tensor number 1 in the list.
wandb: Waiting for W&B process to finish... (failed 1). Press Control-C to abort syncing.
torch.Size([64, 48])
Traceback (most recent call last):
  File "/nas/ucb/mason/ethically-compliant-rl/tests/PPOL_New/train_ppol_image_cnn.py", line 156, in <module>
    train()
  File "/nas/ucb/mason/ethically-compliant-rl/.venv/lib/python3.9/site-packages/pyrallis/argparsing.py", line 158, in wrapper_inner
    response = fn(cfg, *args, **kwargs)
  File "/nas/ucb/mason/ethically-compliant-rl/tests/PPOL_New/train_ppol_image_cnn.py", line 128, in train
    agent = PPOL("MlpPolicy",
  File "/nas/ucb/mason/ethically-compliant-rl/stable_baselines3/stable_baselines3/ppol/ppol.py", line 192, in __init__
    self._setup_model()
  File "/nas/ucb/mason/ethically-compliant-rl/stable_baselines3/stable_baselines3/ppol/ppol.py", line 195, in _setup_model
    super()._setup_model()
  File "/nas/ucb/mason/ethically-compliant-rl/stable_baselines3/stable_baselines3/common/on_policy_algorithm.py", line 438, in _setup_model
    self.policy = self.policy_class(  # type: ignore[assignment]
  File "/nas/ucb/mason/ethically-compliant-rl/stable_baselines3/stable_baselines3/common/policies.py", line 1088, in __init__
    self.features_extractor = self.make_features_extractor()
  File "/nas/ucb/mason/ethically-compliant-rl/stable_baselines3/stable_baselines3/common/policies.py", line 121, in make_features_extractor
    return self.features_extractor_class(self.observation_space, **self.features_extractor_kwargs)
  File "/nas/ucb/mason/ethically-compliant-rl/stable_baselines3/stable_baselines3/common/torch_layers.py", line 219, in __init__
    combined_features = th.cat((cnn_out, observed_kinematics_obs, goal_kinematics_obs), dim=1)
RuntimeError: Sizes of tensors must match except in dimension 1. Expected size 64 but got size 6 for tensor number 1 in the list.
wandb: Waiting for W&B process to finish... (failed 1). Press Control-C to abort syncing.
wandb: - 0.027 MB of 0.027 MB uploaded (0.000 MB deduped)wandb: \ 0.027 MB of 0.032 MB uploaded (0.000 MB deduped)wandb: | 0.033 MB of 0.033 MB uploaded (0.000 MB deduped)wandb: 🚀 View run genial-totem-37 at: https://wandb.ai/ecrl/ppol-GrayScale-CNN/runs/5rzia3w7
wandb: Synced 5 W&B file(s), 0 media file(s), 0 artifact file(s) and 0 other file(s)
wandb: Find logs at: ./wandb/run-20240330_012923-5rzia3w7/logs
wandb: - 0.027 MB of 0.027 MB uploaded (0.000 MB deduped)wandb: \ 0.027 MB of 0.031 MB uploaded (0.000 MB deduped)wandb: | 0.033 MB of 0.033 MB uploaded (0.000 MB deduped)wandb: 🚀 View run iconic-morning-38 at: https://wandb.ai/ecrl/ppol-GrayScale-CNN/runs/u9tl2wwl
wandb: Synced 5 W&B file(s), 0 media file(s), 0 artifact file(s) and 0 other file(s)
wandb: Find logs at: ./wandb/run-20240329_182924-u9tl2wwl/logs
wandb: - 0.027 MB of 0.027 MB uploaded (0.000 MB deduped)wandb: \ 0.027 MB of 0.027 MB uploaded (0.000 MB deduped)wandb: | 0.033 MB of 0.033 MB uploaded (0.000 MB deduped)wandb: 🚀 View run dainty-aardvark-39 at: https://wandb.ai/ecrl/ppol-GrayScale-CNN/runs/gcp4yzrf
wandb: Synced 5 W&B file(s), 0 media file(s), 0 artifact file(s) and 0 other file(s)
wandb: Find logs at: ./wandb/run-20240330_012924-gcp4yzrf/logs
srun: error: airl.ist.berkeley.edu: task 0: Exited with exit code 1
srun: error: ddpg.ist.berkeley.edu: task 0: Exited with exit code 1
srun: error: cirl.ist.berkeley.edu: task 0: Exited with exit code 1
