wandb: Currently logged in as: mason-nakamura1 (ecrl). Use `wandb login --relogin` to force relogin
wandb: wandb version 0.16.6 is available!  To upgrade, please run:
wandb:  $ pip install wandb --upgrade
wandb: Tracking run with wandb version 0.14.2
wandb: Run data is saved locally in /nas/ucb/mason/ethically-compliant-rl/wandb/run-20240419_113021-eecwsy1k
wandb: Run `wandb offline` to turn off syncing.
wandb: Syncing run ruby-sponge-2
wandb: ⭐️ View project at https://wandb.ai/ecrl/PID-tests
wandb: 🚀 View run at https://wandb.ai/ecrl/PID-tests/runs/eecwsy1k
LOSS: 0.07428284734487534
PPO-LOSS: 0.03375742956995964
tensor(1.4372, device='cuda:0', grad_fn=<SumBackward0>)
LOSS: 0.05743008106946945
PPO-LOSS: 0.03572078049182892
tensor(0.6071, device='cuda:0', grad_fn=<SumBackward0>)
LOSS: 0.041105322539806366
PPO-LOSS: 0.03831908851861954
tensor(0.1886, device='cuda:0', grad_fn=<SumBackward0>)
LOSS: 0.028712548315525055
PPO-LOSS: 0.04154666140675545
tensor(0.0171, device='cuda:0', grad_fn=<SumBackward0>)
LOSS: 0.045471351593732834
PPO-LOSS: 0.045471351593732834
tensor(0., device='cuda:0', grad_fn=<SumBackward0>)
LOSS: 0.04683573171496391
PPO-LOSS: 0.04683573171496391
tensor(0., device='cuda:0', grad_fn=<SumBackward0>)
LOSS: 0.04635021463036537
PPO-LOSS: 0.04635021463036537
tensor(0., device='cuda:0', grad_fn=<SumBackward0>)
LOSS: 0.04468275606632233
PPO-LOSS: 0.04468275606632233
tensor(0., device='cuda:0', grad_fn=<SumBackward0>)
LOSS: 0.04234243184328079
PPO-LOSS: 0.04234243184328079
tensor(0., device='cuda:0', grad_fn=<SumBackward0>)
LOSS: 0.039690058678388596
PPO-LOSS: 0.039690058678388596
tensor(0., device='cuda:0', grad_fn=<SumBackward0>)
LOSS: 0.03659098222851753
PPO-LOSS: 0.03659098222851753
tensor(0., device='cuda:0', grad_fn=<SumBackward0>)
LOSS: 0.034341875463724136
PPO-LOSS: 0.03453103080391884
tensor(7.5525e-06, device='cuda:0', grad_fn=<SumBackward0>)
LOSS: 0.020771803334355354
PPO-LOSS: 0.03272508084774017
tensor(0.0084, device='cuda:0', grad_fn=<SumBackward0>)
LOSS: 0.017614826560020447
PPO-LOSS: 0.03169292211532593
tensor(0.0374, device='cuda:0', grad_fn=<SumBackward0>)
LOSS: 0.017654642462730408
PPO-LOSS: 0.03117312490940094
tensor(0.0674, device='cuda:0', grad_fn=<SumBackward0>)
LOSS: 0.01704474166035652
PPO-LOSS: 0.031011804938316345
tensor(0.0730, device='cuda:0', grad_fn=<SumBackward0>)
LOSS: 0.015889860689640045
PPO-LOSS: 0.031122684478759766
tensor(0.0508, device='cuda:0', grad_fn=<SumBackward0>)
LOSS: 0.015911070629954338
PPO-LOSS: 0.03147347271442413
tensor(0.0185, device='cuda:0', grad_fn=<SumBackward0>)
LOSS: 0.024910004809498787
PPO-LOSS: 0.03205093368887901
tensor(0.0016, device='cuda:0', grad_fn=<SumBackward0>)
LOSS: 0.032814785838127136
PPO-LOSS: 0.032814785838127136
tensor(0., device='cuda:0', grad_fn=<SumBackward0>)
LOSS: 0.03096817247569561
PPO-LOSS: 0.03096817247569561
tensor(0., device='cuda:0', grad_fn=<SumBackward0>)
LOSS: 0.03132723644375801
PPO-LOSS: 0.03132723644375801
tensor(0., device='cuda:0', grad_fn=<SumBackward0>)
LOSS: 0.031421393156051636
PPO-LOSS: 0.031421393156051636
tensor(0., device='cuda:0', grad_fn=<SumBackward0>)
LOSS: 0.0312727726995945
PPO-LOSS: 0.0312727726995945
tensor(0., device='cuda:0', grad_fn=<SumBackward0>)
LOSS: 0.030919089913368225
PPO-LOSS: 0.030919089913368225
tensor(0., device='cuda:0', grad_fn=<SumBackward0>)
LOSS: 0.030403200536966324
PPO-LOSS: 0.030403200536966324
tensor(0., device='cuda:0', grad_fn=<SumBackward0>)
LOSS: 0.029768288135528564
PPO-LOSS: 0.029768288135528564
tensor(0., device='cuda:0', grad_fn=<SumBackward0>)
LOSS: 0.02861311286687851
PPO-LOSS: 0.02905551716685295
tensor(5.0466e-05, device='cuda:0', grad_fn=<SumBackward0>)
LOSS: 0.021598750725388527
PPO-LOSS: 0.028323737904429436
tensor(0.0017, device='cuda:0', grad_fn=<SumBackward0>)
LOSS: 0.017327366396784782
PPO-LOSS: 0.027891330420970917
tensor(0.0044, device='cuda:0', grad_fn=<SumBackward0>)
LOSS: 0.01803159900009632
PPO-LOSS: 0.02590804174542427
tensor(0.0025, device='cuda:0', grad_fn=<SumBackward0>)
LOSS: 0.024556990712881088
PPO-LOSS: 0.026002179831266403
tensor(0.0002, device='cuda:0', grad_fn=<SumBackward0>)
LOSS: 0.025608446449041367
PPO-LOSS: 0.026037627831101418
tensor(5.1177e-05, device='cuda:0', grad_fn=<SumBackward0>)
LOSS: 0.024648623540997505
PPO-LOSS: 0.0259547121822834
tensor(0.0002, device='cuda:0', grad_fn=<SumBackward0>)
LOSS: 0.02352631464600563
PPO-LOSS: 0.025813790038228035
tensor(0.0004, device='cuda:0', grad_fn=<SumBackward0>)
LOSS: 0.023313403129577637
PPO-LOSS: 0.025684779509902
tensor(0.0003, device='cuda:0', grad_fn=<SumBackward0>)
LOSS: 0.02308734320104122
PPO-LOSS: 0.025566786527633667
tensor(0.0004, device='cuda:0', grad_fn=<SumBackward0>)
LOSS: 0.023325873538851738
PPO-LOSS: 0.025460831820964813
tensor(0.0003, device='cuda:0', grad_fn=<SumBackward0>)
LOSS: 0.02451971545815468
PPO-LOSS: 0.025343284010887146
tensor(7.8441e-05, device='cuda:0', grad_fn=<SumBackward0>)
LOSS: 0.02479846589267254
PPO-LOSS: 0.02513420209288597
tensor(2.6289e-05, device='cuda:0', grad_fn=<SumBackward0>)
LOSS: 0.028277916833758354
PPO-LOSS: 0.02930530346930027
tensor(8.2853e-05, device='cuda:0', grad_fn=<SumBackward0>)
LOSS: 0.02496682107448578
PPO-LOSS: 0.029032129794359207
tensor(0.0005, device='cuda:0', grad_fn=<SumBackward0>)
LOSS: 0.023926902562379837
PPO-LOSS: 0.028887774795293808
tensor(0.0007, device='cuda:0', grad_fn=<SumBackward0>)
LOSS: 0.027894312515854836
PPO-LOSS: 0.028919722884893417
tensor(7.1138e-05, device='cuda:0', grad_fn=<SumBackward0>)
LOSS: 0.02797716110944748
PPO-LOSS: 0.0288438368588686
tensor(5.6663e-05, device='cuda:0', grad_fn=<SumBackward0>)
LOSS: 0.026033001020550728
PPO-LOSS: 0.028656695038080215
tensor(0.0003, device='cuda:0', grad_fn=<SumBackward0>)
LOSS: 0.022829964756965637
PPO-LOSS: 0.028472956269979477
tensor(0.0007, device='cuda:0', grad_fn=<SumBackward0>)
LOSS: 0.02673117071390152
PPO-LOSS: 0.028472796082496643
tensor(0.0001, device='cuda:0', grad_fn=<SumBackward0>)
LOSS: 0.02732139267027378
PPO-LOSS: 0.028411757200956345
tensor(7.5063e-05, device='cuda:0', grad_fn=<SumBackward0>)
LOSS: 0.02671380713582039
PPO-LOSS: 0.028257444500923157
tensor(0.0001, device='cuda:0', grad_fn=<SumBackward0>)
LOSS: 0.027664419263601303
PPO-LOSS: 0.030437977984547615
tensor(0.0002, device='cuda:0', grad_fn=<SumBackward0>)
LOSS: 0.02759324386715889
PPO-LOSS: 0.030374202877283096
tensor(0.0002, device='cuda:0', grad_fn=<SumBackward0>)
LOSS: 0.026762116700410843
PPO-LOSS: 0.03030191734433174
tensor(0.0002, device='cuda:0', grad_fn=<SumBackward0>)
LOSS: 0.027227135375142097
PPO-LOSS: 0.030270688235759735
tensor(0.0002, device='cuda:0', grad_fn=<SumBackward0>)
LOSS: 0.02965286187827587
PPO-LOSS: 0.03024544194340706
tensor(3.1308e-05, device='cuda:0', grad_fn=<SumBackward0>)
LOSS: 0.028531355783343315
PPO-LOSS: 0.030062997713685036
tensor(6.8936e-05, device='cuda:0', grad_fn=<SumBackward0>)
LOSS: 0.02322477288544178
PPO-LOSS: 0.029803747311234474
tensor(0.0006, device='cuda:0', grad_fn=<SumBackward0>)
LOSS: 0.0269783828407526
PPO-LOSS: 0.029812544584274292
tensor(0.0002, device='cuda:0', grad_fn=<SumBackward0>)
LOSS: 0.02894260734319687
PPO-LOSS: 0.029808256775140762
tensor(4.2534e-05, device='cuda:0', grad_fn=<SumBackward0>)
LOSS: 0.028545375913381577
PPO-LOSS: 0.02966219186782837
tensor(6.1730e-05, device='cuda:0', grad_fn=<SumBackward0>)
LOSS: 0.04803645238280296
PPO-LOSS: 0.05522920563817024
tensor(0.0003, device='cuda:0', grad_fn=<SumBackward0>)
LOSS: 0.0347481444478035
PPO-LOSS: 0.05491827800869942
tensor(0.0013, device='cuda:0', grad_fn=<SumBackward0>)
LOSS: 0.050664160400629044
PPO-LOSS: 0.05519522354006767
tensor(0.0001, device='cuda:0', grad_fn=<SumBackward0>)
LOSS: 0.05163789168000221
PPO-LOSS: 0.05521485209465027
tensor(7.6399e-05, device='cuda:0', grad_fn=<SumBackward0>)
LOSS: 0.0393599271774292
PPO-LOSS: 0.054944247007369995
tensor(0.0007, device='cuda:0', grad_fn=<SumBackward0>)
LOSS: 0.05452471598982811
PPO-LOSS: 0.05525369197130203
tensor(1.6230e-05, device='cuda:0', grad_fn=<SumBackward0>)
LOSS: 0.05049695074558258
PPO-LOSS: 0.055061113089323044
tensor(0.0001, device='cuda:0', grad_fn=<SumBackward0>)
LOSS: 0.03651956468820572
PPO-LOSS: 0.05465450882911682
tensor(0.0010, device='cuda:0', grad_fn=<SumBackward0>)
LOSS: 0.048021793365478516
PPO-LOSS: 0.0548202246427536
tensor(0.0002, device='cuda:0', grad_fn=<SumBackward0>)
LOSS: 0.05108856409788132
PPO-LOSS: 0.054875340312719345
tensor(0.0001, device='cuda:0', grad_fn=<SumBackward0>)
LOSS: 0.03446334972977638
PPO-LOSS: 0.04286609962582588
tensor(0.0005, device='cuda:0', grad_fn=<SumBackward0>)
LOSS: 0.04043601453304291
PPO-LOSS: 0.04296093434095383
tensor(9.2867e-05, device='cuda:0', grad_fn=<SumBackward0>)
LOSS: 0.04068383947014809
PPO-LOSS: 0.04288538545370102
tensor(7.1403e-05, device='cuda:0', grad_fn=<SumBackward0>)
LOSS: 0.032110217958688736
PPO-LOSS: 0.042640529572963715
tensor(0.0007, device='cuda:0', grad_fn=<SumBackward0>)
LOSS: 0.0404818169772625
PPO-LOSS: 0.042766280472278595
tensor(6.3865e-05, device='cuda:0', grad_fn=<SumBackward0>)
LOSS: 0.04074771702289581
PPO-LOSS: 0.04271617531776428
tensor(5.5067e-05, device='cuda:0', grad_fn=<SumBackward0>)
LOSS: 0.034645434468984604
PPO-LOSS: 0.04248585179448128
tensor(0.0004, device='cuda:0', grad_fn=<SumBackward0>)
LOSS: 0.03796705603599548
PPO-LOSS: 0.04244685918092728
tensor(0.0001, device='cuda:0', grad_fn=<SumBackward0>)
LOSS: 0.038842104375362396
PPO-LOSS: 0.04237821325659752
tensor(0.0001, device='cuda:0', grad_fn=<SumBackward0>)
LOSS: 0.03617311641573906
PPO-LOSS: 0.04223109409213066
tensor(0.0003, device='cuda:0', grad_fn=<SumBackward0>)
LOSS: 0.02717866748571396
PPO-LOSS: 0.030369054526090622
tensor(0.0002, device='cuda:0', grad_fn=<SumBackward0>)
LOSS: 0.028318876400589943
PPO-LOSS: 0.0304160937666893
tensor(0.0001, device='cuda:0', grad_fn=<SumBackward0>)
LOSS: 0.027516372501850128
PPO-LOSS: 0.030358675867319107
tensor(0.0002, device='cuda:0', grad_fn=<SumBackward0>)
LOSS: 0.026764890179038048
PPO-LOSS: 0.03026389889419079
tensor(0.0002, device='cuda:0', grad_fn=<SumBackward0>)
LOSS: 0.02732330746948719
PPO-LOSS: 0.030184241011738777
tensor(0.0002, device='cuda:0', grad_fn=<SumBackward0>)
LOSS: 0.026753613725304604
PPO-LOSS: 0.03007202222943306
tensor(0.0002, device='cuda:0', grad_fn=<SumBackward0>)
LOSS: 0.02745484560728073
PPO-LOSS: 0.02997218444943428
tensor(0.0001, device='cuda:0', grad_fn=<SumBackward0>)
LOSS: 0.027358897030353546
PPO-LOSS: 0.029823223128914833
tensor(0.0001, device='cuda:0', grad_fn=<SumBackward0>)
LOSS: 0.024889277294278145
PPO-LOSS: 0.02962697297334671
tensor(0.0003, device='cuda:0', grad_fn=<SumBackward0>)
LOSS: 0.028755631297826767
PPO-LOSS: 0.029581544920802116
tensor(3.0893e-05, device='cuda:0', grad_fn=<SumBackward0>)
LOSS: 0.06802178174257278
PPO-LOSS: 0.08042678982019424
tensor(0.0004, device='cuda:0', grad_fn=<SumBackward0>)
LOSS: 0.05260808765888214
PPO-LOSS: 0.08013694733381271
tensor(0.0012, device='cuda:0', grad_fn=<SumBackward0>)
LOSS: 0.07750508189201355
PPO-LOSS: 0.08067619055509567
tensor(7.3398e-05, device='cuda:0', grad_fn=<SumBackward0>)
LOSS: 0.07044634222984314
PPO-LOSS: 0.08039756119251251
tensor(0.0002, device='cuda:0', grad_fn=<SumBackward0>)
LOSS: 0.04236747696995735
PPO-LOSS: 0.07983864843845367
tensor(0.0023, device='cuda:0', grad_fn=<SumBackward0>)
LOSS: 0.06090444698929787
PPO-LOSS: 0.08011648803949356
tensor(0.0005, device='cuda:0', grad_fn=<SumBackward0>)
LOSS: 0.07952328026294708
PPO-LOSS: 0.0806191936135292
tensor(2.2517e-05, device='cuda:0', grad_fn=<SumBackward0>)
LOSS: 0.07378490269184113
PPO-LOSS: 0.08026695996522903
tensor(0.0001, device='cuda:0', grad_fn=<SumBackward0>)
LOSS: 0.035935498774051666
PPO-LOSS: 0.07942433655261993
tensor(0.0040, device='cuda:0', grad_fn=<SumBackward0>)
LOSS: 0.038931697607040405
PPO-LOSS: 0.07943032681941986
tensor(0.0030, device='cuda:0', grad_fn=<SumBackward0>)
LOSS: 0.03566603735089302
PPO-LOSS: 0.03675916790962219
tensor(4.1535e-05, device='cuda:0', grad_fn=<SumBackward0>)
LOSS: 0.03665848821401596
PPO-LOSS: 0.036936238408088684
tensor(6.0538e-06, device='cuda:0', grad_fn=<SumBackward0>)
LOSS: 0.034784357994794846
PPO-LOSS: 0.03680970147252083
tensor(8.1839e-05, device='cuda:0', grad_fn=<SumBackward0>)
LOSS: 0.029535040259361267
PPO-LOSS: 0.03653261810541153
tensor(0.0006, device='cuda:0', grad_fn=<SumBackward0>)
LOSS: 0.03532874211668968
PPO-LOSS: 0.03648538514971733
tensor(4.9190e-05, device='cuda:0', grad_fn=<SumBackward0>)
LOSS: 0.028201522305607796
PPO-LOSS: 0.03623027727007866
tensor(0.0006, device='cuda:0', grad_fn=<SumBackward0>)
LOSS: 0.03278966248035431
PPO-LOSS: 0.036264438182115555
tensor(0.0002, device='cuda:0', grad_fn=<SumBackward0>)
LOSS: 0.035126376897096634
PPO-LOSS: 0.036241427063941956
tensor(4.3013e-05, device='cuda:0', grad_fn=<SumBackward0>)
LOSS: 0.03331373631954193
PPO-LOSS: 0.036001771688461304
tensor(0.0001, device='cuda:0', grad_fn=<SumBackward0>)
LOSS: 0.029585765674710274
PPO-LOSS: 0.03568127751350403
tensor(0.0003, device='cuda:0', grad_fn=<SumBackward0>)
LOSS: 0.04642120748758316
PPO-LOSS: 0.051840897649526596
tensor(0.0002, device='cuda:0', grad_fn=<SumBackward0>)
LOSS: 0.04248601943254471
PPO-LOSS: 0.0517992228269577
tensor(0.0005, device='cuda:0', grad_fn=<SumBackward0>)
LOSS: 0.047275692224502563
PPO-LOSS: 0.05189719796180725
tensor(0.0002, device='cuda:0', grad_fn=<SumBackward0>)
LOSS: 0.046680957078933716
PPO-LOSS: 0.051847316324710846
tensor(0.0002, device='cuda:0', grad_fn=<SumBackward0>)
LOSS: 0.04286764934659004
PPO-LOSS: 0.05170661583542824
tensor(0.0004, device='cuda:0', grad_fn=<SumBackward0>)
LOSS: 0.046601634472608566
PPO-LOSS: 0.051705893129110336
tensor(0.0002, device='cuda:0', grad_fn=<SumBackward0>)
LOSS: 0.04472285136580467
PPO-LOSS: 0.051596302539110184
tensor(0.0002, device='cuda:0', grad_fn=<SumBackward0>)
LOSS: 0.041007667779922485
PPO-LOSS: 0.0514850988984108
tensor(0.0005, device='cuda:0', grad_fn=<SumBackward0>)
LOSS: 0.049404606223106384
PPO-LOSS: 0.05158460512757301
tensor(5.8332e-05, device='cuda:0', grad_fn=<SumBackward0>)
LOSS: 0.04548671469092369
PPO-LOSS: 0.051386624574661255
tensor(0.0002, device='cuda:0', grad_fn=<SumBackward0>)
LOSS: 0.014053832739591599
PPO-LOSS: 0.018042748793959618
tensor(0.0006, device='cuda:0', grad_fn=<SumBackward0>)
LOSS: 0.017908064648509026
PPO-LOSS: 0.018120383843779564
tensor(1.0767e-05, device='cuda:0', grad_fn=<SumBackward0>)
LOSS: 0.018083123490214348
PPO-LOSS: 0.01808333210647106
tensor(4.4408e-10, device='cuda:0', grad_fn=<SumBackward0>)
LOSS: 0.017915895208716393
PPO-LOSS: 0.017925046384334564
tensor(7.1879e-08, device='cuda:0', grad_fn=<SumBackward0>)
LOSS: 0.016759488731622696
PPO-LOSS: 0.017660388723015785
tensor(4.7303e-05, device='cuda:0', grad_fn=<SumBackward0>)
LOSS: 0.01435030996799469
PPO-LOSS: 0.01736675389111042
tensor(0.0003, device='cuda:0', grad_fn=<SumBackward0>)
LOSS: 0.017044855281710625
PPO-LOSS: 0.017214665189385414
tensor(1.4839e-05, device='cuda:0', grad_fn=<SumBackward0>)
LOSS: 0.016689518466591835
PPO-LOSS: 0.01697380281984806
tensor(2.9485e-05, device='cuda:0', grad_fn=<SumBackward0>)
LOSS: 0.015874650329351425
PPO-LOSS: 0.01666157878935337
tensor(9.9150e-05, device='cuda:0', grad_fn=<SumBackward0>)
LOSS: 0.013819865882396698
PPO-LOSS: 0.01632719300687313
tensor(0.0003, device='cuda:0', grad_fn=<SumBackward0>)
LOSS: 0.025584064424037933
PPO-LOSS: 0.026733100414276123
tensor(7.7697e-05, device='cuda:0', grad_fn=<SumBackward0>)
LOSS: 0.025897540152072906
PPO-LOSS: 0.02667357213795185
tensor(3.4851e-05, device='cuda:0', grad_fn=<SumBackward0>)
LOSS: 0.02368108183145523
PPO-LOSS: 0.02648545429110527
tensor(0.0002, device='cuda:0', grad_fn=<SumBackward0>)
LOSS: 0.023329205811023712
PPO-LOSS: 0.02633843757212162
tensor(0.0002, device='cuda:0', grad_fn=<SumBackward0>)
LOSS: 0.0253713671118021
PPO-LOSS: 0.026257585734128952
tensor(3.7883e-05, device='cuda:0', grad_fn=<SumBackward0>)
LOSS: 0.024104779586195946
PPO-LOSS: 0.02606893517076969
tensor(0.0001, device='cuda:0', grad_fn=<SumBackward0>)
LOSS: 0.020044241100549698
PPO-LOSS: 0.0258669164031744
tensor(0.0005, device='cuda:0', grad_fn=<SumBackward0>)
LOSS: 0.02561936527490616
PPO-LOSS: 0.025942308828234673
tensor(9.3328e-06, device='cuda:0', grad_fn=<SumBackward0>)
LOSS: 0.025748202577233315
PPO-LOSS: 0.025843545794487
tensor(1.4215e-06, device='cuda:0', grad_fn=<SumBackward0>)
LOSS: 0.023095743730664253
PPO-LOSS: 0.025570200756192207
tensor(0.0002, device='cuda:0', grad_fn=<SumBackward0>)
LOSS: 0.01325152162462473
PPO-LOSS: 0.016017179936170578
tensor(0.0004, device='cuda:0', grad_fn=<SumBackward0>)
LOSS: 0.015831854194402695
PPO-LOSS: 0.016093233600258827
tensor(1.8305e-05, device='cuda:0', grad_fn=<SumBackward0>)
LOSS: 0.015904327854514122
PPO-LOSS: 0.016074253246188164
tensor(6.9368e-06, device='cuda:0', grad_fn=<SumBackward0>)
LOSS: 0.015157708898186684
PPO-LOSS: 0.015961065888404846
tensor(5.2560e-05, device='cuda:0', grad_fn=<SumBackward0>)
LOSS: 0.013871905393898487
PPO-LOSS: 0.015813233330845833
tensor(0.0002, device='cuda:0', grad_fn=<SumBackward0>)
LOSS: 0.0152923334389925
PPO-LOSS: 0.01573103293776512
tensor(2.9758e-05, device='cuda:0', grad_fn=<SumBackward0>)
LOSS: 0.01541461143642664
PPO-LOSS: 0.015582885593175888
tensor(7.8699e-06, device='cuda:0', grad_fn=<SumBackward0>)
LOSS: 0.015010914765298367
PPO-LOSS: 0.015350263565778732
tensor(1.9909e-05, device='cuda:0', grad_fn=<SumBackward0>)
LOSS: 0.013740298338234425
PPO-LOSS: 0.015056376345455647
tensor(0.0001, device='cuda:0', grad_fn=<SumBackward0>)
LOSS: 0.013458398170769215
PPO-LOSS: 0.014790527522563934
tensor(0.0001, device='cuda:0', grad_fn=<SumBackward0>)
LOSS: 0.04084191098809242
PPO-LOSS: 0.04318356141448021
tensor(6.9950e-05, device='cuda:0', grad_fn=<SumBackward0>)
LOSS: 0.03691517561674118
PPO-LOSS: 0.042983103543519974
tensor(0.0002, device='cuda:0', grad_fn=<SumBackward0>)
LOSS: 0.03467774763703346
PPO-LOSS: 0.04279489070177078
tensor(0.0003, device='cuda:0', grad_fn=<SumBackward0>)
LOSS: 0.03408938646316528
PPO-LOSS: 0.0427713468670845
tensor(0.0005, device='cuda:0', grad_fn=<SumBackward0>)
LOSS: 0.04287213087081909
PPO-LOSS: 0.04294753447175026
tensor(2.3901e-06, device='cuda:0', grad_fn=<SumBackward0>)
LOSS: 0.04173872992396355
PPO-LOSS: 0.042626336216926575
tensor(2.0688e-05, device='cuda:0', grad_fn=<SumBackward0>)
LOSS: 0.024931354448199272
PPO-LOSS: 0.04192707687616348
tensor(0.0020, device='cuda:0', grad_fn=<SumBackward0>)
LOSS: 0.02911735139787197
PPO-LOSS: 0.04175718128681183
tensor(0.0008, device='cuda:0', grad_fn=<SumBackward0>)
LOSS: 0.04202542081475258
PPO-LOSS: 0.04205767810344696
tensor(2.9730e-07, device='cuda:0', grad_fn=<SumBackward0>)
LOSS: 0.041691139340400696
PPO-LOSS: 0.04186125472187996
tensor(2.3752e-06, device='cuda:0', grad_fn=<SumBackward0>)
LOSS: 0.0314658023416996
PPO-LOSS: 0.0419522188603878
tensor(0.0010, device='cuda:0', grad_fn=<SumBackward0>)
LOSS: 0.03886742517352104
PPO-LOSS: 0.04202032461762428
tensor(0.0001, device='cuda:0', grad_fn=<SumBackward0>)
LOSS: 0.03957359865307808
PPO-LOSS: 0.04190685227513313
tensor(8.2914e-05, device='cuda:0', grad_fn=<SumBackward0>)
LOSS: 0.03295610845088959
PPO-LOSS: 0.04157816618680954
tensor(0.0006, device='cuda:0', grad_fn=<SumBackward0>)
LOSS: 0.03320541977882385
PPO-LOSS: 0.041534412652254105
tensor(0.0004, device='cuda:0', grad_fn=<SumBackward0>)
LOSS: 0.039232287555933
PPO-LOSS: 0.0416954904794693
tensor(8.4305e-05, device='cuda:0', grad_fn=<SumBackward0>)
LOSS: 0.04007618874311447
PPO-LOSS: 0.04160989448428154
tensor(4.5288e-05, device='cuda:0', grad_fn=<SumBackward0>)
LOSS: 0.033906854689121246
PPO-LOSS: 0.04123992472887039
tensor(0.0003, device='cuda:0', grad_fn=<SumBackward0>)
LOSS: 0.028711708262562752
PPO-LOSS: 0.04104185104370117
tensor(0.0009, device='cuda:0', grad_fn=<SumBackward0>)
LOSS: 0.040587231516838074
PPO-LOSS: 0.04131847992539406
tensor(1.8108e-05, device='cuda:0', grad_fn=<SumBackward0>)
LOSS: 0.028199458494782448
PPO-LOSS: 0.030358776450157166
tensor(0.0001, device='cuda:0', grad_fn=<SumBackward0>)
LOSS: 0.02684197574853897
PPO-LOSS: 0.030182072892785072
tensor(0.0002, device='cuda:0', grad_fn=<SumBackward0>)
LOSS: 0.02772926725447178
PPO-LOSS: 0.029993226751685143
tensor(0.0001, device='cuda:0', grad_fn=<SumBackward0>)
LOSS: 0.02536250650882721
PPO-LOSS: 0.029728861525654793
tensor(0.0003, device='cuda:0', grad_fn=<SumBackward0>)
LOSS: 0.027077065780758858
PPO-LOSS: 0.02956816367805004
tensor(0.0001, device='cuda:0', grad_fn=<SumBackward0>)
LOSS: 0.026618579402565956
PPO-LOSS: 0.029333487153053284
tensor(0.0001, device='cuda:0', grad_fn=<SumBackward0>)
LOSS: 0.026041580364108086
PPO-LOSS: 0.02905147150158882
tensor(0.0002, device='cuda:0', grad_fn=<SumBackward0>)
LOSS: 0.027102826163172722
PPO-LOSS: 0.02875291183590889
tensor(5.9164e-05, device='cuda:0', grad_fn=<SumBackward0>)
LOSS: 0.02262883633375168
PPO-LOSS: 0.028333691880106926
tensor(0.0004, device='cuda:0', grad_fn=<SumBackward0>)
LOSS: 0.027662241831421852
PPO-LOSS: 0.028133079409599304
tensor(1.3561e-05, device='cuda:0', grad_fn=<SumBackward0>)
LOSS: 0.007908819243311882
PPO-LOSS: 0.009304801933467388
tensor(0.0004, device='cuda:0', grad_fn=<SumBackward0>)
LOSS: 0.009317426010966301
PPO-LOSS: 0.009317426010966301
tensor(0., device='cuda:0', grad_fn=<SumBackward0>)
LOSS: 0.00925435684621334
PPO-LOSS: 0.00925435684621334
tensor(0., device='cuda:0', grad_fn=<SumBackward0>)
LOSS: 0.00911717303097248
PPO-LOSS: 0.00911717303097248
tensor(0., device='cuda:0', grad_fn=<SumBackward0>)
LOSS: 0.008910620585083961
PPO-LOSS: 0.008910620585083961
tensor(0., device='cuda:0', grad_fn=<SumBackward0>)
LOSS: 0.008604396134614944
PPO-LOSS: 0.008641805499792099
tensor(3.9713e-06, device='cuda:0', grad_fn=<SumBackward0>)
LOSS: 0.007300741504877806
PPO-LOSS: 0.008322233334183693
tensor(0.0002, device='cuda:0', grad_fn=<SumBackward0>)
LOSS: 0.0076401992700994015
PPO-LOSS: 0.008068453520536423
tensor(7.1491e-05, device='cuda:0', grad_fn=<SumBackward0>)
LOSS: 0.007756566628813744
PPO-LOSS: 0.007805068511515856
tensor(7.3239e-06, device='cuda:0', grad_fn=<SumBackward0>)
LOSS: 0.007461820729076862
PPO-LOSS: 0.007487478666007519
tensor(2.3511e-06, device='cuda:0', grad_fn=<SumBackward0>)
LOSS: 0.052846383303403854
PPO-LOSS: 0.054291099309921265
tensor(2.1130e-05, device='cuda:0', grad_fn=<SumBackward0>)
LOSS: 0.028577158227562904
PPO-LOSS: 0.053794942796230316
tensor(0.0026, device='cuda:0', grad_fn=<SumBackward0>)
LOSS: 0.03457628935575485
PPO-LOSS: 0.05389653518795967
tensor(0.0012, device='cuda:0', grad_fn=<SumBackward0>)
LOSS: 0.05452211946249008
PPO-LOSS: 0.05452211946249008
tensor(0., device='cuda:0', grad_fn=<SumBackward0>)
LOSS: 0.05459097400307655
PPO-LOSS: 0.05459097400307655
tensor(0., device='cuda:0', grad_fn=<SumBackward0>)
LOSS: 0.051908377557992935
PPO-LOSS: 0.054145172238349915
tensor(4.6198e-05, device='cuda:0', grad_fn=<SumBackward0>)
LOSS: 0.028160909190773964
PPO-LOSS: 0.05339515954256058
tensor(0.0034, device='cuda:0', grad_fn=<SumBackward0>)
LOSS: 0.028821753337979317
PPO-LOSS: 0.05322125181555748
tensor(0.0027, device='cuda:0', grad_fn=<SumBackward0>)
LOSS: 0.05190260335803032
PPO-LOSS: 0.05356510356068611
tensor(3.1736e-05, device='cuda:0', grad_fn=<SumBackward0>)
LOSS: 0.051901888102293015
PPO-LOSS: 0.05348709970712662
tensor(2.8978e-05, device='cuda:0', grad_fn=<SumBackward0>)
LOSS: 0.03221257030963898
PPO-LOSS: 0.04414891079068184
tensor(0.0008, device='cuda:0', grad_fn=<SumBackward0>)
LOSS: 0.0432484932243824
PPO-LOSS: 0.0442897230386734
tensor(2.1404e-05, device='cuda:0', grad_fn=<SumBackward0>)
LOSS: 0.04212833568453789
PPO-LOSS: 0.04405076056718826
tensor(4.5510e-05, device='cuda:0', grad_fn=<SumBackward0>)
LOSS: 0.031536322087049484
PPO-LOSS: 0.0435224212706089
tensor(0.0008, device='cuda:0', grad_fn=<SumBackward0>)
LOSS: 0.03435569629073143
PPO-LOSS: 0.04343932494521141
tensor(0.0005, device='cuda:0', grad_fn=<SumBackward0>)
LOSS: 0.043482743203639984
PPO-LOSS: 0.04363049566745758
tensor(1.7635e-06, device='cuda:0', grad_fn=<SumBackward0>)
LOSS: 0.0430733785033226
PPO-LOSS: 0.043376363813877106
tensor(3.2373e-06, device='cuda:0', grad_fn=<SumBackward0>)
LOSS: 0.028088603168725967
PPO-LOSS: 0.0427362285554409
tensor(0.0011, device='cuda:0', grad_fn=<SumBackward0>)
LOSS: 0.03735413774847984
PPO-LOSS: 0.04266547039151192
tensor(0.0002, device='cuda:0', grad_fn=<SumBackward0>)
LOSS: 0.04065585881471634
PPO-LOSS: 0.04257737472653389
tensor(5.6781e-05, device='cuda:0', grad_fn=<SumBackward0>)
LOSS: 0.05538087338209152
PPO-LOSS: 0.061005935072898865
tensor(0.0001, device='cuda:0', grad_fn=<SumBackward0>)
LOSS: 0.03830798715353012
PPO-LOSS: 0.06061059236526489
tensor(0.0014, device='cuda:0', grad_fn=<SumBackward0>)
LOSS: 0.05675501748919487
PPO-LOSS: 0.060870714485645294
tensor(6.7873e-05, device='cuda:0', grad_fn=<SumBackward0>)
LOSS: 0.05177809298038483
PPO-LOSS: 0.060758113861083984
tensor(0.0003, device='cuda:0', grad_fn=<SumBackward0>)
LOSS: 0.046938031911849976
PPO-LOSS: 0.06059471517801285
tensor(0.0005, device='cuda:0', grad_fn=<SumBackward0>)
LOSS: 0.0563763827085495
PPO-LOSS: 0.06069963797926903
tensor(5.5953e-05, device='cuda:0', grad_fn=<SumBackward0>)
LOSS: 0.04618814215064049
PPO-LOSS: 0.06046895682811737
tensor(0.0005, device='cuda:0', grad_fn=<SumBackward0>)
LOSS: 0.057279497385025024
PPO-LOSS: 0.06062803789973259
tensor(7.2862e-05, device='cuda:0', grad_fn=<SumBackward0>)
LOSS: 0.048903029412031174
PPO-LOSS: 0.06037372350692749
tensor(0.0004, device='cuda:0', grad_fn=<SumBackward0>)
LOSS: 0.0524929016828537
PPO-LOSS: 0.06028955429792404
tensor(0.0002, device='cuda:0', grad_fn=<SumBackward0>)
LOSS: 0.03441799804568291
PPO-LOSS: 0.041543927043676376
tensor(0.0003, device='cuda:0', grad_fn=<SumBackward0>)
LOSS: 0.03949039429426193
PPO-LOSS: 0.04162221401929855
tensor(7.7847e-05, device='cuda:0', grad_fn=<SumBackward0>)
LOSS: 0.03759114071726799
PPO-LOSS: 0.04146892577409744
tensor(0.0001, device='cuda:0', grad_fn=<SumBackward0>)
LOSS: 0.032670073211193085
PPO-LOSS: 0.04122290015220642
tensor(0.0004, device='cuda:0', grad_fn=<SumBackward0>)
LOSS: 0.04058792069554329
PPO-LOSS: 0.04127819836139679
tensor(1.6232e-05, device='cuda:0', grad_fn=<SumBackward0>)
LOSS: 0.03425689786672592
PPO-LOSS: 0.0410197414457798
tensor(0.0003, device='cuda:0', grad_fn=<SumBackward0>)
LOSS: 0.037247154861688614
PPO-LOSS: 0.040904782712459564
tensor(0.0001, device='cuda:0', grad_fn=<SumBackward0>)
LOSS: 0.038390837609767914
PPO-LOSS: 0.0406935028731823
tensor(8.4642e-05, device='cuda:0', grad_fn=<SumBackward0>)
LOSS: 0.03258921205997467
PPO-LOSS: 0.04030060023069382
tensor(0.0003, device='cuda:0', grad_fn=<SumBackward0>)
LOSS: 0.03696732595562935
PPO-LOSS: 0.04016360267996788
tensor(8.3923e-05, device='cuda:0', grad_fn=<SumBackward0>)
LOSS: 0.031753506511449814
PPO-LOSS: 0.03582927957177162
tensor(0.0002, device='cuda:0', grad_fn=<SumBackward0>)
LOSS: 0.03275098279118538
PPO-LOSS: 0.03585851937532425
tensor(0.0001, device='cuda:0', grad_fn=<SumBackward0>)
LOSS: 0.032987117767333984
PPO-LOSS: 0.035795908421278
tensor(9.0348e-05, device='cuda:0', grad_fn=<SumBackward0>)
LOSS: 0.028250902891159058
PPO-LOSS: 0.03563261032104492
tensor(0.0004, device='cuda:0', grad_fn=<SumBackward0>)
LOSS: 0.03434571996331215
PPO-LOSS: 0.03572802245616913
tensor(5.6112e-05, device='cuda:0', grad_fn=<SumBackward0>)
LOSS: 0.03335217759013176
PPO-LOSS: 0.03560684248805046
tensor(0.0001, device='cuda:0', grad_fn=<SumBackward0>)
LOSS: 0.03076835349202156
PPO-LOSS: 0.035360053181648254
tensor(0.0002, device='cuda:0', grad_fn=<SumBackward0>)
LOSS: 0.029787112027406693
PPO-LOSS: 0.03518940508365631
tensor(0.0002, device='cuda:0', grad_fn=<SumBackward0>)
LOSS: 0.03235644847154617
PPO-LOSS: 0.035138990730047226
tensor(8.1957e-05, device='cuda:0', grad_fn=<SumBackward0>)
LOSS: 0.03165813907980919
PPO-LOSS: 0.03498269245028496
tensor(0.0001, device='cuda:0', grad_fn=<SumBackward0>)
LOSS: 0.04366091266274452
PPO-LOSS: 0.048397913575172424
tensor(0.0001, device='cuda:0', grad_fn=<SumBackward0>)
LOSS: 0.03774932026863098
PPO-LOSS: 0.048158325254917145
tensor(0.0004, device='cuda:0', grad_fn=<SumBackward0>)
LOSS: 0.047736793756484985
PPO-LOSS: 0.04822568595409393
tensor(6.1745e-06, device='cuda:0', grad_fn=<SumBackward0>)
LOSS: 0.038699980825185776
PPO-LOSS: 0.04783453047275543
tensor(0.0004, device='cuda:0', grad_fn=<SumBackward0>)
LOSS: 0.04207833111286163
PPO-LOSS: 0.047614771872758865
tensor(0.0001, device='cuda:0', grad_fn=<SumBackward0>)
LOSS: 0.039935845881700516
PPO-LOSS: 0.04734184965491295
tensor(0.0002, device='cuda:0', grad_fn=<SumBackward0>)
LOSS: 0.04416000470519066
PPO-LOSS: 0.04716292396187782
tensor(5.3232e-05, device='cuda:0', grad_fn=<SumBackward0>)
LOSS: 0.03640421852469444
PPO-LOSS: 0.0467287041246891
tensor(0.0004, device='cuda:0', grad_fn=<SumBackward0>)
LOSS: 0.04647557809948921
PPO-LOSS: 0.04664017632603645
tensor(1.5428e-06, device='cuda:0', grad_fn=<SumBackward0>)
LOSS: 0.03752979636192322
PPO-LOSS: 0.04606383666396141
tensor(0.0003, device='cuda:0', grad_fn=<SumBackward0>)
LOSS: 0.043244946748018265
PPO-LOSS: 0.04666778817772865
tensor(0.0001, device='cuda:0', grad_fn=<SumBackward0>)
LOSS: 0.03273000195622444
PPO-LOSS: 0.04615737870335579
tensor(0.0009, device='cuda:0', grad_fn=<SumBackward0>)
LOSS: 0.04572493955492973
PPO-LOSS: 0.046200577169656754
tensor(7.0207e-06, device='cuda:0', grad_fn=<SumBackward0>)
LOSS: 0.03872065618634224
PPO-LOSS: 0.04567921534180641
tensor(0.0003, device='cuda:0', grad_fn=<SumBackward0>)
LOSS: 0.03331407904624939
PPO-LOSS: 0.04524074122309685
tensor(0.0006, device='cuda:0', grad_fn=<SumBackward0>)
LOSS: 0.04528632387518883
PPO-LOSS: 0.045337602496147156
tensor(4.8186e-07, device='cuda:0', grad_fn=<SumBackward0>)
LOSS: 0.04353104904294014
PPO-LOSS: 0.04480597749352455
tensor(3.8843e-05, device='cuda:0', grad_fn=<SumBackward0>)
LOSS: 0.02512674406170845
PPO-LOSS: 0.04380642995238304
tensor(0.0025, device='cuda:0', grad_fn=<SumBackward0>)
LOSS: 0.029587676748633385
PPO-LOSS: 0.043500881642103195
tensor(0.0011, device='cuda:0', grad_fn=<SumBackward0>)
LOSS: 0.043795015662908554
PPO-LOSS: 0.04380008205771446
tensor(4.5414e-08, device='cuda:0', grad_fn=<SumBackward0>)
LOSS: 0.03939235210418701
PPO-LOSS: 0.039493054151535034
tensor(5.8816e-06, device='cuda:0', grad_fn=<SumBackward0>)
LOSS: 0.03104620799422264
PPO-LOSS: 0.03936611860990524
tensor(0.0004, device='cuda:0', grad_fn=<SumBackward0>)
LOSS: 0.03645888343453407
PPO-LOSS: 0.039506733417510986
tensor(0.0001, device='cuda:0', grad_fn=<SumBackward0>)
LOSS: 0.037472181022167206
PPO-LOSS: 0.0395035520195961
tensor(8.2962e-05, device='cuda:0', grad_fn=<SumBackward0>)
LOSS: 0.03669046238064766
PPO-LOSS: 0.03928814455866814
tensor(0.0001, device='cuda:0', grad_fn=<SumBackward0>)
LOSS: 0.03475000336766243
PPO-LOSS: 0.038935087621212006
tensor(0.0002, device='cuda:0', grad_fn=<SumBackward0>)
LOSS: 0.026250161230564117
PPO-LOSS: 0.03859095647931099
tensor(0.0011, device='cuda:0', grad_fn=<SumBackward0>)
LOSS: 0.03667469695210457
PPO-LOSS: 0.038740500807762146
tensor(9.3328e-05, device='cuda:0', grad_fn=<SumBackward0>)
LOSS: 0.03819948434829712
PPO-LOSS: 0.03868041932582855
tensor(1.5160e-05, device='cuda:0', grad_fn=<SumBackward0>)
LOSS: 0.03634623438119888
PPO-LOSS: 0.03830306604504585
tensor(7.4313e-05, device='cuda:0', grad_fn=<SumBackward0>)
LOSS: 0.027911769226193428
PPO-LOSS: 0.04212891682982445
tensor(0.0011, device='cuda:0', grad_fn=<SumBackward0>)
LOSS: 0.03996497392654419
PPO-LOSS: 0.04247545823454857
tensor(9.5974e-05, device='cuda:0', grad_fn=<SumBackward0>)
LOSS: 0.040852710604667664
PPO-LOSS: 0.04247519001364708
tensor(5.7079e-05, device='cuda:0', grad_fn=<SumBackward0>)
LOSS: 0.03399619832634926
PPO-LOSS: 0.04209396615624428
tensor(0.0004, device='cuda:0', grad_fn=<SumBackward0>)
LOSS: 0.031968023627996445
PPO-LOSS: 0.04194093495607376
tensor(0.0006, device='cuda:0', grad_fn=<SumBackward0>)
LOSS: 0.0420464389026165
PPO-LOSS: 0.042172156274318695
tensor(3.1599e-06, device='cuda:0', grad_fn=<SumBackward0>)
LOSS: 0.04068388044834137
PPO-LOSS: 0.04187001287937164
tensor(2.7845e-05, device='cuda:0', grad_fn=<SumBackward0>)
LOSS: 0.02596934139728546
PPO-LOSS: 0.04117196798324585
tensor(0.0016, device='cuda:0', grad_fn=<SumBackward0>)
LOSS: 0.03713129833340645
PPO-LOSS: 0.041078176349401474
tensor(0.0001, device='cuda:0', grad_fn=<SumBackward0>)
LOSS: 0.03868931159377098
PPO-LOSS: 0.04082921892404556
tensor(7.2797e-05, device='cuda:0', grad_fn=<SumBackward0>)
LOSS: 0.037184543907642365
PPO-LOSS: 0.055547576397657394
tensor(0.0010, device='cuda:0', grad_fn=<SumBackward0>)
LOSS: 0.05579952523112297
PPO-LOSS: 0.05604131519794464
tensor(2.6413e-06, device='cuda:0', grad_fn=<SumBackward0>)
LOSS: 0.053203221410512924
PPO-LOSS: 0.05575917288661003
tensor(5.2052e-05, device='cuda:0', grad_fn=<SumBackward0>)
LOSS: 0.026063239201903343
PPO-LOSS: 0.05498048663139343
tensor(0.0038, device='cuda:0', grad_fn=<SumBackward0>)
LOSS: 0.03350236266851425
PPO-LOSS: 0.05504772812128067
tensor(0.0015, device='cuda:0', grad_fn=<SumBackward0>)
LOSS: 0.05584444850683212
PPO-LOSS: 0.05585881322622299
tensor(7.4294e-08, device='cuda:0', grad_fn=<SumBackward0>)
LOSS: 0.05582423508167267
PPO-LOSS: 0.05583943426609039
tensor(8.3246e-08, device='cuda:0', grad_fn=<SumBackward0>)
LOSS: 0.04428790509700775
slurmstepd: error: *** STEP 192776.0 ON ddpg.ist.berkeley.edu CANCELLED AT 2024-04-19T11:34:02 ***
slurmstepd: error: *** JOB 192776 ON ddpg.ist.berkeley.edu CANCELLED AT 2024-04-19T11:34:02 ***
