wandb: Currently logged in as: mason-nakamura1 (ecrl). Use `wandb login --relogin` to force relogin
wandb: Currently logged in as: mason-nakamura1 (ecrl). Use `wandb login --relogin` to force relogin
wandb: wandb version 0.16.2 is available!  To upgrade, please run:
wandb:  $ pip install wandb --upgrade
wandb: Tracking run with wandb version 0.14.2
wandb: Run data is saved locally in /nas/ucb/mason/ethically-compliant-rl/wandb/run-20240110_083134-6a56qw7g
wandb: Run `wandb offline` to turn off syncing.
wandb: Syncing run ethereal-music-4
wandb: ⭐️ View project at https://wandb.ai/ecrl/PPO%2BPPOL2
wandb: 🚀 View run at https://wandb.ai/ecrl/PPO%2BPPOL2/runs/6a56qw7g
wandb: Currently logged in as: mason-nakamura1 (ecrl). Use `wandb login --relogin` to force relogin
wandb: wandb version 0.16.2 is available!  To upgrade, please run:
wandb:  $ pip install wandb --upgrade
wandb: Tracking run with wandb version 0.14.2
wandb: Run data is saved locally in /nas/ucb/mason/ethically-compliant-rl/wandb/run-20240110_003134-dnctgwpi
wandb: Run `wandb offline` to turn off syncing.
wandb: Syncing run dry-paper-5
wandb: ⭐️ View project at https://wandb.ai/ecrl/PPO%2BPPOL2
wandb: 🚀 View run at https://wandb.ai/ecrl/PPO%2BPPOL2/runs/dnctgwpi
Using cpu device
Traceback (most recent call last):
  File "/nas/ucb/mason/ethically-compliant-rl/PPOL_New/train_ppol_no_lagrange.py", line 136, in <module>
    train()
  File "/nas/ucb/mason/ethically-compliant-rl/.venv/lib/python3.9/site-packages/pyrallis/argparsing.py", line 158, in wrapper_inner
    response = fn(cfg, *args, **kwargs)
  File "/nas/ucb/mason/ethically-compliant-rl/PPOL_New/train_ppol_no_lagrange.py", line 113, in train
    agent.learn(total_timesteps=args.total_timesteps, callback=callback, reset_num_timesteps=False)
  File "/nas/ucb/mason/ethically-compliant-rl/stable_baselines3/stable_baselines3/ppol/ppol.py", line 405, in learn
    result = super().learn(
  File "/nas/ucb/mason/ethically-compliant-rl/stable_baselines3/stable_baselines3/common/on_policy_algorithm.py", line 572, in learn
    continue_training = self.collect_rollouts(self.env, callback, self.rollout_buffer, n_rollout_steps=self.n_steps)
  File "/nas/ucb/mason/ethically-compliant-rl/stable_baselines3/stable_baselines3/common/on_policy_algorithm.py", line 522, in collect_rollouts
    rollout_buffer.add(
  File "/nas/ucb/mason/ethically-compliant-rl/stable_baselines3/stable_baselines3/common/buffers.py", line 525, in add
    if value_cost:
RuntimeError: Boolean value of Tensor with more than one value is ambiguous
wandb: Waiting for W&B process to finish... (failed 1). Press Control-C to abort syncing.
Using cpu device
Traceback (most recent call last):
  File "/nas/ucb/mason/ethically-compliant-rl/PPOL_New/train_ppol_no_lagrange.py", line 136, in <module>
    train()
  File "/nas/ucb/mason/ethically-compliant-rl/.venv/lib/python3.9/site-packages/pyrallis/argparsing.py", line 158, in wrapper_inner
    response = fn(cfg, *args, **kwargs)
  File "/nas/ucb/mason/ethically-compliant-rl/PPOL_New/train_ppol_no_lagrange.py", line 113, in train
    agent.learn(total_timesteps=args.total_timesteps, callback=callback, reset_num_timesteps=False)
  File "/nas/ucb/mason/ethically-compliant-rl/stable_baselines3/stable_baselines3/ppol/ppol.py", line 405, in learn
    result = super().learn(
  File "/nas/ucb/mason/ethically-compliant-rl/stable_baselines3/stable_baselines3/common/on_policy_algorithm.py", line 572, in learn
    continue_training = self.collect_rollouts(self.env, callback, self.rollout_buffer, n_rollout_steps=self.n_steps)
  File "/nas/ucb/mason/ethically-compliant-rl/stable_baselines3/stable_baselines3/common/on_policy_algorithm.py", line 522, in collect_rollouts
    rollout_buffer.add(
  File "/nas/ucb/mason/ethically-compliant-rl/stable_baselines3/stable_baselines3/common/buffers.py", line 525, in add
    if value_cost:
RuntimeError: Boolean value of Tensor with more than one value is ambiguous
wandb: Waiting for W&B process to finish... (failed 1). Press Control-C to abort syncing.
wandb: wandb version 0.16.2 is available!  To upgrade, please run:
wandb:  $ pip install wandb --upgrade
wandb: Tracking run with wandb version 0.14.2
wandb: Run data is saved locally in /nas/ucb/mason/ethically-compliant-rl/wandb/run-20240110_003135-3k6mc48i
wandb: Run `wandb offline` to turn off syncing.
wandb: Syncing run smooth-mountain-6
wandb: ⭐️ View project at https://wandb.ai/ecrl/PPO%2BPPOL2
wandb: 🚀 View run at https://wandb.ai/ecrl/PPO%2BPPOL2/runs/3k6mc48i
Using cpu device
Traceback (most recent call last):
  File "/nas/ucb/mason/ethically-compliant-rl/PPOL_New/train_ppol_no_lagrange.py", line 136, in <module>
    train()
  File "/nas/ucb/mason/ethically-compliant-rl/.venv/lib/python3.9/site-packages/pyrallis/argparsing.py", line 158, in wrapper_inner
    response = fn(cfg, *args, **kwargs)
  File "/nas/ucb/mason/ethically-compliant-rl/PPOL_New/train_ppol_no_lagrange.py", line 113, in train
    agent.learn(total_timesteps=args.total_timesteps, callback=callback, reset_num_timesteps=False)
  File "/nas/ucb/mason/ethically-compliant-rl/stable_baselines3/stable_baselines3/ppol/ppol.py", line 405, in learn
    result = super().learn(
  File "/nas/ucb/mason/ethically-compliant-rl/stable_baselines3/stable_baselines3/common/on_policy_algorithm.py", line 572, in learn
    continue_training = self.collect_rollouts(self.env, callback, self.rollout_buffer, n_rollout_steps=self.n_steps)
  File "/nas/ucb/mason/ethically-compliant-rl/stable_baselines3/stable_baselines3/common/on_policy_algorithm.py", line 522, in collect_rollouts
    rollout_buffer.add(
  File "/nas/ucb/mason/ethically-compliant-rl/stable_baselines3/stable_baselines3/common/buffers.py", line 525, in add
    if value_cost:
RuntimeError: Boolean value of Tensor with more than one value is ambiguous
wandb: Waiting for W&B process to finish... (failed 1). Press Control-C to abort syncing.
wandb: ERROR Error while calling W&B API: An internal error occurred. Please contact support. (<Response [500]>)
wandb: 
wandb: Run history:
wandb:       cost ▁
wandb: is_success ▁
wandb:     reward ▁
wandb: 
wandb: Run summary:
wandb:       cost 0
wandb: is_success 0
wandb:     reward -0.46978
wandb: 
wandb: 🚀 View run ethereal-music-4 at: https://wandb.ai/ecrl/PPO%2BPPOL2/runs/6a56qw7g
wandb: Synced 5 W&B file(s), 0 media file(s), 2 artifact file(s) and 0 other file(s)
wandb: Find logs at: ./wandb/run-20240110_083134-6a56qw7g/logs
wandb: 
wandb: Run history:
wandb:       cost ▁
wandb: is_success ▁
wandb:     reward ▁
wandb: 
wandb: Run summary:
wandb:       cost 0
wandb: is_success 0
wandb:     reward -0.40559
wandb: 
wandb: 🚀 View run smooth-mountain-6 at: https://wandb.ai/ecrl/PPO%2BPPOL2/runs/3k6mc48i
wandb: Synced 5 W&B file(s), 0 media file(s), 2 artifact file(s) and 0 other file(s)
wandb: Find logs at: ./wandb/run-20240110_003135-3k6mc48i/logs
wandb: 
wandb: Run history:
wandb:       cost ▁
wandb: is_success ▁
wandb:     reward ▁
wandb: 
wandb: Run summary:
wandb:       cost 0
wandb: is_success 0
wandb:     reward -0.42685
wandb: 
wandb: 🚀 View run dry-paper-5 at: https://wandb.ai/ecrl/PPO%2BPPOL2/runs/dnctgwpi
wandb: Synced 5 W&B file(s), 0 media file(s), 2 artifact file(s) and 0 other file(s)
wandb: Find logs at: ./wandb/run-20240110_003134-dnctgwpi/logs
srun: error: airl.ist.berkeley.edu: task 0: Exited with exit code 1
srun: error: ddpg.ist.berkeley.edu: task 0: Exited with exit code 1
srun: error: dqn.ist.berkeley.edu: task 0: Exited with exit code 1
