wandb: Currently logged in as: mason-nakamura1 (ecrl). Use `wandb login --relogin` to force relogin
wandb: Currently logged in as: mason-nakamura1 (ecrl). Use `wandb login --relogin` to force relogin
wandb: Currently logged in as: mason-nakamura1 (ecrl). Use `wandb login --relogin` to force relogin
wandb: wandb version 0.16.2 is available!  To upgrade, please run:
wandb:  $ pip install wandb --upgrade
wandb: Tracking run with wandb version 0.14.2
wandb: Run data is saved locally in /nas/ucb/mason/ethically-compliant-rl/wandb/run-20240112_031219-pvpylro4
wandb: Run `wandb offline` to turn off syncing.
wandb: Syncing run logical-salad-87
wandb: ⭐️ View project at https://wandb.ai/ecrl/PPO%2BPPOL
wandb: 🚀 View run at https://wandb.ai/ecrl/PPO%2BPPOL/runs/pvpylro4
Traceback (most recent call last):
  File "/nas/ucb/mason/ethically-compliant-rl/PPOL_New/train_ppol_high_limit.py", line 141, in <module>
    train()
  File "/nas/ucb/mason/ethically-compliant-rl/.venv/lib/python3.9/site-packages/pyrallis/argparsing.py", line 158, in wrapper_inner
    response = fn(cfg, *args, **kwargs)
  File "/nas/ucb/mason/ethically-compliant-rl/PPOL_New/train_ppol_high_limit.py", line 98, in train
    env = DummyVecEnv(envs)
  File "/nas/ucb/mason/ethically-compliant-rl/stable_baselines3/stable_baselines3/common/vec_env/dummy_vec_env.py", line 30, in __init__
    self.envs = [_patch_env(fn()) for fn in env_fns]
  File "/nas/ucb/mason/ethically-compliant-rl/stable_baselines3/stable_baselines3/common/vec_env/dummy_vec_env.py", line 30, in <listcomp>
    self.envs = [_patch_env(fn()) for fn in env_fns]
  File "/nas/ucb/mason/ethically-compliant-rl/PPOL_New/train_ppol_high_limit.py", line 91, in _init
    env = FlattenObservation(load_environment(env_config, env_logger_path=args.env_logger_path))
TypeError: load_environment() got an unexpected keyword argument 'env_logger_path'
wandb: Waiting for W&B process to finish... (failed 1). Press Control-C to abort syncing.
wandb: wandb version 0.16.2 is available!  To upgrade, please run:
wandb:  $ pip install wandb --upgrade
wandb: Tracking run with wandb version 0.14.2
wandb: Run data is saved locally in /nas/ucb/mason/ethically-compliant-rl/wandb/run-20240111_191219-o3qi2xgi
wandb: Run `wandb offline` to turn off syncing.
wandb: Syncing run dry-donkey-88
wandb: ⭐️ View project at https://wandb.ai/ecrl/PPO%2BPPOL
wandb: 🚀 View run at https://wandb.ai/ecrl/PPO%2BPPOL/runs/o3qi2xgi
Traceback (most recent call last):
  File "/nas/ucb/mason/ethically-compliant-rl/PPOL_New/train_ppol_high_limit.py", line 141, in <module>
    train()
  File "/nas/ucb/mason/ethically-compliant-rl/.venv/lib/python3.9/site-packages/pyrallis/argparsing.py", line 158, in wrapper_inner
    response = fn(cfg, *args, **kwargs)
  File "/nas/ucb/mason/ethically-compliant-rl/PPOL_New/train_ppol_high_limit.py", line 98, in train
    env = DummyVecEnv(envs)
  File "/nas/ucb/mason/ethically-compliant-rl/stable_baselines3/stable_baselines3/common/vec_env/dummy_vec_env.py", line 30, in __init__
    self.envs = [_patch_env(fn()) for fn in env_fns]
  File "/nas/ucb/mason/ethically-compliant-rl/stable_baselines3/stable_baselines3/common/vec_env/dummy_vec_env.py", line 30, in <listcomp>
    self.envs = [_patch_env(fn()) for fn in env_fns]
  File "/nas/ucb/mason/ethically-compliant-rl/PPOL_New/train_ppol_high_limit.py", line 91, in _init
    env = FlattenObservation(load_environment(env_config, env_logger_path=args.env_logger_path))
TypeError: load_environment() got an unexpected keyword argument 'env_logger_path'
wandb: Waiting for W&B process to finish... (failed 1). Press Control-C to abort syncing.
wandb: wandb version 0.16.2 is available!  To upgrade, please run:
wandb:  $ pip install wandb --upgrade
wandb: Tracking run with wandb version 0.14.2
wandb: Run data is saved locally in /nas/ucb/mason/ethically-compliant-rl/wandb/run-20240111_191219-1s0ugp1p
wandb: Run `wandb offline` to turn off syncing.
wandb: Syncing run atomic-glade-89
wandb: ⭐️ View project at https://wandb.ai/ecrl/PPO%2BPPOL
wandb: 🚀 View run at https://wandb.ai/ecrl/PPO%2BPPOL/runs/1s0ugp1p
Traceback (most recent call last):
  File "/nas/ucb/mason/ethically-compliant-rl/PPOL_New/train_ppol_high_limit.py", line 141, in <module>
    train()
  File "/nas/ucb/mason/ethically-compliant-rl/.venv/lib/python3.9/site-packages/pyrallis/argparsing.py", line 158, in wrapper_inner
    response = fn(cfg, *args, **kwargs)
  File "/nas/ucb/mason/ethically-compliant-rl/PPOL_New/train_ppol_high_limit.py", line 98, in train
    env = DummyVecEnv(envs)
  File "/nas/ucb/mason/ethically-compliant-rl/stable_baselines3/stable_baselines3/common/vec_env/dummy_vec_env.py", line 30, in __init__
    self.envs = [_patch_env(fn()) for fn in env_fns]
  File "/nas/ucb/mason/ethically-compliant-rl/stable_baselines3/stable_baselines3/common/vec_env/dummy_vec_env.py", line 30, in <listcomp>
    self.envs = [_patch_env(fn()) for fn in env_fns]
  File "/nas/ucb/mason/ethically-compliant-rl/PPOL_New/train_ppol_high_limit.py", line 91, in _init
    env = FlattenObservation(load_environment(env_config, env_logger_path=args.env_logger_path))
TypeError: load_environment() got an unexpected keyword argument 'env_logger_path'
wandb: Waiting for W&B process to finish... (failed 1). Press Control-C to abort syncing.
wandb: ERROR Error while calling W&B API: An internal error occurred. Please contact support. (<Response [500]>)
wandb: ERROR Error while calling W&B API: An internal error occurred. Please contact support. (<Response [500]>)
wandb: 🚀 View run logical-salad-87 at: https://wandb.ai/ecrl/PPO%2BPPOL/runs/pvpylro4
wandb: Synced 5 W&B file(s), 0 media file(s), 2 artifact file(s) and 0 other file(s)
wandb: Find logs at: ./wandb/run-20240112_031219-pvpylro4/logs
srun: error: airl.ist.berkeley.edu: task 0: Exited with exit code 1
wandb: 🚀 View run dry-donkey-88 at: https://wandb.ai/ecrl/PPO%2BPPOL/runs/o3qi2xgi
wandb: Synced 5 W&B file(s), 0 media file(s), 2 artifact file(s) and 0 other file(s)
wandb: Find logs at: ./wandb/run-20240111_191219-o3qi2xgi/logs
wandb: 🚀 View run atomic-glade-89 at: https://wandb.ai/ecrl/PPO%2BPPOL/runs/1s0ugp1p
wandb: Synced 5 W&B file(s), 0 media file(s), 2 artifact file(s) and 0 other file(s)
wandb: Find logs at: ./wandb/run-20240111_191219-1s0ugp1p/logs
srun: error: ddpg.ist.berkeley.edu: task 0: Exited with exit code 1
srun: error: dqn.ist.berkeley.edu: task 0: Exited with exit code 1
srun: Job 116062 step creation temporarily disabled, retrying (Requested nodes are busy)
srun: Step created for StepId=116062.3
srun: Job 116062 step creation temporarily disabled, retrying (Requested nodes are busy)
srun: Step created for StepId=116062.4
wandb: Currently logged in as: mason-nakamura1 (ecrl). Use `wandb login --relogin` to force relogin
srun: Job 116062 step creation temporarily disabled, retrying (Requested nodes are busy)
srun: Step created for StepId=116062.5
wandb: wandb version 0.16.2 is available!  To upgrade, please run:
wandb:  $ pip install wandb --upgrade
wandb: Tracking run with wandb version 0.14.2
wandb: Run data is saved locally in /nas/ucb/mason/ethically-compliant-rl/wandb/run-20240112_031422-vbgfs6y8
wandb: Run `wandb offline` to turn off syncing.
wandb: Syncing run sleek-disco-96
wandb: ⭐️ View project at https://wandb.ai/ecrl/PPO%2BPPOL
wandb: 🚀 View run at https://wandb.ai/ecrl/PPO%2BPPOL/runs/vbgfs6y8
Traceback (most recent call last):
  File "/nas/ucb/mason/ethically-compliant-rl/PPOL_New/train_ppol_high_limit.py", line 141, in <module>
    train()
  File "/nas/ucb/mason/ethically-compliant-rl/.venv/lib/python3.9/site-packages/pyrallis/argparsing.py", line 158, in wrapper_inner
    response = fn(cfg, *args, **kwargs)
  File "/nas/ucb/mason/ethically-compliant-rl/PPOL_New/train_ppol_high_limit.py", line 98, in train
    env = DummyVecEnv(envs)
  File "/nas/ucb/mason/ethically-compliant-rl/stable_baselines3/stable_baselines3/common/vec_env/dummy_vec_env.py", line 30, in __init__
    self.envs = [_patch_env(fn()) for fn in env_fns]
  File "/nas/ucb/mason/ethically-compliant-rl/stable_baselines3/stable_baselines3/common/vec_env/dummy_vec_env.py", line 30, in <listcomp>
    self.envs = [_patch_env(fn()) for fn in env_fns]
  File "/nas/ucb/mason/ethically-compliant-rl/PPOL_New/train_ppol_high_limit.py", line 91, in _init
    env = FlattenObservation(load_environment(env_config, env_logger_path=args.env_logger_path))
TypeError: load_environment() got an unexpected keyword argument 'env_logger_path'
wandb: Waiting for W&B process to finish... (failed 1). Press Control-C to abort syncing.
srun: Job 116062 step creation temporarily disabled, retrying (Requested nodes are busy)
srun: Job 116062 step creation temporarily disabled, retrying (Requested nodes are busy)
wandb: Currently logged in as: mason-nakamura1 (ecrl). Use `wandb login --relogin` to force relogin
wandb: wandb version 0.16.2 is available!  To upgrade, please run:
wandb:  $ pip install wandb --upgrade
wandb: Tracking run with wandb version 0.14.2
wandb: Run data is saved locally in /nas/ucb/mason/ethically-compliant-rl/wandb/run-20240111_191425-gtsih3l5
wandb: Run `wandb offline` to turn off syncing.
wandb: Syncing run sparkling-eon-97
wandb: ⭐️ View project at https://wandb.ai/ecrl/PPO%2BPPOL
wandb: 🚀 View run at https://wandb.ai/ecrl/PPO%2BPPOL/runs/gtsih3l5
Traceback (most recent call last):
  File "/nas/ucb/mason/ethically-compliant-rl/PPOL_New/train_ppol_high_limit.py", line 141, in <module>
    train()
  File "/nas/ucb/mason/ethically-compliant-rl/.venv/lib/python3.9/site-packages/pyrallis/argparsing.py", line 158, in wrapper_inner
    response = fn(cfg, *args, **kwargs)
  File "/nas/ucb/mason/ethically-compliant-rl/PPOL_New/train_ppol_high_limit.py", line 98, in train
    env = DummyVecEnv(envs)
  File "/nas/ucb/mason/ethically-compliant-rl/stable_baselines3/stable_baselines3/common/vec_env/dummy_vec_env.py", line 30, in __init__
    self.envs = [_patch_env(fn()) for fn in env_fns]
  File "/nas/ucb/mason/ethically-compliant-rl/stable_baselines3/stable_baselines3/common/vec_env/dummy_vec_env.py", line 30, in <listcomp>
    self.envs = [_patch_env(fn()) for fn in env_fns]
  File "/nas/ucb/mason/ethically-compliant-rl/PPOL_New/train_ppol_high_limit.py", line 91, in _init
    env = FlattenObservation(load_environment(env_config, env_logger_path=args.env_logger_path))
TypeError: load_environment() got an unexpected keyword argument 'env_logger_path'
wandb: Waiting for W&B process to finish... (failed 1). Press Control-C to abort syncing.
wandb: Currently logged in as: mason-nakamura1 (ecrl). Use `wandb login --relogin` to force relogin
wandb: 🚀 View run sleek-disco-96 at: https://wandb.ai/ecrl/PPO%2BPPOL/runs/vbgfs6y8
wandb: Synced 5 W&B file(s), 0 media file(s), 0 artifact file(s) and 0 other file(s)
wandb: Find logs at: ./wandb/run-20240112_031422-vbgfs6y8/logs
wandb: wandb version 0.16.2 is available!  To upgrade, please run:
wandb:  $ pip install wandb --upgrade
wandb: Tracking run with wandb version 0.14.2
wandb: Run data is saved locally in /nas/ucb/mason/ethically-compliant-rl/wandb/run-20240111_191426-bd7jel7p
wandb: Run `wandb offline` to turn off syncing.
wandb: Syncing run generous-firebrand-98
wandb: ⭐️ View project at https://wandb.ai/ecrl/PPO%2BPPOL
wandb: 🚀 View run at https://wandb.ai/ecrl/PPO%2BPPOL/runs/bd7jel7p
Traceback (most recent call last):
  File "/nas/ucb/mason/ethically-compliant-rl/PPOL_New/train_ppol_high_limit.py", line 141, in <module>
    train()
  File "/nas/ucb/mason/ethically-compliant-rl/.venv/lib/python3.9/site-packages/pyrallis/argparsing.py", line 158, in wrapper_inner
    response = fn(cfg, *args, **kwargs)
  File "/nas/ucb/mason/ethically-compliant-rl/PPOL_New/train_ppol_high_limit.py", line 98, in train
    env = DummyVecEnv(envs)
  File "/nas/ucb/mason/ethically-compliant-rl/stable_baselines3/stable_baselines3/common/vec_env/dummy_vec_env.py", line 30, in __init__
    self.envs = [_patch_env(fn()) for fn in env_fns]
  File "/nas/ucb/mason/ethically-compliant-rl/stable_baselines3/stable_baselines3/common/vec_env/dummy_vec_env.py", line 30, in <listcomp>
    self.envs = [_patch_env(fn()) for fn in env_fns]
  File "/nas/ucb/mason/ethically-compliant-rl/PPOL_New/train_ppol_high_limit.py", line 91, in _init
    env = FlattenObservation(load_environment(env_config, env_logger_path=args.env_logger_path))
TypeError: load_environment() got an unexpected keyword argument 'env_logger_path'
wandb: Waiting for W&B process to finish... (failed 1). Press Control-C to abort syncing.
srun: error: airl.ist.berkeley.edu: task 0: Exited with exit code 1
wandb: 🚀 View run sparkling-eon-97 at: https://wandb.ai/ecrl/PPO%2BPPOL/runs/gtsih3l5
wandb: Synced 5 W&B file(s), 0 media file(s), 0 artifact file(s) and 0 other file(s)
wandb: Find logs at: ./wandb/run-20240111_191425-gtsih3l5/logs
srun: error: ddpg.ist.berkeley.edu: task 0: Exited with exit code 1
wandb: 🚀 View run generous-firebrand-98 at: https://wandb.ai/ecrl/PPO%2BPPOL/runs/bd7jel7p
wandb: Synced 5 W&B file(s), 0 media file(s), 0 artifact file(s) and 0 other file(s)
wandb: Find logs at: ./wandb/run-20240111_191426-bd7jel7p/logs
srun: error: dqn.ist.berkeley.edu: task 0: Exited with exit code 1
srun: Job 116062 step creation still disabled, retrying (Requested nodes are busy)
srun: Step created for StepId=116062.6
srun: Job 116062 step creation still disabled, retrying (Requested nodes are busy)
srun: Step created for StepId=116062.7
wandb: Currently logged in as: mason-nakamura1 (ecrl). Use `wandb login --relogin` to force relogin
wandb: wandb version 0.16.2 is available!  To upgrade, please run:
wandb:  $ pip install wandb --upgrade
wandb: Tracking run with wandb version 0.14.2
wandb: Run data is saved locally in /nas/ucb/mason/ethically-compliant-rl/wandb/run-20240112_031635-1fun07h2
wandb: Run `wandb offline` to turn off syncing.
wandb: Syncing run frosty-wildflower-99
wandb: ⭐️ View project at https://wandb.ai/ecrl/PPO%2BPPOL
wandb: 🚀 View run at https://wandb.ai/ecrl/PPO%2BPPOL/runs/1fun07h2
Traceback (most recent call last):
  File "/nas/ucb/mason/ethically-compliant-rl/PPOL_New/train_ppol_high_limit.py", line 141, in <module>
    train()
  File "/nas/ucb/mason/ethically-compliant-rl/.venv/lib/python3.9/site-packages/pyrallis/argparsing.py", line 158, in wrapper_inner
    response = fn(cfg, *args, **kwargs)
  File "/nas/ucb/mason/ethically-compliant-rl/PPOL_New/train_ppol_high_limit.py", line 98, in train
    env = DummyVecEnv(envs)
  File "/nas/ucb/mason/ethically-compliant-rl/stable_baselines3/stable_baselines3/common/vec_env/dummy_vec_env.py", line 30, in __init__
    self.envs = [_patch_env(fn()) for fn in env_fns]
  File "/nas/ucb/mason/ethically-compliant-rl/stable_baselines3/stable_baselines3/common/vec_env/dummy_vec_env.py", line 30, in <listcomp>
    self.envs = [_patch_env(fn()) for fn in env_fns]
  File "/nas/ucb/mason/ethically-compliant-rl/PPOL_New/train_ppol_high_limit.py", line 91, in _init
    env = FlattenObservation(load_environment(env_config, env_logger_path=args.env_logger_path))
TypeError: load_environment() got an unexpected keyword argument 'env_logger_path'
wandb: Waiting for W&B process to finish... (failed 1). Press Control-C to abort syncing.
wandb: Currently logged in as: mason-nakamura1 (ecrl). Use `wandb login --relogin` to force relogin
wandb: wandb version 0.16.2 is available!  To upgrade, please run:
wandb:  $ pip install wandb --upgrade
wandb: Tracking run with wandb version 0.14.2
wandb: Run data is saved locally in /nas/ucb/mason/ethically-compliant-rl/wandb/run-20240111_191637-n930f6su
wandb: Run `wandb offline` to turn off syncing.
wandb: Syncing run spring-elevator-100
wandb: ⭐️ View project at https://wandb.ai/ecrl/PPO%2BPPOL
wandb: 🚀 View run at https://wandb.ai/ecrl/PPO%2BPPOL/runs/n930f6su
Traceback (most recent call last):
  File "/nas/ucb/mason/ethically-compliant-rl/PPOL_New/train_ppol_high_limit.py", line 141, in <module>
    train()
  File "/nas/ucb/mason/ethically-compliant-rl/.venv/lib/python3.9/site-packages/pyrallis/argparsing.py", line 158, in wrapper_inner
    response = fn(cfg, *args, **kwargs)
  File "/nas/ucb/mason/ethically-compliant-rl/PPOL_New/train_ppol_high_limit.py", line 98, in train
    env = DummyVecEnv(envs)
  File "/nas/ucb/mason/ethically-compliant-rl/stable_baselines3/stable_baselines3/common/vec_env/dummy_vec_env.py", line 30, in __init__
    self.envs = [_patch_env(fn()) for fn in env_fns]
  File "/nas/ucb/mason/ethically-compliant-rl/stable_baselines3/stable_baselines3/common/vec_env/dummy_vec_env.py", line 30, in <listcomp>
    self.envs = [_patch_env(fn()) for fn in env_fns]
  File "/nas/ucb/mason/ethically-compliant-rl/PPOL_New/train_ppol_high_limit.py", line 91, in _init
    env = FlattenObservation(load_environment(env_config, env_logger_path=args.env_logger_path))
TypeError: load_environment() got an unexpected keyword argument 'env_logger_path'
wandb: Waiting for W&B process to finish... (failed 1). Press Control-C to abort syncing.
wandb: 🚀 View run frosty-wildflower-99 at: https://wandb.ai/ecrl/PPO%2BPPOL/runs/1fun07h2
wandb: Synced 5 W&B file(s), 0 media file(s), 0 artifact file(s) and 0 other file(s)
wandb: Find logs at: ./wandb/run-20240112_031635-1fun07h2/logs
wandb: 🚀 View run spring-elevator-100 at: https://wandb.ai/ecrl/PPO%2BPPOL/runs/n930f6su
wandb: Synced 5 W&B file(s), 0 media file(s), 0 artifact file(s) and 0 other file(s)
wandb: Find logs at: ./wandb/run-20240111_191637-n930f6su/logs
srun: error: airl.ist.berkeley.edu: task 0: Exited with exit code 1
srun: error: ddpg.ist.berkeley.edu: task 0: Exited with exit code 1
