wandb: Currently logged in as: mason-nakamura1 (ecrl). Use `wandb login --relogin` to force relogin
wandb: wandb version 0.15.8 is available!  To upgrade, please run:
wandb:  $ pip install wandb --upgrade
wandb: Tracking run with wandb version 0.14.2
wandb: Run data is saved locally in /nas/ucb/mason/ethically-compliant-rl/wandb/run-20230812_000927-c3d28303-7b3d-441b-8ea5-cdfc5baf9b8e
wandb: Run `wandb offline` to turn off syncing.
wandb: Syncing run ppol_step_per_epoch20000_target_kl0.01-8283
wandb: ⭐️ View project at https://wandb.ai/ecrl/PPO
wandb: 🚀 View run at https://wandb.ai/ecrl/PPO/runs/c3d28303-7b3d-441b-8ea5-cdfc5baf9b8e
[32;1mLogging data to logs/PPO/parking-v0-cost-10/ppol_step_per_epoch20000_target_kl0.01-8283/progress.txt[0m
[36;1mSaving config:
[0m
{
    "action_bound_method":	"clip",
    "action_scaling":	true,
    "batch_size":	256,
    "buffer_size":	100000,
    "cost_limit":	10,
    "deterministic_eval":	true,
    "device":	"cpu",
    "dual_clip":	null,
    "env_config_file":	"configs/ParkingEnv/env-kinematicsGoal.txt",
    "episode_per_collect":	20,
    "epoch":	400,
    "eps_clip":	0.2,
    "gae_lambda":	0.95,
    "gamma":	0.99,
    "group":	null,
    "hidden_sizes":	[
        128,
        128
    ],
    "lagrangian_pid":	[
        0.05,
        0.0005,
        0.1
    ],
    "last_layer_scale":	false,
    "logdir":	"logs",
    "lr":	0.0005,
    "max_batchsize":	100000,
    "max_grad_norm":	0.5,
    "name":	"ppol_step_per_epoch20000_target_kl0.01-8283",
    "norm_adv":	true,
    "prefix":	"ppol",
    "project":	"PPO",
    "recompute_adv":	false,
    "render":	null,
    "render_mode":	null,
    "repeat_per_collect":	4,
    "rescaling":	true,
    "resume":	false,
    "rew_norm":	false,
    "reward_threshold":	10000,
    "save_ckpt":	true,
    "save_interval":	4,
    "seed":	10,
    "step_per_epoch":	20000,
    "suffix":	"",
    "target_kl":	0.01,
    "task":	"parking-v0",
    "testing_num":	2,
    "thread":	320,
    "training_num":	20,
    "unbounded":	false,
    "use_default_cfg":	false,
    "use_lagrangian":	true,
    "value_clip":	false,
    "verbose":	true,
    "vf_coef":	0.25,
    "worker":	"ShmemVectorEnv"
}
Epoch #1:   0%|          | 0/20000 [00:00<?, ?it/s]Epoch #1:  50%|#####     | 10000/20000 [00:21<00:21, 460.47it/s]Epoch #1:  50%|#####     | 10000/20000 [00:21<00:21, 460.45it/s]
Traceback (most recent call last):
  File "/nas/ucb/mason/ethically-compliant-rl/PPO/train_ppo.py", line 305, in <module>
    train()
  File "/nas/ucb/mason/ethically-compliant-rl/.venv/lib/python3.9/site-packages/pyrallis/argparsing.py", line 158, in wrapper_inner
    response = fn(cfg, *args, **kwargs)
  File "/nas/ucb/mason/ethically-compliant-rl/PPO/train_ppo.py", line 280, in train
    for epoch, epoch_stat, info in trainer:
  File "/nas/ucb/mason/ethically-compliant-rl/FSRL/fsrl/trainer/base_trainer.py", line 205, in __next__
    self.policy_update_fn(stats_train)
  File "/nas/ucb/mason/ethically-compliant-rl/FSRL/fsrl/trainer/onpolicy.py", line 97, in policy_update_fn
    self.policy.pre_update_fn(
  File "/nas/ucb/mason/ethically-compliant-rl/FSRL/fsrl/policy/lagrangian_base.py", line 99, in pre_update_fn
    cost_values = stats_train["cost"]
KeyError: 'cost'
Traceback (most recent call last):
  File "/nas/ucb/mason/ethically-compliant-rl/PPO/train_ppo.py", line 305, in <module>
    train()
  File "/nas/ucb/mason/ethically-compliant-rl/.venv/lib/python3.9/site-packages/pyrallis/argparsing.py", line 158, in wrapper_inner
    response = fn(cfg, *args, **kwargs)
  File "/nas/ucb/mason/ethically-compliant-rl/PPO/train_ppo.py", line 280, in train
    for epoch, epoch_stat, info in trainer:
  File "/nas/ucb/mason/ethically-compliant-rl/FSRL/fsrl/trainer/base_trainer.py", line 205, in __next__
    self.policy_update_fn(stats_train)
  File "/nas/ucb/mason/ethically-compliant-rl/FSRL/fsrl/trainer/onpolicy.py", line 97, in policy_update_fn
    self.policy.pre_update_fn(
  File "/nas/ucb/mason/ethically-compliant-rl/FSRL/fsrl/policy/lagrangian_base.py", line 99, in pre_update_fn
    cost_values = stats_train["cost"]
KeyError: 'cost'
wandb: Waiting for W&B process to finish... (failed 1). Press Control-C to abort syncing.
wandb: 🚀 View run ppol_step_per_epoch20000_target_kl0.01-8283 at: https://wandb.ai/ecrl/PPO/runs/c3d28303-7b3d-441b-8ea5-cdfc5baf9b8e
wandb: Synced 5 W&B file(s), 0 media file(s), 0 artifact file(s) and 0 other file(s)
wandb: Find logs at: ./wandb/run-20230812_000927-c3d28303-7b3d-441b-8ea5-cdfc5baf9b8e/logs
srun: error: gail.ist.berkeley.edu: task 0: Exited with exit code 1
