wandb: Currently logged in as: mason-nakamura1 (ecrl). Use `wandb login --relogin` to force relogin
wandb: Currently logged in as: mason-nakamura1 (ecrl). Use `wandb login --relogin` to force relogin
wandb: Currently logged in as: mason-nakamura1 (ecrl). Use `wandb login --relogin` to force relogin
wandb: wandb version 0.16.4 is available!  To upgrade, please run:
wandb:  $ pip install wandb --upgrade
wandb: Tracking run with wandb version 0.14.2
wandb: Run data is saved locally in /nas/ucb/mason/ethically-compliant-rl/wandb/run-20240325_183756-f99paj0g
wandb: Run `wandb offline` to turn off syncing.
wandb: Syncing run fancy-surf-35
wandb: ⭐️ View project at https://wandb.ai/ecrl/ppol-LIDAR-CNN
wandb: 🚀 View run at https://wandb.ai/ecrl/ppol-LIDAR-CNN/runs/f99paj0g
wandb: wandb version 0.16.4 is available!  To upgrade, please run:
wandb:  $ pip install wandb --upgrade
wandb: Tracking run with wandb version 0.14.2
wandb: Run data is saved locally in /nas/ucb/mason/ethically-compliant-rl/wandb/run-20240325_183756-j19ru7oa
wandb: Run `wandb offline` to turn off syncing.
wandb: Syncing run celestial-rain-36
wandb: ⭐️ View project at https://wandb.ai/ecrl/ppol-LIDAR-CNN
wandb: 🚀 View run at https://wandb.ai/ecrl/ppol-LIDAR-CNN/runs/j19ru7oa
wandb: wandb version 0.16.4 is available!  To upgrade, please run:
wandb:  $ pip install wandb --upgrade
wandb: Tracking run with wandb version 0.14.2
wandb: Run data is saved locally in /nas/ucb/mason/ethically-compliant-rl/wandb/run-20240325_113756-kpomm3yu
wandb: Run `wandb offline` to turn off syncing.
wandb: Syncing run fearless-wood-37
wandb: ⭐️ View project at https://wandb.ai/ecrl/ppol-LIDAR-CNN
wandb: 🚀 View run at https://wandb.ai/ecrl/ppol-LIDAR-CNN/runs/kpomm3yu
