wandb: Currently logged in as: mason-nakamura1 (ecrl). Use `wandb login --relogin` to force relogin
wandb: Currently logged in as: mason-nakamura1 (ecrl). Use `wandb login --relogin` to force relogin
wandb: Currently logged in as: mason-nakamura1 (ecrl). Use `wandb login --relogin` to force relogin
wandb: Currently logged in as: mason-nakamura1 (ecrl). Use `wandb login --relogin` to force relogin
wandb: wandb version 0.16.1 is available!  To upgrade, please run:
wandb:  $ pip install wandb --upgrade
wandb: Tracking run with wandb version 0.14.2
wandb: Run data is saved locally in /nas/ucb/mason/ethically-compliant-rl/wandb/run-20231230_033028-lkuhgoq5
wandb: Run `wandb offline` to turn off syncing.
wandb: Syncing run deft-brook-46
wandb: ⭐️ View project at https://wandb.ai/ecrl/New-PPOL-NoMultipiler-SpeedLimit%3D2
wandb: 🚀 View run at https://wandb.ai/ecrl/New-PPOL-NoMultipiler-SpeedLimit%3D2/runs/lkuhgoq5
wandb: wandb version 0.16.1 is available!  To upgrade, please run:
wandb:  $ pip install wandb --upgrade
wandb: Tracking run with wandb version 0.14.2
wandb: Run data is saved locally in /nas/ucb/mason/ethically-compliant-rl/wandb/run-20231229_193028-3x69fvno
wandb: Run `wandb offline` to turn off syncing.
wandb: Syncing run wobbly-feather-47
wandb: ⭐️ View project at https://wandb.ai/ecrl/New-PPOL-NoMultipiler-SpeedLimit%3D2
wandb: 🚀 View run at https://wandb.ai/ecrl/New-PPOL-NoMultipiler-SpeedLimit%3D2/runs/3x69fvno
wandb: wandb version 0.16.1 is available!  To upgrade, please run:
wandb:  $ pip install wandb --upgrade
wandb: Tracking run with wandb version 0.14.2
wandb: Run data is saved locally in /nas/ucb/mason/ethically-compliant-rl/wandb/run-20231229_193028-u54dzf05
wandb: Run `wandb offline` to turn off syncing.
wandb: Syncing run vocal-silence-48
wandb: ⭐️ View project at https://wandb.ai/ecrl/New-PPOL-NoMultipiler-SpeedLimit%3D2
wandb: 🚀 View run at https://wandb.ai/ecrl/New-PPOL-NoMultipiler-SpeedLimit%3D2/runs/u54dzf05
wandb: wandb version 0.16.1 is available!  To upgrade, please run:
wandb:  $ pip install wandb --upgrade
wandb: Tracking run with wandb version 0.14.2
wandb: Run data is saved locally in /nas/ucb/mason/ethically-compliant-rl/wandb/run-20231229_193028-eej0s5yl
wandb: Run `wandb offline` to turn off syncing.
wandb: Syncing run jolly-flower-49
wandb: ⭐️ View project at https://wandb.ai/ecrl/New-PPOL-NoMultipiler-SpeedLimit%3D2
wandb: 🚀 View run at https://wandb.ai/ecrl/New-PPOL-NoMultipiler-SpeedLimit%3D2/runs/eej0s5yl
Using cpu device
----------------------------------
| rollout/           |           |
|    ep_len_mean     | 1e+03     |
|    ep_rew_mean     | -1.25e+03 |
| time/              |           |
|    fps             | 119       |
|    iterations      | 1         |
|    time_elapsed    | 17        |
|    total_timesteps | 2048      |
----------------------------------
/nas/ucb/mason/ethically-compliant-rl/.venv/lib/python3.9/site-packages/numpy/core/fromnumeric.py:3464: RuntimeWarning: Mean of empty slice.
  return _methods._mean(a, axis=axis, dtype=dtype,
/nas/ucb/mason/ethically-compliant-rl/.venv/lib/python3.9/site-packages/numpy/core/_methods.py:192: RuntimeWarning: invalid value encountered in scalar divide
  ret = ret.dtype.type(ret / rcount)
Using cpu device
----------------------------------
| rollout/           |           |
|    ep_len_mean     | 1e+03     |
|    ep_rew_mean     | -1.07e+03 |
| time/              |           |
|    fps             | 107       |
|    iterations      | 1         |
|    time_elapsed    | 19        |
|    total_timesteps | 2048      |
----------------------------------
/nas/ucb/mason/ethically-compliant-rl/.venv/lib/python3.9/site-packages/numpy/core/fromnumeric.py:3464: RuntimeWarning: Mean of empty slice.
  return _methods._mean(a, axis=axis, dtype=dtype,
/nas/ucb/mason/ethically-compliant-rl/.venv/lib/python3.9/site-packages/numpy/core/_methods.py:192: RuntimeWarning: invalid value encountered in scalar divide
  ret = ret.dtype.type(ret / rcount)
Using cpu device
---------------------------------
| rollout/           |          |
|    ep_len_mean     | 1e+03    |
|    ep_rew_mean     | -1.3e+03 |
| time/              |          |
|    fps             | 106      |
|    iterations      | 1        |
|    time_elapsed    | 19       |
|    total_timesteps | 2048     |
---------------------------------
/nas/ucb/mason/ethically-compliant-rl/.venv/lib/python3.9/site-packages/numpy/core/fromnumeric.py:3464: RuntimeWarning: Mean of empty slice.
  return _methods._mean(a, axis=axis, dtype=dtype,
/nas/ucb/mason/ethically-compliant-rl/.venv/lib/python3.9/site-packages/numpy/core/_methods.py:192: RuntimeWarning: invalid value encountered in scalar divide
  ret = ret.dtype.type(ret / rcount)
Using cpu device
----------------------------------
| rollout/           |           |
|    ep_len_mean     | 1e+03     |
|    ep_rew_mean     | -1.26e+03 |
| time/              |           |
|    fps             | 105       |
|    iterations      | 1         |
|    time_elapsed    | 19        |
|    total_timesteps | 2048      |
----------------------------------
/nas/ucb/mason/ethically-compliant-rl/.venv/lib/python3.9/site-packages/numpy/core/fromnumeric.py:3464: RuntimeWarning: Mean of empty slice.
  return _methods._mean(a, axis=axis, dtype=dtype,
/nas/ucb/mason/ethically-compliant-rl/.venv/lib/python3.9/site-packages/numpy/core/_methods.py:192: RuntimeWarning: invalid value encountered in scalar divide
  ret = ret.dtype.type(ret / rcount)
ENTERED
ENTERED
ENTERED
ENTERED
ENTERED
ENTERED
ENTERED
ENTERED
ENTERED
ENTERED
------------------------------------------
| rollout/                 |             |
|    ep_len_mean           | 1e+03       |
|    ep_rew_mean           | -1.23e+03   |
| time/                    |             |
|    fps                   | 117         |
|    iterations            | 2           |
|    time_elapsed          | 34          |
|    total_timesteps       | 4096        |
| train/                   |             |
|    approx_kl             | 0.004719055 |
|    clip_fraction         | 0.0186      |
|    clip_range            | 0.2         |
|    cost_returns          | 6.75        |
|    cost_value_loss       | nan         |
|    cost_values           | -0.18       |
|    entropy               | -2.83       |
|    entropy_loss          | -2.83       |
|    explained_variance    | -0.00648    |
|    lagrangian_multiplier | 0           |
|    learning_rate         | 0.0003      |
|    loss                  | 288         |
|    n_updates             | 10          |
|    policy_gradient_loss  | -0.00492    |
|    std                   | 0.998       |
|    value_loss            | 573         |
------------------------------------------
/nas/ucb/mason/ethically-compliant-rl/.venv/lib/python3.9/site-packages/numpy/core/fromnumeric.py:3464: RuntimeWarning: Mean of empty slice.
  return _methods._mean(a, axis=axis, dtype=dtype,
/nas/ucb/mason/ethically-compliant-rl/.venv/lib/python3.9/site-packages/numpy/core/_methods.py:192: RuntimeWarning: invalid value encountered in scalar divide
  ret = ret.dtype.type(ret / rcount)
ENTERED
ENTERED
ENTERED
ENTERED
ENTERED
ENTERED
ENTERED
ENTERED
ENTERED
ENTERED
-------------------------------------------
| rollout/                 |              |
|    ep_len_mean           | 1e+03        |
|    ep_rew_mean           | -1.17e+03    |
| time/                    |              |
|    fps                   | 106          |
|    iterations            | 2            |
|    time_elapsed          | 38           |
|    total_timesteps       | 4096         |
| train/                   |              |
|    approx_kl             | 0.0046913205 |
|    clip_fraction         | 0.0204       |
|    clip_range            | 0.2          |
|    cost_returns          | 7.28         |
|    cost_value_loss       | nan          |
|    cost_values           | 0.295        |
|    entropy               | -2.83        |
|    entropy_loss          | -2.83        |
|    explained_variance    | 0.0234       |
|    lagrangian_multiplier | 0            |
|    learning_rate         | 0.0003       |
|    loss                  | 252          |
|    n_updates             | 10           |
|    policy_gradient_loss  | -0.00337     |
|    std                   | 0.996        |
|    value_loss            | 498          |
-------------------------------------------
ENTERED
ENTERED
ENTERED
ENTERED
ENTERED
ENTERED
ENTERED
ENTERED
ENTERED
ENTERED
------------------------------------------
| rollout/                 |             |
|    ep_len_mean           | 1e+03       |
|    ep_rew_mean           | -1.25e+03   |
| time/                    |             |
|    fps                   | 105         |
|    iterations            | 2           |
|    time_elapsed          | 38          |
|    total_timesteps       | 4096        |
| train/                   |             |
|    approx_kl             | 0.003978341 |
|    clip_fraction         | 0.00801     |
|    clip_range            | 0.2         |
|    cost_returns          | 7.4         |
|    cost_value_loss       | nan         |
|    cost_values           | 0.0361      |
|    entropy               | -2.84       |
|    entropy_loss          | -2.84       |
|    explained_variance    | 0.00743     |
|    lagrangian_multiplier | 0           |
|    learning_rate         | 0.0003      |
|    loss                  | 184         |
|    n_updates             | 10          |
|    policy_gradient_loss  | -0.00369    |
|    std                   | 0.999       |
|    value_loss            | 374         |
------------------------------------------
/nas/ucb/mason/ethically-compliant-rl/.venv/lib/python3.9/site-packages/numpy/core/fromnumeric.py:3464: RuntimeWarning: Mean of empty slice.
  return _methods._mean(a, axis=axis, dtype=dtype,
/nas/ucb/mason/ethically-compliant-rl/.venv/lib/python3.9/site-packages/numpy/core/_methods.py:192: RuntimeWarning: invalid value encountered in scalar divide
  ret = ret.dtype.type(ret / rcount)
/nas/ucb/mason/ethically-compliant-rl/.venv/lib/python3.9/site-packages/numpy/core/fromnumeric.py:3464: RuntimeWarning: Mean of empty slice.
  return _methods._mean(a, axis=axis, dtype=dtype,
/nas/ucb/mason/ethically-compliant-rl/.venv/lib/python3.9/site-packages/numpy/core/_methods.py:192: RuntimeWarning: invalid value encountered in scalar divide
  ret = ret.dtype.type(ret / rcount)
ENTERED
ENTERED
ENTERED
ENTERED
ENTERED
ENTERED
ENTERED
ENTERED
ENTERED
ENTERED
--------------------------------------------
| rollout/                 |               |
|    ep_len_mean           | 1e+03         |
|    ep_rew_mean           | -1.22e+03     |
| time/                    |               |
|    fps                   | 101           |
|    iterations            | 2             |
|    time_elapsed          | 40            |
|    total_timesteps       | 4096          |
| train/                   |               |
|    approx_kl             | 0.00087093655 |
|    clip_fraction         | 0             |
|    clip_range            | 0.2           |
|    cost_returns          | 7.37          |
|    cost_value_loss       | nan           |
|    cost_values           | 0.0356        |
|    entropy               | -2.83         |
|    entropy_loss          | -2.83         |
|    explained_variance    | -0.0329       |
|    lagrangian_multiplier | 0             |
|    learning_rate         | 0.0003        |
|    loss                  | 249           |
|    n_updates             | 10            |
|    policy_gradient_loss  | -0.00135      |
|    std                   | 0.993         |
|    value_loss            | 496           |
--------------------------------------------
/nas/ucb/mason/ethically-compliant-rl/.venv/lib/python3.9/site-packages/numpy/core/fromnumeric.py:3464: RuntimeWarning: Mean of empty slice.
  return _methods._mean(a, axis=axis, dtype=dtype,
/nas/ucb/mason/ethically-compliant-rl/.venv/lib/python3.9/site-packages/numpy/core/_methods.py:192: RuntimeWarning: invalid value encountered in scalar divide
  ret = ret.dtype.type(ret / rcount)
ENTERED
ENTERED
ENTERED
ENTERED
ENTERED
ENTERED
ENTERED
ENTERED
ENTERED
ENTERED
------------------------------------------
| rollout/                 |             |
|    ep_len_mean           | 1e+03       |
|    ep_rew_mean           | -1.42e+03   |
| time/                    |             |
|    fps                   | 116         |
|    iterations            | 3           |
|    time_elapsed          | 52          |
|    total_timesteps       | 6144        |
| train/                   |             |
|    approx_kl             | 0.004956555 |
|    clip_fraction         | 0.0302      |
|    clip_range            | 0.2         |
|    cost_returns          | 9.45        |
|    cost_value_loss       | nan         |
|    cost_values           | 0.046       |
|    entropy               | -2.84       |
|    entropy_loss          | -2.83       |
|    explained_variance    | -0.0183     |
|    lagrangian_multiplier | 0           |
|    learning_rate         | 0.0003      |
|    loss                  | 232         |
|    n_updates             | 20          |
|    policy_gradient_loss  | -0.00364    |
|    std                   | 1           |
|    value_loss            | 465         |
------------------------------------------
/nas/ucb/mason/ethically-compliant-rl/.venv/lib/python3.9/site-packages/numpy/core/fromnumeric.py:3464: RuntimeWarning: Mean of empty slice.
  return _methods._mean(a, axis=axis, dtype=dtype,
/nas/ucb/mason/ethically-compliant-rl/.venv/lib/python3.9/site-packages/numpy/core/_methods.py:192: RuntimeWarning: invalid value encountered in scalar divide
  ret = ret.dtype.type(ret / rcount)
ENTERED
ENTERED
ENTERED
ENTERED
ENTERED
ENTERED
ENTERED
ENTERED
ENTERED
ENTERED
-------------------------------------------
| rollout/                 |              |
|    ep_len_mean           | 1e+03        |
|    ep_rew_mean           | -1.31e+03    |
| time/                    |              |
|    fps                   | 105          |
|    iterations            | 3            |
|    time_elapsed          | 58           |
|    total_timesteps       | 6144         |
| train/                   |              |
|    approx_kl             | 0.0026110727 |
|    clip_fraction         | 0.00459      |
|    clip_range            | 0.2          |
|    cost_returns          | 8.44         |
|    cost_value_loss       | nan          |
|    cost_values           | 0.0585       |
|    entropy               | -2.82        |
|    entropy_loss          | -2.82        |
|    explained_variance    | -0.0581      |
|    lagrangian_multiplier | 0            |
|    learning_rate         | 0.0003       |
|    loss                  | 164          |
|    n_updates             | 20           |
|    policy_gradient_loss  | -0.00208     |
|    std                   | 0.99         |
|    value_loss            | 328          |
-------------------------------------------
ENTERED
ENTERED
ENTERED
ENTERED
ENTERED
ENTERED
ENTERED
ENTERED
ENTERED
ENTERED
------------------------------------------
| rollout/                 |             |
|    ep_len_mean           | 1e+03       |
|    ep_rew_mean           | -1.37e+03   |
| time/                    |             |
|    fps                   | 104         |
|    iterations            | 3           |
|    time_elapsed          | 58          |
|    total_timesteps       | 6144        |
| train/                   |             |
|    approx_kl             | 0.005425362 |
|    clip_fraction         | 0.0227      |
|    clip_range            | 0.2         |
|    cost_returns          | 10.1        |
|    cost_value_loss       | nan         |
|    cost_values           | 0.0926      |
|    entropy               | -2.84       |
|    entropy_loss          | -2.83       |
|    explained_variance    | 0.0154      |
|    lagrangian_multiplier | 0           |
|    learning_rate         | 0.0003      |
|    loss                  | 309         |
|    n_updates             | 20          |
|    policy_gradient_loss  | -0.00411    |
|    std                   | 0.999       |
|    value_loss            | 650         |
------------------------------------------
/nas/ucb/mason/ethically-compliant-rl/.venv/lib/python3.9/site-packages/numpy/core/fromnumeric.py:3464: RuntimeWarning: Mean of empty slice.
  return _methods._mean(a, axis=axis, dtype=dtype,
/nas/ucb/mason/ethically-compliant-rl/.venv/lib/python3.9/site-packages/numpy/core/_methods.py:192: RuntimeWarning: invalid value encountered in scalar divide
  ret = ret.dtype.type(ret / rcount)
/nas/ucb/mason/ethically-compliant-rl/.venv/lib/python3.9/site-packages/numpy/core/fromnumeric.py:3464: RuntimeWarning: Mean of empty slice.
  return _methods._mean(a, axis=axis, dtype=dtype,
/nas/ucb/mason/ethically-compliant-rl/.venv/lib/python3.9/site-packages/numpy/core/_methods.py:192: RuntimeWarning: invalid value encountered in scalar divide
  ret = ret.dtype.type(ret / rcount)
ENTERED
ENTERED
ENTERED
ENTERED
ENTERED
ENTERED
ENTERED
ENTERED
ENTERED
ENTERED
------------------------------------------
| rollout/                 |             |
|    ep_len_mean           | 865         |
|    ep_rew_mean           | -1.04e+03   |
| time/                    |             |
|    fps                   | 101         |
|    iterations            | 3           |
|    time_elapsed          | 60          |
|    total_timesteps       | 6144        |
| train/                   |             |
|    approx_kl             | 0.004202217 |
|    clip_fraction         | 0.011       |
|    clip_range            | 0.2         |
|    cost_returns          | 3.3         |
|    cost_value_loss       | nan         |
|    cost_values           | 0.0229      |
|    entropy               | -2.83       |
|    entropy_loss          | -2.82       |
|    explained_variance    | -0.025      |
|    lagrangian_multiplier | 0           |
|    learning_rate         | 0.0003      |
|    loss                  | 240         |
|    n_updates             | 20          |
|    policy_gradient_loss  | -0.00235    |
|    std                   | 0.995       |
|    value_loss            | 467         |
------------------------------------------
/nas/ucb/mason/ethically-compliant-rl/.venv/lib/python3.9/site-packages/numpy/core/fromnumeric.py:3464: RuntimeWarning: Mean of empty slice.
  return _methods._mean(a, axis=axis, dtype=dtype,
/nas/ucb/mason/ethically-compliant-rl/.venv/lib/python3.9/site-packages/numpy/core/_methods.py:192: RuntimeWarning: invalid value encountered in scalar divide
  ret = ret.dtype.type(ret / rcount)
ENTERED
ENTERED
ENTERED
ENTERED
ENTERED
ENTERED
ENTERED
ENTERED
ENTERED
ENTERED
-------------------------------------------
| rollout/                 |              |
|    ep_len_mean           | 1e+03        |
|    ep_rew_mean           | -1.32e+03    |
| time/                    |              |
|    fps                   | 115          |
|    iterations            | 4            |
|    time_elapsed          | 70           |
|    total_timesteps       | 8192         |
| train/                   |              |
|    approx_kl             | 0.0041003157 |
|    clip_fraction         | 0.0143       |
|    clip_range            | 0.2          |
|    cost_returns          | 12.2         |
|    cost_value_loss       | nan          |
|    cost_values           | 0.16         |
|    entropy               | -2.84        |
|    entropy_loss          | -2.84        |
|    explained_variance    | -0.00624     |
|    lagrangian_multiplier | 0            |
|    learning_rate         | 0.0003       |
|    loss                  | 581          |
|    n_updates             | 30           |
|    policy_gradient_loss  | -0.00311     |
|    std                   | 1            |
|    value_loss            | 1.11e+03     |
-------------------------------------------
/nas/ucb/mason/ethically-compliant-rl/.venv/lib/python3.9/site-packages/numpy/core/fromnumeric.py:3464: RuntimeWarning: Mean of empty slice.
  return _methods._mean(a, axis=axis, dtype=dtype,
/nas/ucb/mason/ethically-compliant-rl/.venv/lib/python3.9/site-packages/numpy/core/_methods.py:192: RuntimeWarning: invalid value encountered in scalar divide
  ret = ret.dtype.type(ret / rcount)
ENTERED
ENTERED
ENTERED
ENTERED
ENTERED
ENTERED
ENTERED
ENTERED
ENTERED
ENTERED
------------------------------------------
| rollout/                 |             |
|    ep_len_mean           | 1e+03       |
|    ep_rew_mean           | -1.36e+03   |
| time/                    |             |
|    fps                   | 104         |
|    iterations            | 4           |
|    time_elapsed          | 78          |
|    total_timesteps       | 8192        |
| train/                   |             |
|    approx_kl             | 0.005497286 |
|    clip_fraction         | 0.0225      |
|    clip_range            | 0.2         |
|    cost_returns          | 12          |
|    cost_value_loss       | nan         |
|    cost_values           | 0.127       |
|    entropy               | -2.82       |
|    entropy_loss          | -2.82       |
|    explained_variance    | -0.039      |
|    lagrangian_multiplier | 0           |
|    learning_rate         | 0.0003      |
|    loss                  | 402         |
|    n_updates             | 30          |
|    policy_gradient_loss  | -0.00313    |
|    std                   | 0.993       |
|    value_loss            | 816         |
------------------------------------------
ENTERED
ENTERED
ENTERED
ENTERED
ENTERED
ENTERED
ENTERED
ENTERED
ENTERED
ENTERED
-------------------------------------------
| rollout/                 |              |
|    ep_len_mean           | 1e+03        |
|    ep_rew_mean           | -1.25e+03    |
| time/                    |              |
|    fps                   | 104          |
|    iterations            | 4            |
|    time_elapsed          | 78           |
|    total_timesteps       | 8192         |
| train/                   |              |
|    approx_kl             | 0.0067275427 |
|    clip_fraction         | 0.0346       |
|    clip_range            | 0.2          |
|    cost_returns          | 7.33         |
|    cost_value_loss       | nan          |
|    cost_values           | -0.209       |
|    entropy               | -2.84        |
|    entropy_loss          | -2.84        |
|    explained_variance    | -0.0259      |
|    lagrangian_multiplier | 0            |
|    learning_rate         | 0.0003       |
|    loss                  | 379          |
|    n_updates             | 30           |
|    policy_gradient_loss  | -0.00362     |
|    std                   | 1            |
|    value_loss            | 781          |
-------------------------------------------
/nas/ucb/mason/ethically-compliant-rl/.venv/lib/python3.9/site-packages/numpy/core/fromnumeric.py:3464: RuntimeWarning: Mean of empty slice.
  return _methods._mean(a, axis=axis, dtype=dtype,
/nas/ucb/mason/ethically-compliant-rl/.venv/lib/python3.9/site-packages/numpy/core/_methods.py:192: RuntimeWarning: invalid value encountered in scalar divide
  ret = ret.dtype.type(ret / rcount)
/nas/ucb/mason/ethically-compliant-rl/.venv/lib/python3.9/site-packages/numpy/core/fromnumeric.py:3464: RuntimeWarning: Mean of empty slice.
  return _methods._mean(a, axis=axis, dtype=dtype,
/nas/ucb/mason/ethically-compliant-rl/.venv/lib/python3.9/site-packages/numpy/core/_methods.py:192: RuntimeWarning: invalid value encountered in scalar divide
  ret = ret.dtype.type(ret / rcount)
ENTERED
ENTERED
ENTERED
ENTERED
ENTERED
ENTERED
ENTERED
ENTERED
ENTERED
ENTERED
-------------------------------------------
| rollout/                 |              |
|    ep_len_mean           | 896          |
|    ep_rew_mean           | -1.21e+03    |
| time/                    |              |
|    fps                   | 102          |
|    iterations            | 4            |
|    time_elapsed          | 80           |
|    total_timesteps       | 8192         |
| train/                   |              |
|    approx_kl             | 0.0029000957 |
|    clip_fraction         | 0.0143       |
|    clip_range            | 0.2          |
|    cost_returns          | 3.73         |
|    cost_value_loss       | nan          |
|    cost_values           | 0.53         |
|    entropy               | -2.83        |
|    entropy_loss          | -2.83        |
|    explained_variance    | -0.0175      |
|    lagrangian_multiplier | 0            |
|    learning_rate         | 0.0003       |
|    loss                  | 222          |
|    n_updates             | 30           |
|    policy_gradient_loss  | -0.00241     |
|    std                   | 0.995        |
|    value_loss            | 446          |
-------------------------------------------
/nas/ucb/mason/ethically-compliant-rl/.venv/lib/python3.9/site-packages/numpy/core/fromnumeric.py:3464: RuntimeWarning: Mean of empty slice.
  return _methods._mean(a, axis=axis, dtype=dtype,
/nas/ucb/mason/ethically-compliant-rl/.venv/lib/python3.9/site-packages/numpy/core/_methods.py:192: RuntimeWarning: invalid value encountered in scalar divide
  ret = ret.dtype.type(ret / rcount)
ENTERED
ENTERED
ENTERED
ENTERED
ENTERED
ENTERED
ENTERED
ENTERED
ENTERED
ENTERED
------------------------------------------
| rollout/                 |             |
|    ep_len_mean           | 1e+03       |
|    ep_rew_mean           | -1.32e+03   |
| time/                    |             |
|    fps                   | 115         |
|    iterations            | 5           |
|    time_elapsed          | 88          |
|    total_timesteps       | 10240       |
| train/                   |             |
|    approx_kl             | 0.004239817 |
|    clip_fraction         | 0.0142      |
|    clip_range            | 0.2         |
|    cost_returns          | 7.16        |
|    cost_value_loss       | nan         |
|    cost_values           | -0.198      |
|    entropy               | -2.84       |
|    entropy_loss          | -2.84       |
|    explained_variance    | -0.00529    |
|    lagrangian_multiplier | 0           |
|    learning_rate         | 0.0003      |
|    loss                  | 177         |
|    n_updates             | 40          |
|    policy_gradient_loss  | -0.0034     |
|    std                   | 1           |
|    value_loss            | 388         |
------------------------------------------
/nas/ucb/mason/ethically-compliant-rl/.venv/lib/python3.9/site-packages/numpy/core/fromnumeric.py:3464: RuntimeWarning: Mean of empty slice.
  return _methods._mean(a, axis=axis, dtype=dtype,
/nas/ucb/mason/ethically-compliant-rl/.venv/lib/python3.9/site-packages/numpy/core/_methods.py:192: RuntimeWarning: invalid value encountered in scalar divide
  ret = ret.dtype.type(ret / rcount)
ENTERED
ENTERED
ENTERED
ENTERED
ENTERED
ENTERED
ENTERED
ENTERED
ENTERED
ENTERED
-------------------------------------------
| rollout/                 |              |
|    ep_len_mean           | 1e+03        |
|    ep_rew_mean           | -1.29e+03    |
| time/                    |              |
|    fps                   | 104          |
|    iterations            | 5            |
|    time_elapsed          | 97           |
|    total_timesteps       | 10240        |
| train/                   |              |
|    approx_kl             | 0.0047021206 |
|    clip_fraction         | 0.0174       |
|    clip_range            | 0.2          |
|    cost_returns          | 8.28         |
|    cost_value_loss       | nan          |
|    cost_values           | -0.134       |
|    entropy               | -2.84        |
|    entropy_loss          | -2.84        |
|    explained_variance    | -0.00593     |
|    lagrangian_multiplier | 0            |
|    learning_rate         | 0.0003       |
|    loss                  | 116          |
|    n_updates             | 40           |
|    policy_gradient_loss  | -0.00418     |
|    std                   | 1            |
|    value_loss            | 227          |
-------------------------------------------
/nas/ucb/mason/ethically-compliant-rl/.venv/lib/python3.9/site-packages/numpy/core/fromnumeric.py:3464: RuntimeWarning: Mean of empty slice.
  return _methods._mean(a, axis=axis, dtype=dtype,
/nas/ucb/mason/ethically-compliant-rl/.venv/lib/python3.9/site-packages/numpy/core/_methods.py:192: RuntimeWarning: invalid value encountered in scalar divide
  ret = ret.dtype.type(ret / rcount)
ENTERED
ENTERED
ENTERED
ENTERED
ENTERED
ENTERED
ENTERED
ENTERED
ENTERED
ENTERED
-------------------------------------------
| rollout/                 |              |
|    ep_len_mean           | 1e+03        |
|    ep_rew_mean           | -1.31e+03    |
| time/                    |              |
|    fps                   | 104          |
|    iterations            | 5            |
|    time_elapsed          | 97           |
|    total_timesteps       | 10240        |
| train/                   |              |
|    approx_kl             | 0.0050829677 |
|    clip_fraction         | 0.0161       |
|    clip_range            | 0.2          |
|    cost_returns          | 9.3          |
|    cost_value_loss       | nan          |
|    cost_values           | -0.043       |
|    entropy               | -2.83        |
|    entropy_loss          | -2.83        |
|    explained_variance    | -0.0116      |
|    lagrangian_multiplier | 0            |
|    learning_rate         | 0.0003       |
|    loss                  | 432          |
|    n_updates             | 40           |
|    policy_gradient_loss  | -0.00343     |
|    std                   | 0.995        |
|    value_loss            | 862          |
-------------------------------------------
/nas/ucb/mason/ethically-compliant-rl/.venv/lib/python3.9/site-packages/numpy/core/fromnumeric.py:3464: RuntimeWarning: Mean of empty slice.
  return _methods._mean(a, axis=axis, dtype=dtype,
/nas/ucb/mason/ethically-compliant-rl/.venv/lib/python3.9/site-packages/numpy/core/_methods.py:192: RuntimeWarning: invalid value encountered in scalar divide
  ret = ret.dtype.type(ret / rcount)
ENTERED
ENTERED
ENTERED
ENTERED
ENTERED
ENTERED
ENTERED
ENTERED
ENTERED
ENTERED
------------------------------------------
| rollout/                 |             |
|    ep_len_mean           | 915         |
|    ep_rew_mean           | -1.23e+03   |
| time/                    |             |
|    fps                   | 102         |
|    iterations            | 5           |
|    time_elapsed          | 100         |
|    total_timesteps       | 10240       |
| train/                   |             |
|    approx_kl             | 0.006216437 |
|    clip_fraction         | 0.0415      |
|    clip_range            | 0.2         |
|    cost_returns          | 14.6        |
|    cost_value_loss       | nan         |
|    cost_values           | 0.1         |
|    entropy               | -2.82       |
|    entropy_loss          | -2.83       |
|    explained_variance    | -0.0113     |
|    lagrangian_multiplier | 0           |
|    learning_rate         | 0.0003      |
|    loss                  | 520         |
|    n_updates             | 40          |
|    policy_gradient_loss  | -0.00504    |
|    std                   | 0.992       |
|    value_loss            | 1.05e+03    |
------------------------------------------
/nas/ucb/mason/ethically-compliant-rl/.venv/lib/python3.9/site-packages/numpy/core/fromnumeric.py:3464: RuntimeWarning: Mean of empty slice.
  return _methods._mean(a, axis=axis, dtype=dtype,
/nas/ucb/mason/ethically-compliant-rl/.venv/lib/python3.9/site-packages/numpy/core/_methods.py:192: RuntimeWarning: invalid value encountered in scalar divide
  ret = ret.dtype.type(ret / rcount)
ENTERED
ENTERED
ENTERED
ENTERED
ENTERED
ENTERED
ENTERED
ENTERED
ENTERED
ENTERED
-------------------------------------------
| rollout/                 |              |
|    ep_len_mean           | 1e+03        |
|    ep_rew_mean           | -1.38e+03    |
| time/                    |              |
|    fps                   | 114          |
|    iterations            | 6            |
|    time_elapsed          | 107          |
|    total_timesteps       | 12288        |
| train/                   |              |
|    approx_kl             | 0.0036019757 |
|    clip_fraction         | 0.00947      |
|    clip_range            | 0.2          |
|    cost_returns          | 9.95         |
|    cost_value_loss       | nan          |
|    cost_values           | -0.145       |
|    entropy               | -2.83        |
|    entropy_loss          | -2.84        |
|    explained_variance    | 0.041        |
|    lagrangian_multiplier | 0            |
|    learning_rate         | 0.0003       |
|    loss                  | 280          |
|    n_updates             | 50           |
|    policy_gradient_loss  | -0.00268     |
|    std                   | 0.997        |
|    value_loss            | 563          |
-------------------------------------------
/nas/ucb/mason/ethically-compliant-rl/.venv/lib/python3.9/site-packages/numpy/core/fromnumeric.py:3464: RuntimeWarning: Mean of empty slice.
  return _methods._mean(a, axis=axis, dtype=dtype,
/nas/ucb/mason/ethically-compliant-rl/.venv/lib/python3.9/site-packages/numpy/core/_methods.py:192: RuntimeWarning: invalid value encountered in scalar divide
  ret = ret.dtype.type(ret / rcount)
ENTERED
ENTERED
ENTERED
ENTERED
ENTERED
ENTERED
ENTERED
ENTERED
ENTERED
ENTERED
------------------------------------------
| rollout/                 |             |
|    ep_len_mean           | 1e+03       |
|    ep_rew_mean           | -1.28e+03   |
| time/                    |             |
|    fps                   | 105         |
|    iterations            | 6           |
|    time_elapsed          | 116         |
|    total_timesteps       | 12288       |
| train/                   |             |
|    approx_kl             | 0.004816537 |
|    clip_fraction         | 0.0137      |
|    clip_range            | 0.2         |
|    cost_returns          | 12.1        |
|    cost_value_loss       | nan         |
|    cost_values           | 0.212       |
|    entropy               | -2.84       |
|    entropy_loss          | -2.84       |
|    explained_variance    | 0.000212    |
|    lagrangian_multiplier | 0           |
|    learning_rate         | 0.0003      |
|    loss                  | 312         |
|    n_updates             | 50          |
|    policy_gradient_loss  | -0.00291    |
|    std                   | 1           |
|    value_loss            | 658         |
------------------------------------------
/nas/ucb/mason/ethically-compliant-rl/.venv/lib/python3.9/site-packages/numpy/core/fromnumeric.py:3464: RuntimeWarning: Mean of empty slice.
  return _methods._mean(a, axis=axis, dtype=dtype,
/nas/ucb/mason/ethically-compliant-rl/.venv/lib/python3.9/site-packages/numpy/core/_methods.py:192: RuntimeWarning: invalid value encountered in scalar divide
  ret = ret.dtype.type(ret / rcount)
ENTERED
ENTERED
ENTERED
ENTERED
ENTERED
ENTERED
ENTERED
ENTERED
ENTERED
ENTERED
-------------------------------------------
| rollout/                 |              |
|    ep_len_mean           | 1e+03        |
|    ep_rew_mean           | -1.27e+03    |
| time/                    |              |
|    fps                   | 104          |
|    iterations            | 6            |
|    time_elapsed          | 117          |
|    total_timesteps       | 12288        |
| train/                   |              |
|    approx_kl             | 0.0050718137 |
|    clip_fraction         | 0.0197       |
|    clip_range            | 0.2          |
|    cost_returns          | 10.3         |
|    cost_value_loss       | nan          |
|    cost_values           | -0.221       |
|    entropy               | -2.82        |
|    entropy_loss          | -2.83        |
|    explained_variance    | -0.0365      |
|    lagrangian_multiplier | 0            |
|    learning_rate         | 0.0003       |
|    loss                  | 191          |
|    n_updates             | 50           |
|    policy_gradient_loss  | -0.00363     |
|    std                   | 0.993        |
|    value_loss            | 378          |
-------------------------------------------
/nas/ucb/mason/ethically-compliant-rl/.venv/lib/python3.9/site-packages/numpy/core/fromnumeric.py:3464: RuntimeWarning: Mean of empty slice.
  return _methods._mean(a, axis=axis, dtype=dtype,
/nas/ucb/mason/ethically-compliant-rl/.venv/lib/python3.9/site-packages/numpy/core/_methods.py:192: RuntimeWarning: invalid value encountered in scalar divide
  ret = ret.dtype.type(ret / rcount)
ENTERED
ENTERED
ENTERED
ENTERED
ENTERED
ENTERED
ENTERED
ENTERED
ENTERED
ENTERED
-------------------------------------------
| rollout/                 |              |
|    ep_len_mean           | 928          |
|    ep_rew_mean           | -1.22e+03    |
| time/                    |              |
|    fps                   | 101          |
|    iterations            | 6            |
|    time_elapsed          | 120          |
|    total_timesteps       | 12288        |
| train/                   |              |
|    approx_kl             | 0.0055781896 |
|    clip_fraction         | 0.0228       |
|    clip_range            | 0.2          |
|    cost_returns          | 12.6         |
|    cost_value_loss       | nan          |
|    cost_values           | 0.109        |
|    entropy               | -2.81        |
|    entropy_loss          | -2.82        |
|    explained_variance    | -0.0168      |
|    lagrangian_multiplier | 0            |
|    learning_rate         | 0.0003       |
|    loss                  | 266          |
|    n_updates             | 50           |
|    policy_gradient_loss  | -0.00416     |
|    std                   | 0.987        |
|    value_loss            | 537          |
-------------------------------------------
/nas/ucb/mason/ethically-compliant-rl/.venv/lib/python3.9/site-packages/numpy/core/fromnumeric.py:3464: RuntimeWarning: Mean of empty slice.
  return _methods._mean(a, axis=axis, dtype=dtype,
/nas/ucb/mason/ethically-compliant-rl/.venv/lib/python3.9/site-packages/numpy/core/_methods.py:192: RuntimeWarning: invalid value encountered in scalar divide
  ret = ret.dtype.type(ret / rcount)
ENTERED
ENTERED
ENTERED
ENTERED
ENTERED
ENTERED
ENTERED
ENTERED
ENTERED
ENTERED
-------------------------------------------
| rollout/                 |              |
|    ep_len_mean           | 1e+03        |
|    ep_rew_mean           | -1.44e+03    |
| time/                    |              |
|    fps                   | 114          |
|    iterations            | 7            |
|    time_elapsed          | 125          |
|    total_timesteps       | 14336        |
| train/                   |              |
|    approx_kl             | 0.0063458863 |
|    clip_fraction         | 0.0286       |
|    clip_range            | 0.2          |
|    cost_returns          | 14.4         |
|    cost_value_loss       | nan          |
|    cost_values           | 0.0415       |
|    entropy               | -2.83        |
|    entropy_loss          | -2.83        |
|    explained_variance    | -8.14e-05    |
|    lagrangian_multiplier | 0            |
|    learning_rate         | 0.0003       |
|    loss                  | 437          |
|    n_updates             | 60           |
|    policy_gradient_loss  | -0.00447     |
|    std                   | 0.994        |
|    value_loss            | 889          |
-------------------------------------------
/nas/ucb/mason/ethically-compliant-rl/.venv/lib/python3.9/site-packages/numpy/core/fromnumeric.py:3464: RuntimeWarning: Mean of empty slice.
  return _methods._mean(a, axis=axis, dtype=dtype,
/nas/ucb/mason/ethically-compliant-rl/.venv/lib/python3.9/site-packages/numpy/core/_methods.py:192: RuntimeWarning: invalid value encountered in scalar divide
  ret = ret.dtype.type(ret / rcount)
ENTERED
ENTERED
ENTERED
ENTERED
ENTERED
ENTERED
ENTERED
ENTERED
ENTERED
ENTERED
------------------------------------------
| rollout/                 |             |
|    ep_len_mean           | 1e+03       |
|    ep_rew_mean           | -1.3e+03    |
| time/                    |             |
|    fps                   | 105         |
|    iterations            | 7           |
|    time_elapsed          | 135         |
|    total_timesteps       | 14336       |
| train/                   |             |
|    approx_kl             | 0.006141711 |
|    clip_fraction         | 0.0305      |
|    clip_range            | 0.2         |
|    cost_returns          | 10.8        |
|    cost_value_loss       | nan         |
|    cost_values           | 0.0701      |
|    entropy               | -2.85       |
|    entropy_loss          | -2.85       |
|    explained_variance    | 0.0378      |
|    lagrangian_multiplier | 0           |
|    learning_rate         | 0.0003      |
|    loss                  | 228         |
|    n_updates             | 60          |
|    policy_gradient_loss  | -0.00434    |
|    std                   | 1.01        |
|    value_loss            | 477         |
------------------------------------------
/nas/ucb/mason/ethically-compliant-rl/.venv/lib/python3.9/site-packages/numpy/core/fromnumeric.py:3464: RuntimeWarning: Mean of empty slice.
  return _methods._mean(a, axis=axis, dtype=dtype,
/nas/ucb/mason/ethically-compliant-rl/.venv/lib/python3.9/site-packages/numpy/core/_methods.py:192: RuntimeWarning: invalid value encountered in scalar divide
  ret = ret.dtype.type(ret / rcount)
ENTERED
ENTERED
ENTERED
ENTERED
ENTERED
ENTERED
ENTERED
ENTERED
ENTERED
ENTERED
-------------------------------------------
| rollout/                 |              |
|    ep_len_mean           | 1e+03        |
|    ep_rew_mean           | -1.32e+03    |
| time/                    |              |
|    fps                   | 104          |
|    iterations            | 7            |
|    time_elapsed          | 136          |
|    total_timesteps       | 14336        |
| train/                   |              |
|    approx_kl             | 0.0066962466 |
|    clip_fraction         | 0.0268       |
|    clip_range            | 0.2          |
|    cost_returns          | 2.52         |
|    cost_value_loss       | nan          |
|    cost_values           | -0.111       |
|    entropy               | -2.82        |
|    entropy_loss          | -2.82        |
|    explained_variance    | -0.0419      |
|    lagrangian_multiplier | 0            |
|    learning_rate         | 0.0003       |
|    loss                  | 190          |
|    n_updates             | 60           |
|    policy_gradient_loss  | -0.00499     |
|    std                   | 0.992        |
|    value_loss            | 391          |
-------------------------------------------
/nas/ucb/mason/ethically-compliant-rl/.venv/lib/python3.9/site-packages/numpy/core/fromnumeric.py:3464: RuntimeWarning: Mean of empty slice.
  return _methods._mean(a, axis=axis, dtype=dtype,
/nas/ucb/mason/ethically-compliant-rl/.venv/lib/python3.9/site-packages/numpy/core/_methods.py:192: RuntimeWarning: invalid value encountered in scalar divide
  ret = ret.dtype.type(ret / rcount)
ENTERED
ENTERED
ENTERED
ENTERED
ENTERED
ENTERED
ENTERED
ENTERED
ENTERED
ENTERED
-------------------------------------------
| rollout/                 |              |
|    ep_len_mean           | 938          |
|    ep_rew_mean           | -1.26e+03    |
| time/                    |              |
|    fps                   | 101          |
|    iterations            | 7            |
|    time_elapsed          | 141          |
|    total_timesteps       | 14336        |
| train/                   |              |
|    approx_kl             | 0.0062381746 |
|    clip_fraction         | 0.0371       |
|    clip_range            | 0.2          |
|    cost_returns          | 7.53         |
|    cost_value_loss       | nan          |
|    cost_values           | 0.0122       |
|    entropy               | -2.82        |
|    entropy_loss          | -2.81        |
|    explained_variance    | 0.00701      |
|    lagrangian_multiplier | 0            |
|    learning_rate         | 0.0003       |
|    loss                  | 213          |
|    n_updates             | 60           |
|    policy_gradient_loss  | -0.00508     |
|    std                   | 0.989        |
|    value_loss            | 421          |
-------------------------------------------
/nas/ucb/mason/ethically-compliant-rl/.venv/lib/python3.9/site-packages/numpy/core/fromnumeric.py:3464: RuntimeWarning: Mean of empty slice.
  return _methods._mean(a, axis=axis, dtype=dtype,
/nas/ucb/mason/ethically-compliant-rl/.venv/lib/python3.9/site-packages/numpy/core/_methods.py:192: RuntimeWarning: invalid value encountered in scalar divide
  ret = ret.dtype.type(ret / rcount)
ENTERED
ENTERED
ENTERED
ENTERED
ENTERED
ENTERED
ENTERED
ENTERED
ENTERED
ENTERED
-------------------------------------------
| rollout/                 |              |
|    ep_len_mean           | 1e+03        |
|    ep_rew_mean           | -1.4e+03     |
| time/                    |              |
|    fps                   | 114          |
|    iterations            | 8            |
|    time_elapsed          | 143          |
|    total_timesteps       | 16384        |
| train/                   |              |
|    approx_kl             | 0.0029941206 |
|    clip_fraction         | 0.0062       |
|    clip_range            | 0.2          |
|    cost_returns          | 8.42         |
|    cost_value_loss       | nan          |
|    cost_values           | 0.0629       |
|    entropy               | -2.83        |
|    entropy_loss          | -2.83        |
|    explained_variance    | 0.0557       |
|    lagrangian_multiplier | 0            |
|    learning_rate         | 0.0003       |
|    loss                  | 483          |
|    n_updates             | 70           |
|    policy_gradient_loss  | -0.00218     |
|    std                   | 0.994        |
|    value_loss            | 996          |
-------------------------------------------
/nas/ucb/mason/ethically-compliant-rl/.venv/lib/python3.9/site-packages/numpy/core/fromnumeric.py:3464: RuntimeWarning: Mean of empty slice.
  return _methods._mean(a, axis=axis, dtype=dtype,
/nas/ucb/mason/ethically-compliant-rl/.venv/lib/python3.9/site-packages/numpy/core/_methods.py:192: RuntimeWarning: invalid value encountered in scalar divide
  ret = ret.dtype.type(ret / rcount)
ENTERED
ENTERED
ENTERED
ENTERED
ENTERED
ENTERED
ENTERED
ENTERED
ENTERED
ENTERED
------------------------------------------
| rollout/                 |             |
|    ep_len_mean           | 1e+03       |
|    ep_rew_mean           | -1.29e+03   |
| time/                    |             |
|    fps                   | 105         |
|    iterations            | 8           |
|    time_elapsed          | 154         |
|    total_timesteps       | 16384       |
| train/                   |             |
|    approx_kl             | 0.005363813 |
|    clip_fraction         | 0.0407      |
|    clip_range            | 0.2         |
|    cost_returns          | 11.1        |
|    cost_value_loss       | nan         |
|    cost_values           | 0.334       |
|    entropy               | -2.85       |
|    entropy_loss          | -2.85       |
|    explained_variance    | 0.00771     |
|    lagrangian_multiplier | 0           |
|    learning_rate         | 0.0003      |
|    loss                  | 317         |
|    n_updates             | 70          |
|    policy_gradient_loss  | -0.00656    |
|    std                   | 1.01        |
|    value_loss            | 650         |
------------------------------------------
/nas/ucb/mason/ethically-compliant-rl/.venv/lib/python3.9/site-packages/numpy/core/fromnumeric.py:3464: RuntimeWarning: Mean of empty slice.
  return _methods._mean(a, axis=axis, dtype=dtype,
/nas/ucb/mason/ethically-compliant-rl/.venv/lib/python3.9/site-packages/numpy/core/_methods.py:192: RuntimeWarning: invalid value encountered in scalar divide
  ret = ret.dtype.type(ret / rcount)
ENTERED
ENTERED
ENTERED
ENTERED
ENTERED
ENTERED
ENTERED
ENTERED
ENTERED
ENTERED
-------------------------------------------
| rollout/                 |              |
|    ep_len_mean           | 1e+03        |
|    ep_rew_mean           | -1.36e+03    |
| time/                    |              |
|    fps                   | 105          |
|    iterations            | 8            |
|    time_elapsed          | 155          |
|    total_timesteps       | 16384        |
| train/                   |              |
|    approx_kl             | 0.0025568525 |
|    clip_fraction         | 0.0022       |
|    clip_range            | 0.2          |
|    cost_returns          | 4.02         |
|    cost_value_loss       | nan          |
|    cost_values           | 0.597        |
|    entropy               | -2.81        |
|    entropy_loss          | -2.82        |
|    explained_variance    | 0.0096       |
|    lagrangian_multiplier | 0            |
|    learning_rate         | 0.0003       |
|    loss                  | 364          |
|    n_updates             | 70           |
|    policy_gradient_loss  | -0.000849    |
|    std                   | 0.988        |
|    value_loss            | 737          |
-------------------------------------------
/nas/ucb/mason/ethically-compliant-rl/.venv/lib/python3.9/site-packages/numpy/core/fromnumeric.py:3464: RuntimeWarning: Mean of empty slice.
  return _methods._mean(a, axis=axis, dtype=dtype,
/nas/ucb/mason/ethically-compliant-rl/.venv/lib/python3.9/site-packages/numpy/core/_methods.py:192: RuntimeWarning: invalid value encountered in scalar divide
  ret = ret.dtype.type(ret / rcount)
ENTERED
ENTERED
ENTERED
ENTERED
ENTERED
ENTERED
ENTERED
ENTERED
ENTERED
ENTERED
-------------------------------------------
| rollout/                 |              |
|    ep_len_mean           | 1e+03        |
|    ep_rew_mean           | -1.42e+03    |
| time/                    |              |
|    fps                   | 114          |
|    iterations            | 9            |
|    time_elapsed          | 161          |
|    total_timesteps       | 18432        |
| train/                   |              |
|    approx_kl             | 0.0034273756 |
|    clip_fraction         | 0.00693      |
|    clip_range            | 0.2          |
|    cost_returns          | 6.33         |
|    cost_value_loss       | nan          |
|    cost_values           | 0.0395       |
|    entropy               | -2.82        |
|    entropy_loss          | -2.82        |
|    explained_variance    | 0.032        |
|    lagrangian_multiplier | 0            |
|    learning_rate         | 0.0003       |
|    loss                  | 204          |
|    n_updates             | 80           |
|    policy_gradient_loss  | -0.00223     |
|    std                   | 0.99         |
|    value_loss            | 398          |
-------------------------------------------
/nas/ucb/mason/ethically-compliant-rl/.venv/lib/python3.9/site-packages/numpy/core/fromnumeric.py:3464: RuntimeWarning: Mean of empty slice.
  return _methods._mean(a, axis=axis, dtype=dtype,
/nas/ucb/mason/ethically-compliant-rl/.venv/lib/python3.9/site-packages/numpy/core/_methods.py:192: RuntimeWarning: invalid value encountered in scalar divide
  ret = ret.dtype.type(ret / rcount)
ENTERED
ENTERED
ENTERED
ENTERED
ENTERED
ENTERED
ENTERED
ENTERED
ENTERED
ENTERED
------------------------------------------
| rollout/                 |             |
|    ep_len_mean           | 945         |
|    ep_rew_mean           | -1.33e+03   |
| time/                    |             |
|    fps                   | 101         |
|    iterations            | 8           |
|    time_elapsed          | 161         |
|    total_timesteps       | 16384       |
| train/                   |             |
|    approx_kl             | 0.005550117 |
|    clip_fraction         | 0.0331      |
|    clip_range            | 0.2         |
|    cost_returns          | 13.3        |
|    cost_value_loss       | nan         |
|    cost_values           | -0.12       |
|    entropy               | -2.81       |
|    entropy_loss          | -2.82       |
|    explained_variance    | 0.0552      |
|    lagrangian_multiplier | 0           |
|    learning_rate         | 0.0003      |
|    loss                  | 376         |
|    n_updates             | 70          |
|    policy_gradient_loss  | -0.00433    |
|    std                   | 0.988       |
|    value_loss            | 756         |
------------------------------------------
/nas/ucb/mason/ethically-compliant-rl/.venv/lib/python3.9/site-packages/numpy/core/fromnumeric.py:3464: RuntimeWarning: Mean of empty slice.
  return _methods._mean(a, axis=axis, dtype=dtype,
/nas/ucb/mason/ethically-compliant-rl/.venv/lib/python3.9/site-packages/numpy/core/_methods.py:192: RuntimeWarning: invalid value encountered in scalar divide
  ret = ret.dtype.type(ret / rcount)
ENTERED
ENTERED
ENTERED
ENTERED
ENTERED
ENTERED
ENTERED
ENTERED
ENTERED
ENTERED
-------------------------------------------
| rollout/                 |              |
|    ep_len_mean           | 1e+03        |
|    ep_rew_mean           | -1.28e+03    |
| time/                    |              |
|    fps                   | 105          |
|    iterations            | 9            |
|    time_elapsed          | 174          |
|    total_timesteps       | 18432        |
| train/                   |              |
|    approx_kl             | 0.0024492415 |
|    clip_fraction         | 0.00254      |
|    clip_range            | 0.2          |
|    cost_returns          | 5.91         |
|    cost_value_loss       | nan          |
|    cost_values           | -0.105       |
|    entropy               | -2.86        |
|    entropy_loss          | -2.86        |
|    explained_variance    | -0.0449      |
|    lagrangian_multiplier | 0            |
|    learning_rate         | 0.0003       |
|    loss                  | 224          |
|    n_updates             | 80           |
|    policy_gradient_loss  | -0.00215     |
|    std                   | 1.01         |
|    value_loss            | 454          |
-------------------------------------------
/nas/ucb/mason/ethically-compliant-rl/.venv/lib/python3.9/site-packages/numpy/core/fromnumeric.py:3464: RuntimeWarning: Mean of empty slice.
  return _methods._mean(a, axis=axis, dtype=dtype,
/nas/ucb/mason/ethically-compliant-rl/.venv/lib/python3.9/site-packages/numpy/core/_methods.py:192: RuntimeWarning: invalid value encountered in scalar divide
  ret = ret.dtype.type(ret / rcount)
ENTERED
ENTERED
ENTERED
ENTERED
ENTERED
ENTERED
ENTERED
ENTERED
ENTERED
ENTERED
-------------------------------------------
| rollout/                 |              |
|    ep_len_mean           | 1e+03        |
|    ep_rew_mean           | -1.37e+03    |
| time/                    |              |
|    fps                   | 105          |
|    iterations            | 9            |
|    time_elapsed          | 175          |
|    total_timesteps       | 18432        |
| train/                   |              |
|    approx_kl             | 0.0036413092 |
|    clip_fraction         | 0.0225       |
|    clip_range            | 0.2          |
|    cost_returns          | 7.37         |
|    cost_value_loss       | nan          |
|    cost_values           | 0.456        |
|    entropy               | -2.81        |
|    entropy_loss          | -2.81        |
|    explained_variance    | 0.0372       |
|    lagrangian_multiplier | 0            |
|    learning_rate         | 0.0003       |
|    loss                  | 462          |
|    n_updates             | 80           |
|    policy_gradient_loss  | -0.0038      |
|    std                   | 0.986        |
|    value_loss            | 921          |
-------------------------------------------
/nas/ucb/mason/ethically-compliant-rl/.venv/lib/python3.9/site-packages/numpy/core/fromnumeric.py:3464: RuntimeWarning: Mean of empty slice.
  return _methods._mean(a, axis=axis, dtype=dtype,
/nas/ucb/mason/ethically-compliant-rl/.venv/lib/python3.9/site-packages/numpy/core/_methods.py:192: RuntimeWarning: invalid value encountered in scalar divide
  ret = ret.dtype.type(ret / rcount)
ENTERED
ENTERED
ENTERED
ENTERED
ENTERED
ENTERED
ENTERED
ENTERED
ENTERED
ENTERED
-------------------------------------------
| rollout/                 |              |
|    ep_len_mean           | 1e+03        |
|    ep_rew_mean           | -1.43e+03    |
| time/                    |              |
|    fps                   | 114          |
|    iterations            | 10           |
|    time_elapsed          | 179          |
|    total_timesteps       | 20480        |
| train/                   |              |
|    approx_kl             | 0.0061947326 |
|    clip_fraction         | 0.0407       |
|    clip_range            | 0.2          |
|    cost_returns          | 12.3         |
|    cost_value_loss       | nan          |
|    cost_values           | 0.366        |
|    entropy               | -2.81        |
|    entropy_loss          | -2.81        |
|    explained_variance    | 0.0385       |
|    lagrangian_multiplier | 0            |
|    learning_rate         | 0.0003       |
|    loss                  | 455          |
|    n_updates             | 90           |
|    policy_gradient_loss  | -0.00489     |
|    std                   | 0.984        |
|    value_loss            | 907          |
-------------------------------------------
/nas/ucb/mason/ethically-compliant-rl/.venv/lib/python3.9/site-packages/numpy/core/fromnumeric.py:3464: RuntimeWarning: Mean of empty slice.
  return _methods._mean(a, axis=axis, dtype=dtype,
/nas/ucb/mason/ethically-compliant-rl/.venv/lib/python3.9/site-packages/numpy/core/_methods.py:192: RuntimeWarning: invalid value encountered in scalar divide
  ret = ret.dtype.type(ret / rcount)
slurmstepd: error: *** STEP 115174.1 ON ddpg.ist.berkeley.edu CANCELLED AT 2023-12-29T19:33:29 ***
slurmstepd: error: *** STEP 115174.3 ON gail.ist.berkeley.edu CANCELLED AT 2023-12-29T19:33:29 ***
slurmstepd: error: *** STEP 115174.2 ON dqn.ist.berkeley.edu CANCELLED AT 2023-12-29T19:33:29 ***
slurmstepd: error: *** STEP 115174.0 ON airl.ist.berkeley.edu CANCELLED AT 2023-12-30T03:33:29 ***
slurmstepd: error: *** JOB 115174 ON airl.ist.berkeley.edu CANCELLED AT 2023-12-30T03:33:29 ***
