wandb: Currently logged in as: mason-nakamura1 (ecrl). Use `wandb login --relogin` to force relogin
wandb: Currently logged in as: mason-nakamura1 (ecrl). Use `wandb login --relogin` to force relogin
wandb: Currently logged in as: mason-nakamura1 (ecrl). Use `wandb login --relogin` to force relogin
wandb: wandb version 0.16.1 is available!  To upgrade, please run:
wandb:  $ pip install wandb --upgrade
wandb: Tracking run with wandb version 0.14.2
wandb: Run data is saved locally in /nas/ucb/mason/ethically-compliant-rl/wandb/run-20231230_033343-7qfi391i
wandb: Run `wandb offline` to turn off syncing.
wandb: Syncing run genial-thunder-50
wandb: ⭐️ View project at https://wandb.ai/ecrl/New-PPOL-NoMultipiler-SpeedLimit%3D2
wandb: 🚀 View run at https://wandb.ai/ecrl/New-PPOL-NoMultipiler-SpeedLimit%3D2/runs/7qfi391i
wandb: wandb version 0.16.1 is available!  To upgrade, please run:
wandb:  $ pip install wandb --upgrade
wandb: Tracking run with wandb version 0.14.2
wandb: Run data is saved locally in /nas/ucb/mason/ethically-compliant-rl/wandb/run-20231229_193343-wbea6ktt
wandb: Run `wandb offline` to turn off syncing.
wandb: Syncing run iconic-shadow-51
wandb: ⭐️ View project at https://wandb.ai/ecrl/New-PPOL-NoMultipiler-SpeedLimit%3D2
wandb: 🚀 View run at https://wandb.ai/ecrl/New-PPOL-NoMultipiler-SpeedLimit%3D2/runs/wbea6ktt
wandb: wandb version 0.16.1 is available!  To upgrade, please run:
wandb:  $ pip install wandb --upgrade
wandb: Tracking run with wandb version 0.14.2
wandb: Run data is saved locally in /nas/ucb/mason/ethically-compliant-rl/wandb/run-20231229_193343-7cfctmnr
wandb: Run `wandb offline` to turn off syncing.
wandb: Syncing run sleek-hill-52
wandb: ⭐️ View project at https://wandb.ai/ecrl/New-PPOL-NoMultipiler-SpeedLimit%3D2
wandb: 🚀 View run at https://wandb.ai/ecrl/New-PPOL-NoMultipiler-SpeedLimit%3D2/runs/7cfctmnr
wandb: Currently logged in as: mason-nakamura1 (ecrl). Use `wandb login --relogin` to force relogin
wandb: wandb version 0.16.1 is available!  To upgrade, please run:
wandb:  $ pip install wandb --upgrade
wandb: Tracking run with wandb version 0.14.2
wandb: Run data is saved locally in /nas/ucb/mason/ethically-compliant-rl/wandb/run-20231229_193344-gxpdrkb4
wandb: Run `wandb offline` to turn off syncing.
wandb: Syncing run restful-meadow-53
wandb: ⭐️ View project at https://wandb.ai/ecrl/New-PPOL-NoMultipiler-SpeedLimit%3D2
wandb: 🚀 View run at https://wandb.ai/ecrl/New-PPOL-NoMultipiler-SpeedLimit%3D2/runs/gxpdrkb4
Using cpu device
---------------------------------
| rollout/           |          |
|    ep_len_mean     | 1e+03    |
|    ep_rew_mean     | -991     |
| time/              |          |
|    fps             | 121      |
|    iterations      | 1        |
|    time_elapsed    | 16       |
|    total_timesteps | 2048     |
---------------------------------
/nas/ucb/mason/ethically-compliant-rl/.venv/lib/python3.9/site-packages/numpy/core/fromnumeric.py:3464: RuntimeWarning: Mean of empty slice.
  return _methods._mean(a, axis=axis, dtype=dtype,
/nas/ucb/mason/ethically-compliant-rl/.venv/lib/python3.9/site-packages/numpy/core/_methods.py:192: RuntimeWarning: invalid value encountered in scalar divide
  ret = ret.dtype.type(ret / rcount)
Using cpu device
----------------------------------
| rollout/           |           |
|    ep_len_mean     | 1e+03     |
|    ep_rew_mean     | -1.28e+03 |
| time/              |           |
|    fps             | 111       |
|    iterations      | 1         |
|    time_elapsed    | 18        |
|    total_timesteps | 2048      |
----------------------------------
/nas/ucb/mason/ethically-compliant-rl/.venv/lib/python3.9/site-packages/numpy/core/fromnumeric.py:3464: RuntimeWarning: Mean of empty slice.
  return _methods._mean(a, axis=axis, dtype=dtype,
/nas/ucb/mason/ethically-compliant-rl/.venv/lib/python3.9/site-packages/numpy/core/_methods.py:192: RuntimeWarning: invalid value encountered in scalar divide
  ret = ret.dtype.type(ret / rcount)
Using cpu device
----------------------------------
| rollout/           |           |
|    ep_len_mean     | 1e+03     |
|    ep_rew_mean     | -1.07e+03 |
| time/              |           |
|    fps             | 110       |
|    iterations      | 1         |
|    time_elapsed    | 18        |
|    total_timesteps | 2048      |
----------------------------------
/nas/ucb/mason/ethically-compliant-rl/.venv/lib/python3.9/site-packages/numpy/core/fromnumeric.py:3464: RuntimeWarning: Mean of empty slice.
  return _methods._mean(a, axis=axis, dtype=dtype,
/nas/ucb/mason/ethically-compliant-rl/.venv/lib/python3.9/site-packages/numpy/core/_methods.py:192: RuntimeWarning: invalid value encountered in scalar divide
  ret = ret.dtype.type(ret / rcount)
Using cpu device
----------------------------------
| rollout/           |           |
|    ep_len_mean     | 1e+03     |
|    ep_rew_mean     | -1.08e+03 |
| time/              |           |
|    fps             | 106       |
|    iterations      | 1         |
|    time_elapsed    | 19        |
|    total_timesteps | 2048      |
----------------------------------
/nas/ucb/mason/ethically-compliant-rl/.venv/lib/python3.9/site-packages/numpy/core/fromnumeric.py:3464: RuntimeWarning: Mean of empty slice.
  return _methods._mean(a, axis=axis, dtype=dtype,
/nas/ucb/mason/ethically-compliant-rl/.venv/lib/python3.9/site-packages/numpy/core/_methods.py:192: RuntimeWarning: invalid value encountered in scalar divide
  ret = ret.dtype.type(ret / rcount)
ENTERED
ENTERED
ENTERED
ENTERED
ENTERED
ENTERED
ENTERED
ENTERED
ENTERED
ENTERED
-------------------------------------------
| rollout/                 |              |
|    ep_len_mean           | 1e+03        |
|    ep_rew_mean           | -1.16e+03    |
| time/                    |              |
|    fps                   | 119          |
|    iterations            | 2            |
|    time_elapsed          | 34           |
|    total_timesteps       | 4096         |
| train/                   |              |
|    approx_kl             | 0.0041038394 |
|    clip_fraction         | 0.0119       |
|    clip_range            | 0.2          |
|    cost_returns          | 6.48         |
|    cost_value_loss       | nan          |
|    cost_values           | 0.0117       |
|    entropy               | -2.83        |
|    entropy_loss          | -2.83        |
|    explained_variance    | -0.00858     |
|    lagrangian_multiplier | 0            |
|    learning_rate         | 0.0003       |
|    loss                  | 143          |
|    n_updates             | 10           |
|    policy_gradient_loss  | -0.00332     |
|    std                   | 0.996        |
|    value_loss            | 300          |
-------------------------------------------
/nas/ucb/mason/ethically-compliant-rl/.venv/lib/python3.9/site-packages/numpy/core/fromnumeric.py:3464: RuntimeWarning: Mean of empty slice.
  return _methods._mean(a, axis=axis, dtype=dtype,
/nas/ucb/mason/ethically-compliant-rl/.venv/lib/python3.9/site-packages/numpy/core/_methods.py:192: RuntimeWarning: invalid value encountered in scalar divide
  ret = ret.dtype.type(ret / rcount)
ENTERED
ENTERED
ENTERED
ENTERED
ENTERED
ENTERED
ENTERED
ENTERED
ENTERED
ENTERED
-------------------------------------------
| rollout/                 |              |
|    ep_len_mean           | 1e+03        |
|    ep_rew_mean           | -1.13e+03    |
| time/                    |              |
|    fps                   | 110          |
|    iterations            | 2            |
|    time_elapsed          | 37           |
|    total_timesteps       | 4096         |
| train/                   |              |
|    approx_kl             | 0.0039144964 |
|    clip_fraction         | 0.0158       |
|    clip_range            | 0.2          |
|    cost_returns          | 9.73         |
|    cost_value_loss       | nan          |
|    cost_values           | -0.141       |
|    entropy               | -2.83        |
|    entropy_loss          | -2.84        |
|    explained_variance    | 0.0194       |
|    lagrangian_multiplier | 0            |
|    learning_rate         | 0.0003       |
|    loss                  | 265          |
|    n_updates             | 10           |
|    policy_gradient_loss  | -0.00335     |
|    std                   | 0.998        |
|    value_loss            | 512          |
-------------------------------------------
/nas/ucb/mason/ethically-compliant-rl/.venv/lib/python3.9/site-packages/numpy/core/fromnumeric.py:3464: RuntimeWarning: Mean of empty slice.
  return _methods._mean(a, axis=axis, dtype=dtype,
/nas/ucb/mason/ethically-compliant-rl/.venv/lib/python3.9/site-packages/numpy/core/_methods.py:192: RuntimeWarning: invalid value encountered in scalar divide
  ret = ret.dtype.type(ret / rcount)
ENTERED
ENTERED
ENTERED
ENTERED
ENTERED
ENTERED
ENTERED
ENTERED
ENTERED
ENTERED
------------------------------------------
| rollout/                 |             |
|    ep_len_mean           | 1e+03       |
|    ep_rew_mean           | -1.12e+03   |
| time/                    |             |
|    fps                   | 108         |
|    iterations            | 2           |
|    time_elapsed          | 37          |
|    total_timesteps       | 4096        |
| train/                   |             |
|    approx_kl             | 0.005163649 |
|    clip_fraction         | 0.0144      |
|    clip_range            | 0.2         |
|    cost_returns          | 9.97        |
|    cost_value_loss       | nan         |
|    cost_values           | 0.389       |
|    entropy               | -2.84       |
|    entropy_loss          | -2.84       |
|    explained_variance    | -0.00153    |
|    lagrangian_multiplier | 0           |
|    learning_rate         | 0.0003      |
|    loss                  | 183         |
|    n_updates             | 10          |
|    policy_gradient_loss  | -0.00365    |
|    std                   | 1           |
|    value_loss            | 356         |
------------------------------------------
/nas/ucb/mason/ethically-compliant-rl/.venv/lib/python3.9/site-packages/numpy/core/fromnumeric.py:3464: RuntimeWarning: Mean of empty slice.
  return _methods._mean(a, axis=axis, dtype=dtype,
/nas/ucb/mason/ethically-compliant-rl/.venv/lib/python3.9/site-packages/numpy/core/_methods.py:192: RuntimeWarning: invalid value encountered in scalar divide
  ret = ret.dtype.type(ret / rcount)
ENTERED
ENTERED
ENTERED
ENTERED
ENTERED
ENTERED
ENTERED
ENTERED
ENTERED
ENTERED
------------------------------------------
| rollout/                 |             |
|    ep_len_mean           | 1e+03       |
|    ep_rew_mean           | -1.03e+03   |
| time/                    |             |
|    fps                   | 102         |
|    iterations            | 2           |
|    time_elapsed          | 40          |
|    total_timesteps       | 4096        |
| train/                   |             |
|    approx_kl             | 0.004399522 |
|    clip_fraction         | 0.0125      |
|    clip_range            | 0.2         |
|    cost_returns          | 3.17        |
|    cost_value_loss       | nan         |
|    cost_values           | 0.225       |
|    entropy               | -2.83       |
|    entropy_loss          | -2.84       |
|    explained_variance    | 0.0216      |
|    lagrangian_multiplier | 0           |
|    learning_rate         | 0.0003      |
|    loss                  | 176         |
|    n_updates             | 10          |
|    policy_gradient_loss  | -0.00415    |
|    std                   | 0.998       |
|    value_loss            | 375         |
------------------------------------------
/nas/ucb/mason/ethically-compliant-rl/.venv/lib/python3.9/site-packages/numpy/core/fromnumeric.py:3464: RuntimeWarning: Mean of empty slice.
  return _methods._mean(a, axis=axis, dtype=dtype,
/nas/ucb/mason/ethically-compliant-rl/.venv/lib/python3.9/site-packages/numpy/core/_methods.py:192: RuntimeWarning: invalid value encountered in scalar divide
  ret = ret.dtype.type(ret / rcount)
ENTERED
ENTERED
ENTERED
ENTERED
ENTERED
ENTERED
ENTERED
ENTERED
ENTERED
ENTERED
-------------------------------------------
| rollout/                 |              |
|    ep_len_mean           | 1e+03        |
|    ep_rew_mean           | -1.03e+03    |
| time/                    |              |
|    fps                   | 117          |
|    iterations            | 3            |
|    time_elapsed          | 52           |
|    total_timesteps       | 6144         |
| train/                   |              |
|    approx_kl             | 0.0044711106 |
|    clip_fraction         | 0.0145       |
|    clip_range            | 0.2          |
|    cost_returns          | 11           |
|    cost_value_loss       | nan          |
|    cost_values           | 0.339        |
|    entropy               | -2.84        |
|    entropy_loss          | -2.83        |
|    explained_variance    | 0.00894      |
|    lagrangian_multiplier | 0            |
|    learning_rate         | 0.0003       |
|    loss                  | 290          |
|    n_updates             | 20           |
|    policy_gradient_loss  | -0.00289     |
|    std                   | 1            |
|    value_loss            | 579          |
-------------------------------------------
/nas/ucb/mason/ethically-compliant-rl/.venv/lib/python3.9/site-packages/numpy/core/fromnumeric.py:3464: RuntimeWarning: Mean of empty slice.
  return _methods._mean(a, axis=axis, dtype=dtype,
/nas/ucb/mason/ethically-compliant-rl/.venv/lib/python3.9/site-packages/numpy/core/_methods.py:192: RuntimeWarning: invalid value encountered in scalar divide
  ret = ret.dtype.type(ret / rcount)
ENTERED
ENTERED
ENTERED
ENTERED
ENTERED
ENTERED
ENTERED
ENTERED
ENTERED
ENTERED
-----------------------------------------
| rollout/                 |            |
|    ep_len_mean           | 1e+03      |
|    ep_rew_mean           | -1.31e+03  |
| time/                    |            |
|    fps                   | 109        |
|    iterations            | 3          |
|    time_elapsed          | 56         |
|    total_timesteps       | 6144       |
| train/                   |            |
|    approx_kl             | 0.00422792 |
|    clip_fraction         | 0.00972    |
|    clip_range            | 0.2        |
|    cost_returns          | 5.54       |
|    cost_value_loss       | nan        |
|    cost_values           | -0.0117    |
|    entropy               | -2.84      |
|    entropy_loss          | -2.84      |
|    explained_variance    | 0.0259     |
|    lagrangian_multiplier | 0          |
|    learning_rate         | 0.0003     |
|    loss                  | 154        |
|    n_updates             | 20         |
|    policy_gradient_loss  | -0.0036    |
|    std                   | 1          |
|    value_loss            | 307        |
-----------------------------------------
/nas/ucb/mason/ethically-compliant-rl/.venv/lib/python3.9/site-packages/numpy/core/fromnumeric.py:3464: RuntimeWarning: Mean of empty slice.
  return _methods._mean(a, axis=axis, dtype=dtype,
/nas/ucb/mason/ethically-compliant-rl/.venv/lib/python3.9/site-packages/numpy/core/_methods.py:192: RuntimeWarning: invalid value encountered in scalar divide
  ret = ret.dtype.type(ret / rcount)
ENTERED
ENTERED
ENTERED
ENTERED
ENTERED
ENTERED
ENTERED
ENTERED
ENTERED
ENTERED
------------------------------------------
| rollout/                 |             |
|    ep_len_mean           | 1e+03       |
|    ep_rew_mean           | -1.25e+03   |
| time/                    |             |
|    fps                   | 107         |
|    iterations            | 3           |
|    time_elapsed          | 57          |
|    total_timesteps       | 6144        |
| train/                   |             |
|    approx_kl             | 0.002658765 |
|    clip_fraction         | 0.0195      |
|    clip_range            | 0.2         |
|    cost_returns          | 1.26        |
|    cost_value_loss       | nan         |
|    cost_values           | -0.513      |
|    entropy               | -2.84       |
|    entropy_loss          | -2.84       |
|    explained_variance    | -0.000762   |
|    lagrangian_multiplier | 0           |
|    learning_rate         | 0.0003      |
|    loss                  | 225         |
|    n_updates             | 20          |
|    policy_gradient_loss  | -0.00314    |
|    std                   | 1           |
|    value_loss            | 462         |
------------------------------------------
/nas/ucb/mason/ethically-compliant-rl/.venv/lib/python3.9/site-packages/numpy/core/fromnumeric.py:3464: RuntimeWarning: Mean of empty slice.
  return _methods._mean(a, axis=axis, dtype=dtype,
/nas/ucb/mason/ethically-compliant-rl/.venv/lib/python3.9/site-packages/numpy/core/_methods.py:192: RuntimeWarning: invalid value encountered in scalar divide
  ret = ret.dtype.type(ret / rcount)
ENTERED
ENTERED
ENTERED
ENTERED
ENTERED
ENTERED
ENTERED
ENTERED
ENTERED
ENTERED
-------------------------------------------
| rollout/                 |              |
|    ep_len_mean           | 1e+03        |
|    ep_rew_mean           | -1.18e+03    |
| time/                    |              |
|    fps                   | 101          |
|    iterations            | 3            |
|    time_elapsed          | 60           |
|    total_timesteps       | 6144         |
| train/                   |              |
|    approx_kl             | 0.0026083798 |
|    clip_fraction         | 0.00557      |
|    clip_range            | 0.2          |
|    cost_returns          | 3.44         |
|    cost_value_loss       | nan          |
|    cost_values           | -0.222       |
|    entropy               | -2.84        |
|    entropy_loss          | -2.84        |
|    explained_variance    | -0.0402      |
|    lagrangian_multiplier | 0            |
|    learning_rate         | 0.0003       |
|    loss                  | 144          |
|    n_updates             | 20           |
|    policy_gradient_loss  | -0.00196     |
|    std                   | 1            |
|    value_loss            | 296          |
-------------------------------------------
/nas/ucb/mason/ethically-compliant-rl/.venv/lib/python3.9/site-packages/numpy/core/fromnumeric.py:3464: RuntimeWarning: Mean of empty slice.
  return _methods._mean(a, axis=axis, dtype=dtype,
/nas/ucb/mason/ethically-compliant-rl/.venv/lib/python3.9/site-packages/numpy/core/_methods.py:192: RuntimeWarning: invalid value encountered in scalar divide
  ret = ret.dtype.type(ret / rcount)
ENTERED
ENTERED
ENTERED
ENTERED
ENTERED
ENTERED
ENTERED
ENTERED
ENTERED
ENTERED
-------------------------------------------
| rollout/                 |              |
|    ep_len_mean           | 1e+03        |
|    ep_rew_mean           | -1.03e+03    |
| time/                    |              |
|    fps                   | 117          |
|    iterations            | 4            |
|    time_elapsed          | 69           |
|    total_timesteps       | 8192         |
| train/                   |              |
|    approx_kl             | 0.0018218907 |
|    clip_fraction         | 0.00195      |
|    clip_range            | 0.2          |
|    cost_returns          | 0.801        |
|    cost_value_loss       | nan          |
|    cost_values           | 0.243        |
|    entropy               | -2.85        |
|    entropy_loss          | -2.85        |
|    explained_variance    | -0.0764      |
|    lagrangian_multiplier | 0            |
|    learning_rate         | 0.0003       |
|    loss                  | 92           |
|    n_updates             | 30           |
|    policy_gradient_loss  | -0.00226     |
|    std                   | 1.01         |
|    value_loss            | 180          |
-------------------------------------------
/nas/ucb/mason/ethically-compliant-rl/.venv/lib/python3.9/site-packages/numpy/core/fromnumeric.py:3464: RuntimeWarning: Mean of empty slice.
  return _methods._mean(a, axis=axis, dtype=dtype,
/nas/ucb/mason/ethically-compliant-rl/.venv/lib/python3.9/site-packages/numpy/core/_methods.py:192: RuntimeWarning: invalid value encountered in scalar divide
  ret = ret.dtype.type(ret / rcount)
ENTERED
ENTERED
ENTERED
ENTERED
ENTERED
ENTERED
ENTERED
ENTERED
ENTERED
ENTERED
------------------------------------------
| rollout/                 |             |
|    ep_len_mean           | 1e+03       |
|    ep_rew_mean           | -1.38e+03   |
| time/                    |             |
|    fps                   | 109         |
|    iterations            | 4           |
|    time_elapsed          | 74          |
|    total_timesteps       | 8192        |
| train/                   |             |
|    approx_kl             | 0.006058635 |
|    clip_fraction         | 0.0336      |
|    clip_range            | 0.2         |
|    cost_returns          | 10.7        |
|    cost_value_loss       | nan         |
|    cost_values           | -0.113      |
|    entropy               | -2.84       |
|    entropy_loss          | -2.84       |
|    explained_variance    | -0.00365    |
|    lagrangian_multiplier | 0           |
|    learning_rate         | 0.0003      |
|    loss                  | 414         |
|    n_updates             | 30          |
|    policy_gradient_loss  | -0.0051     |
|    std                   | 1           |
|    value_loss            | 882         |
------------------------------------------
/nas/ucb/mason/ethically-compliant-rl/.venv/lib/python3.9/site-packages/numpy/core/fromnumeric.py:3464: RuntimeWarning: Mean of empty slice.
  return _methods._mean(a, axis=axis, dtype=dtype,
/nas/ucb/mason/ethically-compliant-rl/.venv/lib/python3.9/site-packages/numpy/core/_methods.py:192: RuntimeWarning: invalid value encountered in scalar divide
  ret = ret.dtype.type(ret / rcount)
ENTERED
ENTERED
ENTERED
ENTERED
ENTERED
ENTERED
ENTERED
ENTERED
ENTERED
ENTERED
-------------------------------------------
| rollout/                 |              |
|    ep_len_mean           | 1e+03        |
|    ep_rew_mean           | -1.27e+03    |
| time/                    |              |
|    fps                   | 107          |
|    iterations            | 4            |
|    time_elapsed          | 76           |
|    total_timesteps       | 8192         |
| train/                   |              |
|    approx_kl             | 0.0055975667 |
|    clip_fraction         | 0.0271       |
|    clip_range            | 0.2          |
|    cost_returns          | 12           |
|    cost_value_loss       | nan          |
|    cost_values           | -0.0784      |
|    entropy               | -2.85        |
|    entropy_loss          | -2.84        |
|    explained_variance    | 0.0311       |
|    lagrangian_multiplier | 0            |
|    learning_rate         | 0.0003       |
|    loss                  | 366          |
|    n_updates             | 30           |
|    policy_gradient_loss  | -0.00375     |
|    std                   | 1            |
|    value_loss            | 736          |
-------------------------------------------
/nas/ucb/mason/ethically-compliant-rl/.venv/lib/python3.9/site-packages/numpy/core/fromnumeric.py:3464: RuntimeWarning: Mean of empty slice.
  return _methods._mean(a, axis=axis, dtype=dtype,
/nas/ucb/mason/ethically-compliant-rl/.venv/lib/python3.9/site-packages/numpy/core/_methods.py:192: RuntimeWarning: invalid value encountered in scalar divide
  ret = ret.dtype.type(ret / rcount)
ENTERED
ENTERED
ENTERED
ENTERED
ENTERED
ENTERED
ENTERED
ENTERED
ENTERED
ENTERED
-------------------------------------------
| rollout/                 |              |
|    ep_len_mean           | 1e+03        |
|    ep_rew_mean           | -1.13e+03    |
| time/                    |              |
|    fps                   | 101          |
|    iterations            | 4            |
|    time_elapsed          | 80           |
|    total_timesteps       | 8192         |
| train/                   |              |
|    approx_kl             | 0.0061385105 |
|    clip_fraction         | 0.024        |
|    clip_range            | 0.2          |
|    cost_returns          | 6.09         |
|    cost_value_loss       | nan          |
|    cost_values           | 0.0753       |
|    entropy               | -2.84        |
|    entropy_loss          | -2.84        |
|    explained_variance    | 0.00612      |
|    lagrangian_multiplier | 0            |
|    learning_rate         | 0.0003       |
|    loss                  | 370          |
|    n_updates             | 30           |
|    policy_gradient_loss  | -0.00322     |
|    std                   | 1            |
|    value_loss            | 789          |
-------------------------------------------
/nas/ucb/mason/ethically-compliant-rl/.venv/lib/python3.9/site-packages/numpy/core/fromnumeric.py:3464: RuntimeWarning: Mean of empty slice.
  return _methods._mean(a, axis=axis, dtype=dtype,
/nas/ucb/mason/ethically-compliant-rl/.venv/lib/python3.9/site-packages/numpy/core/_methods.py:192: RuntimeWarning: invalid value encountered in scalar divide
  ret = ret.dtype.type(ret / rcount)
ENTERED
ENTERED
ENTERED
ENTERED
ENTERED
ENTERED
ENTERED
ENTERED
ENTERED
ENTERED
------------------------------------------
| rollout/                 |             |
|    ep_len_mean           | 1e+03       |
|    ep_rew_mean           | -988        |
| time/                    |             |
|    fps                   | 117         |
|    iterations            | 5           |
|    time_elapsed          | 87          |
|    total_timesteps       | 10240       |
| train/                   |             |
|    approx_kl             | 0.005872832 |
|    clip_fraction         | 0.0285      |
|    clip_range            | 0.2         |
|    cost_returns          | 7.24        |
|    cost_value_loss       | nan         |
|    cost_values           | 0.139       |
|    entropy               | -2.85       |
|    entropy_loss          | -2.85       |
|    explained_variance    | -0.0587     |
|    lagrangian_multiplier | 0           |
|    learning_rate         | 0.0003      |
|    loss                  | 165         |
|    n_updates             | 40          |
|    policy_gradient_loss  | -0.00513    |
|    std                   | 1.01        |
|    value_loss            | 339         |
------------------------------------------
/nas/ucb/mason/ethically-compliant-rl/.venv/lib/python3.9/site-packages/numpy/core/fromnumeric.py:3464: RuntimeWarning: Mean of empty slice.
  return _methods._mean(a, axis=axis, dtype=dtype,
/nas/ucb/mason/ethically-compliant-rl/.venv/lib/python3.9/site-packages/numpy/core/_methods.py:192: RuntimeWarning: invalid value encountered in scalar divide
  ret = ret.dtype.type(ret / rcount)
ENTERED
ENTERED
ENTERED
ENTERED
ENTERED
ENTERED
ENTERED
ENTERED
ENTERED
ENTERED
------------------------------------------
| rollout/                 |             |
|    ep_len_mean           | 1e+03       |
|    ep_rew_mean           | -1.39e+03   |
| time/                    |             |
|    fps                   | 109         |
|    iterations            | 5           |
|    time_elapsed          | 93          |
|    total_timesteps       | 10240       |
| train/                   |             |
|    approx_kl             | 0.005273918 |
|    clip_fraction         | 0.023       |
|    clip_range            | 0.2         |
|    cost_returns          | 12.2        |
|    cost_value_loss       | nan         |
|    cost_values           | -0.137      |
|    entropy               | -2.85       |
|    entropy_loss          | -2.85       |
|    explained_variance    | -0.0216     |
|    lagrangian_multiplier | 0           |
|    learning_rate         | 0.0003      |
|    loss                  | 401         |
|    n_updates             | 40          |
|    policy_gradient_loss  | -0.00397    |
|    std                   | 1           |
|    value_loss            | 815         |
------------------------------------------
/nas/ucb/mason/ethically-compliant-rl/.venv/lib/python3.9/site-packages/numpy/core/fromnumeric.py:3464: RuntimeWarning: Mean of empty slice.
  return _methods._mean(a, axis=axis, dtype=dtype,
/nas/ucb/mason/ethically-compliant-rl/.venv/lib/python3.9/site-packages/numpy/core/_methods.py:192: RuntimeWarning: invalid value encountered in scalar divide
  ret = ret.dtype.type(ret / rcount)
ENTERED
ENTERED
ENTERED
ENTERED
ENTERED
ENTERED
ENTERED
ENTERED
ENTERED
ENTERED
------------------------------------------
| rollout/                 |             |
|    ep_len_mean           | 1e+03       |
|    ep_rew_mean           | -1.31e+03   |
| time/                    |             |
|    fps                   | 107         |
|    iterations            | 5           |
|    time_elapsed          | 95          |
|    total_timesteps       | 10240       |
| train/                   |             |
|    approx_kl             | 0.004420646 |
|    clip_fraction         | 0.0139      |
|    clip_range            | 0.2         |
|    cost_returns          | 5.88        |
|    cost_value_loss       | nan         |
|    cost_values           | -0.0247     |
|    entropy               | -2.85       |
|    entropy_loss          | -2.85       |
|    explained_variance    | 0.0181      |
|    lagrangian_multiplier | 0           |
|    learning_rate         | 0.0003      |
|    loss                  | 281         |
|    n_updates             | 40          |
|    policy_gradient_loss  | -0.00354    |
|    std                   | 1.01        |
|    value_loss            | 571         |
------------------------------------------
/nas/ucb/mason/ethically-compliant-rl/.venv/lib/python3.9/site-packages/numpy/core/fromnumeric.py:3464: RuntimeWarning: Mean of empty slice.
  return _methods._mean(a, axis=axis, dtype=dtype,
/nas/ucb/mason/ethically-compliant-rl/.venv/lib/python3.9/site-packages/numpy/core/_methods.py:192: RuntimeWarning: invalid value encountered in scalar divide
  ret = ret.dtype.type(ret / rcount)
ENTERED
ENTERED
ENTERED
ENTERED
ENTERED
ENTERED
ENTERED
ENTERED
ENTERED
ENTERED
-------------------------------------------
| rollout/                 |              |
|    ep_len_mean           | 1e+03        |
|    ep_rew_mean           | -1.14e+03    |
| time/                    |              |
|    fps                   | 101          |
|    iterations            | 5            |
|    time_elapsed          | 100          |
|    total_timesteps       | 10240        |
| train/                   |              |
|    approx_kl             | 0.0031422323 |
|    clip_fraction         | 0.00757      |
|    clip_range            | 0.2          |
|    cost_returns          | 3.43         |
|    cost_value_loss       | nan          |
|    cost_values           | 0.23         |
|    entropy               | -2.84        |
|    entropy_loss          | -2.84        |
|    explained_variance    | 0.0402       |
|    lagrangian_multiplier | 0            |
|    learning_rate         | 0.0003       |
|    loss                  | 165          |
|    n_updates             | 40           |
|    policy_gradient_loss  | -0.00395     |
|    std                   | 0.999        |
|    value_loss            | 338          |
-------------------------------------------
/nas/ucb/mason/ethically-compliant-rl/.venv/lib/python3.9/site-packages/numpy/core/fromnumeric.py:3464: RuntimeWarning: Mean of empty slice.
  return _methods._mean(a, axis=axis, dtype=dtype,
/nas/ucb/mason/ethically-compliant-rl/.venv/lib/python3.9/site-packages/numpy/core/_methods.py:192: RuntimeWarning: invalid value encountered in scalar divide
  ret = ret.dtype.type(ret / rcount)
ENTERED
ENTERED
ENTERED
ENTERED
ENTERED
ENTERED
ENTERED
ENTERED
ENTERED
ENTERED
-------------------------------------------
| rollout/                 |              |
|    ep_len_mean           | 1e+03        |
|    ep_rew_mean           | -1e+03       |
| time/                    |              |
|    fps                   | 116          |
|    iterations            | 6            |
|    time_elapsed          | 105          |
|    total_timesteps       | 12288        |
| train/                   |              |
|    approx_kl             | 0.0013237124 |
|    clip_fraction         | 0.000391     |
|    clip_range            | 0.2          |
|    cost_returns          | 3.23         |
|    cost_value_loss       | nan          |
|    cost_values           | 0.00629      |
|    entropy               | -2.84        |
|    entropy_loss          | -2.85        |
|    explained_variance    | -0.0385      |
|    lagrangian_multiplier | 0            |
|    learning_rate         | 0.0003       |
|    loss                  | 104          |
|    n_updates             | 50           |
|    policy_gradient_loss  | -0.00153     |
|    std                   | 1            |
|    value_loss            | 211          |
-------------------------------------------
/nas/ucb/mason/ethically-compliant-rl/.venv/lib/python3.9/site-packages/numpy/core/fromnumeric.py:3464: RuntimeWarning: Mean of empty slice.
  return _methods._mean(a, axis=axis, dtype=dtype,
/nas/ucb/mason/ethically-compliant-rl/.venv/lib/python3.9/site-packages/numpy/core/_methods.py:192: RuntimeWarning: invalid value encountered in scalar divide
  ret = ret.dtype.type(ret / rcount)
ENTERED
ENTERED
ENTERED
ENTERED
ENTERED
ENTERED
ENTERED
ENTERED
ENTERED
ENTERED
-------------------------------------------
| rollout/                 |              |
|    ep_len_mean           | 1e+03        |
|    ep_rew_mean           | -1.33e+03    |
| time/                    |              |
|    fps                   | 109          |
|    iterations            | 6            |
|    time_elapsed          | 112          |
|    total_timesteps       | 12288        |
| train/                   |              |
|    approx_kl             | 0.0046330863 |
|    clip_fraction         | 0.0266       |
|    clip_range            | 0.2          |
|    cost_returns          | 13           |
|    cost_value_loss       | nan          |
|    cost_values           | -0.0857      |
|    entropy               | -2.85        |
|    entropy_loss          | -2.85        |
|    explained_variance    | 0.00243      |
|    lagrangian_multiplier | 0            |
|    learning_rate         | 0.0003       |
|    loss                  | 327          |
|    n_updates             | 50           |
|    policy_gradient_loss  | -0.00381     |
|    std                   | 1.01         |
|    value_loss            | 656          |
-------------------------------------------
/nas/ucb/mason/ethically-compliant-rl/.venv/lib/python3.9/site-packages/numpy/core/fromnumeric.py:3464: RuntimeWarning: Mean of empty slice.
  return _methods._mean(a, axis=axis, dtype=dtype,
/nas/ucb/mason/ethically-compliant-rl/.venv/lib/python3.9/site-packages/numpy/core/_methods.py:192: RuntimeWarning: invalid value encountered in scalar divide
  ret = ret.dtype.type(ret / rcount)
ENTERED
ENTERED
ENTERED
ENTERED
ENTERED
ENTERED
ENTERED
ENTERED
ENTERED
ENTERED
-------------------------------------------
| rollout/                 |              |
|    ep_len_mean           | 1e+03        |
|    ep_rew_mean           | -1.26e+03    |
| time/                    |              |
|    fps                   | 106          |
|    iterations            | 6            |
|    time_elapsed          | 114          |
|    total_timesteps       | 12288        |
| train/                   |              |
|    approx_kl             | 0.0054591782 |
|    clip_fraction         | 0.0291       |
|    clip_range            | 0.2          |
|    cost_returns          | 12.5         |
|    cost_value_loss       | nan          |
|    cost_values           | 0.145        |
|    entropy               | -2.87        |
|    entropy_loss          | -2.86        |
|    explained_variance    | 0.0053       |
|    lagrangian_multiplier | 0            |
|    learning_rate         | 0.0003       |
|    loss                  | 317          |
|    n_updates             | 50           |
|    policy_gradient_loss  | -0.00467     |
|    std                   | 1.01         |
|    value_loss            | 649          |
-------------------------------------------
/nas/ucb/mason/ethically-compliant-rl/.venv/lib/python3.9/site-packages/numpy/core/fromnumeric.py:3464: RuntimeWarning: Mean of empty slice.
  return _methods._mean(a, axis=axis, dtype=dtype,
/nas/ucb/mason/ethically-compliant-rl/.venv/lib/python3.9/site-packages/numpy/core/_methods.py:192: RuntimeWarning: invalid value encountered in scalar divide
  ret = ret.dtype.type(ret / rcount)
ENTERED
ENTERED
ENTERED
ENTERED
ENTERED
ENTERED
ENTERED
ENTERED
ENTERED
ENTERED
-------------------------------------------
| rollout/                 |              |
|    ep_len_mean           | 1e+03        |
|    ep_rew_mean           | -1.11e+03    |
| time/                    |              |
|    fps                   | 101          |
|    iterations            | 6            |
|    time_elapsed          | 120          |
|    total_timesteps       | 12288        |
| train/                   |              |
|    approx_kl             | 0.0032030065 |
|    clip_fraction         | 0.00776      |
|    clip_range            | 0.2          |
|    cost_returns          | 5.42         |
|    cost_value_loss       | nan          |
|    cost_values           | 0.113        |
|    entropy               | -2.84        |
|    entropy_loss          | -2.84        |
|    explained_variance    | -0.0323      |
|    lagrangian_multiplier | 0            |
|    learning_rate         | 0.0003       |
|    loss                  | 225          |
|    n_updates             | 50           |
|    policy_gradient_loss  | -0.00231     |
|    std                   | 1            |
|    value_loss            | 447          |
-------------------------------------------
/nas/ucb/mason/ethically-compliant-rl/.venv/lib/python3.9/site-packages/numpy/core/fromnumeric.py:3464: RuntimeWarning: Mean of empty slice.
  return _methods._mean(a, axis=axis, dtype=dtype,
/nas/ucb/mason/ethically-compliant-rl/.venv/lib/python3.9/site-packages/numpy/core/_methods.py:192: RuntimeWarning: invalid value encountered in scalar divide
  ret = ret.dtype.type(ret / rcount)
ENTERED
ENTERED
ENTERED
ENTERED
ENTERED
ENTERED
ENTERED
ENTERED
ENTERED
ENTERED
-------------------------------------------
| rollout/                 |              |
|    ep_len_mean           | 1e+03        |
|    ep_rew_mean           | -1.03e+03    |
| time/                    |              |
|    fps                   | 116          |
|    iterations            | 7            |
|    time_elapsed          | 122          |
|    total_timesteps       | 14336        |
| train/                   |              |
|    approx_kl             | 0.0051319017 |
|    clip_fraction         | 0.0256       |
|    clip_range            | 0.2          |
|    cost_returns          | 12.6         |
|    cost_value_loss       | nan          |
|    cost_values           | 0.0375       |
|    entropy               | -2.85        |
|    entropy_loss          | -2.84        |
|    explained_variance    | -0.0365      |
|    lagrangian_multiplier | 0            |
|    learning_rate         | 0.0003       |
|    loss                  | 193          |
|    n_updates             | 60           |
|    policy_gradient_loss  | -0.0033      |
|    std                   | 1            |
|    value_loss            | 369          |
-------------------------------------------
/nas/ucb/mason/ethically-compliant-rl/.venv/lib/python3.9/site-packages/numpy/core/fromnumeric.py:3464: RuntimeWarning: Mean of empty slice.
  return _methods._mean(a, axis=axis, dtype=dtype,
/nas/ucb/mason/ethically-compliant-rl/.venv/lib/python3.9/site-packages/numpy/core/_methods.py:192: RuntimeWarning: invalid value encountered in scalar divide
  ret = ret.dtype.type(ret / rcount)
ENTERED
ENTERED
ENTERED
ENTERED
ENTERED
ENTERED
ENTERED
ENTERED
ENTERED
ENTERED
-------------------------------------------
| rollout/                 |              |
|    ep_len_mean           | 1e+03        |
|    ep_rew_mean           | -1.36e+03    |
| time/                    |              |
|    fps                   | 109          |
|    iterations            | 7            |
|    time_elapsed          | 131          |
|    total_timesteps       | 14336        |
| train/                   |              |
|    approx_kl             | 0.0035217837 |
|    clip_fraction         | 0.00894      |
|    clip_range            | 0.2          |
|    cost_returns          | 10           |
|    cost_value_loss       | nan          |
|    cost_values           | -0.167       |
|    entropy               | -2.85        |
|    entropy_loss          | -2.85        |
|    explained_variance    | 0.0116       |
|    lagrangian_multiplier | 0            |
|    learning_rate         | 0.0003       |
|    loss                  | 164          |
|    n_updates             | 60           |
|    policy_gradient_loss  | -0.00286     |
|    std                   | 1            |
|    value_loss            | 321          |
-------------------------------------------
/nas/ucb/mason/ethically-compliant-rl/.venv/lib/python3.9/site-packages/numpy/core/fromnumeric.py:3464: RuntimeWarning: Mean of empty slice.
  return _methods._mean(a, axis=axis, dtype=dtype,
/nas/ucb/mason/ethically-compliant-rl/.venv/lib/python3.9/site-packages/numpy/core/_methods.py:192: RuntimeWarning: invalid value encountered in scalar divide
  ret = ret.dtype.type(ret / rcount)
ENTERED
ENTERED
ENTERED
ENTERED
ENTERED
ENTERED
ENTERED
ENTERED
ENTERED
ENTERED
-------------------------------------------
| rollout/                 |              |
|    ep_len_mean           | 1e+03        |
|    ep_rew_mean           | -1.21e+03    |
| time/                    |              |
|    fps                   | 106          |
|    iterations            | 7            |
|    time_elapsed          | 134          |
|    total_timesteps       | 14336        |
| train/                   |              |
|    approx_kl             | 0.0058196783 |
|    clip_fraction         | 0.0324       |
|    clip_range            | 0.2          |
|    cost_returns          | 8.77         |
|    cost_value_loss       | nan          |
|    cost_values           | -0.0556      |
|    entropy               | -2.87        |
|    entropy_loss          | -2.87        |
|    explained_variance    | 0.00688      |
|    lagrangian_multiplier | 0            |
|    learning_rate         | 0.0003       |
|    loss                  | 180          |
|    n_updates             | 60           |
|    policy_gradient_loss  | -0.00503     |
|    std                   | 1.02         |
|    value_loss            | 355          |
-------------------------------------------
/nas/ucb/mason/ethically-compliant-rl/.venv/lib/python3.9/site-packages/numpy/core/fromnumeric.py:3464: RuntimeWarning: Mean of empty slice.
  return _methods._mean(a, axis=axis, dtype=dtype,
/nas/ucb/mason/ethically-compliant-rl/.venv/lib/python3.9/site-packages/numpy/core/_methods.py:192: RuntimeWarning: invalid value encountered in scalar divide
  ret = ret.dtype.type(ret / rcount)
ENTERED
ENTERED
ENTERED
ENTERED
ENTERED
ENTERED
ENTERED
ENTERED
ENTERED
ENTERED
-------------------------------------------
| rollout/                 |              |
|    ep_len_mean           | 1e+03        |
|    ep_rew_mean           | -1.02e+03    |
| time/                    |              |
|    fps                   | 116          |
|    iterations            | 8            |
|    time_elapsed          | 140          |
|    total_timesteps       | 16384        |
| train/                   |              |
|    approx_kl             | 0.0058830944 |
|    clip_fraction         | 0.0298       |
|    clip_range            | 0.2          |
|    cost_returns          | 10.4         |
|    cost_value_loss       | nan          |
|    cost_values           | -0.227       |
|    entropy               | -2.85        |
|    entropy_loss          | -2.85        |
|    explained_variance    | 0.0126       |
|    lagrangian_multiplier | 0            |
|    learning_rate         | 0.0003       |
|    loss                  | 200          |
|    n_updates             | 70           |
|    policy_gradient_loss  | -0.00543     |
|    std                   | 1            |
|    value_loss            | 420          |
-------------------------------------------
/nas/ucb/mason/ethically-compliant-rl/.venv/lib/python3.9/site-packages/numpy/core/fromnumeric.py:3464: RuntimeWarning: Mean of empty slice.
  return _methods._mean(a, axis=axis, dtype=dtype,
/nas/ucb/mason/ethically-compliant-rl/.venv/lib/python3.9/site-packages/numpy/core/_methods.py:192: RuntimeWarning: invalid value encountered in scalar divide
  ret = ret.dtype.type(ret / rcount)
ENTERED
ENTERED
ENTERED
ENTERED
ENTERED
ENTERED
ENTERED
ENTERED
ENTERED
ENTERED
-------------------------------------------
| rollout/                 |              |
|    ep_len_mean           | 1e+03        |
|    ep_rew_mean           | -1.07e+03    |
| time/                    |              |
|    fps                   | 101          |
|    iterations            | 7            |
|    time_elapsed          | 140          |
|    total_timesteps       | 14336        |
| train/                   |              |
|    approx_kl             | 0.0039369445 |
|    clip_fraction         | 0.0181       |
|    clip_range            | 0.2          |
|    cost_returns          | 2.21         |
|    cost_value_loss       | nan          |
|    cost_values           | 0.219        |
|    entropy               | -2.86        |
|    entropy_loss          | -2.85        |
|    explained_variance    | 0.0384       |
|    lagrangian_multiplier | 0            |
|    learning_rate         | 0.0003       |
|    loss                  | 132          |
|    n_updates             | 60           |
|    policy_gradient_loss  | -0.00275     |
|    std                   | 1.01         |
|    value_loss            | 265          |
-------------------------------------------
/nas/ucb/mason/ethically-compliant-rl/.venv/lib/python3.9/site-packages/numpy/core/fromnumeric.py:3464: RuntimeWarning: Mean of empty slice.
  return _methods._mean(a, axis=axis, dtype=dtype,
/nas/ucb/mason/ethically-compliant-rl/.venv/lib/python3.9/site-packages/numpy/core/_methods.py:192: RuntimeWarning: invalid value encountered in scalar divide
  ret = ret.dtype.type(ret / rcount)
slurmstepd: error: *** STEP 115184.3 ON gail.ist.berkeley.edu CANCELLED AT 2023-12-29T19:36:08 ***
slurmstepd: error: *** STEP 115184.1 ON ddpg.ist.berkeley.edu CANCELLED AT 2023-12-29T19:36:08 ***
slurmstepd: error: *** STEP 115184.2 ON dqn.ist.berkeley.edu CANCELLED AT 2023-12-29T19:36:08 ***
slurmstepd: error: *** STEP 115184.0 ON airl.ist.berkeley.edu CANCELLED AT 2023-12-30T03:36:08 ***
slurmstepd: error: *** JOB 115184 ON airl.ist.berkeley.edu CANCELLED AT 2023-12-30T03:36:08 ***
