usage: train_ppol.py [-h] [--cost_limit COST_LIMIT]
train_ppol.py: error: argument --cost_limit: expected one argument
usage: train_ppol.py [-h] [--cost_limit COST_LIMIT]
train_ppol.py: error: argument --cost_limit: expected one argument
srun: error: gail.ist.berkeley.edu: task 0: Exited with exit code 2
usage: train_ppol.py [-h] [--cost_limit COST_LIMIT]
train_ppol.py: error: argument --cost_limit: expected one argument
usage: train_ppol.py [-h] [--cost_limit COST_LIMIT]
train_ppol.py: error: argument --cost_limit: expected one argument
srun: error: airl.ist.berkeley.edu: task 0: Exited with exit code 2
srun: error: ddpg.ist.berkeley.edu: task 0: Exited with exit code 2
srun: error: dqn.ist.berkeley.edu: task 0: Exited with exit code 2
srun: Job 97333 step creation temporarily disabled, retrying (Requested nodes are busy)
srun: Step created for StepId=97333.4
srun: Job 97333 step creation temporarily disabled, retrying (Requested nodes are busy)
srun: Step created for StepId=97333.5
srun: Job 97333 step creation temporarily disabled, retrying (Requested nodes are busy)
srun: Step created for StepId=97333.6
usage: train_ppol.py [-h] [--cost_limit COST_LIMIT]
train_ppol.py: error: argument --cost_limit: expected one argument
srun: Job 97333 step creation temporarily disabled, retrying (Requested nodes are busy)
srun: Step created for StepId=97333.7
srun: error: airl.ist.berkeley.edu: task 0: Exited with exit code 2
usage: train_ppol.py [-h] [--cost_limit COST_LIMIT]
train_ppol.py: error: argument --cost_limit: expected one argument
srun: Job 97333 step creation temporarily disabled, retrying (Requested nodes are busy)
srun: Step created for StepId=97333.8
srun: error: ddpg.ist.berkeley.edu: task 0: Exited with exit code 2
srun: Job 97333 step creation temporarily disabled, retrying (Requested nodes are busy)
srun: Step created for StepId=97333.9
usage: train_ppol.py [-h] [--cost_limit COST_LIMIT]
train_ppol.py: error: argument --cost_limit: expected one argument
srun: error: dqn.ist.berkeley.edu: task 0: Exited with exit code 2
srun: Job 97333 step creation temporarily disabled, retrying (Requested nodes are busy)
srun: Job 97333 step creation temporarily disabled, retrying (Requested nodes are busy)
srun: Step created for StepId=97333.10
usage: train_ppol.py [-h] [--cost_limit COST_LIMIT]
train_ppol.py: error: argument --cost_limit: expected one argument
usage: train_ppol.py [-h] [--cost_limit COST_LIMIT]
train_ppol.py: error: argument --cost_limit: expected one argument
srun: error: gail.ist.berkeley.edu: task 0: Exited with exit code 2
srun: error: airl.ist.berkeley.edu: task 0: Exited with exit code 2
srun: Job 97333 step creation temporarily disabled, retrying (Requested nodes are busy)
srun: Step created for StepId=97333.11
usage: train_ppol.py [-h] [--cost_limit COST_LIMIT]
train_ppol.py: error: argument --cost_limit: expected one argument
srun: error: ddpg.ist.berkeley.edu: task 0: Exited with exit code 2
srun: Job 97333 step creation temporarily disabled, retrying (Requested nodes are busy)
srun: Step created for StepId=97333.12
usage: train_ppol.py [-h] [--cost_limit COST_LIMIT]
train_ppol.py: error: argument --cost_limit: expected one argument
srun: Job 97333 step creation temporarily disabled, retrying (Requested nodes are busy)
srun: Step created for StepId=97333.13
srun: error: dqn.ist.berkeley.edu: task 0: Exited with exit code 2
usage: train_ppol.py [-h] [--cost_limit COST_LIMIT]
train_ppol.py: error: argument --cost_limit: expected one argument
srun: error: airl.ist.berkeley.edu: task 0: Exited with exit code 2
usage: train_ppol.py [-h] [--cost_limit COST_LIMIT]
train_ppol.py: error: argument --cost_limit: expected one argument
srun: error: ddpg.ist.berkeley.edu: task 0: Exited with exit code 2
usage: train_ppol.py [-h] [--cost_limit COST_LIMIT]
train_ppol.py: error: argument --cost_limit: expected one argument
srun: error: gail.ist.berkeley.edu: task 0: Exited with exit code 2
srun: Job 97333 step creation still disabled, retrying (Requested nodes are busy)
srun: Step created for StepId=97333.14
usage: train_ppol.py [-h] [--cost_limit COST_LIMIT]
train_ppol.py: error: argument --cost_limit: expected one argument
srun: error: airl.ist.berkeley.edu: task 0: Exited with exit code 2
