wandb: Currently logged in as: mason-nakamura1 (ecrl). Use `wandb login --relogin` to force relogin
wandb: wandb version 0.16.6 is available!  To upgrade, please run:
wandb:  $ pip install wandb --upgrade
wandb: Tracking run with wandb version 0.14.2
wandb: Run data is saved locally in /nas/ucb/mason/ethically-compliant-rl/wandb/run-20240415_213203-6vsyi8xg
wandb: Run `wandb offline` to turn off syncing.
wandb: Syncing run rosy-firefly-3
wandb: ⭐️ View project at https://wandb.ai/ecrl/mini-grid
wandb: 🚀 View run at https://wandb.ai/ecrl/mini-grid/runs/6vsyi8xg
LOSS: -9.06904460862279e-05
LOSS: 0.0001410499680787325
LOSS: -0.00048715597949922085
LOSS: 0.00020543858408927917
LOSS: -0.0013161199167370796
LOSS: -0.001794807380065322
LOSS: 7.14713241904974e-05
LOSS: -0.001262617064639926
LOSS: -0.0017181963194161654
LOSS: -0.0011509004980325699
LOSS: -0.0014097279636189342
LOSS: -0.001160420710220933
LOSS: -0.001356491120532155
LOSS: -0.0019935674499720335
LOSS: -0.0004740044241771102
LOSS: -0.002515361411496997
LOSS: -0.0023698534350842237
LOSS: -0.0011636598501354456
LOSS: -0.0021345324348658323
LOSS: -0.0015735086053609848
LOSS: -0.0028637461364269257
LOSS: -0.0013039067853242159
LOSS: -0.003008072031661868
LOSS: -0.0012676201295107603
LOSS: -0.0009862377773970366
LOSS: -0.002751306165009737
LOSS: -0.0024831676855683327
LOSS: -0.003517867298796773
LOSS: -0.0018780484097078443
LOSS: -0.0018297280184924603
LOSS: -0.003784646512940526
LOSS: -0.0033957825507968664
LOSS: -0.0017965389415621758
LOSS: -0.002698103664442897
LOSS: -0.0040505812503397465
LOSS: -0.0035335286520421505
LOSS: -0.005169087555259466
LOSS: -0.0019418001174926758
LOSS: -0.0042580352164804935
LOSS: -0.001640855334699154
LOSS: -0.0018547410145401955
LOSS: -0.0018550201784819365
LOSS: -0.0020350576378405094
LOSS: -0.0019243325805291533
LOSS: -0.002125292783603072
LOSS: -0.002034025965258479
LOSS: -0.002169741550460458
LOSS: -0.0024213609285652637
LOSS: -0.0025839121080935
LOSS: -0.0021056404802948236
LOSS: -0.0031774709932506084
LOSS: -0.0025656609795987606
LOSS: -0.002626103349030018
LOSS: -0.0030698347836732864
LOSS: -0.004093456547707319
LOSS: -0.0024594259448349476
LOSS: -0.004147123079746962
LOSS: -0.002646414563059807
LOSS: -0.003336544381454587
LOSS: -0.004225781187415123
LOSS: -0.0030306896660476923
LOSS: -0.005301919300109148
LOSS: -0.00391765870153904
LOSS: -0.004545537289232016
LOSS: -0.005252046510577202
LOSS: -0.0037459461018443108
LOSS: -0.004498904570937157
LOSS: -0.005693591199815273
LOSS: -0.005253875628113747
LOSS: -0.0047643897123634815
LOSS: -0.0053443508222699165
LOSS: -0.006229445803910494
LOSS: -0.005291667301207781
LOSS: -0.004074377007782459
LOSS: -0.009445413947105408
LOSS: -0.005618490278720856
LOSS: -0.00559498043730855
LOSS: -0.005831714253872633
LOSS: -0.008003388531506062
LOSS: -0.008405450731515884
LOSS: -0.0018987733637914062
LOSS: -0.00181971222627908
LOSS: -0.002141795586794615
LOSS: -0.001970701152458787
LOSS: -0.002198210684582591
LOSS: -0.0015462138690054417
LOSS: -0.0022477649617940187
LOSS: -0.002650934737175703
LOSS: -0.0019188213627785444
LOSS: -0.0019741200376302004
LOSS: -0.0035716260317713022
LOSS: -0.002933759707957506
LOSS: -0.0029384468216449022
LOSS: -0.003046977100893855
LOSS: -0.003053740831092
LOSS: -0.00347179570235312
LOSS: -0.0031898401211947203
LOSS: -0.005749068222939968
LOSS: -0.00185737747233361
LOSS: -0.0041625527665019035
LOSS: -0.005329919513314962
LOSS: -0.005049319937825203
LOSS: -0.0031618261709809303
LOSS: -0.00436193635687232
LOSS: -0.0047764163464307785
LOSS: -0.006610002368688583
LOSS: -0.003540949895977974
LOSS: -0.006100041791796684
LOSS: -0.005506614223122597
LOSS: -0.005243836436420679
LOSS: -0.008985895663499832
LOSS: -0.0045880586840212345
LOSS: -0.009117144159972668
LOSS: -0.0059692226350307465
LOSS: -0.00667080283164978
LOSS: -0.006463542580604553
LOSS: -0.008417659439146519
LOSS: -0.00830403994768858
LOSS: -0.004912096541374922
LOSS: -0.010652259923517704
LOSS: -0.001912356005050242
LOSS: -0.002082304796203971
LOSS: -0.0018681539222598076
LOSS: -0.002120790770277381
LOSS: -0.0019591220188885927
LOSS: -0.0024455247912555933
LOSS: -0.003201249521225691
LOSS: -0.0015515565173700452
LOSS: -0.0015392189379781485
LOSS: -0.0019799761939793825
LOSS: -0.003814989235252142
LOSS: -0.0037534807343035936
LOSS: -0.0035323197953402996
LOSS: -0.0030017003882676363
LOSS: -0.0027857350651174784
LOSS: -0.003413555445149541
LOSS: -0.0033375935163348913
LOSS: -0.003978022839874029
LOSS: -0.00287331803701818
LOSS: -0.004926422145217657
LOSS: -0.003421355737373233
LOSS: -0.006305814255028963
LOSS: -0.0025899496395140886
LOSS: -0.005105501972138882
LOSS: -0.004159105941653252
LOSS: -0.0040649366565048695
LOSS: -0.0072602778673172
LOSS: -0.0048450022004544735
LOSS: -0.007619145791977644
LOSS: -0.008211415261030197
LOSS: -0.006778338458389044
LOSS: 0.00013341111480258405
LOSS: -0.00813621561974287
LOSS: -0.0037658335641026497
LOSS: -0.009612910449504852
LOSS: -0.005163908004760742
LOSS: -0.009352396242320538
LOSS: -0.003378699067980051
LOSS: -0.0067154355347156525
LOSS: -0.006920659448951483
LOSS: -0.0019121305085718632
LOSS: -0.002191852545365691
LOSS: -0.0018750199815258384
LOSS: -0.0024338967632502317
LOSS: -0.0020485976710915565
LOSS: -0.0034389342181384563
LOSS: -0.0033626051153987646
LOSS: -0.0035087536089122295
LOSS: -0.0035472994204610586
LOSS: -0.001114850863814354
LOSS: -0.007417976390570402
LOSS: -0.0065883151255548
LOSS: -0.0022188762668520212
LOSS: -0.007153224665671587
LOSS: -0.013533632270991802
LOSS: -0.002083586296066642
LOSS: 0.001030040206387639
LOSS: -0.00907970406115055
LOSS: -0.011451203376054764
LOSS: -0.005234835669398308
LOSS: -0.00934429932385683
LOSS: -0.0018750972812995315
LOSS: -0.0116092124953866
LOSS: -0.00495878653600812
LOSS: -0.004656507633626461
LOSS: -0.013276913203299046
LOSS: -0.006862130016088486
LOSS: -0.0036124163307249546
LOSS: -0.015021237544715405
LOSS: -0.00841459445655346
LOSS: -0.006354496814310551
LOSS: -0.0017780797788873315
LOSS: -0.009385560639202595
LOSS: -0.011083954013884068
LOSS: -0.003171204123646021
LOSS: -0.009806870482861996
LOSS: -0.005872935056686401
LOSS: -0.01235153153538704
LOSS: -0.009061573073267937
LOSS: -0.009416529908776283
Directory created: tests/PPOL_New/models/mini-grid/6vsyi8xg
LOSS: -0.0019084973027929664
LOSS: -0.001992366975173354
LOSS: -0.0022850944660604
LOSS: -0.0019090522546321154
LOSS: -0.004115142859518528
LOSS: -0.005046099424362183
LOSS: -0.0010785125195980072
LOSS: -0.0022796455305069685
LOSS: -0.0019976021721959114
LOSS: -0.0034544619265943766
LOSS: -0.008200043812394142
LOSS: -0.010716388002038002
LOSS: -0.010763927362859249
LOSS: -0.005451992619782686
LOSS: -0.006129739806056023
LOSS: -0.008531112223863602
LOSS: -0.00532920565456152
LOSS: -0.006028335075825453
LOSS: -0.020655738189816475
LOSS: -0.00353837083093822
LOSS: -0.006614468991756439
LOSS: -0.013821868225932121
LOSS: -0.01335652731359005
LOSS: -0.007378458511084318
LOSS: -0.010269058868288994
LOSS: -0.01203155517578125
LOSS: -0.014942191541194916
LOSS: -0.006911500357091427
LOSS: -0.013900662772357464
LOSS: -0.016932396218180656
LOSS: -0.010142398998141289
LOSS: -0.00823950208723545
LOSS: -0.015203938819468021
LOSS: -0.014612756669521332
LOSS: -0.010216550901532173
LOSS: -0.013475588522851467
LOSS: -0.018850848078727722
LOSS: -0.02292764186859131
LOSS: -0.011200942099094391
LOSS: -0.005490338895469904
LOSS: -0.0018977934960275888
LOSS: -0.0020531651098281145
LOSS: -0.0019739337731152773
LOSS: -0.001659412169829011
LOSS: -0.0018117449944838881
LOSS: -0.004946787375956774
LOSS: -0.0013897443423047662
LOSS: -0.0035730558447539806
LOSS: -0.0019118767231702805
LOSS: -0.006422814913094044
LOSS: -0.004406889900565147
LOSS: -0.005451198201626539
LOSS: -0.006365060806274414
LOSS: -0.0048484355211257935
LOSS: -0.001186933252029121
LOSS: -0.01000146847218275
LOSS: 0.0015594597207382321
LOSS: -0.004882423672825098
LOSS: -0.011920024640858173
LOSS: -0.010251316241919994
LOSS: -0.006933342199772596
LOSS: 0.0006900555454194546
LOSS: -0.016720080748200417
LOSS: -0.004794701933860779
LOSS: -0.007712103426456451
LOSS: -0.008233188651502132
LOSS: -0.01035377662628889
LOSS: -0.00570219149813056
LOSS: -0.0014893468469381332
LOSS: -0.01084065716713667
LOSS: -0.01424336526542902
LOSS: -0.00659613311290741
LOSS: -0.012227967381477356
LOSS: -0.010256325826048851
LOSS: -0.010273967869579792
LOSS: -0.0033116256818175316
LOSS: -0.0022599156945943832
LOSS: -0.01679324172437191
LOSS: -0.017346756532788277
LOSS: -0.00043340958654880524
LOSS: -0.0018776643555611372
LOSS: -0.001838494325056672
LOSS: -0.0014216946437954903
LOSS: -0.0020630122162401676
LOSS: -0.0022682715207338333
LOSS: -0.0005017246003262699
LOSS: -0.0030847988091409206
LOSS: -0.005290712229907513
LOSS: -0.004786379169672728
LOSS: -0.0027945342008024454
LOSS: -0.0036128053907305002
LOSS: -0.002306536538526416
LOSS: 9.949677769327536e-05
LOSS: -0.007296878844499588
LOSS: -0.003901986638084054
LOSS: -0.008589147590100765
LOSS: -0.001262890873476863
LOSS: -0.014323472045361996
LOSS: -0.005360603332519531
LOSS: -0.002483103424310684
LOSS: -0.007802197244018316
LOSS: 0.0002562782319728285
LOSS: -0.008151162415742874
LOSS: -0.009158993139863014
LOSS: -0.013196361251175404
LOSS: -0.0036980609875172377
LOSS: -0.005662727635353804
LOSS: -0.004723270423710346
LOSS: 0.0014239286538213491
LOSS: -0.010717930272221565
LOSS: -0.004590920172631741
LOSS: -0.01498525682836771
LOSS: -0.01266285590827465
LOSS: -0.008500618860125542
LOSS: 0.00019585397967603058
LOSS: -0.01020254660397768
LOSS: 0.00014544797886628658
LOSS: -0.0014618068234995008
LOSS: -0.01766621135175228
LOSS: -0.014095931313931942
LOSS: -0.0019065833184868097
LOSS: -0.0018686885014176369
LOSS: -0.00192129029892385
LOSS: -0.00201888894662261
LOSS: -0.0022959241177886724
LOSS: -0.003123288042843342
LOSS: -0.0020147047471255064
LOSS: -0.00025856736465357244
LOSS: -0.0035513348411768675
LOSS: -0.003059607930481434
LOSS: -0.0032918364740908146
LOSS: -0.0017208963399752975
LOSS: -0.0029562402050942183
LOSS: -0.0038241767324507236
LOSS: -0.005897921044379473
LOSS: -0.001988224918022752
LOSS: -0.0027842496056109667
LOSS: -0.0029566555749624968
LOSS: -0.004870381206274033
LOSS: -0.007105998229235411
LOSS: -0.007011482026427984
LOSS: -0.006503566633909941
LOSS: -0.0008253106498159468
LOSS: -0.006922353524714708
LOSS: -0.007116258144378662
LOSS: -0.009656808339059353
LOSS: -0.003144927090033889
LOSS: -0.004680406767874956
LOSS: 0.0006672483868896961
LOSS: -0.013933360576629639
LOSS: -0.018158862367272377
LOSS: 0.0026570246554911137
LOSS: -0.00987265445291996
LOSS: -0.007572866976261139
LOSS: -0.0035648446064442396
LOSS: -0.00860052090138197
LOSS: -0.009180883876979351
LOSS: -0.006065343506634235
LOSS: -0.007058947812765837
LOSS: -0.009410993196070194
LOSS: -0.0019090543501079082
LOSS: -0.002098008757457137
LOSS: -0.0019098453922197223
LOSS: -0.0010534093016758561
LOSS: -0.003076202003285289
LOSS: -0.0025896618608385324
LOSS: -0.002622617408633232
LOSS: -0.0005690407124347985
LOSS: -0.003241489175707102
LOSS: -0.0023781582713127136
LOSS: -0.003946240991353989
LOSS: -0.0018334835767745972
LOSS: -0.002948100445792079
LOSS: -0.00028672232292592525
LOSS: -0.0072292136028409
LOSS: -0.004055510275065899
LOSS: -0.0033560774754732847
LOSS: -0.0038141284603625536
LOSS: -0.004961819853633642
LOSS: -0.005424932576715946
LOSS: -0.004606878850609064
LOSS: -0.00677149835973978
LOSS: -0.009098833426833153
LOSS: -0.0004478585906326771
LOSS: -0.003920450806617737
LOSS: -0.008589768782258034
LOSS: -0.013516618870198727
LOSS: 0.002165738260373473
LOSS: -0.01147252507507801
LOSS: -0.0035903058014810085
LOSS: -0.014918584376573563
LOSS: 0.0037070894613862038
LOSS: -0.0065861651673913
LOSS: -0.005778616759926081
LOSS: -0.011150691658258438
LOSS: -0.005990932695567608
LOSS: -0.007218093145638704
LOSS: -0.006240415386855602
LOSS: -0.00889604538679123
LOSS: -0.010137156583368778
LOSS: -0.0018834014190360904
LOSS: -0.0019307999173179269
LOSS: -0.0014431315939873457
LOSS: -0.002068747067824006
LOSS: -0.0029794347938150167
LOSS: -0.0016960537759587169
LOSS: -0.0032270813826471567
LOSS: -0.0036325829569250345
LOSS: -0.005330218467861414
LOSS: -0.006954862270504236
LOSS: -0.010909808799624443
LOSS: 0.006409480702131987
LOSS: -0.0097251757979393
LOSS: 0.0011767219984903932
LOSS: -0.005896344315260649
LOSS: -0.0148709611967206
LOSS: -0.0019358389545232058
LOSS: -0.009577174670994282
LOSS: -0.011957721784710884
LOSS: -0.005076155997812748
LOSS: -0.007512247189879417
LOSS: -0.007114929147064686
LOSS: -0.013555716723203659
LOSS: -0.0022413732949644327
LOSS: -0.002300427295267582
LOSS: -0.011808652430772781
LOSS: -0.014059181325137615
LOSS: -0.004180780611932278
LOSS: -0.015578818507492542
LOSS: -0.006985845509916544
LOSS: -0.004215692635625601
LOSS: -0.007325886748731136
LOSS: -0.0066164471209049225
LOSS: -0.0027595669962465763
LOSS: -0.011144445277750492
LOSS: -0.014956941828131676
LOSS: 0.0012722695246338844
LOSS: -0.015299725346267223
LOSS: -0.005548697430640459
LOSS: -0.01850637048482895
LOSS: -0.001890196930617094
LOSS: -0.0014714135322719812
LOSS: -0.0024899307172745466
LOSS: -0.002086543245241046
LOSS: -0.0033016307279467583
LOSS: -0.0034241038374602795
LOSS: 0.0009908787906169891
LOSS: -0.006718499585986137
LOSS: -0.005929109174758196
LOSS: 0.000788301695138216
LOSS: -0.006692921277135611
LOSS: -0.006040840409696102
LOSS: -0.006320990156382322
LOSS: 0.00045370441512204707
LOSS: -0.0054782237857580185
LOSS: -0.011238571256399155
LOSS: -0.017064673826098442
LOSS: -0.011087171733379364
LOSS: 0.0009427884360775352
LOSS: 0.0009954284178093076
LOSS: -0.003416480263695121
LOSS: -0.0013394261477515101
LOSS: -0.007237461395561695
LOSS: -0.01202832069247961
LOSS: -0.008687582798302174
LOSS: -0.004230728838592768
LOSS: -0.008236914873123169
LOSS: -0.003947928547859192
LOSS: 0.00039194762939587235
LOSS: -0.012115491554141045
LOSS: -0.0003843296435661614
LOSS: -0.014644021168351173
LOSS: -0.004964535124599934
LOSS: -0.007321343291550875
LOSS: -0.008246636018157005
LOSS: -0.008269055746495724
LOSS: -0.0011082007549703121
LOSS: -0.009851915761828423
LOSS: -0.010213255882263184
LOSS: -0.008974128402769566
LOSS: -0.001884576864540577
LOSS: -0.001725328853353858
LOSS: -0.0028787273913621902
LOSS: -0.0033289275597780943
LOSS: -0.004735433030873537
LOSS: -0.0021220736671239138
LOSS: -0.007760090287774801
LOSS: -0.006373172160238028
LOSS: 0.00012379905092529953
LOSS: -0.006002298090606928
LOSS: -0.011495301499962807
LOSS: -0.0101946284994483
LOSS: -0.0055274213664233685
LOSS: -0.005079395137727261
LOSS: -0.00767088308930397
LOSS: -0.011332029476761818
LOSS: -0.009121828712522984
LOSS: -0.004460221156477928
LOSS: -0.007387829944491386
LOSS: -0.012024946510791779
LOSS: -0.0036396475043147802
LOSS: -0.013065053150057793
LOSS: -0.012785793282091618
LOSS: -0.006478103809058666
LOSS: -0.013560463674366474
LOSS: -0.006840202957391739
LOSS: -0.004195040557533503
LOSS: -0.013199846260249615
LOSS: -0.010143755935132504
LOSS: -0.011330561712384224
LOSS: -0.013834544457495213
LOSS: -0.003998210188001394
LOSS: -0.013479666784405708
LOSS: -0.016209719702601433
LOSS: -0.004800846334546804
LOSS: -0.005667976103723049
LOSS: -0.006141983438283205
LOSS: -0.01787182316184044
LOSS: -0.007458433508872986
LOSS: -0.010199466720223427
LOSS: -0.001876750960946083
LOSS: -0.0020652913954108953
LOSS: -0.0021641997154802084
LOSS: -0.0030145798809826374
LOSS: -0.002884170738980174
LOSS: -0.0030538334976881742
LOSS: -0.00440618209540844
LOSS: -0.0054692234843969345
LOSS: -0.006329837255179882
LOSS: -0.0047074914909899235
LOSS: -0.00787328090518713
LOSS: -0.005542105529457331
LOSS: -0.007018316071480513
LOSS: -0.0033402214758098125
LOSS: -0.013318480923771858
LOSS: -0.014762128703296185
LOSS: -0.020455749705433846
LOSS: -0.01214836910367012
LOSS: -0.0025710021145641804
LOSS: -0.005197153426706791
LOSS: -0.008827021345496178
LOSS: -0.020870357751846313
LOSS: -0.00870752427726984
LOSS: -0.006712405942380428
LOSS: -0.01620166003704071
LOSS: -0.0036817986983805895
LOSS: -0.006759024225175381
LOSS: -0.018882762640714645
LOSS: -0.011482334695756435
LOSS: -0.013936025090515614
LOSS: -0.004903287626802921
LOSS: -0.015879346057772636
LOSS: -0.0088759521022439
LOSS: -0.01239571813493967
LOSS: -0.011016902513802052
LOSS: -0.018459288403391838
LOSS: -0.022672932595014572
LOSS: -0.007651715073734522
LOSS: -0.01710965856909752
LOSS: -0.002795897191390395
LOSS: -0.0018686685943976045
LOSS: -0.001673039747402072
LOSS: -0.001873607630841434
LOSS: -0.0025085206143558025
LOSS: -0.0037921343464404345
LOSS: -0.0004020280612166971
LOSS: -0.007286704611033201
LOSS: -0.0016512207221239805
LOSS: -0.007073542568832636
LOSS: 0.0027831115294247866
LOSS: -0.009814010933041573
LOSS: -0.003080829046666622
LOSS: -0.00655638612806797
LOSS: -0.008943513035774231
LOSS: 0.001354202046059072
LOSS: -0.006354022305458784
LOSS: -0.009505507536232471
LOSS: -0.004931273404508829
LOSS: -0.004729788284748793
LOSS: -0.00637236749753356
LOSS: -0.003752951743081212
LOSS: -0.007559840567409992
LOSS: -0.012326739728450775
LOSS: -0.002391887828707695
LOSS: -0.002119331620633602
LOSS: -0.013158108107745647
LOSS: 0.00027372397016733885
LOSS: -0.016010599210858345
LOSS: -0.006670679431408644
LOSS: -0.009006371721625328
LOSS: -0.0012586781522259116
LOSS: -0.01760231889784336
LOSS: -0.003940938971936703
LOSS: -0.002301094587892294
LOSS: -0.013515738770365715
LOSS: -0.017537837848067284
LOSS: -0.004490498919039965
LOSS: -0.011107864789664745
LOSS: -0.016392385587096214
LOSS: -0.006590856239199638
Directory already exists: tests/PPOL_New/models/mini-grid/6vsyi8xg
LOSS: -0.001872617518529296
LOSS: -0.0017680248711258173
LOSS: -0.0015082038007676601
LOSS: -0.002825637813657522
LOSS: -0.0032520245295017958
LOSS: -0.003175118239596486
LOSS: -0.003627876518294215
LOSS: -0.004792280029505491
LOSS: -0.007588391192257404
LOSS: -0.01203221920877695
LOSS: -0.0020140435080975294
LOSS: -0.00020083299023099244
LOSS: -0.0060701216571033
LOSS: -0.0006302016554400325
LOSS: -0.010401049628853798
LOSS: -0.009379919618368149
LOSS: -0.011392133310437202
LOSS: -0.008272340521216393
LOSS: -0.007768675684928894
LOSS: -0.004409200511872768
LOSS: -0.0034308363683521748
LOSS: -0.006175616756081581
LOSS: -0.01941864751279354
LOSS: -0.00648883730173111
LOSS: -0.005311968270689249
LOSS: -0.0029005578253418207
LOSS: -0.012563968077301979
LOSS: -0.01720023714005947
LOSS: -0.0011643200414255261
LOSS: -0.010475080460309982
LOSS: -0.010351191274821758
LOSS: -0.013917825184762478
LOSS: -0.014154966920614243
LOSS: -0.008214360103011131
LOSS: -0.009989289566874504
LOSS: -0.009593435563147068
LOSS: -0.007157028652727604
LOSS: -0.010014820843935013
LOSS: -0.010254538618028164
LOSS: -0.016448456794023514
LOSS: -0.0018731368472799659
LOSS: -0.0019493913277983665
LOSS: 0.00032414900488220155
LOSS: -0.0011348160915076733
LOSS: -0.000488395569846034
LOSS: -0.005244424566626549
LOSS: 0.0008412014576606452
LOSS: -0.004366436507552862
LOSS: -0.003810820635408163
LOSS: 1.469880407967139e-05
LOSS: -0.002506984630599618
LOSS: -0.0052813757210969925
LOSS: -0.0043768975883722305
LOSS: -0.004815677646547556
LOSS: -0.003420595545321703
LOSS: -0.0025461905170232058
LOSS: -0.009123996831476688
LOSS: -0.0034768639598041773
LOSS: -0.003396033076569438
LOSS: -0.0024364148266613483
LOSS: -0.008216973394155502
LOSS: -0.0074228993616998196
LOSS: -0.005400510039180517
LOSS: -0.0013550358125939965
LOSS: -0.0120950136333704
LOSS: -0.00825407076627016
LOSS: -0.005423888564109802
LOSS: -0.002271045232191682
LOSS: -0.005560301244258881
LOSS: -0.004424789920449257
LOSS: -0.009183748625218868
LOSS: -0.012100230902433395
LOSS: -0.009129456244409084
LOSS: -0.007744740694761276
LOSS: -0.01177280768752098
LOSS: -0.006862178444862366
LOSS: -0.009779859334230423
LOSS: -0.007174636237323284
LOSS: -0.016803456470370293
LOSS: -0.00601612776517868
LOSS: -0.001827428350225091
LOSS: -0.0018089816439896822
LOSS: -0.0018898326670750976
LOSS: -0.001067834789864719
LOSS: -0.000598353159148246
LOSS: -0.0025262925773859024
LOSS: -0.0028852587565779686
LOSS: -0.0038963262923061848
LOSS: -0.0007918332703411579
LOSS: -0.005410162266343832
LOSS: -0.007704261690378189
LOSS: -0.010158452205359936
LOSS: -0.008219150826334953
LOSS: -0.0032232829835265875
LOSS: -0.006404426414519548
LOSS: -0.015084839425981045
LOSS: -0.0076805585995316505
LOSS: -0.00808027945458889
LOSS: -0.0047264136373996735
LOSS: -0.015365133062005043
LOSS: -0.007493170909583569
LOSS: -0.012613357976078987
LOSS: -0.012806144542992115
LOSS: -0.009422898292541504
LOSS: -0.013453311286866665
LOSS: -0.01233506016433239
LOSS: -0.006365388166159391
LOSS: -0.011983619071543217
LOSS: -0.005652074236422777
LOSS: -0.011716249398887157
LOSS: -0.014909119345247746
LOSS: -0.015149997547268867
LOSS: -0.010248234495520592
LOSS: -0.014975456520915031
LOSS: -0.007251725997775793
LOSS: -0.018424805253744125
LOSS: -0.021158888936042786
LOSS: -0.013781708665192127
LOSS: -0.005510673392564058
LOSS: -0.01048226561397314
LOSS: -0.0018461612053215504
LOSS: -0.002128856722265482
LOSS: -0.002765893004834652
LOSS: -0.0041428543627262115
LOSS: -0.0040759555995464325
LOSS: -0.005017111077904701
LOSS: -0.00404331972822547
LOSS: -0.009609597735106945
LOSS: -0.004050843417644501
LOSS: -0.0031462411861866713
LOSS: -0.012041675858199596
LOSS: -0.006849181372672319
LOSS: -0.0058219339698553085
LOSS: -0.011976631358265877
LOSS: -0.010196520015597343
LOSS: -0.010503587312996387
LOSS: -0.01229847501963377
LOSS: -0.008901783265173435
LOSS: -0.011021795682609081
LOSS: -0.014573548920452595
LOSS: -0.008421983569860458
LOSS: -0.018440386280417442
LOSS: -0.006984778679907322
LOSS: -0.012726930901408195
LOSS: -0.009423065930604935
LOSS: -0.016398750245571136
LOSS: -0.012197863310575485
LOSS: -0.010064215399324894
LOSS: -0.014802719466388226
LOSS: -0.018919654190540314
LOSS: -0.004958605859428644
LOSS: -0.013369615189731121
LOSS: -0.005700679961591959
LOSS: -0.024031730368733406
LOSS: 0.0032081652898341417
LOSS: -0.020993739366531372
LOSS: -0.009056027978658676
LOSS: -0.021484188735485077
LOSS: -0.010685449466109276
LOSS: -0.010663222521543503
LOSS: -0.001859542797319591
LOSS: -0.001750353374518454
LOSS: -0.0019354262622073293
LOSS: -0.0013540989020839334
LOSS: -0.002264446811750531
LOSS: -0.001815002877265215
LOSS: -0.003050723345950246
LOSS: 0.0014289880637079477
LOSS: -0.004630650859326124
LOSS: -0.005586821120232344
LOSS: 0.003767209593206644
LOSS: -0.004527547396719456
LOSS: -0.001603035954758525
LOSS: -0.004207177087664604
LOSS: -0.0036619878374040127
LOSS: -0.005111172329634428
LOSS: -0.005544476211071014
LOSS: -0.006702111102640629
LOSS: -0.0020994022488594055
LOSS: -0.00287775625474751
LOSS: -0.006420737132430077
LOSS: -0.0030339055228978395
LOSS: -0.0019025475485250354
LOSS: -0.009288497269153595
LOSS: -0.009648915380239487
LOSS: -0.0030396422371268272
LOSS: -0.006209089420735836
LOSS: -0.004682096187025309
LOSS: -0.0035675782710313797
LOSS: -0.0075479294173419476
LOSS: -0.012536405585706234
LOSS: -0.002870552008971572
LOSS: -0.008878892287611961
LOSS: -0.008218055590987206
LOSS: -0.007695664186030626
LOSS: -0.004842653404921293
LOSS: -0.008824304677546024
LOSS: -0.006639963481575251
LOSS: -0.004995463881641626
LOSS: -0.010310600511729717
LOSS: -0.0018306898418813944
LOSS: -0.0011233794502913952
LOSS: -0.0016565320547670126
LOSS: -0.0015390216140076518
LOSS: -0.0036959785502403975
LOSS: -0.003298613941296935
LOSS: -0.009057842195034027
LOSS: 0.0071181803941726685
LOSS: -0.00795723032206297
LOSS: -0.012251785956323147
LOSS: 0.005036037880927324
LOSS: 0.0016026609810069203
LOSS: -0.006431412883102894
LOSS: -0.001145842019468546
LOSS: -0.008899318054318428
LOSS: -0.0075328173115849495
LOSS: -0.007456366904079914
LOSS: -0.009936505928635597
LOSS: -0.005996224470436573
LOSS: -0.00762009434401989
LOSS: -0.01372400764375925
LOSS: -0.0019404817139729857
LOSS: -0.010218453593552113
LOSS: -0.005071827210485935
LOSS: -0.0010545128025114536
LOSS: -0.024472234770655632
LOSS: -0.005919583607465029
LOSS: -0.005069322418421507
LOSS: -0.010309605859220028
LOSS: -0.0021730633452534676
LOSS: -0.007822141982614994
LOSS: -0.019922401756048203
LOSS: -0.013027286157011986
LOSS: -0.011274762451648712
LOSS: -0.008020655252039433
LOSS: -0.004249395802617073
LOSS: -0.008221562020480633
LOSS: -0.02030409872531891
LOSS: -0.005573291797190905
LOSS: -0.013387680053710938
LOSS: -0.0015630151610821486
LOSS: -0.0011375611647963524
LOSS: -0.0022325688041746616
LOSS: 0.0015837664250284433
LOSS: 0.0005877068033441901
LOSS: -0.0028298350516706705
LOSS: 0.00010702798317652196
LOSS: -0.010746206156909466
LOSS: -0.006478345487266779
LOSS: -0.000520478468388319
LOSS: -0.0026559976395219564
LOSS: 0.0006312286132015288
LOSS: -0.004937355872243643
LOSS: -0.00750207994133234
LOSS: -0.001928081619553268
LOSS: 0.0006792066269554198
LOSS: -0.007744277361780405
LOSS: -0.0004915317986160517
LOSS: -0.00041399436304345727
LOSS: -0.00806698389351368
LOSS: -0.012785250321030617
LOSS: -0.00993211381137371
LOSS: -0.0032146861776709557
LOSS: 0.0023876980412751436
LOSS: -0.008622890338301659
LOSS: -0.0074548437260091305
LOSS: -0.007823859341442585
LOSS: -0.005660590715706348
LOSS: -0.013386880978941917
LOSS: -0.007862157188355923
LOSS: -0.0086344163864851
LOSS: -0.0029481148812919855
LOSS: -0.013743625022470951
LOSS: -0.008975286968052387
LOSS: -0.005740062799304724
LOSS: -0.004309161100536585
LOSS: -0.009931612759828568
LOSS: -0.006850103847682476
LOSS: -0.010916032828390598
LOSS: -0.012687001377344131
LOSS: -0.0014226100174710155
LOSS: -0.0015585396904498339
LOSS: -0.0018186774104833603
LOSS: -0.002782105701044202
LOSS: -0.003147273324429989
LOSS: -0.0050957645289599895
LOSS: -0.007945514284074306
LOSS: -0.00947175920009613
LOSS: -0.008555537089705467
LOSS: -0.010037794709205627
LOSS: -0.008326674811542034
LOSS: -0.013137864880263805
LOSS: -0.01814720779657364
LOSS: -0.02068587951362133
LOSS: 0.0030094338580965996
LOSS: -0.01060461439192295
LOSS: -0.01771189086139202
LOSS: -0.010785765945911407
LOSS: -0.01615716516971588
LOSS: -0.003159618005156517
LOSS: -0.006164081860333681
LOSS: -0.011172916740179062
LOSS: -0.01881612278521061
LOSS: -0.01906328648328781
LOSS: -0.022613540291786194
LOSS: -0.0122920460999012
LOSS: -0.014298051595687866
LOSS: -0.011073123663663864
LOSS: -0.006836203392595053
LOSS: -0.022956538945436478
LOSS: -0.01789146102964878
LOSS: -0.012856113724410534
LOSS: -0.014357417821884155
LOSS: -0.021763663738965988
LOSS: -0.0073387413285672665
LOSS: -0.016468487679958344
LOSS: -0.01890760473906994
LOSS: -0.011896178126335144
LOSS: -0.017768146470189095
LOSS: -0.01602405123412609
LOSS: -0.0006200956413522363
LOSS: 0.00054688670206815
LOSS: 0.00078584038419649
LOSS: -0.004378393292427063
LOSS: -0.005958723835647106
LOSS: -0.006627187132835388
LOSS: -0.007529004011303186
LOSS: 0.0066466922871768475
LOSS: -0.0027291642036288977
LOSS: -0.004621322266757488
LOSS: -0.006427035667002201
LOSS: -0.0056044962257146835
LOSS: -0.00565343489870429
LOSS: -0.006343467626720667
LOSS: -0.013234824873507023
LOSS: -0.00930862594395876
LOSS: -0.010715792886912823
LOSS: -0.013188004493713379
LOSS: -0.013312095776200294
LOSS: -0.006239850074052811
LOSS: -0.009988692589104176
LOSS: -0.016127748414874077
LOSS: -0.017514925450086594
LOSS: -0.005828211084008217
LOSS: -0.015061287209391594
LOSS: -0.006701519247144461
LOSS: -0.014401464723050594
LOSS: -0.008091513067483902
LOSS: -0.0019219829700887203
LOSS: -0.01638968661427498
LOSS: -0.02010657824575901
LOSS: -0.015702396631240845
LOSS: -0.012411973439157009
LOSS: -0.018679574131965637
LOSS: -0.010401873849332333
LOSS: -0.014055846258997917
LOSS: -0.01443423517048359
LOSS: -0.0017232325626537204
LOSS: -0.013936413452029228
LOSS: -0.0224929042160511
LOSS: 0.001051270985044539
LOSS: 0.0007681354181841016
LOSS: 0.0012643802911043167
LOSS: -6.792484782636166e-05
LOSS: 0.0015040463767945766
LOSS: -0.0008133640512824059
LOSS: -0.0029253442771732807
LOSS: 0.002393953502178192
LOSS: -0.0036445497535169125
LOSS: -0.004454321227967739
LOSS: 0.001265352126210928
LOSS: 0.0006412328220903873
LOSS: 0.0026912617031484842
LOSS: -0.0041547613218426704
LOSS: -0.00488020945340395
LOSS: -0.004404749721288681
LOSS: 0.004529287572950125
LOSS: -0.006143059581518173
LOSS: -0.0016494482988491654
LOSS: -0.00797313079237938
LOSS: -0.007619569078087807
LOSS: -0.005624533165246248
LOSS: 0.001970429439097643
LOSS: -0.004053988493978977
LOSS: -0.003043056232854724
LOSS: 0.003252982860431075
LOSS: -0.011957275681197643
LOSS: -0.008132047019898891
LOSS: -0.013626480475068092
LOSS: -0.00029501086100935936
LOSS: -0.004012285731732845
LOSS: -0.0045294854789972305
LOSS: -0.004369043745100498
LOSS: -0.007910220883786678
LOSS: -0.002482746262103319
LOSS: -0.00527940085157752
LOSS: -0.0055594779551029205
LOSS: 0.0007696705870330334
LOSS: -0.005128679797053337
LOSS: -0.00999433547258377
Directory already exists: tests/PPOL_New/models/mini-grid/6vsyi8xg
wandb: Waiting for W&B process to finish... (success).
wandb: 
wandb: Run history:
wandb:                  is_success ▁▁▁▁▁▁▁▁▁▁▁▁▁▁▁▁▁▁▁▁▁▁▁▁▁▁▁▁▁▁▁▁▁▁▁▁▁▁▁▁
wandb:                      reward ▁▁▁▁▁▁▁▁▁▁▁▁▁▁▁▁▁▁▁▁▁▁▁▁▁▁▁▁▁▁▁▁▁▁▁▁▁▁▁▁
wandb:             train/approx_kl ▁▁▁▁▂▂▃▃▄▄▅▅▅▅▄▄▅▅▆▆▅▅▇▇▆▆▄▄▇▇▆▆▆▆▇▇▆▆██
wandb:         train/clip_fraction ▁▁▁▁▁▁▁▁▂▂▂▂▃▃▂▂▃▃▃▃▄▄▄▄▃▃▁▁▆▆▄▄▃▃▄▄████
wandb:            train/clip_range ▁▁▁▁▁▁▁▁▁▁▁▁▁▁▁▁▁▁▁▁▁▁▁▁▁▁▁▁▁▁▁▁▁▁▁▁▁▁▁▁
wandb:          train/cost_returns ██████▇▇▄▄▄▄▂▂▃▃▁▁▃▃▄▄▅▅██▆▆▆▆▃▃▄▄▅▅▅▅▅▅
wandb:       train/cost_value_loss ▁▁▁▁▁▁▂▂▃▃▅▅▃▃▃▃▃▃▃▃▂▂▂▂▅▅▅▅██▄▄▄▄▄▄▅▅▅▅
wandb:           train/cost_values ████▇▇▆▆▄▄▂▂▂▂▃▃▁▁▃▃▅▅▆▆▆▆▄▄▃▃▃▃▃▃▅▅▃▃▄▄
wandb:               train/entropy ▁▁▁▁▁▁▁▁▂▂▂▂▂▂▂▂▂▂▂▂▂▂▃▃▃▃▃▃▄▄▃▃▅▅▅▅▆▆██
wandb:          train/entropy_loss ▁▁▁▁▁▁▁▁▂▂▂▂▂▂▂▂▂▂▂▂▃▃▃▃▃▃▃▃▄▄▄▄▅▅▅▅▆▆██
wandb:    train/explained_variance ▇▇▇▇▇▇▆▆▅▅▄▄▄▄▁▁▆▆▃▃▅▅▅▅▆▆▄▄▅▅▅▅▅▅██████
wandb: train/lagrangian_multiplier ▁▁▁▁▁▁▁▁▁▁▁▁▁▁▁▁▁▁▁▁▁▁▁▁▁▁▁▁▁▁▁▁▁▁▁▁▁▁▁▁
wandb:         train/learning_rate ▁▁▁▁▁▁▁▁▁▁▁▁▁▁▁▁▁▁▁▁▁▁▁▁▁▁▁▁▁▁▁▁▁▁▁▁▁▁▁▁
wandb:                  train/loss ██▅▅▅▅▆▆▆▆██▄▄▅▅▂▂▅▅▅▅▇▇▃▃▆▆▅▅▅▅▄▄▄▄▃▃▁▁
wandb:             train/n_updates ▁▁▁▁▂▂▂▂▃▃▃▃▃▃▃▃▄▄▄▄▅▅▅▅▆▆▆▆▆▆▆▆▇▇▇▇████
wandb:  train/policy_gradient_loss ██▇▇▇▇▇▇▄▄▆▆▆▆▇▇▅▅▆▆▄▄▃▃▅▅▆▆▄▄▃▃▅▅▆▆▁▁▂▂
wandb:            train/value_loss ▇▇▁▁▁▁▁▁▁▁▁▁▁▁▁▁▁▁▁▁▁▁▁▁▁▁▁▁▁▁▁▁▁▁▂▂▄▄██
wandb: 
wandb: Run summary:
wandb:                  is_success 0
wandb:                      reward 0.0
wandb:             train/approx_kl 0.01401
wandb:         train/clip_fraction 0.16167
wandb:            train/clip_range 0.2
wandb:          train/cost_returns -0.06701
wandb:       train/cost_value_loss 0.00705
wandb:           train/cost_values -0.07542
wandb:               train/entropy -1.66471
wandb:          train/entropy_loss -1.67765
wandb:    train/explained_variance 0.10136
wandb: train/lagrangian_multiplier 0.0
wandb:         train/learning_rate 0.0003
wandb:                  train/loss -0.02249
wandb:             train/n_updates 240
wandb:  train/policy_gradient_loss -0.00881
wandb:            train/value_loss 0.00244
wandb: 
wandb: 🚀 View run rosy-firefly-3 at: https://wandb.ai/ecrl/mini-grid/runs/6vsyi8xg
wandb: Synced 5 W&B file(s), 0 media file(s), 2 artifact file(s) and 0 other file(s)
wandb: Find logs at: ./wandb/run-20240415_213203-6vsyi8xg/logs
