wandb: Currently logged in as: mason-nakamura1 (ecrl). Use `wandb login --relogin` to force relogin
wandb: Currently logged in as: mason-nakamura1 (ecrl). Use `wandb login --relogin` to force relogin
wandb: Currently logged in as: mason-nakamura1 (ecrl). Use `wandb login --relogin` to force relogin
wandb: wandb version 0.16.2 is available!  To upgrade, please run:
wandb:  $ pip install wandb --upgrade
wandb: Tracking run with wandb version 0.14.2
wandb: Run data is saved locally in /nas/ucb/mason/ethically-compliant-rl/wandb/run-20240118_070045-cdff6g69
wandb: Run `wandb offline` to turn off syncing.
wandb: Syncing run logical-dust-37
wandb: ⭐️ View project at https://wandb.ai/ecrl/QUALITATIVE-TEST
wandb: 🚀 View run at https://wandb.ai/ecrl/QUALITATIVE-TEST/runs/cdff6g69
wandb: wandb version 0.16.2 is available!  To upgrade, please run:
wandb:  $ pip install wandb --upgrade
wandb: Tracking run with wandb version 0.14.2
wandb: Run data is saved locally in /nas/ucb/mason/ethically-compliant-rl/wandb/run-20240118_070045-0tc665n6
wandb: Run `wandb offline` to turn off syncing.
wandb: Syncing run olive-blaze-38
wandb: ⭐️ View project at https://wandb.ai/ecrl/QUALITATIVE-TEST
wandb: 🚀 View run at https://wandb.ai/ecrl/QUALITATIVE-TEST/runs/0tc665n6
wandb: wandb version 0.16.2 is available!  To upgrade, please run:
wandb:  $ pip install wandb --upgrade
wandb: Tracking run with wandb version 0.14.2
wandb: Run data is saved locally in /nas/ucb/mason/ethically-compliant-rl/wandb/run-20240117_230045-scg9ur5d
wandb: Run `wandb offline` to turn off syncing.
wandb: Syncing run peach-silence-39
wandb: ⭐️ View project at https://wandb.ai/ecrl/QUALITATIVE-TEST
wandb: 🚀 View run at https://wandb.ai/ecrl/QUALITATIVE-TEST/runs/scg9ur5d
Using cpu device
INITIALIZATION-_build_mlp()
weight : tensor([[ 0.1523, -0.0516, -0.2103,  ..., -0.0380,  0.1401,  0.1943],
        [ 0.1965, -0.1647,  0.2016,  ...,  0.2027, -0.1176,  0.1250],
        [-0.1682, -0.2005,  0.0527,  ...,  0.2187, -0.1144,  0.0349],
        ...,
        [-0.0792,  0.1465,  0.1194,  ...,  0.2272, -0.0155,  0.0204],
        [ 0.2176, -0.0374,  0.1637,  ...,  0.2065, -0.0859, -0.0983],
        [-0.1267, -0.0974,  0.1129,  ..., -0.1155, -0.1332,  0.0485]])
bias : tensor([-0.2342, -0.2164,  0.1099, -0.0080, -0.1005, -0.0617,  0.2203,  0.1773,
         0.0020, -0.1041,  0.1997,  0.0992,  0.1230,  0.1184, -0.0259, -0.0077,
        -0.1983,  0.1011,  0.1199,  0.0200,  0.1703,  0.0016, -0.0208, -0.1612,
        -0.0724,  0.0289,  0.0042, -0.0646, -0.1108,  0.0796,  0.0431, -0.2216,
         0.0097,  0.0245,  0.1011, -0.2220, -0.1754, -0.0367, -0.1683, -0.0724,
        -0.1047,  0.0416,  0.1364, -0.0039, -0.1138,  0.0582, -0.0083, -0.0982,
         0.1794, -0.1082,  0.1103, -0.1747, -0.0334, -0.1022,  0.2003,  0.1522,
         0.1815,  0.0427, -0.2285,  0.2150, -0.1669,  0.2213, -0.1691,  0.2171])
weight : tensor([[ 0.0794, -0.0492,  0.1024,  ..., -0.1095,  0.0905, -0.0479],
        [ 0.0404,  0.0705, -0.0654,  ...,  0.0315, -0.1174, -0.0998],
        [-0.1018,  0.0123,  0.0699,  ..., -0.0375,  0.0128,  0.0204],
        ...,
        [ 0.1239, -0.1086,  0.0030,  ..., -0.0215,  0.0351, -0.1152],
        [ 0.0687, -0.0847, -0.1074,  ...,  0.0564,  0.0335, -0.0471],
        [ 0.0406,  0.0465, -0.0942,  ..., -0.0289, -0.0184, -0.0619]])
bias : tensor([ 0.0791, -0.0644,  0.0341,  0.0125, -0.0039,  0.0058, -0.0586,  0.1158,
         0.0476, -0.0412, -0.0224, -0.0988, -0.1084, -0.0274, -0.0005, -0.0140,
        -0.1153,  0.0664,  0.1139, -0.0868,  0.1145, -0.0346, -0.1020,  0.1242,
        -0.1209,  0.0736,  0.1147,  0.0727,  0.0728,  0.0374,  0.1130,  0.0638,
        -0.0328,  0.1176, -0.0169, -0.0922,  0.0689,  0.0657, -0.0198, -0.0047,
         0.0323,  0.0802, -0.0603,  0.0555, -0.0993, -0.0042, -0.0096,  0.0842,
        -0.0776, -0.1140,  0.0989, -0.0007, -0.0885, -0.0214, -0.0421,  0.0614,
        -0.0845,  0.1131, -0.0793,  0.0358,  0.0312, -0.0642,  0.1108, -0.0246])
INITIALIZATION-_build()
weight : tensor([[-0.0041, -0.0967, -0.1477,  ..., -0.2427,  0.0152,  0.1562],
        [-0.2498,  0.1059, -0.0871,  ...,  0.1821, -0.0619,  0.1512],
        [ 0.0969,  0.1054,  0.0640,  ...,  0.0393,  0.0037, -0.4269],
        ...,
        [ 0.0095,  0.0577,  0.1032,  ..., -0.2723, -0.2213,  0.0712],
        [ 0.0651, -0.2394, -0.1516,  ..., -0.1593,  0.0286,  0.2478],
        [-0.0255, -0.0181,  0.2498,  ...,  0.0024,  0.0488,  0.0593]])
bias : tensor([0., 0., 0., 0., 0., 0., 0., 0., 0., 0., 0., 0., 0., 0., 0., 0., 0., 0., 0., 0., 0., 0., 0., 0.,
        0., 0., 0., 0., 0., 0., 0., 0., 0., 0., 0., 0., 0., 0., 0., 0., 0., 0., 0., 0., 0., 0., 0., 0.,
        0., 0., 0., 0., 0., 0., 0., 0., 0., 0., 0., 0., 0., 0., 0., 0.])
weight : tensor([[-0.0182, -0.1142,  0.1212,  ...,  0.3203, -0.1683,  0.2871],
        [ 0.2254,  0.0825, -0.2767,  ..., -0.0787,  0.1675,  0.0840],
        [-0.0678,  0.1107, -0.3068,  ...,  0.2345,  0.1723, -0.0046],
        ...,
        [ 0.0784, -0.3782, -0.1379,  ..., -0.0537, -0.2810,  0.1937],
        [-0.0935, -0.0326, -0.2078,  ..., -0.4213, -0.1284, -0.0921],
        [-0.1621,  0.0967, -0.3655,  ...,  0.0163, -0.0493, -0.0299]])
bias : tensor([0., 0., 0., 0., 0., 0., 0., 0., 0., 0., 0., 0., 0., 0., 0., 0., 0., 0., 0., 0., 0., 0., 0., 0.,
        0., 0., 0., 0., 0., 0., 0., 0., 0., 0., 0., 0., 0., 0., 0., 0., 0., 0., 0., 0., 0., 0., 0., 0.,
        0., 0., 0., 0., 0., 0., 0., 0., 0., 0., 0., 0., 0., 0., 0., 0.])
-----------------------------------
| avg_speed          | 0.0899     |
| cost               | 0          |
| is_success         | 0          |
| max_speed          | 0.0899     |
| reward             | -0.4850512 |
| rollout/           |            |
|    ep_len_mean     | 1e+03      |
|    ep_rew_mean     | -1.26e+03  |
| time/              |            |
|    fps             | 96         |
|    iterations      | 1          |
|    time_elapsed    | 21         |
|    total_timesteps | 2048       |
-----------------------------------
Using cpu device
INITIALIZATION-_build_mlp()
weight : tensor([[-0.1248, -0.2087,  0.0146,  ...,  0.1126,  0.2051, -0.0389],
        [ 0.1779, -0.0239, -0.0387,  ..., -0.0400, -0.1126, -0.1304],
        [ 0.2287,  0.0923, -0.0625,  ..., -0.0244, -0.0541, -0.1620],
        ...,
        [-0.1277,  0.0904, -0.0657,  ...,  0.1341, -0.1550, -0.0409],
        [ 0.1985,  0.0969,  0.1586,  ..., -0.2287, -0.0979, -0.2332],
        [ 0.1169, -0.1116,  0.1336,  ...,  0.1204, -0.0104, -0.1581]])
bias : tensor([-0.1840,  0.0095,  0.1720, -0.0788, -0.0989, -0.1029,  0.0059,  0.2150,
         0.0423, -0.1016,  0.0375, -0.1013,  0.0534, -0.0631,  0.0602,  0.1777,
        -0.2266, -0.0894, -0.1344, -0.1859, -0.0295,  0.1951, -0.1687,  0.1174,
         0.1289,  0.0649,  0.0256, -0.1081,  0.1073, -0.0902, -0.0102, -0.0915,
        -0.1594,  0.1407, -0.0925,  0.1653,  0.1819, -0.0399,  0.0781, -0.0377,
         0.0297, -0.1758,  0.0244, -0.1396,  0.0802, -0.1167,  0.1550, -0.1487,
         0.0302,  0.0020,  0.2014, -0.1657, -0.1079,  0.2047,  0.2102,  0.0146,
        -0.0438,  0.1596,  0.0403,  0.1283, -0.0372,  0.0301, -0.0380, -0.0089])
weight : tensor([[-0.0059, -0.0714, -0.0364,  ..., -0.1015,  0.1084, -0.0815],
        [-0.1205,  0.0607, -0.0493,  ..., -0.0411,  0.0178,  0.0637],
        [ 0.1086, -0.0044, -0.0943,  ..., -0.0112, -0.0287, -0.0365],
        ...,
        [ 0.1147,  0.1042, -0.1235,  ..., -0.0749, -0.0900,  0.0264],
        [ 0.0907,  0.1082,  0.0535,  ..., -0.0009,  0.0978, -0.0143],
        [-0.1132, -0.0037, -0.0612,  ...,  0.0517,  0.0579,  0.0249]])
bias : tensor([ 0.0621,  0.0027, -0.0038, -0.0657,  0.0808,  0.1085, -0.1162,  0.1031,
         0.0020, -0.1105, -0.1181, -0.0080,  0.0718, -0.0823, -0.0187,  0.1074,
        -0.0240,  0.0134, -0.0290,  0.1193,  0.0476,  0.0990, -0.1031, -0.1138,
        -0.0020,  0.0801,  0.0904, -0.0276,  0.1149, -0.0362, -0.0717, -0.1131,
         0.0158,  0.1148,  0.0366, -0.1175,  0.0746,  0.0065,  0.0182,  0.0076,
         0.0818, -0.0670,  0.0175, -0.1190,  0.1095, -0.0475,  0.1146, -0.0729,
         0.1217,  0.0963, -0.1020, -0.0320,  0.0545,  0.0742,  0.0576,  0.0705,
         0.0580,  0.1208, -0.0534,  0.0364, -0.0514,  0.0983, -0.0651,  0.0761])
INITIALIZATION-_build()
weight : tensor([[ 0.3051,  0.0952, -0.0460,  ...,  0.0751,  0.0977, -0.2184],
        [-0.2443, -0.3636,  0.1255,  ..., -0.1757, -0.1017,  0.1816],
        [ 0.1456, -0.0203,  0.1934,  ...,  0.2188, -0.3534, -0.0938],
        ...,
        [ 0.2541,  0.2999,  0.0846,  ...,  0.0295, -0.2635,  0.1586],
        [-0.0415,  0.2445,  0.0558,  ...,  0.4105,  0.0510, -0.4339],
        [-0.0360, -0.0532,  0.0318,  ...,  0.2596,  0.1592, -0.0703]])
bias : tensor([0., 0., 0., 0., 0., 0., 0., 0., 0., 0., 0., 0., 0., 0., 0., 0., 0., 0., 0., 0., 0., 0., 0., 0.,
        0., 0., 0., 0., 0., 0., 0., 0., 0., 0., 0., 0., 0., 0., 0., 0., 0., 0., 0., 0., 0., 0., 0., 0.,
        0., 0., 0., 0., 0., 0., 0., 0., 0., 0., 0., 0., 0., 0., 0., 0.])
weight : tensor([[-0.2908, -0.1158,  0.4470,  ..., -0.0552,  0.0814, -0.0490],
        [ 0.1745, -0.1956,  0.0778,  ..., -0.1051, -0.2960,  0.1520],
        [-0.1438, -0.0945,  0.0488,  ..., -0.1563, -0.0510,  0.0758],
        ...,
        [-0.1512,  0.2566, -0.0952,  ..., -0.0647, -0.2652,  0.0957],
        [ 0.1007, -0.1988,  0.1217,  ..., -0.0602, -0.0231,  0.2697],
        [ 0.1941,  0.3023,  0.2791,  ...,  0.1549, -0.0231,  0.0959]])
bias : tensor([0., 0., 0., 0., 0., 0., 0., 0., 0., 0., 0., 0., 0., 0., 0., 0., 0., 0., 0., 0., 0., 0., 0., 0.,
        0., 0., 0., 0., 0., 0., 0., 0., 0., 0., 0., 0., 0., 0., 0., 0., 0., 0., 0., 0., 0., 0., 0., 0.,
        0., 0., 0., 0., 0., 0., 0., 0., 0., 0., 0., 0., 0., 0., 0., 0.])
------------------------------------
| avg_speed          | 0.0136      |
| cost               | 0           |
| is_success         | 0           |
| max_speed          | 0.0136      |
| reward             | -0.40707585 |
| rollout/           |             |
|    ep_len_mean     | 1e+03       |
|    ep_rew_mean     | -1.07e+03   |
| time/              |             |
|    fps             | 97          |
|    iterations      | 1           |
|    time_elapsed    | 21          |
|    total_timesteps | 2048        |
------------------------------------
Using cpu device
INITIALIZATION-_build_mlp()
weight : tensor([[ 0.1850,  0.2141,  0.0992,  ...,  0.2209, -0.0627,  0.1677],
        [ 0.1039, -0.1223, -0.1777,  ...,  0.0528,  0.0250,  0.2018],
        [-0.1537,  0.0836, -0.1149,  ..., -0.0038,  0.1035, -0.0870],
        ...,
        [-0.1714, -0.0601, -0.0977,  ...,  0.1769, -0.1230,  0.1821],
        [-0.0268,  0.0214, -0.1329,  ...,  0.0665, -0.2086,  0.1840],
        [ 0.2213,  0.2178,  0.2042,  ...,  0.2082,  0.1923,  0.1022]])
bias : tensor([ 0.0072,  0.0544,  0.1149,  0.0695,  0.1502, -0.2186, -0.1419,  0.1707,
         0.0523,  0.0208,  0.2178,  0.1274,  0.2159,  0.2164,  0.2333,  0.0548,
        -0.0121,  0.1824, -0.0392,  0.0927, -0.0149,  0.1960,  0.1270, -0.0590,
        -0.2126, -0.1566, -0.0990, -0.2200,  0.2043,  0.0631,  0.1387,  0.2222,
        -0.0697,  0.0758, -0.1342, -0.1366,  0.1084, -0.0538, -0.1987, -0.1696,
         0.0366,  0.0590, -0.1510, -0.0090,  0.1965,  0.0213, -0.0484,  0.1297,
         0.2051,  0.1314,  0.1101, -0.0722,  0.1870, -0.0415, -0.2298,  0.2216,
        -0.1763, -0.1863, -0.2312,  0.0494,  0.1159,  0.0851, -0.0179, -0.1397])
weight : tensor([[-0.0552,  0.0709,  0.0278,  ...,  0.0989,  0.1134,  0.0914],
        [-0.0373, -0.0627,  0.1184,  ...,  0.0699,  0.0183, -0.0197],
        [-0.0964,  0.0748, -0.0074,  ..., -0.0183, -0.0502, -0.1111],
        ...,
        [-0.1070, -0.0126,  0.0147,  ...,  0.0377,  0.0091,  0.0578],
        [ 0.0759, -0.0790, -0.0178,  ...,  0.0303,  0.0130,  0.0220],
        [ 0.0525, -0.1014,  0.0920,  ...,  0.0684,  0.0727, -0.0463]])
bias : tensor([-0.0786,  0.0922, -0.0316,  0.0780, -0.0479, -0.0783,  0.0704,  0.0011,
        -0.0970,  0.1057,  0.0074,  0.1191,  0.1117, -0.0788, -0.0338, -0.0725,
        -0.0812, -0.1135,  0.0186, -0.0290,  0.0886, -0.0666,  0.0720, -0.0731,
         0.0404, -0.0991,  0.0241, -0.0920, -0.0846,  0.0184,  0.1016,  0.1058,
        -0.1102, -0.0989,  0.0658,  0.0521, -0.0654,  0.0740,  0.0578,  0.0014,
         0.0140, -0.0825, -0.0279, -0.0434,  0.0134,  0.0507, -0.0519,  0.0633,
         0.1010, -0.0963, -0.0354, -0.0811, -0.0491,  0.0716, -0.0503, -0.1219,
         0.0164,  0.0839,  0.0883,  0.0586, -0.1095,  0.0038,  0.0948, -0.0271])
INITIALIZATION-_build()
weight : tensor([[-0.1527, -0.1207,  0.2859,  ...,  0.0392, -0.2189, -0.2588],
        [-0.0802,  0.2428,  0.0249,  ..., -0.1863,  0.1380, -0.0010],
        [-0.0521, -0.0635, -0.5560,  ..., -0.0131,  0.0274,  0.1062],
        ...,
        [ 0.1529,  0.0272,  0.0799,  ...,  0.0665, -0.1348,  0.0407],
        [ 0.0766, -0.2335,  0.0213,  ...,  0.1191, -0.3577, -0.0694],
        [ 0.2103,  0.0010, -0.0334,  ...,  0.2520, -0.0869,  0.1367]])
bias : tensor([0., 0., 0., 0., 0., 0., 0., 0., 0., 0., 0., 0., 0., 0., 0., 0., 0., 0., 0., 0., 0., 0., 0., 0.,
        0., 0., 0., 0., 0., 0., 0., 0., 0., 0., 0., 0., 0., 0., 0., 0., 0., 0., 0., 0., 0., 0., 0., 0.,
        0., 0., 0., 0., 0., 0., 0., 0., 0., 0., 0., 0., 0., 0., 0., 0.])
weight : tensor([[ 2.8937e-02, -1.2859e-01, -2.0038e-01,  ..., -1.5459e-01,
          1.7328e-03,  2.0499e-01],
        [-3.2209e-04,  5.8970e-02, -2.5808e-01,  ...,  1.6705e-02,
          1.2307e-01,  6.8182e-02],
        [-2.0779e-01,  3.2067e-01, -3.1295e-01,  ..., -3.8411e-02,
         -2.1785e-01, -3.1893e-02],
        ...,
        [ 1.9148e-01,  4.9508e-01, -1.8893e-02,  ...,  1.2271e-01,
          8.2909e-02,  7.5381e-02],
        [-1.2851e-01, -7.6419e-02, -2.1489e-02,  ...,  6.0536e-02,
         -6.2486e-04,  2.2566e-01],
        [-6.1264e-02,  1.1801e-01,  1.0980e-01,  ...,  2.1203e-01,
         -1.7795e-02,  1.2032e-01]])
bias : tensor([0., 0., 0., 0., 0., 0., 0., 0., 0., 0., 0., 0., 0., 0., 0., 0., 0., 0., 0., 0., 0., 0., 0., 0.,
        0., 0., 0., 0., 0., 0., 0., 0., 0., 0., 0., 0., 0., 0., 0., 0., 0., 0., 0., 0., 0., 0., 0., 0.,
        0., 0., 0., 0., 0., 0., 0., 0., 0., 0., 0., 0., 0., 0., 0., 0.])
------------------------------------
| avg_speed          | 1.47        |
| cost               | 0           |
| is_success         | 0           |
| max_speed          | 1.47        |
| reward             | -0.19624095 |
| rollout/           |             |
|    ep_len_mean     | 1e+03       |
|    ep_rew_mean     | -1.05e+03   |
| time/              |             |
|    fps             | 91          |
|    iterations      | 1           |
|    time_elapsed    | 22          |
|    total_timesteps | 2048        |
------------------------------------
TRAINING:
weight : tensor([[ 0.3051,  0.0952, -0.0460,  ...,  0.0751,  0.0977, -0.2184],
        [-0.2443, -0.3636,  0.1255,  ..., -0.1757, -0.1017,  0.1816],
        [ 0.1456, -0.0203,  0.1934,  ...,  0.2188, -0.3534, -0.0938],
        ...,
        [ 0.2541,  0.2999,  0.0846,  ...,  0.0295, -0.2635,  0.1586],
        [-0.0415,  0.2445,  0.0558,  ...,  0.4105,  0.0510, -0.4339],
        [-0.0360, -0.0532,  0.0318,  ...,  0.2596,  0.1592, -0.0703]])
bias : tensor([0., 0., 0., 0., 0., 0., 0., 0., 0., 0., 0., 0., 0., 0., 0., 0., 0., 0., 0., 0., 0., 0., 0., 0.,
        0., 0., 0., 0., 0., 0., 0., 0., 0., 0., 0., 0., 0., 0., 0., 0., 0., 0., 0., 0., 0., 0., 0., 0.,
        0., 0., 0., 0., 0., 0., 0., 0., 0., 0., 0., 0., 0., 0., 0., 0.])
weight : tensor([[-0.2908, -0.1158,  0.4470,  ..., -0.0552,  0.0814, -0.0490],
        [ 0.1745, -0.1956,  0.0778,  ..., -0.1051, -0.2960,  0.1520],
        [-0.1438, -0.0945,  0.0488,  ..., -0.1563, -0.0510,  0.0758],
        ...,
        [-0.1512,  0.2566, -0.0952,  ..., -0.0647, -0.2652,  0.0957],
        [ 0.1007, -0.1988,  0.1217,  ..., -0.0602, -0.0231,  0.2697],
        [ 0.1941,  0.3023,  0.2791,  ...,  0.1549, -0.0231,  0.0959]])
bias : tensor([0., 0., 0., 0., 0., 0., 0., 0., 0., 0., 0., 0., 0., 0., 0., 0., 0., 0., 0., 0., 0., 0., 0., 0.,
        0., 0., 0., 0., 0., 0., 0., 0., 0., 0., 0., 0., 0., 0., 0., 0., 0., 0., 0., 0., 0., 0., 0., 0.,
        0., 0., 0., 0., 0., 0., 0., 0., 0., 0., 0., 0., 0., 0., 0., 0.])
-------------------------------------------
| avg_speed                | 0.588        |
| cost                     | 0            |
| is_success               | 0            |
| max_speed                | 0.588        |
| reward                   | -0.23965658  |
| rollout/                 |              |
|    ep_len_mean           | 1e+03        |
|    ep_rew_mean           | -1.36e+03    |
| time/                    |              |
|    fps                   | 95           |
|    iterations            | 2            |
|    time_elapsed          | 42           |
|    total_timesteps       | 4096         |
| train/                   |              |
|    approx_kl             | 0.0042645256 |
|    clip_fraction         | 0.00933      |
|    clip_range            | 0.2          |
|    cost_returns          | 12.8         |
|    cost_value_loss       | 206          |
|    cost_values           | 0.185        |
|    entropy               | -2.84        |
|    entropy_loss          | -2.84        |
|    explained_variance    | 0.0452       |
|    lagrangian_multiplier | 0            |
|    learning_rate         | 0.0003       |
|    loss                  | 159          |
|    n_updates             | 10           |
|    policy_gradient_loss  | -0.00283     |
|    std                   | 1            |
|    value_loss            | 337          |
-------------------------------------------
TRAINING:
weight : tensor([[-0.0041, -0.0967, -0.1477,  ..., -0.2427,  0.0152,  0.1562],
        [-0.2498,  0.1059, -0.0871,  ...,  0.1821, -0.0619,  0.1512],
        [ 0.0969,  0.1054,  0.0640,  ...,  0.0393,  0.0037, -0.4269],
        ...,
        [ 0.0095,  0.0577,  0.1032,  ..., -0.2723, -0.2213,  0.0712],
        [ 0.0651, -0.2394, -0.1516,  ..., -0.1593,  0.0286,  0.2478],
        [-0.0255, -0.0181,  0.2498,  ...,  0.0024,  0.0488,  0.0593]])
bias : tensor([0., 0., 0., 0., 0., 0., 0., 0., 0., 0., 0., 0., 0., 0., 0., 0., 0., 0., 0., 0., 0., 0., 0., 0.,
        0., 0., 0., 0., 0., 0., 0., 0., 0., 0., 0., 0., 0., 0., 0., 0., 0., 0., 0., 0., 0., 0., 0., 0.,
        0., 0., 0., 0., 0., 0., 0., 0., 0., 0., 0., 0., 0., 0., 0., 0.])
weight : tensor([[-0.0182, -0.1142,  0.1212,  ...,  0.3203, -0.1683,  0.2871],
        [ 0.2254,  0.0825, -0.2767,  ..., -0.0787,  0.1675,  0.0840],
        [-0.0678,  0.1107, -0.3068,  ...,  0.2345,  0.1723, -0.0046],
        ...,
        [ 0.0784, -0.3782, -0.1379,  ..., -0.0537, -0.2810,  0.1937],
        [-0.0935, -0.0326, -0.2078,  ..., -0.4213, -0.1284, -0.0921],
        [-0.1621,  0.0967, -0.3655,  ...,  0.0163, -0.0493, -0.0299]])
bias : tensor([0., 0., 0., 0., 0., 0., 0., 0., 0., 0., 0., 0., 0., 0., 0., 0., 0., 0., 0., 0., 0., 0., 0., 0.,
        0., 0., 0., 0., 0., 0., 0., 0., 0., 0., 0., 0., 0., 0., 0., 0., 0., 0., 0., 0., 0., 0., 0., 0.,
        0., 0., 0., 0., 0., 0., 0., 0., 0., 0., 0., 0., 0., 0., 0., 0.])
------------------------------------------
| avg_speed                | 0.687       |
| cost                     | 0           |
| is_success               | 0           |
| max_speed                | 0.687       |
| reward                   | -0.4781787  |
| rollout/                 |             |
|    ep_len_mean           | 1e+03       |
|    ep_rew_mean           | -1.41e+03   |
| time/                    |             |
|    fps                   | 94          |
|    iterations            | 2           |
|    time_elapsed          | 43          |
|    total_timesteps       | 4096        |
| train/                   |             |
|    approx_kl             | 0.005267551 |
|    clip_fraction         | 0.0187      |
|    clip_range            | 0.2         |
|    cost_returns          | 11          |
|    cost_value_loss       | 168         |
|    cost_values           | 0.122       |
|    entropy               | -2.84       |
|    entropy_loss          | -2.84       |
|    explained_variance    | -0.0359     |
|    lagrangian_multiplier | 0           |
|    learning_rate         | 0.0003      |
|    loss                  | 213         |
|    n_updates             | 10          |
|    policy_gradient_loss  | -0.0043     |
|    std                   | 1           |
|    value_loss            | 458         |
------------------------------------------
TRAINING:
weight : tensor([[-0.1527, -0.1207,  0.2859,  ...,  0.0392, -0.2189, -0.2588],
        [-0.0802,  0.2428,  0.0249,  ..., -0.1863,  0.1380, -0.0010],
        [-0.0521, -0.0635, -0.5560,  ..., -0.0131,  0.0274,  0.1062],
        ...,
        [ 0.1529,  0.0272,  0.0799,  ...,  0.0665, -0.1348,  0.0407],
        [ 0.0766, -0.2335,  0.0213,  ...,  0.1191, -0.3577, -0.0694],
        [ 0.2103,  0.0010, -0.0334,  ...,  0.2520, -0.0869,  0.1367]])
bias : tensor([0., 0., 0., 0., 0., 0., 0., 0., 0., 0., 0., 0., 0., 0., 0., 0., 0., 0., 0., 0., 0., 0., 0., 0.,
        0., 0., 0., 0., 0., 0., 0., 0., 0., 0., 0., 0., 0., 0., 0., 0., 0., 0., 0., 0., 0., 0., 0., 0.,
        0., 0., 0., 0., 0., 0., 0., 0., 0., 0., 0., 0., 0., 0., 0., 0.])
weight : tensor([[ 2.8937e-02, -1.2859e-01, -2.0038e-01,  ..., -1.5459e-01,
          1.7328e-03,  2.0499e-01],
        [-3.2209e-04,  5.8970e-02, -2.5808e-01,  ...,  1.6705e-02,
          1.2307e-01,  6.8182e-02],
        [-2.0779e-01,  3.2067e-01, -3.1295e-01,  ..., -3.8411e-02,
         -2.1785e-01, -3.1893e-02],
        ...,
        [ 1.9148e-01,  4.9508e-01, -1.8893e-02,  ...,  1.2271e-01,
          8.2909e-02,  7.5381e-02],
        [-1.2851e-01, -7.6419e-02, -2.1489e-02,  ...,  6.0536e-02,
         -6.2486e-04,  2.2566e-01],
        [-6.1264e-02,  1.1801e-01,  1.0980e-01,  ...,  2.1203e-01,
         -1.7795e-02,  1.2032e-01]])
bias : tensor([0., 0., 0., 0., 0., 0., 0., 0., 0., 0., 0., 0., 0., 0., 0., 0., 0., 0., 0., 0., 0., 0., 0., 0.,
        0., 0., 0., 0., 0., 0., 0., 0., 0., 0., 0., 0., 0., 0., 0., 0., 0., 0., 0., 0., 0., 0., 0., 0.,
        0., 0., 0., 0., 0., 0., 0., 0., 0., 0., 0., 0., 0., 0., 0., 0.])
-------------------------------------------
| avg_speed                | 2.14         |
| cost                     | 1            |
| is_success               | 0            |
| max_speed                | 2.14         |
| reward                   | -0.7451702   |
| rollout/                 |              |
|    ep_len_mean           | 1e+03        |
|    ep_rew_mean           | -1.17e+03    |
| time/                    |              |
|    fps                   | 90           |
|    iterations            | 2            |
|    time_elapsed          | 45           |
|    total_timesteps       | 4096         |
| train/                   |              |
|    approx_kl             | 0.0026109153 |
|    clip_fraction         | 0.00767      |
|    clip_range            | 0.2          |
|    cost_returns          | 1.56         |
|    cost_value_loss       | 22.7         |
|    cost_values           | -0.253       |
|    entropy               | -2.85        |
|    entropy_loss          | -2.84        |
|    explained_variance    | -0.135       |
|    lagrangian_multiplier | 0            |
|    learning_rate         | 0.0003       |
|    loss                  | 155          |
|    n_updates             | 10           |
|    policy_gradient_loss  | -0.00282     |
|    std                   | 1            |
|    value_loss            | 330          |
-------------------------------------------
TRAINING:
weight : tensor([[-0.0035, -0.0963, -0.1480,  ..., -0.2427,  0.0153,  0.1561],
        [-0.2495,  0.1058, -0.0869,  ...,  0.1810, -0.0621,  0.1514],
        [ 0.0971,  0.1056,  0.0641,  ...,  0.0404,  0.0037, -0.4270],
        ...,
        [ 0.0094,  0.0578,  0.1031,  ..., -0.2722, -0.2213,  0.0710],
        [ 0.0654, -0.2393, -0.1518,  ..., -0.1597,  0.0286,  0.2477],
        [-0.0268, -0.0195,  0.2497,  ...,  0.0027,  0.0489,  0.0593]])
bias : tensor([ 1.0353e-04, -2.1499e-04, -2.7309e-05,  3.0208e-04,  9.0549e-04,
         2.7568e-04,  7.3631e-04, -1.8908e-04,  5.2625e-04, -6.6190e-05,
         7.6552e-04, -2.9014e-05,  3.1437e-05,  5.9526e-04,  1.3173e-04,
        -3.7454e-05,  7.1275e-06,  1.3868e-04, -8.3260e-05, -1.4669e-05,
         5.7807e-05, -2.1109e-04,  1.4631e-04,  2.9973e-04,  3.0505e-04,
         2.9965e-04, -1.9785e-04, -8.5651e-05, -4.2405e-04,  6.6288e-05,
         2.6575e-04,  8.8737e-04,  1.7299e-04, -4.0740e-05,  3.8011e-04,
         4.6521e-04,  4.6374e-04,  4.6037e-04,  2.6343e-04, -1.8585e-04,
         3.4964e-04,  5.4893e-05, -3.5146e-04, -2.2925e-04, -1.1685e-04,
        -4.8434e-04, -2.1712e-05, -1.1927e-04, -5.6539e-04,  4.2325e-04,
         5.5070e-05,  3.4607e-04, -2.5181e-04, -1.5915e-04,  3.5001e-04,
        -2.9572e-04,  3.5326e-04, -1.4612e-04,  2.5455e-04, -9.4205e-05,
         3.0227e-04,  1.6148e-04,  5.0695e-05, -2.9368e-04])
weight : tensor([[-0.0186, -0.1144,  0.1217,  ...,  0.3194, -0.1689,  0.2877],
        [ 0.2252,  0.0823, -0.2768,  ..., -0.0791,  0.1672,  0.0843],
        [-0.0676,  0.1107, -0.3069,  ...,  0.2347,  0.1724, -0.0048],
        ...,
        [ 0.0782, -0.3784, -0.1378,  ..., -0.0540, -0.2813,  0.1940],
        [-0.0931, -0.0323, -0.2082,  ..., -0.4204, -0.1276, -0.0930],
        [-0.1621,  0.0967, -0.3655,  ...,  0.0163, -0.0493, -0.0299]])
bias : tensor([-1.1842e-04, -6.3776e-04, -2.6534e-04, -3.7286e-04, -1.1432e-04,
         7.4726e-05,  3.1344e-04,  1.1226e-04, -4.6185e-04, -1.9040e-05,
        -3.6849e-04,  1.6509e-04,  3.6733e-04,  6.0378e-04, -3.2205e-04,
        -5.6655e-04, -2.0373e-04, -2.8395e-04,  4.5471e-04,  3.2715e-04,
         1.0532e-04, -2.1092e-05, -9.0470e-05, -8.0658e-05,  2.2867e-05,
        -2.0337e-04, -1.6655e-04,  6.2371e-04,  2.2817e-04,  4.3926e-04,
         1.1439e-05,  2.1606e-04,  2.0912e-04, -7.6831e-05, -2.9264e-04,
         1.1644e-04,  3.9842e-05,  1.3000e-04, -8.9178e-05, -2.3528e-04,
         4.7353e-04,  4.7848e-04,  6.3717e-04, -1.2407e-06,  4.9799e-04,
         1.2694e-04, -1.7658e-04, -2.5157e-04, -5.3355e-05, -1.8295e-05,
        -3.9122e-04, -9.0048e-05,  2.5565e-04,  8.0931e-05,  1.3788e-04,
        -1.7959e-04, -4.2910e-04,  2.4238e-04, -9.8877e-05, -2.5172e-04,
        -4.4314e-04, -1.7423e-05, -1.1973e-04,  1.9232e-04])
-------------------------------------------
| avg_speed                | 0.611        |
| cost                     | 0            |
| is_success               | 0            |
| max_speed                | 0.611        |
| reward                   | -1.1212971   |
| rollout/                 |              |
|    ep_len_mean           | 1e+03        |
|    ep_rew_mean           | -1.38e+03    |
| time/                    |              |
|    fps                   | 94           |
|    iterations            | 3            |
|    time_elapsed          | 64           |
|    total_timesteps       | 6144         |
| train/                   |              |
|    approx_kl             | 0.0012879521 |
|    clip_fraction         | 0.000488     |
|    clip_range            | 0.2          |
|    cost_returns          | 6.43         |
|    cost_value_loss       | 92.1         |
|    cost_values           | -0.331       |
|    entropy               | -2.85        |
|    entropy_loss          | -2.85        |
|    explained_variance    | 0.0355       |
|    lagrangian_multiplier | 0            |
|    learning_rate         | 0.0003       |
|    loss                  | 350          |
|    n_updates             | 20           |
|    policy_gradient_loss  | -0.00169     |
|    std                   | 1.01         |
|    value_loss            | 731          |
-------------------------------------------
TRAINING:
weight : tensor([[ 0.3054,  0.0957, -0.0463,  ...,  0.0743,  0.0976, -0.2187],
        [-0.2440, -0.3636,  0.1261,  ..., -0.1757, -0.1017,  0.1818],
        [ 0.1453, -0.0202,  0.1936,  ...,  0.2188, -0.3535, -0.0943],
        ...,
        [ 0.2538,  0.3000,  0.0844,  ...,  0.0297, -0.2634,  0.1584],
        [-0.0417,  0.2447,  0.0542,  ...,  0.4126,  0.0505, -0.4342],
        [-0.0358, -0.0534,  0.0321,  ...,  0.2603,  0.1590, -0.0701]])
bias : tensor([ 1.6918e-04, -2.8807e-04,  3.0655e-04,  4.8149e-04, -7.3850e-05,
         1.1434e-04, -2.8284e-04,  1.6182e-05,  1.1776e-04, -1.0034e-04,
        -5.2597e-04, -8.2953e-05, -2.3584e-04, -2.9118e-04,  2.9008e-04,
        -5.3550e-04,  3.3532e-04, -1.3629e-04,  9.9368e-06, -2.6813e-04,
         1.5742e-04,  1.5243e-04,  3.5587e-05, -4.6481e-04,  3.9180e-04,
         4.1610e-04, -3.7546e-04, -1.4665e-04,  2.9562e-04, -2.3797e-04,
        -2.0917e-04, -1.2996e-05, -4.4426e-04, -6.7395e-04,  5.3752e-04,
         5.4223e-04, -3.4236e-04, -2.0282e-04,  2.9597e-04, -2.8837e-07,
        -2.9585e-04,  4.1022e-04,  1.0356e-04, -3.4029e-05, -4.2190e-04,
         1.2221e-04, -6.4606e-05,  8.5141e-06,  4.0474e-04, -1.9499e-05,
        -1.4556e-04,  4.4568e-05, -8.8276e-05, -3.9325e-04, -6.0785e-04,
         7.9562e-04,  2.4961e-04,  3.7195e-04, -3.6660e-04,  4.4144e-04,
        -2.5172e-04,  3.9156e-04,  2.8708e-04, -2.5416e-04])
weight : tensor([[-0.2905, -0.1159,  0.4468,  ..., -0.0551,  0.0813, -0.0493],
        [ 0.1744, -0.1955,  0.0777,  ..., -0.1051, -0.2961,  0.1519],
        [-0.1441, -0.0945,  0.0487,  ..., -0.1563, -0.0514,  0.0758],
        ...,
        [-0.1513,  0.2567, -0.0954,  ..., -0.0647, -0.2655,  0.0956],
        [ 0.1014, -0.1991,  0.1215,  ..., -0.0601, -0.0227,  0.2695],
        [ 0.1941,  0.3023,  0.2792,  ...,  0.1549, -0.0231,  0.0958]])
bias : tensor([ 3.6699e-05,  1.2058e-04, -1.0768e-04, -5.7541e-06, -1.4341e-04,
        -2.8724e-04, -3.4991e-04,  1.4794e-04, -2.8022e-04, -4.8950e-05,
        -8.9319e-05, -5.1514e-04,  6.8513e-05, -7.5711e-05, -3.5885e-05,
         2.8944e-05,  5.1751e-04, -2.9609e-04, -3.1378e-04, -6.7797e-04,
        -5.0424e-04,  2.8896e-04,  4.2166e-05,  2.1674e-04, -5.4605e-04,
         3.2526e-04, -3.0815e-04,  4.6184e-05, -2.8831e-04,  2.1766e-04,
         2.7093e-05,  2.3632e-04, -9.9804e-05,  1.5104e-04,  9.6435e-05,
        -2.1577e-04, -5.5235e-04,  1.9281e-04, -4.4775e-05, -2.0896e-04,
        -9.3173e-05, -6.3147e-04,  9.4037e-05,  2.7049e-04, -1.3439e-04,
         7.1053e-05, -9.5327e-05, -7.9658e-05, -1.1915e-04, -1.2973e-04,
         1.8446e-04,  5.6494e-04, -3.3127e-04, -6.8718e-05,  1.7005e-04,
         6.8025e-05,  9.7504e-05, -6.2746e-07,  1.1356e-05,  1.6368e-04,
        -4.1907e-04, -1.7987e-04,  4.1334e-04, -7.2397e-05])
-------------------------------------------
| avg_speed                | 0.323        |
| cost                     | 0            |
| is_success               | 0            |
| max_speed                | 0.323        |
| reward                   | -0.5274664   |
| rollout/                 |              |
|    ep_len_mean           | 1e+03        |
|    ep_rew_mean           | -1.34e+03    |
| time/                    |              |
|    fps                   | 94           |
|    iterations            | 3            |
|    time_elapsed          | 64           |
|    total_timesteps       | 6144         |
| train/                   |              |
|    approx_kl             | 0.0012075095 |
|    clip_fraction         | 0.000195     |
|    clip_range            | 0.2          |
|    cost_returns          | 8.58         |
|    cost_value_loss       | 129          |
|    cost_values           | 0.292        |
|    entropy               | -2.84        |
|    entropy_loss          | -2.84        |
|    explained_variance    | 0.0492       |
|    lagrangian_multiplier | 0            |
|    learning_rate         | 0.0003       |
|    loss                  | 364          |
|    n_updates             | 20           |
|    policy_gradient_loss  | -0.00139     |
|    std                   | 1            |
|    value_loss            | 767          |
-------------------------------------------
TRAINING:
weight : tensor([[-1.5267e-01, -1.2045e-01,  2.8593e-01,  ...,  3.9577e-02,
         -2.1887e-01, -2.5842e-01],
        [-8.0109e-02,  2.4230e-01,  2.4772e-02,  ..., -1.8638e-01,
          1.3776e-01, -1.5577e-03],
        [-5.2698e-02, -6.2706e-02, -5.5586e-01,  ..., -1.3715e-02,
          2.7452e-02,  1.0629e-01],
        ...,
        [ 1.5297e-01,  2.6815e-02,  7.9884e-02,  ...,  6.6655e-02,
         -1.3489e-01,  4.0383e-02],
        [ 7.6183e-02, -2.3313e-01,  2.1553e-02,  ...,  1.2086e-01,
         -3.5779e-01, -6.8987e-02],
        [ 2.1072e-01,  2.2017e-04, -3.3379e-02,  ...,  2.5204e-01,
         -8.6935e-02,  1.3645e-01]])
bias : tensor([-5.9082e-04,  4.8972e-04,  8.3155e-05,  1.1308e-03,  4.0963e-04,
         5.5794e-05, -8.1486e-05,  3.7556e-04,  1.4294e-04, -2.0997e-06,
        -4.3887e-04, -8.6282e-05, -2.0621e-04, -3.2167e-04,  4.0295e-04,
         4.4569e-04,  1.8088e-05, -1.9295e-04,  1.7498e-04, -1.7279e-04,
         8.4404e-04, -8.2903e-06,  7.3112e-05, -7.3131e-04,  1.6320e-05,
         1.3482e-04,  1.8092e-04,  3.9547e-04,  2.2506e-04,  6.8973e-04,
         4.6442e-04, -1.8997e-04,  2.0570e-04,  5.2564e-04,  2.2037e-04,
         9.6323e-05,  1.6459e-04, -3.4078e-05,  2.8096e-05,  1.5624e-04,
        -1.5472e-04,  4.5208e-04, -1.6661e-04,  7.1655e-06, -6.9720e-05,
        -1.3343e-05, -2.9795e-05, -1.7121e-04,  3.0988e-04,  5.8649e-05,
        -3.0498e-04, -5.2499e-06, -2.6951e-04, -2.5124e-04,  1.0547e-04,
        -4.2639e-05,  4.6446e-04,  1.8335e-04, -3.9304e-04,  6.6657e-04,
         3.4594e-04,  3.4852e-04,  9.3491e-05,  5.2453e-05])
weight : tensor([[ 2.8890e-02, -1.2871e-01, -2.0039e-01,  ..., -1.5455e-01,
          1.8683e-03,  2.0502e-01],
        [-1.5193e-04,  5.8984e-02, -2.5854e-01,  ...,  1.6858e-02,
          1.2360e-01,  6.8327e-02],
        [-2.0768e-01,  3.2076e-01, -3.1307e-01,  ..., -3.8310e-02,
         -2.1760e-01, -3.1878e-02],
        ...,
        [ 1.9162e-01,  4.9497e-01, -1.8994e-02,  ...,  1.2274e-01,
          8.3234e-02,  7.5480e-02],
        [-1.2867e-01, -7.6466e-02, -2.1280e-02,  ...,  6.0298e-02,
         -1.1902e-03,  2.2560e-01],
        [-6.0846e-02,  1.1824e-01,  1.0945e-01,  ...,  2.1240e-01,
         -1.6890e-02,  1.2043e-01]])
bias : tensor([-1.5887e-04,  1.0951e-04,  1.3189e-05, -9.3680e-05,  6.5962e-04,
         2.0153e-04,  3.3136e-04, -4.4972e-04, -4.7758e-05, -7.7938e-04,
         1.0767e-04,  1.3599e-04, -5.9277e-06,  4.1884e-04, -3.1301e-04,
         1.9950e-04, -3.5246e-04, -2.8575e-04, -2.3563e-04,  4.1318e-04,
         3.1640e-04,  4.6144e-04,  6.5883e-05,  7.5040e-05, -5.5293e-04,
        -2.2792e-04,  1.7888e-04,  2.4196e-04, -1.5101e-07, -3.3227e-04,
         1.8636e-04,  1.0154e-04,  1.3122e-04,  2.8238e-05,  2.4876e-04,
         4.5569e-05,  4.0277e-05,  3.7635e-04,  1.6256e-04, -4.8398e-04,
        -1.3931e-04,  1.6797e-04, -5.7697e-04, -2.4831e-05,  1.0325e-04,
         4.3876e-04,  1.4111e-04, -8.9589e-05,  2.7167e-04, -1.7537e-04,
        -1.2559e-04,  4.0626e-05, -2.3434e-04,  3.8262e-04,  1.1216e-04,
         2.1070e-04, -2.3358e-04,  2.6893e-04, -4.7721e-05, -2.7403e-04,
         1.5834e-04, -2.1747e-04, -6.6556e-05,  2.3316e-04])
------------------------------------------
| avg_speed                | 0.214       |
| cost                     | 0           |
| is_success               | 0           |
| max_speed                | 0.214       |
| reward                   | -0.6637979  |
| rollout/                 |             |
|    ep_len_mean           | 1e+03       |
|    ep_rew_mean           | -1.22e+03   |
| time/                    |             |
|    fps                   | 89          |
|    iterations            | 3           |
|    time_elapsed          | 68          |
|    total_timesteps       | 6144        |
| train/                   |             |
|    approx_kl             | 0.003819866 |
|    clip_fraction         | 0.0119      |
|    clip_range            | 0.2         |
|    cost_returns          | 8.4         |
|    cost_value_loss       | 126         |
|    cost_values           | 0.068       |
|    entropy               | -2.85       |
|    entropy_loss          | -2.85       |
|    explained_variance    | -0.085      |
|    lagrangian_multiplier | 0           |
|    learning_rate         | 0.0003      |
|    loss                  | 271         |
|    n_updates             | 20          |
|    policy_gradient_loss  | -0.00261    |
|    std                   | 1           |
|    value_loss            | 571         |
------------------------------------------
TRAINING:
weight : tensor([[-0.0041, -0.0960, -0.1483,  ..., -0.2420,  0.0152,  0.1561],
        [-0.2495,  0.1065, -0.0869,  ...,  0.1817, -0.0627,  0.1523],
        [ 0.0976,  0.1049,  0.0637,  ...,  0.0404,  0.0040, -0.4274],
        ...,
        [ 0.0089,  0.0582,  0.1034,  ..., -0.2721, -0.2217,  0.0711],
        [ 0.0664, -0.2397, -0.1513,  ..., -0.1590,  0.0281,  0.2483],
        [-0.0281, -0.0202,  0.2492,  ...,  0.0023,  0.0498,  0.0585]])
bias : tensor([ 1.6043e-04, -1.7807e-03,  5.1479e-04, -7.8792e-04,  2.6870e-03,
         1.5948e-03,  2.0826e-03, -4.8291e-04,  1.7288e-03, -1.3409e-03,
         1.1872e-03,  9.8125e-04,  1.8662e-03,  6.6232e-04, -4.1238e-04,
         1.8711e-03,  1.7147e-04,  1.0205e-03,  1.8117e-04,  1.0607e-03,
        -5.9520e-04, -1.4998e-03,  2.6094e-04,  9.9030e-04,  1.1166e-03,
        -4.7534e-04,  5.7782e-04, -7.9095e-04, -1.8910e-03,  6.9616e-04,
        -1.3992e-03,  2.0701e-03,  4.3702e-04,  3.4994e-04,  5.2405e-04,
         6.7109e-04,  1.7923e-03,  2.0046e-03,  1.8478e-03, -8.7896e-04,
         2.6670e-05,  1.8823e-03, -1.6835e-03,  5.2017e-05, -9.6429e-04,
        -1.8808e-03, -8.8956e-04,  2.5097e-04, -1.6626e-03,  1.7658e-03,
         1.9960e-03, -2.0077e-05, -1.3007e-03, -9.3480e-04,  1.4950e-03,
        -8.9611e-04,  2.0864e-03, -1.8975e-03,  4.9350e-04, -5.6574e-04,
         1.4755e-03,  1.2104e-04, -1.1457e-03,  1.0410e-03])
weight : tensor([[-0.0184, -0.1143,  0.1218,  ...,  0.3191, -0.1687,  0.2874],
        [ 0.2252,  0.0823, -0.2767,  ..., -0.0793,  0.1673,  0.0842],
        [-0.0676,  0.1107, -0.3069,  ...,  0.2347,  0.1723, -0.0048],
        ...,
        [ 0.0782, -0.3784, -0.1378,  ..., -0.0540, -0.2812,  0.1940],
        [-0.0934, -0.0327, -0.2087,  ..., -0.4199, -0.1276, -0.0927],
        [-0.1619,  0.0969, -0.3652,  ...,  0.0161, -0.0492, -0.0300]])
bias : tensor([ 2.2304e-04, -5.9052e-04, -3.5015e-04, -7.0978e-04,  5.8064e-04,
         1.4905e-03,  6.0854e-04,  6.4484e-05,  3.7945e-04, -8.7725e-04,
         1.0097e-04,  1.5062e-04,  1.2151e-03,  1.8339e-03, -4.3534e-04,
        -1.7496e-03,  8.4433e-04, -1.2905e-03,  1.2447e-03,  1.1539e-03,
        -3.8709e-04, -4.3086e-05, -1.6339e-03, -7.5057e-04,  1.3656e-03,
         6.3446e-04, -3.2978e-05,  2.4379e-03, -3.5757e-04,  1.1135e-03,
        -1.0216e-03, -4.1593e-04, -1.5511e-04, -1.1798e-03, -1.6691e-03,
         1.0847e-03,  1.0391e-03,  1.1300e-03, -6.3820e-04,  5.7079e-04,
         1.4122e-03,  1.1894e-03,  1.5064e-03,  5.6086e-04,  2.1860e-03,
         9.7750e-04, -4.1340e-04,  3.5630e-04, -1.8194e-03,  3.3914e-04,
        -1.4426e-03, -9.9047e-04,  1.4411e-03, -4.9091e-04,  9.8441e-04,
        -1.2328e-03, -6.1232e-04,  1.5832e-03, -1.9284e-03, -1.8683e-03,
        -1.4729e-03,  2.8160e-04, -1.1539e-03,  8.3654e-04])
-------------------------------------------
| avg_speed                | 1.61         |
| cost                     | 0            |
| is_success               | 0            |
| max_speed                | 1.61         |
| reward                   | -0.6216501   |
| rollout/                 |              |
|    ep_len_mean           | 1e+03        |
|    ep_rew_mean           | -1.45e+03    |
| time/                    |              |
|    fps                   | 94           |
|    iterations            | 4            |
|    time_elapsed          | 86           |
|    total_timesteps       | 8192         |
| train/                   |              |
|    approx_kl             | 0.0037337213 |
|    clip_fraction         | 0.00981      |
|    clip_range            | 0.2          |
|    cost_returns          | 6.43         |
|    cost_value_loss       | 91           |
|    cost_values           | -0.091       |
|    entropy               | -2.87        |
|    entropy_loss          | -2.86        |
|    explained_variance    | 0.129        |
|    lagrangian_multiplier | 0            |
|    learning_rate         | 0.0003       |
|    loss                  | 224          |
|    n_updates             | 30           |
|    policy_gradient_loss  | -0.00313     |
|    std                   | 1.01         |
|    value_loss            | 489          |
-------------------------------------------
TRAINING:
weight : tensor([[ 0.3064,  0.0956, -0.0467,  ...,  0.0731,  0.0975, -0.2194],
        [-0.2446, -0.3634,  0.1267,  ..., -0.1756, -0.1016,  0.1821],
        [ 0.1453, -0.0202,  0.1943,  ...,  0.2190, -0.3533, -0.0940],
        ...,
        [ 0.2539,  0.2999,  0.0841,  ...,  0.0296, -0.2635,  0.1582],
        [-0.0412,  0.2444,  0.0537,  ...,  0.4137,  0.0505, -0.4338],
        [-0.0360, -0.0534,  0.0325,  ...,  0.2606,  0.1589, -0.0698]])
bias : tensor([ 5.7670e-04, -4.7758e-04, -1.1905e-04,  3.7409e-04,  1.9064e-04,
         5.3725e-04, -7.5715e-04, -9.6439e-06, -1.0783e-04,  7.3532e-04,
        -1.9621e-03,  2.0131e-04, -9.7974e-04, -2.4420e-04,  1.6400e-03,
        -1.9141e-03,  9.1599e-04, -1.2689e-04,  2.9922e-04,  6.8919e-05,
         4.0788e-04, -5.4948e-04, -2.1689e-04, -8.4104e-04,  5.9584e-04,
         6.9382e-04, -7.5093e-04, -1.0417e-03,  9.2998e-04, -8.0640e-04,
        -2.2864e-04,  1.5427e-04, -1.3091e-04, -1.5021e-03,  1.4431e-03,
         1.3493e-03, -1.2359e-03,  1.0054e-03,  8.7308e-04, -7.7860e-04,
         3.3706e-04,  1.2176e-03,  5.6585e-04, -2.9616e-04, -5.4111e-04,
         2.1980e-04,  1.3236e-04,  1.0277e-04,  4.6763e-04,  9.7711e-04,
        -6.3208e-05,  8.7476e-05,  3.1071e-04, -6.4077e-04, -1.4368e-03,
         1.1658e-03,  1.7688e-04,  3.0131e-04, -9.4063e-04,  9.2669e-04,
        -7.4978e-04,  6.9432e-04, -3.5502e-04, -5.2593e-04])
weight : tensor([[-0.2900, -0.1158,  0.4469,  ..., -0.0553,  0.0812, -0.0496],
        [ 0.1746, -0.1954,  0.0776,  ..., -0.1054, -0.2960,  0.1518],
        [-0.1442, -0.0945,  0.0487,  ..., -0.1562, -0.0514,  0.0759],
        ...,
        [-0.1511,  0.2568, -0.0957,  ..., -0.0648, -0.2655,  0.0956],
        [ 0.1018, -0.1992,  0.1216,  ..., -0.0601, -0.0228,  0.2693],
        [ 0.1943,  0.3024,  0.2793,  ...,  0.1548, -0.0232,  0.0957]])
bias : tensor([ 1.0803e-04,  5.1599e-04, -1.4811e-04,  2.2351e-04, -3.1584e-04,
        -2.8765e-04, -9.8072e-05,  6.8579e-04,  8.4903e-06,  5.0420e-04,
         3.2068e-04, -1.4944e-04, -6.4513e-05,  4.9459e-04, -1.3556e-04,
         1.4007e-04, -8.5846e-05,  1.4811e-04, -1.1260e-03, -1.4844e-03,
        -1.0982e-03,  8.5158e-04,  1.2942e-04,  6.6578e-04, -8.4797e-04,
         7.0912e-04, -3.6905e-04,  2.6333e-04, -6.5361e-04,  3.1081e-04,
         5.5462e-04,  6.2633e-04, -2.8341e-04,  1.1303e-04,  4.6369e-04,
        -1.0382e-03, -9.5863e-04,  7.1580e-04,  1.8337e-04,  2.3821e-04,
        -5.0829e-04, -1.1318e-03, -1.8998e-04,  2.8301e-04, -4.1815e-04,
         1.1799e-04, -3.8652e-05, -2.1364e-04, -8.0279e-04, -4.3442e-04,
         6.2371e-04,  1.2542e-03,  1.0986e-04,  4.3067e-05,  6.2837e-04,
        -5.4534e-05, -5.5315e-05, -6.0448e-04,  2.7659e-04, -2.3067e-04,
        -9.0980e-04,  3.2097e-04,  3.6402e-04, -1.3167e-04])
------------------------------------------
| avg_speed                | 0.781       |
| cost                     | 0           |
| is_success               | 0           |
| max_speed                | 0.781       |
| reward                   | -0.8972602  |
| rollout/                 |             |
|    ep_len_mean           | 1e+03       |
|    ep_rew_mean           | -1.3e+03    |
| time/                    |             |
|    fps                   | 94          |
|    iterations            | 4           |
|    time_elapsed          | 86          |
|    total_timesteps       | 8192        |
| train/                   |             |
|    approx_kl             | 0.003180935 |
|    clip_fraction         | 0.0103      |
|    clip_range            | 0.2         |
|    cost_returns          | 7.86        |
|    cost_value_loss       | 107         |
|    cost_values           | 0.324       |
|    entropy               | -2.84       |
|    entropy_loss          | -2.84       |
|    explained_variance    | 0.153       |
|    lagrangian_multiplier | 0           |
|    learning_rate         | 0.0003      |
|    loss                  | 273         |
|    n_updates             | 30          |
|    policy_gradient_loss  | -0.00314    |
|    std                   | 1           |
|    value_loss            | 554         |
------------------------------------------
TRAINING:
weight : tensor([[-0.1518, -0.1214,  0.2851,  ...,  0.0388, -0.2189, -0.2582],
        [-0.0798,  0.2420,  0.0240,  ..., -0.1869,  0.1378, -0.0018],
        [-0.0536, -0.0617, -0.5555,  ..., -0.0140,  0.0276,  0.1064],
        ...,
        [ 0.1526,  0.0271,  0.0798,  ...,  0.0673, -0.1349,  0.0399],
        [ 0.0756, -0.2346,  0.0199,  ...,  0.1194, -0.3583, -0.0682],
        [ 0.2125, -0.0018, -0.0345,  ...,  0.2503, -0.0869,  0.1369]])
bias : tensor([-3.7063e-04,  1.0771e-03, -3.3688e-04,  1.8011e-03, -1.3324e-04,
         5.1461e-04, -4.1579e-04,  5.8626e-05,  2.2058e-04, -9.0874e-05,
        -6.5378e-04, -3.5945e-04,  4.8875e-06, -1.0283e-03,  4.5878e-04,
         2.9276e-04,  8.7623e-04, -6.3920e-04, -5.7654e-04, -2.9504e-04,
         1.1984e-03,  5.5693e-04,  3.3438e-04, -1.3157e-03, -4.7355e-04,
         1.2299e-03, -3.9377e-05,  6.1685e-04,  3.7985e-04,  1.3199e-03,
         1.3126e-03, -3.1304e-04,  9.2279e-05,  1.0033e-03,  1.0813e-03,
         1.1497e-03, -4.7838e-04,  1.7675e-04, -4.6340e-04,  2.1894e-04,
         3.6707e-04,  4.9727e-04,  1.3741e-04,  2.0984e-04, -4.6500e-04,
        -2.3158e-04, -2.7535e-04,  1.0326e-04,  8.3952e-04,  4.5774e-04,
        -1.5342e-03, -1.1031e-03, -1.3258e-04, -6.3731e-04,  1.6066e-04,
         3.9548e-04,  1.3294e-03,  4.1671e-04, -1.4102e-03,  8.9662e-04,
         4.5188e-04,  9.3481e-04,  7.8646e-04,  2.7594e-04])
weight : tensor([[ 2.9720e-02, -1.2801e-01, -2.0033e-01,  ..., -1.5406e-01,
          2.4261e-03,  2.0530e-01],
        [ 4.2777e-04,  5.9477e-02, -2.5819e-01,  ...,  1.6866e-02,
          1.2387e-01,  6.8367e-02],
        [-2.0788e-01,  3.2065e-01, -3.1303e-01,  ..., -3.8408e-02,
         -2.1764e-01, -3.1984e-02],
        ...,
        [ 1.9258e-01,  4.9573e-01, -1.9115e-02,  ...,  1.2347e-01,
          8.4533e-02,  7.5756e-02],
        [-1.2872e-01, -7.6948e-02, -2.1641e-02,  ...,  6.0010e-02,
         -1.8220e-03,  2.2600e-01],
        [-6.0979e-02,  1.1885e-01,  1.1009e-01,  ...,  2.1274e-01,
         -1.6063e-02,  1.1973e-01]])
bias : tensor([ 2.3602e-04,  3.6366e-04,  3.5788e-05, -3.1137e-04,  1.2356e-03,
         6.8600e-04,  1.3153e-03, -1.1880e-03, -7.4852e-04, -6.9918e-05,
         3.0842e-04, -4.5705e-04,  1.1059e-03,  7.5250e-04, -6.3288e-04,
         8.3347e-04, -7.3393e-04, -7.4318e-04, -5.6029e-04,  1.4464e-03,
         6.5429e-04, -5.2310e-04, -4.8025e-04,  5.6440e-04, -6.7272e-04,
        -6.2796e-04, -1.4747e-04,  5.7582e-04,  1.7349e-04, -1.6368e-03,
         4.0584e-04,  5.3069e-04,  2.5348e-04,  5.4446e-04,  5.8104e-04,
        -4.6370e-04, -5.5208e-04,  8.7450e-04,  4.8627e-04, -8.0885e-04,
        -3.0402e-04,  4.1097e-04, -9.8553e-05,  1.5652e-04,  8.9229e-04,
         3.4803e-04,  3.5037e-04, -4.7162e-04,  1.1650e-04, -7.6105e-04,
        -2.0299e-04, -2.2973e-05, -3.2137e-04,  1.0985e-03, -1.6822e-04,
         4.7031e-04, -6.9979e-04,  7.6239e-04,  6.3012e-04, -1.1910e-03,
        -2.2085e-05,  1.1057e-03, -7.6360e-04,  1.1176e-03])
-------------------------------------------
| avg_speed                | 0.398        |
| cost                     | 0            |
| is_success               | 0            |
| max_speed                | 0.398        |
| reward                   | -0.7798585   |
| rollout/                 |              |
|    ep_len_mean           | 1e+03        |
|    ep_rew_mean           | -1.16e+03    |
| time/                    |              |
|    fps                   | 89           |
|    iterations            | 4            |
|    time_elapsed          | 91           |
|    total_timesteps       | 8192         |
| train/                   |              |
|    approx_kl             | 0.0019417909 |
|    clip_fraction         | 0.002        |
|    clip_range            | 0.2          |
|    cost_returns          | 6.96         |
|    cost_value_loss       | 102          |
|    cost_values           | 0.197        |
|    entropy               | -2.84        |
|    entropy_loss          | -2.84        |
|    explained_variance    | -0.0132      |
|    lagrangian_multiplier | 0            |
|    learning_rate         | 0.0003       |
|    loss                  | 233          |
|    n_updates             | 30           |
|    policy_gradient_loss  | -0.00191     |
|    std                   | 1            |
|    value_loss            | 499          |
-------------------------------------------
TRAINING:
weight : tensor([[-0.0041, -0.0961, -0.1483,  ..., -0.2421,  0.0153,  0.1558],
        [-0.2491,  0.1067, -0.0870,  ...,  0.1817, -0.0630,  0.1529],
        [ 0.0973,  0.1042,  0.0629,  ...,  0.0392,  0.0042, -0.4277],
        ...,
        [ 0.0097,  0.0588,  0.1041,  ..., -0.2719, -0.2221,  0.0719],
        [ 0.0680, -0.2398, -0.1514,  ..., -0.1583,  0.0279,  0.2488],
        [-0.0284, -0.0202,  0.2493,  ...,  0.0022,  0.0501,  0.0576]])
bias : tensor([ 5.5970e-04, -2.7643e-03,  1.0307e-03, -1.3852e-03,  4.4288e-03,
         1.9610e-03,  3.7718e-03, -6.7718e-07,  2.9359e-03, -1.7518e-03,
         6.8645e-04,  2.7985e-03,  3.2143e-03,  7.6690e-05, -7.6430e-04,
         2.9199e-03,  1.0577e-03,  1.8095e-03,  5.0301e-04,  2.1856e-03,
        -6.9963e-04, -2.2359e-03,  3.7337e-04,  1.7090e-03,  1.2567e-03,
        -1.1329e-03,  1.0187e-03, -1.1143e-03, -3.0631e-03,  1.4045e-03,
        -2.5282e-03,  2.6222e-03,  1.2219e-03,  1.0683e-03,  3.1985e-04,
        -3.3196e-04,  2.3290e-03,  2.7876e-03,  3.4369e-03, -1.4675e-03,
        -7.0121e-04,  3.1636e-03, -3.1980e-03,  8.0126e-05, -1.3636e-03,
        -2.2215e-03, -9.6581e-04,  4.6947e-04, -2.0714e-03,  2.6256e-03,
         3.6209e-03, -5.2399e-04, -1.5074e-03, -1.0148e-03,  2.4130e-03,
        -8.8102e-04,  3.0485e-03, -2.7400e-03,  8.1110e-04, -1.1243e-03,
         1.9504e-03, -7.7335e-04, -1.8828e-03,  1.8310e-03])
weight : tensor([[-0.0182, -0.1140,  0.1221,  ...,  0.3189, -0.1686,  0.2873],
        [ 0.2253,  0.0828, -0.2761,  ..., -0.0798,  0.1673,  0.0841],
        [-0.0676,  0.1109, -0.3067,  ...,  0.2346,  0.1724, -0.0049],
        ...,
        [ 0.0784, -0.3782, -0.1377,  ..., -0.0538, -0.2809,  0.1938],
        [-0.0939, -0.0335, -0.2095,  ..., -0.4195, -0.1278, -0.0924],
        [-0.1616,  0.0972, -0.3650,  ...,  0.0159, -0.0492, -0.0302]])
bias : tensor([ 6.6797e-04, -9.1217e-05, -1.4677e-04, -4.7320e-04,  6.1356e-04,
         2.8131e-03,  6.6537e-04, -3.0173e-04,  5.0678e-04, -1.8254e-03,
         5.6917e-04,  5.3061e-04,  2.3012e-03,  2.0055e-03, -3.9819e-04,
        -2.4673e-03,  1.4006e-03, -2.6773e-03,  1.6942e-03,  2.0049e-03,
        -1.4512e-03, -1.1636e-04, -2.7011e-03, -7.0495e-04,  2.0610e-03,
         9.3488e-04, -2.6368e-04,  3.7594e-03, -3.4322e-04,  1.9283e-03,
        -1.8829e-03, -6.3591e-04, -5.3743e-04, -1.7970e-03, -2.7372e-03,
         1.7828e-03,  1.0036e-03,  2.3226e-03, -9.3440e-04,  1.0966e-03,
         2.0020e-03,  1.2442e-03,  2.1502e-03,  1.3176e-03,  3.9091e-03,
         1.6496e-03, -1.3905e-03,  6.0447e-04, -3.0246e-03,  9.6681e-04,
        -2.4073e-03, -2.0736e-03,  2.2931e-03, -8.1379e-04,  1.7598e-03,
        -1.9218e-03, -5.6502e-04,  3.0599e-03, -3.4304e-03, -3.1831e-03,
        -1.9659e-03, -2.3894e-04, -1.0799e-03,  1.2809e-03])
-------------------------------------------
| avg_speed                | 0.787        |
| cost                     | 0            |
| is_success               | 0            |
| max_speed                | 0.787        |
| reward                   | -0.6564193   |
| rollout/                 |              |
|    ep_len_mean           | 1e+03        |
|    ep_rew_mean           | -1.39e+03    |
| time/                    |              |
|    fps                   | 94           |
|    iterations            | 5            |
|    time_elapsed          | 108          |
|    total_timesteps       | 10240        |
| train/                   |              |
|    approx_kl             | 0.0017700511 |
|    clip_fraction         | 0.00146      |
|    clip_range            | 0.2          |
|    cost_returns          | 11.7         |
|    cost_value_loss       | 194          |
|    cost_values           | -0.299       |
|    entropy               | -2.87        |
|    entropy_loss          | -2.87        |
|    explained_variance    | 0.0848       |
|    lagrangian_multiplier | 0            |
|    learning_rate         | 0.0003       |
|    loss                  | 397          |
|    n_updates             | 40           |
|    policy_gradient_loss  | -0.00177     |
|    std                   | 1.02         |
|    value_loss            | 834          |
-------------------------------------------
TRAINING:
weight : tensor([[ 0.3084,  0.0953, -0.0465,  ...,  0.0745,  0.0969, -0.2200],
        [-0.2462, -0.3632,  0.1261,  ..., -0.1766, -0.1017,  0.1822],
        [ 0.1457, -0.0201,  0.1942,  ...,  0.2193, -0.3535, -0.0945],
        ...,
        [ 0.2540,  0.2997,  0.0837,  ...,  0.0308, -0.2636,  0.1581],
        [-0.0365,  0.2436,  0.0538,  ...,  0.4170,  0.0508, -0.4333],
        [-0.0366, -0.0534,  0.0332,  ...,  0.2601,  0.1594, -0.0695]])
bias : tensor([ 1.4029e-03, -7.0806e-04,  3.3216e-04,  1.0581e-03, -1.0606e-04,
         1.0086e-03, -7.0886e-04, -6.7028e-04, -5.9642e-05,  1.6939e-03,
        -2.7143e-03,  6.8902e-04, -1.3332e-03,  9.7809e-05,  3.0079e-03,
        -2.7006e-03,  1.3653e-03, -1.1489e-04,  1.1702e-03,  2.1841e-04,
         1.4440e-03, -1.3680e-03, -6.9986e-05, -1.9594e-03,  1.0368e-03,
         7.1523e-04, -7.9608e-04, -1.4368e-03,  8.3799e-04, -1.2940e-03,
        -1.5423e-04, -3.9973e-04, -1.4120e-04, -2.3507e-03,  2.6976e-03,
         1.3548e-03, -1.2730e-03,  1.1967e-03,  1.6030e-03, -1.3060e-03,
         5.0004e-04,  2.2014e-03,  1.7790e-03, -6.5674e-04, -4.1847e-04,
         6.2580e-04,  3.7561e-04,  5.4512e-04,  7.9252e-04,  1.5512e-03,
        -9.9348e-04,  2.4652e-04,  5.2982e-04, -1.1973e-03, -2.6826e-03,
         2.0925e-03,  1.0490e-04,  5.7959e-04, -1.3100e-03,  1.1514e-03,
        -6.1606e-04,  1.1175e-03, -1.0294e-03, -1.1606e-03])
weight : tensor([[-0.2897, -0.1161,  0.4472,  ..., -0.0550,  0.0812, -0.0497],
        [ 0.1745, -0.1953,  0.0774,  ..., -0.1053, -0.2958,  0.1519],
        [-0.1444, -0.0944,  0.0486,  ..., -0.1564, -0.0514,  0.0759],
        ...,
        [-0.1514,  0.2573, -0.0963,  ..., -0.0652, -0.2651,  0.0958],
        [ 0.1023, -0.1996,  0.1224,  ..., -0.0598, -0.0231,  0.2689],
        [ 0.1943,  0.3022,  0.2797,  ...,  0.1551, -0.0230,  0.0956]])
bias : tensor([ 4.2244e-04,  8.6445e-04, -1.7277e-04,  6.9094e-04, -1.0357e-03,
        -5.4746e-04,  3.8584e-05,  1.2277e-03, -2.3026e-05,  1.2038e-03,
         4.6624e-04, -8.5511e-05, -4.1479e-04,  1.2815e-03, -5.5635e-04,
         2.7720e-04, -2.2533e-04,  5.9430e-04, -1.7321e-03, -2.3218e-03,
        -1.5842e-03,  2.0710e-03,  4.7225e-04,  5.5598e-04, -8.7516e-04,
         1.1366e-03, -6.2029e-04,  5.2819e-04, -9.6286e-04,  5.1816e-04,
         1.3784e-03,  1.0675e-03, -5.2813e-04,  2.0950e-05,  1.1113e-03,
        -1.4745e-03, -1.6880e-03,  9.0952e-04,  7.1761e-04,  1.1063e-03,
        -8.5601e-04, -1.9623e-03, -6.5987e-04, -3.1449e-05, -1.0859e-03,
         3.3400e-04, -5.4713e-04, -3.1596e-04, -1.6172e-03, -2.6977e-05,
         1.0114e-03,  1.3205e-03,  5.8816e-04, -1.3351e-04,  1.6465e-03,
        -5.4475e-04,  2.4303e-04, -7.3995e-04,  1.2344e-04, -6.0424e-04,
        -1.9698e-03,  8.4016e-04,  2.4720e-04,  1.3837e-04])
-------------------------------------------
| avg_speed                | 0.0503       |
| cost                     | 0            |
| is_success               | 0            |
| max_speed                | 0.0503       |
| reward                   | -0.66774154  |
| rollout/                 |              |
|    ep_len_mean           | 1e+03        |
|    ep_rew_mean           | -1.35e+03    |
| time/                    |              |
|    fps                   | 94           |
|    iterations            | 5            |
|    time_elapsed          | 108          |
|    total_timesteps       | 10240        |
| train/                   |              |
|    approx_kl             | 0.0018979048 |
|    clip_fraction         | 0.00327      |
|    clip_range            | 0.2          |
|    cost_returns          | 7.84         |
|    cost_value_loss       | 111          |
|    cost_values           | 0.553        |
|    entropy               | -2.83        |
|    entropy_loss          | -2.84        |
|    explained_variance    | 0.258        |
|    lagrangian_multiplier | 0            |
|    learning_rate         | 0.0003       |
|    loss                  | 194          |
|    n_updates             | 40           |
|    policy_gradient_loss  | -0.00147     |
|    std                   | 0.997        |
|    value_loss            | 418          |
-------------------------------------------
TRAINING:
weight : tensor([[-0.1521, -0.1211,  0.2851,  ...,  0.0393, -0.2190, -0.2577],
        [-0.0771,  0.2433,  0.0240,  ..., -0.1878,  0.1388, -0.0013],
        [-0.0554, -0.0629, -0.5554,  ..., -0.0137,  0.0267,  0.1065],
        ...,
        [ 0.1550,  0.0284,  0.0802,  ...,  0.0662, -0.1342,  0.0400],
        [ 0.0766, -0.2334,  0.0184,  ...,  0.1183, -0.3569, -0.0676],
        [ 0.2129, -0.0022, -0.0349,  ...,  0.2500, -0.0866,  0.1371]])
bias : tensor([-2.0929e-04, -7.4717e-04,  3.7822e-04, -8.4283e-04,  2.5250e-04,
        -5.4365e-04,  3.9373e-04, -8.6311e-05, -1.4316e-04, -1.0339e-03,
         4.3173e-04,  4.5863e-04, -6.9288e-04, -9.4731e-04, -6.7574e-04,
         3.4641e-04,  9.7754e-04, -2.1964e-05, -7.9342e-05,  1.3479e-03,
        -2.1159e-04,  1.1901e-03,  1.0661e-03,  1.9830e-04, -9.8464e-04,
        -2.9267e-04,  4.3633e-04, -2.6870e-04,  3.0768e-04, -2.0061e-04,
         3.1614e-04,  4.5283e-04, -7.5958e-04, -1.6483e-04,  1.1170e-03,
         4.0374e-04,  4.2439e-04,  9.7137e-04,  4.9593e-04, -8.0969e-04,
         9.5623e-04,  6.4709e-04, -9.2805e-04,  1.0350e-03, -1.7434e-04,
        -1.0874e-03,  1.2785e-03,  6.8131e-04, -7.2863e-05, -7.2682e-04,
        -1.2094e-03, -8.7313e-04,  1.1045e-03, -3.3984e-05, -4.6134e-04,
         1.9785e-04,  2.6209e-04, -4.8874e-04, -5.1044e-04,  1.1076e-04,
        -1.2267e-03, -3.4914e-04, -3.9868e-04,  6.7999e-05])
weight : tensor([[ 2.9446e-02, -1.2815e-01, -2.0015e-01,  ..., -1.5436e-01,
          2.1935e-03,  2.0491e-01],
        [-1.8193e-04,  5.9943e-02, -2.5792e-01,  ...,  1.6998e-02,
          1.2296e-01,  6.7740e-02],
        [-2.0757e-01,  3.2079e-01, -3.1304e-01,  ..., -3.8286e-02,
         -2.1747e-01, -3.1764e-02],
        ...,
        [ 1.9208e-01,  4.9565e-01, -1.8884e-02,  ...,  1.2329e-01,
          8.4094e-02,  7.5323e-02],
        [-1.2854e-01, -7.7068e-02, -2.1746e-02,  ...,  6.0000e-02,
         -1.6731e-03,  2.2622e-01],
        [-6.1516e-02,  1.1950e-01,  1.1020e-01,  ...,  2.1311e-01,
         -1.6841e-02,  1.1924e-01]])
bias : tensor([ 4.6017e-04, -7.0255e-04, -9.8945e-05, -8.4814e-05, -3.5848e-04,
        -1.2093e-03,  7.8690e-04, -4.5377e-04, -8.3111e-04,  5.9530e-04,
         5.7289e-04, -1.0349e-03,  1.2328e-03, -1.1673e-03,  1.0472e-03,
         8.8708e-04,  8.8037e-04, -1.6728e-04,  8.6770e-04,  5.3905e-04,
        -1.0730e-03, -3.5155e-04, -1.1040e-03,  5.3556e-04, -8.6624e-05,
         7.5668e-04, -9.1195e-04, -2.4034e-04,  2.7867e-04, -1.8930e-03,
         2.1909e-04, -8.6490e-04, -1.4556e-03, -1.3512e-04, -8.5209e-05,
        -2.8297e-04, -7.0093e-04, -5.0093e-04,  7.9715e-04, -7.9985e-04,
        -4.9341e-04, -6.1456e-04,  6.7041e-05, -7.0272e-04,  3.7002e-04,
         1.0440e-04,  2.3984e-04,  1.1031e-03, -5.0984e-04,  2.4879e-04,
        -3.1003e-04,  1.0633e-03,  4.9204e-05, -6.4069e-04, -1.8954e-04,
        -1.5474e-03,  6.7567e-05, -5.1440e-04,  7.7572e-04,  2.3697e-04,
         1.7998e-04,  1.1744e-03, -7.0030e-04,  1.3714e-04])
-------------------------------------------
| avg_speed                | 2.65         |
| cost                     | 1            |
| is_success               | 0            |
| max_speed                | 2.65         |
| reward                   | -0.6274867   |
| rollout/                 |              |
|    ep_len_mean           | 1e+03        |
|    ep_rew_mean           | -1.12e+03    |
| time/                    |              |
|    fps                   | 89           |
|    iterations            | 5            |
|    time_elapsed          | 114          |
|    total_timesteps       | 10240        |
| train/                   |              |
|    approx_kl             | 0.0040741586 |
|    clip_fraction         | 0.0209       |
|    clip_range            | 0.2          |
|    cost_returns          | 4.62         |
|    cost_value_loss       | 72           |
|    cost_values           | -0.24        |
|    entropy               | -2.85        |
|    entropy_loss          | -2.85        |
|    explained_variance    | -0.0866      |
|    lagrangian_multiplier | 0            |
|    learning_rate         | 0.0003       |
|    loss                  | 138          |
|    n_updates             | 40           |
|    policy_gradient_loss  | -0.00399     |
|    std                   | 1.01         |
|    value_loss            | 303          |
-------------------------------------------
TRAINING:
weight : tensor([[-0.0037, -0.0959, -0.1484,  ..., -0.2423,  0.0155,  0.1557],
        [-0.2491,  0.1068, -0.0872,  ...,  0.1817, -0.0625,  0.1533],
        [ 0.0949,  0.1034,  0.0616,  ...,  0.0380,  0.0040, -0.4280],
        ...,
        [ 0.0113,  0.0594,  0.1054,  ..., -0.2698, -0.2221,  0.0722],
        [ 0.0701, -0.2393, -0.1521,  ..., -0.1565,  0.0287,  0.2490],
        [-0.0279, -0.0203,  0.2514,  ...,  0.0008,  0.0487,  0.0570]])
bias : tensor([ 7.9735e-04, -2.6450e-03,  1.9016e-03, -6.4618e-04,  3.8236e-03,
         1.8271e-03,  3.7257e-03,  3.3839e-04,  2.7978e-03, -1.1313e-03,
        -2.6649e-04,  2.5673e-03,  3.0658e-03, -3.8402e-04, -5.5559e-04,
         2.7249e-03,  1.8527e-03,  6.9923e-04,  1.1932e-04,  2.3861e-03,
        -7.9595e-04, -2.7007e-03, -1.3592e-04,  6.2678e-04,  1.5987e-03,
        -1.8682e-03,  1.4027e-03, -1.0696e-03, -3.3961e-03,  2.0371e-03,
        -2.3550e-03,  2.0555e-03,  9.5045e-04,  9.4712e-04,  3.4166e-05,
        -1.1967e-03,  2.0026e-03,  2.9375e-03,  3.4501e-03, -1.6503e-03,
        -1.2283e-03,  3.4716e-03, -3.5825e-03, -1.0488e-04, -1.6302e-03,
        -2.1078e-03, -1.3339e-03,  1.1051e-03, -3.0902e-03,  2.6379e-03,
         3.5705e-03, -9.6904e-04, -6.8653e-04, -9.0434e-04,  2.1840e-03,
        -9.5954e-04,  3.1476e-03, -2.3768e-03,  9.9953e-04, -1.2977e-03,
         1.6996e-03, -1.4493e-03, -1.9506e-03,  1.4415e-03])
weight : tensor([[-0.0182, -0.1138,  0.1218,  ...,  0.3197, -0.1682,  0.2871],
        [ 0.2252,  0.0829, -0.2764,  ..., -0.0790,  0.1679,  0.0842],
        [-0.0679,  0.1108, -0.3068,  ...,  0.2349,  0.1725, -0.0048],
        ...,
        [ 0.0784, -0.3782, -0.1374,  ..., -0.0543, -0.2811,  0.1939],
        [-0.0940, -0.0339, -0.2098,  ..., -0.4193, -0.1279, -0.0922],
        [-0.1616,  0.0973, -0.3649,  ...,  0.0158, -0.0491, -0.0303]])
bias : tensor([ 9.3711e-04,  2.0249e-05, -2.4507e-04, -1.0212e-04,  7.8858e-04,
         3.0353e-03,  1.1262e-03, -1.2117e-03,  7.4124e-04, -1.3770e-03,
         5.8669e-04,  1.3573e-04,  2.0417e-03,  1.4721e-03, -1.0452e-04,
        -2.2032e-03,  1.1916e-03, -2.3434e-03,  1.3190e-03,  2.2003e-03,
        -1.6136e-03, -8.8347e-04, -2.7916e-03, -5.7535e-04,  1.5802e-03,
         1.4560e-03, -2.0373e-04,  4.2831e-03, -5.9699e-04,  1.9361e-03,
        -2.3875e-03, -4.2269e-04, -9.4403e-04, -2.2220e-03, -2.8297e-03,
         1.3684e-03,  1.2061e-03,  2.0797e-03, -8.9212e-04,  1.4882e-03,
         2.2082e-03,  9.8951e-04,  1.8606e-03,  1.5757e-03,  3.9526e-03,
         1.9118e-03, -1.1972e-03,  5.1610e-04, -3.1959e-03,  1.5893e-03,
        -2.3504e-03, -1.8800e-03,  2.0630e-03, -9.4533e-04,  1.6863e-03,
        -1.7339e-03,  2.7569e-04,  3.1111e-03, -3.7094e-03, -2.8397e-03,
        -2.3744e-03, -4.2571e-04, -1.4066e-03,  1.5400e-03])
Directory created: PPOL_New/models/QUALITATIVE-TEST/cdff6g69/model_epoch(0)
-----------------------------------
| avg_speed          | 3.96       |
| cost               | 1          |
| is_success         | 0          |
| max_speed          | 3.96       |
| reward             | -0.8933678 |
| rollout/           |            |
|    ep_len_mean     | 1e+03      |
|    ep_rew_mean     | -1.39e+03  |
| time/              |            |
|    fps             | 97         |
|    iterations      | 1          |
|    time_elapsed    | 21         |
|    total_timesteps | 12288      |
-----------------------------------
TRAINING:
weight : tensor([[ 0.3086,  0.0961, -0.0463,  ...,  0.0729,  0.0974, -0.2202],
        [-0.2455, -0.3634,  0.1253,  ..., -0.1773, -0.1020,  0.1824],
        [ 0.1458, -0.0198,  0.1952,  ...,  0.2192, -0.3530, -0.0950],
        ...,
        [ 0.2533,  0.2997,  0.0834,  ...,  0.0311, -0.2635,  0.1581],
        [-0.0358,  0.2441,  0.0535,  ...,  0.4165,  0.0514, -0.4332],
        [-0.0359, -0.0536,  0.0331,  ...,  0.2604,  0.1592, -0.0692]])
bias : tensor([ 1.8932e-03, -1.4850e-03,  8.4159e-04,  1.5932e-03, -1.0815e-03,
         7.8426e-04, -3.1134e-04, -6.7569e-04, -5.2436e-05,  2.0108e-03,
        -3.0081e-03,  9.1238e-04, -5.4880e-04,  8.2952e-04,  3.7315e-03,
        -3.0123e-03,  1.5522e-03,  1.3307e-04,  1.7744e-03, -4.0698e-05,
         2.4220e-03, -1.9278e-03, -8.6658e-05, -2.9149e-03,  1.0457e-03,
         4.3682e-04, -9.1459e-04, -1.6888e-03, -3.9099e-05, -1.2941e-03,
        -3.6826e-04, -7.9258e-04, -3.7101e-04, -3.0508e-03,  3.5893e-03,
         2.1394e-04, -1.6237e-03,  1.5117e-03,  2.2307e-03, -1.8741e-03,
         6.0674e-04,  2.7036e-03,  2.6252e-03, -1.1054e-03, -2.9126e-04,
         1.1725e-03,  3.7941e-04,  8.4053e-04,  1.3416e-03,  1.6097e-03,
        -1.3532e-03,  3.7831e-04,  1.5846e-04, -2.2454e-03, -3.3959e-03,
         3.0552e-03,  2.8973e-04,  7.3953e-04, -1.1929e-03,  1.0516e-03,
        -3.7233e-04,  1.4808e-03, -9.3202e-04, -1.6769e-03])
weight : tensor([[-0.2897, -0.1162,  0.4472,  ..., -0.0550,  0.0814, -0.0494],
        [ 0.1743, -0.1951,  0.0774,  ..., -0.1053, -0.2958,  0.1519],
        [-0.1444, -0.0945,  0.0486,  ..., -0.1563, -0.0513,  0.0759],
        ...,
        [-0.1518,  0.2575, -0.0963,  ..., -0.0652, -0.2650,  0.0958],
        [ 0.1027, -0.2001,  0.1228,  ..., -0.0597, -0.0228,  0.2690],
        [ 0.1943,  0.3022,  0.2797,  ...,  0.1552, -0.0229,  0.0957]])
bias : tensor([ 1.0409e-03,  9.3735e-04, -2.5396e-04,  1.1977e-03, -1.4392e-03,
        -9.0016e-04,  1.4450e-04,  1.5868e-03, -4.4365e-04,  1.7465e-03,
         2.1127e-04, -6.0272e-04, -8.3787e-04,  1.4652e-03, -1.0786e-03,
         6.9356e-04, -1.0743e-04,  1.0019e-03, -2.0931e-03, -2.8526e-03,
        -2.2000e-03,  2.5714e-03,  8.7783e-04, -1.9551e-04, -1.0473e-03,
         1.2269e-03, -1.0991e-03,  5.2361e-04, -1.1341e-03,  6.9981e-04,
         2.1287e-03,  1.4194e-03, -9.1706e-04, -8.5370e-05,  1.7916e-03,
        -1.4465e-03, -2.1617e-03,  8.8229e-04,  8.9844e-04,  1.7151e-03,
        -8.9569e-04, -2.9180e-03, -9.9154e-04,  2.3934e-04, -1.9266e-03,
         7.4065e-04, -1.0092e-03, -2.1054e-04, -1.9934e-03,  2.6282e-04,
         1.7839e-03,  7.1988e-04,  5.2480e-04, -3.9637e-04,  2.5795e-03,
        -6.5335e-04,  4.3287e-04, -5.8989e-04, -5.6381e-04, -3.3640e-04,
        -3.1627e-03,  8.5402e-04,  5.2915e-04,  3.3471e-04])
Directory created: PPOL_New/models/QUALITATIVE-TEST/0tc665n6/model_epoch(0)
------------------------------------
| avg_speed          | 0.209       |
| cost               | 0           |
| is_success         | 0           |
| max_speed          | 0.209       |
| reward             | -0.47954047 |
| rollout/           |             |
|    ep_len_mean     | 1e+03       |
|    ep_rew_mean     | -1.29e+03   |
| time/              |             |
|    fps             | 97          |
|    iterations      | 1           |
|    time_elapsed    | 21          |
|    total_timesteps | 12288       |
------------------------------------
TRAINING:
weight : tensor([[-0.1514, -0.1205,  0.2859,  ...,  0.0395, -0.2192, -0.2579],
        [-0.0745,  0.2464,  0.0251,  ..., -0.1881,  0.1393, -0.0025],
        [-0.0573, -0.0652, -0.5561,  ..., -0.0131,  0.0260,  0.1074],
        ...,
        [ 0.1569,  0.0308,  0.0802,  ...,  0.0650, -0.1331,  0.0386],
        [ 0.0781, -0.2319,  0.0187,  ...,  0.1181, -0.3564, -0.0684],
        [ 0.2122, -0.0033, -0.0343,  ...,  0.2491, -0.0868,  0.1375]])
bias : tensor([ 4.1514e-04,  7.2636e-04, -7.9732e-04, -1.2031e-03, -1.2624e-03,
         8.0353e-04,  1.5040e-03, -1.0908e-03,  4.4767e-04,  1.1870e-04,
        -2.6057e-04, -3.9265e-04,  4.9684e-04, -1.1622e-03,  3.3234e-04,
         2.9476e-04,  2.1035e-03, -1.4321e-03, -1.2939e-04, -1.2254e-04,
        -8.1888e-04,  2.8291e-03,  2.4992e-04, -6.8020e-04, -5.0535e-04,
         7.8832e-04, -1.9454e-04, -3.3676e-05,  1.2712e-03, -4.6467e-04,
        -2.4861e-04, -1.0908e-03, -1.2863e-03, -4.1148e-04,  1.5932e-03,
         1.2134e-03, -3.2064e-04, -6.6300e-04, -3.1981e-04,  4.4563e-05,
         1.5738e-03,  3.4381e-04, -4.6998e-04,  4.7233e-04,  1.0920e-03,
        -4.8745e-04, -3.0777e-04, -8.4434e-04, -6.3373e-04,  6.2458e-04,
        -7.7449e-04, -1.1040e-03,  2.4733e-03, -1.0321e-03, -4.9836e-04,
        -7.7224e-04,  2.6074e-06, -5.1194e-04, -1.0787e-03, -1.2413e-05,
         1.7123e-03,  1.1802e-03,  6.1581e-04, -4.4623e-04])
weight : tensor([[ 0.0292, -0.1277, -0.2006,  ..., -0.1541,  0.0020,  0.2051],
        [-0.0015,  0.0599, -0.2591,  ...,  0.0183,  0.1216,  0.0676],
        [-0.2075,  0.3207, -0.3131,  ..., -0.0383, -0.2175, -0.0317],
        ...,
        [ 0.1914,  0.4959, -0.0197,  ...,  0.1240,  0.0832,  0.0755],
        [-0.1285, -0.0771, -0.0218,  ...,  0.0601, -0.0016,  0.2263],
        [-0.0619,  0.1195,  0.1098,  ...,  0.2136, -0.0175,  0.1191]])
bias : tensor([ 1.2687e-03,  1.6355e-03, -1.8871e-04, -1.1059e-04, -6.2702e-04,
        -1.0356e-04,  2.0564e-03, -1.4651e-03, -3.0913e-04,  1.0807e-03,
        -3.1590e-04, -5.3570e-04,  1.1809e-03, -8.7439e-04, -3.0375e-05,
         3.0995e-04,  4.5671e-04, -6.7937e-04, -3.9404e-04,  7.6161e-04,
         2.9759e-04, -1.9673e-03, -9.3708e-04, -7.3850e-05,  6.2259e-04,
         1.5952e-03, -1.0432e-03,  1.4199e-03,  3.0002e-04, -2.7184e-03,
        -1.4276e-03,  8.2107e-04, -2.0762e-04,  2.2756e-04,  7.5365e-04,
        -1.0746e-03, -7.9456e-04,  2.3524e-04, -2.4355e-04,  3.9385e-04,
        -1.8068e-03,  4.0784e-04, -2.2109e-05, -4.0747e-04, -2.2155e-04,
        -7.7676e-05,  2.2134e-04, -7.0077e-04, -1.3641e-04,  1.2975e-04,
         3.6995e-04, -5.6208e-04, -1.6345e-04, -6.0326e-04, -1.3267e-03,
        -1.4638e-04, -5.7515e-04,  7.8522e-04, -9.3344e-05, -7.5203e-05,
        -8.2509e-04,  2.9532e-03, -5.4954e-04,  8.5725e-04])
Directory created: PPOL_New/models/QUALITATIVE-TEST/scg9ur5d/model_epoch(0)
-----------------------------------
| avg_speed          | 0.119      |
| cost               | 0          |
| is_success         | 0          |
| max_speed          | 0.119      |
| reward             | -0.9247836 |
| rollout/           |            |
|    ep_len_mean     | 1e+03      |
|    ep_rew_mean     | -1.12e+03  |
| time/              |            |
|    fps             | 92         |
|    iterations      | 1          |
|    time_elapsed    | 22         |
|    total_timesteps | 12288      |
-----------------------------------
TRAINING:
weight : tensor([[-0.0042, -0.0964, -0.1482,  ..., -0.2421,  0.0160,  0.1555],
        [-0.2495,  0.1077, -0.0882,  ...,  0.1826, -0.0618,  0.1531],
        [ 0.0934,  0.1015,  0.0604,  ...,  0.0381,  0.0038, -0.4281],
        ...,
        [ 0.0125,  0.0591,  0.1048,  ..., -0.2700, -0.2218,  0.0725],
        [ 0.0700, -0.2401, -0.1517,  ..., -0.1554,  0.0295,  0.2485],
        [-0.0266, -0.0215,  0.2523,  ..., -0.0017,  0.0469,  0.0578]])
bias : tensor([ 1.5395e-03, -2.0330e-03,  1.6215e-03,  1.1319e-03,  1.8841e-03,
         2.3865e-03,  3.1973e-03,  1.6316e-04,  1.4759e-03, -3.2371e-04,
         1.0656e-03, -5.5441e-04,  1.6562e-03,  8.7729e-04, -5.3064e-04,
         1.2265e-03,  8.8754e-04, -1.1199e-03, -9.5821e-04,  5.1767e-05,
        -1.7337e-03, -1.4061e-03,  1.6073e-04, -1.2581e-03,  1.9355e-03,
        -2.8816e-03,  1.7114e-03, -1.8034e-03, -2.8796e-03,  2.8563e-03,
        -1.8766e-03,  1.8005e-03,  1.1137e-03, -1.1202e-03,  1.3452e-03,
        -4.8627e-04,  8.3827e-04,  1.4818e-03,  1.9583e-03, -1.8706e-04,
        -3.4275e-04,  1.8220e-03, -3.5758e-03, -9.2302e-04, -2.9931e-03,
        -2.6572e-03, -1.9311e-03,  1.7496e-03, -3.5842e-03,  2.2215e-03,
         2.2929e-03, -2.0266e-03, -5.5893e-04, -4.2181e-04,  1.0000e-03,
        -1.0530e-03,  4.1561e-03, -1.6330e-03,  1.6404e-03,  3.7323e-04,
         7.9918e-04, -6.5454e-04, -6.9991e-04,  3.1577e-05])
weight : tensor([[-0.0176, -0.1135,  0.1213,  ...,  0.3206, -0.1675,  0.2868],
        [ 0.2258,  0.0838, -0.2760,  ..., -0.0777,  0.1686,  0.0835],
        [-0.0679,  0.1108, -0.3069,  ...,  0.2358,  0.1729, -0.0049],
        ...,
        [ 0.0777, -0.3786, -0.1370,  ..., -0.0552, -0.2817,  0.1943],
        [-0.0943, -0.0342, -0.2099,  ..., -0.4193, -0.1281, -0.0921],
        [-0.1614,  0.0976, -0.3650,  ...,  0.0153, -0.0492, -0.0302]])
bias : tensor([ 4.8500e-04, -1.2838e-03, -9.5200e-04, -1.2724e-03,  1.9444e-03,
         1.6844e-03,  1.6158e-03, -4.3564e-04,  8.7145e-04,  5.2781e-04,
         1.0404e-03, -6.5133e-04,  2.2220e-03,  1.1886e-03,  4.5455e-04,
        -1.8766e-03,  1.0064e-03, -2.0608e-03,  1.3120e-03,  1.5421e-03,
        -9.7728e-04, -1.2738e-03, -1.5408e-03, -1.5676e-03, -1.0405e-06,
         2.5145e-03,  7.1130e-04,  3.5923e-03, -1.5027e-03,  1.7031e-03,
        -1.3682e-03, -2.4151e-04, -9.5430e-04, -2.0703e-03, -8.4976e-04,
         1.7625e-04,  1.8818e-03,  1.3830e-03,  2.4829e-04,  1.7711e-04,
         1.8668e-03,  1.1196e-03,  1.5570e-03,  6.2558e-04,  2.4631e-03,
         2.3140e-03, -2.2457e-04,  9.7946e-04, -2.3382e-03,  1.4459e-03,
        -9.0665e-04,  1.0737e-03,  1.2621e-03, -4.9764e-04,  8.7542e-04,
        -2.0007e-03, -6.9573e-04,  1.7625e-03, -1.9492e-03, -1.9427e-03,
        -1.8607e-03, -2.2901e-04, -1.4073e-03,  2.3821e-03])
-------------------------------------------
| avg_speed                | 3.04         |
| cost                     | 1            |
| is_success               | 0            |
| max_speed                | 3.04         |
| reward                   | -0.5853234   |
| rollout/                 |              |
|    ep_len_mean           | 1e+03        |
|    ep_rew_mean           | -1.36e+03    |
| time/                    |              |
|    fps                   | 95           |
|    iterations            | 2            |
|    time_elapsed          | 42           |
|    total_timesteps       | 14336        |
| train/                   |              |
|    approx_kl             | 0.0017350339 |
|    clip_fraction         | 0.00137      |
|    clip_range            | 0.2          |
|    cost_returns          | 12.9         |
|    cost_value_loss       | 212          |
|    cost_values           | -0.232       |
|    entropy               | -2.86        |
|    entropy_loss          | -2.86        |
|    explained_variance    | 0.266        |
|    lagrangian_multiplier | 0            |
|    learning_rate         | 0.0003       |
|    loss                  | 291          |
|    n_updates             | 60           |
|    policy_gradient_loss  | -0.0015      |
|    std                   | 1.01         |
|    value_loss            | 619          |
-------------------------------------------
TRAINING:
weight : tensor([[ 0.3100,  0.0964, -0.0424,  ...,  0.0725,  0.0966, -0.2187],
        [-0.2493, -0.3611,  0.1233,  ..., -0.1776, -0.1017,  0.1812],
        [ 0.1458, -0.0190,  0.1969,  ...,  0.2183, -0.3537, -0.0939],
        ...,
        [ 0.2545,  0.2995,  0.0835,  ...,  0.0307, -0.2635,  0.1592],
        [-0.0313,  0.2409,  0.0557,  ...,  0.4154,  0.0513, -0.4335],
        [-0.0366, -0.0537,  0.0323,  ...,  0.2613,  0.1597, -0.0699]])
bias : tensor([ 1.5989e-03, -1.3921e-03, -1.0359e-03,  5.7556e-04, -3.7368e-05,
        -2.6677e-04, -4.8936e-05,  2.0441e-04,  4.9157e-04,  3.4258e-03,
        -2.5073e-03,  2.5969e-04, -2.7876e-04,  2.4189e-04,  2.5837e-03,
        -2.9269e-03,  2.0777e-03,  1.8649e-04,  9.1389e-04,  4.1897e-04,
         2.5461e-03, -2.0385e-03, -1.7649e-03, -2.6055e-03,  4.9192e-04,
        -2.3621e-04, -1.2740e-03, -4.7961e-04, -6.3234e-04, -7.4922e-04,
        -1.7261e-04,  4.1109e-04,  3.5014e-04, -3.0427e-03,  2.6040e-03,
         4.3925e-04, -2.5974e-03,  2.3855e-03,  2.6648e-03, -3.2083e-03,
         1.1256e-03,  3.2076e-03,  1.4339e-03, -7.4689e-04, -2.7253e-04,
        -8.3088e-07,  8.9432e-05,  8.3490e-04,  2.9947e-04,  1.9525e-03,
         6.6210e-05,  2.7666e-04,  8.6371e-04, -2.1321e-03, -2.7195e-03,
         2.4646e-03, -1.2072e-03,  7.6538e-04, -2.2280e-03,  1.4804e-03,
        -1.4744e-04,  7.8949e-04, -1.2658e-03, -1.0284e-03])
weight : tensor([[-0.2904, -0.1161,  0.4483,  ..., -0.0543,  0.0808, -0.0503],
        [ 0.1745, -0.1952,  0.0768,  ..., -0.1056, -0.2957,  0.1526],
        [-0.1442, -0.0945,  0.0485,  ..., -0.1564, -0.0511,  0.0760],
        ...,
        [-0.1518,  0.2574, -0.0969,  ..., -0.0655, -0.2648,  0.0966],
        [ 0.1023, -0.1999,  0.1243,  ..., -0.0592, -0.0227,  0.2677],
        [ 0.1943,  0.3021,  0.2796,  ...,  0.1553, -0.0230,  0.0958]])
bias : tensor([ 8.6391e-04,  1.1320e-03, -2.1192e-04,  6.6120e-04, -1.5575e-03,
        -1.4188e-03,  7.3848e-04,  1.6926e-03, -7.2817e-05,  1.6186e-03,
         8.1348e-04, -8.3147e-04, -9.6914e-04,  2.1570e-03, -1.8753e-03,
         4.7345e-04,  1.3216e-05,  1.4682e-03, -2.1183e-03, -2.1076e-03,
        -2.1349e-03,  1.9647e-03,  4.1749e-04,  6.5897e-04, -9.8281e-04,
         7.0363e-04, -3.2284e-04,  5.7308e-04, -9.7946e-04,  7.0988e-04,
         1.6864e-03,  1.2336e-03, -1.0099e-03,  2.5418e-04,  1.2733e-03,
        -1.1711e-03, -1.3203e-03,  6.1012e-04,  9.5225e-04,  2.5998e-03,
        -1.0896e-03, -2.6421e-03, -8.1338e-04, -2.4859e-05, -1.8496e-03,
         5.5378e-04,  3.3802e-05, -1.7933e-04, -1.3772e-03, -7.2862e-04,
         1.5118e-03,  4.5641e-04,  2.3015e-04, -5.0248e-04,  1.6573e-03,
        -8.4779e-04,  9.7111e-04, -9.7023e-04, -7.9175e-04, -1.0476e-03,
        -3.0152e-03,  9.8500e-04,  4.2334e-04,  5.1535e-04])
-------------------------------------------
| avg_speed                | 5.69         |
| cost                     | 1            |
| is_success               | 0            |
| max_speed                | 5.69         |
| reward                   | -1.0956315   |
| rollout/                 |              |
|    ep_len_mean           | 1e+03        |
|    ep_rew_mean           | -1.23e+03    |
| time/                    |              |
|    fps                   | 95           |
|    iterations            | 2            |
|    time_elapsed          | 42           |
|    total_timesteps       | 14336        |
| train/                   |              |
|    approx_kl             | 0.0031954788 |
|    clip_fraction         | 0.00708      |
|    clip_range            | 0.2          |
|    cost_returns          | 6.37         |
|    cost_value_loss       | 90.1         |
|    cost_values           | 0.316        |
|    entropy               | -2.85        |
|    entropy_loss          | -2.84        |
|    explained_variance    | -0.369       |
|    lagrangian_multiplier | 0            |
|    learning_rate         | 0.0003       |
|    loss                  | 128          |
|    n_updates             | 60           |
|    policy_gradient_loss  | -0.00218     |
|    std                   | 1.01         |
|    value_loss            | 281          |
-------------------------------------------
TRAINING:
weight : tensor([[-0.1532, -0.1212,  0.2852,  ...,  0.0368, -0.2194, -0.2586],
        [-0.0731,  0.2473,  0.0263,  ..., -0.1897,  0.1377, -0.0015],
        [-0.0575, -0.0649, -0.5570,  ..., -0.0126,  0.0273,  0.1053],
        ...,
        [ 0.1557,  0.0305,  0.0808,  ...,  0.0668, -0.1347,  0.0409],
        [ 0.0759, -0.2328,  0.0158,  ...,  0.1155, -0.3573, -0.0684],
        [ 0.2125, -0.0033, -0.0348,  ...,  0.2495, -0.0868,  0.1374]])
bias : tensor([-4.3099e-04,  2.8563e-04,  1.2316e-03, -6.7255e-04, -6.3785e-04,
        -3.1293e-04,  8.5150e-04, -2.5264e-04, -2.6659e-04, -3.6685e-03,
         7.9274e-04, -7.1491e-04, -4.9814e-04, -2.6583e-03, -1.0327e-03,
         2.2564e-04,  7.0922e-04, -1.2842e-03, -4.8510e-04,  1.7364e-03,
        -1.2729e-03,  5.6520e-04,  1.2362e-03, -2.8333e-04, -8.3639e-04,
        -1.2637e-03,  9.1064e-04, -1.3876e-03,  5.2869e-04, -5.4196e-04,
         6.7700e-04,  5.8689e-04, -1.6500e-03, -8.0175e-04,  1.0432e-03,
        -1.8440e-04, -2.9385e-04,  2.6010e-03,  6.3538e-04, -1.2161e-03,
         5.0910e-04, -3.8219e-04, -1.8438e-03,  1.4123e-03, -2.7337e-04,
        -2.1909e-03,  1.2755e-03,  1.2137e-03,  2.0825e-04, -1.5375e-03,
        -1.1477e-03, -1.3676e-03,  2.4838e-03,  1.7581e-04, -1.7087e-03,
         9.5005e-04,  2.6174e-04, -1.0346e-03, -1.0450e-03,  1.0572e-03,
        -6.3699e-04, -4.3253e-05, -4.3697e-04,  3.9827e-06])
weight : tensor([[ 0.0289, -0.1294, -0.1984,  ..., -0.1556,  0.0020,  0.2038],
        [-0.0009,  0.0585, -0.2584,  ...,  0.0169,  0.1226,  0.0672],
        [-0.2072,  0.3201, -0.3137,  ..., -0.0383, -0.2171, -0.0317],
        ...,
        [ 0.1913,  0.4954, -0.0188,  ...,  0.1230,  0.0831,  0.0750],
        [-0.1284, -0.0774, -0.0216,  ...,  0.0595, -0.0017,  0.2262],
        [-0.0616,  0.1185,  0.1099,  ...,  0.2128, -0.0168,  0.1188]])
bias : tensor([-2.9086e-05, -7.1810e-04, -8.1395e-04, -7.6692e-05, -3.0044e-04,
        -1.8245e-04,  1.2199e-03, -8.5372e-04, -9.3806e-04, -3.7495e-05,
         2.0529e-04, -1.4551e-03,  1.0821e-03, -1.0493e-03,  1.0394e-03,
         1.6979e-03,  1.0333e-03,  9.8182e-05,  5.8546e-04,  1.1274e-03,
        -6.9406e-04, -2.8927e-04, -1.3498e-03,  5.4770e-04, -6.0668e-04,
         7.2536e-04, -1.9826e-04, -1.3142e-03, -2.1967e-04, -2.3522e-03,
        -2.0584e-04, -1.0910e-03, -8.1083e-04,  6.6219e-04,  1.1318e-03,
        -3.5086e-04, -1.1403e-03, -2.5580e-04,  1.8475e-03, -1.0384e-03,
        -7.9751e-04, -1.2537e-05,  1.0884e-03, -3.9340e-04,  4.5515e-04,
        -5.8093e-04,  5.6640e-04,  4.7573e-04, -1.0725e-03,  8.3566e-04,
        -5.9071e-04,  7.3229e-04, -1.6210e-04, -7.1611e-05, -4.7551e-05,
        -2.1067e-03, -2.7594e-04,  1.3290e-05,  2.4684e-04, -1.5530e-04,
         1.9449e-04,  1.9671e-03, -1.2965e-03, -5.4996e-04])
-------------------------------------------
| avg_speed                | 3.65         |
| cost                     | 1            |
| is_success               | 0            |
| max_speed                | 3.65         |
| reward                   | -0.8688891   |
| rollout/                 |              |
|    ep_len_mean           | 1e+03        |
|    ep_rew_mean           | -1.1e+03     |
| time/                    |              |
|    fps                   | 91           |
|    iterations            | 2            |
|    time_elapsed          | 44           |
|    total_timesteps       | 14336        |
| train/                   |              |
|    approx_kl             | 0.0050769746 |
|    clip_fraction         | 0.0194       |
|    clip_range            | 0.2          |
|    cost_returns          | 9.42         |
|    cost_value_loss       | 156          |
|    cost_values           | -0.308       |
|    entropy               | -2.86        |
|    entropy_loss          | -2.87        |
|    explained_variance    | -0.066       |
|    lagrangian_multiplier | 0            |
|    learning_rate         | 0.0003       |
|    loss                  | 171          |
|    n_updates             | 60           |
|    policy_gradient_loss  | -0.00321     |
|    std                   | 1.01         |
|    value_loss            | 363          |
-------------------------------------------
slurmstepd: error: *** STEP 118134.2 ON sac.ist.berkeley.edu CANCELLED AT 2024-01-18T07:03:36 ***
slurmstepd: error: *** STEP 118134.0 ON airl.ist.berkeley.edu CANCELLED AT 2024-01-18T07:03:36 ***
slurmstepd: error: *** STEP 118134.1 ON ppo.ist.berkeley.edu CANCELLED AT 2024-01-17T23:03:36 ***
slurmstepd: error: *** JOB 118134 ON airl.ist.berkeley.edu CANCELLED AT 2024-01-18T07:03:36 ***
