wandb: WARNING `resume` will be ignored since W&B syncing is set to `offline`. Starting a new run with run id d7fc43c5-bfc3-466e-b343-12be9c170490.
wandb: Tracking run with wandb version 0.14.2
wandb: W&B syncing is set to `offline` in this directory.  
wandb: Run `wandb online` or set WANDB_MODE=online to enable cloud syncing.
wandb: WARNING `resume` will be ignored since W&B syncing is set to `offline`. Starting a new run with run id 9977649a-7967-4616-9490-9d3c7fdc4d69.
wandb: WARNING `resume` will be ignored since W&B syncing is set to `offline`. Starting a new run with run id 036d8280-4b65-4ff2-a017-71424cc73009.
wandb: Tracking run with wandb version 0.14.2
wandb: W&B syncing is set to `offline` in this directory.  
wandb: Run `wandb online` or set WANDB_MODE=online to enable cloud syncing.
wandb: WARNING `resume` will be ignored since W&B syncing is set to `offline`. Starting a new run with run id 2e8810b5-24df-4b18-af8b-fee62d2950f2.
wandb: Tracking run with wandb version 0.14.2
wandb: W&B syncing is set to `offline` in this directory.  
wandb: Run `wandb online` or set WANDB_MODE=online to enable cloud syncing.
wandb: Tracking run with wandb version 0.14.2
wandb: W&B syncing is set to `offline` in this directory.  
wandb: Run `wandb online` or set WANDB_MODE=online to enable cloud syncing.
[32;1mLogging data to logs/2-constraints-absolute/parking-v0-cost0-0-cost1-0/cvpo-575a/progress.txt[0m
[32;1mLogging data to logs/2-constraints-absolute/parking-v0-cost0-0-cost1-0/cvpo-1098/progress.txt[0m
[32;1mLogging data to logs/2-constraints-absolute/parking-v0-cost0-0-cost1-0/cvpo-c28b/progress.txt[0m
[32;1mLogging data to logs/2-constraints-absolute/parking-v0-cost0-0-cost1-0/cvpo-8da1/progress.txt[0m
wandb: WARNING `resume` will be ignored since W&B syncing is set to `offline`. Starting a new run with run id ff942b6f-fc58-4ecd-a7fc-fa3de658b4f9.
wandb: Tracking run with wandb version 0.14.2
wandb: W&B syncing is set to `offline` in this directory.  
wandb: Run `wandb online` or set WANDB_MODE=online to enable cloud syncing.
[32;1mLogging data to logs/2-constraints-absolute/parking-v0-cost0-0-cost1-0/cvpo-f3f5/progress.txt[0m
wandb: WARNING `resume` will be ignored since W&B syncing is set to `offline`. Starting a new run with run id c57bc5e0-1e14-48f3-aef2-a4c4c1e16708.
wandb: Tracking run with wandb version 0.14.2
wandb: W&B syncing is set to `offline` in this directory.  
wandb: Run `wandb online` or set WANDB_MODE=online to enable cloud syncing.
[32;1mLogging data to logs/2-constraints-absolute/parking-v0-cost0-0-cost1-0/cvpo-c9cb/progress.txt[0m
Epoch #1:   0%|          | 0/20000 [00:00<?, ?it/s]slurmstepd: error: *** STEP 41650.2 ON gail.ist.berkeley.edu CANCELLED AT 2023-08-15T21:57:05 ***
slurmstepd: error: *** JOB 41650 ON airl.ist.berkeley.edu CANCELLED AT 2023-08-16T04:57:05 ***
slurmstepd: error: *** STEP 41650.1 ON ddpg.ist.berkeley.edu CANCELLED AT 2023-08-15T21:57:05 ***
slurmstepd: error: *** STEP 41650.3 ON gan.ist.berkeley.edu CANCELLED AT 2023-08-15T21:57:05 ***
slurmstepd: error: *** STEP 41650.5 ON sac.ist.berkeley.edu CANCELLED AT 2023-08-16T04:57:05 ***
slurmstepd: error: *** STEP 41650.0 ON airl.ist.berkeley.edu CANCELLED AT 2023-08-16T04:57:05 ***
slurmstepd: error: *** STEP 41650.4 ON ppo.ist.berkeley.edu CANCELLED AT 2023-08-15T21:57:05 ***
Epoch #1:   0%|          | 0/20000 [00:01<?, ?it/s]
