wandb: Currently logged in as: mason-nakamura1 (ecrl). Use `wandb login --relogin` to force relogin
wandb: wandb version 0.16.6 is available!  To upgrade, please run:
wandb:  $ pip install wandb --upgrade
wandb: Tracking run with wandb version 0.14.2
wandb: Run data is saved locally in /nas/ucb/mason/ethically-compliant-rl/wandb/run-20240416_025419-hhbyn35m
wandb: Run `wandb offline` to turn off syncing.
wandb: Syncing run usual-wood-5
wandb: ⭐️ View project at https://wandb.ai/ecrl/mini-grid
wandb: 🚀 View run at https://wandb.ai/ecrl/mini-grid/runs/hhbyn35m
/nas/ucb/mason/ethically-compliant-rl/stable_baselines3/stable_baselines3/ppol/ppol.py:165: UserWarning: You have specified a mini-batch size of 4096, but because the `RolloutBuffer` is of size `n_steps * n_envs = 2048`, after every 0 untruncated mini-batches, there will be a truncated mini-batch of size 2048
We recommend using a `batch_size` that is a factor of `n_steps * n_envs`.
Info: (n_steps=2048 and n_envs=1)
  warnings.warn(
/nas/ucb/mason/ethically-compliant-rl/.venv/lib/python3.9/site-packages/numpy/core/fromnumeric.py:3464: RuntimeWarning: Mean of empty slice.
  return _methods._mean(a, axis=axis, dtype=dtype,
LOSS: 0.006448767147958279
LOSS: 0.005395150743424892
LOSS: 0.004420665558427572
LOSS: 0.003511209972202778
LOSS: 0.002667034277692437
LOSS: 0.0018828827887773514
LOSS: 0.0011538006365299225
LOSS: 0.0004792457912117243
LOSS: -0.00014593428932130337
LOSS: -0.0007229323964565992
LOSS: 0.0006948759546503425
LOSS: 0.00020096171647310257
LOSS: -0.00026833824813365936
LOSS: -0.0007012567948549986
LOSS: -0.001091668615117669
LOSS: -0.0014399082865566015
LOSS: -0.001744732609950006
LOSS: -0.002007881412282586
LOSS: -0.0022337953560054302
LOSS: -0.002426489721983671
LOSS: -0.0018255532486364245
LOSS: -0.0019233805360272527
LOSS: -0.002014521975070238
LOSS: -0.0021000069100409746
LOSS: -0.0021825418807566166
LOSS: -0.0022657238878309727
LOSS: -0.002352305920794606
LOSS: -0.0024450947530567646
LOSS: -0.0025463441852480173
LOSS: -0.002657010918483138
LOSS: -0.0018001595744863153
LOSS: -0.0018114943522959948
LOSS: -0.0018474392127245665
LOSS: -0.001904831500723958
LOSS: -0.0019800891168415546
LOSS: -0.002070533810183406
LOSS: -0.0021739762742072344
LOSS: -0.002288214396685362
LOSS: -0.002411437453702092
LOSS: -0.002542003756389022
LOSS: -0.0018532335525378585
LOSS: -0.0018959492444992065
LOSS: -0.0019639180973172188
LOSS: -0.0020522871054708958
LOSS: -0.002157151699066162
LOSS: -0.002275480655953288
LOSS: -0.002404682571068406
LOSS: -0.002542885486036539
LOSS: -0.0026883017271757126
LOSS: -0.002839868888258934
LOSS: -0.0019360611913725734
LOSS: -0.001992615172639489
LOSS: -0.002068187575787306
LOSS: -0.00216026627458632
LOSS: -0.002266441937536001
LOSS: -0.002384785795584321
LOSS: -0.002513724844902754
LOSS: -0.00265200505964458
LOSS: -0.0027985810302197933
LOSS: -0.0029525926802307367
LOSS: -0.0019374736584722996
LOSS: -0.0019257975509390235
LOSS: -0.0019283072324469686
LOSS: -0.0019431099062785506
LOSS: -0.0019689861219376326
LOSS: -0.0020045898854732513
LOSS: -0.0020488614682108164
LOSS: -0.002100992249324918
LOSS: -0.002160339616239071
LOSS: -0.002226156648248434
LOSS: -0.001875357935205102
LOSS: -0.001863855286501348
LOSS: -0.0018640198977664113
LOSS: -0.0018792086048051715
LOSS: -0.0019044457003474236
LOSS: -0.0019394567934796214
LOSS: -0.0019848837982863188
LOSS: -0.0020367554388940334
LOSS: -0.0020963626448065042
LOSS: -0.0021623147185891867
LOSS: -0.0012794288340955973
LOSS: -0.001321309362538159
LOSS: -0.0013692083302885294
LOSS: -0.0014445969136431813
LOSS: -0.0015417539980262518
LOSS: -0.0016432286938652396
LOSS: -0.0017641694284975529
LOSS: -0.0019008987583220005
LOSS: -0.002041672356426716
LOSS: -0.002197056543081999
LOSS: -0.0018834556685760617
LOSS: -0.0019240493420511484
LOSS: -0.00198272243142128
LOSS: -0.0020556687377393246
LOSS: -0.0021379049867391586
LOSS: -0.0022332302760332823
LOSS: -0.0023396522738039494
LOSS: -0.002453000284731388
LOSS: -0.0025758177507668734
LOSS: -0.0027073940727859735
LOSS: -0.0019368689972907305
LOSS: -0.0018970079254359007
LOSS: -0.0018827930325642228
LOSS: -0.0018890089122578502
LOSS: -0.0019146924605593085
LOSS: -0.0019581264350563288
LOSS: -0.0020154051017016172
LOSS: -0.002085824031382799
LOSS: -0.0021682956721633673
LOSS: -0.002260154113173485
LOSS: -0.0019416266586631536
LOSS: -0.001960592344403267
LOSS: -0.0019972864538431168
LOSS: -0.0020506964065134525
LOSS: -0.0021182529162615538
LOSS: -0.0021968549117445946
LOSS: -0.002285816939547658
LOSS: -0.0023839552886784077
LOSS: -0.0024892010260373354
LOSS: -0.0026011792942881584
LOSS: -0.001943053095601499
LOSS: -0.0019904589280486107
LOSS: -0.002049407921731472
LOSS: -0.002118194242939353
LOSS: -0.0021961440797895193
LOSS: -0.002281867666170001
LOSS: -0.002374485367909074
LOSS: -0.002473518718034029
LOSS: -0.0025780717842280865
LOSS: -0.002687352942302823
LOSS: -0.0019432984990999103
LOSS: -0.0020121801644563675
LOSS: -0.0020915919449180365
LOSS: -0.002180625917389989
LOSS: -0.002278638072311878
LOSS: -0.002384952502325177
LOSS: -0.002499460009858012
LOSS: -0.002621683059260249
LOSS: -0.002751347841694951
LOSS: -0.0028884075582027435
LOSS: -0.0019424809142947197
LOSS: -0.002038290025666356
LOSS: -0.002158274408429861
LOSS: -0.002301108092069626
LOSS: -0.002465358003973961
LOSS: -0.0026499920058995485
LOSS: -0.0028538736514747143
LOSS: -0.0030768176075071096
LOSS: -0.0033186532091349363
LOSS: -0.0035798591561615467
LOSS: -0.0010728465858846903
LOSS: -0.001185297267511487
LOSS: -0.001300241332501173
LOSS: -0.0014701171312481165
LOSS: -0.00164592987857759
LOSS: -0.0018521861638873816
LOSS: -0.0020905043929815292
LOSS: -0.002336242701858282
LOSS: -0.0026261976454406977
LOSS: -0.002927258610725403
LOSS: -0.0018956033745780587
LOSS: -0.0018620527116581798
LOSS: -0.001876245136372745
LOSS: -0.0019325683824717999
LOSS: -0.002029009396210313
LOSS: -0.0021607070229947567
LOSS: -0.0023245757911354303
LOSS: -0.0025165642146021128
LOSS: -0.002732246182858944
LOSS: -0.0029687017668038607
LOSS: -0.0018362496048212051
LOSS: -0.0018981907051056623
LOSS: -0.0020183816086500883
LOSS: -0.002186047611758113
LOSS: -0.002389596775174141
LOSS: -0.002620600163936615
LOSS: -0.0028697149828076363
LOSS: -0.0031318017281591892
LOSS: -0.003400715533643961
LOSS: -0.0036722850054502487
LOSS: -0.0019189600134268403
LOSS: -0.001974713057279587
LOSS: -0.0020661898888647556
LOSS: -0.0021898953709751368
LOSS: -0.002340792678296566
LOSS: -0.0025145437102764845
LOSS: -0.002711056498810649
LOSS: -0.002926834626123309
LOSS: -0.003161549801006913
LOSS: -0.0034150804858654737
LOSS: -0.0019313086522743106
LOSS: -0.0019371616654098034
LOSS: -0.0019666533917188644
LOSS: -0.0020179213024675846
LOSS: -0.002089577727019787
LOSS: -0.0021772587206214666
LOSS: -0.002280543791130185
LOSS: -0.00239674118347466
LOSS: -0.0025238096714019775
LOSS: -0.002660479163751006
LOSS: -0.0017440041992813349
LOSS: -0.0018298401264473796
LOSS: -0.0019407500512897968
LOSS: -0.0020877651404589415
LOSS: -0.0022566523402929306
LOSS: -0.002447285456582904
LOSS: -0.00266640936024487
LOSS: -0.0029031476005911827
LOSS: -0.003165129804983735
LOSS: -0.0034529261756688356
LOSS: -0.0019219531677663326
LOSS: -0.001991080353036523
LOSS: -0.0020920399110764265
LOSS: -0.0022266197483986616
LOSS: -0.002381253056228161
LOSS: -0.0025625943671911955
LOSS: -0.002763706259429455
LOSS: -0.0029818264301866293
LOSS: -0.003219748381525278
LOSS: -0.003468037350103259
LOSS: -0.0018671383149921894
LOSS: -0.0019782879389822483
LOSS: -0.002121868310496211
LOSS: -0.0022937366738915443
LOSS: -0.0024933551903814077
LOSS: -0.0027175189461559057
LOSS: -0.0029648784548044205
LOSS: -0.0032334926072508097
LOSS: -0.0035201837308704853
LOSS: -0.003828289918601513
LOSS: -0.001795086544007063
LOSS: -0.0019348287023603916
LOSS: -0.0021139883901923895
LOSS: -0.0023298379965126514
LOSS: -0.0025769821368157864
LOSS: -0.0028570005670189857
LOSS: -0.003164608497172594
LOSS: -0.0035014727618545294
LOSS: -0.003864828497171402
LOSS: -0.004253966733813286
LOSS: 0.00019378773868083954
LOSS: -0.00018599187023937702
LOSS: -0.0006306285504251719
LOSS: -0.001303104218095541
LOSS: -0.0019599709194153547
LOSS: -0.0028800475411117077
LOSS: -0.0037995027378201485
LOSS: -0.004992997273802757
LOSS: -0.005920570343732834
LOSS: -0.006868140771985054
LOSS: -0.0010291174985468388
LOSS: -0.0011006073327735066
LOSS: -0.001772865653038025
LOSS: -0.0024990455713123083
LOSS: -0.003614989574998617
LOSS: -0.004707087762653828
LOSS: -0.006023193709552288
LOSS: -0.006651029922068119
LOSS: -0.006395810283720493
LOSS: -0.006376401521265507
LOSS: 0.0019844495691359043
LOSS: 0.0018330371240153909
LOSS: 0.0018240483477711678
LOSS: 0.0012461571022868156
LOSS: 0.000613730400800705
LOSS: -4.0125101804733276e-05
LOSS: -0.0010660598054528236
LOSS: -0.002041572704911232
LOSS: -0.003113602753728628
LOSS: -0.004417845979332924
LOSS: 0.0044412692077457905
LOSS: 0.003893724177032709
LOSS: 0.0038908179849386215
LOSS: 0.003674575127661228
LOSS: 0.003108230885118246
LOSS: 0.003010166110470891
LOSS: 0.0024964208714663982
LOSS: 0.0020691638346761465
LOSS: 0.0017877565696835518
LOSS: 0.001050909049808979
LOSS: 0.006405235268175602
LOSS: 0.005509254522621632
LOSS: 0.004836671054363251
LOSS: 0.004264614079147577
LOSS: 0.0028957780450582504
LOSS: 0.0017164014279842377
LOSS: 0.0006638863123953342
LOSS: -0.0009271055459976196
LOSS: -0.001426811795681715
LOSS: -0.0012412266805768013
LOSS: 0.0020363666117191315
LOSS: 0.00210417527705431
LOSS: 0.0013219367247074842
LOSS: -9.585893712937832e-05
LOSS: -0.001854675356298685
LOSS: -0.004183858633041382
LOSS: -0.006873654667288065
LOSS: -0.007748768664896488
LOSS: -0.006601134315133095
LOSS: -0.006104690954089165
LOSS: 0.005721046589314938
LOSS: 0.004654544871300459
LOSS: 0.004042786546051502
LOSS: 0.0032277978025376797
LOSS: 0.0034015122801065445
LOSS: 0.003581585828214884
LOSS: 0.00326463021337986
LOSS: 0.0027880207635462284
LOSS: 0.002314347308129072
LOSS: 0.001551649533212185
LOSS: 0.005941276904195547
LOSS: 0.005018239375203848
LOSS: 0.003907318226993084
LOSS: 0.00287040276452899
LOSS: 0.001387591939419508
LOSS: 0.00020591914653778076
LOSS: -0.0002692621201276779
LOSS: -5.602138116955757e-05
LOSS: -0.00045036477968096733
LOSS: -0.0013966681435704231
LOSS: 0.008892299607396126
LOSS: 0.008246337994933128
LOSS: 0.008429585956037045
LOSS: 0.008177187293767929
LOSS: 0.00716158002614975
LOSS: 0.006597825326025486
LOSS: 0.006012345664203167
LOSS: 0.0048247165977954865
LOSS: 0.0037941858172416687
LOSS: 0.0030121486634016037
LOSS: 0.012389709241688251
LOSS: 0.009562741965055466
LOSS: 0.008104830048978329
LOSS: 0.007063734345138073
LOSS: 0.004995730239897966
LOSS: 0.0037380866706371307
LOSS: 0.003947380930185318
LOSS: 0.0033741164952516556
LOSS: 0.0026128143072128296
LOSS: 0.0019054561853408813
LOSS: 0.005880363285541534
LOSS: 0.005124405492097139
LOSS: 0.004034055396914482
LOSS: 0.003238499630242586
LOSS: 0.0028422153554856777
LOSS: 0.0015982473269104958
LOSS: -0.0003765006549656391
LOSS: -0.00222949031740427
LOSS: -0.0021741939708590508
LOSS: -0.0016981782391667366
LOSS: 0.005162357818335295
LOSS: 0.004816857632249594
LOSS: 0.004758731462061405
LOSS: 0.00434280838817358
LOSS: 0.0036941845901310444
LOSS: 0.0032788123935461044
LOSS: 0.0027186251245439053
LOSS: 0.001978701911866665
LOSS: 0.001727263443171978
LOSS: 0.0016648764722049236
LOSS: 0.009257778525352478
LOSS: 0.008714805357158184
LOSS: 0.008506848476827145
LOSS: 0.008073784410953522
LOSS: 0.007295672316104174
LOSS: 0.006662172731012106
LOSS: 0.006107550114393234
LOSS: 0.00539643969386816
LOSS: 0.004842631984502077
LOSS: 0.004534923937171698
LOSS: 0.006124474573880434
LOSS: 0.005781437270343304
LOSS: 0.005322875455021858
LOSS: 0.004762458615005016
LOSS: 0.004139777272939682
LOSS: 0.0034339497797191143
LOSS: 0.002831010613590479
LOSS: 0.002589781768620014
LOSS: 0.002308536320924759
LOSS: 0.002071972005069256
LOSS: 0.007250570226460695
LOSS: 0.006533724255859852
LOSS: 0.005538423545658588
LOSS: 0.004279372747987509
LOSS: 0.002712931949645281
LOSS: 0.0015324922278523445
LOSS: 0.0009401058778166771
LOSS: 0.0008662617765367031
LOSS: 0.0007612942717969418
LOSS: 0.0003972034901380539
LOSS: 0.009794841520488262
LOSS: 0.009228751994669437
LOSS: 0.008777961134910583
LOSS: 0.008306148461997509
LOSS: 0.007363789714872837
LOSS: 0.006124948617070913
LOSS: 0.005105305928736925
LOSS: 0.004888670984655619
LOSS: 0.004883728921413422
LOSS: 0.00477331317961216
LOSS: 0.006989390589296818
LOSS: 0.0064317453652620316
LOSS: 0.006216126028448343
LOSS: 0.005544465035200119
LOSS: 0.004189631901681423
LOSS: 0.0031283260323107243
LOSS: 0.0034846076741814613
LOSS: 0.0034148432314395905
LOSS: 0.002724630758166313
LOSS: 0.001834985800087452
LOSS: 0.007010870147496462
LOSS: 0.005935851484537125
LOSS: 0.005715785548090935
LOSS: 0.005513809621334076
LOSS: 0.004445533733814955
LOSS: 0.003263811580836773
LOSS: 0.0029217847622931004
LOSS: 0.0028525833040475845
LOSS: 0.00219857320189476
LOSS: 0.0009130286052823067
LOSS: 0.0044768452644348145
LOSS: 0.0044446540996432304
LOSS: 0.003868336323648691
LOSS: 0.0033115181140601635
LOSS: 0.002923031337559223
LOSS: 0.0023173284716904163
LOSS: 0.00127053027972579
LOSS: 0.00022089295089244843
LOSS: -0.0004206527955830097
LOSS: -0.0010403767228126526
LOSS: 0.0055054230615496635
LOSS: 0.0037753276992589235
LOSS: 0.0018879063427448273
LOSS: 0.0012964000925421715
LOSS: 0.0013975612819194794
LOSS: 0.001024504192173481
LOSS: 0.0004837866872549057
LOSS: -0.0003631673753261566
LOSS: -0.0017192494124174118
LOSS: -0.0022023916244506836
LOSS: 0.005587457679212093
LOSS: 0.0050490135326981544
LOSS: 0.004891608841717243
LOSS: 0.004242954310029745
LOSS: 0.00298329652287066
LOSS: 0.0018889037892222404
LOSS: 0.0011334330774843693
LOSS: 0.00021129194647073746
LOSS: -0.0009088586084544659
LOSS: -0.0013465331867337227
LOSS: 0.005054040811955929
LOSS: 0.004651625175029039
LOSS: 0.004244912415742874
LOSS: 0.003580720629543066
LOSS: 0.0027219674084335566
LOSS: 0.0018570013344287872
LOSS: 0.0009525418281555176
LOSS: -0.00013504549860954285
LOSS: -0.0012870309874415398
LOSS: -0.0019146171398460865
LOSS: 0.004828669596463442
LOSS: 0.004109703470021486
LOSS: 0.0030551184900105
LOSS: 0.0015230858698487282
LOSS: 0.0016630887985229492
LOSS: 0.0017728181555867195
LOSS: 0.0007748398929834366
LOSS: -0.0007594567723572254
LOSS: -7.349159568548203e-05
LOSS: -0.0007122429087758064
LOSS: 0.005940254777669907
LOSS: 0.005197785794734955
LOSS: 0.003289506770670414
LOSS: 0.0025841323658823967
LOSS: 0.0012510684318840504
LOSS: 0.0005747871473431587
LOSS: 0.0007904660888016224
LOSS: -0.0002939850091934204
LOSS: -0.0016312277875840664
LOSS: -0.0016888752579689026
LOSS: 0.006122365593910217
LOSS: 0.0048685260117053986
LOSS: 0.0029996423982083797
LOSS: 0.0010059536434710026
LOSS: 0.0031878568697720766
LOSS: 0.002989234169945121
LOSS: 0.0003022635355591774
LOSS: 0.0012625101953744888
LOSS: 0.00277686957269907
LOSS: 0.002439025789499283
Directory created: tests/PPOL/models/mini-grid/hhbyn35m
LOSS: 0.006044805981218815
LOSS: 0.004650287330150604
LOSS: 0.0029594118241220713
LOSS: 0.0017457855865359306
LOSS: 0.0009500277228653431
LOSS: 0.00017758924514055252
LOSS: -0.0004875059239566326
LOSS: -0.0018073469400405884
LOSS: -0.0028934585861861706
LOSS: -0.0018035946413874626
LOSS: 0.006802255753427744
LOSS: 0.0053692348301410675
LOSS: 0.003408948192372918
LOSS: 0.0017976872622966766
LOSS: 0.0010221954435110092
LOSS: 0.00015315040946006775
LOSS: -0.0010386751964688301
LOSS: -0.001895594410598278
LOSS: -0.0019700638949871063
LOSS: -0.001855272799730301
LOSS: 0.007206172216683626
LOSS: 0.004784155637025833
LOSS: 0.0024501674342900515
LOSS: 0.0014861766248941422
LOSS: 9.756116196513176e-05
LOSS: 0.00017672311514616013
LOSS: -8.153961971402168e-05
LOSS: -0.0021920050494372845
LOSS: -0.004109140485525131
LOSS: -0.0027526631020009518
LOSS: 0.00436633313074708
LOSS: 0.003214617259800434
LOSS: 0.0011054477654397488
LOSS: 0.00011383509263396263
LOSS: 0.00037046847864985466
LOSS: -0.00036556366831064224
LOSS: -0.0013051172718405724
LOSS: -0.0022310554049909115
LOSS: -0.0036411064211279154
LOSS: -0.0034106066450476646
LOSS: 0.00536658801138401
LOSS: 0.003704564645886421
LOSS: 0.0013311533257365227
LOSS: 0.0007662100251764059
LOSS: 0.0009775846265256405
LOSS: 0.0004541664384305477
LOSS: -0.0008415509946644306
LOSS: -0.0024077901616692543
LOSS: -0.0037660961970686913
LOSS: -0.004122930578887463
LOSS: 0.003925423137843609
LOSS: 0.002426107646897435
LOSS: -0.0006430451758205891
LOSS: -0.002439401112496853
LOSS: -0.0023435107432305813
LOSS: -0.0031946124508976936
LOSS: -0.0042597465217113495
LOSS: -0.0048208897933363914
LOSS: -0.005219305865466595
LOSS: -0.006184928584843874
LOSS: 0.002878541359677911
LOSS: 0.002938629826530814
LOSS: 0.0019236111547797918
LOSS: 0.00017041782848536968
LOSS: -0.0014444258995354176
LOSS: -0.00276696914806962
LOSS: -0.0035658851265907288
LOSS: -0.004409488290548325
LOSS: -0.005978435277938843
LOSS: -0.0070094820111989975
LOSS: 0.0018525433260947466
LOSS: 0.0004103491082787514
LOSS: -0.0020752199925482273
LOSS: -0.004825267009437084
LOSS: -0.004820113070309162
LOSS: -0.0062579018995165825
LOSS: -0.0012045542243868113
LOSS: 0.0035110602620989084
LOSS: 0.003277522511780262
LOSS: -0.0016020252369344234
LOSS: 0.0017080660909414291
LOSS: -0.005151622463017702
LOSS: -0.002671250607818365
LOSS: 0.0007574667688459158
LOSS: 0.001970551908016205
LOSS: 0.0008567635668441653
LOSS: -0.0020263250917196274
LOSS: -0.0055935983546078205
LOSS: -0.007907647639513016
LOSS: -0.004807376302778721
LOSS: 0.0012595655862241983
LOSS: -0.0001874781446531415
LOSS: -0.003061399795114994
LOSS: -0.0033678305335342884
LOSS: -0.0013435652945190668
LOSS: -0.0016167301218956709
LOSS: -0.003999875392764807
LOSS: -0.005503383465111256
LOSS: -0.00512792868539691
LOSS: -0.004421209916472435
LOSS: 0.0006771226180717349
LOSS: -0.0034145070239901543
LOSS: -0.007693700026720762
LOSS: -0.0070572891272604465
LOSS: -0.008115796372294426
LOSS: -0.007842428982257843
LOSS: -0.007780130486935377
LOSS: -0.008021021261811256
LOSS: -0.008520579896867275
LOSS: -0.00928676687180996
LOSS: 0.0005361972143873572
LOSS: -0.0021526163909584284
LOSS: -0.0004483621451072395
LOSS: 0.002769028302282095
LOSS: 0.0036859074607491493
LOSS: 0.0016542177181690931
LOSS: -0.002318131271749735
LOSS: -0.005933002568781376
LOSS: -0.005244314204901457
LOSS: -0.0061621894128620625
LOSS: 0.0006110264221206307
LOSS: -0.0006235544569790363
LOSS: -0.0019535215105861425
LOSS: -0.0009402745636180043
LOSS: -0.0007812214898876846
LOSS: -0.0013042418286204338
LOSS: -0.0025148270651698112
LOSS: -0.0008047225419431925
LOSS: 0.0010041642235592008
LOSS: 0.0013289706548675895
LOSS: 0.0006721103563904762
LOSS: -0.0026351637206971645
LOSS: -0.004389483481645584
LOSS: -0.003165498375892639
LOSS: -0.005035975016653538
LOSS: -0.00582341942936182
LOSS: -0.0061497874557971954
LOSS: -0.007667188998311758
LOSS: -0.0024986015632748604
LOSS: -0.0004067271947860718
LOSS: 0.00019943583174608648
LOSS: -0.0002343406667932868
LOSS: -0.001710287993773818
LOSS: -0.0034992145374417305
LOSS: -0.0032018120400607586
LOSS: -0.0035078355576843023
LOSS: -0.0039224145002663136
LOSS: -0.004594359081238508
LOSS: -0.005179936531931162
LOSS: -0.003538744058459997
LOSS: 0.00032226412440650165
LOSS: -0.0007122879615053535
LOSS: -0.0031274203211069107
LOSS: -0.0022738175466656685
LOSS: -0.00020335550652816892
LOSS: -0.00018856022506952286
LOSS: -0.0018706175033003092
LOSS: -0.0043030730448663235
LOSS: -0.006077227648347616
LOSS: -0.005382233764976263
LOSS: 0.00037764530861750245
LOSS: -0.0011297718156129122
LOSS: -0.002740608062595129
LOSS: -0.0014254676643759012
LOSS: -8.214206900447607e-06
LOSS: -0.00046362297143787146
LOSS: -0.00247547822073102
LOSS: -0.003742549102753401
LOSS: -0.004137445706874132
LOSS: -0.0045954203233122826
LOSS: 0.00033832265762612224
LOSS: -0.0004207007586956024
LOSS: 5.3314201068133116e-05
LOSS: -5.556974792852998e-05
LOSS: -0.0013971574371680617
LOSS: -0.0023838975466787815
LOSS: -0.0026358289178460836
LOSS: -0.0033802581019699574
LOSS: -0.004130149260163307
LOSS: -0.0044853840954601765
LOSS: 0.00019030238036066294
LOSS: -0.00028543954249471426
LOSS: -0.0007196762599050999
LOSS: -0.0011099320836365223
LOSS: -0.001867348444648087
LOSS: -0.002451969077810645
LOSS: -0.0028280040714889765
LOSS: -0.003203753847628832
LOSS: -0.00352036627009511
LOSS: -0.003786795772612095
LOSS: 0.00031827582279220223
LOSS: -0.000170221203006804
LOSS: -0.0008479228708893061
LOSS: -0.0010977170895785093
LOSS: -0.001839134143665433
LOSS: -0.0024369177408516407
LOSS: -0.002203331794589758
LOSS: -0.0022716124076396227
LOSS: -0.0029005776159465313
LOSS: -0.00268320320174098
LOSS: 0.00012454342504497617
LOSS: -0.0003727371513377875
LOSS: -0.0018119140295311809
LOSS: -0.0027929407078772783
LOSS: -0.0025766741018742323
LOSS: -0.0028384297620505095
LOSS: -0.0037065029609948397
LOSS: -0.004336316604167223
LOSS: -0.004526323638856411
LOSS: -0.005507781635969877
LOSS: 0.0004454342706594616
LOSS: -0.00032831222051754594
LOSS: -0.0018296386115252972
LOSS: -0.0030076017137616873
LOSS: -0.003185542533174157
LOSS: -0.003110298188403249
LOSS: -0.0032696472480893135
LOSS: -0.0030852369964122772
LOSS: -0.0030658848118036985
LOSS: -0.0032669936772435904
LOSS: 0.00010711586946854368
LOSS: -0.00032812374411150813
LOSS: -0.0005553053342737257
LOSS: -0.0006551716942340136
LOSS: -0.0007618854288011789
LOSS: -0.0008981615537777543
LOSS: -0.0010749207576736808
LOSS: -0.0013207958545535803
LOSS: -0.0016029553953558207
LOSS: -0.0018932935781776905
LOSS: 0.0001720568398013711
LOSS: 4.821905167773366e-05
LOSS: -0.00015571818221360445
LOSS: -0.000449424609541893
LOSS: -0.0006853243103250861
LOSS: -0.0009310583118349314
LOSS: -0.0004097273340448737
LOSS: -0.0005367817939259112
LOSS: -0.0011947171296924353
LOSS: -0.0008953573415055871
LOSS: 9.069018415175378e-05
LOSS: -0.00023283105110749602
LOSS: -0.0004352586984168738
LOSS: -0.0013066277606412768
LOSS: -0.0019206209108233452
LOSS: -0.002086673164740205
LOSS: -0.00194336858112365
LOSS: -0.002069530077278614
LOSS: -0.002059984253719449
LOSS: -0.0019588267896324396
LOSS: 0.00013043444778304547
LOSS: 7.519993232563138e-05
LOSS: -4.869430267717689e-05
LOSS: -0.0002285866648890078
LOSS: -0.00046000670408830047
LOSS: -0.0007301019504666328
LOSS: -0.0009928705403581262
LOSS: -0.0012196775060147047
LOSS: -0.0014395145699381828
LOSS: -0.0015146223595365882
LOSS: 0.0002263447386212647
LOSS: 7.106902194209397e-05
LOSS: -0.00014499499229714274
LOSS: -0.00039023481076583266
LOSS: -0.0006187453982420266
LOSS: -0.000646740838419646
LOSS: -0.0006699086516164243
LOSS: -0.000743220909498632
LOSS: -0.0008598591084592044
LOSS: -0.0010345712071284652
LOSS: 0.00023957969096954912
LOSS: -5.78058825340122e-05
LOSS: -0.000576131627894938
LOSS: -0.0004696897231042385
LOSS: -0.0006131346453912556
LOSS: -0.0011488508898764849
LOSS: -0.0015772676561027765
LOSS: -0.001893750624731183
LOSS: -0.0021357161458581686
LOSS: -0.002303704619407654
LOSS: 9.212880831910297e-05
LOSS: -0.0001789248490240425
LOSS: -0.00044747136416845024
LOSS: -0.0004897742765024304
LOSS: -0.0004787612706422806
LOSS: -0.0005792170413769782
LOSS: -0.000759244489017874
LOSS: -0.0008437203359790146
LOSS: -0.000887968810275197
LOSS: -0.0009512000833638012
LOSS: 0.00023475606576539576
LOSS: -0.0005497824749909341
LOSS: -0.001902276766486466
LOSS: -0.002512620994821191
LOSS: -0.0028571984730660915
LOSS: -0.003363765310496092
LOSS: -0.0041359467431902885
LOSS: -0.004427952226251364
LOSS: -0.004340590909123421
LOSS: -0.0044832006096839905
LOSS: 9.628215047996491e-05
LOSS: 0.00015784362039994448
LOSS: 4.2550338548608124e-05
LOSS: -0.0002451468026265502
LOSS: -0.0006306860013864934
LOSS: -0.0008805247489362955
LOSS: -0.0009958166629076004
LOSS: -0.0011644086334854364
LOSS: -0.0013746023178100586
LOSS: -0.001581978751346469
LOSS: 8.123217412503436e-05
LOSS: -7.927272963570431e-05
LOSS: -0.00025587496929802
LOSS: -0.00044649449409916997
LOSS: -0.0005932758213020861
LOSS: -0.0006956361467018723
LOSS: -0.0007566699641756713
LOSS: -0.0007584486156702042
LOSS: -0.0007587227155454457
LOSS: -0.0007566355052404106
LOSS: 8.950257324613631e-05
LOSS: 6.741042307112366e-05
LOSS: 3.416753315832466e-05
LOSS: -8.297392923850566e-06
LOSS: -5.9407866501715034e-05
LOSS: -0.00011768806143663824
LOSS: -0.0001802508777473122
LOSS: -0.0002472811029292643
LOSS: -0.0003141092602163553
LOSS: -0.00038066532579250634
LOSS: 0.0002782536903396249
LOSS: -0.0008222985197789967
LOSS: -0.0015410131309181452
LOSS: -0.001944595598615706
LOSS: -0.0024282094091176987
LOSS: -0.0030395928770303726
LOSS: -0.0038270039949566126
LOSS: -0.0046174181625247
LOSS: -0.005434286314994097
LOSS: -0.007308673113584518
LOSS: 5.295104347169399e-05
LOSS: 0.0073442826978862286
LOSS: 0.009734729304909706
LOSS: 0.0074125672690570354
LOSS: 0.0011021844111382961
LOSS: -0.005683439318090677
LOSS: -0.005961615592241287
LOSS: -0.006054508965462446
LOSS: -0.006109865847975016
LOSS: -0.0062371110543608665
LOSS: 0.00011752264981623739
LOSS: -0.00035560017568059266
LOSS: -0.0003126076771877706
LOSS: -0.0003397767140995711
LOSS: -0.0007231459603644907
LOSS: -0.0008137277327477932
LOSS: -0.0011571976356208324
LOSS: -0.0020092634949833155
LOSS: -0.003213735995814204
LOSS: -0.004140300210565329
LOSS: 0.006739051081240177
LOSS: 0.007919397205114365
LOSS: 0.007252388168126345
LOSS: 0.005977579392492771
LOSS: 0.00441682618111372
LOSS: 0.002659743884578347
LOSS: 0.001974189653992653
LOSS: 0.0008837683126330376
LOSS: 0.0005866352003067732
LOSS: 0.0012207498075440526
LOSS: 0.00636505801230669
LOSS: 0.0029643368907272816
LOSS: 0.0001842067576944828
LOSS: 0.0003104421775788069
LOSS: 0.00047678896225988865
LOSS: 0.0010953373275697231
LOSS: 0.0014299969188869
LOSS: -0.00033773109316825867
LOSS: -0.001449905103072524
LOSS: -0.0012039488647133112
LOSS: 0.004664185456931591
LOSS: 0.0035815739538520575
LOSS: 0.00019014254212379456
LOSS: -0.0007571456953883171
LOSS: -0.0007663248106837273
LOSS: -0.0009084255434572697
LOSS: -0.0013916813768446445
LOSS: -0.001562401419505477
LOSS: -0.0010494503658264875
LOSS: -0.001708245137706399
LOSS: 0.003636377863585949
LOSS: -0.00024491362273693085
LOSS: -0.0009611377026885748
LOSS: -0.0011472203768789768
LOSS: -0.0011733295395970345
LOSS: -0.0014635385014116764
LOSS: -0.0018856758251786232
LOSS: -0.002075041178613901
LOSS: -0.002376178279519081
LOSS: -0.002819816116243601
LOSS: 0.0021044015884399414
LOSS: 0.0005735143786296248
LOSS: 0.0005162273300811648
LOSS: 0.0008371513686142862
LOSS: -0.00016967422561720014
LOSS: -0.00038729136576876044
LOSS: 1.4264427591115236e-05
LOSS: -0.0005045088473707438
LOSS: -0.0007969371508806944
LOSS: -0.0004074511816725135
LOSS: 0.0021414803341031075
LOSS: 7.645483128726482e-05
LOSS: -0.0003431658260524273
LOSS: -0.00020247162319719791
LOSS: -0.0005428926087915897
LOSS: -0.0009737524669617414
LOSS: -0.0011769989505410194
LOSS: -0.0017030055169016123
LOSS: -0.0021869137417525053
LOSS: -0.0026567927561700344
LOSS: 0.0012996647274121642
LOSS: -0.000946659711189568
LOSS: -0.0010620775865390897
LOSS: -0.001135839382186532
LOSS: -0.001231397152878344
LOSS: -0.0013893800787627697
LOSS: -0.001636274391785264
LOSS: -0.0020461499225348234
LOSS: -0.0027802076656371355
LOSS: -0.004196673631668091
LOSS: 0.0005266127409413457
LOSS: -0.001902551855891943
LOSS: -0.0026322156190872192
LOSS: -0.0023470681626349688
LOSS: -0.0024837744422256947
LOSS: -0.0025930951815098524
LOSS: -0.0025894558057188988
LOSS: -0.0024557290598750114
LOSS: -0.002158486284315586
LOSS: -0.0020807618275284767
LOSS: 0.00017328636022284627
LOSS: -0.0003496407880447805
LOSS: -0.0006099719321355224
LOSS: -0.0008082839194685221
LOSS: -0.0009479175205342472
LOSS: -0.0010335167171433568
LOSS: -0.0010994835756719112
LOSS: -0.0011509805917739868
LOSS: -0.001187767251394689
LOSS: -0.0012287741992622614
LOSS: 0.0001807965454645455
LOSS: 8.702601917320862e-05
LOSS: -2.1909057977609336e-05
LOSS: -0.00013047443644609302
LOSS: -0.0002080450940411538
LOSS: -0.00019201367103960365
LOSS: -0.00018659468332771212
LOSS: -0.00019819011504296213
LOSS: -0.0002155768743250519
LOSS: -0.00023544039868284017
LOSS: 0.00014378150808624923
LOSS: -0.0001827022060751915
LOSS: -0.00042190609383396804
LOSS: -0.00046717870282009244
LOSS: -0.0005036332295276225
LOSS: -0.0005459330277517438
LOSS: -0.000600077211856842
LOSS: -0.0006178150069899857
LOSS: -0.0006128132808953524
LOSS: -0.000614817370660603
LOSS: 0.00010342106543248519
LOSS: 0.000121386801765766
LOSS: 9.296469215769321e-05
LOSS: 3.947998629882932e-05
LOSS: -3.289253800176084e-05
LOSS: -0.00010878962348215282
LOSS: -0.00015624785737600178
LOSS: -0.0002009435265790671
LOSS: -0.0002463812124915421
LOSS: -0.0002854190825019032
LOSS: 0.00018966436618939042
LOSS: 0.00013848944217897952
LOSS: 6.049072544556111e-05
LOSS: -2.8959198971278965e-05
LOSS: -0.00016980970394797623
LOSS: -0.0003741681866813451
LOSS: -0.0005316868191584945
LOSS: -0.0006416286923922598
LOSS: -0.0007221155683510005
LOSS: -0.0007680898415856063
LOSS: 0.00010093885066453367
LOSS: 9.597068128641695e-05
LOSS: 8.889276796253398e-05
LOSS: 7.966373232193291e-05
LOSS: 7.076491601765156e-05
LOSS: 6.0523456340888515e-05
LOSS: 5.0177841330878437e-05
LOSS: 4.022868233732879e-05
LOSS: 2.9487513529602438e-05
LOSS: 1.9144958059769124e-05
LOSS: 0.00014945647853892297
LOSS: 9.521963511360809e-05
LOSS: -1.0280025890097022e-05
LOSS: -0.0001428838149877265
LOSS: -0.000242978596361354
LOSS: -0.0003234092437196523
LOSS: -0.00040163658559322357
LOSS: -0.0004450151463970542
LOSS: -0.0004593737539835274
LOSS: -0.00046968841343186796
LOSS: 9.739150118548423e-05
LOSS: 9.814370423555374e-05
LOSS: 9.712843893794343e-05
LOSS: 9.287442662753165e-05
LOSS: 8.449212327832356e-05
LOSS: 7.383121555903926e-05
LOSS: 6.0488542658276856e-05
LOSS: 4.519530921243131e-05
LOSS: 2.8654714697040617e-05
LOSS: 1.0295218089595437e-05
LOSS: 0.00010016222950071096
LOSS: 7.24441561033018e-05
LOSS: 4.2061408748850226e-05
LOSS: 8.806498954072595e-06
LOSS: -2.5325047317892313e-05
LOSS: -6.045715417712927e-05
LOSS: -9.489200601819903e-05
LOSS: -0.0001282112643821165
LOSS: -0.00016086321556940675
LOSS: -0.00019249090109951794
LOSS: 0.00015179463662207127
LOSS: 8.053213241510093e-05
LOSS: 7.3933188105002046e-06
LOSS: -4.1693056118674576e-05
LOSS: -7.891995483078063e-05
LOSS: -0.00011705182259902358
LOSS: -0.0001560821692692116
LOSS: -0.00019701376731973141
LOSS: -0.00023824097297620028
LOSS: -0.0002817653294187039
LOSS: 9.225611574947834e-05
LOSS: 8.811126463115215e-05
LOSS: 8.408076246269047e-05
LOSS: 8.011776662897319e-05
LOSS: 7.570479647256434e-05
LOSS: 7.157570507843047e-05
LOSS: 6.769153696950525e-05
LOSS: 6.35696342214942e-05
LOSS: 5.9702902944991365e-05
LOSS: 5.582231824519113e-05
LOSS: 8.991491631604731e-05
LOSS: 7.579896919196472e-05
LOSS: 5.859510929440148e-05
LOSS: 3.9006561564747244e-05
LOSS: 1.8067330529447645e-05
LOSS: -2.3844404495321214e-06
LOSS: -1.2633456208277494e-05
LOSS: -1.8585305952001363e-05
LOSS: -2.4890032364055514e-05
LOSS: -3.12737756757997e-05
LOSS: 8.870371675584465e-05
LOSS: 8.175869879778475e-05
LOSS: 7.459799235220999e-05
LOSS: 6.620196654694155e-05
LOSS: 5.7812852901406586e-05
LOSS: 4.861794877797365e-05
LOSS: 3.8912781747058034e-05
LOSS: 2.905820292653516e-05
LOSS: 1.8898870621342212e-05
LOSS: 8.111535862553865e-06
LOSS: 8.861373498803005e-05
LOSS: -0.00021959119476377964
LOSS: -0.0005089592887088656
LOSS: -0.0006083972984924912
LOSS: -0.0005984395975247025
LOSS: -0.0005936335073783994
LOSS: -0.0005926194135099649
LOSS: -0.0005891064647585154
LOSS: -0.0005906103760935366
LOSS: -0.0005933658685535192
LOSS: 9.147704986389726e-05
LOSS: 8.981108840089291e-05
LOSS: 8.821023220662028e-05
LOSS: 8.676067227497697e-05
LOSS: 8.507040911354125e-05
LOSS: 8.333089499501511e-05
LOSS: 8.094653458101675e-05
LOSS: 7.824764907127246e-05
LOSS: 7.557670323876664e-05
LOSS: 7.31592153897509e-05
LOSS: 9.407865582033992e-05
LOSS: 3.89039414585568e-05
LOSS: -5.273579154163599e-05
LOSS: -0.00013611186295747757
LOSS: -0.0001625020377105102
LOSS: -0.00019003424677066505
LOSS: -0.00021794911299366504
LOSS: -0.00024610801483504474
LOSS: -0.0002744028461165726
LOSS: -0.00030231772689148784
LOSS: 9.396896348334849e-05
LOSS: 7.479885243810713e-05
LOSS: 5.6270455388585106e-05
LOSS: 3.845500759780407e-05
LOSS: 2.1146712242625654e-05
LOSS: 4.0354643715545535e-06
LOSS: -1.2444164894986898e-05
LOSS: -2.7887741453014314e-05
LOSS: -4.296758561395109e-05
LOSS: -5.668427183991298e-05
LOSS: 9.063017932930961e-05
LOSS: 8.789463754510507e-05
LOSS: 8.417615026701242e-05
LOSS: 8.053971396293491e-05
LOSS: 7.589438610011712e-05
LOSS: 7.118211942724884e-05
LOSS: 6.585226947208866e-05
LOSS: 6.01288556936197e-05
LOSS: 5.328522092895582e-05
LOSS: 4.591276228893548e-05
LOSS: 8.829680882627144e-05
LOSS: 7.350774831138551e-05
LOSS: 5.512913776328787e-05
LOSS: 3.294685302535072e-05
LOSS: 7.031921995803714e-06
LOSS: -2.39073415286839e-05
LOSS: -6.178890180308372e-05
LOSS: -0.00011131192150060087
LOSS: -0.0001773647964000702
LOSS: -0.000275177852017805
LOSS: 9.568327368469909e-05
LOSS: -6.031182419974357e-05
LOSS: -0.0005147472838871181
LOSS: -0.0005602610763162374
LOSS: -0.0005150050856173038
LOSS: -0.0005018603405915201
LOSS: -0.0005063047865405679
LOSS: -0.0005320424679666758
LOSS: -0.0005790237337350845
LOSS: -0.0003557790187187493
LOSS: 9.315949864685535e-05
LOSS: -0.0003105403739027679
LOSS: -0.0005842508981004357
LOSS: -0.0005449288873933256
LOSS: -0.0005161047447472811
LOSS: -0.00047148988232947886
LOSS: -0.00043972331332042813
LOSS: -0.0004376978031359613
LOSS: -0.0004603422130458057
LOSS: -0.0005017828079871833
LOSS: 0.00010721159924287349
LOSS: 6.454169488279149e-05
LOSS: 7.196547812782228e-06
LOSS: -6.178127659950405e-05
LOSS: -0.00013944748206995428
LOSS: -0.0002245544019388035
LOSS: -0.00030697512556798756
LOSS: -0.0003215424658264965
LOSS: -0.00033859797986224294
LOSS: -0.0003585202794056386
LOSS: 8.856331987772137e-05
LOSS: 4.372441617306322e-05
LOSS: -2.3285479983314872e-05
LOSS: -0.00013023018254898489
LOSS: -0.0003130634140688926
LOSS: -0.000711760250851512
LOSS: -0.0018345937132835388
LOSS: -0.0040409318171441555
LOSS: -0.004002755973488092
LOSS: -0.00395243801176548
LOSS: 0.0018472210504114628
LOSS: 0.008570726960897446
LOSS: 0.0039591421373188496
LOSS: -0.011196473613381386
LOSS: -0.028887635096907616
LOSS: -0.03448183834552765
LOSS: -0.035544924437999725
LOSS: -0.03609725460410118
LOSS: -0.036755673587322235
LOSS: -0.03761371597647667
LOSS: 0.00026280072052031755
LOSS: 0.006735806819051504
LOSS: 0.0044519915245473385
LOSS: -0.005512560717761517
LOSS: -0.0026309345848858356
LOSS: -0.0007877405732870102
LOSS: -0.0013184929266571999
LOSS: -0.0034537273459136486
LOSS: -0.0049818819388747215
LOSS: 0.001939699170179665
LOSS: 0.0012391499476507306
LOSS: -0.007272413931787014
LOSS: -0.006936213467270136
LOSS: -0.003552797483280301
LOSS: -0.005786865018308163
LOSS: -0.0066634598188102245
LOSS: -0.006555554922670126
LOSS: -0.00851165410131216
LOSS: -0.008144756779074669
LOSS: -0.004080126993358135
LOSS: 0.00032149304752238095
LOSS: -0.00577167421579361
LOSS: -0.005552253220230341
LOSS: -0.004609887022525072
LOSS: -0.004858943168073893
LOSS: -0.006197750568389893
LOSS: -0.004300418775528669
LOSS: 0.00010863842908293009
LOSS: -0.0013104205718263984
LOSS: -0.006874529179185629
LOSS: 0.0002403550606686622
LOSS: -0.002088590757921338
LOSS: -0.002653071889653802
LOSS: -0.00285155838355422
LOSS: -0.002970490138977766
LOSS: -0.0029777646996080875
LOSS: -0.00298629910685122
LOSS: -0.0029726731590926647
LOSS: -0.00295035052113235
LOSS: -0.002963004633784294
LOSS: 0.0001391997648170218
LOSS: 0.0001273654488613829
LOSS: 0.00013564057007897645
LOSS: 0.00014605492469854653
LOSS: 0.00014384457608684897
LOSS: 0.00017264425696339458
LOSS: 0.0001688590709818527
LOSS: 0.0001769119844539091
LOSS: 0.00017213447426911443
LOSS: 0.00015021470608189702
LOSS: 0.00010982938692905009
LOSS: 7.279713463503867e-05
LOSS: -7.093737076502293e-05
LOSS: -0.0003288137086201459
LOSS: -0.0007044185185804963
LOSS: -0.0012913402169942856
LOSS: -0.002753288485109806
LOSS: -0.007561589125543833
LOSS: -0.010302223265171051
LOSS: -0.01083148643374443
LOSS: 0.002039918676018715
LOSS: 0.021392790600657463
LOSS: 0.025618253275752068
LOSS: 0.02466394565999508
LOSS: 0.018059048801660538
LOSS: -0.002701713237911463
LOSS: -0.04152775928378105
LOSS: -0.05758121237158775
LOSS: -0.052242934703826904
LOSS: -0.05133718252182007
LOSS: 0.0008121382561512291
LOSS: -0.0015539098531007767
LOSS: -0.0015784737188369036
LOSS: -0.0013879656326025724
LOSS: -0.001464467030018568
LOSS: -0.0012953473487868905
LOSS: -0.0013948384439572692
LOSS: -0.0013854957651346922
LOSS: -0.0013777734711766243
LOSS: -0.0014977128012105823
LOSS: 0.0004397347802296281
LOSS: -0.0002071229537250474
LOSS: -0.0005564147140830755
LOSS: -0.0008956734091043472
LOSS: -0.0012462942395359278
LOSS: -0.001233185874298215
LOSS: -0.001437983475625515
LOSS: -0.0014772892463952303
LOSS: -0.001452470663934946
LOSS: -0.0015798148233443499
LOSS: 0.00026086356956511736
LOSS: 0.00018780642130877823
LOSS: 0.00016108748968690634
LOSS: 0.00023846632393542677
LOSS: 0.00013521502842195332
LOSS: 0.00013516892795450985
LOSS: 0.000144945050124079
LOSS: 3.81550780730322e-05
LOSS: 1.472809526603669e-05
LOSS: -5.243212217465043e-05
LOSS: 0.00011184342292835936
LOSS: 0.00020599254639819264
LOSS: 7.71760314819403e-05
LOSS: -7.799967715982348e-05
LOSS: -0.00010706578905228525
LOSS: -0.00015611518756486475
LOSS: -0.00016399113519582897
LOSS: -0.00018298772920388728
LOSS: -0.00021192722488194704
LOSS: -0.00021197428577579558
LOSS: 9.24148625927046e-05
LOSS: 9.33238843572326e-05
LOSS: 7.373467815341428e-05
LOSS: 3.6712808650918305e-05
LOSS: -9.399765986017883e-06
LOSS: -6.109791138442233e-05
LOSS: -9.310292080044746e-05
LOSS: -0.00010258056863676757
LOSS: -0.00011098785762442276
LOSS: -0.00011479033855721354
LOSS: 8.535867527825758e-05
LOSS: 8.017252548597753e-05
LOSS: 7.450568227795884e-05
LOSS: 6.785285222576931e-05
LOSS: 6.041506276233122e-05
LOSS: 5.252231130725704e-05
LOSS: 4.395495489006862e-05
LOSS: 3.476487108855508e-05
LOSS: 2.5322689907625318e-05
LOSS: 1.5253732271958143e-05
LOSS: 8.291606354760006e-05
LOSS: 7.999529043445364e-05
LOSS: 7.690367056056857e-05
LOSS: 7.360079325735569e-05
LOSS: 6.955823482712731e-05
LOSS: 6.575921725016087e-05
LOSS: 6.157990719657391e-05
LOSS: 5.7020923122763634e-05
LOSS: 5.261761543806642e-05
LOSS: 4.784726843354292e-05
LOSS: 8.504867582814768e-05
LOSS: 8.27685507829301e-05
LOSS: 8.028613228816539e-05
LOSS: 7.77056920924224e-05
LOSS: 7.502739026676863e-05
LOSS: 7.20240714144893e-05
LOSS: 6.915144331287593e-05
LOSS: 6.626779213547707e-05
LOSS: 6.309508171398193e-05
LOSS: 5.997052357997745e-05
LOSS: 8.403601532336324e-05
LOSS: 7.845659274607897e-05
LOSS: 7.05468119122088e-05
LOSS: 6.069379378459416e-05
LOSS: 4.9361791752744466e-05
LOSS: 3.6651650589192286e-05
LOSS: 2.2964894014876336e-05
LOSS: 8.205824997276068e-06
LOSS: -3.928609658032656e-06
LOSS: -1.2008764315396547e-05
LOSS: 8.637480641482398e-05
LOSS: -1.858641189755872e-05
LOSS: -0.00019449909450486302
LOSS: -0.0002629549417179078
LOSS: -0.00032811780693009496
LOSS: -0.00038759136805310845
LOSS: -0.00044064136454835534
LOSS: -0.00048769605928100646
LOSS: -0.000527012743987143
LOSS: -0.0005603998433798552
LOSS: 9.932395914802328e-05
LOSS: 0.00010957953054457903
LOSS: 0.00010823812044691294
LOSS: 9.70445471466519e-05
LOSS: 7.514299068134278e-05
LOSS: 4.2945459426846355e-05
LOSS: 1.0724543244577944e-06
LOSS: -4.7789610107429326e-05
LOSS: -8.2713711890392e-05
LOSS: -9.940080053638667e-05
LOSS: 9.118242451222613e-05
LOSS: 8.900959801394492e-05
LOSS: 8.524907752871513e-05
LOSS: 8.053182682488114e-05
LOSS: 7.479369378415868e-05
LOSS: 6.879334978293628e-05
LOSS: 6.258573557715863e-05
LOSS: 5.56568666070234e-05
LOSS: 4.874308069702238e-05
LOSS: 4.160368553129956e-05
LOSS: 8.686042565386742e-05
LOSS: 8.75400728546083e-05
LOSS: 8.803936361800879e-05
LOSS: 8.806239202385768e-05
LOSS: 8.770094427745789e-05
LOSS: 8.753580186748877e-05
LOSS: 8.718210301594809e-05
LOSS: 8.673412230564281e-05
LOSS: 8.638582221465185e-05
LOSS: 8.601741137681529e-05
LOSS: 8.593307575210929e-05
LOSS: 8.528077887604013e-05
LOSS: 8.437309588771313e-05
LOSS: 8.323970541823655e-05
LOSS: 8.172511297743767e-05
LOSS: 8.000898378668353e-05
LOSS: 7.810552779119462e-05
LOSS: 7.60648981668055e-05
LOSS: 7.385050412267447e-05
LOSS: 7.160978566389531e-05
LOSS: 8.511540363542736e-05
LOSS: 7.572336471639574e-05
LOSS: 6.122197373770177e-05
LOSS: 4.26588230766356e-05
LOSS: 2.0823863451369107e-05
LOSS: -3.5847770050168037e-06
LOSS: -2.9358823667280376e-05
LOSS: -5.54483849555254e-05
LOSS: -8.277325832750648e-05
LOSS: -0.00010991255840053782
LOSS: 8.496605005348101e-05
LOSS: 8.501255069859326e-05
LOSS: 8.498757233610377e-05
LOSS: 8.47354531288147e-05
LOSS: 8.418162178713828e-05
LOSS: 8.350782445631921e-05
LOSS: 8.280791371362284e-05
LOSS: 8.19696142571047e-05
LOSS: 8.100250124698505e-05
LOSS: 7.997390639502555e-05
LOSS: 8.495344809489325e-05
LOSS: 8.219541632570326e-05
LOSS: 7.889467815402895e-05
LOSS: 7.520421058870852e-05
LOSS: 7.112696766853333e-05
LOSS: 6.661673251073807e-05
LOSS: 6.187777034938335e-05
LOSS: 5.674679050571285e-05
LOSS: 5.157095438335091e-05
LOSS: 4.608727613231167e-05
LOSS: 8.507973689120263e-05
LOSS: 8.290811820188537e-05
LOSS: 7.983732939464971e-05
LOSS: 7.60248294682242e-05
LOSS: 7.152191392378882e-05
LOSS: 6.637357728322968e-05
LOSS: 6.081654646550305e-05
LOSS: 5.470179166877642e-05
LOSS: 4.827749216929078e-05
LOSS: 4.147843719692901e-05
LOSS: 0.00013879561447538435
LOSS: 0.00013275578385218978
LOSS: 0.00012366921873763204
LOSS: 0.00011195836123079062
LOSS: 9.811229392653331e-05
LOSS: 8.237966540036723e-05
LOSS: 6.530401878990233e-05
LOSS: 4.676489334087819e-05
LOSS: 2.7416674129199237e-05
LOSS: 7.566530257463455e-06
LOSS: 8.611495286459103e-05
LOSS: 8.130296919262037e-05
LOSS: 7.379864109680057e-05
LOSS: 6.419327110052109e-05
LOSS: 5.311044515110552e-05
LOSS: 4.058306512888521e-05
LOSS: 2.776957262540236e-05
LOSS: 1.3774813851341605e-05
LOSS: 8.258139132522047e-07
LOSS: -6.802183634135872e-06
LOSS: 8.594130486017093e-05
LOSS: 7.281092985067517e-05
LOSS: 5.867849904461764e-05
LOSS: 4.3555472075240687e-05
LOSS: 2.8510716219898313e-05
LOSS: 1.5604040527250618e-05
LOSS: 1.46602324093692e-05
LOSS: 1.3672135537490249e-05
LOSS: 1.2565426004584879e-05
LOSS: 1.1489057214930654e-05
LOSS: 8.5825304267928e-05
LOSS: 7.873622962506488e-05
LOSS: 6.210314313648269e-05
LOSS: 3.635459142969921e-05
LOSS: 3.178640326950699e-06
LOSS: -3.586459206417203e-05
LOSS: -8.043386333156377e-05
LOSS: -0.00012845070159528404
LOSS: -0.00017951277550309896
LOSS: -0.00023212206724565476
LOSS: 0.00011613374954322353
LOSS: 0.00010184171696892008
LOSS: 7.965249824337661e-05
LOSS: 4.993499896954745e-05
LOSS: 1.4587552868761122e-05
LOSS: -2.5714936782605946e-05
LOSS: -6.978641613386571e-05
LOSS: -0.00011692685075104237
LOSS: -0.0001649972691666335
LOSS: -0.0002142384328180924
Directory already exists: tests/PPOL/models/mini-grid/hhbyn35m
LOSS: 8.657723083160818e-05
LOSS: -7.634547364432365e-05
LOSS: -0.000203586503630504
LOSS: -0.00027584261260926723
LOSS: -0.0003398076514713466
LOSS: -0.00039035314694046974
LOSS: -0.0004281749133951962
LOSS: -0.0004560559755191207
LOSS: -0.00047659099800512195
LOSS: -0.0004914028686471283
LOSS: 8.992725634016097e-05
LOSS: 8.005557901924476e-05
LOSS: 6.836659304099157e-05
LOSS: 5.6541488447692245e-05
LOSS: 4.395973519422114e-05
LOSS: 3.1799005228094757e-05
LOSS: 1.9983410311397165e-05
LOSS: 2.0824125385843217e-05
LOSS: 2.37416461459361e-05
LOSS: 2.611347008496523e-05
LOSS: 9.079724986804649e-05
LOSS: 9.035263792611659e-05
LOSS: 8.973715011961758e-05
LOSS: 8.908287418307737e-05
LOSS: 8.828096179058775e-05
LOSS: 8.740048360778019e-05
LOSS: 8.635430276626721e-05
LOSS: 8.527542377123609e-05
LOSS: 8.418867219006643e-05
LOSS: 8.290465484606102e-05
LOSS: 9.203216177411377e-05
LOSS: 9.230073919752613e-05
LOSS: 8.891899778973311e-05
LOSS: 8.20980203570798e-05
LOSS: 7.32564803911373e-05
LOSS: 6.39456557109952e-05
LOSS: 5.300475095282309e-05
LOSS: 4.1856299503706396e-05
LOSS: 3.8444642996182665e-05
LOSS: 3.808310066233389e-05
LOSS: 9.08225410967134e-05
LOSS: 9.094856795854867e-05
LOSS: 9.015780233312398e-05
LOSS: 8.856884960550815e-05
LOSS: 8.628617797512561e-05
LOSS: 8.317854371853173e-05
LOSS: 7.97559623606503e-05
LOSS: 7.56978988647461e-05
LOSS: 7.13164554326795e-05
LOSS: 6.646703695878386e-05
LOSS: 9.101079194806516e-05
LOSS: 8.90110241016373e-05
LOSS: 8.339284977409989e-05
LOSS: 7.329188520088792e-05
LOSS: 5.9610410971799865e-05
LOSS: 4.459801493794657e-05
LOSS: 4.517689740168862e-05
LOSS: 4.562825051834807e-05
LOSS: 4.602161789080128e-05
LOSS: 4.623162021744065e-05
LOSS: 9.018270066007972e-05
LOSS: 8.665375935379416e-05
LOSS: 7.82131974119693e-05
LOSS: 6.531960389111191e-05
LOSS: 4.855619772570208e-05
LOSS: 2.835579653037712e-05
LOSS: 5.604924808721989e-06
LOSS: -1.9338556739967316e-05
LOSS: -4.6006840420886874e-05
LOSS: -7.377580186584964e-05
LOSS: 9.102010517381132e-05
LOSS: 8.44516180222854e-05
LOSS: 7.816265861038119e-05
LOSS: 7.202762935776263e-05
LOSS: 6.591541750822216e-05
LOSS: 6.0217422287678346e-05
LOSS: 5.482647611643188e-05
LOSS: 4.941719089401886e-05
LOSS: 4.416603042045608e-05
LOSS: 3.9310252759605646e-05
LOSS: 8.786298712948337e-05
LOSS: 8.875370258465409e-05
LOSS: 8.785668615018949e-05
LOSS: 8.580033318139613e-05
LOSS: 8.22978254291229e-05
LOSS: 7.841193291824311e-05
LOSS: 7.367251964751631e-05
LOSS: 6.83181278873235e-05
LOSS: 6.268081779126078e-05
LOSS: 5.736171442549676e-05
LOSS: 8.812310261419043e-05
LOSS: 8.63955938257277e-05
LOSS: 8.442132093477994e-05
LOSS: 8.204747427953407e-05
LOSS: 7.945128163555637e-05
LOSS: 7.670487684663385e-05
LOSS: 7.377358269877732e-05
LOSS: 7.069098501233384e-05
LOSS: 6.747506995452568e-05
LOSS: 6.413184746634215e-05
LOSS: 8.7697510025464e-05
LOSS: 8.584436727687716e-05
LOSS: 8.278109453385696e-05
LOSS: 7.895311864558607e-05
LOSS: 7.412823470076546e-05
LOSS: 6.862565351184458e-05
LOSS: 6.252905586734414e-05
LOSS: 5.589159263763577e-05
LOSS: 4.871653072768822e-05
LOSS: 4.1251038055634126e-05
LOSS: 8.69422874529846e-05
LOSS: 8.557872934034094e-05
LOSS: 8.390573930228129e-05
LOSS: 8.215043635573238e-05
LOSS: 8.029785385588184e-05
LOSS: 7.814560376573354e-05
LOSS: 7.589739834656939e-05
LOSS: 7.356368587352335e-05
LOSS: 7.120028021745384e-05
LOSS: 6.874719838378951e-05
LOSS: 8.667050860822201e-05
LOSS: 7.977335917530581e-05
LOSS: 6.44004758214578e-05
LOSS: 4.192967389826663e-05
LOSS: 1.610353501746431e-05
LOSS: -5.578476702794433e-07
LOSS: -1.289452484343201e-06
LOSS: -2.0481529645621777e-06
LOSS: -3.0452065402641892e-06
LOSS: -4.178473318461329e-06
LOSS: 8.664467895869166e-05
LOSS: 8.657404396217316e-05
LOSS: 8.634690311737359e-05
LOSS: 8.603338937973604e-05
LOSS: 8.561780850868672e-05
LOSS: 8.517896640114486e-05
LOSS: 8.467443694826216e-05
LOSS: 8.407662971876562e-05
LOSS: 8.335978782270104e-05
LOSS: 8.253860141849145e-05
LOSS: 8.797049667919055e-05
LOSS: 8.752181747695431e-05
LOSS: 8.683330815983936e-05
LOSS: 8.602096932008862e-05
LOSS: 8.514012733940035e-05
LOSS: 8.417389472015202e-05
LOSS: 8.305710070999339e-05
LOSS: 8.192409586627036e-05
LOSS: 8.067682210821658e-05
LOSS: 7.937133341329172e-05
LOSS: 8.649578376207501e-05
LOSS: 8.650714880786836e-05
LOSS: 8.647626964375377e-05
LOSS: 8.645873458590358e-05
LOSS: 8.641947351861745e-05
LOSS: 8.638054714538157e-05
LOSS: 8.637960127089173e-05
LOSS: 8.633733523311093e-05
LOSS: 8.631865057395771e-05
LOSS: 8.628291107015684e-05
LOSS: 8.669422095408663e-05
LOSS: 8.601754962000996e-05
LOSS: 8.512863132636994e-05
LOSS: 8.399472426390275e-05
LOSS: 8.270041143987328e-05
LOSS: 8.130313653964549e-05
LOSS: 7.979187648743391e-05
LOSS: 7.808690133970231e-05
LOSS: 7.631235348526388e-05
LOSS: 7.445599476341158e-05
LOSS: 8.766083919908851e-05
LOSS: 8.466334111290053e-05
LOSS: 8.038252417463809e-05
LOSS: 7.477057806681842e-05
LOSS: 6.80037192068994e-05
LOSS: 6.0649261286016554e-05
LOSS: 5.249866808298975e-05
LOSS: 4.387428634800017e-05
LOSS: 3.486140849418007e-05
LOSS: 2.5692919734865427e-05
LOSS: 8.712163980817422e-05
LOSS: 8.50731012178585e-05
LOSS: 8.28880729386583e-05
LOSS: 8.056267688516527e-05
LOSS: 7.818789163138717e-05
LOSS: 7.582533726235852e-05
LOSS: 7.3390212492086e-05
LOSS: 7.077239570207894e-05
LOSS: 6.828905316069722e-05
LOSS: 6.574617145815864e-05
LOSS: 8.793332381173968e-05
LOSS: 8.524626900907606e-05
LOSS: 7.946538244141266e-05
LOSS: 7.143046241253614e-05
LOSS: 6.113645213190466e-05
LOSS: 4.9351987399859354e-05
LOSS: 3.590137930586934e-05
LOSS: 2.174360997742042e-05
LOSS: 6.803296855650842e-06
LOSS: -8.585098839830607e-06
LOSS: 8.72653690748848e-05
LOSS: 8.844504918670282e-05
LOSS: 8.870431338436902e-05
LOSS: 8.836197230266407e-05
LOSS: 8.72368982527405e-05
LOSS: 8.562222501495853e-05
LOSS: 8.351760334335268e-05
LOSS: 8.073924254858866e-05
LOSS: 7.765011832816526e-05
LOSS: 7.412201375700533e-05
LOSS: 8.796284237178043e-05
LOSS: 8.757381874602288e-05
LOSS: 8.690947288414463e-05
LOSS: 8.602200978202745e-05
LOSS: 8.490921754855663e-05
LOSS: 8.372827142011374e-05
LOSS: 8.239816088462248e-05
LOSS: 8.096791134448722e-05
LOSS: 7.936250767670572e-05
LOSS: 7.767166971461847e-05
LOSS: 8.708685345482081e-05
LOSS: 8.69681389303878e-05
LOSS: 8.669336239108816e-05
LOSS: 8.626268390798941e-05
LOSS: 8.566879841964692e-05
LOSS: 8.493482891935855e-05
LOSS: 8.412932947976515e-05
LOSS: 8.318137406604365e-05
LOSS: 8.220176823670045e-05
LOSS: 8.108862675726414e-05
LOSS: 8.700616308487952e-05
LOSS: 8.233323023887351e-05
LOSS: 7.510292925871909e-05
LOSS: 6.592861609533429e-05
LOSS: 5.471794793265872e-05
LOSS: 4.226764940540306e-05
LOSS: 2.880977262975648e-05
LOSS: 1.4578494301531464e-05
LOSS: 2.7707574190571904e-07
LOSS: -1.4537377865053713e-05
LOSS: 8.740268822293729e-05
LOSS: 8.324730151798576e-05
LOSS: 7.807801011949778e-05
LOSS: 7.202637061709538e-05
LOSS: 6.518475856864825e-05
LOSS: 5.76908714720048e-05
LOSS: 4.961420927429572e-05
LOSS: 4.113523755222559e-05
LOSS: 3.222169107175432e-05
LOSS: 2.300222695339471e-05
LOSS: 8.73547323863022e-05
LOSS: 8.733272989047691e-05
LOSS: 8.723996870685369e-05
LOSS: 8.72061718837358e-05
LOSS: 8.713300485396758e-05
LOSS: 8.711001282790676e-05
LOSS: 8.704725769348443e-05
LOSS: 8.701721526449546e-05
LOSS: 8.69426439749077e-05
LOSS: 8.691538823768497e-05
LOSS: 8.887381409294903e-05
LOSS: 8.870902092894539e-05
LOSS: 8.86208435986191e-05
LOSS: 8.847360732033849e-05
LOSS: 8.834135223878548e-05
LOSS: 8.819151116767898e-05
LOSS: 8.801463263807818e-05
LOSS: 8.79030631040223e-05
LOSS: 8.774874731898308e-05
LOSS: 8.763809455558658e-05
LOSS: 8.708365203347057e-05
LOSS: 8.175598486559466e-05
LOSS: 6.745995779056102e-05
LOSS: 4.814721614820883e-05
LOSS: 2.6886140403803438e-05
LOSS: 2.502493589418009e-05
LOSS: 2.4172353732865304e-05
LOSS: 2.34978215303272e-05
LOSS: 2.28972639888525e-05
LOSS: 2.2376385459210724e-05
LOSS: 8.68687784532085e-05
LOSS: 8.378767961403355e-05
LOSS: 8.021089161047712e-05
LOSS: 7.625192665727809e-05
LOSS: 7.20857351552695e-05
LOSS: 6.761260738130659e-05
LOSS: 6.284579285420477e-05
LOSS: 5.791887087980285e-05
LOSS: 5.28065902472008e-05
LOSS: 4.75538763566874e-05
LOSS: 8.880416862666607e-05
LOSS: 4.356430872576311e-05
LOSS: -5.161871376913041e-05
LOSS: -0.00012268222053535283
LOSS: -0.00014713822747580707
LOSS: -0.0001705801987554878
LOSS: -0.0001922209485201165
LOSS: -0.00021106300118844956
LOSS: -0.00022616624482907355
LOSS: -0.00023842502560000867
LOSS: 8.661539322929457e-05
LOSS: 8.575280662626028e-05
LOSS: 8.462355617666617e-05
LOSS: 8.331931167049333e-05
LOSS: 8.191473170882091e-05
LOSS: 8.04342853371054e-05
LOSS: 7.866747910156846e-05
LOSS: 7.673332584090531e-05
LOSS: 7.452801219187677e-05
LOSS: 7.220152474474162e-05
LOSS: 8.7811189587228e-05
LOSS: 8.40676948428154e-05
LOSS: 7.996951171662658e-05
LOSS: 7.535885379184037e-05
LOSS: 7.059300696710125e-05
LOSS: 6.537701119668782e-05
LOSS: 6.0046000726288185e-05
LOSS: 5.43557180208154e-05
LOSS: 4.8618094297125936e-05
LOSS: 4.280448047211394e-05
LOSS: 8.745333616388962e-05
LOSS: 8.754485315876082e-05
LOSS: 8.756359602557495e-05
LOSS: 8.764530502958223e-05
LOSS: 8.763511868892238e-05
LOSS: 8.768722182139754e-05
LOSS: 8.767921099206433e-05
LOSS: 8.772463479544967e-05
LOSS: 8.771160355536267e-05
LOSS: 8.77126440173015e-05
LOSS: 8.713541319593787e-05
LOSS: 8.705702202860266e-05
LOSS: 8.695811993675306e-05
LOSS: 8.68682109285146e-05
LOSS: 8.67398121044971e-05
LOSS: 8.667293877806515e-05
LOSS: 8.654634439153597e-05
LOSS: 8.641825843369588e-05
LOSS: 8.628307841718197e-05
LOSS: 8.61138105392456e-05
LOSS: 8.675875142216682e-05
LOSS: 8.674050332047045e-05
LOSS: 8.673022966831923e-05
LOSS: 8.67149283294566e-05
LOSS: 8.66907648742199e-05
LOSS: 8.666711073601618e-05
LOSS: 8.664502820465714e-05
LOSS: 8.66263872012496e-05
LOSS: 8.659877494210377e-05
LOSS: 8.657536091050133e-05
LOSS: 8.746537059778348e-05
LOSS: 8.564240124542266e-05
LOSS: 8.159306162269786e-05
LOSS: 7.608214218635112e-05
LOSS: 6.928479706402868e-05
LOSS: 6.147076055640355e-05
LOSS: 5.2989118557889014e-05
LOSS: 4.4246946345083416e-05
LOSS: 3.524873682181351e-05
LOSS: 2.5933004508260638e-05
LOSS: 8.715882722754031e-05
LOSS: 8.748779509915039e-05
LOSS: 8.764967788010836e-05
LOSS: 8.781905489740893e-05
LOSS: 8.793581218924373e-05
LOSS: 8.809474093141034e-05
LOSS: 8.819405047688633e-05
LOSS: 8.834125037537888e-05
LOSS: 8.84585824678652e-05
LOSS: 8.852899190969765e-05
LOSS: 9.295838390244171e-05
LOSS: 5.924253127886914e-05
LOSS: 8.654293196741492e-06
LOSS: -4.7907509724609554e-05
LOSS: -0.00010333304817322642
LOSS: -0.0001562638790346682
LOSS: -0.00020734187273774296
LOSS: -0.00025450022076256573
LOSS: -0.0003003597375936806
LOSS: -0.00032675033435225487
LOSS: 8.87922797119245e-05
LOSS: 9.646546823205426e-05
LOSS: 9.655673784436658e-05
LOSS: 8.960579725680873e-05
LOSS: 7.668380567338318e-05
LOSS: 5.867207801202312e-05
LOSS: 3.573724097805098e-05
LOSS: 9.192866855300963e-06
LOSS: -2.058277459582314e-05
LOSS: -5.2369185141287744e-05
LOSS: 8.766855171415955e-05
LOSS: 8.688076923135668e-05
LOSS: 8.584391616750509e-05
LOSS: 8.450887980870903e-05
LOSS: 8.299377805087715e-05
LOSS: 8.113714284263551e-05
LOSS: 7.90174599387683e-05
LOSS: 7.657416426809505e-05
LOSS: 7.396734145004302e-05
LOSS: 7.100238144630566e-05
LOSS: 8.80865118233487e-05
LOSS: 8.641782915219665e-05
LOSS: 8.452816109638661e-05
LOSS: 8.241645991802216e-05
LOSS: 8.007610449567437e-05
LOSS: 7.75332300690934e-05
LOSS: 7.477637700503692e-05
LOSS: 7.184607966337353e-05
LOSS: 6.885288166813552e-05
LOSS: 6.56695119687356e-05
LOSS: 8.897036605048925e-05
LOSS: 8.1440775829833e-05
LOSS: 6.364097498590127e-05
LOSS: 3.7130696000531316e-05
LOSS: 7.585389539599419e-06
LOSS: -4.833767889067531e-06
LOSS: -1.3731900253333151e-05
LOSS: -2.3008549760561436e-05
LOSS: -3.280126111349091e-05
LOSS: -4.2605577618815005e-05
LOSS: 8.783012890489772e-05
LOSS: 8.821447408990934e-05
LOSS: 8.846385026117787e-05
LOSS: 8.868100849213079e-05
LOSS: 8.881392568582669e-05
LOSS: 8.89009825186804e-05
LOSS: 8.903958223527297e-05
LOSS: 8.905913273338228e-05
LOSS: 8.911378245102242e-05
LOSS: 8.9139117335435e-05
LOSS: 8.734754374017939e-05
LOSS: 8.693437121110037e-05
LOSS: 8.6327621829696e-05
LOSS: 8.562341099604964e-05
LOSS: 8.472870831610635e-05
LOSS: 8.374477329198271e-05
LOSS: 8.25937750050798e-05
LOSS: 8.140216959873214e-05
LOSS: 8.007925498532131e-05
LOSS: 7.870678382460028e-05
LOSS: 8.737081952858716e-05
LOSS: 8.644651825306937e-05
LOSS: 8.533544314559549e-05
LOSS: 8.403387619182467e-05
LOSS: 8.25736133265309e-05
LOSS: 8.099309343378991e-05
LOSS: 7.930893480079249e-05
LOSS: 7.74493018980138e-05
LOSS: 7.558274955954403e-05
LOSS: 7.363095210166648e-05
LOSS: 8.741725469008088e-05
LOSS: 8.62667293404229e-05
LOSS: 8.49673233460635e-05
LOSS: 8.364295354112983e-05
LOSS: 8.217438880819827e-05
LOSS: 8.063547284109518e-05
LOSS: 7.907603867352009e-05
LOSS: 7.7394004620146e-05
LOSS: 7.571658352389932e-05
LOSS: 7.401709444820881e-05
LOSS: 8.789615094428882e-05
LOSS: 8.747834363020957e-05
LOSS: 8.682718907948583e-05
LOSS: 8.585200703237206e-05
LOSS: 8.469608292216435e-05
LOSS: 8.330371929332614e-05
LOSS: 8.176462142728269e-05
LOSS: 8.00132256699726e-05
LOSS: 7.820633618393913e-05
LOSS: 7.624915451742709e-05
LOSS: 8.754215377848595e-05
LOSS: 8.654378325445578e-05
LOSS: 8.532450010534376e-05
LOSS: 8.39015920064412e-05
LOSS: 8.230514504248276e-05
LOSS: 8.060151594690979e-05
LOSS: 7.876823656260967e-05
LOSS: 7.682921568630263e-05
LOSS: 7.480045314878225e-05
LOSS: 7.26608996046707e-05
LOSS: 8.694557618582621e-05
LOSS: 8.693191921338439e-05
LOSS: 8.691369293956086e-05
LOSS: 8.690859976923093e-05
LOSS: 8.688285743119195e-05
LOSS: 8.688031084602699e-05
LOSS: 8.68613860802725e-05
LOSS: 8.685042121214792e-05
LOSS: 8.684837666805834e-05
LOSS: 8.682841871632263e-05
LOSS: 8.705411164555699e-05
LOSS: 8.283068018499762e-05
LOSS: 7.636491500306875e-05
LOSS: 6.770326581317931e-05
LOSS: 5.7535253290552646e-05
LOSS: 4.5936889364384115e-05
LOSS: 3.496174394967966e-05
LOSS: 2.353004674660042e-05
LOSS: 1.803048508008942e-05
LOSS: 1.702223380561918e-05
LOSS: 8.750785491429269e-05
LOSS: 8.758637704886496e-05
LOSS: 8.763502410147339e-05
LOSS: 8.766022801864892e-05
LOSS: 8.768716361373663e-05
LOSS: 8.77088968991302e-05
LOSS: 8.772052387939766e-05
LOSS: 8.774871821515262e-05
LOSS: 8.775851893005893e-05
LOSS: 8.776214235695079e-05
LOSS: 8.893798076314852e-05
LOSS: 8.866795542417094e-05
LOSS: 8.786370017332956e-05
LOSS: 8.664505003252998e-05
LOSS: 8.500521653331816e-05
LOSS: 8.30065764603205e-05
LOSS: 8.069706382229924e-05
LOSS: 7.810877286829054e-05
LOSS: 7.529063441324979e-05
LOSS: 7.230538176372647e-05
LOSS: 8.760856871958822e-05
LOSS: 8.756807073950768e-05
LOSS: 8.753975271247327e-05
LOSS: 8.753388101467863e-05
LOSS: 8.752462599659339e-05
LOSS: 8.751689165364951e-05
LOSS: 8.750785491429269e-05
LOSS: 8.749551489017904e-05
LOSS: 8.746377716306597e-05
LOSS: 8.742653153603896e-05
LOSS: 8.839576184982434e-05
LOSS: 8.716175943845883e-05
LOSS: 8.565174357499927e-05
LOSS: 8.398172940360382e-05
LOSS: 8.210702799260616e-05
LOSS: 8.005171548575163e-05
LOSS: 7.789506344124675e-05
LOSS: 7.550094596808776e-05
LOSS: 7.307361374842003e-05
LOSS: 7.051047577988356e-05
LOSS: 8.768192492425442e-05
LOSS: 8.765941311139613e-05
LOSS: 8.75793703016825e-05
LOSS: 8.755891030887142e-05
LOSS: 8.752665598876774e-05
LOSS: 8.749927656026557e-05
LOSS: 8.745431841816753e-05
LOSS: 8.743612124817446e-05
LOSS: 8.733502181712538e-05
LOSS: 8.728928514756262e-05
LOSS: 8.739144686842337e-05
LOSS: 8.73639655765146e-05
LOSS: 8.733083814149722e-05
LOSS: 8.729406545171514e-05
LOSS: 8.72493110364303e-05
LOSS: 8.719994366401806e-05
LOSS: 8.71637967065908e-05
LOSS: 8.713002171134576e-05
LOSS: 8.709346002433449e-05
LOSS: 8.705947402631864e-05
LOSS: 8.701509068487212e-05
LOSS: 8.675938443047926e-05
LOSS: 8.629285002825782e-05
LOSS: 8.55351026984863e-05
LOSS: 8.454971975879744e-05
LOSS: 8.340329077327624e-05
LOSS: 8.208284998545423e-05
LOSS: 8.053820783970878e-05
LOSS: 7.891797577030957e-05
LOSS: 7.715015817666426e-05
LOSS: 8.699805766809732e-05
LOSS: 8.700428588781506e-05
LOSS: 8.69833747856319e-05
LOSS: 8.698891178937629e-05
LOSS: 8.697849989403039e-05
LOSS: 8.698295278009027e-05
LOSS: 8.69668583618477e-05
LOSS: 8.697272278368473e-05
LOSS: 8.696699660504237e-05
LOSS: 8.696130680618808e-05
LOSS: 8.715080184629187e-05
LOSS: 8.673848060425371e-05
LOSS: 8.59557039802894e-05
LOSS: 8.482830162392929e-05
LOSS: 8.33442245493643e-05
LOSS: 8.168358181137592e-05
LOSS: 7.97287211753428e-05
LOSS: 7.759274740237743e-05
LOSS: 7.531549636041746e-05
LOSS: 7.28342856746167e-05
LOSS: 8.729822729947045e-05
LOSS: 8.72867094585672e-05
LOSS: 8.727982640266418e-05
LOSS: 8.727567183086649e-05
LOSS: 8.726357918931171e-05
LOSS: 8.726104715606198e-05
LOSS: 8.724385406821966e-05
LOSS: 8.72722957865335e-05
LOSS: 8.725287625566125e-05
LOSS: 8.725185034563765e-05
LOSS: 8.679822349222377e-05
LOSS: 8.680415339767933e-05
LOSS: 8.6781925347168e-05
LOSS: 8.678629092173651e-05
LOSS: 8.67719718371518e-05
LOSS: 8.676225115777925e-05
LOSS: 8.674594573676586e-05
LOSS: 8.674308628542349e-05
LOSS: 8.67389899212867e-05
LOSS: 8.672632247908041e-05
LOSS: 8.806319237919524e-05
LOSS: 8.711330156074837e-05
LOSS: 8.560322021367028e-05
LOSS: 8.360747597180307e-05
LOSS: 8.110672206385061e-05
LOSS: 7.822064799256623e-05
LOSS: 7.497436308767647e-05
LOSS: 7.143609400372952e-05
LOSS: 6.764265708625317e-05
LOSS: 6.367671448970214e-05
LOSS: 8.71660013217479e-05
LOSS: 8.541324496036395e-05
LOSS: 8.197980787372217e-05
LOSS: 7.741271838312969e-05
LOSS: 7.118922803783789e-05
LOSS: 6.415004463633522e-05
LOSS: 5.630276427837089e-05
LOSS: 4.7772486141184345e-05
LOSS: 3.882125747622922e-05
LOSS: 2.9595259547932073e-05
LOSS: 8.757207251619548e-05
LOSS: 8.659535524202511e-05
LOSS: 8.536874520359561e-05
LOSS: 8.39635104057379e-05
LOSS: 8.241861360147595e-05
LOSS: 8.082562999334186e-05
LOSS: 7.903286314103752e-05
LOSS: 7.718895358266309e-05
LOSS: 7.520764484070241e-05
LOSS: 7.322589226532727e-05
LOSS: 8.73144090292044e-05
LOSS: 8.728668035473675e-05
LOSS: 8.723106293473393e-05
LOSS: 8.722735947230831e-05
LOSS: 8.714708383195102e-05
LOSS: 8.712902490515262e-05
LOSS: 8.705845539225265e-05
LOSS: 8.702312334207818e-05
LOSS: 8.696682925801724e-05
LOSS: 8.687797526363283e-05
LOSS: 8.685905049787834e-05
LOSS: 8.67679191287607e-05
LOSS: 8.6644955445081e-05
LOSS: 8.653126133140177e-05
LOSS: 8.633553807158023e-05
LOSS: 8.618708670837805e-05
LOSS: 8.596558473072946e-05
LOSS: 8.578299457440153e-05
LOSS: 8.552685176255181e-05
LOSS: 8.530855848221108e-05
LOSS: 8.72944001457654e-05
LOSS: 8.452124893665314e-05
LOSS: 8.003154653124511e-05
LOSS: 7.328572974074632e-05
LOSS: 6.544452480738983e-05
LOSS: 5.58525716769509e-05
LOSS: 4.5542394218500704e-05
LOSS: 3.4614720789249986e-05
LOSS: 2.307939575985074e-05
LOSS: 1.1326621461194009e-05
LOSS: 8.785120735410601e-05
LOSS: 8.728406100999564e-05
LOSS: 8.658193837618455e-05
LOSS: 8.58553103171289e-05
LOSS: 8.49607604322955e-05
LOSS: 8.394682663492858e-05
LOSS: 8.270344551419839e-05
LOSS: 8.142614387907088e-05
LOSS: 7.982999522937462e-05
LOSS: 7.789567462168634e-05
LOSS: 8.779998461250216e-05
LOSS: -6.602525536436588e-05
LOSS: -8.676211291458458e-05
LOSS: -0.00011957334209000692
LOSS: -0.0001543731486890465
LOSS: -0.0001845939113991335
LOSS: -0.00020855266484431922
LOSS: -0.00022649702441412956
LOSS: -0.00023952958872541785
LOSS: -0.00024856944219209254
LOSS: 8.757148316362873e-05
LOSS: 8.92744938028045e-05
LOSS: 9.047069033840671e-05
LOSS: 9.095881978282705e-05
LOSS: 9.103147021960467e-05
LOSS: 9.051720553543419e-05
LOSS: 8.962610445450991e-05
LOSS: 8.839442307362333e-05
LOSS: 8.681720646563917e-05
LOSS: 8.510067709721625e-05
LOSS: 8.822693052934483e-05
LOSS: 8.826866542221978e-05
LOSS: 8.824323595035821e-05
LOSS: 8.822540985420346e-05
LOSS: 8.821787196211517e-05
LOSS: 8.813071326585487e-05
LOSS: 8.812037413008511e-05
LOSS: 8.80596853676252e-05
LOSS: 8.804698154563084e-05
LOSS: 8.7992477347143e-05
LOSS: 8.926314330892637e-05
LOSS: 8.914686623029411e-05
LOSS: 8.907470328267664e-05
LOSS: 8.891316247172654e-05
LOSS: 8.877200161805376e-05
LOSS: 8.864176197675988e-05
LOSS: 8.849331788951531e-05
LOSS: 8.835222251946107e-05
LOSS: 8.819530194159597e-05
LOSS: 8.793772576609626e-05
LOSS: 8.80364968907088e-05
LOSS: 8.785788668319583e-05
LOSS: 8.770945714786649e-05
LOSS: 8.750954293645918e-05
LOSS: 8.731884736334905e-05
LOSS: 8.715773583389819e-05
LOSS: 8.69927171152085e-05
LOSS: 8.679414895595983e-05
LOSS: 8.658723527332768e-05
LOSS: 8.637479186290875e-05
LOSS: 8.841023372951895e-05
LOSS: -6.564265640918165e-05
LOSS: -6.512632535304874e-05
LOSS: -6.507994112325832e-05
LOSS: -6.596431921934709e-05
LOSS: -6.738727097399533e-05
LOSS: -6.946403300389647e-05
LOSS: -7.189491589087993e-05
LOSS: -7.431340054608881e-05
LOSS: -7.664559234399348e-05
LOSS: 8.880868699634448e-05
LOSS: 8.756515308050439e-05
LOSS: 8.57868290040642e-05
LOSS: 8.351573342224583e-05
LOSS: 8.089689072221518e-05
LOSS: 7.809650560375303e-05
LOSS: 7.497715705540031e-05
LOSS: 7.190342148533091e-05
LOSS: 6.873168604215607e-05
LOSS: 6.542717892443761e-05
LOSS: 8.748607797315344e-05
LOSS: 8.717968739802018e-05
LOSS: 8.653831901028752e-05
LOSS: 8.576657273806632e-05
LOSS: 8.476933726342395e-05
LOSS: 8.356782927876338e-05
LOSS: 8.23897062218748e-05
LOSS: 8.101553248707205e-05
LOSS: 7.957164052641019e-05
LOSS: 7.8048266004771e-05
LOSS: 8.864152187015861e-05
LOSS: 8.86506968527101e-05
LOSS: 8.863478433340788e-05
LOSS: 8.863666153047234e-05
LOSS: 8.86381822056137e-05
LOSS: 8.862752292770892e-05
LOSS: 8.865212294040248e-05
LOSS: 8.865780546329916e-05
LOSS: 8.865442214300856e-05
LOSS: 8.866131247486919e-05
LOSS: 8.778453047852963e-05
LOSS: 8.742162026464939e-05
LOSS: 8.687381341587752e-05
LOSS: 8.611314842710271e-05
LOSS: 8.515740773873404e-05
LOSS: 8.409710426349193e-05
LOSS: 8.286430238513276e-05
LOSS: 8.153195085469633e-05
LOSS: 8.007050200831145e-05
LOSS: 7.852285489207134e-05
LOSS: 8.75243276823312e-05
LOSS: 8.338122279383242e-05
LOSS: 7.577507494715974e-05
LOSS: 6.553075218107551e-05
LOSS: 5.373800013330765e-05
LOSS: 4.084451211383566e-05
LOSS: 2.8127084078732878e-05
LOSS: 1.5087629435583949e-05
LOSS: 1.3554454199038446e-05
LOSS: 1.1851589079014957e-05
LOSS: 8.84693581610918e-05
LOSS: 8.968181646196172e-05
LOSS: 9.007887274492532e-05
LOSS: 8.978036203188822e-05
LOSS: 8.887305739335716e-05
LOSS: 8.738133328733966e-05
LOSS: 8.53254459798336e-05
LOSS: 8.283710485557094e-05
LOSS: 7.99540284788236e-05
LOSS: 7.676341192563996e-05
LOSS: 8.834452455630526e-05
LOSS: 8.829800935927778e-05
LOSS: 8.823668758850545e-05
LOSS: 8.81949599715881e-05
LOSS: 8.813100430415943e-05
LOSS: 8.811063162283972e-05
LOSS: 8.806171535979956e-05
LOSS: 8.804005483398214e-05
LOSS: 8.798194903647527e-05
LOSS: 8.795464964350685e-05
LOSS: 8.769243868300691e-05
LOSS: 8.767726831138134e-05
LOSS: 8.765803795540705e-05
LOSS: 8.761275967117399e-05
LOSS: 8.760012133279815e-05
LOSS: 8.757362957112491e-05
LOSS: 8.756185707170516e-05
LOSS: 8.753798465477303e-05
LOSS: 8.752525900490582e-05
LOSS: 8.751451241550967e-05
LOSS: 8.735988376429304e-05
LOSS: 8.576434629503638e-05
LOSS: 8.280875772470608e-05
LOSS: 7.924099190859124e-05
LOSS: 7.44142453186214e-05
LOSS: 6.91301902406849e-05
LOSS: 6.325308640953153e-05
LOSS: 5.6933669839054346e-05
LOSS: 5.05167554365471e-05
LOSS: 4.368786539998837e-05
LOSS: 8.815651381155476e-05
LOSS: 8.739857730688527e-05
LOSS: 8.673435513628647e-05
LOSS: 8.61695152707398e-05
LOSS: 8.564235031371936e-05
LOSS: 8.514570072293282e-05
LOSS: 8.471173350699246e-05
LOSS: 8.429903391515836e-05
LOSS: 8.392035670112818e-05
LOSS: 8.355954923899844e-05
LOSS: 8.73223107191734e-05
LOSS: 8.731293200980872e-05
LOSS: 8.73057942953892e-05
LOSS: 8.729592082090676e-05
