wandb: WARNING `resume` will be ignored since W&B syncing is set to `offline`. Starting a new run with run id d1cbe3c8-9c8d-44e3-92f4-883bc4835dfe.
wandb: Tracking run with wandb version 0.14.2
wandb: W&B syncing is set to `offline` in this directory.  
wandb: Run `wandb online` or set WANDB_MODE=online to enable cloud syncing.
[32;1mLogging data to logs/fast-safe-rl/parking-v0-cost-30/cpo_batch_size50000_cost30_l2_reg0.01_step_per_epoch20000-63f7/progress.txt[0m
[36;1mSaving config:
[0m
{
    "action_bound_method":	"clip",
    "action_scaling":	true,
    "backtrack_coeff":	0.8,
    "batch_size":	50000,
    "buffer_size":	100000,
    "cost_limit":	30,
    "damping_coeff":	0.1,
    "deterministic_eval":	true,
    "device":	"cuda",
    "env_config_file":	"configs/ParkingEnv/env-kinematicsGoal.txt",
    "episode_per_collect":	20,
    "epoch":	300,
    "gae_lambda":	0.95,
    "gamma":	0.99,
    "group":	null,
    "hidden_sizes":	[
        128,
        128
    ],
    "l2_reg":	0.01,
    "last_layer_scale":	false,
    "logdir":	"logs",
    "lr":	0.001,
    "max_backtracks":	100,
    "max_batchsize":	99999,
    "name":	"cpo_batch_size50000_cost30_l2_reg0.01_step_per_epoch20000-63f7",
    "norm_adv":	true,
    "optim_critic_iters":	10,
    "prefix":	"cpo",
    "project":	"fast-safe-rl",
    "render":	null,
    "render_mode":	null,
    "repeat_per_collect":	4,
    "resume":	false,
    "rew_norm":	false,
    "reward_threshold":	10000,
    "save_ckpt":	true,
    "save_interval":	4,
    "seed":	10,
    "step_per_epoch":	20000,
    "suffix":	"",
    "target_kl":	0.01,
    "task":	"parking-v0",
    "testing_num":	2,
    "thread":	320,
    "training_num":	20,
    "unbounded":	false,
    "use_default_cfg":	false,
    "verbose":	true,
    "worker":	"ShmemVectorEnv"
}
Epoch #1:   0%|          | 0/20000 [00:00<?, ?it/s]Epoch #1:  50%|#####     | 10000/20000 [00:16<00:16, 593.09it/s]Epoch #1:  50%|#####     | 10000/20000 [00:18<00:16, 593.09it/s, cost=74.3, length=500, rew=-460]slurmstepd: error: *** STEP 33372.0 ON ddpg.ist.berkeley.edu CANCELLED AT 2023-08-04T21:43:38 ***
slurmstepd: error: *** JOB 33372 ON ddpg.ist.berkeley.edu CANCELLED AT 2023-08-04T21:43:38 ***
Epoch #1:  50%|#####     | 10000/20000 [00:27<00:27, 361.33it/s, cost=74.3, length=500, rew=-460]
