wandb: Currently logged in as: mason-nakamura1 (ecrl). Use `wandb login --relogin` to force relogin
wandb: wandb version 0.16.6 is available!  To upgrade, please run:
wandb:  $ pip install wandb --upgrade
wandb: Tracking run with wandb version 0.14.2
wandb: Run data is saved locally in /nas/ucb/mason/ethically-compliant-rl/wandb/run-20240419_113021-7k5rk2g9
wandb: Run `wandb offline` to turn off syncing.
wandb: Syncing run desert-oath-2
wandb: ⭐️ View project at https://wandb.ai/ecrl/PID-tests
wandb: 🚀 View run at https://wandb.ai/ecrl/PID-tests/runs/7k5rk2g9
LOSS: 0.07428284734487534
PPO-LOSS: 0.03375742956995964
tensor(1.4372, device='cuda:0', grad_fn=<SumBackward0>)
LOSS: 0.05743008106946945
PPO-LOSS: 0.03572078049182892
tensor(0.6071, device='cuda:0', grad_fn=<SumBackward0>)
LOSS: 0.041105322539806366
PPO-LOSS: 0.03831908851861954
tensor(0.1886, device='cuda:0', grad_fn=<SumBackward0>)
LOSS: 0.028712548315525055
PPO-LOSS: 0.04154666140675545
tensor(0.0171, device='cuda:0', grad_fn=<SumBackward0>)
LOSS: 0.045471351593732834
PPO-LOSS: 0.045471351593732834
tensor(0., device='cuda:0', grad_fn=<SumBackward0>)
LOSS: 0.04683573171496391
PPO-LOSS: 0.04683573171496391
tensor(0., device='cuda:0', grad_fn=<SumBackward0>)
LOSS: 0.04635021463036537
PPO-LOSS: 0.04635021463036537
tensor(0., device='cuda:0', grad_fn=<SumBackward0>)
LOSS: 0.04468275606632233
PPO-LOSS: 0.04468275606632233
tensor(0., device='cuda:0', grad_fn=<SumBackward0>)
LOSS: 0.04234243184328079
PPO-LOSS: 0.04234243184328079
tensor(0., device='cuda:0', grad_fn=<SumBackward0>)
LOSS: 0.039690058678388596
PPO-LOSS: 0.039690058678388596
tensor(0., device='cuda:0', grad_fn=<SumBackward0>)
LOSS: 0.036590978503227234
PPO-LOSS: 0.036590978503227234
tensor(0., device='cuda:0', grad_fn=<SumBackward0>)
LOSS: 0.03434191644191742
PPO-LOSS: 0.03453107178211212
tensor(7.5525e-06, device='cuda:0', grad_fn=<SumBackward0>)
LOSS: 0.020771801471710205
PPO-LOSS: 0.032725077122449875
tensor(0.0084, device='cuda:0', grad_fn=<SumBackward0>)
LOSS: 0.017614824697375298
PPO-LOSS: 0.031692907214164734
tensor(0.0374, device='cuda:0', grad_fn=<SumBackward0>)
LOSS: 0.01765463873744011
PPO-LOSS: 0.031173117458820343
tensor(0.0674, device='cuda:0', grad_fn=<SumBackward0>)
LOSS: 0.01704474538564682
PPO-LOSS: 0.031011808663606644
tensor(0.0730, device='cuda:0', grad_fn=<SumBackward0>)
LOSS: 0.015889853239059448
PPO-LOSS: 0.031122678890824318
tensor(0.0508, device='cuda:0', grad_fn=<SumBackward0>)
LOSS: 0.015911079943180084
PPO-LOSS: 0.03147347643971443
tensor(0.0185, device='cuda:0', grad_fn=<SumBackward0>)
LOSS: 0.02491002343595028
PPO-LOSS: 0.032050929963588715
tensor(0.0016, device='cuda:0', grad_fn=<SumBackward0>)
LOSS: 0.03281478211283684
PPO-LOSS: 0.03281478211283684
tensor(0., device='cuda:0', grad_fn=<SumBackward0>)
LOSS: 0.03096812032163143
PPO-LOSS: 0.03096812032163143
tensor(0., device='cuda:0', grad_fn=<SumBackward0>)
LOSS: 0.03132728487253189
PPO-LOSS: 0.03132728487253189
tensor(0., device='cuda:0', grad_fn=<SumBackward0>)
LOSS: 0.03142143785953522
PPO-LOSS: 0.03142143785953522
tensor(0., device='cuda:0', grad_fn=<SumBackward0>)
LOSS: 0.03127280995249748
PPO-LOSS: 0.03127280995249748
tensor(0., device='cuda:0', grad_fn=<SumBackward0>)
LOSS: 0.03091912902891636
PPO-LOSS: 0.03091912902891636
tensor(0., device='cuda:0', grad_fn=<SumBackward0>)
LOSS: 0.030403245240449905
PPO-LOSS: 0.030403245240449905
tensor(0., device='cuda:0', grad_fn=<SumBackward0>)
LOSS: 0.02976832166314125
PPO-LOSS: 0.02976832166314125
tensor(0., device='cuda:0', grad_fn=<SumBackward0>)
LOSS: 0.028613144531846046
PPO-LOSS: 0.029055554419755936
tensor(5.0467e-05, device='cuda:0', grad_fn=<SumBackward0>)
LOSS: 0.0215988140553236
PPO-LOSS: 0.02832377701997757
tensor(0.0017, device='cuda:0', grad_fn=<SumBackward0>)
LOSS: 0.017328405752778053
PPO-LOSS: 0.027891412377357483
tensor(0.0044, device='cuda:0', grad_fn=<SumBackward0>)
LOSS: 0.018030129373073578
PPO-LOSS: 0.025908086448907852
tensor(0.0025, device='cuda:0', grad_fn=<SumBackward0>)
LOSS: 0.02455836720764637
PPO-LOSS: 0.026002107188105583
tensor(0.0002, device='cuda:0', grad_fn=<SumBackward0>)
LOSS: 0.02560872957110405
PPO-LOSS: 0.02603762596845627
tensor(5.1150e-05, device='cuda:0', grad_fn=<SumBackward0>)
LOSS: 0.02464464120566845
PPO-LOSS: 0.025954604148864746
tensor(0.0002, device='cuda:0', grad_fn=<SumBackward0>)
LOSS: 0.023526348173618317
PPO-LOSS: 0.025814209133386612
tensor(0.0004, device='cuda:0', grad_fn=<SumBackward0>)
LOSS: 0.0233169998973608
PPO-LOSS: 0.02568534016609192
tensor(0.0003, device='cuda:0', grad_fn=<SumBackward0>)
LOSS: 0.02309047244489193
PPO-LOSS: 0.025567244738340378
tensor(0.0004, device='cuda:0', grad_fn=<SumBackward0>)
LOSS: 0.023324374109506607
PPO-LOSS: 0.025461211800575256
tensor(0.0003, device='cuda:0', grad_fn=<SumBackward0>)
LOSS: 0.024521123617887497
PPO-LOSS: 0.02534371241927147
tensor(7.8155e-05, device='cuda:0', grad_fn=<SumBackward0>)
LOSS: 0.02480134926736355
PPO-LOSS: 0.02513478696346283
tensor(2.5464e-05, device='cuda:0', grad_fn=<SumBackward0>)
LOSS: 0.028281401842832565
PPO-LOSS: 0.029305359348654747
tensor(8.2409e-05, device='cuda:0', grad_fn=<SumBackward0>)
LOSS: 0.024973947554826736
PPO-LOSS: 0.029031679034233093
tensor(0.0006, device='cuda:0', grad_fn=<SumBackward0>)
LOSS: 0.023914700374007225
PPO-LOSS: 0.0288870669901371
tensor(0.0007, device='cuda:0', grad_fn=<SumBackward0>)
LOSS: 0.02790081314742565
PPO-LOSS: 0.02891899272799492
tensor(7.1553e-05, device='cuda:0', grad_fn=<SumBackward0>)
LOSS: 0.02799059823155403
PPO-LOSS: 0.028843358159065247
tensor(5.4127e-05, device='cuda:0', grad_fn=<SumBackward0>)
LOSS: 0.026004213839769363
PPO-LOSS: 0.02865522727370262
tensor(0.0003, device='cuda:0', grad_fn=<SumBackward0>)
LOSS: 0.022746102884411812
PPO-LOSS: 0.02847207710146904
tensor(0.0007, device='cuda:0', grad_fn=<SumBackward0>)
LOSS: 0.026794228702783585
PPO-LOSS: 0.02847762405872345
tensor(0.0001, device='cuda:0', grad_fn=<SumBackward0>)
LOSS: 0.027356503531336784
PPO-LOSS: 0.02841801568865776
tensor(7.2582e-05, device='cuda:0', grad_fn=<SumBackward0>)
LOSS: 0.026733076199889183
PPO-LOSS: 0.02826370671391487
tensor(0.0001, device='cuda:0', grad_fn=<SumBackward0>)
LOSS: 0.02768913097679615
PPO-LOSS: 0.030438708141446114
tensor(0.0002, device='cuda:0', grad_fn=<SumBackward0>)
LOSS: 0.02754068747162819
PPO-LOSS: 0.03037228435277939
tensor(0.0002, device='cuda:0', grad_fn=<SumBackward0>)
LOSS: 0.02681923098862171
PPO-LOSS: 0.030301310122013092
tensor(0.0002, device='cuda:0', grad_fn=<SumBackward0>)
LOSS: 0.027048757299780846
PPO-LOSS: 0.03026764839887619
tensor(0.0002, device='cuda:0', grad_fn=<SumBackward0>)
LOSS: 0.029681885614991188
PPO-LOSS: 0.030251532793045044
tensor(2.9234e-05, device='cuda:0', grad_fn=<SumBackward0>)
LOSS: 0.028813887387514114
PPO-LOSS: 0.030075930058956146
tensor(5.2890e-05, device='cuda:0', grad_fn=<SumBackward0>)
LOSS: 0.023305343464016914
PPO-LOSS: 0.02980460412800312
tensor(0.0006, device='cuda:0', grad_fn=<SumBackward0>)
LOSS: 0.02654559165239334
PPO-LOSS: 0.02979728952050209
tensor(0.0002, device='cuda:0', grad_fn=<SumBackward0>)
LOSS: 0.02894742041826248
PPO-LOSS: 0.029806481674313545
tensor(4.2089e-05, device='cuda:0', grad_fn=<SumBackward0>)
LOSS: 0.028703836724162102
PPO-LOSS: 0.029672442004084587
tensor(5.3014e-05, device='cuda:0', grad_fn=<SumBackward0>)
LOSS: 0.0485585555434227
PPO-LOSS: 0.05523223429918289
tensor(0.0003, device='cuda:0', grad_fn=<SumBackward0>)
LOSS: 0.034279633313417435
PPO-LOSS: 0.05489388853311539
tensor(0.0014, device='cuda:0', grad_fn=<SumBackward0>)
LOSS: 0.048680003732442856
PPO-LOSS: 0.05514176934957504
tensor(0.0002, device='cuda:0', grad_fn=<SumBackward0>)
LOSS: 0.05364932492375374
PPO-LOSS: 0.055266350507736206
tensor(3.5904e-05, device='cuda:0', grad_fn=<SumBackward0>)
LOSS: 0.04113020375370979
PPO-LOSS: 0.05495956540107727
tensor(0.0006, device='cuda:0', grad_fn=<SumBackward0>)
LOSS: 0.05242456495761871
PPO-LOSS: 0.05510823428630829
tensor(5.4562e-05, device='cuda:0', grad_fn=<SumBackward0>)
LOSS: 0.04591852426528931
PPO-LOSS: 0.05489466339349747
tensor(0.0003, device='cuda:0', grad_fn=<SumBackward0>)
LOSS: 0.04315263032913208
PPO-LOSS: 0.05475849285721779
tensor(0.0004, device='cuda:0', grad_fn=<SumBackward0>)
LOSS: 0.05061265081167221
PPO-LOSS: 0.05487793684005737
tensor(0.0001, device='cuda:0', grad_fn=<SumBackward0>)
LOSS: 0.046461015939712524
PPO-LOSS: 0.05472421646118164
tensor(0.0003, device='cuda:0', grad_fn=<SumBackward0>)
LOSS: 0.034853000193834305
PPO-LOSS: 0.04286079481244087
tensor(0.0004, device='cuda:0', grad_fn=<SumBackward0>)
LOSS: 0.041029613465070724
PPO-LOSS: 0.04298945516347885
tensor(6.3385e-05, device='cuda:0', grad_fn=<SumBackward0>)
LOSS: 0.03823065757751465
PPO-LOSS: 0.042907699942588806
tensor(0.0002, device='cuda:0', grad_fn=<SumBackward0>)
LOSS: 0.03756412863731384
PPO-LOSS: 0.042815275490283966
tensor(0.0002, device='cuda:0', grad_fn=<SumBackward0>)
LOSS: 0.039623748511075974
PPO-LOSS: 0.042754653841257095
tensor(0.0001, device='cuda:0', grad_fn=<SumBackward0>)
LOSS: 0.033926527947187424
PPO-LOSS: 0.042577847838401794
tensor(0.0005, device='cuda:0', grad_fn=<SumBackward0>)
LOSS: 0.04014173150062561
PPO-LOSS: 0.04264459013938904
tensor(7.6003e-05, device='cuda:0', grad_fn=<SumBackward0>)
LOSS: 0.040085893124341965
PPO-LOSS: 0.04253820702433586
tensor(7.4538e-05, device='cuda:0', grad_fn=<SumBackward0>)
LOSS: 0.03218838572502136
PPO-LOSS: 0.04227350279688835
tensor(0.0005, device='cuda:0', grad_fn=<SumBackward0>)
LOSS: 0.04076812416315079
PPO-LOSS: 0.042361848056316376
tensor(4.7340e-05, device='cuda:0', grad_fn=<SumBackward0>)
LOSS: 0.03641907870769501
PPO-LOSS: 0.03970697149634361
tensor(0.0002, device='cuda:0', grad_fn=<SumBackward0>)
LOSS: 0.03281289339065552
PPO-LOSS: 0.03958548977971077
tensor(0.0005, device='cuda:0', grad_fn=<SumBackward0>)
LOSS: 0.034870125353336334
PPO-LOSS: 0.03961127623915672
tensor(0.0002, device='cuda:0', grad_fn=<SumBackward0>)
LOSS: 0.03655486926436424
PPO-LOSS: 0.03961789980530739
tensor(0.0001, device='cuda:0', grad_fn=<SumBackward0>)
LOSS: 0.03370213881134987
PPO-LOSS: 0.039483167231082916
tensor(0.0003, device='cuda:0', grad_fn=<SumBackward0>)
LOSS: 0.03494272381067276
PPO-LOSS: 0.039430227130651474
tensor(0.0002, device='cuda:0', grad_fn=<SumBackward0>)
LOSS: 0.03564636409282684
PPO-LOSS: 0.039355743676424026
tensor(0.0001, device='cuda:0', grad_fn=<SumBackward0>)
LOSS: 0.03263149410486221
PPO-LOSS: 0.03920024633407593
tensor(0.0003, device='cuda:0', grad_fn=<SumBackward0>)
LOSS: 0.03654760867357254
PPO-LOSS: 0.03919031471014023
tensor(8.0295e-05, device='cuda:0', grad_fn=<SumBackward0>)
LOSS: 0.03453489765524864
PPO-LOSS: 0.039008405059576035
tensor(0.0002, device='cuda:0', grad_fn=<SumBackward0>)
LOSS: 0.017622867599129677
PPO-LOSS: 0.02210177108645439
tensor(0.0005, device='cuda:0', grad_fn=<SumBackward0>)
LOSS: 0.02197379432618618
PPO-LOSS: 0.022295724600553513
tensor(3.5912e-05, device='cuda:0', grad_fn=<SumBackward0>)
LOSS: 0.0222164373844862
PPO-LOSS: 0.022350087761878967
tensor(1.2607e-05, device='cuda:0', grad_fn=<SumBackward0>)
LOSS: 0.022075235843658447
PPO-LOSS: 0.02225622534751892
tensor(1.6928e-05, device='cuda:0', grad_fn=<SumBackward0>)
LOSS: 0.02029881253838539
PPO-LOSS: 0.022036582231521606
tensor(0.0001, device='cuda:0', grad_fn=<SumBackward0>)
LOSS: 0.015308810397982597
PPO-LOSS: 0.021833598613739014
tensor(0.0009, device='cuda:0', grad_fn=<SumBackward0>)
LOSS: 0.021303784102201462
PPO-LOSS: 0.021937033161520958
tensor(4.9004e-05, device='cuda:0', grad_fn=<SumBackward0>)
LOSS: 0.021739982068538666
PPO-LOSS: 0.021940352395176888
tensor(1.1130e-05, device='cuda:0', grad_fn=<SumBackward0>)
LOSS: 0.021446019411087036
PPO-LOSS: 0.02181115187704563
tensor(2.1247e-05, device='cuda:0', grad_fn=<SumBackward0>)
LOSS: 0.01920771412551403
PPO-LOSS: 0.02157851867377758
tensor(0.0002, device='cuda:0', grad_fn=<SumBackward0>)
LOSS: 0.03687863051891327
PPO-LOSS: 0.04357980564236641
tensor(0.0003, device='cuda:0', grad_fn=<SumBackward0>)
LOSS: 0.039376400411129
PPO-LOSS: 0.043592099100351334
tensor(0.0002, device='cuda:0', grad_fn=<SumBackward0>)
LOSS: 0.03742263838648796
PPO-LOSS: 0.04351169615983963
tensor(0.0002, device='cuda:0', grad_fn=<SumBackward0>)
LOSS: 0.04082789644598961
PPO-LOSS: 0.04349563643336296
tensor(6.8943e-05, device='cuda:0', grad_fn=<SumBackward0>)
LOSS: 0.038241345435380936
PPO-LOSS: 0.04329963028430939
tensor(0.0001, device='cuda:0', grad_fn=<SumBackward0>)
LOSS: 0.034457381814718246
PPO-LOSS: 0.04310489073395729
tensor(0.0003, device='cuda:0', grad_fn=<SumBackward0>)
LOSS: 0.0421147383749485
PPO-LOSS: 0.04315080866217613
tensor(3.4173e-05, device='cuda:0', grad_fn=<SumBackward0>)
LOSS: 0.04032650962471962
PPO-LOSS: 0.042897846549749374
tensor(8.5396e-05, device='cuda:0', grad_fn=<SumBackward0>)
LOSS: 0.028233757242560387
PPO-LOSS: 0.04248260706663132
tensor(0.0010, device='cuda:0', grad_fn=<SumBackward0>)
LOSS: 0.04136718809604645
PPO-LOSS: 0.0425674244761467
tensor(4.0938e-05, device='cuda:0', grad_fn=<SumBackward0>)
LOSS: 0.03403676673769951
PPO-LOSS: 0.03569592908024788
tensor(8.0409e-05, device='cuda:0', grad_fn=<SumBackward0>)
LOSS: 0.031099384650588036
PPO-LOSS: 0.03556995838880539
tensor(0.0002, device='cuda:0', grad_fn=<SumBackward0>)
LOSS: 0.03222308307886124
PPO-LOSS: 0.03550582379102707
tensor(0.0002, device='cuda:0', grad_fn=<SumBackward0>)
LOSS: 0.03312470763921738
PPO-LOSS: 0.035435281693935394
tensor(0.0001, device='cuda:0', grad_fn=<SumBackward0>)
LOSS: 0.0322749949991703
PPO-LOSS: 0.035303857177495956
tensor(0.0001, device='cuda:0', grad_fn=<SumBackward0>)
LOSS: 0.031575094908475876
PPO-LOSS: 0.03516285866498947
tensor(0.0002, device='cuda:0', grad_fn=<SumBackward0>)
LOSS: 0.03266916424036026
PPO-LOSS: 0.035047922283411026
tensor(9.7969e-05, device='cuda:0', grad_fn=<SumBackward0>)
LOSS: 0.031236156821250916
PPO-LOSS: 0.034881822764873505
tensor(0.0001, device='cuda:0', grad_fn=<SumBackward0>)
LOSS: 0.03190244361758232
PPO-LOSS: 0.03474755585193634
tensor(9.4513e-05, device='cuda:0', grad_fn=<SumBackward0>)
LOSS: 0.032160092145204544
PPO-LOSS: 0.034593790769577026
tensor(7.2540e-05, device='cuda:0', grad_fn=<SumBackward0>)
LOSS: 0.03079441748559475
PPO-LOSS: 0.033298030495643616
tensor(9.7903e-05, device='cuda:0', grad_fn=<SumBackward0>)
LOSS: 0.02906746231019497
PPO-LOSS: 0.033192843198776245
tensor(0.0002, device='cuda:0', grad_fn=<SumBackward0>)
LOSS: 0.03093595802783966
PPO-LOSS: 0.0331323966383934
tensor(7.7347e-05, device='cuda:0', grad_fn=<SumBackward0>)
LOSS: 0.03064991720020771
PPO-LOSS: 0.03297566622495651
tensor(8.7349e-05, device='cuda:0', grad_fn=<SumBackward0>)
LOSS: 0.028142469003796577
PPO-LOSS: 0.0327424481511116
tensor(0.0002, device='cuda:0', grad_fn=<SumBackward0>)
LOSS: 0.03074348159134388
PPO-LOSS: 0.032602373510599136
tensor(6.3569e-05, device='cuda:0', grad_fn=<SumBackward0>)
LOSS: 0.029793109744787216
PPO-LOSS: 0.032358139753341675
tensor(9.1672e-05, device='cuda:0', grad_fn=<SumBackward0>)
LOSS: 0.028001684695482254
PPO-LOSS: 0.032070986926555634
tensor(0.0002, device='cuda:0', grad_fn=<SumBackward0>)
LOSS: 0.02989206463098526
PPO-LOSS: 0.03185456246137619
tensor(7.3512e-05, device='cuda:0', grad_fn=<SumBackward0>)
LOSS: 0.02862069569528103
PPO-LOSS: 0.03154492378234863
tensor(0.0001, device='cuda:0', grad_fn=<SumBackward0>)
LOSS: 0.018500082194805145
PPO-LOSS: 0.021477237343788147
tensor(0.0003, device='cuda:0', grad_fn=<SumBackward0>)
LOSS: 0.02094101905822754
PPO-LOSS: 0.021577488631010056
tensor(3.8737e-05, device='cuda:0', grad_fn=<SumBackward0>)
LOSS: 0.020905179902911186
PPO-LOSS: 0.021565938368439674
tensor(3.6927e-05, device='cuda:0', grad_fn=<SumBackward0>)
LOSS: 0.019432246685028076
PPO-LOSS: 0.021455317735671997
tensor(0.0001, device='cuda:0', grad_fn=<SumBackward0>)
LOSS: 0.020071545615792274
PPO-LOSS: 0.02138355001807213
tensor(9.2154e-05, device='cuda:0', grad_fn=<SumBackward0>)
LOSS: 0.018968412652611732
PPO-LOSS: 0.021276675164699554
tensor(0.0002, device='cuda:0', grad_fn=<SumBackward0>)
LOSS: 0.019956078380346298
PPO-LOSS: 0.021221037954092026
tensor(6.4806e-05, device='cuda:0', grad_fn=<SumBackward0>)
LOSS: 0.020475691184401512
PPO-LOSS: 0.021119721233844757
tensor(3.2427e-05, device='cuda:0', grad_fn=<SumBackward0>)
LOSS: 0.01808663085103035
PPO-LOSS: 0.020924430340528488
tensor(0.0002, device='cuda:0', grad_fn=<SumBackward0>)
LOSS: 0.020031647756695747
PPO-LOSS: 0.020849645137786865
tensor(4.2604e-05, device='cuda:0', grad_fn=<SumBackward0>)
LOSS: 0.019694235175848007
PPO-LOSS: 0.020403699949383736
tensor(3.1420e-05, device='cuda:0', grad_fn=<SumBackward0>)
LOSS: 0.016581067815423012
PPO-LOSS: 0.020288607105612755
tensor(0.0002, device='cuda:0', grad_fn=<SumBackward0>)
LOSS: 0.02028241567313671
PPO-LOSS: 0.020362989977002144
tensor(3.7179e-06, device='cuda:0', grad_fn=<SumBackward0>)
LOSS: 0.020183304324746132
PPO-LOSS: 0.020277604460716248
tensor(3.6839e-06, device='cuda:0', grad_fn=<SumBackward0>)
LOSS: 0.018327461555600166
PPO-LOSS: 0.020048901438713074
tensor(0.0001, device='cuda:0', grad_fn=<SumBackward0>)
LOSS: 0.015526934526860714
PPO-LOSS: 0.019848784431815147
tensor(0.0004, device='cuda:0', grad_fn=<SumBackward0>)
LOSS: 0.019915735349059105
PPO-LOSS: 0.01993001624941826
tensor(2.4125e-07, device='cuda:0', grad_fn=<SumBackward0>)
LOSS: 0.019840670749545097
PPO-LOSS: 0.019846079871058464
tensor(8.5220e-08, device='cuda:0', grad_fn=<SumBackward0>)
LOSS: 0.01919580064713955
PPO-LOSS: 0.0196056105196476
tensor(1.9710e-05, device='cuda:0', grad_fn=<SumBackward0>)
LOSS: 0.0156745295971632
PPO-LOSS: 0.019259434193372726
tensor(0.0005, device='cuda:0', grad_fn=<SumBackward0>)
LOSS: 0.04618845880031586
PPO-LOSS: 0.04836822301149368
tensor(6.3027e-05, device='cuda:0', grad_fn=<SumBackward0>)
LOSS: 0.037018805742263794
PPO-LOSS: 0.048130422830581665
tensor(0.0006, device='cuda:0', grad_fn=<SumBackward0>)
LOSS: 0.04711555317044258
PPO-LOSS: 0.0482737272977829
tensor(2.4785e-05, device='cuda:0', grad_fn=<SumBackward0>)
LOSS: 0.04165491461753845
PPO-LOSS: 0.04804019629955292
tensor(0.0003, device='cuda:0', grad_fn=<SumBackward0>)
LOSS: 0.04316389933228493
PPO-LOSS: 0.04784313216805458
tensor(0.0002, device='cuda:0', grad_fn=<SumBackward0>)
LOSS: 0.044365063309669495
PPO-LOSS: 0.04755257070064545
tensor(0.0001, device='cuda:0', grad_fn=<SumBackward0>)
LOSS: 0.039441607892513275
PPO-LOSS: 0.04707128182053566
tensor(0.0003, device='cuda:0', grad_fn=<SumBackward0>)
LOSS: 0.038164764642715454
PPO-LOSS: 0.046751394867897034
tensor(0.0004, device='cuda:0', grad_fn=<SumBackward0>)
LOSS: 0.039936840534210205
PPO-LOSS: 0.04666253179311752
tensor(0.0003, device='cuda:0', grad_fn=<SumBackward0>)
LOSS: 0.04596923291683197
PPO-LOSS: 0.046587806195020676
tensor(1.6850e-05, device='cuda:0', grad_fn=<SumBackward0>)
LOSS: 0.03856976702809334
PPO-LOSS: 0.03980080038309097
tensor(3.2943e-05, device='cuda:0', grad_fn=<SumBackward0>)
LOSS: 0.025231046602129936
PPO-LOSS: 0.0393020361661911
tensor(0.0016, device='cuda:0', grad_fn=<SumBackward0>)
LOSS: 0.035065725445747375
PPO-LOSS: 0.0392845943570137
tensor(0.0002, device='cuda:0', grad_fn=<SumBackward0>)
LOSS: 0.03651193156838417
PPO-LOSS: 0.039237163960933685
tensor(0.0001, device='cuda:0', grad_fn=<SumBackward0>)
LOSS: 0.03336486592888832
PPO-LOSS: 0.03905394300818443
tensor(0.0003, device='cuda:0', grad_fn=<SumBackward0>)
LOSS: 0.03735978901386261
PPO-LOSS: 0.03899604082107544
tensor(5.8453e-05, device='cuda:0', grad_fn=<SumBackward0>)
LOSS: 0.03552773594856262
PPO-LOSS: 0.03871334344148636
tensor(0.0001, device='cuda:0', grad_fn=<SumBackward0>)
LOSS: 0.02609401009976864
PPO-LOSS: 0.03834937885403633
tensor(0.0010, device='cuda:0', grad_fn=<SumBackward0>)
LOSS: 0.03808315470814705
PPO-LOSS: 0.03845589980483055
tensor(8.5847e-06, device='cuda:0', grad_fn=<SumBackward0>)
LOSS: 0.037717342376708984
PPO-LOSS: 0.03821545094251633
tensor(1.2358e-05, device='cuda:0', grad_fn=<SumBackward0>)
LOSS: 0.02223682589828968
PPO-LOSS: 0.030696777626872063
tensor(0.0008, device='cuda:0', grad_fn=<SumBackward0>)
LOSS: 0.028801286593079567
PPO-LOSS: 0.030945811420679092
tensor(0.0001, device='cuda:0', grad_fn=<SumBackward0>)
LOSS: 0.029699213802814484
PPO-LOSS: 0.031090257689356804
tensor(5.5736e-05, device='cuda:0', grad_fn=<SumBackward0>)
LOSS: 0.029232695698738098
PPO-LOSS: 0.03106558322906494
tensor(7.9991e-05, device='cuda:0', grad_fn=<SumBackward0>)
LOSS: 0.028571635484695435
PPO-LOSS: 0.03092782571911812
tensor(0.0001, device='cuda:0', grad_fn=<SumBackward0>)
LOSS: 0.02428440935909748
PPO-LOSS: 0.030737899243831635
tensor(0.0005, device='cuda:0', grad_fn=<SumBackward0>)
LOSS: 0.02938137948513031
PPO-LOSS: 0.030827954411506653
tensor(7.9106e-05, device='cuda:0', grad_fn=<SumBackward0>)
LOSS: 0.02785448729991913
PPO-LOSS: 0.03076769970357418
tensor(0.0002, device='cuda:0', grad_fn=<SumBackward0>)
LOSS: 0.029606973752379417
PPO-LOSS: 0.030707400292158127
tensor(5.8079e-05, device='cuda:0', grad_fn=<SumBackward0>)
LOSS: 0.02824225462973118
PPO-LOSS: 0.030479494482278824
tensor(0.0001, device='cuda:0', grad_fn=<SumBackward0>)
LOSS: 0.022373875603079796
PPO-LOSS: 0.030166400596499443
tensor(0.0008, device='cuda:0', grad_fn=<SumBackward0>)
LOSS: 0.02994011528789997
PPO-LOSS: 0.030416090041399002
tensor(1.9614e-05, device='cuda:0', grad_fn=<SumBackward0>)
LOSS: 0.030110638588666916
PPO-LOSS: 0.030388113111257553
tensor(1.3515e-05, device='cuda:0', grad_fn=<SumBackward0>)
LOSS: 0.02793913334608078
PPO-LOSS: 0.03008894808590412
tensor(0.0001, device='cuda:0', grad_fn=<SumBackward0>)
LOSS: 0.020701317116618156
PPO-LOSS: 0.029703522101044655
tensor(0.0009, device='cuda:0', grad_fn=<SumBackward0>)
LOSS: 0.028710005804896355
PPO-LOSS: 0.02972942404448986
tensor(4.3174e-05, device='cuda:0', grad_fn=<SumBackward0>)
LOSS: 0.02832665853202343
PPO-LOSS: 0.029555611312389374
tensor(7.3061e-05, device='cuda:0', grad_fn=<SumBackward0>)
LOSS: 0.025013810023665428
PPO-LOSS: 0.02922205440700054
tensor(0.0004, device='cuda:0', grad_fn=<SumBackward0>)
LOSS: 0.02769593708217144
PPO-LOSS: 0.029035139828920364
tensor(6.0658e-05, device='cuda:0', grad_fn=<SumBackward0>)
LOSS: 0.025864899158477783
PPO-LOSS: 0.028694365173578262
tensor(0.0002, device='cuda:0', grad_fn=<SumBackward0>)
LOSS: 0.07757438719272614
PPO-LOSS: 0.0903288722038269
tensor(0.0003, device='cuda:0', grad_fn=<SumBackward0>)
LOSS: 0.06455057859420776
PPO-LOSS: 0.08977357298135757
tensor(0.0008, device='cuda:0', grad_fn=<SumBackward0>)
LOSS: 0.0757334977388382
PPO-LOSS: 0.08976887166500092
tensor(0.0004, device='cuda:0', grad_fn=<SumBackward0>)
LOSS: 0.07218670845031738
PPO-LOSS: 0.08946816623210907
tensor(0.0005, device='cuda:0', grad_fn=<SumBackward0>)
LOSS: 0.07775098085403442
PPO-LOSS: 0.08918726444244385
tensor(0.0003, device='cuda:0', grad_fn=<SumBackward0>)
LOSS: 0.060312170535326004
PPO-LOSS: 0.08853578567504883
tensor(0.0011, device='cuda:0', grad_fn=<SumBackward0>)
LOSS: 0.08678308129310608
PPO-LOSS: 0.08874937146902084
tensor(2.3784e-05, device='cuda:0', grad_fn=<SumBackward0>)
LOSS: 0.05706295743584633
PPO-LOSS: 0.08788236975669861
tensor(0.0018, device='cuda:0', grad_fn=<SumBackward0>)
LOSS: 0.08340658992528915
PPO-LOSS: 0.08784829080104828
tensor(5.5605e-05, device='cuda:0', grad_fn=<SumBackward0>)
LOSS: 0.0516328364610672
PPO-LOSS: 0.08689295500516891
tensor(0.0015, device='cuda:0', grad_fn=<SumBackward0>)
LOSS: 0.04263485595583916
PPO-LOSS: 0.04638268053531647
tensor(0.0001, device='cuda:0', grad_fn=<SumBackward0>)
LOSS: 0.044129177927970886
PPO-LOSS: 0.04617203027009964
tensor(5.0914e-05, device='cuda:0', grad_fn=<SumBackward0>)
LOSS: 0.035548966377973557
PPO-LOSS: 0.045554909855127335
tensor(0.0005, device='cuda:0', grad_fn=<SumBackward0>)
LOSS: 0.04342702031135559
PPO-LOSS: 0.04531600698828697
tensor(4.9369e-05, device='cuda:0', grad_fn=<SumBackward0>)
LOSS: 0.036981746554374695
PPO-LOSS: 0.044667284935712814
tensor(0.0003, device='cuda:0', grad_fn=<SumBackward0>)
LOSS: 0.04026957228779793
PPO-LOSS: 0.044149186462163925
tensor(0.0001, device='cuda:0', grad_fn=<SumBackward0>)
LOSS: 0.03285152092576027
PPO-LOSS: 0.04346662759780884
tensor(0.0006, device='cuda:0', grad_fn=<SumBackward0>)
LOSS: 0.04321501776576042
PPO-LOSS: 0.04329771548509598
tensor(6.6348e-07, device='cuda:0', grad_fn=<SumBackward0>)
LOSS: 0.041235946118831635
PPO-LOSS: 0.04256003350019455
tensor(3.2788e-05, device='cuda:0', grad_fn=<SumBackward0>)
LOSS: 0.024252526462078094
PPO-LOSS: 0.041413404047489166
tensor(0.0017, device='cuda:0', grad_fn=<SumBackward0>)
LOSS: 0.07594669610261917
PPO-LOSS: 0.0926445871591568
tensor(0.0003, device='cuda:0', grad_fn=<SumBackward0>)
LOSS: 0.08606512099504471
PPO-LOSS: 0.0918586254119873
tensor(7.4965e-05, device='cuda:0', grad_fn=<SumBackward0>)
LOSS: 0.04445654898881912
PPO-LOSS: 0.08990474045276642
tensor(0.0033, device='cuda:0', grad_fn=<SumBackward0>)
LOSS: 0.0779847577214241
PPO-LOSS: 0.08909060806035995
tensor(0.0002, device='cuda:0', grad_fn=<SumBackward0>)
LOSS: 0.07856348901987076
PPO-LOSS: 0.08754433691501617
tensor(0.0002, device='cuda:0', grad_fn=<SumBackward0>)
LOSS: 0.04109349474310875
PPO-LOSS: 0.08520855754613876
tensor(0.0035, device='cuda:0', grad_fn=<SumBackward0>)
LOSS: 0.06669255346059799
PPO-LOSS: 0.08415862917900085
tensor(0.0005, device='cuda:0', grad_fn=<SumBackward0>)
LOSS: 0.0825219601392746
PPO-LOSS: 0.08308671414852142
tensor(6.0008e-06, device='cuda:0', grad_fn=<SumBackward0>)
LOSS: 0.061283599585294724
PPO-LOSS: 0.08202482014894485
tensor(0.0007, device='cuda:0', grad_fn=<SumBackward0>)
LOSS: 0.07391859591007233
PPO-LOSS: 0.08304303139448166
tensor(0.0002, device='cuda:0', grad_fn=<SumBackward0>)
LOSS: 0.05255664885044098
PPO-LOSS: 0.10715962201356888
tensor(0.0032, device='cuda:0', grad_fn=<SumBackward0>)
LOSS: 0.08719509094953537
PPO-LOSS: 0.10751988738775253
tensor(0.0005, device='cuda:0', grad_fn=<SumBackward0>)
LOSS: 0.10354847460985184
PPO-LOSS: 0.10753633826971054
tensor(6.2064e-05, device='cuda:0', grad_fn=<SumBackward0>)
LOSS: 0.0610928013920784
PPO-LOSS: 0.1059776023030281
tensor(0.0021, device='cuda:0', grad_fn=<SumBackward0>)
LOSS: 0.09060700982809067
PPO-LOSS: 0.10603716969490051
tensor(0.0003, device='cuda:0', grad_fn=<SumBackward0>)
LOSS: 0.070525161921978
PPO-LOSS: 0.10537495464086533
tensor(0.0010, device='cuda:0', grad_fn=<SumBackward0>)
LOSS: 0.10584145039319992
PPO-LOSS: 0.10600902140140533
tensor(1.3495e-06, device='cuda:0', grad_fn=<SumBackward0>)
LOSS: 0.09773939847946167
PPO-LOSS: 0.10498638451099396
tensor(9.6813e-05, device='cuda:0', grad_fn=<SumBackward0>)
LOSS: 0.03346928581595421
PPO-LOSS: 0.10252608358860016
tensor(0.0151, device='cuda:0', grad_fn=<SumBackward0>)
LOSS: 0.030696334317326546
PPO-LOSS: 0.10177788883447647
tensor(0.0195, device='cuda:0', grad_fn=<SumBackward0>)
LOSS: 0.03685802221298218
PPO-LOSS: 0.06088252365589142
tensor(0.0024, device='cuda:0', grad_fn=<SumBackward0>)
LOSS: 0.06191922351717949
PPO-LOSS: 0.06191922351717949
tensor(0., device='cuda:0', grad_fn=<SumBackward0>)
LOSS: 0.06179746612906456
PPO-LOSS: 0.06179746612906456
tensor(0., device='cuda:0', grad_fn=<SumBackward0>)
LOSS: 0.06057184934616089
PPO-LOSS: 0.06057184934616089
tensor(0., device='cuda:0', grad_fn=<SumBackward0>)
LOSS: 0.03676190599799156
PPO-LOSS: 0.05840081721544266
tensor(0.0023, device='cuda:0', grad_fn=<SumBackward0>)
LOSS: 0.031422022730112076
PPO-LOSS: 0.0572429858148098
tensor(0.0040, device='cuda:0', grad_fn=<SumBackward0>)
LOSS: 0.05558070167899132
PPO-LOSS: 0.057055700570344925
tensor(3.1637e-05, device='cuda:0', grad_fn=<SumBackward0>)
LOSS: 0.05124884843826294
PPO-LOSS: 0.05612696707248688
tensor(0.0003, device='cuda:0', grad_fn=<SumBackward0>)
LOSS: 0.03381046652793884
PPO-LOSS: 0.05509417876601219
tensor(0.0027, device='cuda:0', grad_fn=<SumBackward0>)
LOSS: 0.04542461410164833
PPO-LOSS: 0.05520980805158615
tensor(0.0006, device='cuda:0', grad_fn=<SumBackward0>)
LOSS: 0.10827788710594177
PPO-LOSS: 0.10945788025856018
tensor(1.5207e-05, device='cuda:0', grad_fn=<SumBackward0>)
LOSS: 0.08558551967144012
PPO-LOSS: 0.10800802707672119
tensor(0.0006, device='cuda:0', grad_fn=<SumBackward0>)
LOSS: 0.03665248304605484
PPO-LOSS: 0.10647512972354889
tensor(0.0114, device='cuda:0', grad_fn=<SumBackward0>)
LOSS: 0.0616157129406929
PPO-LOSS: 0.10701292753219604
tensor(0.0022, device='cuda:0', grad_fn=<SumBackward0>)
LOSS: 0.10931424796581268
PPO-LOSS: 0.10931424796581268
tensor(0., device='cuda:0', grad_fn=<SumBackward0>)
LOSS: 0.1094251200556755
PPO-LOSS: 0.1094251200556755
tensor(0., device='cuda:0', grad_fn=<SumBackward0>)
LOSS: 0.10745176672935486
PPO-LOSS: 0.10753251612186432
tensor(2.6948e-07, device='cuda:0', grad_fn=<SumBackward0>)
LOSS: 0.02842545323073864
PPO-LOSS: 0.10394616425037384
tensor(0.0267, device='cuda:0', grad_fn=<SumBackward0>)
LOSS: 0.024194840341806412
PPO-LOSS: 0.10267943143844604
tensor(0.0593, device='cuda:0', grad_fn=<SumBackward0>)
LOSS: 0.02878791093826294
PPO-LOSS: 0.10351024568080902
tensor(0.0264, device='cuda:0', grad_fn=<SumBackward0>)
LOSS: 0.060976542532444
PPO-LOSS: 0.06442102789878845
tensor(0.0001, device='cuda:0', grad_fn=<SumBackward0>)
LOSS: 0.06474803388118744
PPO-LOSS: 0.06474803388118744
tensor(0., device='cuda:0', grad_fn=<SumBackward0>)
LOSS: 0.06349878013134003
PPO-LOSS: 0.06359955668449402
tensor(1.9986e-06, device='cuda:0', grad_fn=<SumBackward0>)
LOSS: 0.028692474588751793
PPO-LOSS: 0.06118599325418472
tensor(0.0057, device='cuda:0', grad_fn=<SumBackward0>)
LOSS: 0.02309524640440941
PPO-LOSS: 0.06004907935857773
tensor(0.0103, device='cuda:0', grad_fn=<SumBackward0>)
LOSS: 0.047656700015068054
PPO-LOSS: 0.06007818877696991
tensor(0.0007, device='cuda:0', grad_fn=<SumBackward0>)
LOSS: 0.06025885418057442
PPO-LOSS: 0.06025885418057442
tensor(0., device='cuda:0', grad_fn=<SumBackward0>)
LOSS: 0.05902916565537453
PPO-LOSS: 0.05902916565537453
tensor(0., device='cuda:0', grad_fn=<SumBackward0>)
LOSS: 0.043638940900564194
PPO-LOSS: 0.056551478803157806
tensor(0.0010, device='cuda:0', grad_fn=<SumBackward0>)
LOSS: 0.026033276692032814
PPO-LOSS: 0.05473286658525467
tensor(0.0048, device='cuda:0', grad_fn=<SumBackward0>)
LOSS: 0.09931663423776627
PPO-LOSS: 0.10788087546825409
tensor(0.0002, device='cuda:0', grad_fn=<SumBackward0>)
LOSS: 0.08787540346384048
PPO-LOSS: 0.10655370354652405
tensor(0.0006, device='cuda:0', grad_fn=<SumBackward0>)
LOSS: 0.05810212343931198
PPO-LOSS: 0.10503274947404861
tensor(0.0021, device='cuda:0', grad_fn=<SumBackward0>)
LOSS: 0.10370435565710068
PPO-LOSS: 0.10529246926307678
tensor(3.8929e-05, device='cuda:0', grad_fn=<SumBackward0>)
LOSS: 0.0976010411977768
PPO-LOSS: 0.10386179387569427
tensor(0.0002, device='cuda:0', grad_fn=<SumBackward0>)
LOSS: 0.027967682108283043
PPO-LOSS: 0.10129735618829727
tensor(0.0213, device='cuda:0', grad_fn=<SumBackward0>)
LOSS: 0.029833020642399788
PPO-LOSS: 0.10080428421497345
tensor(0.0171, device='cuda:0', grad_fn=<SumBackward0>)
LOSS: 0.09859912097454071
PPO-LOSS: 0.10250318795442581
tensor(7.8223e-05, device='cuda:0', grad_fn=<SumBackward0>)
LOSS: 0.09731023758649826
PPO-LOSS: 0.10276712477207184
tensor(0.0001, device='cuda:0', grad_fn=<SumBackward0>)
LOSS: 0.0433148518204689
PPO-LOSS: 0.10129828006029129
tensor(0.0084, device='cuda:0', grad_fn=<SumBackward0>)
LOSS: 0.0704118087887764
PPO-LOSS: 0.1331632435321808
tensor(0.0035, device='cuda:0', grad_fn=<SumBackward0>)
LOSS: 0.13487601280212402
PPO-LOSS: 0.13495810329914093
tensor(9.8317e-08, device='cuda:0', grad_fn=<SumBackward0>)
LOSS: 0.13230381906032562
PPO-LOSS: 0.13425806164741516
tensor(1.7229e-05, device='cuda:0', grad_fn=<SumBackward0>)
LOSS: 0.07069496810436249
PPO-LOSS: 0.13136982917785645
tensor(0.0041, device='cuda:0', grad_fn=<SumBackward0>)
LOSS: 0.072195865213871
PPO-LOSS: 0.13037420809268951
tensor(0.0037, device='cuda:0', grad_fn=<SumBackward0>)
LOSS: 0.12827101349830627
PPO-LOSS: 0.13109806180000305
tensor(3.8721e-05, device='cuda:0', grad_fn=<SumBackward0>)
LOSS: 0.11775795370340347
PPO-LOSS: 0.12955547869205475
tensor(0.0003, device='cuda:0', grad_fn=<SumBackward0>)
LOSS: 0.03638830780982971
PPO-LOSS: 0.12596425414085388
tensor(0.0246, device='cuda:0', grad_fn=<SumBackward0>)
LOSS: 0.03405360132455826
PPO-LOSS: 0.12485262006521225
tensor(0.0337, device='cuda:0', grad_fn=<SumBackward0>)
LOSS: 0.06272903084754944
PPO-LOSS: 0.12613175809383392
tensor(0.0055, device='cuda:0', grad_fn=<SumBackward0>)
LOSS: 0.07602286338806152
PPO-LOSS: 0.07602286338806152
tensor(0., device='cuda:0', grad_fn=<SumBackward0>)
LOSS: 0.07628744095563889
PPO-LOSS: 0.07628744095563889
tensor(0., device='cuda:0', grad_fn=<SumBackward0>)
LOSS: 0.07501573115587234
PPO-LOSS: 0.07501573115587234
tensor(0., device='cuda:0', grad_fn=<SumBackward0>)
LOSS: 0.05794253572821617
PPO-LOSS: 0.0724581927061081
tensor(0.0010, device='cuda:0', grad_fn=<SumBackward0>)
LOSS: 0.019735494628548622
PPO-LOSS: 0.07053721696138382
tensor(0.0285, device='cuda:0', grad_fn=<SumBackward0>)
LOSS: 0.02021472342312336
PPO-LOSS: 0.07013299316167831
tensor(0.0243, device='cuda:0', grad_fn=<SumBackward0>)
LOSS: 0.06328852474689484
PPO-LOSS: 0.07108204811811447
tensor(0.0003, device='cuda:0', grad_fn=<SumBackward0>)
LOSS: 0.07157407701015472
PPO-LOSS: 0.07157407701015472
tensor(0., device='cuda:0', grad_fn=<SumBackward0>)
LOSS: 0.07036343216896057
slurmstepd: error: *** JOB 192777 ON ddpg.ist.berkeley.edu CANCELLED AT 2024-04-19T11:34:04 ***
slurmstepd: error: *** STEP 192777.0 ON ddpg.ist.berkeley.edu CANCELLED AT 2024-04-19T11:34:04 ***
