Traceback (most recent call last):
  File "/nas/ucb/mason/ethically-compliant-rl/CPO/train_cpo_custom.py", line 7, in <module>
    from fsrl.utils.net.common import ActorCritic
  File "/nas/ucb/mason/ethically-compliant-rl/FSRL/fsrl/utils/__init__.py", line 3, in <module>
    from fsrl.utils.logger import BaseLogger, DummyLogger, TensorboardLogger, WandbLogger
  File "/nas/ucb/mason/ethically-compliant-rl/FSRL/fsrl/utils/logger/__init__.py", line 3, in <module>
    from fsrl.utils.logger.base_logger import BaseLogger, DummyLogger
  File "/nas/ucb/mason/ethically-compliant-rl/FSRL/fsrl/utils/logger/base_logger.py", line 11, in <module>
    import torch
ModuleNotFoundError: No module named 'torch'
srun: error: airl.ist.berkeley.edu: task 0: Exited with exit code 1
Traceback (most recent call last):
  File "/nas/ucb/mason/ethically-compliant-rl/CPO/train_cpo_custom_2.py", line 7, in <module>
    from fsrl.utils.net.common import ActorCritic
  File "/nas/ucb/mason/ethically-compliant-rl/FSRL/fsrl/utils/__init__.py", line 3, in <module>
    from fsrl.utils.logger import BaseLogger, DummyLogger, TensorboardLogger, WandbLogger
  File "/nas/ucb/mason/ethically-compliant-rl/FSRL/fsrl/utils/logger/__init__.py", line 3, in <module>
    from fsrl.utils.logger.base_logger import BaseLogger, DummyLogger
  File "/nas/ucb/mason/ethically-compliant-rl/FSRL/fsrl/utils/logger/base_logger.py", line 11, in <module>
    import torch
ModuleNotFoundError: No module named 'torch'
srun: error: ddpg.ist.berkeley.edu: task 0: Exited with exit code 1
