wandb: Currently logged in as: mason-nakamura1 (ecrl). Use `wandb login --relogin` to force relogin
wandb: Currently logged in as: mason-nakamura1 (ecrl). Use `wandb login --relogin` to force relogin
wandb: wandb version 0.16.2 is available!  To upgrade, please run:
wandb:  $ pip install wandb --upgrade
wandb: Tracking run with wandb version 0.14.2
wandb: Run data is saved locally in /nas/ucb/mason/ethically-compliant-rl/wandb/run-20240110_043447-mwvplujq
wandb: Run `wandb offline` to turn off syncing.
wandb: Syncing run likely-sun-4
wandb: ⭐️ View project at https://wandb.ai/ecrl/PPO%2BPPOL
wandb: 🚀 View run at https://wandb.ai/ecrl/PPO%2BPPOL/runs/mwvplujq
wandb: Currently logged in as: mason-nakamura1 (ecrl). Use `wandb login --relogin` to force relogin
wandb: wandb version 0.16.2 is available!  To upgrade, please run:
wandb:  $ pip install wandb --upgrade
wandb: Tracking run with wandb version 0.14.2
wandb: Run data is saved locally in /nas/ucb/mason/ethically-compliant-rl/wandb/run-20240109_203447-s73roa3j
wandb: Run `wandb offline` to turn off syncing.
wandb: Syncing run wobbly-grass-5
wandb: ⭐️ View project at https://wandb.ai/ecrl/PPO%2BPPOL
wandb: 🚀 View run at https://wandb.ai/ecrl/PPO%2BPPOL/runs/s73roa3j
wandb: wandb version 0.16.2 is available!  To upgrade, please run:
wandb:  $ pip install wandb --upgrade
wandb: Tracking run with wandb version 0.14.2
wandb: Run data is saved locally in /nas/ucb/mason/ethically-compliant-rl/wandb/run-20240109_203447-uuhphepm
wandb: Run `wandb offline` to turn off syncing.
wandb: Syncing run celestial-meadow-6
wandb: ⭐️ View project at https://wandb.ai/ecrl/PPO%2BPPOL
wandb: 🚀 View run at https://wandb.ai/ecrl/PPO%2BPPOL/runs/uuhphepm
Using cpu device
-------------------------------------------------------------
| is_success         | 0                                    |
| reward             | [-0.38574064 -0.51406527 -0.30592... |
| rollout/           |                                      |
|    ep_len_mean     | 1e+03                                |
|    ep_rew_mean     | -1.3e+03                             |
| time/              |                                      |
|    fps             | 150                                  |
|    iterations      | 1                                    |
|    time_elapsed    | 40                                   |
|    total_timesteps | 6144                                 |
-------------------------------------------------------------
Using cpu device
-------------------------------------------------------------
| is_success         | 0                                    |
| reward             | [-0.41251004 -0.3326678  -0.54966... |
| rollout/           |                                      |
|    ep_len_mean     | 1e+03                                |
|    ep_rew_mean     | -1.27e+03                            |
| time/              |                                      |
|    fps             | 148                                  |
|    iterations      | 1                                    |
|    time_elapsed    | 41                                   |
|    total_timesteps | 6144                                 |
-------------------------------------------------------------
Using cpu device
-------------------------------------------------------------
| is_success         | 0                                    |
| reward             | [-0.6357671  -0.43839675 -0.33219... |
| rollout/           |                                      |
|    ep_len_mean     | 1e+03                                |
|    ep_rew_mean     | -1.2e+03                             |
| time/              |                                      |
|    fps             | 131                                  |
|    iterations      | 1                                    |
|    time_elapsed    | 46                                   |
|    total_timesteps | 6144                                 |
-------------------------------------------------------------
------------------------------------------------------------------
| is_success              | 0                                    |
| reward                  | [-0.8390202  -0.66747034 -0.64186... |
| rollout/                |                                      |
|    ep_len_mean          | 1e+03                                |
|    ep_rew_mean          | -1.24e+03                            |
| time/                   |                                      |
|    fps                  | 148                                  |
|    iterations           | 2                                    |
|    time_elapsed         | 82                                   |
|    total_timesteps      | 12288                                |
| train/                  |                                      |
|    approx_kl            | 0.003691366                          |
|    clip_fraction        | 0.0244                               |
|    clip_range           | 0.2                                  |
|    entropy_loss         | -2.84                                |
|    explained_variance   | -0.0139                              |
|    learning_rate        | 0.0003                               |
|    loss                 | 148                                  |
|    n_updates            | 10                                   |
|    policy_gradient_loss | -0.00325                             |
|    std                  | 1                                    |
|    value_loss           | 432                                  |
------------------------------------------------------------------
------------------------------------------------------------------
| is_success              | 0                                    |
| reward                  | [-0.9362587  -0.38670734 -0.71068... |
| rollout/                |                                      |
|    ep_len_mean          | 1e+03                                |
|    ep_rew_mean          | -1.26e+03                            |
| time/                   |                                      |
|    fps                  | 146                                  |
|    iterations           | 2                                    |
|    time_elapsed         | 84                                   |
|    total_timesteps      | 12288                                |
| train/                  |                                      |
|    approx_kl            | 0.0034579579                         |
|    clip_fraction        | 0.0226                               |
|    clip_range           | 0.2                                  |
|    entropy_loss         | -2.84                                |
|    explained_variance   | -0.0181                              |
|    learning_rate        | 0.0003                               |
|    loss                 | 140                                  |
|    n_updates            | 10                                   |
|    policy_gradient_loss | -0.0032                              |
|    std                  | 0.999                                |
|    value_loss           | 410                                  |
------------------------------------------------------------------
------------------------------------------------------------------
| is_success              | 0                                    |
| reward                  | [-0.86480874 -0.45037508 -0.70661... |
| rollout/                |                                      |
|    ep_len_mean          | 1e+03                                |
|    ep_rew_mean          | -1.21e+03                            |
| time/                   |                                      |
|    fps                  | 128                                  |
|    iterations           | 2                                    |
|    time_elapsed         | 95                                   |
|    total_timesteps      | 12288                                |
| train/                  |                                      |
|    approx_kl            | 0.0037265366                         |
|    clip_fraction        | 0.0259                               |
|    clip_range           | 0.2                                  |
|    entropy_loss         | -2.84                                |
|    explained_variance   | -0.0211                              |
|    learning_rate        | 0.0003                               |
|    loss                 | 127                                  |
|    n_updates            | 10                                   |
|    policy_gradient_loss | -0.00336                             |
|    std                  | 1                                    |
|    value_loss           | 380                                  |
------------------------------------------------------------------
----------------------------------------------------------------
| is_success              | 0                                  |
| reward                  | [-0.5196781 -0.564657  -1.1732376] |
| rollout/                |                                    |
|    ep_len_mean          | 1e+03                              |
|    ep_rew_mean          | -1.29e+03                          |
| time/                   |                                    |
|    fps                  | 148                                |
|    iterations           | 3                                  |
|    time_elapsed         | 124                                |
|    total_timesteps      | 18432                              |
| train/                  |                                    |
|    approx_kl            | 0.0038452775                       |
|    clip_fraction        | 0.0206                             |
|    clip_range           | 0.2                                |
|    entropy_loss         | -2.83                              |
|    explained_variance   | 0.0256                             |
|    learning_rate        | 0.0003                             |
|    loss                 | 70.4                               |
|    n_updates            | 20                                 |
|    policy_gradient_loss | -0.00354                           |
|    std                  | 0.993                              |
|    value_loss           | 281                                |
----------------------------------------------------------------
------------------------------------------------------------------
| is_success              | 0                                    |
| reward                  | [-0.6149277  -0.61251414 -1.01237... |
| rollout/                |                                      |
|    ep_len_mean          | 1e+03                                |
|    ep_rew_mean          | -1.29e+03                            |
| time/                   |                                      |
|    fps                  | 145                                  |
|    iterations           | 3                                    |
|    time_elapsed         | 127                                  |
|    total_timesteps      | 18432                                |
| train/                  |                                      |
|    approx_kl            | 0.0036871016                         |
|    clip_fraction        | 0.0278                               |
|    clip_range           | 0.2                                  |
|    entropy_loss         | -2.83                                |
|    explained_variance   | -0.197                               |
|    learning_rate        | 0.0003                               |
|    loss                 | 75.9                                 |
|    n_updates            | 20                                   |
|    policy_gradient_loss | -0.00373                             |
|    std                  | 0.991                                |
|    value_loss           | 280                                  |
------------------------------------------------------------------
------------------------------------------------------------------
| is_success              | 0                                    |
| reward                  | [-0.85741067 -0.63278604 -1.07293... |
| rollout/                |                                      |
|    ep_len_mean          | 1e+03                                |
|    ep_rew_mean          | -1.35e+03                            |
| time/                   |                                      |
|    fps                  | 127                                  |
|    iterations           | 3                                    |
|    time_elapsed         | 144                                  |
|    total_timesteps      | 18432                                |
| train/                  |                                      |
|    approx_kl            | 0.0043753586                         |
|    clip_fraction        | 0.0305                               |
|    clip_range           | 0.2                                  |
|    entropy_loss         | -2.84                                |
|    explained_variance   | 0.22                                 |
|    learning_rate        | 0.0003                               |
|    loss                 | 84.2                                 |
|    n_updates            | 20                                   |
|    policy_gradient_loss | -0.00445                             |
|    std                  | 1                                    |
|    value_loss           | 293                                  |
------------------------------------------------------------------
----------------------------------------------------------------
| is_success              | 0                                  |
| reward                  | [-1.2385173 -0.5962336 -0.7762408] |
| rollout/                |                                    |
|    ep_len_mean          | 1e+03                              |
|    ep_rew_mean          | -1.26e+03                          |
| time/                   |                                    |
|    fps                  | 147                                |
|    iterations           | 4                                  |
|    time_elapsed         | 166                                |
|    total_timesteps      | 24576                              |
| train/                  |                                    |
|    approx_kl            | 0.003312946                        |
|    clip_fraction        | 0.0205                             |
|    clip_range           | 0.2                                |
|    entropy_loss         | -2.84                              |
|    explained_variance   | 0.26                               |
|    learning_rate        | 0.0003                             |
|    loss                 | 194                                |
|    n_updates            | 30                                 |
|    policy_gradient_loss | -0.0043                            |
|    std                  | 1                                  |
|    value_loss           | 517                                |
----------------------------------------------------------------
------------------------------------------------------------------
| is_success              | 0                                    |
| reward                  | [-1.433359   -0.40038565 -0.71807... |
| rollout/                |                                      |
|    ep_len_mean          | 1e+03                                |
|    ep_rew_mean          | -1.27e+03                            |
| time/                   |                                      |
|    fps                  | 144                                  |
|    iterations           | 4                                    |
|    time_elapsed         | 169                                  |
|    total_timesteps      | 24576                                |
| train/                  |                                      |
|    approx_kl            | 0.0047769933                         |
|    clip_fraction        | 0.0303                               |
|    clip_range           | 0.2                                  |
|    entropy_loss         | -2.83                                |
|    explained_variance   | 0.282                                |
|    learning_rate        | 0.0003                               |
|    loss                 | 103                                  |
|    n_updates            | 30                                   |
|    policy_gradient_loss | -0.00353                             |
|    std                  | 1                                    |
|    value_loss           | 335                                  |
------------------------------------------------------------------
------------------------------------------------------------------
| is_success              | 0                                    |
| reward                  | [-1.3026223  -0.7820678  -0.87638... |
| rollout/                |                                      |
|    ep_len_mean          | 1e+03                                |
|    ep_rew_mean          | -1.4e+03                             |
| time/                   |                                      |
|    fps                  | 126                                  |
|    iterations           | 4                                    |
|    time_elapsed         | 193                                  |
|    total_timesteps      | 24576                                |
| train/                  |                                      |
|    approx_kl            | 0.0038721066                         |
|    clip_fraction        | 0.018                                |
|    clip_range           | 0.2                                  |
|    entropy_loss         | -2.85                                |
|    explained_variance   | 0.145                                |
|    learning_rate        | 0.0003                               |
|    loss                 | 216                                  |
|    n_updates            | 30                                   |
|    policy_gradient_loss | -0.0023                              |
|    std                  | 1.01                                 |
|    value_loss           | 609                                  |
------------------------------------------------------------------
----------------------------------------------------------------
| is_success              | 0                                  |
| reward                  | [-1.4029301 -0.9344766 -1.2966281] |
| rollout/                |                                    |
|    ep_len_mean          | 1e+03                              |
|    ep_rew_mean          | -1.31e+03                          |
| time/                   |                                    |
|    fps                  | 147                                |
|    iterations           | 5                                  |
|    time_elapsed         | 208                                |
|    total_timesteps      | 30720                              |
| train/                  |                                    |
|    approx_kl            | 0.0033280074                       |
|    clip_fraction        | 0.0104                             |
|    clip_range           | 0.2                                |
|    entropy_loss         | -2.84                              |
|    explained_variance   | -0.31                              |
|    learning_rate        | 0.0003                             |
|    loss                 | 48.5                               |
|    n_updates            | 40                                 |
|    policy_gradient_loss | -0.00207                           |
|    std                  | 0.994                              |
|    value_loss           | 178                                |
----------------------------------------------------------------
------------------------------------------------------------------
| is_success              | 0                                    |
| reward                  | [-1.1165116  -0.23434639 -1.30389... |
| rollout/                |                                      |
|    ep_len_mean          | 976                                  |
|    ep_rew_mean          | -1.21e+03                            |
| time/                   |                                      |
|    fps                  | 144                                  |
|    iterations           | 5                                    |
|    time_elapsed         | 212                                  |
|    total_timesteps      | 30720                                |
| train/                  |                                      |
|    approx_kl            | 0.0045125284                         |
|    clip_fraction        | 0.0225                               |
|    clip_range           | 0.2                                  |
|    entropy_loss         | -2.84                                |
|    explained_variance   | -0.318                               |
|    learning_rate        | 0.0003                               |
|    loss                 | 64.4                                 |
|    n_updates            | 40                                   |
|    policy_gradient_loss | -0.00252                             |
|    std                  | 1                                    |
|    value_loss           | 212                                  |
------------------------------------------------------------------
------------------------------------------------------------------
| is_success              | 0                                    |
| reward                  | [-1.824111   -0.8054784  -0.42867... |
| rollout/                |                                      |
|    ep_len_mean          | 1e+03                                |
|    ep_rew_mean          | -1.44e+03                            |
| time/                   |                                      |
|    fps                  | 126                                  |
|    iterations           | 5                                    |
|    time_elapsed         | 242                                  |
|    total_timesteps      | 30720                                |
| train/                  |                                      |
|    approx_kl            | 0.0044787023                         |
|    clip_fraction        | 0.0214                               |
|    clip_range           | 0.2                                  |
|    entropy_loss         | -2.85                                |
|    explained_variance   | 0.267                                |
|    learning_rate        | 0.0003                               |
|    loss                 | 162                                  |
|    n_updates            | 40                                   |
|    policy_gradient_loss | -0.00319                             |
|    std                  | 1.01                                 |
|    value_loss           | 444                                  |
------------------------------------------------------------------
------------------------------------------------------------------
| is_success              | 0                                    |
| reward                  | [-0.86792284 -1.3627061  -0.74907... |
| rollout/                |                                      |
|    ep_len_mean          | 1e+03                                |
|    ep_rew_mean          | -1.29e+03                            |
| time/                   |                                      |
|    fps                  | 147                                  |
|    iterations           | 6                                    |
|    time_elapsed         | 249                                  |
|    total_timesteps      | 36864                                |
| train/                  |                                      |
|    approx_kl            | 0.0032666482                         |
|    clip_fraction        | 0.0194                               |
|    clip_range           | 0.2                                  |
|    entropy_loss         | -2.83                                |
|    explained_variance   | -0.0903                              |
|    learning_rate        | 0.0003                               |
|    loss                 | 139                                  |
|    n_updates            | 50                                   |
|    policy_gradient_loss | -0.00254                             |
|    std                  | 0.998                                |
|    value_loss           | 424                                  |
------------------------------------------------------------------
------------------------------------------------------------------
| is_success              | 0                                    |
| reward                  | [-0.5520842  -0.47565496 -1.12883... |
| rollout/                |                                      |
|    ep_len_mean          | 980                                  |
|    ep_rew_mean          | -1.21e+03                            |
| time/                   |                                      |
|    fps                  | 144                                  |
|    iterations           | 6                                    |
|    time_elapsed         | 254                                  |
|    total_timesteps      | 36864                                |
| train/                  |                                      |
|    approx_kl            | 0.0039204187                         |
|    clip_fraction        | 0.0267                               |
|    clip_range           | 0.2                                  |
|    entropy_loss         | -2.84                                |
|    explained_variance   | -0.0079                              |
|    learning_rate        | 0.0003                               |
|    loss                 | 64                                   |
|    n_updates            | 50                                   |
|    policy_gradient_loss | -0.00328                             |
|    std                  | 1                                    |
|    value_loss           | 216                                  |
------------------------------------------------------------------
----------------------------------------------------------------
| is_success              | 0                                  |
| reward                  | [-1.5943452 -1.1747575 -1.2390554] |
| rollout/                |                                    |
|    ep_len_mean          | 1e+03                              |
|    ep_rew_mean          | -1.26e+03                          |
| time/                   |                                    |
|    fps                  | 147                                |
|    iterations           | 7                                  |
|    time_elapsed         | 291                                |
|    total_timesteps      | 43008                              |
| train/                  |                                    |
|    approx_kl            | 0.0039356737                       |
|    clip_fraction        | 0.0238                             |
|    clip_range           | 0.2                                |
|    entropy_loss         | -2.83                              |
|    explained_variance   | -0.0069                            |
|    learning_rate        | 0.0003                             |
|    loss                 | 69.7                               |
|    n_updates            | 60                                 |
|    policy_gradient_loss | -0.00315                           |
|    std                  | 1                                  |
|    value_loss           | 196                                |
----------------------------------------------------------------
------------------------------------------------------------------
| is_success              | 0                                    |
| reward                  | [-0.84118366 -1.1357529  -1.09956... |
| rollout/                |                                      |
|    ep_len_mean          | 1e+03                                |
|    ep_rew_mean          | -1.46e+03                            |
| time/                   |                                      |
|    fps                  | 126                                  |
|    iterations           | 6                                    |
|    time_elapsed         | 291                                  |
|    total_timesteps      | 36864                                |
| train/                  |                                      |
|    approx_kl            | 0.0038186926                         |
|    clip_fraction        | 0.0165                               |
|    clip_range           | 0.2                                  |
|    entropy_loss         | -2.85                                |
|    explained_variance   | -0.337                               |
|    learning_rate        | 0.0003                               |
|    loss                 | 176                                  |
|    n_updates            | 50                                   |
|    policy_gradient_loss | -0.0024                              |
|    std                  | 1.01                                 |
|    value_loss           | 487                                  |
------------------------------------------------------------------
------------------------------------------------------------------
| is_success              | 0                                    |
| reward                  | [-1.6083957  -0.60411745 -0.98858... |
| rollout/                |                                      |
|    ep_len_mean          | 983                                  |
|    ep_rew_mean          | -1.19e+03                            |
| time/                   |                                      |
|    fps                  | 145                                  |
|    iterations           | 7                                    |
|    time_elapsed         | 296                                  |
|    total_timesteps      | 43008                                |
| train/                  |                                      |
|    approx_kl            | 0.0038089363                         |
|    clip_fraction        | 0.0185                               |
|    clip_range           | 0.2                                  |
|    entropy_loss         | -2.86                                |
|    explained_variance   | 0.00712                              |
|    learning_rate        | 0.0003                               |
|    loss                 | 93.2                                 |
|    n_updates            | 60                                   |
|    policy_gradient_loss | -0.00212                             |
|    std                  | 1.01                                 |
|    value_loss           | 235                                  |
------------------------------------------------------------------
----------------------------------------------------------------
| is_success              | 0                                  |
| reward                  | [-1.3207146 -1.1303838 -1.1602399] |
| rollout/                |                                    |
|    ep_len_mean          | 1e+03                              |
|    ep_rew_mean          | -1.24e+03                          |
| time/                   |                                    |
|    fps                  | 147                                |
|    iterations           | 8                                  |
|    time_elapsed         | 333                                |
|    total_timesteps      | 49152                              |
| train/                  |                                    |
|    approx_kl            | 0.005134875                        |
|    clip_fraction        | 0.0395                             |
|    clip_range           | 0.2                                |
|    entropy_loss         | -2.84                              |
|    explained_variance   | -0.0158                            |
|    learning_rate        | 0.0003                             |
|    loss                 | 40.5                               |
|    n_updates            | 70                                 |
|    policy_gradient_loss | -0.00462                           |
|    std                  | 0.998                              |
|    value_loss           | 121                                |
----------------------------------------------------------------
------------------------------------------------------------------
| is_success              | 0                                    |
| reward                  | [-1.0072324  -0.93713474 -0.44664... |
| rollout/                |                                      |
|    ep_len_mean          | 972                                  |
|    ep_rew_mean          | -1.21e+03                            |
| time/                   |                                      |
|    fps                  | 145                                  |
|    iterations           | 8                                    |
|    time_elapsed         | 338                                  |
|    total_timesteps      | 49152                                |
| train/                  |                                      |
|    approx_kl            | 0.0035197742                         |
|    clip_fraction        | 0.0225                               |
|    clip_range           | 0.2                                  |
|    entropy_loss         | -2.86                                |
|    explained_variance   | 0.000856                             |
|    learning_rate        | 0.0003                               |
|    loss                 | 62.4                                 |
|    n_updates            | 70                                   |
|    policy_gradient_loss | -0.00375                             |
|    std                  | 1.01                                 |
|    value_loss           | 175                                  |
------------------------------------------------------------------
----------------------------------------------------------------
| is_success              | 0                                  |
| reward                  | [-0.735973  -1.115236  -1.1871046] |
| rollout/                |                                    |
|    ep_len_mean          | 1e+03                              |
|    ep_rew_mean          | -1.43e+03                          |
| time/                   |                                    |
|    fps                  | 125                                |
|    iterations           | 7                                  |
|    time_elapsed         | 342                                |
|    total_timesteps      | 43008                              |
| train/                  |                                    |
|    approx_kl            | 0.0037836414                       |
|    clip_fraction        | 0.0229                             |
|    clip_range           | 0.2                                |
|    entropy_loss         | -2.87                              |
|    explained_variance   | 0.0578                             |
|    learning_rate        | 0.0003                             |
|    loss                 | 204                                |
|    n_updates            | 60                                 |
|    policy_gradient_loss | -0.0024                            |
|    std                  | 1.02                               |
|    value_loss           | 520                                |
----------------------------------------------------------------
------------------------------------------------------------------
| is_success              | 0                                    |
| reward                  | [-0.49301776 -1.4102645  -0.37489... |
| rollout/                |                                      |
|    ep_len_mean          | 1e+03                                |
|    ep_rew_mean          | -1.23e+03                            |
| time/                   |                                      |
|    fps                  | 147                                  |
|    iterations           | 9                                    |
|    time_elapsed         | 375                                  |
|    total_timesteps      | 55296                                |
| train/                  |                                      |
|    approx_kl            | 0.00443289                           |
|    clip_fraction        | 0.0307                               |
|    clip_range           | 0.2                                  |
|    entropy_loss         | -2.85                                |
|    explained_variance   | -0.0852                              |
|    learning_rate        | 0.0003                               |
|    loss                 | 38.4                                 |
|    n_updates            | 80                                   |
|    policy_gradient_loss | -0.00396                             |
|    std                  | 1.01                                 |
|    value_loss           | 118                                  |
------------------------------------------------------------------
------------------------------------------------------------------
| is_success              | 0                                    |
| reward                  | [-1.3474435  -0.99819094 -0.83788... |
| rollout/                |                                      |
|    ep_len_mean          | 975                                  |
|    ep_rew_mean          | -1.22e+03                            |
| time/                   |                                      |
|    fps                  | 144                                  |
|    iterations           | 9                                    |
|    time_elapsed         | 381                                  |
|    total_timesteps      | 55296                                |
| train/                  |                                      |
|    approx_kl            | 0.0048730173                         |
|    clip_fraction        | 0.0319                               |
|    clip_range           | 0.2                                  |
|    entropy_loss         | -2.86                                |
|    explained_variance   | -0.147                               |
|    learning_rate        | 0.0003                               |
|    loss                 | 94.3                                 |
|    n_updates            | 80                                   |
|    policy_gradient_loss | -0.0039                              |
|    std                  | 1.02                                 |
|    value_loss           | 235                                  |
------------------------------------------------------------------
------------------------------------------------------------------
| is_success              | 0                                    |
| reward                  | [-0.79294246 -0.84491813 -0.82319... |
| rollout/                |                                      |
|    ep_len_mean          | 1e+03                                |
|    ep_rew_mean          | -1.4e+03                             |
| time/                   |                                      |
|    fps                  | 125                                  |
|    iterations           | 8                                    |
|    time_elapsed         | 391                                  |
|    total_timesteps      | 49152                                |
| train/                  |                                      |
|    approx_kl            | 0.0048906114                         |
|    clip_fraction        | 0.0376                               |
|    clip_range           | 0.2                                  |
|    entropy_loss         | -2.87                                |
|    explained_variance   | 0.0415                               |
|    learning_rate        | 0.0003                               |
|    loss                 | 89.1                                 |
|    n_updates            | 70                                   |
|    policy_gradient_loss | -0.00382                             |
|    std                  | 1.02                                 |
|    value_loss           | 228                                  |
------------------------------------------------------------------
----------------------------------------------------------------
| is_success              | 0                                  |
| reward                  | [-1.0589956 -0.6598841 -1.1617327] |
| rollout/                |                                    |
|    ep_len_mean          | 985                                |
|    ep_rew_mean          | -1.2e+03                           |
| time/                   |                                    |
|    fps                  | 147                                |
|    iterations           | 10                                 |
|    time_elapsed         | 417                                |
|    total_timesteps      | 61440                              |
| train/                  |                                    |
|    approx_kl            | 0.0032999488                       |
|    clip_fraction        | 0.0181                             |
|    clip_range           | 0.2                                |
|    entropy_loss         | -2.86                              |
|    explained_variance   | -0.00442                           |
|    learning_rate        | 0.0003                             |
|    loss                 | 57.7                               |
|    n_updates            | 90                                 |
|    policy_gradient_loss | -0.00284                           |
|    std                  | 1.01                               |
|    value_loss           | 153                                |
----------------------------------------------------------------
------------------------------------------------------------------
| is_success              | 0                                    |
| reward                  | [-0.90125614 -0.61231357 -0.61244... |
| rollout/                |                                      |
|    ep_len_mean          | 965                                  |
|    ep_rew_mean          | -1.22e+03                            |
| time/                   |                                      |
|    fps                  | 144                                  |
|    iterations           | 10                                   |
|    time_elapsed         | 424                                  |
|    total_timesteps      | 61440                                |
| train/                  |                                      |
|    approx_kl            | 0.00352405                           |
|    clip_fraction        | 0.0152                               |
|    clip_range           | 0.2                                  |
|    entropy_loss         | -2.87                                |
|    explained_variance   | -0.00729                             |
|    learning_rate        | 0.0003                               |
|    loss                 | 87.1                                 |
|    n_updates            | 90                                   |
|    policy_gradient_loss | -0.00257                             |
|    std                  | 1.01                                 |
|    value_loss           | 259                                  |
------------------------------------------------------------------
----------------------------------------------------------------
| is_success              | 0                                  |
| reward                  | [-1.8843273 -1.4839889 -1.2928762] |
| rollout/                |                                    |
|    ep_len_mean          | 1e+03                              |
|    ep_rew_mean          | -1.36e+03                          |
| time/                   |                                    |
|    fps                  | 125                                |
|    iterations           | 9                                  |
|    time_elapsed         | 439                                |
|    total_timesteps      | 55296                              |
| train/                  |                                    |
|    approx_kl            | 0.004856234                        |
|    clip_fraction        | 0.0375                             |
|    clip_range           | 0.2                                |
|    entropy_loss         | -2.88                              |
|    explained_variance   | -0.321                             |
|    learning_rate        | 0.0003                             |
|    loss                 | 56.4                               |
|    n_updates            | 80                                 |
|    policy_gradient_loss | -0.00381                           |
|    std                  | 1.03                               |
|    value_loss           | 136                                |
----------------------------------------------------------------
----------------------------------------------------------------
| is_success              | 0                                  |
| reward                  | [-1.2783273 -1.4012212 -1.3275838] |
| rollout/                |                                    |
|    ep_len_mean          | 986                                |
|    ep_rew_mean          | -1.19e+03                          |
| time/                   |                                    |
|    fps                  | 147                                |
|    iterations           | 11                                 |
|    time_elapsed         | 459                                |
|    total_timesteps      | 67584                              |
| train/                  |                                    |
|    approx_kl            | 0.0036432266                       |
|    clip_fraction        | 0.0236                             |
|    clip_range           | 0.2                                |
|    entropy_loss         | -2.85                              |
|    explained_variance   | -0.00458                           |
|    learning_rate        | 0.0003                             |
|    loss                 | 37.3                               |
|    n_updates            | 100                                |
|    policy_gradient_loss | -0.00342                           |
|    std                  | 1.01                               |
|    value_loss           | 103                                |
----------------------------------------------------------------
----------------------------------------------------------------
| is_success              | 0                                  |
| reward                  | [-1.3644375 -1.0525981 -0.5391378] |
| rollout/                |                                    |
|    ep_len_mean          | 968                                |
|    ep_rew_mean          | -1.2e+03                           |
| time/                   |                                    |
|    fps                  | 144                                |
|    iterations           | 11                                 |
|    time_elapsed         | 467                                |
|    total_timesteps      | 67584                              |
| train/                  |                                    |
|    approx_kl            | 0.004223799                        |
|    clip_fraction        | 0.0286                             |
|    clip_range           | 0.2                                |
|    entropy_loss         | -2.86                              |
|    explained_variance   | -0.00866                           |
|    learning_rate        | 0.0003                             |
|    loss                 | 105                                |
|    n_updates            | 100                                |
|    policy_gradient_loss | -0.00313                           |
|    std                  | 1.01                               |
|    value_loss           | 255                                |
----------------------------------------------------------------
----------------------------------------------------------------
| is_success              | 0                                  |
| reward                  | [-0.9131746 -0.6944686 -1.1528342] |
| rollout/                |                                    |
|    ep_len_mean          | 1e+03                              |
|    ep_rew_mean          | -1.34e+03                          |
| time/                   |                                    |
|    fps                  | 125                                |
|    iterations           | 10                                 |
|    time_elapsed         | 488                                |
|    total_timesteps      | 61440                              |
| train/                  |                                    |
|    approx_kl            | 0.003372416                        |
|    clip_fraction        | 0.0169                             |
|    clip_range           | 0.2                                |
|    entropy_loss         | -2.89                              |
|    explained_variance   | -0.0385                            |
|    learning_rate        | 0.0003                             |
|    loss                 | 38.4                               |
|    n_updates            | 90                                 |
|    policy_gradient_loss | -0.00227                           |
|    std                  | 1.03                               |
|    value_loss           | 122                                |
----------------------------------------------------------------
----------------------------------------------------------------
| is_success              | 0                                  |
| reward                  | [-1.1543275 -0.6359684 -1.7174917] |
| rollout/                |                                    |
|    ep_len_mean          | 988                                |
|    ep_rew_mean          | -1.19e+03                          |
| time/                   |                                    |
|    fps                  | 147                                |
|    iterations           | 12                                 |
|    time_elapsed         | 501                                |
|    total_timesteps      | 73728                              |
| train/                  |                                    |
|    approx_kl            | 0.0045360997                       |
|    clip_fraction        | 0.0278                             |
|    clip_range           | 0.2                                |
|    entropy_loss         | -2.86                              |
|    explained_variance   | -8.85e-05                          |
|    learning_rate        | 0.0003                             |
|    loss                 | 29.6                               |
|    n_updates            | 110                                |
|    policy_gradient_loss | -0.00334                           |
|    std                  | 1.02                               |
|    value_loss           | 85.2                               |
----------------------------------------------------------------
------------------------------------------------------------------
| is_success              | 0                                    |
| reward                  | [-0.78946596 -1.2082158  -0.79865... |
| rollout/                |                                      |
|    ep_len_mean          | 959                                  |
|    ep_rew_mean          | -1.18e+03                            |
| time/                   |                                      |
|    fps                  | 144                                  |
|    iterations           | 12                                   |
|    time_elapsed         | 510                                  |
|    total_timesteps      | 73728                                |
| train/                  |                                      |
|    approx_kl            | 0.0038632704                         |
|    clip_fraction        | 0.0175                               |
|    clip_range           | 0.2                                  |
|    entropy_loss         | -2.85                                |
|    explained_variance   | -0.0314                              |
|    learning_rate        | 0.0003                               |
|    loss                 | 26.5                                 |
|    n_updates            | 110                                  |
|    policy_gradient_loss | -0.00263                             |
|    std                  | 1                                    |
|    value_loss           | 75.3                                 |
------------------------------------------------------------------
----------------------------------------------------------------
| is_success              | 0                                  |
| reward                  | [-1.4107462 -1.4017316 -1.408546 ] |
| rollout/                |                                    |
|    ep_len_mean          | 1e+03                              |
|    ep_rew_mean          | -1.31e+03                          |
| time/                   |                                    |
|    fps                  | 125                                |
|    iterations           | 11                                 |
|    time_elapsed         | 536                                |
|    total_timesteps      | 67584                              |
| train/                  |                                    |
|    approx_kl            | 0.0048483345                       |
|    clip_fraction        | 0.0335                             |
|    clip_range           | 0.2                                |
|    entropy_loss         | -2.9                               |
|    explained_variance   | -0.00373                           |
|    learning_rate        | 0.0003                             |
|    loss                 | 33.9                               |
|    n_updates            | 100                                |
|    policy_gradient_loss | -0.00506                           |
|    std                  | 1.04                               |
|    value_loss           | 101                                |
----------------------------------------------------------------
------------------------------------------------------------------
| is_success              | 0                                    |
| reward                  | [-0.79521024 -0.9354296  -0.42282... |
| rollout/                |                                      |
|    ep_len_mean          | 989                                  |
|    ep_rew_mean          | -1.18e+03                            |
| time/                   |                                      |
|    fps                  | 147                                  |
|    iterations           | 13                                   |
|    time_elapsed         | 543                                  |
|    total_timesteps      | 79872                                |
| train/                  |                                      |
|    approx_kl            | 0.0038911432                         |
|    clip_fraction        | 0.0273                               |
|    clip_range           | 0.2                                  |
|    entropy_loss         | -2.88                                |
|    explained_variance   | 0.00167                              |
|    learning_rate        | 0.0003                               |
|    loss                 | 54.9                                 |
|    n_updates            | 120                                  |
|    policy_gradient_loss | -0.00382                             |
|    std                  | 1.02                                 |
|    value_loss           | 139                                  |
------------------------------------------------------------------
------------------------------------------------------------------
| is_success              | 0                                    |
| reward                  | [-1.2118975  -0.76011074 -0.95637... |
| rollout/                |                                      |
|    ep_len_mean          | 962                                  |
|    ep_rew_mean          | -1.16e+03                            |
| time/                   |                                      |
|    fps                  | 144                                  |
|    iterations           | 13                                   |
|    time_elapsed         | 552                                  |
|    total_timesteps      | 79872                                |
| train/                  |                                      |
|    approx_kl            | 0.004388555                          |
|    clip_fraction        | 0.029                                |
|    clip_range           | 0.2                                  |
|    entropy_loss         | -2.84                                |
|    explained_variance   | -0.00423                             |
|    learning_rate        | 0.0003                               |
|    loss                 | 46.9                                 |
|    n_updates            | 120                                  |
|    policy_gradient_loss | -0.0036                              |
|    std                  | 1                                    |
|    value_loss           | 137                                  |
------------------------------------------------------------------
------------------------------------------------------------------
| is_success              | 0                                    |
| reward                  | [-1.8623718  -1.75601    -0.89159... |
| rollout/                |                                      |
|    ep_len_mean          | 989                                  |
|    ep_rew_mean          | -1.16e+03                            |
| time/                   |                                      |
|    fps                  | 147                                  |
|    iterations           | 14                                   |
|    time_elapsed         | 584                                  |
|    total_timesteps      | 86016                                |
| train/                  |                                      |
|    approx_kl            | 0.0057959594                         |
|    clip_fraction        | 0.0419                               |
|    clip_range           | 0.2                                  |
|    entropy_loss         | -2.89                                |
|    explained_variance   | 0.00153                              |
|    learning_rate        | 0.0003                               |
|    loss                 | 20.5                                 |
|    n_updates            | 130                                  |
|    policy_gradient_loss | -0.00554                             |
|    std                  | 1.02                                 |
|    value_loss           | 56.6                                 |
------------------------------------------------------------------
------------------------------------------------------------------
| is_success              | 0                                    |
| reward                  | [-1.1328875  -0.6404773  -0.44122... |
| rollout/                |                                      |
|    ep_len_mean          | 1e+03                                |
|    ep_rew_mean          | -1.28e+03                            |
| time/                   |                                      |
|    fps                  | 126                                  |
|    iterations           | 12                                   |
|    time_elapsed         | 585                                  |
|    total_timesteps      | 73728                                |
| train/                  |                                      |
|    approx_kl            | 0.0042301626                         |
|    clip_fraction        | 0.0277                               |
|    clip_range           | 0.2                                  |
|    entropy_loss         | -2.91                                |
|    explained_variance   | -0.573                               |
|    learning_rate        | 0.0003                               |
|    loss                 | 26.2                                 |
|    n_updates            | 110                                  |
|    policy_gradient_loss | -0.00294                             |
|    std                  | 1.04                                 |
|    value_loss           | 73.7                                 |
------------------------------------------------------------------
------------------------------------------------------------------
| is_success              | 0                                    |
| reward                  | [-0.67146486 -1.140947   -1.17132... |
| rollout/                |                                      |
|    ep_len_mean          | 962                                  |
|    ep_rew_mean          | -1.15e+03                            |
| time/                   |                                      |
|    fps                  | 144                                  |
|    iterations           | 14                                   |
|    time_elapsed         | 594                                  |
|    total_timesteps      | 86016                                |
| train/                  |                                      |
|    approx_kl            | 0.0058187656                         |
|    clip_fraction        | 0.0477                               |
|    clip_range           | 0.2                                  |
|    entropy_loss         | -2.85                                |
|    explained_variance   | 8e-05                                |
|    learning_rate        | 0.0003                               |
|    loss                 | 11.3                                 |
|    n_updates            | 130                                  |
|    policy_gradient_loss | -0.00411                             |
|    std                  | 1.01                                 |
|    value_loss           | 31.9                                 |
------------------------------------------------------------------
slurmstepd: error: *** STEP 116001.2 ON dqn.ist.berkeley.edu CANCELLED AT 2024-01-09T20:44:56 ***
slurmstepd: error: *** STEP 116001.1 ON ddpg.ist.berkeley.edu CANCELLED AT 2024-01-09T20:44:56 ***
slurmstepd: error: *** JOB 116001 ON airl.ist.berkeley.edu CANCELLED AT 2024-01-10T04:44:56 ***
slurmstepd: error: *** STEP 116001.0 ON airl.ist.berkeley.edu CANCELLED AT 2024-01-10T04:44:56 ***
