wandb: Currently logged in as: mason-nakamura1 (ecrl). Use `wandb login --relogin` to force relogin
wandb: wandb version 0.16.2 is available!  To upgrade, please run:
wandb:  $ pip install wandb --upgrade
wandb: Tracking run with wandb version 0.14.2
wandb: Run data is saved locally in /nas/ucb/mason/ethically-compliant-rl/wandb/run-20240130_174236-ey38ufwd
wandb: Run `wandb offline` to turn off syncing.
wandb: Syncing run upbeat-sound-73
wandb: ⭐️ View project at https://wandb.ai/ecrl/seed-testing
wandb: 🚀 View run at https://wandb.ai/ecrl/seed-testing/runs/ey38ufwd
/nas/ucb/mason/ethically-compliant-rl/stable_baselines3/stable_baselines3/ppo/ppo.py:148: UserWarning: You have specified a mini-batch size of 10, but because the `RolloutBuffer` is of size `n_steps * n_envs = 2048`, after every 204 untruncated mini-batches, there will be a truncated mini-batch of size 8
We recommend using a `batch_size` that is a factor of `n_steps * n_envs`.
Info: (n_steps=2048 and n_envs=1)
  warnings.warn(
Using cpu device
------------------------------------
| avg_speed          | 0.114       |
| is_success         | 0           |
| max_speed          | 0.114       |
| reward             | -0.40254623 |
| rollout/           |             |
|    ep_len_mean     | 1e+03       |
|    ep_rew_mean     | -1.59e+03   |
| time/              |             |
|    fps             | 125         |
|    iterations      | 1           |
|    time_elapsed    | 16          |
|    total_timesteps | 2048        |
------------------------------------
------------------------------------------
| avg_speed               | 0.264        |
| is_success              | 0            |
| max_speed               | 0.264        |
| reward                  | -0.79517853  |
| rollout/                |              |
|    ep_len_mean          | 1e+03        |
|    ep_rew_mean          | -1.47e+03    |
| time/                   |              |
|    fps                  | 108          |
|    iterations           | 2            |
|    time_elapsed         | 37           |
|    total_timesteps      | 4096         |
| train/                  |              |
|    approx_kl            | 0.0117693925 |
|    clip_fraction        | 0.134        |
|    clip_range           | 0.2          |
|    entropy_loss         | -2.86        |
|    explained_variance   | 0.00357      |
|    learning_rate        | 0.0003       |
|    loss                 | 16.8         |
|    n_updates            | 10           |
|    policy_gradient_loss | 0.00127      |
|    std                  | 1.01         |
|    value_loss           | 201          |
------------------------------------------
-----------------------------------------
| avg_speed               | 0.414       |
| is_success              | 0           |
| max_speed               | 0.414       |
| reward                  | -0.64858395 |
| rollout/                |             |
|    ep_len_mean          | 1e+03       |
|    ep_rew_mean          | -1.26e+03   |
| time/                   |             |
|    fps                  | 104         |
|    iterations           | 3           |
|    time_elapsed         | 58          |
|    total_timesteps      | 6144        |
| train/                  |             |
|    approx_kl            | 0.010906701 |
|    clip_fraction        | 0.0921      |
|    clip_range           | 0.2         |
|    entropy_loss         | -2.85       |
|    explained_variance   | 0.668       |
|    learning_rate        | 0.0003      |
|    loss                 | 64.5        |
|    n_updates            | 20          |
|    policy_gradient_loss | -0.00503    |
|    std                  | 1           |
|    value_loss           | 232         |
-----------------------------------------
-----------------------------------------
| avg_speed               | 1.24        |
| is_success              | 0           |
| max_speed               | 1.24        |
| reward                  | -0.9111397  |
| rollout/                |             |
|    ep_len_mean          | 1e+03       |
|    ep_rew_mean          | -1.26e+03   |
| time/                   |             |
|    fps                  | 102         |
|    iterations           | 4           |
|    time_elapsed         | 80          |
|    total_timesteps      | 8192        |
| train/                  |             |
|    approx_kl            | 0.008853182 |
|    clip_fraction        | 0.125       |
|    clip_range           | 0.2         |
|    entropy_loss         | -2.83       |
|    explained_variance   | 0.859       |
|    learning_rate        | 0.0003      |
|    loss                 | 6.74        |
|    n_updates            | 30          |
|    policy_gradient_loss | -0.00685    |
|    std                  | 0.989       |
|    value_loss           | 17.1        |
-----------------------------------------
-----------------------------------------
| avg_speed               | 5.73        |
| is_success              | 0           |
| max_speed               | 5.73        |
| reward                  | -1.8827856  |
| rollout/                |             |
|    ep_len_mean          | 1e+03       |
|    ep_rew_mean          | -1.26e+03   |
| time/                   |             |
|    fps                  | 100         |
|    iterations           | 5           |
|    time_elapsed         | 101         |
|    total_timesteps      | 10240       |
| train/                  |             |
|    approx_kl            | 0.010522567 |
|    clip_fraction        | 0.116       |
|    clip_range           | 0.2         |
|    entropy_loss         | -2.81       |
|    explained_variance   | 0.719       |
|    learning_rate        | 0.0003      |
|    loss                 | 8.57        |
|    n_updates            | 40          |
|    policy_gradient_loss | -0.00511    |
|    std                  | 0.99        |
|    value_loss           | 20.6        |
-----------------------------------------
------------------------------------------
| avg_speed               | 6.1          |
| is_success              | 0            |
| max_speed               | 6.1          |
| reward                  | -0.85213345  |
| rollout/                |              |
|    ep_len_mean          | 1e+03        |
|    ep_rew_mean          | -1.34e+03    |
| time/                   |              |
|    fps                  | 99           |
|    iterations           | 6            |
|    time_elapsed         | 123          |
|    total_timesteps      | 12288        |
| train/                  |              |
|    approx_kl            | 0.0074337004 |
|    clip_fraction        | 0.0982       |
|    clip_range           | 0.2          |
|    entropy_loss         | -2.84        |
|    explained_variance   | 0.653        |
|    learning_rate        | 0.0003       |
|    loss                 | 2.73         |
|    n_updates            | 50           |
|    policy_gradient_loss | -0.00182     |
|    std                  | 1.01         |
|    value_loss           | 20.1         |
------------------------------------------
-----------------------------------------
| avg_speed               | 7.04        |
| is_success              | 0           |
| max_speed               | 7.04        |
| reward                  | -1.136799   |
| rollout/                |             |
|    ep_len_mean          | 1e+03       |
|    ep_rew_mean          | -1.31e+03   |
| time/                   |             |
|    fps                  | 99          |
|    iterations           | 7           |
|    time_elapsed         | 144         |
|    total_timesteps      | 14336       |
| train/                  |             |
|    approx_kl            | 0.013840082 |
|    clip_fraction        | 0.111       |
|    clip_range           | 0.2         |
|    entropy_loss         | -2.84       |
|    explained_variance   | -0.895      |
|    learning_rate        | 0.0003      |
|    loss                 | 28.5        |
|    n_updates            | 60          |
|    policy_gradient_loss | -0.0056     |
|    std                  | 1           |
|    value_loss           | 23          |
-----------------------------------------
slurmstepd: error: *** STEP 124298.0 ON vae.ist.berkeley.edu CANCELLED AT 2024-01-30T17:45:18 ***
slurmstepd: error: *** JOB 124298 ON vae.ist.berkeley.edu CANCELLED AT 2024-01-30T17:45:18 ***
