wandb: Currently logged in as: mason-nakamura1 (ecrl). Use `wandb login --relogin` to force relogin
wandb: Currently logged in as: mason-nakamura1 (ecrl). Use `wandb login --relogin` to force relogin
wandb: wandb version 0.16.1 is available!  To upgrade, please run:
wandb:  $ pip install wandb --upgrade
wandb: Tracking run with wandb version 0.14.2
wandb: Run data is saved locally in /nas/ucb/mason/ethically-compliant-rl/wandb/run-20240102_201845-dws26isb
wandb: Run `wandb offline` to turn off syncing.
wandb: Syncing run fiery-dust-85
wandb: ⭐️ View project at https://wandb.ai/ecrl/PPO
wandb: 🚀 View run at https://wandb.ai/ecrl/PPO/runs/dws26isb
wandb: wandb version 0.16.1 is available!  To upgrade, please run:
wandb:  $ pip install wandb --upgrade
wandb: Tracking run with wandb version 0.14.2
wandb: Run data is saved locally in /nas/ucb/mason/ethically-compliant-rl/wandb/run-20240103_041845-nz58nq68
wandb: Run `wandb offline` to turn off syncing.
wandb: Syncing run laced-water-86
wandb: ⭐️ View project at https://wandb.ai/ecrl/PPO
wandb: 🚀 View run at https://wandb.ai/ecrl/PPO/runs/nz58nq68
Using cpu device
Traceback (most recent call last):
  File "/nas/ucb/mason/ethically-compliant-rl/PPO/train_ppo.py", line 108, in <module>
    train()
  File "/nas/ucb/mason/ethically-compliant-rl/.venv/lib/python3.9/site-packages/pyrallis/argparsing.py", line 158, in wrapper_inner
    response = fn(cfg, *args, **kwargs)
  File "/nas/ucb/mason/ethically-compliant-rl/PPO/train_ppo.py", line 85, in train
    agent.learn(total_timesteps=args.total_timesteps, callback=callback, reset_num_timesteps=False)
  File "/nas/ucb/mason/ethically-compliant-rl/stable_baselines3/stable_baselines3/ppo/ppo.py", line 308, in learn
    return super().learn(
  File "/nas/ucb/mason/ethically-compliant-rl/stable_baselines3/stable_baselines3/common/on_policy_algorithm.py", line 277, in learn
    continue_training = self.collect_rollouts(self.env, callback, self.rollout_buffer, n_rollout_steps=self.n_steps)
  File "/nas/ucb/mason/ethically-compliant-rl/stable_baselines3/stable_baselines3/common/on_policy_algorithm.py", line 200, in collect_rollouts
    if not callback.on_step():
  File "/nas/ucb/mason/ethically-compliant-rl/stable_baselines3/stable_baselines3/common/callbacks.py", line 111, in on_step
    return self._on_step()
  File "/nas/ucb/mason/ethically-compliant-rl/PPO/train_ppo.py", line 27, in _on_step
    cost = self.locals['infos'][0].get('cost')[0]
TypeError: 'NoneType' object is not subscriptable
wandb: Waiting for W&B process to finish... (failed 1). Press Control-C to abort syncing.
Using cpu device
Traceback (most recent call last):
  File "/nas/ucb/mason/ethically-compliant-rl/PPO/train_ppo.py", line 108, in <module>
    train()
  File "/nas/ucb/mason/ethically-compliant-rl/.venv/lib/python3.9/site-packages/pyrallis/argparsing.py", line 158, in wrapper_inner
    response = fn(cfg, *args, **kwargs)
  File "/nas/ucb/mason/ethically-compliant-rl/PPO/train_ppo.py", line 85, in train
    agent.learn(total_timesteps=args.total_timesteps, callback=callback, reset_num_timesteps=False)
  File "/nas/ucb/mason/ethically-compliant-rl/stable_baselines3/stable_baselines3/ppo/ppo.py", line 308, in learn
    return super().learn(
  File "/nas/ucb/mason/ethically-compliant-rl/stable_baselines3/stable_baselines3/common/on_policy_algorithm.py", line 277, in learn
    continue_training = self.collect_rollouts(self.env, callback, self.rollout_buffer, n_rollout_steps=self.n_steps)
  File "/nas/ucb/mason/ethically-compliant-rl/stable_baselines3/stable_baselines3/common/on_policy_algorithm.py", line 200, in collect_rollouts
    if not callback.on_step():
  File "/nas/ucb/mason/ethically-compliant-rl/stable_baselines3/stable_baselines3/common/callbacks.py", line 111, in on_step
    return self._on_step()
  File "/nas/ucb/mason/ethically-compliant-rl/PPO/train_ppo.py", line 27, in _on_step
    cost = self.locals['infos'][0].get('cost')[0]
TypeError: 'NoneType' object is not subscriptable
wandb: Waiting for W&B process to finish... (failed 1). Press Control-C to abort syncing.
wandb: ERROR Error while calling W&B API: An internal error occurred. Please contact support. (<Response [500]>)
wandb: 🚀 View run fiery-dust-85 at: https://wandb.ai/ecrl/PPO/runs/dws26isb
wandb: Synced 5 W&B file(s), 0 media file(s), 2 artifact file(s) and 0 other file(s)
wandb: Find logs at: ./wandb/run-20240102_201845-dws26isb/logs
wandb: 🚀 View run laced-water-86 at: https://wandb.ai/ecrl/PPO/runs/nz58nq68
wandb: Synced 5 W&B file(s), 0 media file(s), 2 artifact file(s) and 0 other file(s)
wandb: Find logs at: ./wandb/run-20240103_041845-nz58nq68/logs
srun: error: ddpg.ist.berkeley.edu: task 0: Exited with exit code 1
srun: error: airl.ist.berkeley.edu: task 0: Exited with exit code 1
srun: Job 115632 step creation temporarily disabled, retrying (Requested nodes are busy)
srun: Step created for StepId=115632.2
srun: Job 115632 step creation temporarily disabled, retrying (Requested nodes are busy)
srun: Step created for StepId=115632.3
wandb: Currently logged in as: mason-nakamura1 (ecrl). Use `wandb login --relogin` to force relogin
wandb: wandb version 0.16.1 is available!  To upgrade, please run:
wandb:  $ pip install wandb --upgrade
wandb: Tracking run with wandb version 0.14.2
wandb: Run data is saved locally in /nas/ucb/mason/ethically-compliant-rl/wandb/run-20240103_042050-tovzd2nr
wandb: Run `wandb offline` to turn off syncing.
wandb: Syncing run hardy-paper-87
wandb: ⭐️ View project at https://wandb.ai/ecrl/PPO
wandb: 🚀 View run at https://wandb.ai/ecrl/PPO/runs/tovzd2nr
Using cpu device
Traceback (most recent call last):
  File "/nas/ucb/mason/ethically-compliant-rl/PPO/train_ppo.py", line 108, in <module>
    train()
  File "/nas/ucb/mason/ethically-compliant-rl/.venv/lib/python3.9/site-packages/pyrallis/argparsing.py", line 158, in wrapper_inner
    response = fn(cfg, *args, **kwargs)
  File "/nas/ucb/mason/ethically-compliant-rl/PPO/train_ppo.py", line 85, in train
    agent.learn(total_timesteps=args.total_timesteps, callback=callback, reset_num_timesteps=False)
  File "/nas/ucb/mason/ethically-compliant-rl/stable_baselines3/stable_baselines3/ppo/ppo.py", line 308, in learn
    return super().learn(
  File "/nas/ucb/mason/ethically-compliant-rl/stable_baselines3/stable_baselines3/common/on_policy_algorithm.py", line 277, in learn
    continue_training = self.collect_rollouts(self.env, callback, self.rollout_buffer, n_rollout_steps=self.n_steps)
  File "/nas/ucb/mason/ethically-compliant-rl/stable_baselines3/stable_baselines3/common/on_policy_algorithm.py", line 200, in collect_rollouts
    if not callback.on_step():
  File "/nas/ucb/mason/ethically-compliant-rl/stable_baselines3/stable_baselines3/common/callbacks.py", line 111, in on_step
    return self._on_step()
  File "/nas/ucb/mason/ethically-compliant-rl/PPO/train_ppo.py", line 27, in _on_step
    cost = self.locals['infos'][0].get('cost')[0]
TypeError: 'NoneType' object is not subscriptable
wandb: Waiting for W&B process to finish... (failed 1). Press Control-C to abort syncing.
wandb: Currently logged in as: mason-nakamura1 (ecrl). Use `wandb login --relogin` to force relogin
wandb: wandb version 0.16.1 is available!  To upgrade, please run:
wandb:  $ pip install wandb --upgrade
wandb: Tracking run with wandb version 0.14.2
wandb: Run data is saved locally in /nas/ucb/mason/ethically-compliant-rl/wandb/run-20240102_202051-j81mivek
wandb: Run `wandb offline` to turn off syncing.
wandb: Syncing run dandy-water-88
wandb: ⭐️ View project at https://wandb.ai/ecrl/PPO
wandb: 🚀 View run at https://wandb.ai/ecrl/PPO/runs/j81mivek
Using cpu device
Traceback (most recent call last):
  File "/nas/ucb/mason/ethically-compliant-rl/PPO/train_ppo.py", line 108, in <module>
    train()
  File "/nas/ucb/mason/ethically-compliant-rl/.venv/lib/python3.9/site-packages/pyrallis/argparsing.py", line 158, in wrapper_inner
    response = fn(cfg, *args, **kwargs)
  File "/nas/ucb/mason/ethically-compliant-rl/PPO/train_ppo.py", line 85, in train
    agent.learn(total_timesteps=args.total_timesteps, callback=callback, reset_num_timesteps=False)
  File "/nas/ucb/mason/ethically-compliant-rl/stable_baselines3/stable_baselines3/ppo/ppo.py", line 308, in learn
    return super().learn(
  File "/nas/ucb/mason/ethically-compliant-rl/stable_baselines3/stable_baselines3/common/on_policy_algorithm.py", line 277, in learn
    continue_training = self.collect_rollouts(self.env, callback, self.rollout_buffer, n_rollout_steps=self.n_steps)
  File "/nas/ucb/mason/ethically-compliant-rl/stable_baselines3/stable_baselines3/common/on_policy_algorithm.py", line 200, in collect_rollouts
    if not callback.on_step():
  File "/nas/ucb/mason/ethically-compliant-rl/stable_baselines3/stable_baselines3/common/callbacks.py", line 111, in on_step
    return self._on_step()
  File "/nas/ucb/mason/ethically-compliant-rl/PPO/train_ppo.py", line 27, in _on_step
    cost = self.locals['infos'][0].get('cost')[0]
TypeError: 'NoneType' object is not subscriptable
wandb: Waiting for W&B process to finish... (failed 1). Press Control-C to abort syncing.
wandb: 🚀 View run hardy-paper-87 at: https://wandb.ai/ecrl/PPO/runs/tovzd2nr
wandb: Synced 5 W&B file(s), 0 media file(s), 0 artifact file(s) and 0 other file(s)
wandb: Find logs at: ./wandb/run-20240103_042050-tovzd2nr/logs
wandb: 🚀 View run dandy-water-88 at: https://wandb.ai/ecrl/PPO/runs/j81mivek
wandb: Synced 5 W&B file(s), 0 media file(s), 0 artifact file(s) and 0 other file(s)
wandb: Find logs at: ./wandb/run-20240102_202051-j81mivek/logs
srun: error: airl.ist.berkeley.edu: task 0: Exited with exit code 1
srun: error: ddpg.ist.berkeley.edu: task 0: Exited with exit code 1
