wandb: Currently logged in as: mason-nakamura1 (ecrl). Use `wandb login --relogin` to force relogin
wandb: wandb version 0.16.6 is available!  To upgrade, please run:
wandb:  $ pip install wandb --upgrade
wandb: Tracking run with wandb version 0.14.2
wandb: Run data is saved locally in /nas/ucb/mason/ethically-compliant-rl/wandb/run-20240416_202804-fa53efs1
wandb: Run `wandb offline` to turn off syncing.
wandb: Syncing run eternal-dream-17
wandb: ⭐️ View project at https://wandb.ai/ecrl/mini-grid
wandb: 🚀 View run at https://wandb.ai/ecrl/mini-grid/runs/fa53efs1
LOSS: 0.07598905265331268
PPO-LOSS: 0.03375745192170143
tensor(7.1858, device='cuda:0', grad_fn=<SumBackward0>)
LOSS: 0.059081729501485825
PPO-LOSS: 0.03584355488419533
tensor(3.0346, device='cuda:0', grad_fn=<SumBackward0>)
LOSS: 0.041582588106393814
PPO-LOSS: 0.03856310248374939
tensor(0.9425, device='cuda:0', grad_fn=<SumBackward0>)
LOSS: 0.020514652132987976
PPO-LOSS: 0.041906408965587616
tensor(0.0856, device='cuda:0', grad_fn=<SumBackward0>)
LOSS: 0.04596960172057152
PPO-LOSS: 0.04596960172057152
tensor(0., device='cuda:0', grad_fn=<SumBackward0>)
LOSS: 0.04747197777032852
PPO-LOSS: 0.04747197777032852
tensor(0., device='cuda:0', grad_fn=<SumBackward0>)
LOSS: 0.04707485809922218
PPO-LOSS: 0.04707485809922218
tensor(0., device='cuda:0', grad_fn=<SumBackward0>)
LOSS: 0.04545356705784798
PPO-LOSS: 0.04545356705784798
tensor(0., device='cuda:0', grad_fn=<SumBackward0>)
LOSS: 0.04312499240040779
PPO-LOSS: 0.04312499240040779
tensor(0., device='cuda:0', grad_fn=<SumBackward0>)
LOSS: 0.04045718535780907
PPO-LOSS: 0.04045718535780907
tensor(0., device='cuda:0', grad_fn=<SumBackward0>)
LOSS: 0.04878730699419975
PPO-LOSS: 0.04878730699419975
tensor(0., device='cuda:0', grad_fn=<SumBackward0>)
LOSS: 0.04601551219820976
PPO-LOSS: 0.04601551219820976
tensor(0., device='cuda:0', grad_fn=<SumBackward0>)
LOSS: 0.017726970836520195
PPO-LOSS: 0.04344956576824188
tensor(0.0204, device='cuda:0', grad_fn=<SumBackward0>)
LOSS: 0.013533537276089191
PPO-LOSS: 0.041892655193805695
tensor(0.1168, device='cuda:0', grad_fn=<SumBackward0>)
LOSS: 0.0149748669937253
PPO-LOSS: 0.04104632884263992
tensor(0.2661, device='cuda:0', grad_fn=<SumBackward0>)
LOSS: 0.015106061473488808
PPO-LOSS: 0.04072324559092522
tensor(0.3318, device='cuda:0', grad_fn=<SumBackward0>)
LOSS: 0.013979827985167503
PPO-LOSS: 0.04080112650990486
tensor(0.2640, device='cuda:0', grad_fn=<SumBackward0>)
LOSS: 0.012204059399664402
PPO-LOSS: 0.04121936857700348
tensor(0.1215, device='cuda:0', grad_fn=<SumBackward0>)
LOSS: 0.014800510369241238
PPO-LOSS: 0.04194588214159012
tensor(0.0178, device='cuda:0', grad_fn=<SumBackward0>)
LOSS: 0.04065642133355141
PPO-LOSS: 0.04296218231320381
tensor(0.0001, device='cuda:0', grad_fn=<SumBackward0>)
LOSS: 0.058007240295410156
PPO-LOSS: 0.058007240295410156
tensor(0., device='cuda:0', grad_fn=<SumBackward0>)
LOSS: 0.05845774710178375
PPO-LOSS: 0.05845774710178375
tensor(0., device='cuda:0', grad_fn=<SumBackward0>)
LOSS: 0.05845621973276138
PPO-LOSS: 0.05845621973276138
tensor(0., device='cuda:0', grad_fn=<SumBackward0>)
LOSS: 0.058059271425008774
PPO-LOSS: 0.058059271425008774
tensor(0., device='cuda:0', grad_fn=<SumBackward0>)
LOSS: 0.05734281614422798
PPO-LOSS: 0.05734281614422798
tensor(0., device='cuda:0', grad_fn=<SumBackward0>)
LOSS: 0.05503964051604271
PPO-LOSS: 0.056389305740594864
tensor(5.0084e-05, device='cuda:0', grad_fn=<SumBackward0>)
LOSS: 0.028783392161130905
PPO-LOSS: 0.05532044172286987
tensor(0.0045, device='cuda:0', grad_fn=<SumBackward0>)
LOSS: 0.019964640960097313
PPO-LOSS: 0.05471738055348396
tensor(0.0117, device='cuda:0', grad_fn=<SumBackward0>)
LOSS: 0.022745635360479355
PPO-LOSS: 0.0544896274805069
tensor(0.0074, device='cuda:0', grad_fn=<SumBackward0>)
LOSS: 0.04156867042183876
PPO-LOSS: 0.0545705184340477
tensor(0.0011, device='cuda:0', grad_fn=<SumBackward0>)
LOSS: 0.047388870269060135
PPO-LOSS: 0.04758388176560402
tensor(3.2402e-06, device='cuda:0', grad_fn=<SumBackward0>)
LOSS: 0.045032795518636703
PPO-LOSS: 0.047621503472328186
tensor(9.8428e-05, device='cuda:0', grad_fn=<SumBackward0>)
LOSS: 0.037436116486787796
PPO-LOSS: 0.04745621979236603
tensor(0.0007, device='cuda:0', grad_fn=<SumBackward0>)
LOSS: 0.04033910855650902
PPO-LOSS: 0.04747132584452629
tensor(0.0004, device='cuda:0', grad_fn=<SumBackward0>)
LOSS: 0.04624175652861595
PPO-LOSS: 0.047504812479019165
tensor(5.3667e-05, device='cuda:0', grad_fn=<SumBackward0>)
LOSS: 0.04634138196706772
PPO-LOSS: 0.04726627469062805
tensor(4.2942e-05, device='cuda:0', grad_fn=<SumBackward0>)
LOSS: 0.04328246787190437
PPO-LOSS: 0.046772196888923645
tensor(0.0001, device='cuda:0', grad_fn=<SumBackward0>)
LOSS: 0.029351230710744858
PPO-LOSS: 0.046184804290533066
tensor(0.0013, device='cuda:0', grad_fn=<SumBackward0>)
LOSS: 0.03211641311645508
PPO-LOSS: 0.04598850756883621
tensor(0.0012, device='cuda:0', grad_fn=<SumBackward0>)
LOSS: 0.044835612177848816
PPO-LOSS: 0.04612746834754944
tensor(3.4219e-05, device='cuda:0', grad_fn=<SumBackward0>)
LOSS: 0.047717463225126266
PPO-LOSS: 0.047718413174152374
tensor(4.4274e-11, device='cuda:0', grad_fn=<SumBackward0>)
LOSS: 0.046686869114637375
PPO-LOSS: 0.04734712094068527
tensor(9.1824e-06, device='cuda:0', grad_fn=<SumBackward0>)
LOSS: 0.026123352348804474
PPO-LOSS: 0.0467291995882988
tensor(0.0019, device='cuda:0', grad_fn=<SumBackward0>)
LOSS: 0.026645394042134285
PPO-LOSS: 0.046529121696949005
tensor(0.0015, device='cuda:0', grad_fn=<SumBackward0>)
LOSS: 0.03803233057260513
PPO-LOSS: 0.04670850187540054
tensor(0.0002, device='cuda:0', grad_fn=<SumBackward0>)
LOSS: 0.04701286554336548
PPO-LOSS: 0.04701286554336548
tensor(0., device='cuda:0', grad_fn=<SumBackward0>)
LOSS: 0.046970658004283905
PPO-LOSS: 0.046970658004283905
tensor(0., device='cuda:0', grad_fn=<SumBackward0>)
LOSS: 0.04576653987169266
PPO-LOSS: 0.04661278426647186
tensor(6.3570e-06, device='cuda:0', grad_fn=<SumBackward0>)
LOSS: 0.022402239963412285
PPO-LOSS: 0.04602213203907013
tensor(0.0023, device='cuda:0', grad_fn=<SumBackward0>)
LOSS: 0.02538919821381569
PPO-LOSS: 0.045824117958545685
tensor(0.0018, device='cuda:0', grad_fn=<SumBackward0>)
LOSS: 0.02660411037504673
PPO-LOSS: 0.030044419690966606
tensor(0.0002, device='cuda:0', grad_fn=<SumBackward0>)
LOSS: 0.030108416453003883
PPO-LOSS: 0.030231863260269165
tensor(2.9366e-06, device='cuda:0', grad_fn=<SumBackward0>)
LOSS: 0.03015616536140442
PPO-LOSS: 0.030233725905418396
tensor(1.1350e-06, device='cuda:0', grad_fn=<SumBackward0>)
LOSS: 0.029814790934324265
PPO-LOSS: 0.030064638704061508
tensor(1.0718e-05, device='cuda:0', grad_fn=<SumBackward0>)
LOSS: 0.021397078409790993
PPO-LOSS: 0.02975424937903881
tensor(0.0007, device='cuda:0', grad_fn=<SumBackward0>)
LOSS: 0.02471897006034851
PPO-LOSS: 0.0297124981880188
tensor(0.0003, device='cuda:0', grad_fn=<SumBackward0>)
LOSS: 0.029811087995767593
PPO-LOSS: 0.029811087995767593
tensor(0., device='cuda:0', grad_fn=<SumBackward0>)
LOSS: 0.029587464407086372
PPO-LOSS: 0.029732216149568558
tensor(1.4990e-06, device='cuda:0', grad_fn=<SumBackward0>)
LOSS: 0.022052668035030365
PPO-LOSS: 0.029499955475330353
tensor(0.0005, device='cuda:0', grad_fn=<SumBackward0>)
LOSS: 0.026966696605086327
PPO-LOSS: 0.02948862686753273
tensor(0.0002, device='cuda:0', grad_fn=<SumBackward0>)
LOSS: 0.038609981536865234
PPO-LOSS: 0.04060310497879982
tensor(3.8637e-05, device='cuda:0', grad_fn=<SumBackward0>)
LOSS: 0.03663976490497589
PPO-LOSS: 0.040511369705200195
tensor(0.0001, device='cuda:0', grad_fn=<SumBackward0>)
LOSS: 0.03234194964170456
PPO-LOSS: 0.04036656767129898
tensor(0.0003, device='cuda:0', grad_fn=<SumBackward0>)
LOSS: 0.03902041167020798
PPO-LOSS: 0.04035840928554535
tensor(1.6962e-05, device='cuda:0', grad_fn=<SumBackward0>)
LOSS: 0.024796564131975174
PPO-LOSS: 0.04016236588358879
tensor(0.0013, device='cuda:0', grad_fn=<SumBackward0>)
LOSS: 0.03854408860206604
PPO-LOSS: 0.04030303284525871
tensor(2.4035e-05, device='cuda:0', grad_fn=<SumBackward0>)
LOSS: 0.035542428493499756
PPO-LOSS: 0.040273502469062805
tensor(0.0001, device='cuda:0', grad_fn=<SumBackward0>)
LOSS: 0.040256720036268234
PPO-LOSS: 0.040256720036268234
tensor(0., device='cuda:0', grad_fn=<SumBackward0>)
LOSS: 0.03767702728509903
PPO-LOSS: 0.03997718170285225
tensor(2.8122e-05, device='cuda:0', grad_fn=<SumBackward0>)
LOSS: 0.01516000833362341
PPO-LOSS: 0.039598897099494934
tensor(0.0033, device='cuda:0', grad_fn=<SumBackward0>)
LOSS: 0.010516448877751827
PPO-LOSS: 0.01931498385965824
tensor(0.0017, device='cuda:0', grad_fn=<SumBackward0>)
LOSS: 0.019502446055412292
PPO-LOSS: 0.019512582570314407
tensor(1.8679e-07, device='cuda:0', grad_fn=<SumBackward0>)
LOSS: 0.01959429681301117
PPO-LOSS: 0.01959429681301117
tensor(0., device='cuda:0', grad_fn=<SumBackward0>)
LOSS: 0.01956428401172161
PPO-LOSS: 0.01956428401172161
tensor(0., device='cuda:0', grad_fn=<SumBackward0>)
LOSS: 0.019157780334353447
PPO-LOSS: 0.01943305879831314
tensor(5.0391e-06, device='cuda:0', grad_fn=<SumBackward0>)
LOSS: 0.016780728474259377
PPO-LOSS: 0.019229017198085785
tensor(0.0003, device='cuda:0', grad_fn=<SumBackward0>)
LOSS: 0.01713544689118862
PPO-LOSS: 0.019095072522759438
tensor(9.6918e-05, device='cuda:0', grad_fn=<SumBackward0>)
LOSS: 0.018834834918379784
PPO-LOSS: 0.01899447664618492
tensor(3.6754e-06, device='cuda:0', grad_fn=<SumBackward0>)
LOSS: 0.017774933949112892
PPO-LOSS: 0.018815696239471436
tensor(8.0350e-05, device='cuda:0', grad_fn=<SumBackward0>)
LOSS: 0.015561245381832123
PPO-LOSS: 0.018623650074005127
tensor(0.0003, device='cuda:0', grad_fn=<SumBackward0>)
LOSS: 0.050452347844839096
PPO-LOSS: 0.05293167009949684
tensor(5.9597e-05, device='cuda:0', grad_fn=<SumBackward0>)
LOSS: 0.04826407507061958
PPO-LOSS: 0.052844077348709106
tensor(9.5539e-05, device='cuda:0', grad_fn=<SumBackward0>)
LOSS: 0.04210209846496582
PPO-LOSS: 0.05264412239193916
tensor(0.0003, device='cuda:0', grad_fn=<SumBackward0>)
LOSS: 0.0493585430085659
PPO-LOSS: 0.05260443687438965
tensor(0.0001, device='cuda:0', grad_fn=<SumBackward0>)
LOSS: 0.036564067006111145
PPO-LOSS: 0.052424173802137375
tensor(0.0007, device='cuda:0', grad_fn=<SumBackward0>)
LOSS: 0.050481490790843964
PPO-LOSS: 0.052620552480220795
tensor(4.4139e-05, device='cuda:0', grad_fn=<SumBackward0>)
LOSS: 0.05197742581367493
PPO-LOSS: 0.0526060089468956
tensor(4.0030e-06, device='cuda:0', grad_fn=<SumBackward0>)
LOSS: 0.0471697561442852
PPO-LOSS: 0.0523279532790184
tensor(0.0001, device='cuda:0', grad_fn=<SumBackward0>)
LOSS: 0.03311009332537651
PPO-LOSS: 0.052034854888916016
tensor(0.0007, device='cuda:0', grad_fn=<SumBackward0>)
LOSS: 0.047529853880405426
PPO-LOSS: 0.052136316895484924
tensor(9.8941e-05, device='cuda:0', grad_fn=<SumBackward0>)
LOSS: 0.04131392017006874
PPO-LOSS: 0.04347021132707596
tensor(4.1576e-05, device='cuda:0', grad_fn=<SumBackward0>)
LOSS: 0.03464929014444351
PPO-LOSS: 0.04333090782165527
tensor(0.0003, device='cuda:0', grad_fn=<SumBackward0>)
LOSS: 0.041293639689683914
PPO-LOSS: 0.04334796592593193
tensor(2.9325e-05, device='cuda:0', grad_fn=<SumBackward0>)
LOSS: 0.036291446536779404
PPO-LOSS: 0.0431799441576004
tensor(0.0002, device='cuda:0', grad_fn=<SumBackward0>)
LOSS: 0.0414721705019474
PPO-LOSS: 0.04309682920575142
tensor(3.2885e-05, device='cuda:0', grad_fn=<SumBackward0>)
LOSS: 0.022585103288292885
PPO-LOSS: 0.042820390313863754
tensor(0.0015, device='cuda:0', grad_fn=<SumBackward0>)
LOSS: 0.040798451751470566
PPO-LOSS: 0.04291721060872078
tensor(5.0769e-05, device='cuda:0', grad_fn=<SumBackward0>)
LOSS: 0.040364306420087814
PPO-LOSS: 0.042838722467422485
tensor(3.6127e-05, device='cuda:0', grad_fn=<SumBackward0>)
LOSS: 0.03215328976511955
PPO-LOSS: 0.042603131383657455
tensor(0.0004, device='cuda:0', grad_fn=<SumBackward0>)
LOSS: 0.04160721227526665
PPO-LOSS: 0.04262502118945122
tensor(1.2203e-05, device='cuda:0', grad_fn=<SumBackward0>)
LOSS: 0.015918048098683357
PPO-LOSS: 0.01986074633896351
tensor(0.0005, device='cuda:0', grad_fn=<SumBackward0>)
LOSS: 0.019619043916463852
PPO-LOSS: 0.019957903772592545
tensor(1.2675e-05, device='cuda:0', grad_fn=<SumBackward0>)
LOSS: 0.019854577258229256
PPO-LOSS: 0.01994912326335907
tensor(2.2530e-06, device='cuda:0', grad_fn=<SumBackward0>)
LOSS: 0.01903495565056801
PPO-LOSS: 0.019826866686344147
tensor(2.5788e-05, device='cuda:0', grad_fn=<SumBackward0>)
LOSS: 0.016456974670290947
PPO-LOSS: 0.019641458988189697
tensor(0.0002, device='cuda:0', grad_fn=<SumBackward0>)
LOSS: 0.019497113302350044
PPO-LOSS: 0.01953849196434021
tensor(4.9760e-07, device='cuda:0', grad_fn=<SumBackward0>)
LOSS: 0.01932709477841854
PPO-LOSS: 0.01932855136692524
tensor(1.9005e-09, device='cuda:0', grad_fn=<SumBackward0>)
LOSS: 0.018678532913327217
PPO-LOSS: 0.019022559747099876
tensor(1.0624e-05, device='cuda:0', grad_fn=<SumBackward0>)
LOSS: 0.011040188372135162
PPO-LOSS: 0.018659815192222595
tensor(0.0011, device='cuda:0', grad_fn=<SumBackward0>)
LOSS: 0.013453700579702854
PPO-LOSS: 0.018535733222961426
tensor(0.0006, device='cuda:0', grad_fn=<SumBackward0>)
LOSS: 0.027922695502638817
PPO-LOSS: 0.027937151491642
tensor(1.8322e-07, device='cuda:0', grad_fn=<SumBackward0>)
LOSS: 0.027931833639740944
PPO-LOSS: 0.027931833639740944
tensor(0., device='cuda:0', grad_fn=<SumBackward0>)
LOSS: 0.02771192416548729
PPO-LOSS: 0.027739237993955612
tensor(2.1940e-07, device='cuda:0', grad_fn=<SumBackward0>)
LOSS: 0.02398070879280567
PPO-LOSS: 0.02738243341445923
tensor(0.0002, device='cuda:0', grad_fn=<SumBackward0>)
LOSS: 0.01971098594367504
PPO-LOSS: 0.027087785303592682
tensor(0.0006, device='cuda:0', grad_fn=<SumBackward0>)
LOSS: 0.0269530788064003
PPO-LOSS: 0.027080874890089035
tensor(9.4303e-06, device='cuda:0', grad_fn=<SumBackward0>)
LOSS: 0.02651011385023594
PPO-LOSS: 0.026902327314019203
tensor(1.4717e-05, device='cuda:0', grad_fn=<SumBackward0>)
LOSS: 0.020825250074267387
PPO-LOSS: 0.026580743491649628
tensor(0.0004, device='cuda:0', grad_fn=<SumBackward0>)
LOSS: 0.026359716430306435
PPO-LOSS: 0.026443295180797577
tensor(8.0570e-06, device='cuda:0', grad_fn=<SumBackward0>)
LOSS: 0.025633791461586952
PPO-LOSS: 0.026140235364437103
tensor(2.7777e-05, device='cuda:0', grad_fn=<SumBackward0>)
LOSS: 0.02671082317829132
PPO-LOSS: 0.03845493495464325
tensor(0.0008, device='cuda:0', grad_fn=<SumBackward0>)
LOSS: 0.035680048167705536
PPO-LOSS: 0.038444530218839645
tensor(7.8043e-05, device='cuda:0', grad_fn=<SumBackward0>)
LOSS: 0.030817696824669838
PPO-LOSS: 0.03831286355853081
tensor(0.0003, device='cuda:0', grad_fn=<SumBackward0>)
LOSS: 0.03832471743226051
PPO-LOSS: 0.03832471743226051
tensor(0., device='cuda:0', grad_fn=<SumBackward0>)
LOSS: 0.038062237203121185
PPO-LOSS: 0.03806695342063904
tensor(3.4181e-09, device='cuda:0', grad_fn=<SumBackward0>)
LOSS: 0.03163130208849907
PPO-LOSS: 0.037569183856248856
tensor(0.0002, device='cuda:0', grad_fn=<SumBackward0>)
LOSS: 0.026402411982417107
PPO-LOSS: 0.03715219721198082
tensor(0.0004, device='cuda:0', grad_fn=<SumBackward0>)
LOSS: 0.03270423784852028
PPO-LOSS: 0.03700254112482071
tensor(0.0001, device='cuda:0', grad_fn=<SumBackward0>)
LOSS: 0.032148994505405426
PPO-LOSS: 0.03686372935771942
tensor(0.0001, device='cuda:0', grad_fn=<SumBackward0>)
LOSS: 0.0359952375292778
PPO-LOSS: 0.0367407351732254
tensor(6.1961e-06, device='cuda:0', grad_fn=<SumBackward0>)
LOSS: 0.03991534188389778
PPO-LOSS: 0.04624676704406738
tensor(0.0001, device='cuda:0', grad_fn=<SumBackward0>)
LOSS: 0.04422107711434364
PPO-LOSS: 0.04614885896444321
tensor(2.3982e-05, device='cuda:0', grad_fn=<SumBackward0>)
LOSS: 0.04001666605472565
PPO-LOSS: 0.045883163809776306
tensor(0.0002, device='cuda:0', grad_fn=<SumBackward0>)
LOSS: 0.04514153674244881
PPO-LOSS: 0.045650873333215714
tensor(3.4203e-06, device='cuda:0', grad_fn=<SumBackward0>)
LOSS: 0.03844022750854492
PPO-LOSS: 0.04520701617002487
tensor(0.0002, device='cuda:0', grad_fn=<SumBackward0>)
LOSS: 0.026292143389582634
PPO-LOSS: 0.04484177008271217
tensor(0.0008, device='cuda:0', grad_fn=<SumBackward0>)
LOSS: 0.03980517387390137
PPO-LOSS: 0.044827233999967575
tensor(0.0001, device='cuda:0', grad_fn=<SumBackward0>)
LOSS: 0.04454483836889267
PPO-LOSS: 0.04478883743286133
tensor(3.8731e-06, device='cuda:0', grad_fn=<SumBackward0>)
LOSS: 0.04269498214125633
PPO-LOSS: 0.04450592026114464
tensor(4.7911e-05, device='cuda:0', grad_fn=<SumBackward0>)
LOSS: 0.027405330911278725
PPO-LOSS: 0.04407584294676781
tensor(0.0008, device='cuda:0', grad_fn=<SumBackward0>)
LOSS: 0.05853566527366638
PPO-LOSS: 0.06508039683103561
tensor(0.0001, device='cuda:0', grad_fn=<SumBackward0>)
LOSS: 0.06278565526008606
PPO-LOSS: 0.06505782157182693
tensor(5.2553e-05, device='cuda:0', grad_fn=<SumBackward0>)
LOSS: 0.04717240110039711
PPO-LOSS: 0.06473571062088013
tensor(0.0006, device='cuda:0', grad_fn=<SumBackward0>)
LOSS: 0.05873708426952362
PPO-LOSS: 0.0647270455956459
tensor(0.0001, device='cuda:0', grad_fn=<SumBackward0>)
LOSS: 0.0563468337059021
PPO-LOSS: 0.06457504630088806
tensor(0.0001, device='cuda:0', grad_fn=<SumBackward0>)
LOSS: 0.0641009509563446
PPO-LOSS: 0.06438591331243515
tensor(7.3620e-07, device='cuda:0', grad_fn=<SumBackward0>)
LOSS: 0.02940799668431282
PPO-LOSS: 0.0638364851474762
tensor(0.0016, device='cuda:0', grad_fn=<SumBackward0>)
LOSS: 0.04875567927956581
PPO-LOSS: 0.06372129172086716
tensor(0.0003, device='cuda:0', grad_fn=<SumBackward0>)
LOSS: 0.06384291499853134
PPO-LOSS: 0.06384291499853134
tensor(0., device='cuda:0', grad_fn=<SumBackward0>)
LOSS: 0.0635564848780632
PPO-LOSS: 0.0635564848780632
tensor(0., device='cuda:0', grad_fn=<SumBackward0>)
LOSS: 0.013858416117727757
PPO-LOSS: 0.020464330911636353
tensor(0.0011, device='cuda:0', grad_fn=<SumBackward0>)
LOSS: 0.019563347101211548
PPO-LOSS: 0.020516378805041313
tensor(4.8270e-05, device='cuda:0', grad_fn=<SumBackward0>)
LOSS: 0.01979728415608406
PPO-LOSS: 0.020487230271100998
tensor(2.1828e-05, device='cuda:0', grad_fn=<SumBackward0>)
LOSS: 0.014024399220943451
PPO-LOSS: 0.02037438377737999
tensor(0.0007, device='cuda:0', grad_fn=<SumBackward0>)
LOSS: 0.020364901050925255
PPO-LOSS: 0.020438404753804207
tensor(1.3217e-06, device='cuda:0', grad_fn=<SumBackward0>)
LOSS: 0.020285887643694878
PPO-LOSS: 0.02037021704018116
tensor(1.4670e-06, device='cuda:0', grad_fn=<SumBackward0>)
LOSS: 0.01963694393634796
PPO-LOSS: 0.020180894061923027
tensor(2.5407e-05, device='cuda:0', grad_fn=<SumBackward0>)
LOSS: 0.01737051084637642
PPO-LOSS: 0.01990957371890545
tensor(0.0002, device='cuda:0', grad_fn=<SumBackward0>)
LOSS: 0.019414320588111877
PPO-LOSS: 0.01967656798660755
tensor(8.9769e-06, device='cuda:0', grad_fn=<SumBackward0>)
LOSS: 0.016994711011648178
PPO-LOSS: 0.019356744363904
tensor(0.0002, device='cuda:0', grad_fn=<SumBackward0>)
LOSS: 0.0369991734623909
PPO-LOSS: 0.03756209835410118
tensor(1.5971e-05, device='cuda:0', grad_fn=<SumBackward0>)
LOSS: 0.03576008230447769
PPO-LOSS: 0.03750858083367348
tensor(5.0876e-05, device='cuda:0', grad_fn=<SumBackward0>)
LOSS: 0.02118491753935814
PPO-LOSS: 0.0373234786093235
tensor(0.0012, device='cuda:0', grad_fn=<SumBackward0>)
LOSS: 0.032196782529354095
PPO-LOSS: 0.03745720908045769
tensor(0.0003, device='cuda:0', grad_fn=<SumBackward0>)
LOSS: 0.03745315223932266
PPO-LOSS: 0.0376104861497879
tensor(1.0609e-06, device='cuda:0', grad_fn=<SumBackward0>)
LOSS: 0.03727942332625389
PPO-LOSS: 0.037520021200180054
tensor(9.7760e-07, device='cuda:0', grad_fn=<SumBackward0>)
LOSS: 0.02282889001071453
PPO-LOSS: 0.03721461072564125
tensor(0.0010, device='cuda:0', grad_fn=<SumBackward0>)
LOSS: 0.035385508090257645
PPO-LOSS: 0.03715889900922775
tensor(5.4391e-05, device='cuda:0', grad_fn=<SumBackward0>)
LOSS: 0.028328323736786842
PPO-LOSS: 0.03698286414146423
tensor(0.0004, device='cuda:0', grad_fn=<SumBackward0>)
LOSS: 0.037088021636009216
PPO-LOSS: 0.037088021636009216
tensor(0., device='cuda:0', grad_fn=<SumBackward0>)
LOSS: 0.07405068725347519
PPO-LOSS: 0.07520183175802231
tensor(2.3138e-05, device='cuda:0', grad_fn=<SumBackward0>)
LOSS: 0.033413149416446686
PPO-LOSS: 0.07457368820905685
tensor(0.0024, device='cuda:0', grad_fn=<SumBackward0>)
LOSS: 0.037853628396987915
PPO-LOSS: 0.07454507797956467
tensor(0.0015, device='cuda:0', grad_fn=<SumBackward0>)
LOSS: 0.07440429925918579
PPO-LOSS: 0.07509174942970276
tensor(5.2531e-06, device='cuda:0', grad_fn=<SumBackward0>)
LOSS: 0.07141129672527313
PPO-LOSS: 0.07489927858114243
tensor(6.3128e-05, device='cuda:0', grad_fn=<SumBackward0>)
LOSS: 0.03940350562334061
PPO-LOSS: 0.07413984090089798
tensor(0.0018, device='cuda:0', grad_fn=<SumBackward0>)
LOSS: 0.044195737689733505
PPO-LOSS: 0.07405059039592743
tensor(0.0015, device='cuda:0', grad_fn=<SumBackward0>)
LOSS: 0.0732545331120491
PPO-LOSS: 0.07456070184707642
tensor(1.3523e-05, device='cuda:0', grad_fn=<SumBackward0>)
LOSS: 0.0743192657828331
PPO-LOSS: 0.07435283064842224
tensor(4.5433e-08, device='cuda:0', grad_fn=<SumBackward0>)
LOSS: 0.04081384465098381
PPO-LOSS: 0.07350210100412369
tensor(0.0010, device='cuda:0', grad_fn=<SumBackward0>)
LOSS: 0.03315091133117676
PPO-LOSS: 0.05416327342391014
tensor(0.0008, device='cuda:0', grad_fn=<SumBackward0>)
LOSS: 0.0545034296810627
PPO-LOSS: 0.0545034296810627
tensor(0., device='cuda:0', grad_fn=<SumBackward0>)
LOSS: 0.05431681126356125
PPO-LOSS: 0.054370179772377014
tensor(1.6189e-07, device='cuda:0', grad_fn=<SumBackward0>)
LOSS: 0.01981433294713497
PPO-LOSS: 0.053825270384550095
tensor(0.0037, device='cuda:0', grad_fn=<SumBackward0>)
LOSS: 0.028949560597538948
PPO-LOSS: 0.05374453589320183
tensor(0.0010, device='cuda:0', grad_fn=<SumBackward0>)
LOSS: 0.054064612835645676
PPO-LOSS: 0.054064612835645676
tensor(0., device='cuda:0', grad_fn=<SumBackward0>)
LOSS: 0.053923457860946655
PPO-LOSS: 0.053923457860946655
tensor(0., device='cuda:0', grad_fn=<SumBackward0>)
LOSS: 0.04858163744211197
PPO-LOSS: 0.05336261913180351
tensor(7.6257e-05, device='cuda:0', grad_fn=<SumBackward0>)
LOSS: 0.021358337253332138
PPO-LOSS: 0.05267026647925377
tensor(0.0031, device='cuda:0', grad_fn=<SumBackward0>)
LOSS: 0.026539253070950508
PPO-LOSS: 0.05243676155805588
tensor(0.0015, device='cuda:0', grad_fn=<SumBackward0>)
LOSS: 0.03246317431330681
PPO-LOSS: 0.032654207199811935
tensor(4.8548e-06, device='cuda:0', grad_fn=<SumBackward0>)
LOSS: 0.03260468319058418
PPO-LOSS: 0.03260468319058418
tensor(0., device='cuda:0', grad_fn=<SumBackward0>)
LOSS: 0.03230178728699684
PPO-LOSS: 0.03230178728699684
tensor(0., device='cuda:0', grad_fn=<SumBackward0>)
LOSS: 0.021352995187044144
PPO-LOSS: 0.03177373483777046
tensor(0.0007, device='cuda:0', grad_fn=<SumBackward0>)
LOSS: 0.029282504692673683
PPO-LOSS: 0.03152436390519142
tensor(5.5042e-05, device='cuda:0', grad_fn=<SumBackward0>)
LOSS: 0.02797793596982956
PPO-LOSS: 0.03117011860013008
tensor(0.0001, device='cuda:0', grad_fn=<SumBackward0>)
LOSS: 0.026860179379582405
PPO-LOSS: 0.03076425939798355
tensor(0.0001, device='cuda:0', grad_fn=<SumBackward0>)
LOSS: 0.029965437948703766
PPO-LOSS: 0.030368264764547348
tensor(8.7248e-06, device='cuda:0', grad_fn=<SumBackward0>)
LOSS: 0.019119974225759506
PPO-LOSS: 0.029774241149425507
tensor(0.0009, device='cuda:0', grad_fn=<SumBackward0>)
LOSS: 0.028967056423425674
PPO-LOSS: 0.02945316955447197
tensor(6.7531e-06, device='cuda:0', grad_fn=<SumBackward0>)
LOSS: 0.06958836317062378
PPO-LOSS: 0.08005590736865997
tensor(0.0001, device='cuda:0', grad_fn=<SumBackward0>)
LOSS: 0.04540196806192398
PPO-LOSS: 0.07923329621553421
tensor(0.0008, device='cuda:0', grad_fn=<SumBackward0>)
LOSS: 0.07724325358867645
PPO-LOSS: 0.0790085643529892
tensor(1.7241e-05, device='cuda:0', grad_fn=<SumBackward0>)
LOSS: 0.05749743804335594
PPO-LOSS: 0.07797760516405106
tensor(0.0003, device='cuda:0', grad_fn=<SumBackward0>)
LOSS: 0.06584224849939346
PPO-LOSS: 0.07714997231960297
tensor(0.0001, device='cuda:0', grad_fn=<SumBackward0>)
LOSS: 0.05822659656405449
PPO-LOSS: 0.07606832683086395
tensor(0.0003, device='cuda:0', grad_fn=<SumBackward0>)
LOSS: 0.06813602894544601
PPO-LOSS: 0.07512980699539185
tensor(9.7075e-05, device='cuda:0', grad_fn=<SumBackward0>)
LOSS: 0.055022869259119034
PPO-LOSS: 0.07373789697885513
tensor(0.0003, device='cuda:0', grad_fn=<SumBackward0>)
LOSS: 0.06600391119718552
PPO-LOSS: 0.07262354344129562
tensor(8.3688e-05, device='cuda:0', grad_fn=<SumBackward0>)
LOSS: 0.03295870125293732
PPO-LOSS: 0.07197937369346619
tensor(0.0019, device='cuda:0', grad_fn=<SumBackward0>)
LOSS: 0.06817971169948578
PPO-LOSS: 0.07158731669187546
tensor(2.7745e-05, device='cuda:0', grad_fn=<SumBackward0>)
LOSS: 0.04571099579334259
PPO-LOSS: 0.07126107066869736
tensor(0.0007, device='cuda:0', grad_fn=<SumBackward0>)
LOSS: 0.07129709422588348
PPO-LOSS: 0.07144754379987717
tensor(7.4962e-07, device='cuda:0', grad_fn=<SumBackward0>)
LOSS: 0.05068554729223251
PPO-LOSS: 0.07089291512966156
tensor(0.0005, device='cuda:0', grad_fn=<SumBackward0>)
LOSS: 0.06462651491165161
PPO-LOSS: 0.0708160251379013
tensor(6.9638e-05, device='cuda:0', grad_fn=<SumBackward0>)
LOSS: 0.043227680027484894
PPO-LOSS: 0.07032648473978043
tensor(0.0008, device='cuda:0', grad_fn=<SumBackward0>)
LOSS: 0.07022234797477722
PPO-LOSS: 0.07041412591934204
tensor(6.3822e-07, device='cuda:0', grad_fn=<SumBackward0>)
LOSS: 0.05141003802418709
PPO-LOSS: 0.0697609931230545
tensor(0.0004, device='cuda:0', grad_fn=<SumBackward0>)
LOSS: 0.05832189694046974
PPO-LOSS: 0.06948921084403992
tensor(0.0001, device='cuda:0', grad_fn=<SumBackward0>)
LOSS: 0.06270796805620193
PPO-LOSS: 0.06911065429449081
tensor(6.2484e-05, device='cuda:0', grad_fn=<SumBackward0>)
LOSS: 0.03880760446190834
PPO-LOSS: 0.08955216407775879
tensor(0.0018, device='cuda:0', grad_fn=<SumBackward0>)
LOSS: 0.07974088937044144
PPO-LOSS: 0.08983725309371948
tensor(0.0001, device='cuda:0', grad_fn=<SumBackward0>)
LOSS: 0.07885092496871948
PPO-LOSS: 0.08962462842464447
tensor(0.0001, device='cuda:0', grad_fn=<SumBackward0>)
LOSS: 0.04097782447934151
PPO-LOSS: 0.089036725461483
tensor(0.0014, device='cuda:0', grad_fn=<SumBackward0>)
LOSS: 0.08764562755823135
PPO-LOSS: 0.0892217606306076
tensor(2.2166e-05, device='cuda:0', grad_fn=<SumBackward0>)
LOSS: 0.04809042066335678
PPO-LOSS: 0.08854103833436966
tensor(0.0012, device='cuda:0', grad_fn=<SumBackward0>)
LOSS: 0.08713455498218536
PPO-LOSS: 0.08852799981832504
tensor(1.5421e-05, device='cuda:0', grad_fn=<SumBackward0>)
LOSS: 0.03789258375763893
PPO-LOSS: 0.08767113089561462
tensor(0.0019, device='cuda:0', grad_fn=<SumBackward0>)
LOSS: 0.08062970638275146
PPO-LOSS: 0.08755791932344437
tensor(5.5993e-05, device='cuda:0', grad_fn=<SumBackward0>)
LOSS: 0.04794103652238846
PPO-LOSS: 0.0868639349937439
tensor(0.0012, device='cuda:0', grad_fn=<SumBackward0>)
LOSS: 0.1445879340171814
PPO-LOSS: 0.14549601078033447
tensor(4.7934e-06, device='cuda:0', grad_fn=<SumBackward0>)
LOSS: 0.10289190709590912
PPO-LOSS: 0.14449980854988098
tensor(0.0006, device='cuda:0', grad_fn=<SumBackward0>)
LOSS: 0.08788952976465225
PPO-LOSS: 0.1436978429555893
tensor(0.0007, device='cuda:0', grad_fn=<SumBackward0>)
LOSS: 0.14323729276657104
PPO-LOSS: 0.1438143104314804
tensor(1.4086e-06, device='cuda:0', grad_fn=<SumBackward0>)
LOSS: 0.09652960300445557
PPO-LOSS: 0.14269287884235382
tensor(0.0005, device='cuda:0', grad_fn=<SumBackward0>)
LOSS: 0.141393780708313
PPO-LOSS: 0.14235064387321472
tensor(2.5381e-06, device='cuda:0', grad_fn=<SumBackward0>)
LOSS: 0.05040565878152847
PPO-LOSS: 0.1408006101846695
tensor(0.0028, device='cuda:0', grad_fn=<SumBackward0>)
LOSS: 0.07912859320640564
PPO-LOSS: 0.14035272598266602
tensor(0.0009, device='cuda:0', grad_fn=<SumBackward0>)
LOSS: 0.1407995969057083
PPO-LOSS: 0.1407995969057083
tensor(0., device='cuda:0', grad_fn=<SumBackward0>)
LOSS: 0.13992826640605927
PPO-LOSS: 0.13992826640605927
tensor(0., device='cuda:0', grad_fn=<SumBackward0>)
LOSS: 0.05136460065841675
PPO-LOSS: 0.10517991334199905
tensor(0.0019, device='cuda:0', grad_fn=<SumBackward0>)
LOSS: 0.05429932847619057
PPO-LOSS: 0.10446488857269287
tensor(0.0014, device='cuda:0', grad_fn=<SumBackward0>)
LOSS: 0.10451733320951462
PPO-LOSS: 0.10466647148132324
tensor(6.4403e-07, device='cuda:0', grad_fn=<SumBackward0>)
LOSS: 0.0997343435883522
PPO-LOSS: 0.10372758656740189
tensor(2.8760e-05, device='cuda:0', grad_fn=<SumBackward0>)
LOSS: 0.018603743985295296
PPO-LOSS: 0.10174845904111862
tensor(0.0156, device='cuda:0', grad_fn=<SumBackward0>)
LOSS: 0.01772427000105381
PPO-LOSS: 0.10085513442754745
tensor(0.0174, device='cuda:0', grad_fn=<SumBackward0>)
LOSS: 0.06656922399997711
PPO-LOSS: 0.10095290839672089
tensor(0.0008, device='cuda:0', grad_fn=<SumBackward0>)
LOSS: 0.10149896144866943
PPO-LOSS: 0.10149896144866943
tensor(0., device='cuda:0', grad_fn=<SumBackward0>)
LOSS: 0.10088188946247101
PPO-LOSS: 0.10088188946247101
tensor(0., device='cuda:0', grad_fn=<SumBackward0>)
LOSS: 0.07385259121656418
PPO-LOSS: 0.09918899834156036
tensor(0.0006, device='cuda:0', grad_fn=<SumBackward0>)
LOSS: 0.08177833259105682
PPO-LOSS: 0.17687152326107025
tensor(0.0023, device='cuda:0', grad_fn=<SumBackward0>)
LOSS: 0.17639808356761932
PPO-LOSS: 0.1768748164176941
tensor(1.5796e-06, device='cuda:0', grad_fn=<SumBackward0>)
LOSS: 0.07402489334344864
PPO-LOSS: 0.17518530786037445
tensor(0.0030, device='cuda:0', grad_fn=<SumBackward0>)
LOSS: 0.13729000091552734
PPO-LOSS: 0.1749899834394455
tensor(0.0004, device='cuda:0', grad_fn=<SumBackward0>)
LOSS: 0.17352120578289032
PPO-LOSS: 0.1740773767232895
tensor(4.7172e-07, device='cuda:0', grad_fn=<SumBackward0>)
LOSS: 0.02487858384847641
PPO-LOSS: 0.17149989306926727
tensor(0.0265, device='cuda:0', grad_fn=<SumBackward0>)
LOSS: 0.02371532842516899
PPO-LOSS: 0.170853391289711
tensor(0.0335, device='cuda:0', grad_fn=<SumBackward0>)
LOSS: 0.09717636555433273
PPO-LOSS: 0.17192763090133667
tensor(0.0013, device='cuda:0', grad_fn=<SumBackward0>)
LOSS: 0.17417554557323456
PPO-LOSS: 0.17417554557323456
tensor(0., device='cuda:0', grad_fn=<SumBackward0>)
LOSS: 0.17483629286289215
PPO-LOSS: 0.17483629286289215
tensor(0., device='cuda:0', grad_fn=<SumBackward0>)
LOSS: 0.19723322987556458
PPO-LOSS: 0.19723322987556458
tensor(0., device='cuda:0', grad_fn=<SumBackward0>)
LOSS: 0.07878120243549347
PPO-LOSS: 0.19397619366645813
tensor(0.0031, device='cuda:0', grad_fn=<SumBackward0>)
LOSS: 0.03766656294465065
PPO-LOSS: 0.19282865524291992
tensor(0.0136, device='cuda:0', grad_fn=<SumBackward0>)
LOSS: 0.12038490176200867
PPO-LOSS: 0.19371046125888824
tensor(0.0011, device='cuda:0', grad_fn=<SumBackward0>)
LOSS: 0.19546565413475037
PPO-LOSS: 0.19546565413475037
tensor(0., device='cuda:0', grad_fn=<SumBackward0>)
LOSS: 0.18057364225387573
PPO-LOSS: 0.19500194489955902
tensor(8.7523e-05, device='cuda:0', grad_fn=<SumBackward0>)
LOSS: 0.047808531671762466
PPO-LOSS: 0.1925850212574005
tensor(0.0155, device='cuda:0', grad_fn=<SumBackward0>)
LOSS: 0.04923245683312416
PPO-LOSS: 0.19200940430164337
tensor(0.0125, device='cuda:0', grad_fn=<SumBackward0>)
LOSS: 0.18873712420463562
PPO-LOSS: 0.19310005009174347
tensor(2.1347e-05, device='cuda:0', grad_fn=<SumBackward0>)
LOSS: 0.15906038880348206
PPO-LOSS: 0.19211798906326294
tensor(0.0003, device='cuda:0', grad_fn=<SumBackward0>)
LOSS: 0.035591136664152145
PPO-LOSS: 0.2014695554971695
tensor(0.0135, device='cuda:0', grad_fn=<SumBackward0>)
LOSS: 0.03067050129175186
PPO-LOSS: 0.20090901851654053
tensor(0.0205, device='cuda:0', grad_fn=<SumBackward0>)
LOSS: 0.15813714265823364
PPO-LOSS: 0.20219363272190094
tensor(0.0003, device='cuda:0', grad_fn=<SumBackward0>)
LOSS: 0.19736601412296295
PPO-LOSS: 0.20196695625782013
tensor(1.5944e-05, device='cuda:0', grad_fn=<SumBackward0>)
LOSS: 0.05196288600564003
PPO-LOSS: 0.19979630410671234
tensor(0.0084, device='cuda:0', grad_fn=<SumBackward0>)
LOSS: 0.11014065146446228
PPO-LOSS: 0.19953660666942596
tensor(0.0011, device='cuda:0', grad_fn=<SumBackward0>)
LOSS: 0.2006421834230423
PPO-LOSS: 0.2006421834230423
tensor(0., device='cuda:0', grad_fn=<SumBackward0>)
LOSS: 0.19887952506542206
PPO-LOSS: 0.19968441128730774
tensor(1.4293e-06, device='cuda:0', grad_fn=<SumBackward0>)
LOSS: 0.04021917283535004
PPO-LOSS: 0.19684764742851257
tensor(0.0155, device='cuda:0', grad_fn=<SumBackward0>)
LOSS: 0.033866215497255325
PPO-LOSS: 0.19594871997833252
tensor(0.0194, device='cuda:0', grad_fn=<SumBackward0>)
LOSS: 0.09226348996162415
PPO-LOSS: 0.1017553061246872
tensor(0.0001, device='cuda:0', grad_fn=<SumBackward0>)
LOSS: 0.09764166176319122
PPO-LOSS: 0.10144948959350586
tensor(6.0236e-05, device='cuda:0', grad_fn=<SumBackward0>)
LOSS: 0.030311740934848785
PPO-LOSS: 0.09990538656711578
tensor(0.0068, device='cuda:0', grad_fn=<SumBackward0>)
LOSS: 0.039565782994031906
PPO-LOSS: 0.09954391419887543
tensor(0.0026, device='cuda:0', grad_fn=<SumBackward0>)
LOSS: 0.09901446104049683
PPO-LOSS: 0.10032987594604492
tensor(1.2130e-05, device='cuda:0', grad_fn=<SumBackward0>)
LOSS: 0.07049176096916199
PPO-LOSS: 0.09980182349681854
tensor(0.0008, device='cuda:0', grad_fn=<SumBackward0>)
LOSS: 0.09918396919965744
PPO-LOSS: 0.10001471638679504
tensor(9.9571e-06, device='cuda:0', grad_fn=<SumBackward0>)
LOSS: 0.056738365441560745
PPO-LOSS: 0.09893705695867538
tensor(0.0011, device='cuda:0', grad_fn=<SumBackward0>)
LOSS: 0.09607807546854019
PPO-LOSS: 0.09922470152378082
tensor(2.2278e-05, device='cuda:0', grad_fn=<SumBackward0>)
LOSS: 0.020089920610189438
PPO-LOSS: 0.09840768575668335
tensor(0.0179, device='cuda:0', grad_fn=<SumBackward0>)
LOSS: 0.043092887848615646
PPO-LOSS: 0.12618473172187805
tensor(0.0056, device='cuda:0', grad_fn=<SumBackward0>)
LOSS: 0.12778042256832123
PPO-LOSS: 0.12778042256832123
tensor(0., device='cuda:0', grad_fn=<SumBackward0>)
LOSS: 0.12770505249500275
PPO-LOSS: 0.12770505249500275
tensor(0., device='cuda:0', grad_fn=<SumBackward0>)
LOSS: 0.11503422260284424
PPO-LOSS: 0.12614122033119202
tensor(7.0525e-05, device='cuda:0', grad_fn=<SumBackward0>)
LOSS: 0.013169093057513237
PPO-LOSS: 0.12334796041250229
tensor(0.1250, device='cuda:0', grad_fn=<SumBackward0>)
LOSS: 0.01368693821132183
PPO-LOSS: 0.12231903523206711
tensor(0.2509, device='cuda:0', grad_fn=<SumBackward0>)
LOSS: 0.013188330456614494
PPO-LOSS: 0.12280932813882828
tensor(0.1438, device='cuda:0', grad_fn=<SumBackward0>)
LOSS: 0.03699054196476936
PPO-LOSS: 0.12464874982833862
tensor(0.0050, device='cuda:0', grad_fn=<SumBackward0>)
LOSS: 0.12769418954849243
PPO-LOSS: 0.12769418954849243
tensor(0., device='cuda:0', grad_fn=<SumBackward0>)
LOSS: 0.12899313867092133
PPO-LOSS: 0.12899313867092133
tensor(0., device='cuda:0', grad_fn=<SumBackward0>)
LOSS: 0.15952788293361664
PPO-LOSS: 0.15952788293361664
tensor(0., device='cuda:0', grad_fn=<SumBackward0>)
LOSS: 0.1574581265449524
PPO-LOSS: 0.1574581265449524
tensor(0., device='cuda:0', grad_fn=<SumBackward0>)
LOSS: 0.08116646856069565
PPO-LOSS: 0.1539234071969986
tensor(0.0023, device='cuda:0', grad_fn=<SumBackward0>)
LOSS: 0.02300579659640789
PPO-LOSS: 0.15202076733112335
tensor(0.0242, device='cuda:0', grad_fn=<SumBackward0>)
LOSS: 0.03228146210312843
PPO-LOSS: 0.15183421969413757
tensor(0.0133, device='cuda:0', grad_fn=<SumBackward0>)
LOSS: 0.14502224326133728
PPO-LOSS: 0.15318511426448822
tensor(6.2309e-05, device='cuda:0', grad_fn=<SumBackward0>)
LOSS: 0.14422787725925446
PPO-LOSS: 0.15278074145317078
tensor(6.3333e-05, device='cuda:0', grad_fn=<SumBackward0>)
LOSS: 0.036056697368621826
PPO-LOSS: 0.15082447230815887
tensor(0.0092, device='cuda:0', grad_fn=<SumBackward0>)
LOSS: 0.04229581728577614
PPO-LOSS: 0.1505884826183319
tensor(0.0056, device='cuda:0', grad_fn=<SumBackward0>)
LOSS: 0.15174826979637146
PPO-LOSS: 0.15193191170692444
tensor(4.9083e-07, device='cuda:0', grad_fn=<SumBackward0>)
LOSS: 0.1647760421037674
PPO-LOSS: 0.16907460987567902
tensor(2.2012e-05, device='cuda:0', grad_fn=<SumBackward0>)
LOSS: 0.028685402125120163
PPO-LOSS: 0.16716784238815308
tensor(0.0195, device='cuda:0', grad_fn=<SumBackward0>)
LOSS: 0.03035162389278412
PPO-LOSS: 0.16701816022396088
tensor(0.0154, device='cuda:0', grad_fn=<SumBackward0>)
LOSS: 0.16586774587631226
PPO-LOSS: 0.16846290230751038
tensor(7.6938e-06, device='cuda:0', grad_fn=<SumBackward0>)
LOSS: 0.1602717936038971
PPO-LOSS: 0.1680031269788742
tensor(3.8176e-05, device='cuda:0', grad_fn=<SumBackward0>)
LOSS: 0.023303493857383728
PPO-LOSS: 0.16582374274730682
tensor(0.0349, device='cuda:0', grad_fn=<SumBackward0>)
LOSS: 0.02223815768957138
PPO-LOSS: 0.16548117995262146
tensor(0.0416, device='cuda:0', grad_fn=<SumBackward0>)
LOSS: 0.08915508538484573
PPO-LOSS: 0.16675321757793427
tensor(0.0012, device='cuda:0', grad_fn=<SumBackward0>)
LOSS: 0.16927896440029144
PPO-LOSS: 0.16927896440029144
tensor(0., device='cuda:0', grad_fn=<SumBackward0>)
LOSS: 0.1697964072227478
PPO-LOSS: 0.1697964072227478
tensor(0., device='cuda:0', grad_fn=<SumBackward0>)
LOSS: 0.176128551363945
PPO-LOSS: 0.176128551363945
tensor(0., device='cuda:0', grad_fn=<SumBackward0>)
LOSS: 0.09884996712207794
PPO-LOSS: 0.173384428024292
tensor(0.0011, device='cuda:0', grad_fn=<SumBackward0>)
LOSS: 0.037648554891347885
PPO-LOSS: 0.17192813754081726
tensor(0.0089, device='cuda:0', grad_fn=<SumBackward0>)
LOSS: 0.133329838514328
PPO-LOSS: 0.17191219329833984
tensor(0.0004, device='cuda:0', grad_fn=<SumBackward0>)
LOSS: 0.16297492384910583
PPO-LOSS: 0.17115440964698792
tensor(7.3423e-05, device='cuda:0', grad_fn=<SumBackward0>)
LOSS: 0.039121244102716446
PPO-LOSS: 0.16889062523841858
tensor(0.0112, device='cuda:0', grad_fn=<SumBackward0>)
LOSS: 0.04114101827144623
PPO-LOSS: 0.16929230093955994
tensor(0.0120, device='cuda:0', grad_fn=<SumBackward0>)
LOSS: 0.16497711837291718
PPO-LOSS: 0.17121350765228271
tensor(3.1686e-05, device='cuda:0', grad_fn=<SumBackward0>)
LOSS: 0.16934673488140106
PPO-LOSS: 0.1714784950017929
tensor(7.9128e-06, device='cuda:0', grad_fn=<SumBackward0>)
LOSS: 0.056047264486551285
PPO-LOSS: 0.1698526293039322
tensor(0.0038, device='cuda:0', grad_fn=<SumBackward0>)
LOSS: 0.04883112758398056
PPO-LOSS: 0.10758423805236816
tensor(0.0017, device='cuda:0', grad_fn=<SumBackward0>)
LOSS: 0.1071510910987854
PPO-LOSS: 0.10804484039545059
tensor(8.3018e-06, device='cuda:0', grad_fn=<SumBackward0>)
LOSS: 0.10556428879499435
PPO-LOSS: 0.10704121738672256
tensor(1.0009e-05, device='cuda:0', grad_fn=<SumBackward0>)
LOSS: 0.025061218068003654
PPO-LOSS: 0.10479886829853058
tensor(0.0084, device='cuda:0', grad_fn=<SumBackward0>)
LOSS: 0.034023988991975784
PPO-LOSS: 0.1038409173488617
tensor(0.0034, device='cuda:0', grad_fn=<SumBackward0>)
LOSS: 0.10339163988828659
PPO-LOSS: 0.10412746667861938
tensor(3.3713e-06, device='cuda:0', grad_fn=<SumBackward0>)
LOSS: 0.07453314960002899
PPO-LOSS: 0.10312749445438385
tensor(0.0005, device='cuda:0', grad_fn=<SumBackward0>)
LOSS: 0.09925179183483124
PPO-LOSS: 0.10305628180503845
tensor(4.0416e-05, device='cuda:0', grad_fn=<SumBackward0>)
LOSS: 0.03837833181023598
PPO-LOSS: 0.10212954133749008
tensor(0.0040, device='cuda:0', grad_fn=<SumBackward0>)
LOSS: 0.0904335230588913
PPO-LOSS: 0.10263961553573608
tensor(9.9774e-05, device='cuda:0', grad_fn=<SumBackward0>)
LOSS: 0.05897270888090134
PPO-LOSS: 0.1249462217092514
tensor(0.0017, device='cuda:0', grad_fn=<SumBackward0>)
LOSS: 0.11804984509944916
PPO-LOSS: 0.12548518180847168
tensor(4.6180e-05, device='cuda:0', grad_fn=<SumBackward0>)
LOSS: 0.03258298709988594
PPO-LOSS: 0.12459451705217361
tensor(0.0074, device='cuda:0', grad_fn=<SumBackward0>)
LOSS: 0.08830135315656662
PPO-LOSS: 0.12484554946422577
tensor(0.0005, device='cuda:0', grad_fn=<SumBackward0>)
LOSS: 0.12547516822814941
PPO-LOSS: 0.12547516822814941
tensor(0., device='cuda:0', grad_fn=<SumBackward0>)
LOSS: 0.12474445253610611
PPO-LOSS: 0.12474445253610611
tensor(0., device='cuda:0', grad_fn=<SumBackward0>)
LOSS: 0.028455620631575584
PPO-LOSS: 0.1228552982211113
tensor(0.0112, device='cuda:0', grad_fn=<SumBackward0>)
LOSS: 0.023114511743187904
PPO-LOSS: 0.12229888141155243
tensor(0.0197, device='cuda:0', grad_fn=<SumBackward0>)
LOSS: 0.07428628206253052
PPO-LOSS: 0.1228913888335228
tensor(0.0009, device='cuda:0', grad_fn=<SumBackward0>)
LOSS: 0.12431667745113373
PPO-LOSS: 0.12431667745113373
tensor(0., device='cuda:0', grad_fn=<SumBackward0>)
LOSS: 0.11149123311042786
PPO-LOSS: 0.11149123311042786
tensor(0., device='cuda:0', grad_fn=<SumBackward0>)
LOSS: 0.1088610291481018
PPO-LOSS: 0.11036525666713715
tensor(1.1489e-05, device='cuda:0', grad_fn=<SumBackward0>)
LOSS: 0.04556836560368538
PPO-LOSS: 0.10821901261806488
tensor(0.0058, device='cuda:0', grad_fn=<SumBackward0>)
LOSS: 0.03944607451558113
PPO-LOSS: 0.10691408812999725
tensor(0.0066, device='cuda:0', grad_fn=<SumBackward0>)
LOSS: 0.0835575982928276
PPO-LOSS: 0.1063992828130722
tensor(0.0004, device='cuda:0', grad_fn=<SumBackward0>)
LOSS: 0.07219722121953964
PPO-LOSS: 0.10570180416107178
tensor(0.0004, device='cuda:0', grad_fn=<SumBackward0>)
LOSS: 0.10277871787548065
PPO-LOSS: 0.1059999093413353
tensor(2.8270e-05, device='cuda:0', grad_fn=<SumBackward0>)
LOSS: 0.05242683365941048
PPO-LOSS: 0.10550893843173981
tensor(0.0017, device='cuda:0', grad_fn=<SumBackward0>)
LOSS: 0.09755545109510422
PPO-LOSS: 0.10603123903274536
tensor(9.2345e-05, device='cuda:0', grad_fn=<SumBackward0>)
LOSS: 0.09642507880926132
PPO-LOSS: 0.10532679408788681
tensor(9.0066e-05, device='cuda:0', grad_fn=<SumBackward0>)
LOSS: 0.02360573783516884
PPO-LOSS: 0.14273642003536224
tensor(0.0240, device='cuda:0', grad_fn=<SumBackward0>)
LOSS: 0.02418465167284012
PPO-LOSS: 0.14235906302928925
tensor(0.0288, device='cuda:0', grad_fn=<SumBackward0>)
LOSS: 0.06752578169107437
PPO-LOSS: 0.14305050671100616
tensor(0.0015, device='cuda:0', grad_fn=<SumBackward0>)
LOSS: 0.14465299248695374
PPO-LOSS: 0.14465299248695374
tensor(0., device='cuda:0', grad_fn=<SumBackward0>)
LOSS: 0.14493271708488464
PPO-LOSS: 0.14493271708488464
tensor(0., device='cuda:0', grad_fn=<SumBackward0>)
LOSS: 0.14397397637367249
PPO-LOSS: 0.14397397637367249
tensor(0., device='cuda:0', grad_fn=<SumBackward0>)
LOSS: 0.10434255003929138
PPO-LOSS: 0.14190852642059326
tensor(0.0006, device='cuda:0', grad_fn=<SumBackward0>)
LOSS: 0.03650974854826927
PPO-LOSS: 0.1401222199201584
tensor(0.0086, device='cuda:0', grad_fn=<SumBackward0>)
LOSS: 0.04587113484740257
PPO-LOSS: 0.13951775431632996
tensor(0.0058, device='cuda:0', grad_fn=<SumBackward0>)
LOSS: 0.10536298155784607
PPO-LOSS: 0.14004488289356232
tensor(0.0007, device='cuda:0', grad_fn=<SumBackward0>)
LOSS: 0.1423363983631134
PPO-LOSS: 0.14312811195850372
tensor(1.7391e-06, device='cuda:0', grad_fn=<SumBackward0>)
LOSS: 0.07487792521715164
PPO-LOSS: 0.14228597283363342
tensor(0.0012, device='cuda:0', grad_fn=<SumBackward0>)
LOSS: 0.13778680562973022
PPO-LOSS: 0.14247345924377441
tensor(3.9244e-05, device='cuda:0', grad_fn=<SumBackward0>)
LOSS: 0.0709628015756607
PPO-LOSS: 0.14150187373161316
tensor(0.0014, device='cuda:0', grad_fn=<SumBackward0>)
LOSS: 0.14098824560642242
PPO-LOSS: 0.14158384501934052
tensor(1.1945e-06, device='cuda:0', grad_fn=<SumBackward0>)
LOSS: 0.08669210970401764
PPO-LOSS: 0.1405295580625534
tensor(0.0012, device='cuda:0', grad_fn=<SumBackward0>)
LOSS: 0.07956252247095108
PPO-LOSS: 0.14003105461597443
tensor(0.0008, device='cuda:0', grad_fn=<SumBackward0>)
LOSS: 0.13988077640533447
PPO-LOSS: 0.14049233496189117
tensor(2.5264e-06, device='cuda:0', grad_fn=<SumBackward0>)
LOSS: 0.10441663861274719
PPO-LOSS: 0.13976922631263733
tensor(0.0004, device='cuda:0', grad_fn=<SumBackward0>)
LOSS: 0.05740984529256821
PPO-LOSS: 0.13930743932724
tensor(0.0021, device='cuda:0', grad_fn=<SumBackward0>)
LOSS: 0.11165083199739456
PPO-LOSS: 0.11217068880796432
tensor(5.8712e-06, device='cuda:0', grad_fn=<SumBackward0>)
LOSS: 0.10793524235486984
PPO-LOSS: 0.11166147887706757
tensor(3.5695e-05, device='cuda:0', grad_fn=<SumBackward0>)
LOSS: 0.015503105707466602
PPO-LOSS: 0.11018798500299454
tensor(0.0268, device='cuda:0', grad_fn=<SumBackward0>)
LOSS: 0.01512876432389021
PPO-LOSS: 0.10979583859443665
tensor(0.0291, device='cuda:0', grad_fn=<SumBackward0>)
LOSS: 0.07253755629062653
PPO-LOSS: 0.1103636845946312
tensor(0.0008, device='cuda:0', grad_fn=<SumBackward0>)
LOSS: 0.11160340905189514
PPO-LOSS: 0.11160340905189514
tensor(0., device='cuda:0', grad_fn=<SumBackward0>)
LOSS: 0.11172366887331009
PPO-LOSS: 0.11172366887331009
tensor(0., device='cuda:0', grad_fn=<SumBackward0>)
LOSS: 0.11083608865737915
PPO-LOSS: 0.11083608865737915
tensor(0., device='cuda:0', grad_fn=<SumBackward0>)
LOSS: 0.05617936700582504
PPO-LOSS: 0.10908748209476471
tensor(0.0011, device='cuda:0', grad_fn=<SumBackward0>)
LOSS: 0.032507020980119705
PPO-LOSS: 0.1083022952079773
tensor(0.0043, device='cuda:0', grad_fn=<SumBackward0>)
LOSS: 0.05653081089258194
PPO-LOSS: 0.08201199769973755
tensor(0.0013, device='cuda:0', grad_fn=<SumBackward0>)
LOSS: 0.08158093690872192
PPO-LOSS: 0.08236672729253769
tensor(1.2945e-05, device='cuda:0', grad_fn=<SumBackward0>)
LOSS: 0.08138980716466904
PPO-LOSS: 0.08159743249416351
tensor(2.2509e-06, device='cuda:0', grad_fn=<SumBackward0>)
LOSS: 0.027881214395165443
PPO-LOSS: 0.07986856997013092
tensor(0.0027, device='cuda:0', grad_fn=<SumBackward0>)
LOSS: 0.020297201350331306
PPO-LOSS: 0.07902824133634567
tensor(0.0058, device='cuda:0', grad_fn=<SumBackward0>)
LOSS: 0.068416066467762
PPO-LOSS: 0.0790046900510788
tensor(0.0002, device='cuda:0', grad_fn=<SumBackward0>)
LOSS: 0.07812396436929703
PPO-LOSS: 0.07850237190723419
tensor(2.1196e-06, device='cuda:0', grad_fn=<SumBackward0>)
LOSS: 0.05199470371007919
PPO-LOSS: 0.07700315117835999
tensor(0.0008, device='cuda:0', grad_fn=<SumBackward0>)
LOSS: 0.07567689567804337
PPO-LOSS: 0.07648331671953201
tensor(1.0608e-05, device='cuda:0', grad_fn=<SumBackward0>)
LOSS: 0.041465941816568375
PPO-LOSS: 0.07533738017082214
tensor(0.0009, device='cuda:0', grad_fn=<SumBackward0>)
LOSS: 0.10882121324539185
PPO-LOSS: 0.1411544382572174
tensor(0.0005, device='cuda:0', grad_fn=<SumBackward0>)
LOSS: 0.1305871605873108
PPO-LOSS: 0.1407717764377594
tensor(8.0511e-05, device='cuda:0', grad_fn=<SumBackward0>)
LOSS: 0.02302774414420128
PPO-LOSS: 0.13931599259376526
tensor(0.0143, device='cuda:0', grad_fn=<SumBackward0>)
LOSS: 0.02705138362944126
PPO-LOSS: 0.1390521079301834
tensor(0.0107, device='cuda:0', grad_fn=<SumBackward0>)
LOSS: 0.13899222016334534
PPO-LOSS: 0.13985857367515564
tensor(3.0584e-06, device='cuda:0', grad_fn=<SumBackward0>)
LOSS: 0.13882774114608765
PPO-LOSS: 0.13945092260837555
tensor(2.0474e-06, device='cuda:0', grad_fn=<SumBackward0>)
LOSS: 0.04056662321090698
PPO-LOSS: 0.1379309445619583
tensor(0.0041, device='cuda:0', grad_fn=<SumBackward0>)
LOSS: 0.05469497665762901
PPO-LOSS: 0.1378335952758789
tensor(0.0024, device='cuda:0', grad_fn=<SumBackward0>)
LOSS: 0.128968745470047
PPO-LOSS: 0.13891799747943878
tensor(0.0001, device='cuda:0', grad_fn=<SumBackward0>)
LOSS: 0.12756991386413574
PPO-LOSS: 0.1387215554714203
tensor(0.0001, device='cuda:0', grad_fn=<SumBackward0>)
LOSS: 0.06416763365268707
PPO-LOSS: 0.1604561060667038
tensor(0.0026, device='cuda:0', grad_fn=<SumBackward0>)
LOSS: 0.07945537567138672
PPO-LOSS: 0.16014017164707184
tensor(0.0017, device='cuda:0', grad_fn=<SumBackward0>)
LOSS: 0.16083921492099762
PPO-LOSS: 0.16099877655506134
tensor(4.0027e-07, device='cuda:0', grad_fn=<SumBackward0>)
LOSS: 0.15913894772529602
PPO-LOSS: 0.16036488115787506
tensor(4.9827e-06, device='cuda:0', grad_fn=<SumBackward0>)
LOSS: 0.04668804630637169
PPO-LOSS: 0.1584284007549286
tensor(0.0056, device='cuda:0', grad_fn=<SumBackward0>)
LOSS: 0.054317303001880646
PPO-LOSS: 0.1579020768404007
tensor(0.0036, device='cuda:0', grad_fn=<SumBackward0>)
LOSS: 0.15810731053352356
PPO-LOSS: 0.15866920351982117
tensor(1.1171e-06, device='cuda:0', grad_fn=<SumBackward0>)
LOSS: 0.14937114715576172
PPO-LOSS: 0.1580325961112976
tensor(7.1991e-05, device='cuda:0', grad_fn=<SumBackward0>)
LOSS: 0.03132687881588936
PPO-LOSS: 0.1560930758714676
tensor(0.0128, device='cuda:0', grad_fn=<SumBackward0>)
LOSS: 0.028786245733499527
PPO-LOSS: 0.15547901391983032
tensor(0.0120, device='cuda:0', grad_fn=<SumBackward0>)
LOSS: 0.13592076301574707
PPO-LOSS: 0.17085471749305725
tensor(0.0004, device='cuda:0', grad_fn=<SumBackward0>)
LOSS: 0.15071932971477509
PPO-LOSS: 0.17066757380962372
tensor(0.0002, device='cuda:0', grad_fn=<SumBackward0>)
LOSS: 0.028753995895385742
PPO-LOSS: 0.1690279096364975
tensor(0.0153, device='cuda:0', grad_fn=<SumBackward0>)
LOSS: 0.03578301891684532
PPO-LOSS: 0.16882000863552094
tensor(0.0085, device='cuda:0', grad_fn=<SumBackward0>)
LOSS: 0.16711220145225525
PPO-LOSS: 0.16987289488315582
tensor(1.1351e-05, device='cuda:0', grad_fn=<SumBackward0>)
LOSS: 0.15977932512760162
PPO-LOSS: 0.16952723264694214
tensor(8.1832e-05, device='cuda:0', grad_fn=<SumBackward0>)
LOSS: 0.1030488833785057
PPO-LOSS: 0.16796953976154327
tensor(0.0015, device='cuda:0', grad_fn=<SumBackward0>)
LOSS: 0.0442805215716362
PPO-LOSS: 0.16736231744289398
tensor(0.0050, device='cuda:0', grad_fn=<SumBackward0>)
LOSS: 0.16505120694637299
PPO-LOSS: 0.16844332218170166
tensor(1.9034e-05, device='cuda:0', grad_fn=<SumBackward0>)
LOSS: 0.09933558106422424
PPO-LOSS: 0.16808739304542542
tensor(0.0007, device='cuda:0', grad_fn=<SumBackward0>)
LOSS: 0.1959715187549591
PPO-LOSS: 0.20361222326755524
tensor(3.8270e-05, device='cuda:0', grad_fn=<SumBackward0>)
LOSS: 0.06860826909542084
PPO-LOSS: 0.20232735574245453
tensor(0.0050, device='cuda:0', grad_fn=<SumBackward0>)
LOSS: 0.10321158915758133
PPO-LOSS: 0.20229096710681915
tensor(0.0019, device='cuda:0', grad_fn=<SumBackward0>)
LOSS: 0.2031693458557129
PPO-LOSS: 0.2031693458557129
tensor(0., device='cuda:0', grad_fn=<SumBackward0>)
LOSS: 0.19963355362415314
PPO-LOSS: 0.20238886773586273
tensor(1.5639e-05, device='cuda:0', grad_fn=<SumBackward0>)
LOSS: 0.03283258154988289
PPO-LOSS: 0.2001035213470459
tensor(0.0185, device='cuda:0', grad_fn=<SumBackward0>)
LOSS: 0.028315549716353416
PPO-LOSS: 0.19945195317268372
tensor(0.0279, device='cuda:0', grad_fn=<SumBackward0>)
LOSS: 0.09637850522994995
PPO-LOSS: 0.2002847045660019
tensor(0.0018, device='cuda:0', grad_fn=<SumBackward0>)
LOSS: 0.20233705639839172
PPO-LOSS: 0.20233705639839172
tensor(0., device='cuda:0', grad_fn=<SumBackward0>)
LOSS: 0.20252841711044312
PPO-LOSS: 0.20252841711044312
tensor(0., device='cuda:0', grad_fn=<SumBackward0>)
LOSS: 0.16123917698860168
PPO-LOSS: 0.16123917698860168
tensor(0., device='cuda:0', grad_fn=<SumBackward0>)
LOSS: 0.11849338561296463
PPO-LOSS: 0.15892857313156128
tensor(0.0007, device='cuda:0', grad_fn=<SumBackward0>)
LOSS: 0.021036671474575996
PPO-LOSS: 0.15638062357902527
tensor(0.0275, device='cuda:0', grad_fn=<SumBackward0>)
LOSS: 0.01677299663424492
PPO-LOSS: 0.1552860140800476
tensor(0.0621, device='cuda:0', grad_fn=<SumBackward0>)
LOSS: 0.023026619106531143
PPO-LOSS: 0.1554814875125885
tensor(0.0252, device='cuda:0', grad_fn=<SumBackward0>)
LOSS: 0.13180537521839142
PPO-LOSS: 0.15683478116989136
tensor(0.0003, device='cuda:0', grad_fn=<SumBackward0>)
LOSS: 0.15698261559009552
PPO-LOSS: 0.157315194606781
tensor(1.5096e-06, device='cuda:0', grad_fn=<SumBackward0>)
LOSS: 0.14307522773742676
PPO-LOSS: 0.15662968158721924
tensor(0.0001, device='cuda:0', grad_fn=<SumBackward0>)
LOSS: 0.03153299540281296
PPO-LOSS: 0.15476886928081512
tensor(0.0156, device='cuda:0', grad_fn=<SumBackward0>)
LOSS: 0.027123738080263138
PPO-LOSS: 0.15435747802257538
tensor(0.0218, device='cuda:0', grad_fn=<SumBackward0>)
LOSS: 0.09870212525129318
PPO-LOSS: 0.15982720255851746
tensor(0.0013, device='cuda:0', grad_fn=<SumBackward0>)
LOSS: 0.16097764670848846
PPO-LOSS: 0.16097764670848846
tensor(0., device='cuda:0', grad_fn=<SumBackward0>)
LOSS: 0.1602879762649536
PPO-LOSS: 0.16055887937545776
tensor(2.6000e-07, device='cuda:0', grad_fn=<SumBackward0>)
LOSS: 0.11245384812355042
PPO-LOSS: 0.15869776904582977
tensor(0.0008, device='cuda:0', grad_fn=<SumBackward0>)
LOSS: 0.056926753371953964
PPO-LOSS: 0.15652215480804443
tensor(0.0050, device='cuda:0', grad_fn=<SumBackward0>)
LOSS: 0.08401431143283844
PPO-LOSS: 0.1555241197347641
tensor(0.0018, device='cuda:0', grad_fn=<SumBackward0>)
LOSS: 0.15630747377872467
PPO-LOSS: 0.15630747377872467
tensor(0., device='cuda:0', grad_fn=<SumBackward0>)
LOSS: 0.155920147895813
PPO-LOSS: 0.155920147895813
tensor(0., device='cuda:0', grad_fn=<SumBackward0>)
LOSS: 0.04872211068868637
PPO-LOSS: 0.15451925992965698
tensor(0.0048, device='cuda:0', grad_fn=<SumBackward0>)
LOSS: 0.03719973564147949
PPO-LOSS: 0.15458336472511292
tensor(0.0091, device='cuda:0', grad_fn=<SumBackward0>)
LOSS: 0.19293467700481415
PPO-LOSS: 0.20714007318019867
tensor(0.0001, device='cuda:0', grad_fn=<SumBackward0>)
LOSS: 0.17126470804214478
PPO-LOSS: 0.20619043707847595
tensor(0.0004, device='cuda:0', grad_fn=<SumBackward0>)
LOSS: 0.05191407352685928
PPO-LOSS: 0.20359830558300018
tensor(0.0078, device='cuda:0', grad_fn=<SumBackward0>)
LOSS: 0.054330065846443176
PPO-LOSS: 0.20276878774166107
tensor(0.0072, device='cuda:0', grad_fn=<SumBackward0>)
LOSS: 0.14163915812969208
PPO-LOSS: 0.2036513239145279
tensor(0.0008, device='cuda:0', grad_fn=<SumBackward0>)
LOSS: 0.20345717668533325
PPO-LOSS: 0.20419752597808838
tensor(3.4631e-06, device='cuda:0', grad_fn=<SumBackward0>)
LOSS: 0.19864410161972046
PPO-LOSS: 0.20304390788078308
tensor(2.5126e-05, device='cuda:0', grad_fn=<SumBackward0>)
LOSS: 0.04316311702132225
PPO-LOSS: 0.20029854774475098
tensor(0.0111, device='cuda:0', grad_fn=<SumBackward0>)
LOSS: 0.034208521246910095
PPO-LOSS: 0.19937342405319214
tensor(0.0138, device='cuda:0', grad_fn=<SumBackward0>)
LOSS: 0.13987892866134644
PPO-LOSS: 0.20041601359844208
tensor(0.0007, device='cuda:0', grad_fn=<SumBackward0>)
LOSS: 0.20686662197113037
PPO-LOSS: 0.20686662197113037
tensor(0., device='cuda:0', grad_fn=<SumBackward0>)
LOSS: 0.07660474628210068
PPO-LOSS: 0.2058715969324112
tensor(0.0033, device='cuda:0', grad_fn=<SumBackward0>)
LOSS: 0.16891586780548096
PPO-LOSS: 0.20631352066993713
tensor(0.0001, device='cuda:0', grad_fn=<SumBackward0>)
LOSS: 0.12091951072216034
PPO-LOSS: 0.2049388736486435
tensor(0.0006, device='cuda:0', grad_fn=<SumBackward0>)
LOSS: 0.1669894903898239
PPO-LOSS: 0.20452925562858582
tensor(0.0004, device='cuda:0', grad_fn=<SumBackward0>)
LOSS: 0.04842936992645264
PPO-LOSS: 0.20258302986621857
tensor(0.0113, device='cuda:0', grad_fn=<SumBackward0>)
LOSS: 0.06978249549865723
PPO-LOSS: 0.20233656466007233
tensor(0.0059, device='cuda:0', grad_fn=<SumBackward0>)
LOSS: 0.20046713948249817
PPO-LOSS: 0.20357802510261536
tensor(9.9701e-06, device='cuda:0', grad_fn=<SumBackward0>)
LOSS: 0.1950877606868744
PPO-LOSS: 0.20287832617759705
tensor(3.6560e-05, device='cuda:0', grad_fn=<SumBackward0>)
LOSS: 0.09781508147716522
PPO-LOSS: 0.20043613016605377
tensor(0.0030, device='cuda:0', grad_fn=<SumBackward0>)
LOSS: 0.11648184806108475
PPO-LOSS: 0.22295783460140228
tensor(0.0023, device='cuda:0', grad_fn=<SumBackward0>)
LOSS: 0.223270446062088
PPO-LOSS: 0.2236524522304535
tensor(4.4545e-07, device='cuda:0', grad_fn=<SumBackward0>)
LOSS: 0.2184317708015442
PPO-LOSS: 0.22236788272857666
tensor(1.1202e-05, device='cuda:0', grad_fn=<SumBackward0>)
LOSS: 0.0440252386033535
PPO-LOSS: 0.21930524706840515
tensor(0.0145, device='cuda:0', grad_fn=<SumBackward0>)
LOSS: 0.03096906468272209
PPO-LOSS: 0.21818485856056213
tensor(0.0242, device='cuda:0', grad_fn=<SumBackward0>)
LOSS: 0.12587092816829681
PPO-LOSS: 0.21894891560077667
tensor(0.0014, device='cuda:0', grad_fn=<SumBackward0>)
LOSS: 0.22056534886360168
PPO-LOSS: 0.22056534886360168
tensor(0., device='cuda:0', grad_fn=<SumBackward0>)
LOSS: 0.22005325555801392
PPO-LOSS: 0.22005325555801392
tensor(0., device='cuda:0', grad_fn=<SumBackward0>)
LOSS: 0.06219327822327614
PPO-LOSS: 0.21758198738098145
tensor(0.0054, device='cuda:0', grad_fn=<SumBackward0>)
LOSS: 0.06247999891638756
PPO-LOSS: 0.21727599203586578
tensor(0.0059, device='cuda:0', grad_fn=<SumBackward0>)
Directory created: tests/PPOL/models/mini-grid/fa53efs1
LOSS: 0.19144730269908905
PPO-LOSS: 0.1962011158466339
tensor(2.9400e-05, device='cuda:0', grad_fn=<SumBackward0>)
LOSS: 0.1824122965335846
PPO-LOSS: 0.1952080875635147
tensor(8.4827e-05, device='cuda:0', grad_fn=<SumBackward0>)
LOSS: 0.05948972702026367
PPO-LOSS: 0.1924155056476593
tensor(0.0092, device='cuda:0', grad_fn=<SumBackward0>)
LOSS: 0.06989303976297379
PPO-LOSS: 0.19162727892398834
tensor(0.0060, device='cuda:0', grad_fn=<SumBackward0>)
LOSS: 0.1861409991979599
PPO-LOSS: 0.1926603466272354
tensor(5.2873e-05, device='cuda:0', grad_fn=<SumBackward0>)
LOSS: 0.18990294635295868
PPO-LOSS: 0.19199799001216888
tensor(1.7916e-05, device='cuda:0', grad_fn=<SumBackward0>)
LOSS: 0.13055169582366943
PPO-LOSS: 0.18993908166885376
tensor(0.0009, device='cuda:0', grad_fn=<SumBackward0>)
LOSS: 0.02559013105928898
PPO-LOSS: 0.18752041459083557
tensor(0.0226, device='cuda:0', grad_fn=<SumBackward0>)
LOSS: 0.02630256488919258
PPO-LOSS: 0.18714368343353271
tensor(0.0237, device='cuda:0', grad_fn=<SumBackward0>)
LOSS: 0.13646937906742096
PPO-LOSS: 0.18848882615566254
tensor(0.0004, device='cuda:0', grad_fn=<SumBackward0>)
LOSS: 0.16239702701568604
PPO-LOSS: 0.16239702701568604
tensor(0., device='cuda:0', grad_fn=<SumBackward0>)
LOSS: 0.15540891885757446
PPO-LOSS: 0.1613524854183197
tensor(4.1020e-05, device='cuda:0', grad_fn=<SumBackward0>)
LOSS: 0.03177393600344658
PPO-LOSS: 0.15853279829025269
tensor(0.0285, device='cuda:0', grad_fn=<SumBackward0>)
LOSS: 0.028617938980460167
PPO-LOSS: 0.15751293301582336
tensor(0.0402, device='cuda:0', grad_fn=<SumBackward0>)
LOSS: 0.05420848727226257
PPO-LOSS: 0.15809635818004608
tensor(0.0069, device='cuda:0', grad_fn=<SumBackward0>)
LOSS: 0.16009347140789032
PPO-LOSS: 0.16009347140789032
tensor(0., device='cuda:0', grad_fn=<SumBackward0>)
LOSS: 0.1600741446018219
PPO-LOSS: 0.1600741446018219
tensor(0., device='cuda:0', grad_fn=<SumBackward0>)
LOSS: 0.15887080132961273
PPO-LOSS: 0.15887080132961273
tensor(0., device='cuda:0', grad_fn=<SumBackward0>)
LOSS: 0.14878904819488525
PPO-LOSS: 0.15589439868927002
tensor(5.2323e-05, device='cuda:0', grad_fn=<SumBackward0>)
LOSS: 0.014460159465670586
PPO-LOSS: 0.15137328207492828
tensor(0.1259, device='cuda:0', grad_fn=<SumBackward0>)
LOSS: 0.0173942930996418
PPO-LOSS: 0.22193127870559692
tensor(0.3373, device='cuda:0', grad_fn=<SumBackward0>)
LOSS: 0.017178891226649284
PPO-LOSS: 0.22161945700645447
tensor(0.3003, device='cuda:0', grad_fn=<SumBackward0>)
LOSS: 0.019963597878813744
PPO-LOSS: 0.2238469123840332
tensor(0.0732, device='cuda:0', grad_fn=<SumBackward0>)
LOSS: 0.2056397646665573
PPO-LOSS: 0.2283889800310135
tensor(0.0003, device='cuda:0', grad_fn=<SumBackward0>)
LOSS: 0.22859527170658112
PPO-LOSS: 0.22983044385910034
tensor(5.4759e-06, device='cuda:0', grad_fn=<SumBackward0>)
LOSS: 0.2249906063079834
PPO-LOSS: 0.2283439338207245
tensor(2.1188e-05, device='cuda:0', grad_fn=<SumBackward0>)
LOSS: 0.10487794131040573
PPO-LOSS: 0.2242734283208847
tensor(0.0033, device='cuda:0', grad_fn=<SumBackward0>)
LOSS: 0.0850144699215889
PPO-LOSS: 0.2226196974515915
tensor(0.0047, device='cuda:0', grad_fn=<SumBackward0>)
LOSS: 0.21850381791591644
PPO-LOSS: 0.22334325313568115
tensor(2.3946e-05, device='cuda:0', grad_fn=<SumBackward0>)
LOSS: 0.195822611451149
PPO-LOSS: 0.22132346034049988
tensor(0.0002, device='cuda:0', grad_fn=<SumBackward0>)
LOSS: 0.018791155889630318
PPO-LOSS: 0.16595590114593506
tensor(0.0543, device='cuda:0', grad_fn=<SumBackward0>)
LOSS: 0.016758661717176437
PPO-LOSS: 0.1640905886888504
tensor(0.0781, device='cuda:0', grad_fn=<SumBackward0>)
LOSS: 0.036346808075904846
PPO-LOSS: 0.164354145526886
tensor(0.0103, device='cuda:0', grad_fn=<SumBackward0>)
LOSS: 0.16646604239940643
PPO-LOSS: 0.16646604239940643
tensor(0., device='cuda:0', grad_fn=<SumBackward0>)
LOSS: 0.16569669544696808
PPO-LOSS: 0.16569669544696808
tensor(0., device='cuda:0', grad_fn=<SumBackward0>)
LOSS: 0.16470807790756226
PPO-LOSS: 0.16470807790756226
tensor(0., device='cuda:0', grad_fn=<SumBackward0>)
LOSS: 0.06023245304822922
PPO-LOSS: 0.16174641251564026
tensor(0.0064, device='cuda:0', grad_fn=<SumBackward0>)
LOSS: 0.04887920245528221
PPO-LOSS: 0.16093894839286804
tensor(0.0092, device='cuda:0', grad_fn=<SumBackward0>)
LOSS: 0.1619824469089508
PPO-LOSS: 0.1623120903968811
tensor(8.1575e-07, device='cuda:0', grad_fn=<SumBackward0>)
LOSS: 0.1573631763458252
PPO-LOSS: 0.16099587082862854
tensor(3.7256e-05, device='cuda:0', grad_fn=<SumBackward0>)
LOSS: 0.03509620949625969
PPO-LOSS: 0.28087738156318665
tensor(0.0282, device='cuda:0', grad_fn=<SumBackward0>)
LOSS: 0.03616800159215927
PPO-LOSS: 0.2812066376209259
tensor(0.0285, device='cuda:0', grad_fn=<SumBackward0>)
LOSS: 0.24848805367946625
PPO-LOSS: 0.2847568690776825
tensor(0.0002, device='cuda:0', grad_fn=<SumBackward0>)
LOSS: 0.25969910621643066
PPO-LOSS: 0.2844052314758301
tensor(6.4744e-05, device='cuda:0', grad_fn=<SumBackward0>)
LOSS: 0.06630470603704453
PPO-LOSS: 0.28033697605133057
tensor(0.0101, device='cuda:0', grad_fn=<SumBackward0>)
LOSS: 0.10538291186094284
PPO-LOSS: 0.2795112133026123
tensor(0.0035, device='cuda:0', grad_fn=<SumBackward0>)
LOSS: 0.2807356119155884
PPO-LOSS: 0.2812866270542145
tensor(2.5925e-06, device='cuda:0', grad_fn=<SumBackward0>)
LOSS: 0.2749592363834381
PPO-LOSS: 0.27972835302352905
tensor(2.4733e-05, device='cuda:0', grad_fn=<SumBackward0>)
LOSS: 0.10453162342309952
PPO-LOSS: 0.2755584716796875
tensor(0.0037, device='cuda:0', grad_fn=<SumBackward0>)
LOSS: 0.15123680233955383
PPO-LOSS: 0.27538323402404785
tensor(0.0015, device='cuda:0', grad_fn=<SumBackward0>)
LOSS: 0.28217417001724243
PPO-LOSS: 0.28263965249061584
tensor(6.0630e-07, device='cuda:0', grad_fn=<SumBackward0>)
LOSS: 0.2648497521877289
PPO-LOSS: 0.28137555718421936
tensor(7.6060e-05, device='cuda:0', grad_fn=<SumBackward0>)
LOSS: 0.02863619104027748
PPO-LOSS: 0.2767367959022522
tensor(0.0474, device='cuda:0', grad_fn=<SumBackward0>)
LOSS: 0.02501942589879036
PPO-LOSS: 0.275707483291626
tensor(0.0675, device='cuda:0', grad_fn=<SumBackward0>)
LOSS: 0.08908466249704361
PPO-LOSS: 0.27791768312454224
tensor(0.0055, device='cuda:0', grad_fn=<SumBackward0>)
LOSS: 0.28250816464424133
PPO-LOSS: 0.28250816464424133
tensor(0., device='cuda:0', grad_fn=<SumBackward0>)
LOSS: 0.28336721658706665
PPO-LOSS: 0.28336721658706665
tensor(0., device='cuda:0', grad_fn=<SumBackward0>)
LOSS: 0.28184014558792114
PPO-LOSS: 0.28184014558792114
tensor(0., device='cuda:0', grad_fn=<SumBackward0>)
LOSS: 0.18689115345478058
PPO-LOSS: 0.27664563059806824
tensor(0.0010, device='cuda:0', grad_fn=<SumBackward0>)
LOSS: 0.020539473742246628
PPO-LOSS: 0.27072519063949585
tensor(0.1247, device='cuda:0', grad_fn=<SumBackward0>)
LOSS: 0.016767270863056183
PPO-LOSS: 0.21091291308403015
tensor(0.1903, device='cuda:0', grad_fn=<SumBackward0>)
LOSS: 0.022202732041478157
PPO-LOSS: 0.21393415331840515
tensor(0.0555, device='cuda:0', grad_fn=<SumBackward0>)
LOSS: 0.2163112908601761
PPO-LOSS: 0.21959520876407623
tensor(1.3237e-05, device='cuda:0', grad_fn=<SumBackward0>)
LOSS: 0.22110268473625183
PPO-LOSS: 0.22110268473625183
tensor(0., device='cuda:0', grad_fn=<SumBackward0>)
LOSS: 0.21904025971889496
PPO-LOSS: 0.21904025971889496
tensor(0., device='cuda:0', grad_fn=<SumBackward0>)
LOSS: 0.06889661401510239
PPO-LOSS: 0.21429015696048737
tensor(0.0050, device='cuda:0', grad_fn=<SumBackward0>)
LOSS: 0.06908286362886429
PPO-LOSS: 0.2127443552017212
tensor(0.0049, device='cuda:0', grad_fn=<SumBackward0>)
LOSS: 0.2122112661600113
PPO-LOSS: 0.2147010713815689
tensor(1.3258e-05, device='cuda:0', grad_fn=<SumBackward0>)
LOSS: 0.21175654232501984
PPO-LOSS: 0.2139241099357605
tensor(1.5449e-05, device='cuda:0', grad_fn=<SumBackward0>)
LOSS: 0.12766043841838837
PPO-LOSS: 0.21032576262950897
tensor(0.0012, device='cuda:0', grad_fn=<SumBackward0>)
LOSS: 0.050545960664749146
PPO-LOSS: 0.2669108211994171
tensor(0.0115, device='cuda:0', grad_fn=<SumBackward0>)
LOSS: 0.17122101783752441
PPO-LOSS: 0.2673828899860382
tensor(0.0007, device='cuda:0', grad_fn=<SumBackward0>)
LOSS: 0.26669615507125854
PPO-LOSS: 0.26771607995033264
tensor(1.6801e-06, device='cuda:0', grad_fn=<SumBackward0>)
LOSS: 0.22661156952381134
PPO-LOSS: 0.26607394218444824
tensor(0.0003, device='cuda:0', grad_fn=<SumBackward0>)
LOSS: 0.029496580362319946
PPO-LOSS: 0.2619084417819977
tensor(0.0526, device='cuda:0', grad_fn=<SumBackward0>)
LOSS: 0.03247946873307228
PPO-LOSS: 0.2612564265727997
tensor(0.0503, device='cuda:0', grad_fn=<SumBackward0>)
LOSS: 0.15753689408302307
PPO-LOSS: 0.2635858654975891
tensor(0.0012, device='cuda:0', grad_fn=<SumBackward0>)
LOSS: 0.26451390981674194
PPO-LOSS: 0.26451390981674194
tensor(0., device='cuda:0', grad_fn=<SumBackward0>)
LOSS: 0.2648527920246124
PPO-LOSS: 0.2648527920246124
tensor(0., device='cuda:0', grad_fn=<SumBackward0>)
LOSS: 0.2620229423046112
PPO-LOSS: 0.2634768784046173
tensor(2.1106e-06, device='cuda:0', grad_fn=<SumBackward0>)
LOSS: 0.05245713144540787
PPO-LOSS: 0.25729063153266907
tensor(0.0121, device='cuda:0', grad_fn=<SumBackward0>)
LOSS: 0.036183666437864304
PPO-LOSS: 0.25637054443359375
tensor(0.0236, device='cuda:0', grad_fn=<SumBackward0>)
LOSS: 0.19223721325397491
PPO-LOSS: 0.25867700576782227
tensor(0.0006, device='cuda:0', grad_fn=<SumBackward0>)
LOSS: 0.20244522392749786
PPO-LOSS: 0.25730612874031067
tensor(0.0004, device='cuda:0', grad_fn=<SumBackward0>)
LOSS: 0.02227133698761463
PPO-LOSS: 0.2527717649936676
tensor(0.0735, device='cuda:0', grad_fn=<SumBackward0>)
LOSS: 0.023745059967041016
PPO-LOSS: 0.2531413733959198
tensor(0.0692, device='cuda:0', grad_fn=<SumBackward0>)
LOSS: 0.22314156591892242
PPO-LOSS: 0.25758257508277893
tensor(0.0001, device='cuda:0', grad_fn=<SumBackward0>)
LOSS: 0.25720643997192383
PPO-LOSS: 0.25720643997192383
tensor(0., device='cuda:0', grad_fn=<SumBackward0>)
LOSS: 0.25199654698371887
PPO-LOSS: 0.25396499037742615
tensor(6.7437e-06, device='cuda:0', grad_fn=<SumBackward0>)
LOSS: 0.033526454120874405
PPO-LOSS: 0.24934057891368866
tensor(0.0335, device='cuda:0', grad_fn=<SumBackward0>)
LOSS: 0.04533162713050842
PPO-LOSS: 0.3087344765663147
tensor(0.0270, device='cuda:0', grad_fn=<SumBackward0>)
LOSS: 0.29732105135917664
PPO-LOSS: 0.313070148229599
tensor(6.7478e-05, device='cuda:0', grad_fn=<SumBackward0>)
LOSS: 0.30541589856147766
PPO-LOSS: 0.31343182921409607
tensor(2.6130e-05, device='cuda:0', grad_fn=<SumBackward0>)
LOSS: 0.09649118036031723
PPO-LOSS: 0.30985552072525024
tensor(0.0047, device='cuda:0', grad_fn=<SumBackward0>)
LOSS: 0.2108236402273178
PPO-LOSS: 0.30974724888801575
tensor(0.0006, device='cuda:0', grad_fn=<SumBackward0>)
LOSS: 0.14471837878227234
PPO-LOSS: 0.307311475276947
tensor(0.0016, device='cuda:0', grad_fn=<SumBackward0>)
LOSS: 0.3078412413597107
PPO-LOSS: 0.30817925930023193
tensor(4.0286e-07, device='cuda:0', grad_fn=<SumBackward0>)
LOSS: 0.21639704704284668
PPO-LOSS: 0.30707401037216187
tensor(0.0005, device='cuda:0', grad_fn=<SumBackward0>)
LOSS: 0.0465591698884964
PPO-LOSS: 0.30465030670166016
tensor(0.0258, device='cuda:0', grad_fn=<SumBackward0>)
LOSS: 0.1049066111445427
PPO-LOSS: 0.3060172498226166
tensor(0.0047, device='cuda:0', grad_fn=<SumBackward0>)
LOSS: 0.23898115754127502
PPO-LOSS: 0.23898115754127502
tensor(0., device='cuda:0', grad_fn=<SumBackward0>)
LOSS: 0.238882377743721
PPO-LOSS: 0.238882377743721
tensor(0., device='cuda:0', grad_fn=<SumBackward0>)
LOSS: 0.19701886177062988
PPO-LOSS: 0.23518003523349762
tensor(0.0002, device='cuda:0', grad_fn=<SumBackward0>)
LOSS: 0.017201067879796028
PPO-LOSS: 0.22849968075752258
tensor(0.2439, device='cuda:0', grad_fn=<SumBackward0>)
LOSS: 0.018066247925162315
PPO-LOSS: 0.22591979801654816
tensor(0.4668, device='cuda:0', grad_fn=<SumBackward0>)
LOSS: 0.01687544584274292
PPO-LOSS: 0.2269943654537201
tensor(0.2594, device='cuda:0', grad_fn=<SumBackward0>)
LOSS: 0.08037467300891876
PPO-LOSS: 0.23135584592819214
tensor(0.0035, device='cuda:0', grad_fn=<SumBackward0>)
LOSS: 0.23861950635910034
PPO-LOSS: 0.23861950635910034
tensor(0., device='cuda:0', grad_fn=<SumBackward0>)
LOSS: 0.24166905879974365
PPO-LOSS: 0.24166905879974365
tensor(0., device='cuda:0', grad_fn=<SumBackward0>)
LOSS: 0.24081049859523773
PPO-LOSS: 0.24081049859523773
tensor(0., device='cuda:0', grad_fn=<SumBackward0>)
LOSS: 0.26699474453926086
PPO-LOSS: 0.26699474453926086
tensor(0., device='cuda:0', grad_fn=<SumBackward0>)
LOSS: 0.0957937017083168
PPO-LOSS: 0.2590556740760803
tensor(0.0037, device='cuda:0', grad_fn=<SumBackward0>)
LOSS: 0.03921160101890564
PPO-LOSS: 0.2562887668609619
tensor(0.0369, device='cuda:0', grad_fn=<SumBackward0>)
LOSS: 0.07525438070297241
PPO-LOSS: 0.260399729013443
tensor(0.0071, device='cuda:0', grad_fn=<SumBackward0>)
LOSS: 0.26575058698654175
PPO-LOSS: 0.26575058698654175
tensor(0., device='cuda:0', grad_fn=<SumBackward0>)
LOSS: 0.26461634039878845
PPO-LOSS: 0.26461634039878845
tensor(0., device='cuda:0', grad_fn=<SumBackward0>)
LOSS: 0.2627277672290802
PPO-LOSS: 0.2627277672290802
tensor(0., device='cuda:0', grad_fn=<SumBackward0>)
LOSS: 0.2072562426328659
PPO-LOSS: 0.26020312309265137
tensor(0.0003, device='cuda:0', grad_fn=<SumBackward0>)
LOSS: 0.025139780715107918
PPO-LOSS: 0.2545173168182373
tensor(0.0955, device='cuda:0', grad_fn=<SumBackward0>)
LOSS: 0.020007465034723282
PPO-LOSS: 0.25244012475013733
tensor(0.1622, device='cuda:0', grad_fn=<SumBackward0>)
LOSS: 0.028957320377230644
PPO-LOSS: 0.24950246512889862
tensor(0.0407, device='cuda:0', grad_fn=<SumBackward0>)
LOSS: 0.2534079849720001
PPO-LOSS: 0.2541126310825348
tensor(1.2934e-06, device='cuda:0', grad_fn=<SumBackward0>)
LOSS: 0.2546621561050415
PPO-LOSS: 0.2546621561050415
tensor(0., device='cuda:0', grad_fn=<SumBackward0>)
LOSS: 0.19447804987430573
PPO-LOSS: 0.2515581548213959
tensor(0.0004, device='cuda:0', grad_fn=<SumBackward0>)
LOSS: 0.024991117417812347
PPO-LOSS: 0.24583014845848083
tensor(0.1173, device='cuda:0', grad_fn=<SumBackward0>)
LOSS: 0.021403754130005836
PPO-LOSS: 0.24648243188858032
tensor(0.2059, device='cuda:0', grad_fn=<SumBackward0>)
LOSS: 0.027674924582242966
PPO-LOSS: 0.2511764168739319
tensor(0.0815, device='cuda:0', grad_fn=<SumBackward0>)
LOSS: 0.2548176944255829
PPO-LOSS: 0.2584998309612274
tensor(1.5877e-05, device='cuda:0', grad_fn=<SumBackward0>)
LOSS: 0.2586893141269684
PPO-LOSS: 0.2586893141269684
tensor(0., device='cuda:0', grad_fn=<SumBackward0>)
LOSS: 0.25568026304244995
PPO-LOSS: 0.25568026304244995
tensor(0., device='cuda:0', grad_fn=<SumBackward0>)
LOSS: 0.20983265340328217
PPO-LOSS: 0.20983265340328217
tensor(0., device='cuda:0', grad_fn=<SumBackward0>)
LOSS: 0.19031769037246704
PPO-LOSS: 0.20584604144096375
tensor(9.6267e-05, device='cuda:0', grad_fn=<SumBackward0>)
LOSS: 0.016083404421806335
PPO-LOSS: 0.1994987428188324
tensor(0.2797, device='cuda:0', grad_fn=<SumBackward0>)
LOSS: 0.01908295415341854
PPO-LOSS: 0.19758115708827972
tensor(0.6913, device='cuda:0', grad_fn=<SumBackward0>)
LOSS: 0.018531810492277145
PPO-LOSS: 0.199431911110878
tensor(0.6130, device='cuda:0', grad_fn=<SumBackward0>)
LOSS: 0.016184566542506218
PPO-LOSS: 0.20434316992759705
tensor(0.1827, device='cuda:0', grad_fn=<SumBackward0>)
LOSS: 0.20890358090400696
PPO-LOSS: 0.2117406129837036
tensor(1.2842e-05, device='cuda:0', grad_fn=<SumBackward0>)
LOSS: 0.21327416598796844
PPO-LOSS: 0.21327416598796844
tensor(0., device='cuda:0', grad_fn=<SumBackward0>)
LOSS: 0.21129246056079865
PPO-LOSS: 0.21129246056079865
tensor(0., device='cuda:0', grad_fn=<SumBackward0>)
LOSS: 0.2088531255722046
PPO-LOSS: 0.2088531255722046
tensor(0., device='cuda:0', grad_fn=<SumBackward0>)
LOSS: 0.23189158737659454
PPO-LOSS: 0.23189158737659454
tensor(0., device='cuda:0', grad_fn=<SumBackward0>)
LOSS: 0.05583541840314865
PPO-LOSS: 0.2273237109184265
tensor(0.0098, device='cuda:0', grad_fn=<SumBackward0>)
LOSS: 0.02369597926735878
PPO-LOSS: 0.23105184733867645
tensor(0.0718, device='cuda:0', grad_fn=<SumBackward0>)
LOSS: 0.03216458112001419
PPO-LOSS: 0.23732420802116394
tensor(0.0302, device='cuda:0', grad_fn=<SumBackward0>)
LOSS: 0.24252906441688538
PPO-LOSS: 0.24438346922397614
tensor(8.0591e-06, device='cuda:0', grad_fn=<SumBackward0>)
LOSS: 0.24275512993335724
PPO-LOSS: 0.24275512993335724
tensor(0., device='cuda:0', grad_fn=<SumBackward0>)
LOSS: 0.23461481928825378
PPO-LOSS: 0.23461481928825378
tensor(0., device='cuda:0', grad_fn=<SumBackward0>)
LOSS: 0.22992271184921265
PPO-LOSS: 0.22992271184921265
tensor(0., device='cuda:0', grad_fn=<SumBackward0>)
LOSS: 0.1792939305305481
PPO-LOSS: 0.22924184799194336
tensor(0.0004, device='cuda:0', grad_fn=<SumBackward0>)
LOSS: 0.05248831957578659
PPO-LOSS: 0.2278042584657669
tensor(0.0152, device='cuda:0', grad_fn=<SumBackward0>)
LOSS: 0.04079261049628258
PPO-LOSS: 0.23255127668380737
tensor(0.0138, device='cuda:0', grad_fn=<SumBackward0>)
LOSS: 0.1776675283908844
PPO-LOSS: 0.2350158393383026
tensor(0.0004, device='cuda:0', grad_fn=<SumBackward0>)
LOSS: 0.16629894077777863
PPO-LOSS: 0.2342555969953537
tensor(0.0005, device='cuda:0', grad_fn=<SumBackward0>)
LOSS: 0.09145687520503998
PPO-LOSS: 0.23137177526950836
tensor(0.0030, device='cuda:0', grad_fn=<SumBackward0>)
LOSS: 0.2345336377620697
PPO-LOSS: 0.23482589423656464
tensor(5.8630e-07, device='cuda:0', grad_fn=<SumBackward0>)
LOSS: 0.23584018647670746
PPO-LOSS: 0.23587045073509216
tensor(1.0991e-08, device='cuda:0', grad_fn=<SumBackward0>)
LOSS: 0.1691998541355133
PPO-LOSS: 0.23315571248531342
tensor(0.0004, device='cuda:0', grad_fn=<SumBackward0>)
LOSS: 0.03637291491031647
PPO-LOSS: 0.22847980260849
tensor(0.0237, device='cuda:0', grad_fn=<SumBackward0>)
LOSS: 0.07334864139556885
PPO-LOSS: 0.22901584208011627
tensor(0.0039, device='cuda:0', grad_fn=<SumBackward0>)
LOSS: 0.23386439681053162
PPO-LOSS: 0.23386439681053162
tensor(0., device='cuda:0', grad_fn=<SumBackward0>)
LOSS: 0.21060946583747864
PPO-LOSS: 0.21060946583747864
tensor(0., device='cuda:0', grad_fn=<SumBackward0>)
LOSS: 0.20808051526546478
PPO-LOSS: 0.20808051526546478
tensor(0., device='cuda:0', grad_fn=<SumBackward0>)
LOSS: 0.08941740542650223
PPO-LOSS: 0.20319032669067383
tensor(0.0021, device='cuda:0', grad_fn=<SumBackward0>)
LOSS: 0.13821175694465637
PPO-LOSS: 0.2032952755689621
tensor(0.0006, device='cuda:0', grad_fn=<SumBackward0>)
LOSS: 0.19490279257297516
PPO-LOSS: 0.2027169018983841
tensor(3.7308e-05, device='cuda:0', grad_fn=<SumBackward0>)
LOSS: 0.02788751944899559
PPO-LOSS: 0.198974609375
tensor(0.0283, device='cuda:0', grad_fn=<SumBackward0>)
LOSS: 0.0338004007935524
PPO-LOSS: 0.19883792102336884
tensor(0.0245, device='cuda:0', grad_fn=<SumBackward0>)
LOSS: 0.17307603359222412
PPO-LOSS: 0.20164437592029572
tensor(0.0002, device='cuda:0', grad_fn=<SumBackward0>)
LOSS: 0.1588323414325714
PPO-LOSS: 0.2013186812400818
tensor(0.0004, device='cuda:0', grad_fn=<SumBackward0>)
LOSS: 0.03704039007425308
PPO-LOSS: 0.1979992687702179
tensor(0.0196, device='cuda:0', grad_fn=<SumBackward0>)
LOSS: 0.04062171280384064
PPO-LOSS: 0.16071656346321106
tensor(0.0095, device='cuda:0', grad_fn=<SumBackward0>)
LOSS: 0.16316373646259308
PPO-LOSS: 0.1633514165878296
tensor(8.9041e-07, device='cuda:0', grad_fn=<SumBackward0>)
LOSS: 0.16256967186927795
PPO-LOSS: 0.16256967186927795
tensor(0., device='cuda:0', grad_fn=<SumBackward0>)
LOSS: 0.04319555684924126
PPO-LOSS: 0.15872356295585632
tensor(0.0069, device='cuda:0', grad_fn=<SumBackward0>)
LOSS: 0.06054112687706947
PPO-LOSS: 0.15814509987831116
tensor(0.0032, device='cuda:0', grad_fn=<SumBackward0>)
LOSS: 0.16097944974899292
PPO-LOSS: 0.16097944974899292
tensor(0., device='cuda:0', grad_fn=<SumBackward0>)
LOSS: 0.16024310886859894
PPO-LOSS: 0.16024310886859894
tensor(0., device='cuda:0', grad_fn=<SumBackward0>)
LOSS: 0.14333245158195496
PPO-LOSS: 0.1571931391954422
tensor(5.4636e-05, device='cuda:0', grad_fn=<SumBackward0>)
LOSS: 0.018333708867430687
PPO-LOSS: 0.15257683396339417
tensor(0.1242, device='cuda:0', grad_fn=<SumBackward0>)
LOSS: 0.01752266101539135
PPO-LOSS: 0.15184250473976135
tensor(0.2032, device='cuda:0', grad_fn=<SumBackward0>)
LOSS: 0.030355798080563545
PPO-LOSS: 0.25377893447875977
tensor(0.0750, device='cuda:0', grad_fn=<SumBackward0>)
LOSS: 0.25672417879104614
PPO-LOSS: 0.26080796122550964
tensor(1.6164e-05, device='cuda:0', grad_fn=<SumBackward0>)
LOSS: 0.2630981206893921
PPO-LOSS: 0.2630981206893921
tensor(0., device='cuda:0', grad_fn=<SumBackward0>)
LOSS: 0.2611194849014282
PPO-LOSS: 0.2611194849014282
tensor(0., device='cuda:0', grad_fn=<SumBackward0>)
LOSS: 0.2572907507419586
PPO-LOSS: 0.2572907507419586
tensor(0., device='cuda:0', grad_fn=<SumBackward0>)
LOSS: 0.1746995449066162
PPO-LOSS: 0.25435882806777954
tensor(0.0007, device='cuda:0', grad_fn=<SumBackward0>)
LOSS: 0.018624136224389076
PPO-LOSS: 0.24914517998695374
tensor(0.1306, device='cuda:0', grad_fn=<SumBackward0>)
LOSS: 0.017712479457259178
PPO-LOSS: 0.24774421751499176
tensor(0.1921, device='cuda:0', grad_fn=<SumBackward0>)
LOSS: 0.02586536295711994
PPO-LOSS: 0.24974800646305084
tensor(0.0406, device='cuda:0', grad_fn=<SumBackward0>)
LOSS: 0.2548569440841675
PPO-LOSS: 0.2548569440841675
tensor(0., device='cuda:0', grad_fn=<SumBackward0>)
LOSS: 0.23419858515262604
PPO-LOSS: 0.23419858515262604
tensor(0., device='cuda:0', grad_fn=<SumBackward0>)
LOSS: 0.2338673174381256
PPO-LOSS: 0.2338673174381256
tensor(0., device='cuda:0', grad_fn=<SumBackward0>)
LOSS: 0.22978682816028595
PPO-LOSS: 0.22978682816028595
tensor(0., device='cuda:0', grad_fn=<SumBackward0>)
LOSS: 0.06884069740772247
PPO-LOSS: 0.22460253536701202
tensor(0.0040, device='cuda:0', grad_fn=<SumBackward0>)
LOSS: 0.041119884699583054
PPO-LOSS: 0.2249792516231537
tensor(0.0107, device='cuda:0', grad_fn=<SumBackward0>)
LOSS: 0.2279997169971466
PPO-LOSS: 0.22881875932216644
tensor(3.1733e-06, device='cuda:0', grad_fn=<SumBackward0>)
LOSS: 0.22811929881572723
PPO-LOSS: 0.2285972535610199
tensor(1.2866e-06, device='cuda:0', grad_fn=<SumBackward0>)
LOSS: 0.05987481027841568
PPO-LOSS: 0.22474509477615356
tensor(0.0042, device='cuda:0', grad_fn=<SumBackward0>)
LOSS: 0.2114783376455307
PPO-LOSS: 0.22446130216121674
tensor(7.6646e-05, device='cuda:0', grad_fn=<SumBackward0>)
LOSS: 0.038610395044088364
PPO-LOSS: 0.22179783880710602
tensor(0.0111, device='cuda:0', grad_fn=<SumBackward0>)
LOSS: 0.17106220126152039
PPO-LOSS: 0.17407022416591644
tensor(1.8007e-05, device='cuda:0', grad_fn=<SumBackward0>)
LOSS: 0.07062046229839325
PPO-LOSS: 0.1734987497329712
tensor(0.0022, device='cuda:0', grad_fn=<SumBackward0>)
LOSS: 0.17503628134727478
PPO-LOSS: 0.17529988288879395
tensor(1.4954e-06, device='cuda:0', grad_fn=<SumBackward0>)
LOSS: 0.1634829342365265
PPO-LOSS: 0.17370396852493286
tensor(4.9834e-05, device='cuda:0', grad_fn=<SumBackward0>)
LOSS: 0.017077764496207237
PPO-LOSS: 0.16926689445972443
tensor(0.0509, device='cuda:0', grad_fn=<SumBackward0>)
LOSS: 0.01854446902871132
PPO-LOSS: 0.16915002465248108
tensor(0.0375, device='cuda:0', grad_fn=<SumBackward0>)
LOSS: 0.17073270678520203
PPO-LOSS: 0.17291224002838135
tensor(8.3327e-06, device='cuda:0', grad_fn=<SumBackward0>)
LOSS: 0.17297755181789398
PPO-LOSS: 0.17307424545288086
tensor(1.5402e-07, device='cuda:0', grad_fn=<SumBackward0>)
LOSS: 0.05306263640522957
PPO-LOSS: 0.16994738578796387
tensor(0.0044, device='cuda:0', grad_fn=<SumBackward0>)
LOSS: 0.1391766220331192
PPO-LOSS: 0.16984128952026367
tensor(0.0002, device='cuda:0', grad_fn=<SumBackward0>)
LOSS: 0.046801745891571045
PPO-LOSS: 0.21292848885059357
tensor(0.0082, device='cuda:0', grad_fn=<SumBackward0>)
LOSS: 0.21020372211933136
PPO-LOSS: 0.21684423089027405
tensor(4.0109e-05, device='cuda:0', grad_fn=<SumBackward0>)
LOSS: 0.19856318831443787
PPO-LOSS: 0.21651282906532288
tensor(0.0001, device='cuda:0', grad_fn=<SumBackward0>)
LOSS: 0.032133542001247406
PPO-LOSS: 0.21244536340236664
tensor(0.0161, device='cuda:0', grad_fn=<SumBackward0>)
LOSS: 0.15506824851036072
PPO-LOSS: 0.21181543171405792
tensor(0.0003, device='cuda:0', grad_fn=<SumBackward0>)
LOSS: 0.20623679459095
PPO-LOSS: 0.21126438677310944
tensor(2.7152e-05, device='cuda:0', grad_fn=<SumBackward0>)
LOSS: 0.021342044696211815
PPO-LOSS: 0.20965921878814697
tensor(0.0546, device='cuda:0', grad_fn=<SumBackward0>)
LOSS: 0.0283065028488636
PPO-LOSS: 0.21184228360652924
tensor(0.0353, device='cuda:0', grad_fn=<SumBackward0>)
LOSS: 0.21677057445049286
PPO-LOSS: 0.21712204813957214
tensor(6.1671e-07, device='cuda:0', grad_fn=<SumBackward0>)
LOSS: 0.21810086071491241
PPO-LOSS: 0.21810086071491241
tensor(0., device='cuda:0', grad_fn=<SumBackward0>)
LOSS: 0.1845400035381317
PPO-LOSS: 0.1845400035381317
tensor(0., device='cuda:0', grad_fn=<SumBackward0>)
LOSS: 0.02598492242395878
PPO-LOSS: 0.18072181940078735
tensor(0.0437, device='cuda:0', grad_fn=<SumBackward0>)
LOSS: 0.023241359740495682
PPO-LOSS: 0.18040545284748077
tensor(0.0488, device='cuda:0', grad_fn=<SumBackward0>)
LOSS: 0.17462192475795746
PPO-LOSS: 0.18323537707328796
tensor(2.5533e-05, device='cuda:0', grad_fn=<SumBackward0>)
LOSS: 0.17885605990886688
PPO-LOSS: 0.18260645866394043
tensor(2.1434e-05, device='cuda:0', grad_fn=<SumBackward0>)
LOSS: 0.017241671681404114
PPO-LOSS: 0.17889732122421265
tensor(0.0541, device='cuda:0', grad_fn=<SumBackward0>)
LOSS: 0.019581791013479233
PPO-LOSS: 0.17875395715236664
tensor(0.0357, device='cuda:0', grad_fn=<SumBackward0>)
LOSS: 0.17220665514469147
PPO-LOSS: 0.18230098485946655
tensor(2.0694e-05, device='cuda:0', grad_fn=<SumBackward0>)
LOSS: 0.18223696947097778
PPO-LOSS: 0.18243257701396942
tensor(3.8597e-07, device='cuda:0', grad_fn=<SumBackward0>)
LOSS: 0.05248277261853218
PPO-LOSS: 0.17932742834091187
tensor(0.0040, device='cuda:0', grad_fn=<SumBackward0>)
LOSS: 0.11657002568244934
PPO-LOSS: 0.15989051759243011
tensor(0.0003, device='cuda:0', grad_fn=<SumBackward0>)
LOSS: 0.0478706918656826
PPO-LOSS: 0.15843945741653442
tensor(0.0029, device='cuda:0', grad_fn=<SumBackward0>)
LOSS: 0.16085204482078552
PPO-LOSS: 0.16085204482078552
tensor(0., device='cuda:0', grad_fn=<SumBackward0>)
LOSS: 0.1583041399717331
PPO-LOSS: 0.1599453240633011
tensor(1.2037e-05, device='cuda:0', grad_fn=<SumBackward0>)
LOSS: 0.015039007179439068
PPO-LOSS: 0.1560741811990738
tensor(0.0725, device='cuda:0', grad_fn=<SumBackward0>)
LOSS: 0.01470706332474947
PPO-LOSS: 0.15555021166801453
tensor(0.0838, device='cuda:0', grad_fn=<SumBackward0>)
LOSS: 0.10598372668027878
PPO-LOSS: 0.15803247690200806
tensor(0.0003, device='cuda:0', grad_fn=<SumBackward0>)
slurmstepd: error: *** JOB 185642 ON vae.ist.berkeley.edu CANCELLED AT 2024-04-16T20:35:24 ***
slurmstepd: error: *** STEP 185642.0 ON vae.ist.berkeley.edu CANCELLED AT 2024-04-16T20:35:24 ***
