wandb: Currently logged in as: mason-nakamura1 (ecrl). Use `wandb login --relogin` to force relogin
wandb: Currently logged in as: mason-nakamura1 (ecrl). Use `wandb login --relogin` to force relogin
wandb: Currently logged in as: mason-nakamura1 (ecrl). Use `wandb login --relogin` to force relogin
wandb: Currently logged in as: mason-nakamura1 (ecrl). Use `wandb login --relogin` to force relogin
wandb: wandb version 0.16.0 is available!  To upgrade, please run:
wandb:  $ pip install wandb --upgrade
wandb: Tracking run with wandb version 0.14.2
wandb: Run data is saved locally in /nas/ucb/mason/ethically-compliant-rl/wandb/run-20231117_081843-my09lk5a
wandb: Run `wandb offline` to turn off syncing.
wandb: Syncing run ppo-KLpenalty-beta(80.0)-parking
wandb: ⭐️ View project at https://wandb.ai/ecrl/PPO-Penalty-Report5
wandb: 🚀 View run at https://wandb.ai/ecrl/PPO-Penalty-Report5/runs/my09lk5a
wandb: wandb version 0.16.0 is available!  To upgrade, please run:
wandb:  $ pip install wandb --upgrade
wandb: Tracking run with wandb version 0.14.2
wandb: Run data is saved locally in /nas/ucb/mason/ethically-compliant-rl/wandb/run-20231117_161843-yc8zvchj
wandb: Run `wandb offline` to turn off syncing.
wandb: Syncing run ppo-KLpenalty-beta(0.0)-parking
wandb: ⭐️ View project at https://wandb.ai/ecrl/PPO-Penalty-Report5
wandb: 🚀 View run at https://wandb.ai/ecrl/PPO-Penalty-Report5/runs/yc8zvchj
wandb: wandb version 0.16.0 is available!  To upgrade, please run:
wandb:  $ pip install wandb --upgrade
wandb: Tracking run with wandb version 0.14.2
wandb: Run data is saved locally in /nas/ucb/mason/ethically-compliant-rl/wandb/run-20231117_081843-euf1ktla
wandb: Run `wandb offline` to turn off syncing.
wandb: Syncing run ppo-KLpenalty-beta(0.3)-parking
wandb: ⭐️ View project at https://wandb.ai/ecrl/PPO-Penalty-Report5
wandb: 🚀 View run at https://wandb.ai/ecrl/PPO-Penalty-Report5/runs/euf1ktla
wandb: wandb version 0.16.0 is available!  To upgrade, please run:
wandb:  $ pip install wandb --upgrade
wandb: Tracking run with wandb version 0.14.2
wandb: Run data is saved locally in /nas/ucb/mason/ethically-compliant-rl/wandb/run-20231117_081843-r8lc59ka
wandb: Run `wandb offline` to turn off syncing.
wandb: Syncing run ppo-KLpenalty-beta(5000.0)-parking
wandb: ⭐️ View project at https://wandb.ai/ecrl/PPO-Penalty-Report5
wandb: 🚀 View run at https://wandb.ai/ecrl/PPO-Penalty-Report5/runs/r8lc59ka
wandb: Currently logged in as: mason-nakamura1 (ecrl). Use `wandb login --relogin` to force relogin
wandb: wandb version 0.16.0 is available!  To upgrade, please run:
wandb:  $ pip install wandb --upgrade
wandb: Tracking run with wandb version 0.14.2
wandb: Run data is saved locally in /nas/ucb/mason/ethically-compliant-rl/wandb/run-20231117_081845-m05bc0ir
wandb: Run `wandb offline` to turn off syncing.
wandb: Syncing run ppo-KLpenalty-beta(15.0)-parking
wandb: ⭐️ View project at https://wandb.ai/ecrl/PPO-Penalty-Report5
wandb: 🚀 View run at https://wandb.ai/ecrl/PPO-Penalty-Report5/runs/m05bc0ir
Using cpu device
--------------------------------------
| reward             | [-0.50587636] |
| time/              |               |
|    fps             | 185           |
|    iterations      | 1             |
|    time_elapsed    | 11            |
|    total_timesteps | 2048          |
--------------------------------------
Using cpu device
--------------------------------------
| reward             | [-0.49913925] |
| time/              |               |
|    fps             | 182           |
|    iterations      | 1             |
|    time_elapsed    | 11            |
|    total_timesteps | 2048          |
--------------------------------------
Using cpu device
--------------------------------------
| reward             | [-0.57004094] |
| time/              |               |
|    fps             | 162           |
|    iterations      | 1             |
|    time_elapsed    | 12            |
|    total_timesteps | 2048          |
--------------------------------------
Using cpu device
--------------------------------------
| reward             | [-0.31039423] |
| time/              |               |
|    fps             | 165           |
|    iterations      | 1             |
|    time_elapsed    | 12            |
|    total_timesteps | 2048          |
--------------------------------------
Using cpu device
-------------------------------------
| reward             | [-0.4605062] |
| time/              |              |
|    fps             | 178          |
|    iterations      | 1            |
|    time_elapsed    | 11           |
|    total_timesteps | 2048         |
-------------------------------------
/nas/ucb/mason/ethically-compliant-rl/stable_baselines3/stable_baselines3/ppo_penalty/ppo_penalty.py:286: RuntimeWarning: invalid value encountered in log
  self.logger.record("train/ln(policy_gradient_loss)", np.log(np.mean(pg_losses)))
----------------------------------------------
| reward                      | [-0.5564614] |
| time/                       |              |
|    fps                      | 175          |
|    iterations               | 2            |
|    time_elapsed             | 23           |
|    total_timesteps          | 4096         |
| train/                      |              |
|    approx_kl                | 4.4440594    |
|    approx_ln(kl)            | 1.4915682    |
|    clip_range               | 0.2          |
|    entropy_loss             | -2.78        |
|    explained_variance       | 0.0415       |
|    learning_rate            | 0.001        |
|    ln(loss)                 | 2.73         |
|    ln(policy_gradient_loss) | -1.08        |
|    loss                     | 15.4         |
|    n_updates                | 10           |
|    policy_gradient_loss     | 0.338        |
|    std                      | 0.892        |
|    value_loss               | 215          |
----------------------------------------------
slurmstepd: error: *** STEP 96421.1 ON ddpg.ist.berkeley.edu CANCELLED AT 2023-11-17T08:19:09 ***
slurmstepd: error: *** STEP 96421.4 ON gan.ist.berkeley.edu CANCELLED AT 2023-11-17T08:19:09 ***
slurmstepd: error: *** STEP 96421.3 ON gail.ist.berkeley.edu CANCELLED AT 2023-11-17T08:19:09 ***
slurmstepd: error: *** STEP 96421.2 ON dqn.ist.berkeley.edu CANCELLED AT 2023-11-17T08:19:09 ***
slurmstepd: error: *** STEP 96421.0 ON airl.ist.berkeley.edu CANCELLED AT 2023-11-17T16:19:09 ***
slurmstepd: error: *** JOB 96421 ON airl.ist.berkeley.edu CANCELLED AT 2023-11-17T16:19:09 ***
