wandb: Currently logged in as: mason-nakamura1 (ecrl). Use `wandb login --relogin` to force relogin
wandb: wandb version 0.16.2 is available!  To upgrade, please run:
wandb:  $ pip install wandb --upgrade
wandb: Tracking run with wandb version 0.14.2
wandb: Run data is saved locally in /nas/ucb/mason/ethically-compliant-rl/wandb/run-20240116_021200-02ufjz85
wandb: Run `wandb offline` to turn off syncing.
wandb: Syncing run sunny-flower-269
wandb: ⭐️ View project at https://wandb.ai/ecrl/PPO%2BPPOL
wandb: 🚀 View run at https://wandb.ai/ecrl/PPO%2BPPOL/runs/02ufjz85
Using cpu device
INITIALIZATION-_build_mlp()
weight : tensor([[-0.0198, -0.0081, -0.0884,  ...,  0.2286, -0.0979, -0.0083],
        [ 0.0542, -0.0015, -0.0226,  ...,  0.0799,  0.1038, -0.1303],
        [ 0.2122, -0.0163,  0.2034,  ...,  0.2276, -0.1658,  0.0451],
        ...,
        [-0.0551,  0.0504, -0.0531,  ..., -0.0650,  0.1750,  0.0974],
        [ 0.1331,  0.0925,  0.0980,  ...,  0.0995,  0.0236, -0.1429],
        [ 0.0510, -0.2192, -0.0238,  ..., -0.1947,  0.2022, -0.1389]])
bias : tensor([-5.6648e-02, -1.1615e-02, -8.4702e-02,  2.0419e-01, -1.6496e-01,
        -1.2830e-02,  1.9023e-01,  2.0972e-02, -2.1545e-02, -2.2443e-02,
        -2.0432e-01, -1.8013e-01, -8.1856e-02, -2.0225e-01, -1.6454e-02,
        -1.4516e-01,  4.6521e-02,  1.6952e-02, -1.7228e-01, -1.5450e-01,
         1.9606e-01,  1.3188e-01, -2.0431e-01,  1.0178e-01, -1.1228e-04,
        -1.2771e-01,  2.0242e-01, -1.0212e-01,  2.1128e-01, -1.0761e-01,
        -1.7519e-01, -5.8593e-02,  1.3376e-01,  1.0634e-01,  1.0159e-01,
         1.0509e-01, -2.0175e-01,  1.2948e-01,  6.5067e-03, -1.5253e-01,
         1.2162e-01,  5.7763e-02, -9.7111e-02, -8.8289e-02, -1.9891e-01,
         1.2266e-01,  8.0676e-02, -2.0440e-01,  2.0282e-01,  1.1161e-01,
         1.0312e-01, -4.6937e-02,  6.5538e-02,  1.2114e-01,  6.2360e-02,
         1.8018e-01, -1.1776e-01, -1.1936e-01,  1.0415e-01,  2.3365e-02,
        -4.9908e-02,  2.1983e-01, -7.5288e-02,  3.5890e-02])
weight : tensor([[-0.1018,  0.0405, -0.0788,  ..., -0.0480,  0.0155, -0.1239],
        [ 0.0533, -0.1017,  0.0700,  ..., -0.0228, -0.1195,  0.0181],
        [-0.0323,  0.0310,  0.0069,  ...,  0.1189,  0.0020, -0.0566],
        ...,
        [ 0.0728,  0.0714,  0.0175,  ..., -0.0931, -0.0791, -0.0213],
        [-0.0922,  0.1048,  0.1112,  ..., -0.0175, -0.0750,  0.0927],
        [ 0.0553, -0.0964, -0.0682,  ..., -0.0012, -0.0145,  0.1204]])
bias : tensor([-0.0108, -0.0197, -0.0790,  0.0495, -0.0306,  0.0181, -0.1108, -0.1107,
         0.0631, -0.0262,  0.0998,  0.1247,  0.0289, -0.0474, -0.0928, -0.0515,
         0.1094,  0.0342,  0.0758,  0.0265,  0.0155, -0.1174,  0.0418, -0.0399,
         0.0599,  0.0014, -0.0892,  0.1112, -0.0903,  0.0480, -0.0838,  0.0283,
         0.0855, -0.0700, -0.0147, -0.0106, -0.1115, -0.0517, -0.1169, -0.0313,
         0.0617,  0.0929, -0.0501,  0.0975, -0.0665, -0.0164,  0.1151,  0.1194,
         0.0344, -0.0362, -0.0702,  0.0121,  0.0092, -0.0142,  0.0558, -0.0426,
         0.0341, -0.1028,  0.1038,  0.0604,  0.0350, -0.0282, -0.0102,  0.0898])
INITIALIZATION-_build()
weight : tensor([[-0.0198, -0.0081, -0.0884,  ...,  0.2286, -0.0979, -0.0083],
        [ 0.0542, -0.0015, -0.0226,  ...,  0.0799,  0.1038, -0.1303],
        [ 0.2122, -0.0163,  0.2034,  ...,  0.2276, -0.1658,  0.0451],
        ...,
        [-0.0551,  0.0504, -0.0531,  ..., -0.0650,  0.1750,  0.0974],
        [ 0.1331,  0.0925,  0.0980,  ...,  0.0995,  0.0236, -0.1429],
        [ 0.0510, -0.2192, -0.0238,  ..., -0.1947,  0.2022, -0.1389]])
bias : tensor([-5.6648e-02, -1.1615e-02, -8.4702e-02,  2.0419e-01, -1.6496e-01,
        -1.2830e-02,  1.9023e-01,  2.0972e-02, -2.1545e-02, -2.2443e-02,
        -2.0432e-01, -1.8013e-01, -8.1856e-02, -2.0225e-01, -1.6454e-02,
        -1.4516e-01,  4.6521e-02,  1.6952e-02, -1.7228e-01, -1.5450e-01,
         1.9606e-01,  1.3188e-01, -2.0431e-01,  1.0178e-01, -1.1228e-04,
        -1.2771e-01,  2.0242e-01, -1.0212e-01,  2.1128e-01, -1.0761e-01,
        -1.7519e-01, -5.8593e-02,  1.3376e-01,  1.0634e-01,  1.0159e-01,
         1.0509e-01, -2.0175e-01,  1.2948e-01,  6.5067e-03, -1.5253e-01,
         1.2162e-01,  5.7763e-02, -9.7111e-02, -8.8289e-02, -1.9891e-01,
         1.2266e-01,  8.0676e-02, -2.0440e-01,  2.0282e-01,  1.1161e-01,
         1.0312e-01, -4.6937e-02,  6.5538e-02,  1.2114e-01,  6.2360e-02,
         1.8018e-01, -1.1776e-01, -1.1936e-01,  1.0415e-01,  2.3365e-02,
        -4.9908e-02,  2.1983e-01, -7.5288e-02,  3.5890e-02])
weight : tensor([[-0.1018,  0.0405, -0.0788,  ..., -0.0480,  0.0155, -0.1239],
        [ 0.0533, -0.1017,  0.0700,  ..., -0.0228, -0.1195,  0.0181],
        [-0.0323,  0.0310,  0.0069,  ...,  0.1189,  0.0020, -0.0566],
        ...,
        [ 0.0728,  0.0714,  0.0175,  ..., -0.0931, -0.0791, -0.0213],
        [-0.0922,  0.1048,  0.1112,  ..., -0.0175, -0.0750,  0.0927],
        [ 0.0553, -0.0964, -0.0682,  ..., -0.0012, -0.0145,  0.1204]])
bias : tensor([-0.0108, -0.0197, -0.0790,  0.0495, -0.0306,  0.0181, -0.1108, -0.1107,
         0.0631, -0.0262,  0.0998,  0.1247,  0.0289, -0.0474, -0.0928, -0.0515,
         0.1094,  0.0342,  0.0758,  0.0265,  0.0155, -0.1174,  0.0418, -0.0399,
         0.0599,  0.0014, -0.0892,  0.1112, -0.0903,  0.0480, -0.0838,  0.0283,
         0.0855, -0.0700, -0.0147, -0.0106, -0.1115, -0.0517, -0.1169, -0.0313,
         0.0617,  0.0929, -0.0501,  0.0975, -0.0665, -0.0164,  0.1151,  0.1194,
         0.0344, -0.0362, -0.0702,  0.0121,  0.0092, -0.0142,  0.0558, -0.0426,
         0.0341, -0.1028,  0.1038,  0.0604,  0.0350, -0.0282, -0.0102,  0.0898])
OBS TENSOR: tensor([[ 0.0000e+00,  0.0000e+00,  0.0000e+00, -0.0000e+00,  6.1232e-17,
         -1.0000e+00,  2.0000e-02, -1.4000e-01,  0.0000e+00,  0.0000e+00,
          6.1232e-17, -1.0000e+00,  0.0000e+00,  0.0000e+00,  0.0000e+00,
         -0.0000e+00,  6.1232e-17, -1.0000e+00]], dtype=torch.float64)
BUFFER UNCLIPPED ACTION: [[-1.4857277  -0.08969475]]
BUFFER CLIPPED ACTION: [[-1.         -0.08969475]]
BUFFER:
weight : tensor([[-0.0198, -0.0081, -0.0884,  ...,  0.2286, -0.0979, -0.0083],
        [ 0.0542, -0.0015, -0.0226,  ...,  0.0799,  0.1038, -0.1303],
        [ 0.2122, -0.0163,  0.2034,  ...,  0.2276, -0.1658,  0.0451],
        ...,
        [-0.0551,  0.0504, -0.0531,  ..., -0.0650,  0.1750,  0.0974],
        [ 0.1331,  0.0925,  0.0980,  ...,  0.0995,  0.0236, -0.1429],
        [ 0.0510, -0.2192, -0.0238,  ..., -0.1947,  0.2022, -0.1389]])
bias : tensor([-5.6648e-02, -1.1615e-02, -8.4702e-02,  2.0419e-01, -1.6496e-01,
        -1.2830e-02,  1.9023e-01,  2.0972e-02, -2.1545e-02, -2.2443e-02,
        -2.0432e-01, -1.8013e-01, -8.1856e-02, -2.0225e-01, -1.6454e-02,
        -1.4516e-01,  4.6521e-02,  1.6952e-02, -1.7228e-01, -1.5450e-01,
         1.9606e-01,  1.3188e-01, -2.0431e-01,  1.0178e-01, -1.1228e-04,
        -1.2771e-01,  2.0242e-01, -1.0212e-01,  2.1128e-01, -1.0761e-01,
        -1.7519e-01, -5.8593e-02,  1.3376e-01,  1.0634e-01,  1.0159e-01,
         1.0509e-01, -2.0175e-01,  1.2948e-01,  6.5067e-03, -1.5253e-01,
         1.2162e-01,  5.7763e-02, -9.7111e-02, -8.8289e-02, -1.9891e-01,
         1.2266e-01,  8.0676e-02, -2.0440e-01,  2.0282e-01,  1.1161e-01,
         1.0312e-01, -4.6937e-02,  6.5538e-02,  1.2114e-01,  6.2360e-02,
         1.8018e-01, -1.1776e-01, -1.1936e-01,  1.0415e-01,  2.3365e-02,
        -4.9908e-02,  2.1983e-01, -7.5288e-02,  3.5890e-02])
weight : tensor([[-0.1018,  0.0405, -0.0788,  ..., -0.0480,  0.0155, -0.1239],
        [ 0.0533, -0.1017,  0.0700,  ..., -0.0228, -0.1195,  0.0181],
        [-0.0323,  0.0310,  0.0069,  ...,  0.1189,  0.0020, -0.0566],
        ...,
        [ 0.0728,  0.0714,  0.0175,  ..., -0.0931, -0.0791, -0.0213],
        [-0.0922,  0.1048,  0.1112,  ..., -0.0175, -0.0750,  0.0927],
        [ 0.0553, -0.0964, -0.0682,  ..., -0.0012, -0.0145,  0.1204]])
bias : tensor([-0.0108, -0.0197, -0.0790,  0.0495, -0.0306,  0.0181, -0.1108, -0.1107,
         0.0631, -0.0262,  0.0998,  0.1247,  0.0289, -0.0474, -0.0928, -0.0515,
         0.1094,  0.0342,  0.0758,  0.0265,  0.0155, -0.1174,  0.0418, -0.0399,
         0.0599,  0.0014, -0.0892,  0.1112, -0.0903,  0.0480, -0.0838,  0.0283,
         0.0855, -0.0700, -0.0147, -0.0106, -0.1115, -0.0517, -0.1169, -0.0313,
         0.0617,  0.0929, -0.0501,  0.0975, -0.0665, -0.0164,  0.1151,  0.1194,
         0.0344, -0.0362, -0.0702,  0.0121,  0.0092, -0.0142,  0.0558, -0.0426,
         0.0341, -0.1028,  0.1038,  0.0604,  0.0350, -0.0282, -0.0102,  0.0898])
OBS TENSOR: tensor([[ 2.3367e-05,  6.6626e-04, -1.8805e-04,  2.0000e-01,  9.4025e-04,
         -1.0000e+00,  2.0000e-02, -1.4000e-01,  0.0000e+00,  0.0000e+00,
          6.1232e-17, -1.0000e+00,  2.3367e-05,  6.6626e-04, -1.8805e-04,
          2.0000e-01,  9.4025e-04, -1.0000e+00]], dtype=torch.float64)
BUFFER UNCLIPPED ACTION: [[ 0.7932732 -1.1717792]]
BUFFER CLIPPED ACTION: [[ 0.7932732 -1.       ]]
BUFFER:
weight : tensor([[-0.0198, -0.0081, -0.0884,  ...,  0.2286, -0.0979, -0.0083],
        [ 0.0542, -0.0015, -0.0226,  ...,  0.0799,  0.1038, -0.1303],
        [ 0.2122, -0.0163,  0.2034,  ...,  0.2276, -0.1658,  0.0451],
        ...,
        [-0.0551,  0.0504, -0.0531,  ..., -0.0650,  0.1750,  0.0974],
        [ 0.1331,  0.0925,  0.0980,  ...,  0.0995,  0.0236, -0.1429],
        [ 0.0510, -0.2192, -0.0238,  ..., -0.1947,  0.2022, -0.1389]])
bias : tensor([-5.6648e-02, -1.1615e-02, -8.4702e-02,  2.0419e-01, -1.6496e-01,
        -1.2830e-02,  1.9023e-01,  2.0972e-02, -2.1545e-02, -2.2443e-02,
        -2.0432e-01, -1.8013e-01, -8.1856e-02, -2.0225e-01, -1.6454e-02,
        -1.4516e-01,  4.6521e-02,  1.6952e-02, -1.7228e-01, -1.5450e-01,
         1.9606e-01,  1.3188e-01, -2.0431e-01,  1.0178e-01, -1.1228e-04,
        -1.2771e-01,  2.0242e-01, -1.0212e-01,  2.1128e-01, -1.0761e-01,
        -1.7519e-01, -5.8593e-02,  1.3376e-01,  1.0634e-01,  1.0159e-01,
         1.0509e-01, -2.0175e-01,  1.2948e-01,  6.5067e-03, -1.5253e-01,
         1.2162e-01,  5.7763e-02, -9.7111e-02, -8.8289e-02, -1.9891e-01,
         1.2266e-01,  8.0676e-02, -2.0440e-01,  2.0282e-01,  1.1161e-01,
         1.0312e-01, -4.6937e-02,  6.5538e-02,  1.2114e-01,  6.2360e-02,
         1.8018e-01, -1.1776e-01, -1.1936e-01,  1.0415e-01,  2.3365e-02,
        -4.9908e-02,  2.1983e-01, -7.5288e-02,  3.5890e-02])
weight : tensor([[-0.1018,  0.0405, -0.0788,  ..., -0.0480,  0.0155, -0.1239],
        [ 0.0533, -0.1017,  0.0700,  ..., -0.0228, -0.1195,  0.0181],
        [-0.0323,  0.0310,  0.0069,  ...,  0.1189,  0.0020, -0.0566],
        ...,
        [ 0.0728,  0.0714,  0.0175,  ..., -0.0931, -0.0791, -0.0213],
        [-0.0922,  0.1048,  0.1112,  ..., -0.0175, -0.0750,  0.0927],
        [ 0.0553, -0.0964, -0.0682,  ..., -0.0012, -0.0145,  0.1204]])
bias : tensor([-0.0108, -0.0197, -0.0790,  0.0495, -0.0306,  0.0181, -0.1108, -0.1107,
         0.0631, -0.0262,  0.0998,  0.1247,  0.0289, -0.0474, -0.0928, -0.0515,
         0.1094,  0.0342,  0.0758,  0.0265,  0.0155, -0.1174,  0.0418, -0.0399,
         0.0599,  0.0014, -0.0892,  0.1112, -0.0903,  0.0480, -0.0838,  0.0283,
         0.0855, -0.0700, -0.0147, -0.0106, -0.1115, -0.0517, -0.1169, -0.0313,
         0.0617,  0.0929, -0.0501,  0.0975, -0.0665, -0.0164,  0.1151,  0.1194,
         0.0344, -0.0362, -0.0702,  0.0121,  0.0092, -0.0142,  0.0558, -0.0426,
         0.0341, -0.1028,  0.1038,  0.0604,  0.0350, -0.0282, -0.0102,  0.0898])
OBS TENSOR: tensor([[ 6.6895e-04,  1.9881e-03, -1.1268e-03,  4.1330e-02,  2.7254e-02,
         -9.9963e-01,  2.0000e-02, -1.4000e-01,  0.0000e+00,  0.0000e+00,
          6.1232e-17, -1.0000e+00,  6.6895e-04,  1.9881e-03, -1.1268e-03,
          4.1330e-02,  2.7254e-02, -9.9963e-01]], dtype=torch.float64)
BUFFER UNCLIPPED ACTION: [[-0.14576162 -0.13137664]]
BUFFER CLIPPED ACTION: [[-0.14576162 -0.13137664]]
BUFFER:
weight : tensor([[-0.0198, -0.0081, -0.0884,  ...,  0.2286, -0.0979, -0.0083],
        [ 0.0542, -0.0015, -0.0226,  ...,  0.0799,  0.1038, -0.1303],
        [ 0.2122, -0.0163,  0.2034,  ...,  0.2276, -0.1658,  0.0451],
        ...,
        [-0.0551,  0.0504, -0.0531,  ..., -0.0650,  0.1750,  0.0974],
        [ 0.1331,  0.0925,  0.0980,  ...,  0.0995,  0.0236, -0.1429],
        [ 0.0510, -0.2192, -0.0238,  ..., -0.1947,  0.2022, -0.1389]])
bias : tensor([-5.6648e-02, -1.1615e-02, -8.4702e-02,  2.0419e-01, -1.6496e-01,
        -1.2830e-02,  1.9023e-01,  2.0972e-02, -2.1545e-02, -2.2443e-02,
        -2.0432e-01, -1.8013e-01, -8.1856e-02, -2.0225e-01, -1.6454e-02,
        -1.4516e-01,  4.6521e-02,  1.6952e-02, -1.7228e-01, -1.5450e-01,
         1.9606e-01,  1.3188e-01, -2.0431e-01,  1.0178e-01, -1.1228e-04,
        -1.2771e-01,  2.0242e-01, -1.0212e-01,  2.1128e-01, -1.0761e-01,
        -1.7519e-01, -5.8593e-02,  1.3376e-01,  1.0634e-01,  1.0159e-01,
         1.0509e-01, -2.0175e-01,  1.2948e-01,  6.5067e-03, -1.5253e-01,
         1.2162e-01,  5.7763e-02, -9.7111e-02, -8.8289e-02, -1.9891e-01,
         1.2266e-01,  8.0676e-02, -2.0440e-01,  2.0282e-01,  1.1161e-01,
         1.0312e-01, -4.6937e-02,  6.5538e-02,  1.2114e-01,  6.2360e-02,
         1.8018e-01, -1.1776e-01, -1.1936e-01,  1.0415e-01,  2.3365e-02,
        -4.9908e-02,  2.1983e-01, -7.5288e-02,  3.5890e-02])
weight : tensor([[-0.1018,  0.0405, -0.0788,  ..., -0.0480,  0.0155, -0.1239],
        [ 0.0533, -0.1017,  0.0700,  ..., -0.0228, -0.1195,  0.0181],
        [-0.0323,  0.0310,  0.0069,  ...,  0.1189,  0.0020, -0.0566],
        ...,
        [ 0.0728,  0.0714,  0.0175,  ..., -0.0931, -0.0791, -0.0213],
        [-0.0922,  0.1048,  0.1112,  ..., -0.0175, -0.0750,  0.0927],
        [ 0.0553, -0.0964, -0.0682,  ..., -0.0012, -0.0145,  0.1204]])
bias : tensor([-0.0108, -0.0197, -0.0790,  0.0495, -0.0306,  0.0181, -0.1108, -0.1107,
         0.0631, -0.0262,  0.0998,  0.1247,  0.0289, -0.0474, -0.0928, -0.0515,
         0.1094,  0.0342,  0.0758,  0.0265,  0.0155, -0.1174,  0.0418, -0.0399,
         0.0599,  0.0014, -0.0892,  0.1112, -0.0903,  0.0480, -0.0838,  0.0283,
         0.0855, -0.0700, -0.0147, -0.0106, -0.1115, -0.0517, -0.1169, -0.0313,
         0.0617,  0.0929, -0.0501,  0.0975, -0.0665, -0.0164,  0.1151,  0.1194,
         0.0344, -0.0362, -0.0702,  0.0121,  0.0092, -0.0142,  0.0558, -0.0426,
         0.0341, -0.1028,  0.1038,  0.0604,  0.0350, -0.0282, -0.0102,  0.0898])
OBS TENSOR: tensor([[ 6.8127e-04,  2.4986e-03, -1.9957e-03,  7.0469e-02,  2.8309e-02,
         -9.9960e-01,  2.0000e-02, -1.4000e-01,  0.0000e+00,  0.0000e+00,
          6.1232e-17, -1.0000e+00,  6.8127e-04,  2.4986e-03, -1.9957e-03,
          7.0469e-02,  2.8309e-02, -9.9960e-01]], dtype=torch.float64)
BUFFER UNCLIPPED ACTION: [[-0.8663534  1.1909784]]
BUFFER CLIPPED ACTION: [[-0.8663534  1.       ]]
BUFFER:
weight : tensor([[-0.0198, -0.0081, -0.0884,  ...,  0.2286, -0.0979, -0.0083],
        [ 0.0542, -0.0015, -0.0226,  ...,  0.0799,  0.1038, -0.1303],
        [ 0.2122, -0.0163,  0.2034,  ...,  0.2276, -0.1658,  0.0451],
        ...,
        [-0.0551,  0.0504, -0.0531,  ..., -0.0650,  0.1750,  0.0974],
        [ 0.1331,  0.0925,  0.0980,  ...,  0.0995,  0.0236, -0.1429],
        [ 0.0510, -0.2192, -0.0238,  ..., -0.1947,  0.2022, -0.1389]])
bias : tensor([-5.6648e-02, -1.1615e-02, -8.4702e-02,  2.0419e-01, -1.6496e-01,
        -1.2830e-02,  1.9023e-01,  2.0972e-02, -2.1545e-02, -2.2443e-02,
        -2.0432e-01, -1.8013e-01, -8.1856e-02, -2.0225e-01, -1.6454e-02,
        -1.4516e-01,  4.6521e-02,  1.6952e-02, -1.7228e-01, -1.5450e-01,
         1.9606e-01,  1.3188e-01, -2.0431e-01,  1.0178e-01, -1.1228e-04,
        -1.2771e-01,  2.0242e-01, -1.0212e-01,  2.1128e-01, -1.0761e-01,
        -1.7519e-01, -5.8593e-02,  1.3376e-01,  1.0634e-01,  1.0159e-01,
         1.0509e-01, -2.0175e-01,  1.2948e-01,  6.5067e-03, -1.5253e-01,
         1.2162e-01,  5.7763e-02, -9.7111e-02, -8.8289e-02, -1.9891e-01,
         1.2266e-01,  8.0676e-02, -2.0440e-01,  2.0282e-01,  1.1161e-01,
         1.0312e-01, -4.6937e-02,  6.5538e-02,  1.2114e-01,  6.2360e-02,
         1.8018e-01, -1.1776e-01, -1.1936e-01,  1.0415e-01,  2.3365e-02,
        -4.9908e-02,  2.1983e-01, -7.5288e-02,  3.5890e-02])
weight : tensor([[-0.1018,  0.0405, -0.0788,  ..., -0.0480,  0.0155, -0.1239],
        [ 0.0533, -0.1017,  0.0700,  ..., -0.0228, -0.1195,  0.0181],
        [-0.0323,  0.0310,  0.0069,  ...,  0.1189,  0.0020, -0.0566],
        ...,
        [ 0.0728,  0.0714,  0.0175,  ..., -0.0931, -0.0791, -0.0213],
        [-0.0922,  0.1048,  0.1112,  ..., -0.0175, -0.0750,  0.0927],
        [ 0.0553, -0.0964, -0.0682,  ..., -0.0012, -0.0145,  0.1204]])
bias : tensor([-0.0108, -0.0197, -0.0790,  0.0495, -0.0306,  0.0181, -0.1108, -0.1107,
         0.0631, -0.0262,  0.0998,  0.1247,  0.0289, -0.0474, -0.0928, -0.0515,
         0.1094,  0.0342,  0.0758,  0.0265,  0.0155, -0.1174,  0.0418, -0.0399,
         0.0599,  0.0014, -0.0892,  0.1112, -0.0903,  0.0480, -0.0838,  0.0283,
         0.0855, -0.0700, -0.0147, -0.0106, -0.1115, -0.0517, -0.1169, -0.0313,
         0.0617,  0.0929, -0.0501,  0.0975, -0.0665, -0.0164,  0.1151,  0.1194,
         0.0344, -0.0362, -0.0702,  0.0121,  0.0092, -0.0142,  0.0558, -0.0426,
         0.0341, -0.1028,  0.1038,  0.0604,  0.0350, -0.0282, -0.0102,  0.0898])
wandb: Waiting for W&B process to finish... (success).
wandb: - 0.027 MB of 0.027 MB uploaded (0.000 MB deduped)wandb: \ 0.027 MB of 0.027 MB uploaded (0.000 MB deduped)wandb: | 0.027 MB of 0.027 MB uploaded (0.000 MB deduped)wandb: / 0.027 MB of 0.027 MB uploaded (0.000 MB deduped)wandb: - 0.027 MB of 0.027 MB uploaded (0.000 MB deduped)wandb: 
wandb: Run history:
wandb:  avg_speed ▆▁▂█
wandb: is_success ▁▁▁▁
wandb:  max_speed ▆▁▂█
wandb:     reward █▆▅▁
wandb: 
wandb: Run summary:
wandb:  avg_speed 0.24377
wandb: is_success 0
wandb:  max_speed 0.24377
wandb:     reward -0.25122
wandb: 
wandb: 🚀 View run sunny-flower-269 at: https://wandb.ai/ecrl/PPO%2BPPOL/runs/02ufjz85
wandb: Synced 5 W&B file(s), 0 media file(s), 2 artifact file(s) and 0 other file(s)
wandb: Find logs at: ./wandb/run-20240116_021200-02ufjz85/logs
