wandb: Currently logged in as: mason-nakamura1 (ecrl). Use `wandb login --relogin` to force relogin
wandb: Currently logged in as: mason-nakamura1 (ecrl). Use `wandb login --relogin` to force relogin
wandb: Currently logged in as: mason-nakamura1 (ecrl). Use `wandb login --relogin` to force relogin
wandb: wandb version 0.16.2 is available!  To upgrade, please run:
wandb:  $ pip install wandb --upgrade
wandb: Tracking run with wandb version 0.14.2
wandb: Run data is saved locally in /nas/ucb/mason/ethically-compliant-rl/wandb/run-20240111_201324-eq3bhujw
wandb: Run `wandb offline` to turn off syncing.
wandb: Syncing run drawn-sea-118
wandb: ⭐️ View project at https://wandb.ai/ecrl/PPO%2BPPOL
wandb: 🚀 View run at https://wandb.ai/ecrl/PPO%2BPPOL/runs/eq3bhujw
wandb: wandb version 0.16.2 is available!  To upgrade, please run:
wandb:  $ pip install wandb --upgrade
wandb: Tracking run with wandb version 0.14.2
wandb: Run data is saved locally in /nas/ucb/mason/ethically-compliant-rl/wandb/run-20240111_201324-bhaqygev
wandb: Run `wandb offline` to turn off syncing.
wandb: Syncing run stilted-monkey-119
wandb: ⭐️ View project at https://wandb.ai/ecrl/PPO%2BPPOL
wandb: 🚀 View run at https://wandb.ai/ecrl/PPO%2BPPOL/runs/bhaqygev
wandb: wandb version 0.16.2 is available!  To upgrade, please run:
wandb:  $ pip install wandb --upgrade
wandb: Tracking run with wandb version 0.14.2
wandb: Run data is saved locally in /nas/ucb/mason/ethically-compliant-rl/wandb/run-20240112_041324-fnuncgr2
wandb: Run `wandb offline` to turn off syncing.
wandb: Syncing run misunderstood-shape-120
wandb: ⭐️ View project at https://wandb.ai/ecrl/PPO%2BPPOL
wandb: 🚀 View run at https://wandb.ai/ecrl/PPO%2BPPOL/runs/fnuncgr2
Using cpu device
Traceback (most recent call last):
  File "/nas/ucb/mason/ethically-compliant-rl/PPOL_New/train_ppol_no_lagrange.py", line 139, in <module>
    train()
  File "/nas/ucb/mason/ethically-compliant-rl/.venv/lib/python3.9/site-packages/pyrallis/argparsing.py", line 158, in wrapper_inner
    response = fn(cfg, *args, **kwargs)
  File "/nas/ucb/mason/ethically-compliant-rl/PPOL_New/train_ppol_no_lagrange.py", line 116, in train
    agent.learn(total_timesteps=args.total_timesteps, callback=callback, reset_num_timesteps=False)
  File "/nas/ucb/mason/ethically-compliant-rl/stable_baselines3/stable_baselines3/ppol/ppol.py", line 405, in learn
    result = super().learn(
  File "/nas/ucb/mason/ethically-compliant-rl/stable_baselines3/stable_baselines3/common/on_policy_algorithm.py", line 572, in learn
    continue_training = self.collect_rollouts(self.env, callback, self.rollout_buffer, n_rollout_steps=self.n_steps)
  File "/nas/ucb/mason/ethically-compliant-rl/stable_baselines3/stable_baselines3/common/on_policy_algorithm.py", line 483, in collect_rollouts
    new_obs, rewards, dones, infos = env.step(clipped_actions)
  File "/nas/ucb/mason/ethically-compliant-rl/stable_baselines3/stable_baselines3/common/vec_env/base_vec_env.py", line 197, in step
    return self.step_wait()
  File "/nas/ucb/mason/ethically-compliant-rl/stable_baselines3/stable_baselines3/common/vec_env/dummy_vec_env.py", line 58, in step_wait
    obs, self.buf_rews[env_idx], terminated, truncated, self.buf_infos[env_idx] = self.envs[env_idx].step(
  File "/nas/ucb/mason/ethically-compliant-rl/.venv/lib/python3.9/site-packages/gymnasium/wrappers/record_episode_statistics.py", line 89, in step
    ) = self.env.step(action)
  File "/nas/ucb/mason/ethically-compliant-rl/.venv/lib/python3.9/site-packages/gymnasium/core.py", line 469, in step
    observation, reward, terminated, truncated, info = self.env.step(action)
  File "/nas/ucb/mason/ethically-compliant-rl/.venv/lib/python3.9/site-packages/gymnasium/wrappers/order_enforcing.py", line 56, in step
    return self.env.step(action)
  File "/nas/ucb/mason/ethically-compliant-rl/.venv/lib/python3.9/site-packages/gymnasium/wrappers/env_checker.py", line 47, in step
    return env_step_passive_checker(self.env, action)
  File "/nas/ucb/mason/ethically-compliant-rl/.venv/lib/python3.9/site-packages/gymnasium/utils/passive_env_checker.py", line 237, in env_step_passive_checker
    result = env.step(action)
  File "/nas/ucb/mason/ethically-compliant-rl/HighwayEnv/highway_env/envs/common/abstract.py", line 251, in step
    with open(self.env_logger_path, "a") as file:
FileNotFoundError: [Errno 2] No such file or directory: 'PPOL_New/logs/NoMultipiler/env_logger.txt'
wandb: Waiting for W&B process to finish... (failed 1). Press Control-C to abort syncing.
Using cpu device
Traceback (most recent call last):
  File "/nas/ucb/mason/ethically-compliant-rl/PPOL_New/train_ppol_no_lagrange.py", line 139, in <module>
    train()
  File "/nas/ucb/mason/ethically-compliant-rl/.venv/lib/python3.9/site-packages/pyrallis/argparsing.py", line 158, in wrapper_inner
    response = fn(cfg, *args, **kwargs)
  File "/nas/ucb/mason/ethically-compliant-rl/PPOL_New/train_ppol_no_lagrange.py", line 116, in train
    agent.learn(total_timesteps=args.total_timesteps, callback=callback, reset_num_timesteps=False)
  File "/nas/ucb/mason/ethically-compliant-rl/stable_baselines3/stable_baselines3/ppol/ppol.py", line 405, in learn
    result = super().learn(
  File "/nas/ucb/mason/ethically-compliant-rl/stable_baselines3/stable_baselines3/common/on_policy_algorithm.py", line 572, in learn
    continue_training = self.collect_rollouts(self.env, callback, self.rollout_buffer, n_rollout_steps=self.n_steps)
  File "/nas/ucb/mason/ethically-compliant-rl/stable_baselines3/stable_baselines3/common/on_policy_algorithm.py", line 483, in collect_rollouts
    new_obs, rewards, dones, infos = env.step(clipped_actions)
  File "/nas/ucb/mason/ethically-compliant-rl/stable_baselines3/stable_baselines3/common/vec_env/base_vec_env.py", line 197, in step
    return self.step_wait()
  File "/nas/ucb/mason/ethically-compliant-rl/stable_baselines3/stable_baselines3/common/vec_env/dummy_vec_env.py", line 58, in step_wait
    obs, self.buf_rews[env_idx], terminated, truncated, self.buf_infos[env_idx] = self.envs[env_idx].step(
  File "/nas/ucb/mason/ethically-compliant-rl/.venv/lib/python3.9/site-packages/gymnasium/wrappers/record_episode_statistics.py", line 89, in step
    ) = self.env.step(action)
  File "/nas/ucb/mason/ethically-compliant-rl/.venv/lib/python3.9/site-packages/gymnasium/core.py", line 469, in step
    observation, reward, terminated, truncated, info = self.env.step(action)
  File "/nas/ucb/mason/ethically-compliant-rl/.venv/lib/python3.9/site-packages/gymnasium/wrappers/order_enforcing.py", line 56, in step
    return self.env.step(action)
  File "/nas/ucb/mason/ethically-compliant-rl/.venv/lib/python3.9/site-packages/gymnasium/wrappers/env_checker.py", line 47, in step
    return env_step_passive_checker(self.env, action)
  File "/nas/ucb/mason/ethically-compliant-rl/.venv/lib/python3.9/site-packages/gymnasium/utils/passive_env_checker.py", line 237, in env_step_passive_checker
    result = env.step(action)
  File "/nas/ucb/mason/ethically-compliant-rl/HighwayEnv/highway_env/envs/common/abstract.py", line 251, in step
    with open(self.env_logger_path, "a") as file:
FileNotFoundError: [Errno 2] No such file or directory: 'PPOL_New/logs/NoMultipiler/env_logger.txt'
wandb: Waiting for W&B process to finish... (failed 1). Press Control-C to abort syncing.
Using cpu device
Traceback (most recent call last):
  File "/nas/ucb/mason/ethically-compliant-rl/PPOL_New/train_ppol_no_lagrange.py", line 139, in <module>
    train()
  File "/nas/ucb/mason/ethically-compliant-rl/.venv/lib/python3.9/site-packages/pyrallis/argparsing.py", line 158, in wrapper_inner
    response = fn(cfg, *args, **kwargs)
  File "/nas/ucb/mason/ethically-compliant-rl/PPOL_New/train_ppol_no_lagrange.py", line 116, in train
    agent.learn(total_timesteps=args.total_timesteps, callback=callback, reset_num_timesteps=False)
  File "/nas/ucb/mason/ethically-compliant-rl/stable_baselines3/stable_baselines3/ppol/ppol.py", line 405, in learn
    result = super().learn(
  File "/nas/ucb/mason/ethically-compliant-rl/stable_baselines3/stable_baselines3/common/on_policy_algorithm.py", line 572, in learn
    continue_training = self.collect_rollouts(self.env, callback, self.rollout_buffer, n_rollout_steps=self.n_steps)
  File "/nas/ucb/mason/ethically-compliant-rl/stable_baselines3/stable_baselines3/common/on_policy_algorithm.py", line 483, in collect_rollouts
    new_obs, rewards, dones, infos = env.step(clipped_actions)
  File "/nas/ucb/mason/ethically-compliant-rl/stable_baselines3/stable_baselines3/common/vec_env/base_vec_env.py", line 197, in step
    return self.step_wait()
  File "/nas/ucb/mason/ethically-compliant-rl/stable_baselines3/stable_baselines3/common/vec_env/dummy_vec_env.py", line 58, in step_wait
    obs, self.buf_rews[env_idx], terminated, truncated, self.buf_infos[env_idx] = self.envs[env_idx].step(
  File "/nas/ucb/mason/ethically-compliant-rl/.venv/lib/python3.9/site-packages/gymnasium/wrappers/record_episode_statistics.py", line 89, in step
    ) = self.env.step(action)
  File "/nas/ucb/mason/ethically-compliant-rl/.venv/lib/python3.9/site-packages/gymnasium/core.py", line 469, in step
    observation, reward, terminated, truncated, info = self.env.step(action)
  File "/nas/ucb/mason/ethically-compliant-rl/.venv/lib/python3.9/site-packages/gymnasium/wrappers/order_enforcing.py", line 56, in step
    return self.env.step(action)
  File "/nas/ucb/mason/ethically-compliant-rl/.venv/lib/python3.9/site-packages/gymnasium/wrappers/env_checker.py", line 47, in step
    return env_step_passive_checker(self.env, action)
  File "/nas/ucb/mason/ethically-compliant-rl/.venv/lib/python3.9/site-packages/gymnasium/utils/passive_env_checker.py", line 237, in env_step_passive_checker
    result = env.step(action)
  File "/nas/ucb/mason/ethically-compliant-rl/HighwayEnv/highway_env/envs/common/abstract.py", line 251, in step
    with open(self.env_logger_path, "a") as file:
FileNotFoundError: [Errno 2] No such file or directory: 'PPOL_New/logs/NoMultipiler/env_logger.txt'
wandb: Waiting for W&B process to finish... (failed 1). Press Control-C to abort syncing.
wandb: ERROR Error while calling W&B API: An internal error occurred. Please contact support. (<Response [500]>)
wandb: 🚀 View run drawn-sea-118 at: https://wandb.ai/ecrl/PPO%2BPPOL/runs/eq3bhujw
wandb: Synced 5 W&B file(s), 0 media file(s), 2 artifact file(s) and 0 other file(s)
wandb: Find logs at: ./wandb/run-20240111_201324-eq3bhujw/logs
wandb: 🚀 View run misunderstood-shape-120 at: https://wandb.ai/ecrl/PPO%2BPPOL/runs/fnuncgr2
wandb: Synced 5 W&B file(s), 0 media file(s), 0 artifact file(s) and 0 other file(s)
wandb: Find logs at: ./wandb/run-20240112_041324-fnuncgr2/logs
wandb: 🚀 View run stilted-monkey-119 at: https://wandb.ai/ecrl/PPO%2BPPOL/runs/bhaqygev
wandb: Synced 5 W&B file(s), 0 media file(s), 2 artifact file(s) and 0 other file(s)
wandb: Find logs at: ./wandb/run-20240111_201324-bhaqygev/logs
srun: error: ddpg.ist.berkeley.edu: task 0: Exited with exit code 1
srun: error: airl.ist.berkeley.edu: task 0: Exited with exit code 1
srun: error: dqn.ist.berkeley.edu: task 0: Exited with exit code 1
