Running script with speed limit: 2
Running script with speed limit: 4
Running script with speed limit: 8
Running script with speed limit: 16
Running script with speed limit: 2
Running script with speed limit: 4
Running script with speed limit: 8
Running script with speed limit: 16
Running script with speed limit: 2
Running script with speed limit: 4
Running script with speed limit: 8
Running script with speed limit: 16
Running script with speed limit: 2
Running script with speed limit: 4
Running script with speed limit: 8
Running script with speed limit: 16
wandb: Currently logged in as: mason-nakamura1 (ecrl). Use `wandb login --relogin` to force relogin
wandb: wandb version 0.16.1 is available!  To upgrade, please run:
wandb:  $ pip install wandb --upgrade
wandb: Tracking run with wandb version 0.14.2
wandb: Run data is saved locally in /nas/ucb/mason/ethically-compliant-rl/wandb/run-20231219_035242-b5209176-b19c-49f0-a680-d76b941e4e43
wandb: Run `wandb offline` to turn off syncing.
wandb: Syncing run ppol_cost2_step_per_epoch2048_target_kl0.01_use_lagrangianFalse-2ae9
wandb: ⭐️ View project at https://wandb.ai/ecrl/PPOL-experiment-0-Speed%3D8
wandb: 🚀 View run at https://wandb.ai/ecrl/PPOL-experiment-0-Speed%3D8/runs/b5209176-b19c-49f0-a680-d76b941e4e43
[32;1mLogging data to logs/PPOL-experiment-0-Speed=8/parking-v0-cost0-2/ppol_cost2_step_per_epoch2048_target_kl0.01_use_lagrangianFalse-2ae9/progress.txt[0m
[36;1mSaving config:
[0m
{
    "action_bound_method":	"clip",
    "action_scaling":	true,
    "batch_size":	256,
    "buffer_size":	100000,
    "constraint_type":	[
        "speed"
    ],
    "cost_limit":	[
        2
    ],
    "deterministic_eval":	true,
    "device":	"cpu",
    "dual_clip":	null,
    "env_config_file":	"configs/ParkingEnv/env-kinematicsGoalConstraints.txt",
    "episode_per_collect":	20,
    "epoch":	400,
    "eps_clip":	0.2,
    "gae_lambda":	0.95,
    "gamma":	0.99,
    "group":	null,
    "hidden_sizes":	[
        128,
        128
    ],
    "lagrangian_pid":	[
        0.05,
        0.0005,
        0.1
    ],
    "last_layer_scale":	false,
    "logdir":	"logs",
    "lr":	0.0005,
    "max_batchsize":	100000,
    "max_grad_norm":	0.5,
    "name":	"ppol_cost2_step_per_epoch2048_target_kl0.01_use_lagrangianFalse-2ae9",
    "norm_adv":	true,
    "prefix":	"ppol",
    "project":	"PPOL-experiment-0-Speed=8",
    "recompute_adv":	false,
    "render":	null,
    "render_mode":	null,
    "repeat_per_collect":	4,
    "rescaling":	true,
    "resume":	false,
    "rew_norm":	false,
    "reward_threshold":	10000,
    "save_ckpt":	true,
    "save_interval":	25,
    "seed":	10,
    "speed_limit":	8,
    "step_per_epoch":	2048,
    "suffix":	"",
    "target_kl":	0.01,
    "task":	"parking-v0",
    "testing_num":	2,
    "thread":	100,
    "training_num":	20,
    "unbounded":	false,
    "use_default_cfg":	false,
    "use_lagrangian":	false,
    "value_clip":	false,
    "verbose":	true,
    "vf_coef":	0.25,
    "worker":	"ShmemVectorEnv"
}
wandb: Currently logged in as: mason-nakamura1 (ecrl). Use `wandb login --relogin` to force relogin
wandb: Currently logged in as: mason-nakamura1 (ecrl). Use `wandb login --relogin` to force relogin
wandb: Currently logged in as: mason-nakamura1 (ecrl). Use `wandb login --relogin` to force relogin
wandb: wandb version 0.16.1 is available!  To upgrade, please run:
wandb:  $ pip install wandb --upgrade
wandb: Tracking run with wandb version 0.14.2
wandb: Run data is saved locally in /nas/ucb/mason/ethically-compliant-rl/wandb/run-20231218_195243-e49022f4-2ed1-4cb6-8694-32b22b6e5353
wandb: Run `wandb offline` to turn off syncing.
wandb: Syncing run ppol_cost2_step_per_epoch2048_target_kl0.01_use_lagrangianFalse-9a0c
wandb: ⭐️ View project at https://wandb.ai/ecrl/PPOL-experiment-0-Speed%3D16
wandb: 🚀 View run at https://wandb.ai/ecrl/PPOL-experiment-0-Speed%3D16/runs/e49022f4-2ed1-4cb6-8694-32b22b6e5353
wandb: wandb version 0.16.1 is available!  To upgrade, please run:
wandb:  $ pip install wandb --upgrade
wandb: Tracking run with wandb version 0.14.2
wandb: Run data is saved locally in /nas/ucb/mason/ethically-compliant-rl/wandb/run-20231218_195243-9d7bfd8a-52a5-47bd-96fe-f910a2790ec5
wandb: Run `wandb offline` to turn off syncing.
wandb: Syncing run ppol_cost2_step_per_epoch2048_target_kl0.01_use_lagrangianFalse-d26e
wandb: ⭐️ View project at https://wandb.ai/ecrl/PPOL-experiment-0-Speed%3D2
wandb: 🚀 View run at https://wandb.ai/ecrl/PPOL-experiment-0-Speed%3D2/runs/9d7bfd8a-52a5-47bd-96fe-f910a2790ec5
wandb: wandb version 0.16.1 is available!  To upgrade, please run:
wandb:  $ pip install wandb --upgrade
wandb: Tracking run with wandb version 0.14.2
wandb: Run data is saved locally in /nas/ucb/mason/ethically-compliant-rl/wandb/run-20231218_195243-d798d2b3-14b9-49bb-ad6c-24d4199596df
wandb: Run `wandb offline` to turn off syncing.
wandb: Syncing run ppol_cost2_step_per_epoch2048_target_kl0.01_use_lagrangianFalse-b80a
wandb: ⭐️ View project at https://wandb.ai/ecrl/PPOL-experiment-0-Speed%3D16
wandb: 🚀 View run at https://wandb.ai/ecrl/PPOL-experiment-0-Speed%3D16/runs/d798d2b3-14b9-49bb-ad6c-24d4199596df
[32;1mLogging data to logs/PPOL-experiment-0-Speed=16/parking-v0-cost0-2/ppol_cost2_step_per_epoch2048_target_kl0.01_use_lagrangianFalse-9a0c/progress.txt[0m
[36;1mSaving config:
[0m
{
    "action_bound_method":	"clip",
    "action_scaling":	true,
    "batch_size":	256,
    "buffer_size":	100000,
    "constraint_type":	[
        "speed"
    ],
    "cost_limit":	[
        2
    ],
    "deterministic_eval":	true,
    "device":	"cpu",
    "dual_clip":	null,
    "env_config_file":	"configs/ParkingEnv/env-kinematicsGoalConstraints.txt",
    "episode_per_collect":	20,
    "epoch":	400,
    "eps_clip":	0.2,
    "gae_lambda":	0.95,
    "gamma":	0.99,
    "group":	null,
    "hidden_sizes":	[
        128,
        128
    ],
    "lagrangian_pid":	[
        0.05,
        0.0005,
        0.1
    ],
    "last_layer_scale":	false,
    "logdir":	"logs",
    "lr":	0.0005,
    "max_batchsize":	100000,
    "max_grad_norm":	0.5,
    "name":	"ppol_cost2_step_per_epoch2048_target_kl0.01_use_lagrangianFalse-9a0c",
    "norm_adv":	true,
    "prefix":	"ppol",
    "project":	"PPOL-experiment-0-Speed=16",
    "recompute_adv":	false,
    "render":	null,
    "render_mode":	null,
    "repeat_per_collect":	4,
    "rescaling":	true,
    "resume":	false,
    "rew_norm":	false,
    "reward_threshold":	10000,
    "save_ckpt":	true,
    "save_interval":	25,
    "seed":	10,
    "speed_limit":	16,
    "step_per_epoch":	2048,
    "suffix":	"",
    "target_kl":	0.01,
    "task":	"parking-v0",
    "testing_num":	2,
    "thread":	100,
    "training_num":	20,
    "unbounded":	false,
    "use_default_cfg":	false,
    "use_lagrangian":	false,
    "value_clip":	false,
    "verbose":	true,
    "vf_coef":	0.25,
    "worker":	"ShmemVectorEnv"
}
[32;1mLogging data to logs/PPOL-experiment-0-Speed=2/parking-v0-cost0-2/ppol_cost2_step_per_epoch2048_target_kl0.01_use_lagrangianFalse-d26e/progress.txt[0m
[36;1mSaving config:
[0m
{
    "action_bound_method":	"clip",
    "action_scaling":	true,
    "batch_size":	256,
    "buffer_size":	100000,
    "constraint_type":	[
        "speed"
    ],
    "cost_limit":	[
        2
    ],
    "deterministic_eval":	true,
    "device":	"cpu",
    "dual_clip":	null,
    "env_config_file":	"configs/ParkingEnv/env-kinematicsGoalConstraints.txt",
    "episode_per_collect":	20,
    "epoch":	400,
    "eps_clip":	0.2,
    "gae_lambda":	0.95,
    "gamma":	0.99,
    "group":	null,
    "hidden_sizes":	[
        128,
        128
    ],
    "lagrangian_pid":	[
        0.05,
        0.0005,
        0.1
    ],
    "last_layer_scale":	false,
    "logdir":	"logs",
    "lr":	0.0005,
    "max_batchsize":	100000,
    "max_grad_norm":	0.5,
    "name":	"ppol_cost2_step_per_epoch2048_target_kl0.01_use_lagrangianFalse-d26e",
    "norm_adv":	true,
    "prefix":	"ppol",
    "project":	"PPOL-experiment-0-Speed=2",
    "recompute_adv":	false,
    "render":	null,
    "render_mode":	null,
    "repeat_per_collect":	4,
    "rescaling":	true,
    "resume":	false,
    "rew_norm":	false,
    "reward_threshold":	10000,
    "save_ckpt":	true,
    "save_interval":	25,
    "seed":	10,
    "speed_limit":	2,
    "step_per_epoch":	2048,
    "suffix":	"",
    "target_kl":	0.01,
    "task":	"parking-v0",
    "testing_num":	2,
    "thread":	100,
    "training_num":	20,
    "unbounded":	false,
    "use_default_cfg":	false,
    "use_lagrangian":	false,
    "value_clip":	false,
    "verbose":	true,
    "vf_coef":	0.25,
    "worker":	"ShmemVectorEnv"
}
[32;1mLogging data to logs/PPOL-experiment-0-Speed=16/parking-v0-cost0-2/ppol_cost2_step_per_epoch2048_target_kl0.01_use_lagrangianFalse-b80a/progress.txt[0m
[36;1mSaving config:
[0m
{
    "action_bound_method":	"clip",
    "action_scaling":	true,
    "batch_size":	256,
    "buffer_size":	100000,
    "constraint_type":	[
        "speed"
    ],
    "cost_limit":	[
        2
    ],
    "deterministic_eval":	true,
    "device":	"cpu",
    "dual_clip":	null,
    "env_config_file":	"configs/ParkingEnv/env-kinematicsGoalConstraints.txt",
    "episode_per_collect":	20,
    "epoch":	400,
    "eps_clip":	0.2,
    "gae_lambda":	0.95,
    "gamma":	0.99,
    "group":	null,
    "hidden_sizes":	[
        128,
        128
    ],
    "lagrangian_pid":	[
        0.05,
        0.0005,
        0.1
    ],
    "last_layer_scale":	false,
    "logdir":	"logs",
    "lr":	0.0005,
    "max_batchsize":	100000,
    "max_grad_norm":	0.5,
    "name":	"ppol_cost2_step_per_epoch2048_target_kl0.01_use_lagrangianFalse-b80a",
    "norm_adv":	true,
    "prefix":	"ppol",
    "project":	"PPOL-experiment-0-Speed=16",
    "recompute_adv":	false,
    "render":	null,
    "render_mode":	null,
    "repeat_per_collect":	4,
    "rescaling":	true,
    "resume":	false,
    "rew_norm":	false,
    "reward_threshold":	10000,
    "save_ckpt":	true,
    "save_interval":	25,
    "seed":	10,
    "speed_limit":	16,
    "step_per_epoch":	2048,
    "suffix":	"",
    "target_kl":	0.01,
    "task":	"parking-v0",
    "testing_num":	2,
    "thread":	100,
    "training_num":	20,
    "unbounded":	false,
    "use_default_cfg":	false,
    "use_lagrangian":	false,
    "value_clip":	false,
    "verbose":	true,
    "vf_coef":	0.25,
    "worker":	"ShmemVectorEnv"
}
Epoch #1:   0%|          | 0/2048 [00:00<?, ?it/s]slurmstepd: error: *** STEP 113914.3 ON gail.ist.berkeley.edu CANCELLED AT 2023-12-18T19:53:43 ***
Epoch #1:   0%|          | 0/2048 [00:00<?, ?it/s]slurmstepd: error: *** STEP 113914.0 ON airl.ist.berkeley.edu CANCELLED AT 2023-12-19T03:53:43 ***
Epoch #1:   0%|          | 0/2048 [00:00<?, ?it/s]slurmstepd: error: *** STEP 113914.1 ON ddpg.ist.berkeley.edu CANCELLED AT 2023-12-18T19:53:43 ***
Epoch #1:   0%|          | 0/2048 [00:00<?, ?it/s]slurmstepd: error: *** STEP 113914.2 ON dqn.ist.berkeley.edu CANCELLED AT 2023-12-18T19:53:43 ***
slurmstepd: error: *** JOB 113914 ON airl.ist.berkeley.edu CANCELLED AT 2023-12-19T03:53:43 ***
Epoch #1:   0%|          | 0/2048 [00:54<?, ?it/s]
Epoch #1:   0%|          | 0/2048 [00:47<?, ?it/s]
