wandb: Currently logged in as: mason-nakamura1 (ecrl). Use `wandb login --relogin` to force relogin
wandb: wandb version 0.15.8 is available!  To upgrade, please run:
wandb:  $ pip install wandb --upgrade
wandb: Tracking run with wandb version 0.14.2
wandb: Run data is saved locally in /nas/ucb/mason/ethically-compliant-rl/wandb/run-20230805_152904-e3ff5c93-1e1f-4d2c-bf7a-5cd0b624ac3c
wandb: Run `wandb offline` to turn off syncing.
wandb: Syncing run cpo_batch_size50000_cost15_gae_lambda1_l2_reg0.01_max_backtracks200_step_per_epoch20000-9d7a
wandb: ⭐️ View project at https://wandb.ai/ecrl/fast-safe-rl
wandb: 🚀 View run at https://wandb.ai/ecrl/fast-safe-rl/runs/e3ff5c93-1e1f-4d2c-bf7a-5cd0b624ac3c
[32;1mLogging data to logs/fast-safe-rl/parking-v0-cost-15/cpo_batch_size50000_cost15_gae_lambda1_l2_reg0.01_max_backtracks200_step_per_epoch20000-9d7a/progress.txt[0m
[36;1mSaving config:
[0m
{
    "action_bound_method":	"clip",
    "action_scaling":	true,
    "backtrack_coeff":	0.8,
    "batch_size":	50000,
    "buffer_size":	100000,
    "cost_limit":	15,
    "damping_coeff":	0.1,
    "deterministic_eval":	true,
    "device":	"cuda",
    "env_config_file":	"configs/ParkingEnv/env-kinematicsGoal.txt",
    "episode_per_collect":	20,
    "epoch":	300,
    "gae_lambda":	1,
    "gamma":	0.99,
    "group":	null,
    "hidden_sizes":	[
        128,
        128
    ],
    "l2_reg":	0.01,
    "last_layer_scale":	false,
    "logdir":	"logs",
    "lr":	0.001,
    "max_backtracks":	200,
    "max_batchsize":	99999,
    "name":	"cpo_batch_size50000_cost15_gae_lambda1_l2_reg0.01_max_backtracks200_step_per_epoch20000-9d7a",
    "norm_adv":	true,
    "optim_critic_iters":	10,
    "prefix":	"cpo",
    "project":	"fast-safe-rl",
    "render":	null,
    "render_mode":	null,
    "repeat_per_collect":	4,
    "resume":	false,
    "rew_norm":	false,
    "reward_threshold":	10000,
    "save_ckpt":	true,
    "save_interval":	4,
    "seed":	10,
    "step_per_epoch":	20000,
    "suffix":	"",
    "target_kl":	0.01,
    "task":	"parking-v0",
    "testing_num":	2,
    "thread":	320,
    "training_num":	20,
    "unbounded":	false,
    "use_default_cfg":	false,
    "verbose":	true,
    "worker":	"ShmemVectorEnv"
}
Observation Space: Dict('achieved_goal': Box(-inf, inf, (6,), float64), 'desired_goal': Box(-inf, inf, (6,), float64), 'observation': Box(-inf, inf, (6,), float64))
Action Space: Box(-1.0, 1.0, (2,), float32)
Render Mode: None
Traceback (most recent call last):
  File "/nas/ucb/mason/ethically-compliant-rl/CPO/train_cpo_2.py", line 172, in <module>
    train()
  File "/nas/ucb/mason/ethically-compliant-rl/.venv/lib/python3.9/site-packages/pyrallis/argparsing.py", line 158, in wrapper_inner
    response = fn(cfg, *args, **kwargs)
  File "/nas/ucb/mason/ethically-compliant-rl/CPO/train_cpo_2.py", line 106, in train
    agent = CPOAgent(
  File "/nas/ucb/mason/ethically-compliant-rl/FSRL/fsrl/agent/cpo_agent.py", line 168, in __init__
    torch.nn.init.constant_(actor.sigma_param, -0.5)
  File "/nas/ucb/mason/ethically-compliant-rl/.venv/lib/python3.9/site-packages/torch/nn/modules/module.py", line 1614, in __getattr__
    raise AttributeError("'{}' object has no attribute '{}'".format(
AttributeError: 'new_net_class' object has no attribute 'sigma_param'
Traceback (most recent call last):
  File "/nas/ucb/mason/ethically-compliant-rl/CPO/train_cpo_2.py", line 172, in <module>
    train()
  File "/nas/ucb/mason/ethically-compliant-rl/.venv/lib/python3.9/site-packages/pyrallis/argparsing.py", line 158, in wrapper_inner
    response = fn(cfg, *args, **kwargs)
  File "/nas/ucb/mason/ethically-compliant-rl/CPO/train_cpo_2.py", line 106, in train
    agent = CPOAgent(
  File "/nas/ucb/mason/ethically-compliant-rl/FSRL/fsrl/agent/cpo_agent.py", line 168, in __init__
    torch.nn.init.constant_(actor.sigma_param, -0.5)
  File "/nas/ucb/mason/ethically-compliant-rl/.venv/lib/python3.9/site-packages/torch/nn/modules/module.py", line 1614, in __getattr__
    raise AttributeError("'{}' object has no attribute '{}'".format(
AttributeError: 'new_net_class' object has no attribute 'sigma_param'
wandb: Waiting for W&B process to finish... (failed 1). Press Control-C to abort syncing.
wandb: 🚀 View run cpo_batch_size50000_cost15_gae_lambda1_l2_reg0.01_max_backtracks200_step_per_epoch20000-9d7a at: https://wandb.ai/ecrl/fast-safe-rl/runs/e3ff5c93-1e1f-4d2c-bf7a-5cd0b624ac3c
wandb: Synced 5 W&B file(s), 0 media file(s), 2 artifact file(s) and 0 other file(s)
wandb: Find logs at: ./wandb/run-20230805_152904-e3ff5c93-1e1f-4d2c-bf7a-5cd0b624ac3c/logs
srun: error: ddpg.ist.berkeley.edu: task 0: Exited with exit code 1
srun: Job 33387 step creation temporarily disabled, retrying (Requested nodes are busy)
srun: Step created for StepId=33387.1
wandb: Currently logged in as: mason-nakamura1 (ecrl). Use `wandb login --relogin` to force relogin
wandb: wandb version 0.15.8 is available!  To upgrade, please run:
wandb:  $ pip install wandb --upgrade
wandb: Tracking run with wandb version 0.14.2
wandb: Run data is saved locally in /nas/ucb/mason/ethically-compliant-rl/wandb/run-20230805_153108-8c8f3534-9d0f-4f8e-8e39-e17188184998
wandb: Run `wandb offline` to turn off syncing.
wandb: Syncing run cpo_batch_size50000_cost30_gae_lambda0.92_l2_reg0.01_max_backtracks200_step_per_epoch20000-69c7
wandb: ⭐️ View project at https://wandb.ai/ecrl/fast-safe-rl
wandb: 🚀 View run at https://wandb.ai/ecrl/fast-safe-rl/runs/8c8f3534-9d0f-4f8e-8e39-e17188184998
[32;1mLogging data to logs/fast-safe-rl/parking-v0-cost-30/cpo_batch_size50000_cost30_gae_lambda0.92_l2_reg0.01_max_backtracks200_step_per_epoch20000-69c7/progress.txt[0m
[36;1mSaving config:
[0m
{
    "action_bound_method":	"clip",
    "action_scaling":	true,
    "backtrack_coeff":	0.8,
    "batch_size":	50000,
    "buffer_size":	100000,
    "cost_limit":	30,
    "damping_coeff":	0.1,
    "deterministic_eval":	true,
    "device":	"cuda",
    "env_config_file":	"configs/ParkingEnv/env-kinematicsGoal.txt",
    "episode_per_collect":	20,
    "epoch":	300,
    "gae_lambda":	0.92,
    "gamma":	0.99,
    "group":	null,
    "hidden_sizes":	[
        128,
        128
    ],
    "l2_reg":	0.01,
    "last_layer_scale":	false,
    "logdir":	"logs",
    "lr":	0.001,
    "max_backtracks":	200,
    "max_batchsize":	99999,
    "name":	"cpo_batch_size50000_cost30_gae_lambda0.92_l2_reg0.01_max_backtracks200_step_per_epoch20000-69c7",
    "norm_adv":	true,
    "optim_critic_iters":	10,
    "prefix":	"cpo",
    "project":	"fast-safe-rl",
    "render":	null,
    "render_mode":	null,
    "repeat_per_collect":	4,
    "resume":	false,
    "rew_norm":	false,
    "reward_threshold":	10000,
    "save_ckpt":	true,
    "save_interval":	4,
    "seed":	10,
    "step_per_epoch":	20000,
    "suffix":	"",
    "target_kl":	0.01,
    "task":	"parking-v0",
    "testing_num":	2,
    "thread":	320,
    "training_num":	20,
    "unbounded":	false,
    "use_default_cfg":	false,
    "verbose":	true,
    "worker":	"ShmemVectorEnv"
}
Traceback (most recent call last):
  File "/nas/ucb/mason/ethically-compliant-rl/CPO/train_cpo_1.py", line 170, in <module>
    train()
  File "/nas/ucb/mason/ethically-compliant-rl/.venv/lib/python3.9/site-packages/pyrallis/argparsing.py", line 158, in wrapper_inner
    response = fn(cfg, *args, **kwargs)
  File "/nas/ucb/mason/ethically-compliant-rl/CPO/train_cpo_1.py", line 104, in train
    agent = CPOAgent(
  File "/nas/ucb/mason/ethically-compliant-rl/FSRL/fsrl/agent/cpo_agent.py", line 168, in __init__
    torch.nn.init.constant_(actor.sigma_param, -0.5)
  File "/nas/ucb/mason/ethically-compliant-rl/.venv/lib/python3.9/site-packages/torch/nn/modules/module.py", line 1614, in __getattr__
    raise AttributeError("'{}' object has no attribute '{}'".format(
AttributeError: 'new_net_class' object has no attribute 'sigma_param'
Traceback (most recent call last):
  File "/nas/ucb/mason/ethically-compliant-rl/CPO/train_cpo_1.py", line 170, in <module>
    train()
  File "/nas/ucb/mason/ethically-compliant-rl/.venv/lib/python3.9/site-packages/pyrallis/argparsing.py", line 158, in wrapper_inner
    response = fn(cfg, *args, **kwargs)
  File "/nas/ucb/mason/ethically-compliant-rl/CPO/train_cpo_1.py", line 104, in train
    agent = CPOAgent(
  File "/nas/ucb/mason/ethically-compliant-rl/FSRL/fsrl/agent/cpo_agent.py", line 168, in __init__
    torch.nn.init.constant_(actor.sigma_param, -0.5)
  File "/nas/ucb/mason/ethically-compliant-rl/.venv/lib/python3.9/site-packages/torch/nn/modules/module.py", line 1614, in __getattr__
    raise AttributeError("'{}' object has no attribute '{}'".format(
AttributeError: 'new_net_class' object has no attribute 'sigma_param'
wandb: Waiting for W&B process to finish... (failed 1). Press Control-C to abort syncing.
wandb: 🚀 View run cpo_batch_size50000_cost30_gae_lambda0.92_l2_reg0.01_max_backtracks200_step_per_epoch20000-69c7 at: https://wandb.ai/ecrl/fast-safe-rl/runs/8c8f3534-9d0f-4f8e-8e39-e17188184998
wandb: Synced 5 W&B file(s), 0 media file(s), 2 artifact file(s) and 0 other file(s)
wandb: Find logs at: ./wandb/run-20230805_153108-8c8f3534-9d0f-4f8e-8e39-e17188184998/logs
srun: error: ddpg.ist.berkeley.edu: task 0: Exited with exit code 1
