Generated SWEEP_ID: ecrl/fast-safe-rl/0bhj8vgk
Generated SWEEP_ID: ecrl/fast-safe-rl/v72nczkc
wandb: Starting wandb agent 🕵️
wandb: Starting wandb agent 🕵️
wandb: Starting wandb agent 🕵️
wandb: Starting wandb agent 🕵️
wandb: Starting wandb agent 🕵️
wandb: Starting wandb agent 🕵️
2023-08-19 00:33:05,215 - wandb.wandb_agent - INFO - Running runs: []
2023-08-19 07:33:05,216 - wandb.wandb_agent - INFO - Running runs: []
2023-08-19 07:33:05,281 - wandb.wandb_agent - INFO - Running runs: []
2023-08-19 00:33:05,292 - wandb.wandb_agent - INFO - Running runs: []
2023-08-19 00:33:05,357 - wandb.wandb_agent - INFO - Running runs: []
2023-08-19 00:33:05,358 - wandb.wandb_agent - INFO - Running runs: []
2023-08-19 07:33:05,506 - wandb.wandb_agent - INFO - Agent received command: run
2023-08-19 07:33:05,507 - wandb.wandb_agent - INFO - Agent starting run with config:
	actor_lr: 0.001
	critic_lr: 0.0005
	normalize_obs: False
2023-08-19 07:33:05,508 - wandb.wandb_agent - INFO - About to run command: /usr/bin/env python train_cvpo.py --actor_lr=0.001 --critic_lr=0.0005 --normalize_obs=False
python: can't open file '/nas/ucb/mason/ethically-compliant-rl/train_cvpo.py': [Errno 2] No such file or directory
2023-08-19 00:33:05,618 - wandb.wandb_agent - INFO - Agent received command: run
2023-08-19 00:33:05,618 - wandb.wandb_agent - INFO - Agent starting run with config:
	lr: 0.001
	normalize_obs: True
2023-08-19 00:33:05,620 - wandb.wandb_agent - INFO - About to run command: /usr/bin/env python train_cpo.py --lr=0.001 --normalize_obs=True
python: can't open file '/nas/ucb/mason/ethically-compliant-rl/train_cpo.py': [Errno 2] No such file or directory
2023-08-19 00:33:05,741 - wandb.wandb_agent - INFO - Agent received command: run
2023-08-19 00:33:05,741 - wandb.wandb_agent - INFO - Agent starting run with config:
	actor_lr: 0.0005
	critic_lr: 0.0005
	normalize_obs: False
2023-08-19 00:33:05,743 - wandb.wandb_agent - INFO - About to run command: /usr/bin/env python train_cvpo.py --actor_lr=0.0005 --critic_lr=0.0005 --normalize_obs=False
python: can't open file '/nas/ucb/mason/ethically-compliant-rl/train_cvpo.py': [Errno 2] No such file or directory
2023-08-19 07:33:05,834 - wandb.wandb_agent - INFO - Agent received command: run
2023-08-19 07:33:05,835 - wandb.wandb_agent - INFO - Agent starting run with config:
	lr: 0.0005
	normalize_obs: True
2023-08-19 07:33:05,837 - wandb.wandb_agent - INFO - About to run command: /usr/bin/env python train_cpo.py --lr=0.0005 --normalize_obs=True
python: can't open file '/nas/ucb/mason/ethically-compliant-rl/train_cpo.py': [Errno 2] No such file or directory
2023-08-19 00:33:06,016 - wandb.wandb_agent - INFO - Agent received command: run
2023-08-19 00:33:06,016 - wandb.wandb_agent - INFO - Agent starting run with config:
	actor_lr: 0.001
	critic_lr: 0.001
	normalize_obs: True
2023-08-19 00:33:06,020 - wandb.wandb_agent - INFO - Agent received command: run
2023-08-19 00:33:06,020 - wandb.wandb_agent - INFO - Agent starting run with config:
	lr: 0.0005
	normalize_obs: False
2023-08-19 00:33:06,019 - wandb.wandb_agent - INFO - About to run command: /usr/bin/env python train_cvpo.py --actor_lr=0.001 --critic_lr=0.001 --normalize_obs=True
2023-08-19 00:33:06,023 - wandb.wandb_agent - INFO - About to run command: /usr/bin/env python train_cpo.py --lr=0.0005 --normalize_obs=False
python: can't open file '/nas/ucb/mason/ethically-compliant-rl/train_cpo.py': [Errno 2] No such file or directory
python: can't open file '/nas/ucb/mason/ethically-compliant-rl/train_cvpo.py': [Errno 2] No such file or directory
2023-08-19 07:33:10,517 - wandb.wandb_agent - INFO - Running runs: ['gi4acfvj']
2023-08-19 07:33:10,518 - wandb.wandb_agent - INFO - Cleaning up finished run: gi4acfvj
2023-08-19 00:33:10,629 - wandb.wandb_agent - INFO - Running runs: ['syfw6307']
2023-08-19 00:33:10,654 - wandb.wandb_agent - INFO - Cleaning up finished run: syfw6307
2023-08-19 00:33:10,752 - wandb.wandb_agent - INFO - Running runs: ['prhjo3t2']
2023-08-19 00:33:10,752 - wandb.wandb_agent - INFO - Cleaning up finished run: prhjo3t2
2023-08-19 07:33:10,847 - wandb.wandb_agent - INFO - Running runs: ['yfsbdp33']
2023-08-19 07:33:10,847 - wandb.wandb_agent - INFO - Cleaning up finished run: yfsbdp33
2023-08-19 00:33:11,030 - wandb.wandb_agent - INFO - Running runs: ['vcf7nhpu']
2023-08-19 00:33:11,031 - wandb.wandb_agent - INFO - Cleaning up finished run: vcf7nhpu
2023-08-19 00:33:11,033 - wandb.wandb_agent - INFO - Running runs: ['8ps9491q']
2023-08-19 00:33:11,033 - wandb.wandb_agent - INFO - Cleaning up finished run: 8ps9491q
2023-08-19 07:33:11,126 - wandb.wandb_agent - INFO - Agent received command: run
2023-08-19 07:33:11,126 - wandb.wandb_agent - INFO - Agent starting run with config:
	actor_lr: 0.001
	critic_lr: 0.001
	normalize_obs: False
2023-08-19 07:33:11,128 - wandb.wandb_agent - INFO - About to run command: /usr/bin/env python train_cvpo.py --actor_lr=0.001 --critic_lr=0.001 --normalize_obs=False
python: can't open file '/nas/ucb/mason/ethically-compliant-rl/train_cvpo.py': [Errno 2] No such file or directory
2023-08-19 00:33:11,204 - wandb.wandb_agent - INFO - Agent received command: run
2023-08-19 00:33:11,205 - wandb.wandb_agent - INFO - Agent starting run with config:
	lr: 0.0005
	normalize_obs: False
2023-08-19 00:33:11,206 - wandb.wandb_agent - INFO - About to run command: /usr/bin/env python train_cpo.py --lr=0.0005 --normalize_obs=False
python: can't open file '/nas/ucb/mason/ethically-compliant-rl/train_cpo.py': [Errno 2] No such file or directory
2023-08-19 00:33:11,346 - wandb.wandb_agent - INFO - Agent received command: run
2023-08-19 00:33:11,346 - wandb.wandb_agent - INFO - Agent starting run with config:
	actor_lr: 0.001
	critic_lr: 0.0005
	normalize_obs: False
2023-08-19 00:33:11,348 - wandb.wandb_agent - INFO - About to run command: /usr/bin/env python train_cvpo.py --actor_lr=0.001 --critic_lr=0.0005 --normalize_obs=False
python: can't open file '/nas/ucb/mason/ethically-compliant-rl/train_cvpo.py': [Errno 2] No such file or directory
2023-08-19 07:33:11,457 - wandb.wandb_agent - INFO - Agent received command: run
2023-08-19 07:33:11,457 - wandb.wandb_agent - INFO - Agent starting run with config:
	lr: 0.001
	normalize_obs: True
2023-08-19 07:33:11,459 - wandb.wandb_agent - INFO - About to run command: /usr/bin/env python train_cpo.py --lr=0.001 --normalize_obs=True
python: can't open file '/nas/ucb/mason/ethically-compliant-rl/train_cpo.py': [Errno 2] No such file or directory
2023-08-19 00:33:11,566 - wandb.wandb_agent - INFO - Agent received command: run
2023-08-19 00:33:11,566 - wandb.wandb_agent - INFO - Agent starting run with config:
	actor_lr: 0.0005
	critic_lr: 0.001
	normalize_obs: False
2023-08-19 00:33:11,569 - wandb.wandb_agent - INFO - About to run command: /usr/bin/env python train_cvpo.py --actor_lr=0.0005 --critic_lr=0.001 --normalize_obs=False
python: can't open file '/nas/ucb/mason/ethically-compliant-rl/train_cvpo.py': [Errno 2] No such file or directory
2023-08-19 00:33:11,681 - wandb.wandb_agent - INFO - Agent received command: run
2023-08-19 00:33:11,681 - wandb.wandb_agent - INFO - Agent starting run with config:
	lr: 0.001
	normalize_obs: True
2023-08-19 00:33:11,683 - wandb.wandb_agent - INFO - About to run command: /usr/bin/env python train_cpo.py --lr=0.001 --normalize_obs=True
python: can't open file '/nas/ucb/mason/ethically-compliant-rl/train_cpo.py': [Errno 2] No such file or directory
2023-08-19 07:33:16,136 - wandb.wandb_agent - INFO - Running runs: ['im8qj3l4']
2023-08-19 07:33:16,137 - wandb.wandb_agent - INFO - Cleaning up finished run: im8qj3l4
2023-08-19 00:33:16,215 - wandb.wandb_agent - INFO - Running runs: ['k7rfobf6']
2023-08-19 00:33:16,216 - wandb.wandb_agent - INFO - Cleaning up finished run: k7rfobf6
2023-08-19 00:33:16,357 - wandb.wandb_agent - INFO - Running runs: ['o4be1go5']
2023-08-19 00:33:16,358 - wandb.wandb_agent - INFO - Cleaning up finished run: o4be1go5
2023-08-19 07:33:16,468 - wandb.wandb_agent - INFO - Running runs: ['x9kepjhx']
2023-08-19 07:33:16,469 - wandb.wandb_agent - INFO - Cleaning up finished run: x9kepjhx
2023-08-19 07:33:16,541 - wandb.wandb_agent - INFO - Agent received command: run
2023-08-19 07:33:16,541 - wandb.wandb_agent - INFO - Agent starting run with config:
	actor_lr: 0.001
	critic_lr: 0.001
	normalize_obs: True
2023-08-19 07:33:16,543 - wandb.wandb_agent - INFO - About to run command: /usr/bin/env python train_cvpo.py --actor_lr=0.001 --critic_lr=0.001 --normalize_obs=True
python: can't open file '/nas/ucb/mason/ethically-compliant-rl/train_cvpo.py': [Errno 2] No such file or directory
2023-08-19 00:33:16,579 - wandb.wandb_agent - INFO - Running runs: ['3cq67fdn']
2023-08-19 00:33:16,580 - wandb.wandb_agent - INFO - Cleaning up finished run: 3cq67fdn
2023-08-19 00:33:16,632 - wandb.wandb_agent - INFO - Agent received command: run
2023-08-19 00:33:16,633 - wandb.wandb_agent - INFO - Agent starting run with config:
	lr: 0.0005
	normalize_obs: False
2023-08-19 00:33:16,634 - wandb.wandb_agent - INFO - About to run command: /usr/bin/env python train_cpo.py --lr=0.0005 --normalize_obs=False
python: can't open file '/nas/ucb/mason/ethically-compliant-rl/train_cpo.py': [Errno 2] No such file or directory
2023-08-19 00:33:16,693 - wandb.wandb_agent - INFO - Running runs: ['v6i3jm6q']
2023-08-19 00:33:16,694 - wandb.wandb_agent - INFO - Cleaning up finished run: v6i3jm6q
2023-08-19 00:33:16,767 - wandb.wandb_agent - INFO - Agent received command: run
2023-08-19 00:33:16,768 - wandb.wandb_agent - INFO - Agent starting run with config:
	actor_lr: 0.001
	critic_lr: 0.001
	normalize_obs: False
2023-08-19 00:33:16,769 - wandb.wandb_agent - INFO - About to run command: /usr/bin/env python train_cvpo.py --actor_lr=0.001 --critic_lr=0.001 --normalize_obs=False
python: can't open file '/nas/ucb/mason/ethically-compliant-rl/train_cvpo.py': [Errno 2] No such file or directory
2023-08-19 07:33:16,859 - wandb.wandb_agent - INFO - Agent received command: run
2023-08-19 07:33:16,859 - wandb.wandb_agent - INFO - Agent starting run with config:
	lr: 0.001
	normalize_obs: True
2023-08-19 07:33:16,861 - wandb.wandb_agent - INFO - About to run command: /usr/bin/env python train_cpo.py --lr=0.001 --normalize_obs=True
python: can't open file '/nas/ucb/mason/ethically-compliant-rl/train_cpo.py': [Errno 2] No such file or directory
2023-08-19 00:33:17,202 - wandb.wandb_agent - INFO - Agent received command: run
2023-08-19 00:33:17,202 - wandb.wandb_agent - INFO - Agent starting run with config:
	actor_lr: 0.0005
	critic_lr: 0.001
	normalize_obs: False
2023-08-19 00:33:17,206 - wandb.wandb_agent - INFO - About to run command: /usr/bin/env python train_cvpo.py --actor_lr=0.0005 --critic_lr=0.001 --normalize_obs=False
python: can't open file '/nas/ucb/mason/ethically-compliant-rl/train_cvpo.py': [Errno 2] No such file or directory
2023-08-19 00:33:17,261 - wandb.wandb_agent - INFO - Agent received command: run
2023-08-19 00:33:17,261 - wandb.wandb_agent - INFO - Agent starting run with config:
	lr: 0.001
	normalize_obs: False
2023-08-19 00:33:17,264 - wandb.wandb_agent - INFO - About to run command: /usr/bin/env python train_cpo.py --lr=0.001 --normalize_obs=False
python: can't open file '/nas/ucb/mason/ethically-compliant-rl/train_cpo.py': [Errno 2] No such file or directory
2023-08-19 07:33:21,552 - wandb.wandb_agent - INFO - Running runs: ['ebasgpqn']
2023-08-19 07:33:21,552 - wandb.wandb_agent - ERROR - Detected 3 failed runs in the first 60 seconds, shutting down.
2023-08-19 07:33:21,553 - wandb.wandb_agent - INFO - To disable this check set WANDB_AGENT_DISABLE_FLAPPING=true
wandb: Terminating and syncing runs. Press ctrl-c to kill.
2023-08-19 00:33:21,643 - wandb.wandb_agent - INFO - Running runs: ['aqwajlxq']
2023-08-19 00:33:21,644 - wandb.wandb_agent - ERROR - Detected 3 failed runs in the first 60 seconds, shutting down.
2023-08-19 00:33:21,644 - wandb.wandb_agent - INFO - To disable this check set WANDB_AGENT_DISABLE_FLAPPING=true
wandb: Terminating and syncing runs. Press ctrl-c to kill.
2023-08-19 00:33:21,778 - wandb.wandb_agent - INFO - Running runs: ['brvdf0fb']
2023-08-19 00:33:21,779 - wandb.wandb_agent - ERROR - Detected 3 failed runs in the first 60 seconds, shutting down.
2023-08-19 00:33:21,779 - wandb.wandb_agent - INFO - To disable this check set WANDB_AGENT_DISABLE_FLAPPING=true
wandb: Terminating and syncing runs. Press ctrl-c to kill.
2023-08-19 07:33:21,869 - wandb.wandb_agent - INFO - Running runs: ['mfizh65q']
2023-08-19 07:33:21,869 - wandb.wandb_agent - ERROR - Detected 3 failed runs in the first 60 seconds, shutting down.
2023-08-19 07:33:21,869 - wandb.wandb_agent - INFO - To disable this check set WANDB_AGENT_DISABLE_FLAPPING=true
wandb: Terminating and syncing runs. Press ctrl-c to kill.
2023-08-19 00:33:22,214 - wandb.wandb_agent - INFO - Running runs: ['86687u9d']
2023-08-19 00:33:22,215 - wandb.wandb_agent - ERROR - Detected 3 failed runs in the first 60 seconds, shutting down.
2023-08-19 00:33:22,215 - wandb.wandb_agent - INFO - To disable this check set WANDB_AGENT_DISABLE_FLAPPING=true
wandb: Terminating and syncing runs. Press ctrl-c to kill.
2023-08-19 00:33:22,274 - wandb.wandb_agent - INFO - Running runs: ['euvyyrq9']
2023-08-19 00:33:22,275 - wandb.wandb_agent - ERROR - Detected 3 failed runs in the first 60 seconds, shutting down.
2023-08-19 00:33:22,275 - wandb.wandb_agent - INFO - To disable this check set WANDB_AGENT_DISABLE_FLAPPING=true
wandb: Terminating and syncing runs. Press ctrl-c to kill.
