wandb: Currently logged in as: mason-nakamura1 (ecrl). Use `wandb login --relogin` to force relogin
wandb: Currently logged in as: mason-nakamura1 (ecrl). Use `wandb login --relogin` to force relogin
wandb: wandb version 0.16.0 is available!  To upgrade, please run:
wandb:  $ pip install wandb --upgrade
wandb: Tracking run with wandb version 0.14.2
wandb: Run data is saved locally in /nas/ucb/mason/ethically-compliant-rl/wandb/run-20231113_124652-28c9fd48-286c-43f2-8b4c-8435abaa8e2c
wandb: Run `wandb offline` to turn off syncing.
wandb: Syncing run ppol_cost2_lr0.0003-78d3
wandb: ⭐️ View project at https://wandb.ai/ecrl/PPOL-600Epochs-SpeedConstraint-LongerEpisodes
wandb: 🚀 View run at https://wandb.ai/ecrl/PPOL-600Epochs-SpeedConstraint-LongerEpisodes/runs/28c9fd48-286c-43f2-8b4c-8435abaa8e2c
[32;1mLogging data to logs/PPOL-600Epochs-SpeedConstraint-LongerEpisodes/parking-v0-cost0-2/ppol_cost2_lr0.0003-78d3/progress.txt[0m
[36;1mSaving config:
[0m
{
    "action_bound_method":	"clip",
    "action_scaling":	true,
    "batch_size":	256,
    "buffer_size":	100000,
    "constraint_type":	[
        "speed"
    ],
    "cost_limit":	[
        2
    ],
    "deterministic_eval":	true,
    "device":	"cpu",
    "dual_clip":	null,
    "env_config_file":	"configs/ParkingEnv/env-kinematicsGoalConstraints.txt",
    "episode_per_collect":	20,
    "epoch":	200,
    "eps_clip":	0.2,
    "gae_lambda":	0.95,
    "gamma":	0.99,
    "group":	null,
    "hidden_sizes":	[
        128,
        128
    ],
    "lagrangian_pid":	[
        0.05,
        0.0005,
        0.1
    ],
    "last_layer_scale":	false,
    "logdir":	"logs",
    "lr":	0.0003,
    "max_batchsize":	100000,
    "max_grad_norm":	0.5,
    "name":	"ppol_cost2_lr0.0003-78d3",
    "norm_adv":	true,
    "prefix":	"ppol",
    "project":	"PPOL-600Epochs-SpeedConstraint-LongerEpisodes",
    "recompute_adv":	false,
    "render":	null,
    "render_mode":	null,
    "repeat_per_collect":	4,
    "rescaling":	true,
    "resume":	false,
    "rew_norm":	false,
    "reward_threshold":	10000,
    "save_ckpt":	true,
    "save_interval":	25,
    "seed":	10,
    "step_per_epoch":	10000,
    "suffix":	"",
    "target_kl":	0.02,
    "task":	"parking-v0",
    "testing_num":	2,
    "thread":	100,
    "training_num":	20,
    "unbounded":	false,
    "use_default_cfg":	false,
    "use_lagrangian":	true,
    "value_clip":	false,
    "verbose":	true,
    "vf_coef":	0.25,
    "worker":	"ShmemVectorEnv"
}
wandb: wandb version 0.16.0 is available!  To upgrade, please run:
wandb:  $ pip install wandb --upgrade
wandb: Tracking run with wandb version 0.14.2
wandb: Run data is saved locally in /nas/ucb/mason/ethically-compliant-rl/wandb/run-20231113_124652-877b9669-8a5f-4052-b168-a618f10ff3ae
wandb: Run `wandb offline` to turn off syncing.
wandb: Syncing run ppol_cost2_lr0.0003-7a77
wandb: ⭐️ View project at https://wandb.ai/ecrl/PPOL-600Epochs-SpeedConstraint-LongerEpisodes
wandb: 🚀 View run at https://wandb.ai/ecrl/PPOL-600Epochs-SpeedConstraint-LongerEpisodes/runs/877b9669-8a5f-4052-b168-a618f10ff3ae
[32;1mLogging data to logs/PPOL-600Epochs-SpeedConstraint-LongerEpisodes/parking-v0-cost0-2/ppol_cost2_lr0.0003-7a77/progress.txt[0m
[36;1mSaving config:
[0m
{
    "action_bound_method":	"clip",
    "action_scaling":	true,
    "batch_size":	256,
    "buffer_size":	100000,
    "constraint_type":	[
        "speed"
    ],
    "cost_limit":	[
        2
    ],
    "deterministic_eval":	true,
    "device":	"cpu",
    "dual_clip":	null,
    "env_config_file":	"configs/ParkingEnv/env-kinematicsGoalConstraints.txt",
    "episode_per_collect":	20,
    "epoch":	200,
    "eps_clip":	0.2,
    "gae_lambda":	0.95,
    "gamma":	0.99,
    "group":	null,
    "hidden_sizes":	[
        128,
        128
    ],
    "lagrangian_pid":	[
        0.05,
        0.0005,
        0.1
    ],
    "last_layer_scale":	false,
    "logdir":	"logs",
    "lr":	0.0003,
    "max_batchsize":	100000,
    "max_grad_norm":	0.5,
    "name":	"ppol_cost2_lr0.0003-7a77",
    "norm_adv":	true,
    "prefix":	"ppol",
    "project":	"PPOL-600Epochs-SpeedConstraint-LongerEpisodes",
    "recompute_adv":	false,
    "render":	null,
    "render_mode":	null,
    "repeat_per_collect":	4,
    "rescaling":	true,
    "resume":	false,
    "rew_norm":	false,
    "reward_threshold":	10000,
    "save_ckpt":	true,
    "save_interval":	25,
    "seed":	10,
    "step_per_epoch":	10000,
    "suffix":	"",
    "target_kl":	0.02,
    "task":	"parking-v0",
    "testing_num":	2,
    "thread":	100,
    "training_num":	20,
    "unbounded":	false,
    "use_default_cfg":	false,
    "use_lagrangian":	true,
    "value_clip":	false,
    "verbose":	true,
    "vf_coef":	0.25,
    "worker":	"ShmemVectorEnv"
}
wandb: Currently logged in as: mason-nakamura1 (ecrl). Use `wandb login --relogin` to force relogin
wandb: Currently logged in as: mason-nakamura1 (ecrl). Use `wandb login --relogin` to force relogin
wandb: wandb version 0.16.0 is available!  To upgrade, please run:
wandb:  $ pip install wandb --upgrade
wandb: Tracking run with wandb version 0.14.2
wandb: Run data is saved locally in /nas/ucb/mason/ethically-compliant-rl/wandb/run-20231113_204655-ed6a7d6f-7f38-4659-bfa1-ee7a9bf78e05
wandb: Run `wandb offline` to turn off syncing.
wandb: Syncing run ppol_cost2_lr0.0003-af63
wandb: ⭐️ View project at https://wandb.ai/ecrl/PPOL-600Epochs-SpeedConstraint-LongerEpisodes
wandb: 🚀 View run at https://wandb.ai/ecrl/PPOL-600Epochs-SpeedConstraint-LongerEpisodes/runs/ed6a7d6f-7f38-4659-bfa1-ee7a9bf78e05
wandb: wandb version 0.16.0 is available!  To upgrade, please run:
wandb:  $ pip install wandb --upgrade
wandb: Tracking run with wandb version 0.14.2
wandb: Run data is saved locally in /nas/ucb/mason/ethically-compliant-rl/wandb/run-20231113_124655-e9d972dd-826d-4cf2-a32d-8b0b19d7848d
wandb: Run `wandb offline` to turn off syncing.
wandb: Syncing run ppol_cost2_lr0.0003-de5b
wandb: ⭐️ View project at https://wandb.ai/ecrl/PPOL-600Epochs-SpeedConstraint-LongerEpisodes
wandb: 🚀 View run at https://wandb.ai/ecrl/PPOL-600Epochs-SpeedConstraint-LongerEpisodes/runs/e9d972dd-826d-4cf2-a32d-8b0b19d7848d
[32;1mLogging data to logs/PPOL-600Epochs-SpeedConstraint-LongerEpisodes/parking-v0-cost0-2/ppol_cost2_lr0.0003-af63/progress.txt[0m
[36;1mSaving config:
[0m
{
    "action_bound_method":	"clip",
    "action_scaling":	true,
    "batch_size":	256,
    "buffer_size":	100000,
    "constraint_type":	[
        "speed"
    ],
    "cost_limit":	[
        2
    ],
    "deterministic_eval":	true,
    "device":	"cpu",
    "dual_clip":	null,
    "env_config_file":	"configs/ParkingEnv/env-kinematicsGoalConstraints.txt",
    "episode_per_collect":	20,
    "epoch":	200,
    "eps_clip":	0.2,
    "gae_lambda":	0.95,
    "gamma":	0.99,
    "group":	null,
    "hidden_sizes":	[
        128,
        128
    ],
    "lagrangian_pid":	[
        0.05,
        0.0005,
        0.1
    ],
    "last_layer_scale":	false,
    "logdir":	"logs",
    "lr":	0.0003,
    "max_batchsize":	100000,
    "max_grad_norm":	0.5,
    "name":	"ppol_cost2_lr0.0003-af63",
    "norm_adv":	true,
    "prefix":	"ppol",
    "project":	"PPOL-600Epochs-SpeedConstraint-LongerEpisodes",
    "recompute_adv":	false,
    "render":	null,
    "render_mode":	null,
    "repeat_per_collect":	4,
    "rescaling":	true,
    "resume":	false,
    "rew_norm":	false,
    "reward_threshold":	10000,
    "save_ckpt":	true,
    "save_interval":	25,
    "seed":	10,
    "step_per_epoch":	10000,
    "suffix":	"",
    "target_kl":	0.02,
    "task":	"parking-v0",
    "testing_num":	2,
    "thread":	100,
    "training_num":	20,
    "unbounded":	false,
    "use_default_cfg":	false,
    "use_lagrangian":	true,
    "value_clip":	false,
    "verbose":	true,
    "vf_coef":	0.25,
    "worker":	"ShmemVectorEnv"
}
[32;1mLogging data to logs/PPOL-600Epochs-SpeedConstraint-LongerEpisodes/parking-v0-cost0-2/ppol_cost2_lr0.0003-de5b/progress.txt[0m
[36;1mSaving config:
[0m
{
    "action_bound_method":	"clip",
    "action_scaling":	true,
    "batch_size":	256,
    "buffer_size":	100000,
    "constraint_type":	[
        "speed"
    ],
    "cost_limit":	[
        2
    ],
    "deterministic_eval":	true,
    "device":	"cpu",
    "dual_clip":	null,
    "env_config_file":	"configs/ParkingEnv/env-kinematicsGoalConstraints.txt",
    "episode_per_collect":	20,
    "epoch":	200,
    "eps_clip":	0.2,
    "gae_lambda":	0.95,
    "gamma":	0.99,
    "group":	null,
    "hidden_sizes":	[
        128,
        128
    ],
    "lagrangian_pid":	[
        0.05,
        0.0005,
        0.1
    ],
    "last_layer_scale":	false,
    "logdir":	"logs",
    "lr":	0.0003,
    "max_batchsize":	100000,
    "max_grad_norm":	0.5,
    "name":	"ppol_cost2_lr0.0003-de5b",
    "norm_adv":	true,
    "prefix":	"ppol",
    "project":	"PPOL-600Epochs-SpeedConstraint-LongerEpisodes",
    "recompute_adv":	false,
    "render":	null,
    "render_mode":	null,
    "repeat_per_collect":	4,
    "rescaling":	true,
    "resume":	false,
    "rew_norm":	false,
    "reward_threshold":	10000,
    "save_ckpt":	true,
    "save_interval":	25,
    "seed":	10,
    "step_per_epoch":	10000,
    "suffix":	"",
    "target_kl":	0.02,
    "task":	"parking-v0",
    "testing_num":	2,
    "thread":	100,
    "training_num":	20,
    "unbounded":	false,
    "use_default_cfg":	false,
    "use_lagrangian":	true,
    "value_clip":	false,
    "verbose":	true,
    "vf_coef":	0.25,
    "worker":	"ShmemVectorEnv"
}
Epoch #1:   0%|          | 0/10000 [00:00<?, ?it/s]slurmstepd: error: *** STEP 94563.3 ON sac.ist.berkeley.edu CANCELLED AT 2023-11-13T20:47:25 ***
Epoch #1:   0%|          | 0/10000 [00:00<?, ?it/s]slurmstepd: error: *** STEP 94563.2 ON ppo.ist.berkeley.edu CANCELLED AT 2023-11-13T12:47:25 ***
Epoch #1:   0%|          | 0/10000 [00:00<?, ?it/s]slurmstepd: error: *** STEP 94563.1 ON gan.ist.berkeley.edu CANCELLED AT 2023-11-13T12:47:25 ***
slurmstepd: error: *** JOB 94563 ON gail.ist.berkeley.edu CANCELLED AT 2023-11-13T12:47:25 ***
Epoch #1:   0%|          | 0/10000 [00:18<?, ?it/s]
Epoch #1:   0%|          | 0/10000 [00:00<?, ?it/s]slurmstepd: error: *** STEP 94563.0 ON gail.ist.berkeley.edu CANCELLED AT 2023-11-13T12:47:25 ***
Epoch #1:   0%|          | 0/10000 [00:18<?, ?it/s]
Epoch #1:   0%|          | 0/10000 [00:26<?, ?it/s]
