Traceback (most recent call last):
  File "/nas/ucb/mason/ecrl/CVPO/train_cvpo.py", line 3, in <module>
    import wandb
ModuleNotFoundError: No module named 'wandb'
srun: error: dqn.ist.berkeley.edu: task 0: Exited with exit code 1
Traceback (most recent call last):
  File "/nas/ucb/mason/ecrl/CVPO/train_cvpo.py", line 3, in <module>
    import wandb
ModuleNotFoundError: No module named 'wandb'
Traceback (most recent call last):
  File "/nas/ucb/mason/ecrl/CVPO/train_cvpo.py", line 3, in <module>
    import wandb
ModuleNotFoundError: No module named 'wandb'
Traceback (most recent call last):
  File "/nas/ucb/mason/ecrl/CVPO/train_cvpo.py", line 3, in <module>
    import wandb
ModuleNotFoundError: No module named 'wandb'
srun: error: ppo.ist.berkeley.edu: task 0: Exited with exit code 1
srun: error: gan.ist.berkeley.edu: task 0: Exited with exit code 1
srun: error: gail.ist.berkeley.edu: task 0: Exited with exit code 1
