wandb: Currently logged in as: mason-nakamura1 (ecrl). Use `wandb login --relogin` to force relogin
wandb: Currently logged in as: mason-nakamura1 (ecrl). Use `wandb login --relogin` to force relogin
wandb: Currently logged in as: mason-nakamura1 (ecrl). Use `wandb login --relogin` to force relogin
wandb: Currently logged in as: mason-nakamura1 (ecrl). Use `wandb login --relogin` to force relogin
wandb: wandb version 0.16.1 is available!  To upgrade, please run:
wandb:  $ pip install wandb --upgrade
wandb: Tracking run with wandb version 0.14.2
wandb: Run data is saved locally in /nas/ucb/mason/ethically-compliant-rl/wandb/run-20231230_032623-43co4yf9
wandb: Run `wandb offline` to turn off syncing.
wandb: Syncing run dashing-dew-42
wandb: ⭐️ View project at https://wandb.ai/ecrl/New-PPOL-NoMultipiler-SpeedLimit%3D2
wandb: 🚀 View run at https://wandb.ai/ecrl/New-PPOL-NoMultipiler-SpeedLimit%3D2/runs/43co4yf9
wandb: wandb version 0.16.1 is available!  To upgrade, please run:
wandb:  $ pip install wandb --upgrade
wandb: Tracking run with wandb version 0.14.2
wandb: Run data is saved locally in /nas/ucb/mason/ethically-compliant-rl/wandb/run-20231229_192623-au0s71tw
wandb: Run `wandb offline` to turn off syncing.
wandb: Syncing run scarlet-sea-43
wandb: ⭐️ View project at https://wandb.ai/ecrl/New-PPOL-NoMultipiler-SpeedLimit%3D2
wandb: 🚀 View run at https://wandb.ai/ecrl/New-PPOL-NoMultipiler-SpeedLimit%3D2/runs/au0s71tw
wandb: wandb version 0.16.1 is available!  To upgrade, please run:
wandb:  $ pip install wandb --upgrade
wandb: Tracking run with wandb version 0.14.2
wandb: Run data is saved locally in /nas/ucb/mason/ethically-compliant-rl/wandb/run-20231229_192623-kbpncq19
wandb: Run `wandb offline` to turn off syncing.
wandb: Syncing run zesty-frost-44
wandb: ⭐️ View project at https://wandb.ai/ecrl/New-PPOL-NoMultipiler-SpeedLimit%3D2
wandb: 🚀 View run at https://wandb.ai/ecrl/New-PPOL-NoMultipiler-SpeedLimit%3D2/runs/kbpncq19
wandb: wandb version 0.16.1 is available!  To upgrade, please run:
wandb:  $ pip install wandb --upgrade
wandb: Tracking run with wandb version 0.14.2
wandb: Run data is saved locally in /nas/ucb/mason/ethically-compliant-rl/wandb/run-20231229_192623-exjdsoff
wandb: Run `wandb offline` to turn off syncing.
wandb: Syncing run devout-plasma-45
wandb: ⭐️ View project at https://wandb.ai/ecrl/New-PPOL-NoMultipiler-SpeedLimit%3D2
wandb: 🚀 View run at https://wandb.ai/ecrl/New-PPOL-NoMultipiler-SpeedLimit%3D2/runs/exjdsoff
Using cpu device
----------------------------------
| rollout/           |           |
|    ep_len_mean     | 1e+03     |
|    ep_rew_mean     | -1.27e+03 |
| time/              |           |
|    fps             | 122       |
|    iterations      | 1         |
|    time_elapsed    | 16        |
|    total_timesteps | 2048      |
----------------------------------
/nas/ucb/mason/ethically-compliant-rl/.venv/lib/python3.9/site-packages/numpy/core/fromnumeric.py:3464: RuntimeWarning: Mean of empty slice.
  return _methods._mean(a, axis=axis, dtype=dtype,
/nas/ucb/mason/ethically-compliant-rl/.venv/lib/python3.9/site-packages/numpy/core/_methods.py:192: RuntimeWarning: invalid value encountered in scalar divide
  ret = ret.dtype.type(ret / rcount)
Using cpu device
----------------------------------
| rollout/           |           |
|    ep_len_mean     | 1e+03     |
|    ep_rew_mean     | -1.22e+03 |
| time/              |           |
|    fps             | 115       |
|    iterations      | 1         |
|    time_elapsed    | 17        |
|    total_timesteps | 2048      |
----------------------------------
/nas/ucb/mason/ethically-compliant-rl/.venv/lib/python3.9/site-packages/numpy/core/fromnumeric.py:3464: RuntimeWarning: Mean of empty slice.
  return _methods._mean(a, axis=axis, dtype=dtype,
/nas/ucb/mason/ethically-compliant-rl/.venv/lib/python3.9/site-packages/numpy/core/_methods.py:192: RuntimeWarning: invalid value encountered in scalar divide
  ret = ret.dtype.type(ret / rcount)
Using cpu device
----------------------------------
| rollout/           |           |
|    ep_len_mean     | 1e+03     |
|    ep_rew_mean     | -1.39e+03 |
| time/              |           |
|    fps             | 114       |
|    iterations      | 1         |
|    time_elapsed    | 17        |
|    total_timesteps | 2048      |
----------------------------------
/nas/ucb/mason/ethically-compliant-rl/.venv/lib/python3.9/site-packages/numpy/core/fromnumeric.py:3464: RuntimeWarning: Mean of empty slice.
  return _methods._mean(a, axis=axis, dtype=dtype,
/nas/ucb/mason/ethically-compliant-rl/.venv/lib/python3.9/site-packages/numpy/core/_methods.py:192: RuntimeWarning: invalid value encountered in scalar divide
  ret = ret.dtype.type(ret / rcount)
Using cpu device
----------------------------------
| rollout/           |           |
|    ep_len_mean     | 1e+03     |
|    ep_rew_mean     | -1.44e+03 |
| time/              |           |
|    fps             | 108       |
|    iterations      | 1         |
|    time_elapsed    | 18        |
|    total_timesteps | 2048      |
----------------------------------
/nas/ucb/mason/ethically-compliant-rl/.venv/lib/python3.9/site-packages/numpy/core/fromnumeric.py:3464: RuntimeWarning: Mean of empty slice.
  return _methods._mean(a, axis=axis, dtype=dtype,
/nas/ucb/mason/ethically-compliant-rl/.venv/lib/python3.9/site-packages/numpy/core/_methods.py:192: RuntimeWarning: invalid value encountered in scalar divide
  ret = ret.dtype.type(ret / rcount)
-------------------------------------------
| rollout/                 |              |
|    ep_len_mean           | 1e+03        |
|    ep_rew_mean           | -1.26e+03    |
| time/                    |              |
|    fps                   | 119          |
|    iterations            | 2            |
|    time_elapsed          | 34           |
|    total_timesteps       | 4096         |
| train/                   |              |
|    approx_kl             | 0.0042709783 |
|    clip_fraction         | 0.0196       |
|    clip_range            | 0.2          |
|    cost_returns          | 11.1         |
|    cost_value_loss       | nan          |
|    cost_values           | -0.432       |
|    entropy               | -2.83        |
|    entropy_loss          | -2.83        |
|    explained_variance    | 0.0654       |
|    lagrangian_multiplier | 0            |
|    learning_rate         | 0.0003       |
|    loss                  | 258          |
|    n_updates             | 10           |
|    policy_gradient_loss  | -0.00395     |
|    std                   | 0.996        |
|    value_loss            | 499          |
-------------------------------------------
/nas/ucb/mason/ethically-compliant-rl/.venv/lib/python3.9/site-packages/numpy/core/fromnumeric.py:3464: RuntimeWarning: Mean of empty slice.
  return _methods._mean(a, axis=axis, dtype=dtype,
/nas/ucb/mason/ethically-compliant-rl/.venv/lib/python3.9/site-packages/numpy/core/_methods.py:192: RuntimeWarning: invalid value encountered in scalar divide
  ret = ret.dtype.type(ret / rcount)
-------------------------------------------
| rollout/                 |              |
|    ep_len_mean           | 1e+03        |
|    ep_rew_mean           | -1.15e+03    |
| time/                    |              |
|    fps                   | 113          |
|    iterations            | 2            |
|    time_elapsed          | 36           |
|    total_timesteps       | 4096         |
| train/                   |              |
|    approx_kl             | 0.0031232995 |
|    clip_fraction         | 0.0137       |
|    clip_range            | 0.2          |
|    cost_returns          | 1.19         |
|    cost_value_loss       | nan          |
|    cost_values           | 0.0214       |
|    entropy               | -2.83        |
|    entropy_loss          | -2.83        |
|    explained_variance    | -0.0659      |
|    lagrangian_multiplier | 0            |
|    learning_rate         | 0.0003       |
|    loss                  | 239          |
|    n_updates             | 10           |
|    policy_gradient_loss  | -0.0036      |
|    std                   | 0.995        |
|    value_loss            | 480          |
-------------------------------------------
/nas/ucb/mason/ethically-compliant-rl/.venv/lib/python3.9/site-packages/numpy/core/fromnumeric.py:3464: RuntimeWarning: Mean of empty slice.
  return _methods._mean(a, axis=axis, dtype=dtype,
/nas/ucb/mason/ethically-compliant-rl/.venv/lib/python3.9/site-packages/numpy/core/_methods.py:192: RuntimeWarning: invalid value encountered in scalar divide
  ret = ret.dtype.type(ret / rcount)
-------------------------------------------
| rollout/                 |              |
|    ep_len_mean           | 1e+03        |
|    ep_rew_mean           | -1.27e+03    |
| time/                    |              |
|    fps                   | 111          |
|    iterations            | 2            |
|    time_elapsed          | 36           |
|    total_timesteps       | 4096         |
| train/                   |              |
|    approx_kl             | 0.0037907157 |
|    clip_fraction         | 0.0103       |
|    clip_range            | 0.2          |
|    cost_returns          | 8.04         |
|    cost_value_loss       | nan          |
|    cost_values           | -0.0346      |
|    entropy               | -2.83        |
|    entropy_loss          | -2.83        |
|    explained_variance    | -0.045       |
|    lagrangian_multiplier | 0            |
|    learning_rate         | 0.0003       |
|    loss                  | 322          |
|    n_updates             | 10           |
|    policy_gradient_loss  | -0.00232     |
|    std                   | 0.995        |
|    value_loss            | 626          |
-------------------------------------------
/nas/ucb/mason/ethically-compliant-rl/.venv/lib/python3.9/site-packages/numpy/core/fromnumeric.py:3464: RuntimeWarning: Mean of empty slice.
  return _methods._mean(a, axis=axis, dtype=dtype,
/nas/ucb/mason/ethically-compliant-rl/.venv/lib/python3.9/site-packages/numpy/core/_methods.py:192: RuntimeWarning: invalid value encountered in scalar divide
  ret = ret.dtype.type(ret / rcount)
-------------------------------------------
| rollout/                 |              |
|    ep_len_mean           | 1e+03        |
|    ep_rew_mean           | -1.39e+03    |
| time/                    |              |
|    fps                   | 106          |
|    iterations            | 2            |
|    time_elapsed          | 38           |
|    total_timesteps       | 4096         |
| train/                   |              |
|    approx_kl             | 0.0024779723 |
|    clip_fraction         | 0.00601      |
|    clip_range            | 0.2          |
|    cost_returns          | 11.1         |
|    cost_value_loss       | nan          |
|    cost_values           | 0.206        |
|    entropy               | -2.84        |
|    entropy_loss          | -2.84        |
|    explained_variance    | 0.0321       |
|    lagrangian_multiplier | 0            |
|    learning_rate         | 0.0003       |
|    loss                  | 314          |
|    n_updates             | 10           |
|    policy_gradient_loss  | -0.00214     |
|    std                   | 0.999        |
|    value_loss            | 624          |
-------------------------------------------
/nas/ucb/mason/ethically-compliant-rl/.venv/lib/python3.9/site-packages/numpy/core/fromnumeric.py:3464: RuntimeWarning: Mean of empty slice.
  return _methods._mean(a, axis=axis, dtype=dtype,
/nas/ucb/mason/ethically-compliant-rl/.venv/lib/python3.9/site-packages/numpy/core/_methods.py:192: RuntimeWarning: invalid value encountered in scalar divide
  ret = ret.dtype.type(ret / rcount)
-------------------------------------------
| rollout/                 |              |
|    ep_len_mean           | 1e+03        |
|    ep_rew_mean           | -1.16e+03    |
| time/                    |              |
|    fps                   | 118          |
|    iterations            | 3            |
|    time_elapsed          | 51           |
|    total_timesteps       | 6144         |
| train/                   |              |
|    approx_kl             | 0.0027404493 |
|    clip_fraction         | 0.00215      |
|    clip_range            | 0.2          |
|    cost_returns          | 11.4         |
|    cost_value_loss       | nan          |
|    cost_values           | 0.151        |
|    entropy               | -2.82        |
|    entropy_loss          | -2.82        |
|    explained_variance    | -0.0393      |
|    lagrangian_multiplier | 0            |
|    learning_rate         | 0.0003       |
|    loss                  | 240          |
|    n_updates             | 20           |
|    policy_gradient_loss  | -0.00245     |
|    std                   | 0.99         |
|    value_loss            | 486          |
-------------------------------------------
/nas/ucb/mason/ethically-compliant-rl/.venv/lib/python3.9/site-packages/numpy/core/fromnumeric.py:3464: RuntimeWarning: Mean of empty slice.
  return _methods._mean(a, axis=axis, dtype=dtype,
/nas/ucb/mason/ethically-compliant-rl/.venv/lib/python3.9/site-packages/numpy/core/_methods.py:192: RuntimeWarning: invalid value encountered in scalar divide
  ret = ret.dtype.type(ret / rcount)
-------------------------------------------
| rollout/                 |              |
|    ep_len_mean           | 1e+03        |
|    ep_rew_mean           | -1.13e+03    |
| time/                    |              |
|    fps                   | 109          |
|    iterations            | 3            |
|    time_elapsed          | 55           |
|    total_timesteps       | 6144         |
| train/                   |              |
|    approx_kl             | 0.0032088188 |
|    clip_fraction         | 0.00537      |
|    clip_range            | 0.2          |
|    cost_returns          | 7.06         |
|    cost_value_loss       | nan          |
|    cost_values           | -0.404       |
|    entropy               | -2.83        |
|    entropy_loss          | -2.83        |
|    explained_variance    | -0.0488      |
|    lagrangian_multiplier | 0            |
|    learning_rate         | 0.0003       |
|    loss                  | 175          |
|    n_updates             | 20           |
|    policy_gradient_loss  | -0.00275     |
|    std                   | 0.997        |
|    value_loss            | 357          |
-------------------------------------------
/nas/ucb/mason/ethically-compliant-rl/.venv/lib/python3.9/site-packages/numpy/core/fromnumeric.py:3464: RuntimeWarning: Mean of empty slice.
  return _methods._mean(a, axis=axis, dtype=dtype,
/nas/ucb/mason/ethically-compliant-rl/.venv/lib/python3.9/site-packages/numpy/core/_methods.py:192: RuntimeWarning: invalid value encountered in scalar divide
  ret = ret.dtype.type(ret / rcount)
------------------------------------------
| rollout/                 |             |
|    ep_len_mean           | 1e+03       |
|    ep_rew_mean           | -1.24e+03   |
| time/                    |             |
|    fps                   | 109         |
|    iterations            | 3           |
|    time_elapsed          | 55          |
|    total_timesteps       | 6144        |
| train/                   |             |
|    approx_kl             | 0.005136973 |
|    clip_fraction         | 0.0181      |
|    clip_range            | 0.2         |
|    cost_returns          | 5.07        |
|    cost_value_loss       | nan         |
|    cost_values           | 0.291       |
|    entropy               | -2.83       |
|    entropy_loss          | -2.83       |
|    explained_variance    | 0.00152     |
|    lagrangian_multiplier | 0           |
|    learning_rate         | 0.0003      |
|    loss                  | 207         |
|    n_updates             | 20          |
|    policy_gradient_loss  | -0.00353    |
|    std                   | 0.994       |
|    value_loss            | 400         |
------------------------------------------
/nas/ucb/mason/ethically-compliant-rl/.venv/lib/python3.9/site-packages/numpy/core/fromnumeric.py:3464: RuntimeWarning: Mean of empty slice.
  return _methods._mean(a, axis=axis, dtype=dtype,
/nas/ucb/mason/ethically-compliant-rl/.venv/lib/python3.9/site-packages/numpy/core/_methods.py:192: RuntimeWarning: invalid value encountered in scalar divide
  ret = ret.dtype.type(ret / rcount)
-------------------------------------------
| rollout/                 |              |
|    ep_len_mean           | 1e+03        |
|    ep_rew_mean           | -1.32e+03    |
| time/                    |              |
|    fps                   | 106          |
|    iterations            | 3            |
|    time_elapsed          | 57           |
|    total_timesteps       | 6144         |
| train/                   |              |
|    approx_kl             | 0.0030409545 |
|    clip_fraction         | 0.00937      |
|    clip_range            | 0.2          |
|    cost_returns          | 9.93         |
|    cost_value_loss       | nan          |
|    cost_values           | 0.0568       |
|    entropy               | -2.83        |
|    entropy_loss          | -2.83        |
|    explained_variance    | -0.0159      |
|    lagrangian_multiplier | 0            |
|    learning_rate         | 0.0003       |
|    loss                  | 293          |
|    n_updates             | 20           |
|    policy_gradient_loss  | -0.00279     |
|    std                   | 0.996        |
|    value_loss            | 584          |
-------------------------------------------
/nas/ucb/mason/ethically-compliant-rl/.venv/lib/python3.9/site-packages/numpy/core/fromnumeric.py:3464: RuntimeWarning: Mean of empty slice.
  return _methods._mean(a, axis=axis, dtype=dtype,
/nas/ucb/mason/ethically-compliant-rl/.venv/lib/python3.9/site-packages/numpy/core/_methods.py:192: RuntimeWarning: invalid value encountered in scalar divide
  ret = ret.dtype.type(ret / rcount)
------------------------------------------
| rollout/                 |             |
|    ep_len_mean           | 1e+03       |
|    ep_rew_mean           | -1.13e+03   |
| time/                    |             |
|    fps                   | 118         |
|    iterations            | 4           |
|    time_elapsed          | 69          |
|    total_timesteps       | 8192        |
| train/                   |             |
|    approx_kl             | 0.004481948 |
|    clip_fraction         | 0.0146      |
|    clip_range            | 0.2         |
|    cost_returns          | 10.4        |
|    cost_value_loss       | nan         |
|    cost_values           | -0.101      |
|    entropy               | -2.82       |
|    entropy_loss          | -2.82       |
|    explained_variance    | 0.0253      |
|    lagrangian_multiplier | 0           |
|    learning_rate         | 0.0003      |
|    loss                  | 147         |
|    n_updates             | 30          |
|    policy_gradient_loss  | -0.00465    |
|    std                   | 0.993       |
|    value_loss            | 286         |
------------------------------------------
/nas/ucb/mason/ethically-compliant-rl/.venv/lib/python3.9/site-packages/numpy/core/fromnumeric.py:3464: RuntimeWarning: Mean of empty slice.
  return _methods._mean(a, axis=axis, dtype=dtype,
/nas/ucb/mason/ethically-compliant-rl/.venv/lib/python3.9/site-packages/numpy/core/_methods.py:192: RuntimeWarning: invalid value encountered in scalar divide
  ret = ret.dtype.type(ret / rcount)
-------------------------------------------
| rollout/                 |              |
|    ep_len_mean           | 1e+03        |
|    ep_rew_mean           | -1.26e+03    |
| time/                    |              |
|    fps                   | 108          |
|    iterations            | 4            |
|    time_elapsed          | 75           |
|    total_timesteps       | 8192         |
| train/                   |              |
|    approx_kl             | 0.0038067927 |
|    clip_fraction         | 0.0117       |
|    clip_range            | 0.2          |
|    cost_returns          | 4.1          |
|    cost_value_loss       | nan          |
|    cost_values           | 0.076        |
|    entropy               | -2.82        |
|    entropy_loss          | -2.82        |
|    explained_variance    | 0.0167       |
|    lagrangian_multiplier | 0            |
|    learning_rate         | 0.0003       |
|    loss                  | 203          |
|    n_updates             | 30           |
|    policy_gradient_loss  | -0.0031      |
|    std                   | 0.992        |
|    value_loss            | 426          |
-------------------------------------------
/nas/ucb/mason/ethically-compliant-rl/.venv/lib/python3.9/site-packages/numpy/core/fromnumeric.py:3464: RuntimeWarning: Mean of empty slice.
  return _methods._mean(a, axis=axis, dtype=dtype,
/nas/ucb/mason/ethically-compliant-rl/.venv/lib/python3.9/site-packages/numpy/core/_methods.py:192: RuntimeWarning: invalid value encountered in scalar divide
  ret = ret.dtype.type(ret / rcount)
-------------------------------------------
| rollout/                 |              |
|    ep_len_mean           | 1e+03        |
|    ep_rew_mean           | -1.19e+03    |
| time/                    |              |
|    fps                   | 108          |
|    iterations            | 4            |
|    time_elapsed          | 75           |
|    total_timesteps       | 8192         |
| train/                   |              |
|    approx_kl             | 0.0044595087 |
|    clip_fraction         | 0.0169       |
|    clip_range            | 0.2          |
|    cost_returns          | 7.03         |
|    cost_value_loss       | nan          |
|    cost_values           | 0.304        |
|    entropy               | -2.84        |
|    entropy_loss          | -2.84        |
|    explained_variance    | -0.0335      |
|    lagrangian_multiplier | 0            |
|    learning_rate         | 0.0003       |
|    loss                  | 182          |
|    n_updates             | 30           |
|    policy_gradient_loss  | -0.00365     |
|    std                   | 1            |
|    value_loss            | 380          |
-------------------------------------------
/nas/ucb/mason/ethically-compliant-rl/.venv/lib/python3.9/site-packages/numpy/core/fromnumeric.py:3464: RuntimeWarning: Mean of empty slice.
  return _methods._mean(a, axis=axis, dtype=dtype,
/nas/ucb/mason/ethically-compliant-rl/.venv/lib/python3.9/site-packages/numpy/core/_methods.py:192: RuntimeWarning: invalid value encountered in scalar divide
  ret = ret.dtype.type(ret / rcount)
-------------------------------------------
| rollout/                 |              |
|    ep_len_mean           | 1e+03        |
|    ep_rew_mean           | -1.33e+03    |
| time/                    |              |
|    fps                   | 105          |
|    iterations            | 4            |
|    time_elapsed          | 77           |
|    total_timesteps       | 8192         |
| train/                   |              |
|    approx_kl             | 0.0043478585 |
|    clip_fraction         | 0.0137       |
|    clip_range            | 0.2          |
|    cost_returns          | 10.1         |
|    cost_value_loss       | nan          |
|    cost_values           | -0.0725      |
|    entropy               | -2.84        |
|    entropy_loss          | -2.83        |
|    explained_variance    | 0.00411      |
|    lagrangian_multiplier | 0            |
|    learning_rate         | 0.0003       |
|    loss                  | 243          |
|    n_updates             | 30           |
|    policy_gradient_loss  | -0.00219     |
|    std                   | 0.999        |
|    value_loss            | 467          |
-------------------------------------------
/nas/ucb/mason/ethically-compliant-rl/.venv/lib/python3.9/site-packages/numpy/core/fromnumeric.py:3464: RuntimeWarning: Mean of empty slice.
  return _methods._mean(a, axis=axis, dtype=dtype,
/nas/ucb/mason/ethically-compliant-rl/.venv/lib/python3.9/site-packages/numpy/core/_methods.py:192: RuntimeWarning: invalid value encountered in scalar divide
  ret = ret.dtype.type(ret / rcount)
------------------------------------------
| rollout/                 |             |
|    ep_len_mean           | 1e+03       |
|    ep_rew_mean           | -1.22e+03   |
| time/                    |             |
|    fps                   | 118         |
|    iterations            | 5           |
|    time_elapsed          | 86          |
|    total_timesteps       | 10240       |
| train/                   |             |
|    approx_kl             | 0.008090534 |
|    clip_fraction         | 0.0446      |
|    clip_range            | 0.2         |
|    cost_returns          | 8.06        |
|    cost_value_loss       | nan         |
|    cost_values           | -0.0597     |
|    entropy               | -2.83       |
|    entropy_loss          | -2.83       |
|    explained_variance    | 0.11        |
|    lagrangian_multiplier | 0           |
|    learning_rate         | 0.0003      |
|    loss                  | 168         |
|    n_updates             | 40          |
|    policy_gradient_loss  | -0.00708    |
|    std                   | 0.998       |
|    value_loss            | 329         |
------------------------------------------
/nas/ucb/mason/ethically-compliant-rl/.venv/lib/python3.9/site-packages/numpy/core/fromnumeric.py:3464: RuntimeWarning: Mean of empty slice.
  return _methods._mean(a, axis=axis, dtype=dtype,
/nas/ucb/mason/ethically-compliant-rl/.venv/lib/python3.9/site-packages/numpy/core/_methods.py:192: RuntimeWarning: invalid value encountered in scalar divide
  ret = ret.dtype.type(ret / rcount)
-----------------------------------------
| rollout/                 |            |
|    ep_len_mean           | 1e+03      |
|    ep_rew_mean           | -1.17e+03  |
| time/                    |            |
|    fps                   | 108        |
|    iterations            | 5          |
|    time_elapsed          | 94         |
|    total_timesteps       | 10240      |
| train/                   |            |
|    approx_kl             | 0.00574279 |
|    clip_fraction         | 0.0438     |
|    clip_range            | 0.2        |
|    cost_returns          | 3.53       |
|    cost_value_loss       | nan        |
|    cost_values           | 0.349      |
|    entropy               | -2.82      |
|    entropy_loss          | -2.82      |
|    explained_variance    | -0.0324    |
|    lagrangian_multiplier | 0          |
|    learning_rate         | 0.0003     |
|    loss                  | 267        |
|    n_updates             | 40         |
|    policy_gradient_loss  | -0.00588   |
|    std                   | 0.993      |
|    value_loss            | 527        |
-----------------------------------------
/nas/ucb/mason/ethically-compliant-rl/.venv/lib/python3.9/site-packages/numpy/core/fromnumeric.py:3464: RuntimeWarning: Mean of empty slice.
  return _methods._mean(a, axis=axis, dtype=dtype,
/nas/ucb/mason/ethically-compliant-rl/.venv/lib/python3.9/site-packages/numpy/core/_methods.py:192: RuntimeWarning: invalid value encountered in scalar divide
  ret = ret.dtype.type(ret / rcount)
-------------------------------------------
| rollout/                 |              |
|    ep_len_mean           | 1e+03        |
|    ep_rew_mean           | -1.28e+03    |
| time/                    |              |
|    fps                   | 107          |
|    iterations            | 5            |
|    time_elapsed          | 95           |
|    total_timesteps       | 10240        |
| train/                   |              |
|    approx_kl             | 0.0047080545 |
|    clip_fraction         | 0.0126       |
|    clip_range            | 0.2          |
|    cost_returns          | 4.09         |
|    cost_value_loss       | nan          |
|    cost_values           | 0.465        |
|    entropy               | -2.85        |
|    entropy_loss          | -2.84        |
|    explained_variance    | -0.0155      |
|    lagrangian_multiplier | 0            |
|    learning_rate         | 0.0003       |
|    loss                  | 280          |
|    n_updates             | 40           |
|    policy_gradient_loss  | -0.00263     |
|    std                   | 1            |
|    value_loss            | 555          |
-------------------------------------------
/nas/ucb/mason/ethically-compliant-rl/.venv/lib/python3.9/site-packages/numpy/core/fromnumeric.py:3464: RuntimeWarning: Mean of empty slice.
  return _methods._mean(a, axis=axis, dtype=dtype,
/nas/ucb/mason/ethically-compliant-rl/.venv/lib/python3.9/site-packages/numpy/core/_methods.py:192: RuntimeWarning: invalid value encountered in scalar divide
  ret = ret.dtype.type(ret / rcount)
------------------------------------------
| rollout/                 |             |
|    ep_len_mean           | 1e+03       |
|    ep_rew_mean           | -1.42e+03   |
| time/                    |             |
|    fps                   | 105         |
|    iterations            | 5           |
|    time_elapsed          | 96          |
|    total_timesteps       | 10240       |
| train/                   |             |
|    approx_kl             | 0.004055521 |
|    clip_fraction         | 0.0176      |
|    clip_range            | 0.2         |
|    cost_returns          | 9.52        |
|    cost_value_loss       | nan         |
|    cost_values           | 0.147       |
|    entropy               | -2.84       |
|    entropy_loss          | -2.84       |
|    explained_variance    | -0.0134     |
|    lagrangian_multiplier | 0           |
|    learning_rate         | 0.0003      |
|    loss                  | 338         |
|    n_updates             | 40          |
|    policy_gradient_loss  | -0.00341    |
|    std                   | 1           |
|    value_loss            | 649         |
------------------------------------------
/nas/ucb/mason/ethically-compliant-rl/.venv/lib/python3.9/site-packages/numpy/core/fromnumeric.py:3464: RuntimeWarning: Mean of empty slice.
  return _methods._mean(a, axis=axis, dtype=dtype,
/nas/ucb/mason/ethically-compliant-rl/.venv/lib/python3.9/site-packages/numpy/core/_methods.py:192: RuntimeWarning: invalid value encountered in scalar divide
  ret = ret.dtype.type(ret / rcount)
-------------------------------------------
| rollout/                 |              |
|    ep_len_mean           | 1e+03        |
|    ep_rew_mean           | -1.21e+03    |
| time/                    |              |
|    fps                   | 117          |
|    iterations            | 6            |
|    time_elapsed          | 104          |
|    total_timesteps       | 12288        |
| train/                   |              |
|    approx_kl             | 0.0055267094 |
|    clip_fraction         | 0.0249       |
|    clip_range            | 0.2          |
|    cost_returns          | 10.4         |
|    cost_value_loss       | nan          |
|    cost_values           | 0.0285       |
|    entropy               | -2.84        |
|    entropy_loss          | -2.84        |
|    explained_variance    | -0.07        |
|    lagrangian_multiplier | 0            |
|    learning_rate         | 0.0003       |
|    loss                  | 387          |
|    n_updates             | 50           |
|    policy_gradient_loss  | -0.00397     |
|    std                   | 1            |
|    value_loss            | 802          |
-------------------------------------------
/nas/ucb/mason/ethically-compliant-rl/.venv/lib/python3.9/site-packages/numpy/core/fromnumeric.py:3464: RuntimeWarning: Mean of empty slice.
  return _methods._mean(a, axis=axis, dtype=dtype,
/nas/ucb/mason/ethically-compliant-rl/.venv/lib/python3.9/site-packages/numpy/core/_methods.py:192: RuntimeWarning: invalid value encountered in scalar divide
  ret = ret.dtype.type(ret / rcount)
-------------------------------------------
| rollout/                 |              |
|    ep_len_mean           | 1e+03        |
|    ep_rew_mean           | -1.18e+03    |
| time/                    |              |
|    fps                   | 108          |
|    iterations            | 6            |
|    time_elapsed          | 113          |
|    total_timesteps       | 12288        |
| train/                   |              |
|    approx_kl             | 0.0042630234 |
|    clip_fraction         | 0.0128       |
|    clip_range            | 0.2          |
|    cost_returns          | 2.27         |
|    cost_value_loss       | nan          |
|    cost_values           | 0.271        |
|    entropy               | -2.83        |
|    entropy_loss          | -2.83        |
|    explained_variance    | -0.0351      |
|    lagrangian_multiplier | 0            |
|    learning_rate         | 0.0003       |
|    loss                  | 105          |
|    n_updates             | 50           |
|    policy_gradient_loss  | -0.00421     |
|    std                   | 0.995        |
|    value_loss            | 211          |
-------------------------------------------
/nas/ucb/mason/ethically-compliant-rl/.venv/lib/python3.9/site-packages/numpy/core/fromnumeric.py:3464: RuntimeWarning: Mean of empty slice.
  return _methods._mean(a, axis=axis, dtype=dtype,
/nas/ucb/mason/ethically-compliant-rl/.venv/lib/python3.9/site-packages/numpy/core/_methods.py:192: RuntimeWarning: invalid value encountered in scalar divide
  ret = ret.dtype.type(ret / rcount)
-------------------------------------------
| rollout/                 |              |
|    ep_len_mean           | 1e+03        |
|    ep_rew_mean           | -1.31e+03    |
| time/                    |              |
|    fps                   | 107          |
|    iterations            | 6            |
|    time_elapsed          | 114          |
|    total_timesteps       | 12288        |
| train/                   |              |
|    approx_kl             | 0.0027555847 |
|    clip_fraction         | 0.0102       |
|    clip_range            | 0.2          |
|    cost_returns          | 7.85         |
|    cost_value_loss       | nan          |
|    cost_values           | -0.255       |
|    entropy               | -2.85        |
|    entropy_loss          | -2.85        |
|    explained_variance    | -0.0116      |
|    lagrangian_multiplier | 0            |
|    learning_rate         | 0.0003       |
|    loss                  | 491          |
|    n_updates             | 50           |
|    policy_gradient_loss  | -0.00244     |
|    std                   | 1.01         |
|    value_loss            | 1e+03        |
-------------------------------------------
/nas/ucb/mason/ethically-compliant-rl/.venv/lib/python3.9/site-packages/numpy/core/fromnumeric.py:3464: RuntimeWarning: Mean of empty slice.
  return _methods._mean(a, axis=axis, dtype=dtype,
/nas/ucb/mason/ethically-compliant-rl/.venv/lib/python3.9/site-packages/numpy/core/_methods.py:192: RuntimeWarning: invalid value encountered in scalar divide
  ret = ret.dtype.type(ret / rcount)
-------------------------------------------
| rollout/                 |              |
|    ep_len_mean           | 1e+03        |
|    ep_rew_mean           | -1.35e+03    |
| time/                    |              |
|    fps                   | 105          |
|    iterations            | 6            |
|    time_elapsed          | 116          |
|    total_timesteps       | 12288        |
| train/                   |              |
|    approx_kl             | 0.0042819977 |
|    clip_fraction         | 0.0107       |
|    clip_range            | 0.2          |
|    cost_returns          | 13.3         |
|    cost_value_loss       | nan          |
|    cost_values           | 0.279        |
|    entropy               | -2.85        |
|    entropy_loss          | -2.85        |
|    explained_variance    | 0.0388       |
|    lagrangian_multiplier | 0            |
|    learning_rate         | 0.0003       |
|    loss                  | 569          |
|    n_updates             | 50           |
|    policy_gradient_loss  | -0.00348     |
|    std                   | 1.01         |
|    value_loss            | 1.11e+03     |
-------------------------------------------
/nas/ucb/mason/ethically-compliant-rl/.venv/lib/python3.9/site-packages/numpy/core/fromnumeric.py:3464: RuntimeWarning: Mean of empty slice.
  return _methods._mean(a, axis=axis, dtype=dtype,
/nas/ucb/mason/ethically-compliant-rl/.venv/lib/python3.9/site-packages/numpy/core/_methods.py:192: RuntimeWarning: invalid value encountered in scalar divide
  ret = ret.dtype.type(ret / rcount)
------------------------------------------
| rollout/                 |             |
|    ep_len_mean           | 1e+03       |
|    ep_rew_mean           | -1.18e+03   |
| time/                    |             |
|    fps                   | 117         |
|    iterations            | 7           |
|    time_elapsed          | 121         |
|    total_timesteps       | 14336       |
| train/                   |             |
|    approx_kl             | 0.007681886 |
|    clip_fraction         | 0.0425      |
|    clip_range            | 0.2         |
|    cost_returns          | 6.2         |
|    cost_value_loss       | nan         |
|    cost_values           | -0.253      |
|    entropy               | -2.85       |
|    entropy_loss          | -2.85       |
|    explained_variance    | 0.0593      |
|    lagrangian_multiplier | 0           |
|    learning_rate         | 0.0003      |
|    loss                  | 233         |
|    n_updates             | 60          |
|    policy_gradient_loss  | -0.00493    |
|    std                   | 1.01        |
|    value_loss            | 452         |
------------------------------------------
/nas/ucb/mason/ethically-compliant-rl/.venv/lib/python3.9/site-packages/numpy/core/fromnumeric.py:3464: RuntimeWarning: Mean of empty slice.
  return _methods._mean(a, axis=axis, dtype=dtype,
/nas/ucb/mason/ethically-compliant-rl/.venv/lib/python3.9/site-packages/numpy/core/_methods.py:192: RuntimeWarning: invalid value encountered in scalar divide
  ret = ret.dtype.type(ret / rcount)
------------------------------------------
| rollout/                 |             |
|    ep_len_mean           | 1e+03       |
|    ep_rew_mean           | -1.23e+03   |
| time/                    |             |
|    fps                   | 107         |
|    iterations            | 7           |
|    time_elapsed          | 133         |
|    total_timesteps       | 14336       |
| train/                   |             |
|    approx_kl             | 0.004370538 |
|    clip_fraction         | 0.0322      |
|    clip_range            | 0.2         |
|    cost_returns          | 6.25        |
|    cost_value_loss       | nan         |
|    cost_values           | 0.49        |
|    entropy               | -2.83       |
|    entropy_loss          | -2.83       |
|    explained_variance    | -0.0374     |
|    lagrangian_multiplier | 0           |
|    learning_rate         | 0.0003      |
|    loss                  | 237         |
|    n_updates             | 60          |
|    policy_gradient_loss  | -0.00325    |
|    std                   | 0.997       |
|    value_loss            | 469         |
------------------------------------------
/nas/ucb/mason/ethically-compliant-rl/.venv/lib/python3.9/site-packages/numpy/core/fromnumeric.py:3464: RuntimeWarning: Mean of empty slice.
  return _methods._mean(a, axis=axis, dtype=dtype,
/nas/ucb/mason/ethically-compliant-rl/.venv/lib/python3.9/site-packages/numpy/core/_methods.py:192: RuntimeWarning: invalid value encountered in scalar divide
  ret = ret.dtype.type(ret / rcount)
------------------------------------------
| rollout/                 |             |
|    ep_len_mean           | 1e+03       |
|    ep_rew_mean           | -1.29e+03   |
| time/                    |             |
|    fps                   | 106         |
|    iterations            | 7           |
|    time_elapsed          | 134         |
|    total_timesteps       | 14336       |
| train/                   |             |
|    approx_kl             | 0.005459096 |
|    clip_fraction         | 0.0485      |
|    clip_range            | 0.2         |
|    cost_returns          | 3.93        |
|    cost_value_loss       | nan         |
|    cost_values           | 0.314       |
|    entropy               | -2.86       |
|    entropy_loss          | -2.85       |
|    explained_variance    | -0.00745    |
|    lagrangian_multiplier | 0           |
|    learning_rate         | 0.0003      |
|    loss                  | 357         |
|    n_updates             | 60          |
|    policy_gradient_loss  | -0.00479    |
|    std                   | 1.01        |
|    value_loss            | 689         |
------------------------------------------
/nas/ucb/mason/ethically-compliant-rl/.venv/lib/python3.9/site-packages/numpy/core/fromnumeric.py:3464: RuntimeWarning: Mean of empty slice.
  return _methods._mean(a, axis=axis, dtype=dtype,
/nas/ucb/mason/ethically-compliant-rl/.venv/lib/python3.9/site-packages/numpy/core/_methods.py:192: RuntimeWarning: invalid value encountered in scalar divide
  ret = ret.dtype.type(ret / rcount)
------------------------------------------
| rollout/                 |             |
|    ep_len_mean           | 1e+03       |
|    ep_rew_mean           | -1.35e+03   |
| time/                    |             |
|    fps                   | 106         |
|    iterations            | 7           |
|    time_elapsed          | 135         |
|    total_timesteps       | 14336       |
| train/                   |             |
|    approx_kl             | 0.004820438 |
|    clip_fraction         | 0.0262      |
|    clip_range            | 0.2         |
|    cost_returns          | 13.1        |
|    cost_value_loss       | nan         |
|    cost_values           | -0.0299     |
|    entropy               | -2.85       |
|    entropy_loss          | -2.85       |
|    explained_variance    | -0.00278    |
|    lagrangian_multiplier | 0           |
|    learning_rate         | 0.0003      |
|    loss                  | 181         |
|    n_updates             | 60          |
|    policy_gradient_loss  | -0.00384    |
|    std                   | 1.01        |
|    value_loss            | 371         |
------------------------------------------
/nas/ucb/mason/ethically-compliant-rl/.venv/lib/python3.9/site-packages/numpy/core/fromnumeric.py:3464: RuntimeWarning: Mean of empty slice.
  return _methods._mean(a, axis=axis, dtype=dtype,
/nas/ucb/mason/ethically-compliant-rl/.venv/lib/python3.9/site-packages/numpy/core/_methods.py:192: RuntimeWarning: invalid value encountered in scalar divide
  ret = ret.dtype.type(ret / rcount)
-------------------------------------------
| rollout/                 |              |
|    ep_len_mean           | 1e+03        |
|    ep_rew_mean           | -1.14e+03    |
| time/                    |              |
|    fps                   | 117          |
|    iterations            | 8            |
|    time_elapsed          | 139          |
|    total_timesteps       | 16384        |
| train/                   |              |
|    approx_kl             | 0.0029039197 |
|    clip_fraction         | 0.00659      |
|    clip_range            | 0.2          |
|    cost_returns          | 6.81         |
|    cost_value_loss       | nan          |
|    cost_values           | -0.192       |
|    entropy               | -2.85        |
|    entropy_loss          | -2.85        |
|    explained_variance    | 0.0623       |
|    lagrangian_multiplier | 0            |
|    learning_rate         | 0.0003       |
|    loss                  | 123          |
|    n_updates             | 70           |
|    policy_gradient_loss  | -0.00222     |
|    std                   | 1            |
|    value_loss            | 240          |
-------------------------------------------
/nas/ucb/mason/ethically-compliant-rl/.venv/lib/python3.9/site-packages/numpy/core/fromnumeric.py:3464: RuntimeWarning: Mean of empty slice.
  return _methods._mean(a, axis=axis, dtype=dtype,
/nas/ucb/mason/ethically-compliant-rl/.venv/lib/python3.9/site-packages/numpy/core/_methods.py:192: RuntimeWarning: invalid value encountered in scalar divide
  ret = ret.dtype.type(ret / rcount)
-------------------------------------------
| rollout/                 |              |
|    ep_len_mean           | 1e+03        |
|    ep_rew_mean           | -1.29e+03    |
| time/                    |              |
|    fps                   | 107          |
|    iterations            | 8            |
|    time_elapsed          | 152          |
|    total_timesteps       | 16384        |
| train/                   |              |
|    approx_kl             | 0.0037511704 |
|    clip_fraction         | 0.0134       |
|    clip_range            | 0.2          |
|    cost_returns          | 14.4         |
|    cost_value_loss       | nan          |
|    cost_values           | 0.335        |
|    entropy               | -2.83        |
|    entropy_loss          | -2.83        |
|    explained_variance    | -0.0217      |
|    lagrangian_multiplier | 0            |
|    learning_rate         | 0.0003       |
|    loss                  | 365          |
|    n_updates             | 70           |
|    policy_gradient_loss  | -0.00288     |
|    std                   | 0.997        |
|    value_loss            | 745          |
-------------------------------------------
/nas/ucb/mason/ethically-compliant-rl/.venv/lib/python3.9/site-packages/numpy/core/fromnumeric.py:3464: RuntimeWarning: Mean of empty slice.
  return _methods._mean(a, axis=axis, dtype=dtype,
/nas/ucb/mason/ethically-compliant-rl/.venv/lib/python3.9/site-packages/numpy/core/_methods.py:192: RuntimeWarning: invalid value encountered in scalar divide
  ret = ret.dtype.type(ret / rcount)
------------------------------------------
| rollout/                 |             |
|    ep_len_mean           | 1e+03       |
|    ep_rew_mean           | -1.29e+03   |
| time/                    |             |
|    fps                   | 106         |
|    iterations            | 8           |
|    time_elapsed          | 153         |
|    total_timesteps       | 16384       |
| train/                   |             |
|    approx_kl             | 0.003133465 |
|    clip_fraction         | 0.00776     |
|    clip_range            | 0.2         |
|    cost_returns          | 8.18        |
|    cost_value_loss       | nan         |
|    cost_values           | -0.044      |
|    entropy               | -2.86       |
|    entropy_loss          | -2.86       |
|    explained_variance    | -0.0642     |
|    lagrangian_multiplier | 0           |
|    learning_rate         | 0.0003      |
|    loss                  | 210         |
|    n_updates             | 70          |
|    policy_gradient_loss  | -0.00186    |
|    std                   | 1.01        |
|    value_loss            | 416         |
------------------------------------------
/nas/ucb/mason/ethically-compliant-rl/.venv/lib/python3.9/site-packages/numpy/core/fromnumeric.py:3464: RuntimeWarning: Mean of empty slice.
  return _methods._mean(a, axis=axis, dtype=dtype,
/nas/ucb/mason/ethically-compliant-rl/.venv/lib/python3.9/site-packages/numpy/core/_methods.py:192: RuntimeWarning: invalid value encountered in scalar divide
  ret = ret.dtype.type(ret / rcount)
------------------------------------------
| rollout/                 |             |
|    ep_len_mean           | 1e+03       |
|    ep_rew_mean           | -1.34e+03   |
| time/                    |             |
|    fps                   | 106         |
|    iterations            | 8           |
|    time_elapsed          | 154         |
|    total_timesteps       | 16384       |
| train/                   |             |
|    approx_kl             | 0.005923462 |
|    clip_fraction         | 0.038       |
|    clip_range            | 0.2         |
|    cost_returns          | 10.6        |
|    cost_value_loss       | nan         |
|    cost_values           | 0.0974      |
|    entropy               | -2.86       |
|    entropy_loss          | -2.86       |
|    explained_variance    | -0.0277     |
|    lagrangian_multiplier | 0           |
|    learning_rate         | 0.0003      |
|    loss                  | 325         |
|    n_updates             | 70          |
|    policy_gradient_loss  | -0.00581    |
|    std                   | 1.01        |
|    value_loss            | 621         |
------------------------------------------
/nas/ucb/mason/ethically-compliant-rl/.venv/lib/python3.9/site-packages/numpy/core/fromnumeric.py:3464: RuntimeWarning: Mean of empty slice.
  return _methods._mean(a, axis=axis, dtype=dtype,
/nas/ucb/mason/ethically-compliant-rl/.venv/lib/python3.9/site-packages/numpy/core/_methods.py:192: RuntimeWarning: invalid value encountered in scalar divide
  ret = ret.dtype.type(ret / rcount)
-------------------------------------------
| rollout/                 |              |
|    ep_len_mean           | 1e+03        |
|    ep_rew_mean           | -1.1e+03     |
| time/                    |              |
|    fps                   | 117          |
|    iterations            | 9            |
|    time_elapsed          | 156          |
|    total_timesteps       | 18432        |
| train/                   |              |
|    approx_kl             | 0.0044166986 |
|    clip_fraction         | 0.00962      |
|    clip_range            | 0.2          |
|    cost_returns          | 3.48         |
|    cost_value_loss       | nan          |
|    cost_values           | 0.135        |
|    entropy               | -2.84        |
|    entropy_loss          | -2.84        |
|    explained_variance    | 0.0651       |
|    lagrangian_multiplier | 0            |
|    learning_rate         | 0.0003       |
|    loss                  | 110          |
|    n_updates             | 80           |
|    policy_gradient_loss  | -0.00293     |
|    std                   | 1            |
|    value_loss            | 216          |
-------------------------------------------
/nas/ucb/mason/ethically-compliant-rl/.venv/lib/python3.9/site-packages/numpy/core/fromnumeric.py:3464: RuntimeWarning: Mean of empty slice.
  return _methods._mean(a, axis=axis, dtype=dtype,
/nas/ucb/mason/ethically-compliant-rl/.venv/lib/python3.9/site-packages/numpy/core/_methods.py:192: RuntimeWarning: invalid value encountered in scalar divide
  ret = ret.dtype.type(ret / rcount)
-------------------------------------------
| rollout/                 |              |
|    ep_len_mean           | 1e+03        |
|    ep_rew_mean           | -1.31e+03    |
| time/                    |              |
|    fps                   | 107          |
|    iterations            | 9            |
|    time_elapsed          | 171          |
|    total_timesteps       | 18432        |
| train/                   |              |
|    approx_kl             | 0.0044942736 |
|    clip_fraction         | 0.037        |
|    clip_range            | 0.2          |
|    cost_returns          | 14.5         |
|    cost_value_loss       | nan          |
|    cost_values           | 0.375        |
|    entropy               | -2.84        |
|    entropy_loss          | -2.83        |
|    explained_variance    | -0.0185      |
|    lagrangian_multiplier | 0            |
|    learning_rate         | 0.0003       |
|    loss                  | 482          |
|    n_updates             | 80           |
|    policy_gradient_loss  | -0.00382     |
|    std                   | 1            |
|    value_loss            | 944          |
-------------------------------------------
/nas/ucb/mason/ethically-compliant-rl/.venv/lib/python3.9/site-packages/numpy/core/fromnumeric.py:3464: RuntimeWarning: Mean of empty slice.
  return _methods._mean(a, axis=axis, dtype=dtype,
/nas/ucb/mason/ethically-compliant-rl/.venv/lib/python3.9/site-packages/numpy/core/_methods.py:192: RuntimeWarning: invalid value encountered in scalar divide
  ret = ret.dtype.type(ret / rcount)
-------------------------------------------
| rollout/                 |              |
|    ep_len_mean           | 1e+03        |
|    ep_rew_mean           | -1.3e+03     |
| time/                    |              |
|    fps                   | 106          |
|    iterations            | 9            |
|    time_elapsed          | 173          |
|    total_timesteps       | 18432        |
| train/                   |              |
|    approx_kl             | 0.0017617388 |
|    clip_fraction         | 0.00234      |
|    clip_range            | 0.2          |
|    cost_returns          | 9.69         |
|    cost_value_loss       | nan          |
|    cost_values           | -0.136       |
|    entropy               | -2.87        |
|    entropy_loss          | -2.87        |
|    explained_variance    | -0.0129      |
|    lagrangian_multiplier | 0            |
|    learning_rate         | 0.0003       |
|    loss                  | 289          |
|    n_updates             | 80           |
|    policy_gradient_loss  | -0.00176     |
|    std                   | 1.02         |
|    value_loss            | 593          |
-------------------------------------------
/nas/ucb/mason/ethically-compliant-rl/.venv/lib/python3.9/site-packages/numpy/core/fromnumeric.py:3464: RuntimeWarning: Mean of empty slice.
  return _methods._mean(a, axis=axis, dtype=dtype,
/nas/ucb/mason/ethically-compliant-rl/.venv/lib/python3.9/site-packages/numpy/core/_methods.py:192: RuntimeWarning: invalid value encountered in scalar divide
  ret = ret.dtype.type(ret / rcount)
-------------------------------------------
| rollout/                 |              |
|    ep_len_mean           | 1e+03        |
|    ep_rew_mean           | -1.32e+03    |
| time/                    |              |
|    fps                   | 106          |
|    iterations            | 9            |
|    time_elapsed          | 173          |
|    total_timesteps       | 18432        |
| train/                   |              |
|    approx_kl             | 0.0054006986 |
|    clip_fraction         | 0.0253       |
|    clip_range            | 0.2          |
|    cost_returns          | 14.8         |
|    cost_value_loss       | nan          |
|    cost_values           | 0.0813       |
|    entropy               | -2.86        |
|    entropy_loss          | -2.87        |
|    explained_variance    | 0.004        |
|    lagrangian_multiplier | 0            |
|    learning_rate         | 0.0003       |
|    loss                  | 234          |
|    n_updates             | 80           |
|    policy_gradient_loss  | -0.00476     |
|    std                   | 1.01         |
|    value_loss            | 459          |
-------------------------------------------
/nas/ucb/mason/ethically-compliant-rl/.venv/lib/python3.9/site-packages/numpy/core/fromnumeric.py:3464: RuntimeWarning: Mean of empty slice.
  return _methods._mean(a, axis=axis, dtype=dtype,
/nas/ucb/mason/ethically-compliant-rl/.venv/lib/python3.9/site-packages/numpy/core/_methods.py:192: RuntimeWarning: invalid value encountered in scalar divide
  ret = ret.dtype.type(ret / rcount)
-------------------------------------------
| rollout/                 |              |
|    ep_len_mean           | 1e+03        |
|    ep_rew_mean           | -1.11e+03    |
| time/                    |              |
|    fps                   | 117          |
|    iterations            | 10           |
|    time_elapsed          | 174          |
|    total_timesteps       | 20480        |
| train/                   |              |
|    approx_kl             | 0.0039491924 |
|    clip_fraction         | 0.0173       |
|    clip_range            | 0.2          |
|    cost_returns          | 0.577        |
|    cost_value_loss       | nan          |
|    cost_values           | 0.622        |
|    entropy               | -2.83        |
|    entropy_loss          | -2.83        |
|    explained_variance    | -0.0897      |
|    lagrangian_multiplier | 0            |
|    learning_rate         | 0.0003       |
|    loss                  | 109          |
|    n_updates             | 90           |
|    policy_gradient_loss  | -0.00262     |
|    std                   | 0.997        |
|    value_loss            | 216          |
-------------------------------------------
/nas/ucb/mason/ethically-compliant-rl/.venv/lib/python3.9/site-packages/numpy/core/fromnumeric.py:3464: RuntimeWarning: Mean of empty slice.
  return _methods._mean(a, axis=axis, dtype=dtype,
/nas/ucb/mason/ethically-compliant-rl/.venv/lib/python3.9/site-packages/numpy/core/_methods.py:192: RuntimeWarning: invalid value encountered in scalar divide
  ret = ret.dtype.type(ret / rcount)
-------------------------------------------
| rollout/                 |              |
|    ep_len_mean           | 1e+03        |
|    ep_rew_mean           | -1.31e+03    |
| time/                    |              |
|    fps                   | 107          |
|    iterations            | 10           |
|    time_elapsed          | 191          |
|    total_timesteps       | 20480        |
| train/                   |              |
|    approx_kl             | 0.0041911807 |
|    clip_fraction         | 0.012        |
|    clip_range            | 0.2          |
|    cost_returns          | 11.2         |
|    cost_value_loss       | nan          |
|    cost_values           | 0.244        |
|    entropy               | -2.84        |
|    entropy_loss          | -2.84        |
|    explained_variance    | -0.0198      |
|    lagrangian_multiplier | 0            |
|    learning_rate         | 0.0003       |
|    loss                  | 332          |
|    n_updates             | 90           |
|    policy_gradient_loss  | -0.00186     |
|    std                   | 1            |
|    value_loss            | 654          |
-------------------------------------------
/nas/ucb/mason/ethically-compliant-rl/.venv/lib/python3.9/site-packages/numpy/core/fromnumeric.py:3464: RuntimeWarning: Mean of empty slice.
  return _methods._mean(a, axis=axis, dtype=dtype,
/nas/ucb/mason/ethically-compliant-rl/.venv/lib/python3.9/site-packages/numpy/core/_methods.py:192: RuntimeWarning: invalid value encountered in scalar divide
  ret = ret.dtype.type(ret / rcount)
------------------------------------------
| rollout/                 |             |
|    ep_len_mean           | 1e+03       |
|    ep_rew_mean           | -1.12e+03   |
| time/                    |             |
|    fps                   | 117         |
|    iterations            | 11          |
|    time_elapsed          | 192         |
|    total_timesteps       | 22528       |
| train/                   |             |
|    approx_kl             | 0.004783052 |
|    clip_fraction         | 0.0246      |
|    clip_range            | 0.2         |
|    cost_returns          | 5.07        |
|    cost_value_loss       | nan         |
|    cost_values           | 0.161       |
|    entropy               | -2.83       |
|    entropy_loss          | -2.83       |
|    explained_variance    | -0.0158     |
|    lagrangian_multiplier | 0           |
|    learning_rate         | 0.0003      |
|    loss                  | 238         |
|    n_updates             | 100         |
|    policy_gradient_loss  | -0.00412    |
|    std                   | 0.998       |
|    value_loss            | 479         |
------------------------------------------
/nas/ucb/mason/ethically-compliant-rl/.venv/lib/python3.9/site-packages/numpy/core/fromnumeric.py:3464: RuntimeWarning: Mean of empty slice.
  return _methods._mean(a, axis=axis, dtype=dtype,
/nas/ucb/mason/ethically-compliant-rl/.venv/lib/python3.9/site-packages/numpy/core/_methods.py:192: RuntimeWarning: invalid value encountered in scalar divide
  ret = ret.dtype.type(ret / rcount)
------------------------------------------
| rollout/                 |             |
|    ep_len_mean           | 1e+03       |
|    ep_rew_mean           | -1.3e+03    |
| time/                    |             |
|    fps                   | 106         |
|    iterations            | 10          |
|    time_elapsed          | 192         |
|    total_timesteps       | 20480       |
| train/                   |             |
|    approx_kl             | 0.006761539 |
|    clip_fraction         | 0.0444      |
|    clip_range            | 0.2         |
|    cost_returns          | 9.47        |
|    cost_value_loss       | nan         |
|    cost_values           | -0.201      |
|    entropy               | -2.88       |
|    entropy_loss          | -2.88       |
|    explained_variance    | 0.00891     |
|    lagrangian_multiplier | 0           |
|    learning_rate         | 0.0003      |
|    loss                  | 271         |
|    n_updates             | 90          |
|    policy_gradient_loss  | -0.00638    |
|    std                   | 1.02        |
|    value_loss            | 538         |
------------------------------------------
-------------------------------------------
| rollout/                 |              |
|    ep_len_mean           | 1e+03        |
|    ep_rew_mean           | -1.37e+03    |
| time/                    |              |
|    fps                   | 106          |
|    iterations            | 10           |
|    time_elapsed          | 192          |
|    total_timesteps       | 20480        |
| train/                   |              |
|    approx_kl             | 0.0043116976 |
|    clip_fraction         | 0.016        |
|    clip_range            | 0.2          |
|    cost_returns          | 11.3         |
|    cost_value_loss       | nan          |
|    cost_values           | 0.0778       |
|    entropy               | -2.85        |
|    entropy_loss          | -2.86        |
|    explained_variance    | -0.000723    |
|    lagrangian_multiplier | 0            |
|    learning_rate         | 0.0003       |
|    loss                  | 215          |
|    n_updates             | 90           |
|    policy_gradient_loss  | -0.00361     |
|    std                   | 1.01         |
|    value_loss            | 451          |
-------------------------------------------
/nas/ucb/mason/ethically-compliant-rl/.venv/lib/python3.9/site-packages/numpy/core/fromnumeric.py:3464: RuntimeWarning: Mean of empty slice.
  return _methods._mean(a, axis=axis, dtype=dtype,
/nas/ucb/mason/ethically-compliant-rl/.venv/lib/python3.9/site-packages/numpy/core/_methods.py:192: RuntimeWarning: invalid value encountered in scalar divide
  ret = ret.dtype.type(ret / rcount)
/nas/ucb/mason/ethically-compliant-rl/.venv/lib/python3.9/site-packages/numpy/core/fromnumeric.py:3464: RuntimeWarning: Mean of empty slice.
  return _methods._mean(a, axis=axis, dtype=dtype,
/nas/ucb/mason/ethically-compliant-rl/.venv/lib/python3.9/site-packages/numpy/core/_methods.py:192: RuntimeWarning: invalid value encountered in scalar divide
  ret = ret.dtype.type(ret / rcount)
------------------------------------------
| rollout/                 |             |
|    ep_len_mean           | 1e+03       |
|    ep_rew_mean           | -1.12e+03   |
| time/                    |             |
|    fps                   | 117         |
|    iterations            | 12          |
|    time_elapsed          | 209         |
|    total_timesteps       | 24576       |
| train/                   |             |
|    approx_kl             | 0.005019188 |
|    clip_fraction         | 0.052       |
|    clip_range            | 0.2         |
|    cost_returns          | 3.79        |
|    cost_value_loss       | nan         |
|    cost_values           | -0.169      |
|    entropy               | -2.83       |
|    entropy_loss          | -2.83       |
|    explained_variance    | -0.0321     |
|    lagrangian_multiplier | 0           |
|    learning_rate         | 0.0003      |
|    loss                  | 244         |
|    n_updates             | 110         |
|    policy_gradient_loss  | -0.00484    |
|    std                   | 0.996       |
|    value_loss            | 481         |
------------------------------------------
/nas/ucb/mason/ethically-compliant-rl/.venv/lib/python3.9/site-packages/numpy/core/fromnumeric.py:3464: RuntimeWarning: Mean of empty slice.
  return _methods._mean(a, axis=axis, dtype=dtype,
/nas/ucb/mason/ethically-compliant-rl/.venv/lib/python3.9/site-packages/numpy/core/_methods.py:192: RuntimeWarning: invalid value encountered in scalar divide
  ret = ret.dtype.type(ret / rcount)
------------------------------------------
| rollout/                 |             |
|    ep_len_mean           | 1e+03       |
|    ep_rew_mean           | -1.32e+03   |
| time/                    |             |
|    fps                   | 107         |
|    iterations            | 11          |
|    time_elapsed          | 210         |
|    total_timesteps       | 22528       |
| train/                   |             |
|    approx_kl             | 0.004544764 |
|    clip_fraction         | 0.0196      |
|    clip_range            | 0.2         |
|    cost_returns          | 13.5        |
|    cost_value_loss       | nan         |
|    cost_values           | 0.237       |
|    entropy               | -2.85       |
|    entropy_loss          | -2.84       |
|    explained_variance    | -0.00559    |
|    lagrangian_multiplier | 0           |
|    learning_rate         | 0.0003      |
|    loss                  | 323         |
|    n_updates             | 100         |
|    policy_gradient_loss  | -0.00257    |
|    std                   | 1           |
|    value_loss            | 646         |
------------------------------------------
/nas/ucb/mason/ethically-compliant-rl/.venv/lib/python3.9/site-packages/numpy/core/fromnumeric.py:3464: RuntimeWarning: Mean of empty slice.
  return _methods._mean(a, axis=axis, dtype=dtype,
/nas/ucb/mason/ethically-compliant-rl/.venv/lib/python3.9/site-packages/numpy/core/_methods.py:192: RuntimeWarning: invalid value encountered in scalar divide
  ret = ret.dtype.type(ret / rcount)
------------------------------------------
| rollout/                 |             |
|    ep_len_mean           | 1e+03       |
|    ep_rew_mean           | -1.35e+03   |
| time/                    |             |
|    fps                   | 106         |
|    iterations            | 11          |
|    time_elapsed          | 211         |
|    total_timesteps       | 22528       |
| train/                   |             |
|    approx_kl             | 0.004321268 |
|    clip_fraction         | 0.0277      |
|    clip_range            | 0.2         |
|    cost_returns          | 11.9        |
|    cost_value_loss       | nan         |
|    cost_values           | 0.204       |
|    entropy               | -2.85       |
|    entropy_loss          | -2.85       |
|    explained_variance    | 0.00781     |
|    lagrangian_multiplier | 0           |
|    learning_rate         | 0.0003      |
|    loss                  | 490         |
|    n_updates             | 100         |
|    policy_gradient_loss  | -0.00395    |
|    std                   | 1.01        |
|    value_loss            | 1.02e+03    |
------------------------------------------
/nas/ucb/mason/ethically-compliant-rl/.venv/lib/python3.9/site-packages/numpy/core/fromnumeric.py:3464: RuntimeWarning: Mean of empty slice.
  return _methods._mean(a, axis=axis, dtype=dtype,
/nas/ucb/mason/ethically-compliant-rl/.venv/lib/python3.9/site-packages/numpy/core/_methods.py:192: RuntimeWarning: invalid value encountered in scalar divide
  ret = ret.dtype.type(ret / rcount)
-------------------------------------------
| rollout/                 |              |
|    ep_len_mean           | 1e+03        |
|    ep_rew_mean           | -1.3e+03     |
| time/                    |              |
|    fps                   | 106          |
|    iterations            | 11           |
|    time_elapsed          | 212          |
|    total_timesteps       | 22528        |
| train/                   |              |
|    approx_kl             | 0.0040831054 |
|    clip_fraction         | 0.0169       |
|    clip_range            | 0.2          |
|    cost_returns          | 8.2          |
|    cost_value_loss       | nan          |
|    cost_values           | 0.0312       |
|    entropy               | -2.88        |
|    entropy_loss          | -2.88        |
|    explained_variance    | 0.0508       |
|    lagrangian_multiplier | 0            |
|    learning_rate         | 0.0003       |
|    loss                  | 259          |
|    n_updates             | 100          |
|    policy_gradient_loss  | -0.00273     |
|    std                   | 1.02         |
|    value_loss            | 522          |
-------------------------------------------
/nas/ucb/mason/ethically-compliant-rl/.venv/lib/python3.9/site-packages/numpy/core/fromnumeric.py:3464: RuntimeWarning: Mean of empty slice.
  return _methods._mean(a, axis=axis, dtype=dtype,
/nas/ucb/mason/ethically-compliant-rl/.venv/lib/python3.9/site-packages/numpy/core/_methods.py:192: RuntimeWarning: invalid value encountered in scalar divide
  ret = ret.dtype.type(ret / rcount)
slurmstepd: error: *** STEP 115173.3 ON gail.ist.berkeley.edu CANCELLED AT 2023-12-29T19:30:02 ***
slurmstepd: error: *** STEP 115173.2 ON dqn.ist.berkeley.edu CANCELLED AT 2023-12-29T19:30:02 ***
slurmstepd: error: *** STEP 115173.1 ON ddpg.ist.berkeley.edu CANCELLED AT 2023-12-29T19:30:02 ***
slurmstepd: error: *** STEP 115173.0 ON airl.ist.berkeley.edu CANCELLED AT 2023-12-30T03:30:02 ***
slurmstepd: error: *** JOB 115173 ON airl.ist.berkeley.edu CANCELLED AT 2023-12-30T03:30:02 ***
