Traceback (most recent call last):
  File "/nas/ucb/mason/ethically-compliant-rl/PPOL_New/train_ppol_high_limit.py", line 14, in <module>
    from utils import load_environment, set_seed
ImportError: cannot import name 'set_seed' from 'utils' (/nas/ucb/mason/ethically-compliant-rl/PPOL_New/utils.py)
Traceback (most recent call last):
  File "/nas/ucb/mason/ethically-compliant-rl/PPOL_New/train_ppol_high_limit.py", line 14, in <module>
    from utils import load_environment, set_seed
ImportError: cannot import name 'set_seed' from 'utils' (/nas/ucb/mason/ethically-compliant-rl/PPOL_New/utils.py)
Traceback (most recent call last):
  File "/nas/ucb/mason/ethically-compliant-rl/PPOL_New/train_ppol_high_limit.py", line 14, in <module>
    from utils import load_environment, set_seed
ImportError: cannot import name 'set_seed' from 'utils' (/nas/ucb/mason/ethically-compliant-rl/PPOL_New/utils.py)
srun: error: airl.ist.berkeley.edu: task 0: Exited with exit code 1
srun: error: ddpg.ist.berkeley.edu: task 0: Exited with exit code 1
srun: error: dqn.ist.berkeley.edu: task 0: Exited with exit code 1
srun: Job 116031 step creation temporarily disabled, retrying (Requested nodes are busy)
srun: Step created for StepId=116031.3
srun: Job 116031 step creation temporarily disabled, retrying (Requested nodes are busy)
srun: Step created for StepId=116031.4
srun: Job 116031 step creation temporarily disabled, retrying (Requested nodes are busy)
srun: Step created for StepId=116031.5
Traceback (most recent call last):
  File "/nas/ucb/mason/ethically-compliant-rl/PPOL_New/train_ppol_high_limit.py", line 14, in <module>
    from utils import load_environment, set_seed
ImportError: cannot import name 'set_seed' from 'utils' (/nas/ucb/mason/ethically-compliant-rl/PPOL_New/utils.py)
srun: error: airl.ist.berkeley.edu: task 0: Exited with exit code 1
Traceback (most recent call last):
  File "/nas/ucb/mason/ethically-compliant-rl/PPOL_New/train_ppol_high_limit.py", line 14, in <module>
    from utils import load_environment, set_seed
ImportError: cannot import name 'set_seed' from 'utils' (/nas/ucb/mason/ethically-compliant-rl/PPOL_New/utils.py)
srun: error: ddpg.ist.berkeley.edu: task 0: Exited with exit code 1
Traceback (most recent call last):
  File "/nas/ucb/mason/ethically-compliant-rl/PPOL_New/train_ppol_high_limit.py", line 14, in <module>
    from utils import load_environment, set_seed
ImportError: cannot import name 'set_seed' from 'utils' (/nas/ucb/mason/ethically-compliant-rl/PPOL_New/utils.py)
srun: error: dqn.ist.berkeley.edu: task 0: Exited with exit code 1
srun: Job 116031 step creation temporarily disabled, retrying (Requested nodes are busy)
srun: Step created for StepId=116031.6
Traceback (most recent call last):
  File "/nas/ucb/mason/ethically-compliant-rl/PPOL_New/train_ppol_high_limit.py", line 14, in <module>
    from utils import load_environment, set_seed
ImportError: cannot import name 'set_seed' from 'utils' (/nas/ucb/mason/ethically-compliant-rl/PPOL_New/utils.py)
srun: error: airl.ist.berkeley.edu: task 0: Exited with exit code 1
srun: Job 116031 step creation temporarily disabled, retrying (Requested nodes are busy)
srun: Step created for StepId=116031.7
Traceback (most recent call last):
  File "/nas/ucb/mason/ethically-compliant-rl/PPOL_New/train_ppol_high_limit.py", line 14, in <module>
    from utils import load_environment, set_seed
ImportError: cannot import name 'set_seed' from 'utils' (/nas/ucb/mason/ethically-compliant-rl/PPOL_New/utils.py)
srun: error: airl.ist.berkeley.edu: task 0: Exited with exit code 1
