wandb: Currently logged in as: mason-nakamura1 (ecrl). Use `wandb login --relogin` to force relogin
wandb: Currently logged in as: mason-nakamura1 (ecrl). Use `wandb login --relogin` to force relogin
wandb: Currently logged in as: mason-nakamura1 (ecrl). Use `wandb login --relogin` to force relogin
wandb: wandb version 0.16.2 is available!  To upgrade, please run:
wandb:  $ pip install wandb --upgrade
wandb: Tracking run with wandb version 0.14.2
wandb: Run data is saved locally in /nas/ucb/mason/ethically-compliant-rl/wandb/run-20240111_192725-pry5300w
wandb: Run `wandb offline` to turn off syncing.
wandb: Syncing run eager-bee-36
wandb: ⭐️ View project at https://wandb.ai/ecrl/PPO%2BPPOL
wandb: 🚀 View run at https://wandb.ai/ecrl/PPO%2BPPOL/runs/pry5300w
wandb: wandb version 0.16.2 is available!  To upgrade, please run:
wandb:  $ pip install wandb --upgrade
wandb: Tracking run with wandb version 0.14.2
wandb: Run data is saved locally in /nas/ucb/mason/ethically-compliant-rl/wandb/run-20240111_112725-om0jvy6j
wandb: Run `wandb offline` to turn off syncing.
wandb: Syncing run polar-hill-37
wandb: ⭐️ View project at https://wandb.ai/ecrl/PPO%2BPPOL
wandb: 🚀 View run at https://wandb.ai/ecrl/PPO%2BPPOL/runs/om0jvy6j
wandb: wandb version 0.16.2 is available!  To upgrade, please run:
wandb:  $ pip install wandb --upgrade
wandb: Tracking run with wandb version 0.14.2
wandb: Run data is saved locally in /nas/ucb/mason/ethically-compliant-rl/wandb/run-20240111_112725-gs5afxdj
wandb: Run `wandb offline` to turn off syncing.
wandb: Syncing run amber-firefly-38
wandb: ⭐️ View project at https://wandb.ai/ecrl/PPO%2BPPOL
wandb: 🚀 View run at https://wandb.ai/ecrl/PPO%2BPPOL/runs/gs5afxdj
Using cpu device
------------------------------------
| cost               | 0           |
| is_success         | 0           |
| reward             | -0.23268087 |
| rollout/           |             |
|    ep_len_mean     | 1e+03       |
|    ep_rew_mean     | -1.41e+03   |
| time/              |             |
|    fps             | 114         |
|    iterations      | 1           |
|    time_elapsed    | 17          |
|    total_timesteps | 2048        |
------------------------------------
Using cpu device
------------------------------------
| cost               | 0           |
| is_success         | 0           |
| reward             | -0.23268087 |
| rollout/           |             |
|    ep_len_mean     | 1e+03       |
|    ep_rew_mean     | -1.41e+03   |
| time/              |             |
|    fps             | 115         |
|    iterations      | 1           |
|    time_elapsed    | 17          |
|    total_timesteps | 2048        |
------------------------------------
/nas/ucb/mason/ethically-compliant-rl/.venv/lib/python3.9/site-packages/numpy/core/fromnumeric.py:3464: RuntimeWarning: Mean of empty slice.
  return _methods._mean(a, axis=axis, dtype=dtype,
/nas/ucb/mason/ethically-compliant-rl/.venv/lib/python3.9/site-packages/numpy/core/_methods.py:192: RuntimeWarning: invalid value encountered in scalar divide
  ret = ret.dtype.type(ret / rcount)
/nas/ucb/mason/ethically-compliant-rl/.venv/lib/python3.9/site-packages/numpy/core/fromnumeric.py:3464: RuntimeWarning: Mean of empty slice.
  return _methods._mean(a, axis=axis, dtype=dtype,
/nas/ucb/mason/ethically-compliant-rl/.venv/lib/python3.9/site-packages/numpy/core/_methods.py:192: RuntimeWarning: invalid value encountered in scalar divide
  ret = ret.dtype.type(ret / rcount)
Using cpu device
------------------------------------
| cost               | 0           |
| is_success         | 0           |
| reward             | -0.23268087 |
| rollout/           |             |
|    ep_len_mean     | 1e+03       |
|    ep_rew_mean     | -1.41e+03   |
| time/              |             |
|    fps             | 112         |
|    iterations      | 1           |
|    time_elapsed    | 18          |
|    total_timesteps | 2048        |
------------------------------------
/nas/ucb/mason/ethically-compliant-rl/.venv/lib/python3.9/site-packages/numpy/core/fromnumeric.py:3464: RuntimeWarning: Mean of empty slice.
  return _methods._mean(a, axis=axis, dtype=dtype,
/nas/ucb/mason/ethically-compliant-rl/.venv/lib/python3.9/site-packages/numpy/core/_methods.py:192: RuntimeWarning: invalid value encountered in scalar divide
  ret = ret.dtype.type(ret / rcount)
-------------------------------------------
| cost                     | 0            |
| is_success               | 0            |
| reward                   | -0.7901572   |
| rollout/                 |              |
|    ep_len_mean           | 1e+03        |
|    ep_rew_mean           | -1.25e+03    |
| time/                    |              |
|    fps                   | 112          |
|    iterations            | 2            |
|    time_elapsed          | 36           |
|    total_timesteps       | 4096         |
| train/                   |              |
|    approx_kl             | 0.0045244587 |
|    clip_fraction         | 0.0347       |
|    clip_range            | 0.2          |
|    cost_returns          | 9            |
|    cost_value_loss       | nan          |
|    cost_values           | nan          |
|    entropy               | -2.85        |
|    entropy_loss          | -2.84        |
|    explained_variance    | 0.0376       |
|    lagrangian_multiplier | 0            |
|    learning_rate         | 0.0003       |
|    loss                  | 323          |
|    n_updates             | 10           |
|    policy_gradient_loss  | -0.00625     |
|    std                   | 1.01         |
|    value_loss            | 647          |
-------------------------------------------
-------------------------------------------
| cost                     | 0            |
| is_success               | 0            |
| reward                   | -0.7901572   |
| rollout/                 |              |
|    ep_len_mean           | 1e+03        |
|    ep_rew_mean           | -1.25e+03    |
| time/                    |              |
|    fps                   | 112          |
|    iterations            | 2            |
|    time_elapsed          | 36           |
|    total_timesteps       | 4096         |
| train/                   |              |
|    approx_kl             | 0.0045244587 |
|    clip_fraction         | 0.0347       |
|    clip_range            | 0.2          |
|    cost_returns          | 9            |
|    cost_value_loss       | nan          |
|    cost_values           | nan          |
|    entropy               | -2.85        |
|    entropy_loss          | -2.84        |
|    explained_variance    | 0.0376       |
|    lagrangian_multiplier | 0            |
|    learning_rate         | 0.0003       |
|    loss                  | 323          |
|    n_updates             | 10           |
|    policy_gradient_loss  | -0.00625     |
|    std                   | 1.01         |
|    value_loss            | 647          |
-------------------------------------------
/nas/ucb/mason/ethically-compliant-rl/.venv/lib/python3.9/site-packages/numpy/core/fromnumeric.py:3464: RuntimeWarning: Mean of empty slice.
  return _methods._mean(a, axis=axis, dtype=dtype,
/nas/ucb/mason/ethically-compliant-rl/.venv/lib/python3.9/site-packages/numpy/core/_methods.py:192: RuntimeWarning: invalid value encountered in scalar divide
  ret = ret.dtype.type(ret / rcount)
/nas/ucb/mason/ethically-compliant-rl/.venv/lib/python3.9/site-packages/numpy/core/fromnumeric.py:3464: RuntimeWarning: Mean of empty slice.
  return _methods._mean(a, axis=axis, dtype=dtype,
/nas/ucb/mason/ethically-compliant-rl/.venv/lib/python3.9/site-packages/numpy/core/_methods.py:192: RuntimeWarning: invalid value encountered in scalar divide
  ret = ret.dtype.type(ret / rcount)
-------------------------------------------
| cost                     | 0            |
| is_success               | 0            |
| reward                   | -0.7901572   |
| rollout/                 |              |
|    ep_len_mean           | 1e+03        |
|    ep_rew_mean           | -1.25e+03    |
| time/                    |              |
|    fps                   | 110          |
|    iterations            | 2            |
|    time_elapsed          | 37           |
|    total_timesteps       | 4096         |
| train/                   |              |
|    approx_kl             | 0.0045244587 |
|    clip_fraction         | 0.0347       |
|    clip_range            | 0.2          |
|    cost_returns          | 9            |
|    cost_value_loss       | nan          |
|    cost_values           | nan          |
|    entropy               | -2.85        |
|    entropy_loss          | -2.84        |
|    explained_variance    | 0.0376       |
|    lagrangian_multiplier | 0            |
|    learning_rate         | 0.0003       |
|    loss                  | 323          |
|    n_updates             | 10           |
|    policy_gradient_loss  | -0.00625     |
|    std                   | 1.01         |
|    value_loss            | 647          |
-------------------------------------------
/nas/ucb/mason/ethically-compliant-rl/.venv/lib/python3.9/site-packages/numpy/core/fromnumeric.py:3464: RuntimeWarning: Mean of empty slice.
  return _methods._mean(a, axis=axis, dtype=dtype,
/nas/ucb/mason/ethically-compliant-rl/.venv/lib/python3.9/site-packages/numpy/core/_methods.py:192: RuntimeWarning: invalid value encountered in scalar divide
  ret = ret.dtype.type(ret / rcount)
-------------------------------------------
| cost                     | 0            |
| is_success               | 0            |
| reward                   | -0.4686716   |
| rollout/                 |              |
|    ep_len_mean           | 1e+03        |
|    ep_rew_mean           | -1.26e+03    |
| time/                    |              |
|    fps                   | 111          |
|    iterations            | 3            |
|    time_elapsed          | 54           |
|    total_timesteps       | 6144         |
| train/                   |              |
|    approx_kl             | 0.0039361236 |
|    clip_fraction         | 0.0202       |
|    clip_range            | 0.2          |
|    cost_returns          | 10.5         |
|    cost_value_loss       | nan          |
|    cost_values           | nan          |
|    entropy               | -2.86        |
|    entropy_loss          | -2.85        |
|    explained_variance    | 0.0453       |
|    lagrangian_multiplier | 0            |
|    learning_rate         | 0.0003       |
|    loss                  | 182          |
|    n_updates             | 20           |
|    policy_gradient_loss  | -0.00285     |
|    std                   | 1.01         |
|    value_loss            | 375          |
-------------------------------------------
-------------------------------------------
| cost                     | 0            |
| is_success               | 0            |
| reward                   | -0.4686716   |
| rollout/                 |              |
|    ep_len_mean           | 1e+03        |
|    ep_rew_mean           | -1.26e+03    |
| time/                    |              |
|    fps                   | 111          |
|    iterations            | 3            |
|    time_elapsed          | 55           |
|    total_timesteps       | 6144         |
| train/                   |              |
|    approx_kl             | 0.0039361236 |
|    clip_fraction         | 0.0202       |
|    clip_range            | 0.2          |
|    cost_returns          | 10.5         |
|    cost_value_loss       | nan          |
|    cost_values           | nan          |
|    entropy               | -2.86        |
|    entropy_loss          | -2.85        |
|    explained_variance    | 0.0453       |
|    lagrangian_multiplier | 0            |
|    learning_rate         | 0.0003       |
|    loss                  | 182          |
|    n_updates             | 20           |
|    policy_gradient_loss  | -0.00285     |
|    std                   | 1.01         |
|    value_loss            | 375          |
-------------------------------------------
/nas/ucb/mason/ethically-compliant-rl/.venv/lib/python3.9/site-packages/numpy/core/fromnumeric.py:3464: RuntimeWarning: Mean of empty slice.
  return _methods._mean(a, axis=axis, dtype=dtype,
/nas/ucb/mason/ethically-compliant-rl/.venv/lib/python3.9/site-packages/numpy/core/_methods.py:192: RuntimeWarning: invalid value encountered in scalar divide
  ret = ret.dtype.type(ret / rcount)
/nas/ucb/mason/ethically-compliant-rl/.venv/lib/python3.9/site-packages/numpy/core/fromnumeric.py:3464: RuntimeWarning: Mean of empty slice.
  return _methods._mean(a, axis=axis, dtype=dtype,
/nas/ucb/mason/ethically-compliant-rl/.venv/lib/python3.9/site-packages/numpy/core/_methods.py:192: RuntimeWarning: invalid value encountered in scalar divide
  ret = ret.dtype.type(ret / rcount)
-------------------------------------------
| cost                     | 0            |
| is_success               | 0            |
| reward                   | -0.4686716   |
| rollout/                 |              |
|    ep_len_mean           | 1e+03        |
|    ep_rew_mean           | -1.26e+03    |
| time/                    |              |
|    fps                   | 109          |
|    iterations            | 3            |
|    time_elapsed          | 56           |
|    total_timesteps       | 6144         |
| train/                   |              |
|    approx_kl             | 0.0039361236 |
|    clip_fraction         | 0.0202       |
|    clip_range            | 0.2          |
|    cost_returns          | 10.5         |
|    cost_value_loss       | nan          |
|    cost_values           | nan          |
|    entropy               | -2.86        |
|    entropy_loss          | -2.85        |
|    explained_variance    | 0.0453       |
|    lagrangian_multiplier | 0            |
|    learning_rate         | 0.0003       |
|    loss                  | 182          |
|    n_updates             | 20           |
|    policy_gradient_loss  | -0.00285     |
|    std                   | 1.01         |
|    value_loss            | 375          |
-------------------------------------------
/nas/ucb/mason/ethically-compliant-rl/.venv/lib/python3.9/site-packages/numpy/core/fromnumeric.py:3464: RuntimeWarning: Mean of empty slice.
  return _methods._mean(a, axis=axis, dtype=dtype,
/nas/ucb/mason/ethically-compliant-rl/.venv/lib/python3.9/site-packages/numpy/core/_methods.py:192: RuntimeWarning: invalid value encountered in scalar divide
  ret = ret.dtype.type(ret / rcount)
-------------------------------------------
| cost                     | 1            |
| is_success               | 0            |
| reward                   | -1.0920142   |
| rollout/                 |              |
|    ep_len_mean           | 1e+03        |
|    ep_rew_mean           | -1.21e+03    |
| time/                    |              |
|    fps                   | 111          |
|    iterations            | 4            |
|    time_elapsed          | 73           |
|    total_timesteps       | 8192         |
| train/                   |              |
|    approx_kl             | 0.0055970736 |
|    clip_fraction         | 0.0447       |
|    clip_range            | 0.2          |
|    cost_returns          | 11.6         |
|    cost_value_loss       | nan          |
|    cost_values           | nan          |
|    entropy               | -2.85        |
|    entropy_loss          | -2.85        |
|    explained_variance    | -0.113       |
|    lagrangian_multiplier | 0            |
|    learning_rate         | 0.0003       |
|    loss                  | 242          |
|    n_updates             | 30           |
|    policy_gradient_loss  | -0.00518     |
|    std                   | 1.01         |
|    value_loss            | 499          |
-------------------------------------------
-------------------------------------------
| cost                     | 1            |
| is_success               | 0            |
| reward                   | -1.0920142   |
| rollout/                 |              |
|    ep_len_mean           | 1e+03        |
|    ep_rew_mean           | -1.21e+03    |
| time/                    |              |
|    fps                   | 110          |
|    iterations            | 4            |
|    time_elapsed          | 73           |
|    total_timesteps       | 8192         |
| train/                   |              |
|    approx_kl             | 0.0055970736 |
|    clip_fraction         | 0.0447       |
|    clip_range            | 0.2          |
|    cost_returns          | 11.6         |
|    cost_value_loss       | nan          |
|    cost_values           | nan          |
|    entropy               | -2.85        |
|    entropy_loss          | -2.85        |
|    explained_variance    | -0.113       |
|    lagrangian_multiplier | 0            |
|    learning_rate         | 0.0003       |
|    loss                  | 242          |
|    n_updates             | 30           |
|    policy_gradient_loss  | -0.00518     |
|    std                   | 1.01         |
|    value_loss            | 499          |
-------------------------------------------
/nas/ucb/mason/ethically-compliant-rl/.venv/lib/python3.9/site-packages/numpy/core/fromnumeric.py:3464: RuntimeWarning: Mean of empty slice.
  return _methods._mean(a, axis=axis, dtype=dtype,
/nas/ucb/mason/ethically-compliant-rl/.venv/lib/python3.9/site-packages/numpy/core/_methods.py:192: RuntimeWarning: invalid value encountered in scalar divide
  ret = ret.dtype.type(ret / rcount)
/nas/ucb/mason/ethically-compliant-rl/.venv/lib/python3.9/site-packages/numpy/core/fromnumeric.py:3464: RuntimeWarning: Mean of empty slice.
  return _methods._mean(a, axis=axis, dtype=dtype,
/nas/ucb/mason/ethically-compliant-rl/.venv/lib/python3.9/site-packages/numpy/core/_methods.py:192: RuntimeWarning: invalid value encountered in scalar divide
  ret = ret.dtype.type(ret / rcount)
-------------------------------------------
| cost                     | 1            |
| is_success               | 0            |
| reward                   | -1.0920142   |
| rollout/                 |              |
|    ep_len_mean           | 1e+03        |
|    ep_rew_mean           | -1.21e+03    |
| time/                    |              |
|    fps                   | 109          |
|    iterations            | 4            |
|    time_elapsed          | 74           |
|    total_timesteps       | 8192         |
| train/                   |              |
|    approx_kl             | 0.0055970736 |
|    clip_fraction         | 0.0447       |
|    clip_range            | 0.2          |
|    cost_returns          | 11.6         |
|    cost_value_loss       | nan          |
|    cost_values           | nan          |
|    entropy               | -2.85        |
|    entropy_loss          | -2.85        |
|    explained_variance    | -0.113       |
|    lagrangian_multiplier | 0            |
|    learning_rate         | 0.0003       |
|    loss                  | 242          |
|    n_updates             | 30           |
|    policy_gradient_loss  | -0.00518     |
|    std                   | 1.01         |
|    value_loss            | 499          |
-------------------------------------------
/nas/ucb/mason/ethically-compliant-rl/.venv/lib/python3.9/site-packages/numpy/core/fromnumeric.py:3464: RuntimeWarning: Mean of empty slice.
  return _methods._mean(a, axis=axis, dtype=dtype,
/nas/ucb/mason/ethically-compliant-rl/.venv/lib/python3.9/site-packages/numpy/core/_methods.py:192: RuntimeWarning: invalid value encountered in scalar divide
  ret = ret.dtype.type(ret / rcount)
-------------------------------------------
| cost                     | 0            |
| is_success               | 0            |
| reward                   | -0.26664996  |
| rollout/                 |              |
|    ep_len_mean           | 1e+03        |
|    ep_rew_mean           | -1.21e+03    |
| time/                    |              |
|    fps                   | 111          |
|    iterations            | 5            |
|    time_elapsed          | 91           |
|    total_timesteps       | 10240        |
| train/                   |              |
|    approx_kl             | 0.0050949063 |
|    clip_fraction         | 0.0395       |
|    clip_range            | 0.2          |
|    cost_returns          | 9.3          |
|    cost_value_loss       | nan          |
|    cost_values           | nan          |
|    entropy               | -2.85        |
|    entropy_loss          | -2.85        |
|    explained_variance    | 0.103        |
|    lagrangian_multiplier | 0            |
|    learning_rate         | 0.0003       |
|    loss                  | 176          |
|    n_updates             | 40           |
|    policy_gradient_loss  | -0.00567     |
|    std                   | 1.01         |
|    value_loss            | 341          |
-------------------------------------------
/nas/ucb/mason/ethically-compliant-rl/.venv/lib/python3.9/site-packages/numpy/core/fromnumeric.py:3464: RuntimeWarning: Mean of empty slice.
  return _methods._mean(a, axis=axis, dtype=dtype,
/nas/ucb/mason/ethically-compliant-rl/.venv/lib/python3.9/site-packages/numpy/core/_methods.py:192: RuntimeWarning: invalid value encountered in scalar divide
  ret = ret.dtype.type(ret / rcount)
-------------------------------------------
| cost                     | 0            |
| is_success               | 0            |
| reward                   | -0.26664996  |
| rollout/                 |              |
|    ep_len_mean           | 1e+03        |
|    ep_rew_mean           | -1.21e+03    |
| time/                    |              |
|    fps                   | 110          |
|    iterations            | 5            |
|    time_elapsed          | 92           |
|    total_timesteps       | 10240        |
| train/                   |              |
|    approx_kl             | 0.0050949063 |
|    clip_fraction         | 0.0395       |
|    clip_range            | 0.2          |
|    cost_returns          | 9.3          |
|    cost_value_loss       | nan          |
|    cost_values           | nan          |
|    entropy               | -2.85        |
|    entropy_loss          | -2.85        |
|    explained_variance    | 0.103        |
|    lagrangian_multiplier | 0            |
|    learning_rate         | 0.0003       |
|    loss                  | 176          |
|    n_updates             | 40           |
|    policy_gradient_loss  | -0.00567     |
|    std                   | 1.01         |
|    value_loss            | 341          |
-------------------------------------------
/nas/ucb/mason/ethically-compliant-rl/.venv/lib/python3.9/site-packages/numpy/core/fromnumeric.py:3464: RuntimeWarning: Mean of empty slice.
  return _methods._mean(a, axis=axis, dtype=dtype,
/nas/ucb/mason/ethically-compliant-rl/.venv/lib/python3.9/site-packages/numpy/core/_methods.py:192: RuntimeWarning: invalid value encountered in scalar divide
  ret = ret.dtype.type(ret / rcount)
-------------------------------------------
| cost                     | 0            |
| is_success               | 0            |
| reward                   | -0.26664996  |
| rollout/                 |              |
|    ep_len_mean           | 1e+03        |
|    ep_rew_mean           | -1.21e+03    |
| time/                    |              |
|    fps                   | 109          |
|    iterations            | 5            |
|    time_elapsed          | 93           |
|    total_timesteps       | 10240        |
| train/                   |              |
|    approx_kl             | 0.0050949063 |
|    clip_fraction         | 0.0395       |
|    clip_range            | 0.2          |
|    cost_returns          | 9.3          |
|    cost_value_loss       | nan          |
|    cost_values           | nan          |
|    entropy               | -2.85        |
|    entropy_loss          | -2.85        |
|    explained_variance    | 0.103        |
|    lagrangian_multiplier | 0            |
|    learning_rate         | 0.0003       |
|    loss                  | 176          |
|    n_updates             | 40           |
|    policy_gradient_loss  | -0.00567     |
|    std                   | 1.01         |
|    value_loss            | 341          |
-------------------------------------------
/nas/ucb/mason/ethically-compliant-rl/.venv/lib/python3.9/site-packages/numpy/core/fromnumeric.py:3464: RuntimeWarning: Mean of empty slice.
  return _methods._mean(a, axis=axis, dtype=dtype,
/nas/ucb/mason/ethically-compliant-rl/.venv/lib/python3.9/site-packages/numpy/core/_methods.py:192: RuntimeWarning: invalid value encountered in scalar divide
  ret = ret.dtype.type(ret / rcount)
------------------------------------------
| cost                     | 0           |
| is_success               | 0           |
| reward                   | -0.88520074 |
| rollout/                 |             |
|    ep_len_mean           | 1e+03       |
|    ep_rew_mean           | -1.26e+03   |
| time/                    |             |
|    fps                   | 111         |
|    iterations            | 6           |
|    time_elapsed          | 110         |
|    total_timesteps       | 12288       |
| train/                   |             |
|    approx_kl             | 0.004928048 |
|    clip_fraction         | 0.028       |
|    clip_range            | 0.2         |
|    cost_returns          | 6.44        |
|    cost_value_loss       | nan         |
|    cost_values           | nan         |
|    entropy               | -2.84       |
|    entropy_loss          | -2.85       |
|    explained_variance    | -0.0744     |
|    lagrangian_multiplier | 0           |
|    learning_rate         | 0.0003      |
|    loss                  | 211         |
|    n_updates             | 50          |
|    policy_gradient_loss  | -0.00481    |
|    std                   | 1           |
|    value_loss            | 436         |
------------------------------------------
/nas/ucb/mason/ethically-compliant-rl/.venv/lib/python3.9/site-packages/numpy/core/fromnumeric.py:3464: RuntimeWarning: Mean of empty slice.
  return _methods._mean(a, axis=axis, dtype=dtype,
/nas/ucb/mason/ethically-compliant-rl/.venv/lib/python3.9/site-packages/numpy/core/_methods.py:192: RuntimeWarning: invalid value encountered in scalar divide
  ret = ret.dtype.type(ret / rcount)
------------------------------------------
| cost                     | 0           |
| is_success               | 0           |
| reward                   | -0.88520074 |
| rollout/                 |             |
|    ep_len_mean           | 1e+03       |
|    ep_rew_mean           | -1.26e+03   |
| time/                    |             |
|    fps                   | 110         |
|    iterations            | 6           |
|    time_elapsed          | 110         |
|    total_timesteps       | 12288       |
| train/                   |             |
|    approx_kl             | 0.004928048 |
|    clip_fraction         | 0.028       |
|    clip_range            | 0.2         |
|    cost_returns          | 6.44        |
|    cost_value_loss       | nan         |
|    cost_values           | nan         |
|    entropy               | -2.84       |
|    entropy_loss          | -2.85       |
|    explained_variance    | -0.0744     |
|    lagrangian_multiplier | 0           |
|    learning_rate         | 0.0003      |
|    loss                  | 211         |
|    n_updates             | 50          |
|    policy_gradient_loss  | -0.00481    |
|    std                   | 1           |
|    value_loss            | 436         |
------------------------------------------
/nas/ucb/mason/ethically-compliant-rl/.venv/lib/python3.9/site-packages/numpy/core/fromnumeric.py:3464: RuntimeWarning: Mean of empty slice.
  return _methods._mean(a, axis=axis, dtype=dtype,
/nas/ucb/mason/ethically-compliant-rl/.venv/lib/python3.9/site-packages/numpy/core/_methods.py:192: RuntimeWarning: invalid value encountered in scalar divide
  ret = ret.dtype.type(ret / rcount)
------------------------------------------
| cost                     | 0           |
| is_success               | 0           |
| reward                   | -0.88520074 |
| rollout/                 |             |
|    ep_len_mean           | 1e+03       |
|    ep_rew_mean           | -1.26e+03   |
| time/                    |             |
|    fps                   | 109         |
|    iterations            | 6           |
|    time_elapsed          | 112         |
|    total_timesteps       | 12288       |
| train/                   |             |
|    approx_kl             | 0.004928048 |
|    clip_fraction         | 0.028       |
|    clip_range            | 0.2         |
|    cost_returns          | 6.44        |
|    cost_value_loss       | nan         |
|    cost_values           | nan         |
|    entropy               | -2.84       |
|    entropy_loss          | -2.85       |
|    explained_variance    | -0.0744     |
|    lagrangian_multiplier | 0           |
|    learning_rate         | 0.0003      |
|    loss                  | 211         |
|    n_updates             | 50          |
|    policy_gradient_loss  | -0.00481    |
|    std                   | 1           |
|    value_loss            | 436         |
------------------------------------------
/nas/ucb/mason/ethically-compliant-rl/.venv/lib/python3.9/site-packages/numpy/core/fromnumeric.py:3464: RuntimeWarning: Mean of empty slice.
  return _methods._mean(a, axis=axis, dtype=dtype,
/nas/ucb/mason/ethically-compliant-rl/.venv/lib/python3.9/site-packages/numpy/core/_methods.py:192: RuntimeWarning: invalid value encountered in scalar divide
  ret = ret.dtype.type(ret / rcount)
-------------------------------------------
| cost                     | 0            |
| is_success               | 0            |
| reward                   | -1.8190392   |
| rollout/                 |              |
|    ep_len_mean           | 1e+03        |
|    ep_rew_mean           | -1.28e+03    |
| time/                    |              |
|    fps                   | 111          |
|    iterations            | 7            |
|    time_elapsed          | 129          |
|    total_timesteps       | 14336        |
| train/                   |              |
|    approx_kl             | 0.0031784833 |
|    clip_fraction         | 0.0155       |
|    clip_range            | 0.2          |
|    cost_returns          | 10.2         |
|    cost_value_loss       | nan          |
|    cost_values           | nan          |
|    entropy               | -2.83        |
|    entropy_loss          | -2.83        |
|    explained_variance    | -0.0433      |
|    lagrangian_multiplier | 0            |
|    learning_rate         | 0.0003       |
|    loss                  | 411          |
|    n_updates             | 60           |
|    policy_gradient_loss  | -0.00377     |
|    std                   | 0.997        |
|    value_loss            | 842          |
-------------------------------------------
/nas/ucb/mason/ethically-compliant-rl/.venv/lib/python3.9/site-packages/numpy/core/fromnumeric.py:3464: RuntimeWarning: Mean of empty slice.
  return _methods._mean(a, axis=axis, dtype=dtype,
/nas/ucb/mason/ethically-compliant-rl/.venv/lib/python3.9/site-packages/numpy/core/_methods.py:192: RuntimeWarning: invalid value encountered in scalar divide
  ret = ret.dtype.type(ret / rcount)
-------------------------------------------
| cost                     | 0            |
| is_success               | 0            |
| reward                   | -1.8190392   |
| rollout/                 |              |
|    ep_len_mean           | 1e+03        |
|    ep_rew_mean           | -1.28e+03    |
| time/                    |              |
|    fps                   | 110          |
|    iterations            | 7            |
|    time_elapsed          | 129          |
|    total_timesteps       | 14336        |
| train/                   |              |
|    approx_kl             | 0.0031784833 |
|    clip_fraction         | 0.0155       |
|    clip_range            | 0.2          |
|    cost_returns          | 10.2         |
|    cost_value_loss       | nan          |
|    cost_values           | nan          |
|    entropy               | -2.83        |
|    entropy_loss          | -2.83        |
|    explained_variance    | -0.0433      |
|    lagrangian_multiplier | 0            |
|    learning_rate         | 0.0003       |
|    loss                  | 411          |
|    n_updates             | 60           |
|    policy_gradient_loss  | -0.00377     |
|    std                   | 0.997        |
|    value_loss            | 842          |
-------------------------------------------
/nas/ucb/mason/ethically-compliant-rl/.venv/lib/python3.9/site-packages/numpy/core/fromnumeric.py:3464: RuntimeWarning: Mean of empty slice.
  return _methods._mean(a, axis=axis, dtype=dtype,
/nas/ucb/mason/ethically-compliant-rl/.venv/lib/python3.9/site-packages/numpy/core/_methods.py:192: RuntimeWarning: invalid value encountered in scalar divide
  ret = ret.dtype.type(ret / rcount)
-------------------------------------------
| cost                     | 0            |
| is_success               | 0            |
| reward                   | -1.8190392   |
| rollout/                 |              |
|    ep_len_mean           | 1e+03        |
|    ep_rew_mean           | -1.28e+03    |
| time/                    |              |
|    fps                   | 109          |
|    iterations            | 7            |
|    time_elapsed          | 131          |
|    total_timesteps       | 14336        |
| train/                   |              |
|    approx_kl             | 0.0031784833 |
|    clip_fraction         | 0.0155       |
|    clip_range            | 0.2          |
|    cost_returns          | 10.2         |
|    cost_value_loss       | nan          |
|    cost_values           | nan          |
|    entropy               | -2.83        |
|    entropy_loss          | -2.83        |
|    explained_variance    | -0.0433      |
|    lagrangian_multiplier | 0            |
|    learning_rate         | 0.0003       |
|    loss                  | 411          |
|    n_updates             | 60           |
|    policy_gradient_loss  | -0.00377     |
|    std                   | 0.997        |
|    value_loss            | 842          |
-------------------------------------------
/nas/ucb/mason/ethically-compliant-rl/.venv/lib/python3.9/site-packages/numpy/core/fromnumeric.py:3464: RuntimeWarning: Mean of empty slice.
  return _methods._mean(a, axis=axis, dtype=dtype,
/nas/ucb/mason/ethically-compliant-rl/.venv/lib/python3.9/site-packages/numpy/core/_methods.py:192: RuntimeWarning: invalid value encountered in scalar divide
  ret = ret.dtype.type(ret / rcount)
------------------------------------------
| cost                     | 0           |
| is_success               | 0           |
| reward                   | -0.7403563  |
| rollout/                 |             |
|    ep_len_mean           | 1e+03       |
|    ep_rew_mean           | -1.32e+03   |
| time/                    |             |
|    fps                   | 110         |
|    iterations            | 8           |
|    time_elapsed          | 147         |
|    total_timesteps       | 16384       |
| train/                   |             |
|    approx_kl             | 0.005393245 |
|    clip_fraction         | 0.0437      |
|    clip_range            | 0.2         |
|    cost_returns          | 10.5        |
|    cost_value_loss       | nan         |
|    cost_values           | nan         |
|    entropy               | -2.83       |
|    entropy_loss          | -2.83       |
|    explained_variance    | -0.058      |
|    lagrangian_multiplier | 0           |
|    learning_rate         | 0.0003      |
|    loss                  | 310         |
|    n_updates             | 70          |
|    policy_gradient_loss  | -0.0067     |
|    std                   | 0.997       |
|    value_loss            | 628         |
------------------------------------------
/nas/ucb/mason/ethically-compliant-rl/.venv/lib/python3.9/site-packages/numpy/core/fromnumeric.py:3464: RuntimeWarning: Mean of empty slice.
  return _methods._mean(a, axis=axis, dtype=dtype,
/nas/ucb/mason/ethically-compliant-rl/.venv/lib/python3.9/site-packages/numpy/core/_methods.py:192: RuntimeWarning: invalid value encountered in scalar divide
  ret = ret.dtype.type(ret / rcount)
------------------------------------------
| cost                     | 0           |
| is_success               | 0           |
| reward                   | -0.7403563  |
| rollout/                 |             |
|    ep_len_mean           | 1e+03       |
|    ep_rew_mean           | -1.32e+03   |
| time/                    |             |
|    fps                   | 110         |
|    iterations            | 8           |
|    time_elapsed          | 148         |
|    total_timesteps       | 16384       |
| train/                   |             |
|    approx_kl             | 0.005393245 |
|    clip_fraction         | 0.0437      |
|    clip_range            | 0.2         |
|    cost_returns          | 10.5        |
|    cost_value_loss       | nan         |
|    cost_values           | nan         |
|    entropy               | -2.83       |
|    entropy_loss          | -2.83       |
|    explained_variance    | -0.058      |
|    lagrangian_multiplier | 0           |
|    learning_rate         | 0.0003      |
|    loss                  | 310         |
|    n_updates             | 70          |
|    policy_gradient_loss  | -0.0067     |
|    std                   | 0.997       |
|    value_loss            | 628         |
------------------------------------------
/nas/ucb/mason/ethically-compliant-rl/.venv/lib/python3.9/site-packages/numpy/core/fromnumeric.py:3464: RuntimeWarning: Mean of empty slice.
  return _methods._mean(a, axis=axis, dtype=dtype,
/nas/ucb/mason/ethically-compliant-rl/.venv/lib/python3.9/site-packages/numpy/core/_methods.py:192: RuntimeWarning: invalid value encountered in scalar divide
  ret = ret.dtype.type(ret / rcount)
------------------------------------------
| cost                     | 0           |
| is_success               | 0           |
| reward                   | -0.7403563  |
| rollout/                 |             |
|    ep_len_mean           | 1e+03       |
|    ep_rew_mean           | -1.32e+03   |
| time/                    |             |
|    fps                   | 109         |
|    iterations            | 8           |
|    time_elapsed          | 150         |
|    total_timesteps       | 16384       |
| train/                   |             |
|    approx_kl             | 0.005393245 |
|    clip_fraction         | 0.0437      |
|    clip_range            | 0.2         |
|    cost_returns          | 10.5        |
|    cost_value_loss       | nan         |
|    cost_values           | nan         |
|    entropy               | -2.83       |
|    entropy_loss          | -2.83       |
|    explained_variance    | -0.058      |
|    lagrangian_multiplier | 0           |
|    learning_rate         | 0.0003      |
|    loss                  | 310         |
|    n_updates             | 70          |
|    policy_gradient_loss  | -0.0067     |
|    std                   | 0.997       |
|    value_loss            | 628         |
------------------------------------------
/nas/ucb/mason/ethically-compliant-rl/.venv/lib/python3.9/site-packages/numpy/core/fromnumeric.py:3464: RuntimeWarning: Mean of empty slice.
  return _methods._mean(a, axis=axis, dtype=dtype,
/nas/ucb/mason/ethically-compliant-rl/.venv/lib/python3.9/site-packages/numpy/core/_methods.py:192: RuntimeWarning: invalid value encountered in scalar divide
  ret = ret.dtype.type(ret / rcount)
-------------------------------------------
| cost                     | 1            |
| is_success               | 0            |
| reward                   | -2.1926327   |
| rollout/                 |              |
|    ep_len_mean           | 1e+03        |
|    ep_rew_mean           | -1.29e+03    |
| time/                    |              |
|    fps                   | 110          |
|    iterations            | 9            |
|    time_elapsed          | 166          |
|    total_timesteps       | 18432        |
| train/                   |              |
|    approx_kl             | 0.0052923076 |
|    clip_fraction         | 0.0334       |
|    clip_range            | 0.2          |
|    cost_returns          | 3.38         |
|    cost_value_loss       | nan          |
|    cost_values           | nan          |
|    entropy               | -2.83        |
|    entropy_loss          | -2.83        |
|    explained_variance    | -0.0895      |
|    lagrangian_multiplier | 0            |
|    learning_rate         | 0.0003       |
|    loss                  | 390          |
|    n_updates             | 80           |
|    policy_gradient_loss  | -0.00419     |
|    std                   | 0.997        |
|    value_loss            | 774          |
-------------------------------------------
/nas/ucb/mason/ethically-compliant-rl/.venv/lib/python3.9/site-packages/numpy/core/fromnumeric.py:3464: RuntimeWarning: Mean of empty slice.
  return _methods._mean(a, axis=axis, dtype=dtype,
/nas/ucb/mason/ethically-compliant-rl/.venv/lib/python3.9/site-packages/numpy/core/_methods.py:192: RuntimeWarning: invalid value encountered in scalar divide
  ret = ret.dtype.type(ret / rcount)
-------------------------------------------
| cost                     | 1            |
| is_success               | 0            |
| reward                   | -2.1926327   |
| rollout/                 |              |
|    ep_len_mean           | 1e+03        |
|    ep_rew_mean           | -1.29e+03    |
| time/                    |              |
|    fps                   | 110          |
|    iterations            | 9            |
|    time_elapsed          | 167          |
|    total_timesteps       | 18432        |
| train/                   |              |
|    approx_kl             | 0.0052923076 |
|    clip_fraction         | 0.0334       |
|    clip_range            | 0.2          |
|    cost_returns          | 3.38         |
|    cost_value_loss       | nan          |
|    cost_values           | nan          |
|    entropy               | -2.83        |
|    entropy_loss          | -2.83        |
|    explained_variance    | -0.0895      |
|    lagrangian_multiplier | 0            |
|    learning_rate         | 0.0003       |
|    loss                  | 390          |
|    n_updates             | 80           |
|    policy_gradient_loss  | -0.00419     |
|    std                   | 0.997        |
|    value_loss            | 774          |
-------------------------------------------
/nas/ucb/mason/ethically-compliant-rl/.venv/lib/python3.9/site-packages/numpy/core/fromnumeric.py:3464: RuntimeWarning: Mean of empty slice.
  return _methods._mean(a, axis=axis, dtype=dtype,
/nas/ucb/mason/ethically-compliant-rl/.venv/lib/python3.9/site-packages/numpy/core/_methods.py:192: RuntimeWarning: invalid value encountered in scalar divide
  ret = ret.dtype.type(ret / rcount)
-------------------------------------------
| cost                     | 1            |
| is_success               | 0            |
| reward                   | -2.1926327   |
| rollout/                 |              |
|    ep_len_mean           | 1e+03        |
|    ep_rew_mean           | -1.29e+03    |
| time/                    |              |
|    fps                   | 109          |
|    iterations            | 9            |
|    time_elapsed          | 169          |
|    total_timesteps       | 18432        |
| train/                   |              |
|    approx_kl             | 0.0052923076 |
|    clip_fraction         | 0.0334       |
|    clip_range            | 0.2          |
|    cost_returns          | 3.38         |
|    cost_value_loss       | nan          |
|    cost_values           | nan          |
|    entropy               | -2.83        |
|    entropy_loss          | -2.83        |
|    explained_variance    | -0.0895      |
|    lagrangian_multiplier | 0            |
|    learning_rate         | 0.0003       |
|    loss                  | 390          |
|    n_updates             | 80           |
|    policy_gradient_loss  | -0.00419     |
|    std                   | 0.997        |
|    value_loss            | 774          |
-------------------------------------------
/nas/ucb/mason/ethically-compliant-rl/.venv/lib/python3.9/site-packages/numpy/core/fromnumeric.py:3464: RuntimeWarning: Mean of empty slice.
  return _methods._mean(a, axis=axis, dtype=dtype,
/nas/ucb/mason/ethically-compliant-rl/.venv/lib/python3.9/site-packages/numpy/core/_methods.py:192: RuntimeWarning: invalid value encountered in scalar divide
  ret = ret.dtype.type(ret / rcount)
-----------------------------------------
| cost                     | 0          |
| is_success               | 0          |
| reward                   | -1.1040856 |
| rollout/                 |            |
|    ep_len_mean           | 1e+03      |
|    ep_rew_mean           | -1.34e+03  |
| time/                    |            |
|    fps                   | 110        |
|    iterations            | 10         |
|    time_elapsed          | 185        |
|    total_timesteps       | 20480      |
| train/                   |            |
|    approx_kl             | 0.00538959 |
|    clip_fraction         | 0.0351     |
|    clip_range            | 0.2        |
|    cost_returns          | 6.67       |
|    cost_value_loss       | nan        |
|    cost_values           | nan        |
|    entropy               | -2.83      |
|    entropy_loss          | -2.83      |
|    explained_variance    | -0.0511    |
|    lagrangian_multiplier | 0          |
|    learning_rate         | 0.0003     |
|    loss                  | 217        |
|    n_updates             | 90         |
|    policy_gradient_loss  | -0.00536   |
|    std                   | 0.995      |
|    value_loss            | 452        |
-----------------------------------------
/nas/ucb/mason/ethically-compliant-rl/.venv/lib/python3.9/site-packages/numpy/core/fromnumeric.py:3464: RuntimeWarning: Mean of empty slice.
  return _methods._mean(a, axis=axis, dtype=dtype,
/nas/ucb/mason/ethically-compliant-rl/.venv/lib/python3.9/site-packages/numpy/core/_methods.py:192: RuntimeWarning: invalid value encountered in scalar divide
  ret = ret.dtype.type(ret / rcount)
-----------------------------------------
| cost                     | 0          |
| is_success               | 0          |
| reward                   | -1.1040856 |
| rollout/                 |            |
|    ep_len_mean           | 1e+03      |
|    ep_rew_mean           | -1.34e+03  |
| time/                    |            |
|    fps                   | 110        |
|    iterations            | 10         |
|    time_elapsed          | 185        |
|    total_timesteps       | 20480      |
| train/                   |            |
|    approx_kl             | 0.00538959 |
|    clip_fraction         | 0.0351     |
|    clip_range            | 0.2        |
|    cost_returns          | 6.67       |
|    cost_value_loss       | nan        |
|    cost_values           | nan        |
|    entropy               | -2.83      |
|    entropy_loss          | -2.83      |
|    explained_variance    | -0.0511    |
|    lagrangian_multiplier | 0          |
|    learning_rate         | 0.0003     |
|    loss                  | 217        |
|    n_updates             | 90         |
|    policy_gradient_loss  | -0.00536   |
|    std                   | 0.995      |
|    value_loss            | 452        |
-----------------------------------------
/nas/ucb/mason/ethically-compliant-rl/.venv/lib/python3.9/site-packages/numpy/core/fromnumeric.py:3464: RuntimeWarning: Mean of empty slice.
  return _methods._mean(a, axis=axis, dtype=dtype,
/nas/ucb/mason/ethically-compliant-rl/.venv/lib/python3.9/site-packages/numpy/core/_methods.py:192: RuntimeWarning: invalid value encountered in scalar divide
  ret = ret.dtype.type(ret / rcount)
-----------------------------------------
| cost                     | 0          |
| is_success               | 0          |
| reward                   | -1.1040856 |
| rollout/                 |            |
|    ep_len_mean           | 1e+03      |
|    ep_rew_mean           | -1.34e+03  |
| time/                    |            |
|    fps                   | 108        |
|    iterations            | 10         |
|    time_elapsed          | 188        |
|    total_timesteps       | 20480      |
| train/                   |            |
|    approx_kl             | 0.00538959 |
|    clip_fraction         | 0.0351     |
|    clip_range            | 0.2        |
|    cost_returns          | 6.67       |
|    cost_value_loss       | nan        |
|    cost_values           | nan        |
|    entropy               | -2.83      |
|    entropy_loss          | -2.83      |
|    explained_variance    | -0.0511    |
|    lagrangian_multiplier | 0          |
|    learning_rate         | 0.0003     |
|    loss                  | 217        |
|    n_updates             | 90         |
|    policy_gradient_loss  | -0.00536   |
|    std                   | 0.995      |
|    value_loss            | 452        |
-----------------------------------------
/nas/ucb/mason/ethically-compliant-rl/.venv/lib/python3.9/site-packages/numpy/core/fromnumeric.py:3464: RuntimeWarning: Mean of empty slice.
  return _methods._mean(a, axis=axis, dtype=dtype,
/nas/ucb/mason/ethically-compliant-rl/.venv/lib/python3.9/site-packages/numpy/core/_methods.py:192: RuntimeWarning: invalid value encountered in scalar divide
  ret = ret.dtype.type(ret / rcount)
------------------------------------------
| cost                     | 0           |
| is_success               | 0           |
| reward                   | -0.7895142  |
| rollout/                 |             |
|    ep_len_mean           | 1e+03       |
|    ep_rew_mean           | -1.34e+03   |
| time/                    |             |
|    fps                   | 110         |
|    iterations            | 11          |
|    time_elapsed          | 203         |
|    total_timesteps       | 22528       |
| train/                   |             |
|    approx_kl             | 0.007633808 |
|    clip_fraction         | 0.0593      |
|    clip_range            | 0.2         |
|    cost_returns          | 8.54        |
|    cost_value_loss       | nan         |
|    cost_values           | nan         |
|    entropy               | -2.84       |
|    entropy_loss          | -2.83       |
|    explained_variance    | -0.0422     |
|    lagrangian_multiplier | 0           |
|    learning_rate         | 0.0003      |
|    loss                  | 491         |
|    n_updates             | 100         |
|    policy_gradient_loss  | -0.00698    |
|    std                   | 0.999       |
|    value_loss            | 907         |
------------------------------------------
/nas/ucb/mason/ethically-compliant-rl/.venv/lib/python3.9/site-packages/numpy/core/fromnumeric.py:3464: RuntimeWarning: Mean of empty slice.
  return _methods._mean(a, axis=axis, dtype=dtype,
/nas/ucb/mason/ethically-compliant-rl/.venv/lib/python3.9/site-packages/numpy/core/_methods.py:192: RuntimeWarning: invalid value encountered in scalar divide
  ret = ret.dtype.type(ret / rcount)
------------------------------------------
| cost                     | 0           |
| is_success               | 0           |
| reward                   | -0.7895142  |
| rollout/                 |             |
|    ep_len_mean           | 1e+03       |
|    ep_rew_mean           | -1.34e+03   |
| time/                    |             |
|    fps                   | 110         |
|    iterations            | 11          |
|    time_elapsed          | 204         |
|    total_timesteps       | 22528       |
| train/                   |             |
|    approx_kl             | 0.007633808 |
|    clip_fraction         | 0.0593      |
|    clip_range            | 0.2         |
|    cost_returns          | 8.54        |
|    cost_value_loss       | nan         |
|    cost_values           | nan         |
|    entropy               | -2.84       |
|    entropy_loss          | -2.83       |
|    explained_variance    | -0.0422     |
|    lagrangian_multiplier | 0           |
|    learning_rate         | 0.0003      |
|    loss                  | 491         |
|    n_updates             | 100         |
|    policy_gradient_loss  | -0.00698    |
|    std                   | 0.999       |
|    value_loss            | 907         |
------------------------------------------
/nas/ucb/mason/ethically-compliant-rl/.venv/lib/python3.9/site-packages/numpy/core/fromnumeric.py:3464: RuntimeWarning: Mean of empty slice.
  return _methods._mean(a, axis=axis, dtype=dtype,
/nas/ucb/mason/ethically-compliant-rl/.venv/lib/python3.9/site-packages/numpy/core/_methods.py:192: RuntimeWarning: invalid value encountered in scalar divide
  ret = ret.dtype.type(ret / rcount)
------------------------------------------
| cost                     | 0           |
| is_success               | 0           |
| reward                   | -0.7895142  |
| rollout/                 |             |
|    ep_len_mean           | 1e+03       |
|    ep_rew_mean           | -1.34e+03   |
| time/                    |             |
|    fps                   | 108         |
|    iterations            | 11          |
|    time_elapsed          | 206         |
|    total_timesteps       | 22528       |
| train/                   |             |
|    approx_kl             | 0.007633808 |
|    clip_fraction         | 0.0593      |
|    clip_range            | 0.2         |
|    cost_returns          | 8.54        |
|    cost_value_loss       | nan         |
|    cost_values           | nan         |
|    entropy               | -2.84       |
|    entropy_loss          | -2.83       |
|    explained_variance    | -0.0422     |
|    lagrangian_multiplier | 0           |
|    learning_rate         | 0.0003      |
|    loss                  | 491         |
|    n_updates             | 100         |
|    policy_gradient_loss  | -0.00698    |
|    std                   | 0.999       |
|    value_loss            | 907         |
------------------------------------------
/nas/ucb/mason/ethically-compliant-rl/.venv/lib/python3.9/site-packages/numpy/core/fromnumeric.py:3464: RuntimeWarning: Mean of empty slice.
  return _methods._mean(a, axis=axis, dtype=dtype,
/nas/ucb/mason/ethically-compliant-rl/.venv/lib/python3.9/site-packages/numpy/core/_methods.py:192: RuntimeWarning: invalid value encountered in scalar divide
  ret = ret.dtype.type(ret / rcount)
------------------------------------------
| cost                     | 0           |
| is_success               | 0           |
| reward                   | -1.1880437  |
| rollout/                 |             |
|    ep_len_mean           | 1e+03       |
|    ep_rew_mean           | -1.28e+03   |
| time/                    |             |
|    fps                   | 110         |
|    iterations            | 12          |
|    time_elapsed          | 222         |
|    total_timesteps       | 24576       |
| train/                   |             |
|    approx_kl             | 0.006144549 |
|    clip_fraction         | 0.0547      |
|    clip_range            | 0.2         |
|    cost_returns          | 3.9         |
|    cost_value_loss       | nan         |
|    cost_values           | nan         |
|    entropy               | -2.83       |
|    entropy_loss          | -2.84       |
|    explained_variance    | -0.0751     |
|    lagrangian_multiplier | 0           |
|    learning_rate         | 0.0003      |
|    loss                  | 281         |
|    n_updates             | 110         |
|    policy_gradient_loss  | -0.00551    |
|    std                   | 0.999       |
|    value_loss            | 577         |
------------------------------------------
/nas/ucb/mason/ethically-compliant-rl/.venv/lib/python3.9/site-packages/numpy/core/fromnumeric.py:3464: RuntimeWarning: Mean of empty slice.
  return _methods._mean(a, axis=axis, dtype=dtype,
/nas/ucb/mason/ethically-compliant-rl/.venv/lib/python3.9/site-packages/numpy/core/_methods.py:192: RuntimeWarning: invalid value encountered in scalar divide
  ret = ret.dtype.type(ret / rcount)
------------------------------------------
| cost                     | 0           |
| is_success               | 0           |
| reward                   | -1.1880437  |
| rollout/                 |             |
|    ep_len_mean           | 1e+03       |
|    ep_rew_mean           | -1.28e+03   |
| time/                    |             |
|    fps                   | 109         |
|    iterations            | 12          |
|    time_elapsed          | 223         |
|    total_timesteps       | 24576       |
| train/                   |             |
|    approx_kl             | 0.006144549 |
|    clip_fraction         | 0.0547      |
|    clip_range            | 0.2         |
|    cost_returns          | 3.9         |
|    cost_value_loss       | nan         |
|    cost_values           | nan         |
|    entropy               | -2.83       |
|    entropy_loss          | -2.84       |
|    explained_variance    | -0.0751     |
|    lagrangian_multiplier | 0           |
|    learning_rate         | 0.0003      |
|    loss                  | 281         |
|    n_updates             | 110         |
|    policy_gradient_loss  | -0.00551    |
|    std                   | 0.999       |
|    value_loss            | 577         |
------------------------------------------
/nas/ucb/mason/ethically-compliant-rl/.venv/lib/python3.9/site-packages/numpy/core/fromnumeric.py:3464: RuntimeWarning: Mean of empty slice.
  return _methods._mean(a, axis=axis, dtype=dtype,
/nas/ucb/mason/ethically-compliant-rl/.venv/lib/python3.9/site-packages/numpy/core/_methods.py:192: RuntimeWarning: invalid value encountered in scalar divide
  ret = ret.dtype.type(ret / rcount)
------------------------------------------
| cost                     | 0           |
| is_success               | 0           |
| reward                   | -1.1880437  |
| rollout/                 |             |
|    ep_len_mean           | 1e+03       |
|    ep_rew_mean           | -1.28e+03   |
| time/                    |             |
|    fps                   | 108         |
|    iterations            | 12          |
|    time_elapsed          | 225         |
|    total_timesteps       | 24576       |
| train/                   |             |
|    approx_kl             | 0.006144549 |
|    clip_fraction         | 0.0547      |
|    clip_range            | 0.2         |
|    cost_returns          | 3.9         |
|    cost_value_loss       | nan         |
|    cost_values           | nan         |
|    entropy               | -2.83       |
|    entropy_loss          | -2.84       |
|    explained_variance    | -0.0751     |
|    lagrangian_multiplier | 0           |
|    learning_rate         | 0.0003      |
|    loss                  | 281         |
|    n_updates             | 110         |
|    policy_gradient_loss  | -0.00551    |
|    std                   | 0.999       |
|    value_loss            | 577         |
------------------------------------------
/nas/ucb/mason/ethically-compliant-rl/.venv/lib/python3.9/site-packages/numpy/core/fromnumeric.py:3464: RuntimeWarning: Mean of empty slice.
  return _methods._mean(a, axis=axis, dtype=dtype,
/nas/ucb/mason/ethically-compliant-rl/.venv/lib/python3.9/site-packages/numpy/core/_methods.py:192: RuntimeWarning: invalid value encountered in scalar divide
  ret = ret.dtype.type(ret / rcount)
slurmstepd: error: *** STEP 116030.1 ON ddpg.ist.berkeley.edu CANCELLED AT 2024-01-11T11:31:17 ***
slurmstepd: error: *** STEP 116030.2 ON dqn.ist.berkeley.edu CANCELLED AT 2024-01-11T11:31:17 ***
slurmstepd: error: *** STEP 116030.0 ON airl.ist.berkeley.edu CANCELLED AT 2024-01-11T19:31:17 ***
slurmstepd: error: *** JOB 116030 ON airl.ist.berkeley.edu CANCELLED AT 2024-01-11T19:31:17 ***
