wandb: Currently logged in as: mason-nakamura1 (ecrl). Use `wandb login --relogin` to force relogin
wandb: wandb version 0.16.2 is available!  To upgrade, please run:
wandb:  $ pip install wandb --upgrade
wandb: Tracking run with wandb version 0.14.2
wandb: Run data is saved locally in /nas/ucb/mason/ethically-compliant-rl/wandb/run-20240123_095329-5nkn1vmj
wandb: Run `wandb offline` to turn off syncing.
wandb: Syncing run eager-thunder-44
wandb: ⭐️ View project at https://wandb.ai/ecrl/seed-testing
wandb: 🚀 View run at https://wandb.ai/ecrl/seed-testing/runs/5nkn1vmj
Using cpu device
------------------------------------
| avg_speed          | 0.897       |
| is_success         | 0           |
| max_speed          | 0.897       |
| reward             | -0.48690677 |
| rollout/           |             |
|    ep_len_mean     | 1e+03       |
|    ep_rew_mean     | -3.89e+03   |
| time/              |             |
|    fps             | 125         |
|    iterations      | 1           |
|    time_elapsed    | 16          |
|    total_timesteps | 2048        |
------------------------------------
----------------------------------------
| avg_speed               | 2.56       |
| is_success              | 0          |
| max_speed               | 2.56       |
| reward                  | -1.0404055 |
| rollout/                |            |
|    ep_len_mean          | 1e+03      |
|    ep_rew_mean          | -3.89e+03  |
| time/                   |            |
|    fps                  | 123        |
|    iterations           | 2          |
|    time_elapsed         | 33         |
|    total_timesteps      | 4096       |
| train/                  |            |
|    approx_kl            | 0.0        |
|    clip_fraction        | 0          |
|    clip_range           | 0.2        |
|    entropy_loss         | -2.84      |
|    explained_variance   | 0.00125    |
|    learning_rate        | 0.0003     |
|    loss                 | 2.18e+03   |
|    n_updates            | 10         |
|    policy_gradient_loss | -1.92e-09  |
|    std                  | 1          |
|    value_loss           | 4.62e+03   |
----------------------------------------
----------------------------------------
| avg_speed               | 5.04       |
| is_success              | 0          |
| max_speed               | 5.04       |
| reward                  | -1.5816702 |
| rollout/                |            |
|    ep_len_mean          | 1e+03      |
|    ep_rew_mean          | -3.84e+03  |
| time/                   |            |
|    fps                  | 122        |
|    iterations           | 3          |
|    time_elapsed         | 50         |
|    total_timesteps      | 6144       |
| train/                  |            |
|    approx_kl            | 0.0        |
|    clip_fraction        | 0          |
|    clip_range           | 0.2        |
|    entropy_loss         | -2.84      |
|    explained_variance   | 0.0516     |
|    learning_rate        | 0.0003     |
|    loss                 | 2.25e+03   |
|    n_updates            | 20         |
|    policy_gradient_loss | 1.49e-08   |
|    std                  | 1          |
|    value_loss           | 4.59e+03   |
----------------------------------------
----------------------------------------
| avg_speed               | 4.47       |
| is_success              | 0          |
| max_speed               | 4.47       |
| reward                  | -1.6150597 |
| rollout/                |            |
|    ep_len_mean          | 1e+03      |
|    ep_rew_mean          | -3.85e+03  |
| time/                   |            |
|    fps                  | 122        |
|    iterations           | 4          |
|    time_elapsed         | 67         |
|    total_timesteps      | 8192       |
| train/                  |            |
|    approx_kl            | 0.0        |
|    clip_fraction        | 0          |
|    clip_range           | 0.2        |
|    entropy_loss         | -2.84      |
|    explained_variance   | 0.077      |
|    learning_rate        | 0.0003     |
|    loss                 | 2.08e+03   |
|    n_updates            | 30         |
|    policy_gradient_loss | 3.06e-08   |
|    std                  | 1          |
|    value_loss           | 4.26e+03   |
----------------------------------------
----------------------------------------
| avg_speed               | 8          |
| is_success              | 0          |
| max_speed               | 8          |
| reward                  | -2.2563522 |
| rollout/                |            |
|    ep_len_mean          | 915        |
|    ep_rew_mean          | -3.47e+03  |
| time/                   |            |
|    fps                  | 121        |
|    iterations           | 5          |
|    time_elapsed         | 84         |
|    total_timesteps      | 10240      |
| train/                  |            |
|    approx_kl            | 0.0        |
|    clip_fraction        | 0          |
|    clip_range           | 0.2        |
|    entropy_loss         | -2.84      |
|    explained_variance   | 0.0848     |
|    learning_rate        | 0.0003     |
|    loss                 | 2.25e+03   |
|    n_updates            | 40         |
|    policy_gradient_loss | -2.44e-08  |
|    std                  | 1          |
|    value_loss           | 4.55e+03   |
----------------------------------------
----------------------------------------
| avg_speed               | 5.17       |
| is_success              | 0          |
| max_speed               | 5.17       |
| reward                  | -1.6514374 |
| rollout/                |            |
|    ep_len_mean          | 928        |
|    ep_rew_mean          | -3.54e+03  |
| time/                   |            |
|    fps                  | 121        |
|    iterations           | 6          |
|    time_elapsed         | 101        |
|    total_timesteps      | 12288      |
| train/                  |            |
|    approx_kl            | 0.0        |
|    clip_fraction        | 0          |
|    clip_range           | 0.2        |
|    entropy_loss         | -2.84      |
|    explained_variance   | 0.0848     |
|    learning_rate        | 0.0003     |
|    loss                 | 2.17e+03   |
|    n_updates            | 50         |
|    policy_gradient_loss | 6.99e-09   |
|    std                  | 1          |
|    value_loss           | 4.31e+03   |
----------------------------------------
---------------------------------------
| avg_speed               | 8         |
| is_success              | 0         |
| max_speed               | 8         |
| reward                  | -3.440216 |
| rollout/                |           |
|    ep_len_mean          | 938       |
|    ep_rew_mean          | -3.57e+03 |
| time/                   |           |
|    fps                  | 121       |
|    iterations           | 7         |
|    time_elapsed         | 117       |
|    total_timesteps      | 14336     |
| train/                  |           |
|    approx_kl            | 0.0       |
|    clip_fraction        | 0         |
|    clip_range           | 0.2       |
|    entropy_loss         | -2.84     |
|    explained_variance   | 0.0807    |
|    learning_rate        | 0.0003    |
|    loss                 | 2.29e+03  |
|    n_updates            | 60        |
|    policy_gradient_loss | -1.46e-08 |
|    std                  | 1         |
|    value_loss           | 4.61e+03  |
---------------------------------------
----------------------------------------
| avg_speed               | 8          |
| is_success              | 0          |
| max_speed               | 8          |
| reward                  | -3.9154818 |
| rollout/                |            |
|    ep_len_mean          | 945        |
|    ep_rew_mean          | -3.59e+03  |
| time/                   |            |
|    fps                  | 121        |
|    iterations           | 8          |
|    time_elapsed         | 134        |
|    total_timesteps      | 16384      |
| train/                  |            |
|    approx_kl            | 0.0        |
|    clip_fraction        | 0          |
|    clip_range           | 0.2        |
|    entropy_loss         | -2.84      |
|    explained_variance   | 0.0635     |
|    learning_rate        | 0.0003     |
|    loss                 | 2.24e+03   |
|    n_updates            | 70         |
|    policy_gradient_loss | 3.99e-08   |
|    std                  | 1          |
|    value_loss           | 4.31e+03   |
----------------------------------------
----------------------------------------
| avg_speed               | 8          |
| is_success              | 0          |
| max_speed               | 8          |
| reward                  | -3.9184875 |
| rollout/                |            |
|    ep_len_mean          | 951        |
|    ep_rew_mean          | -3.62e+03  |
| time/                   |            |
|    fps                  | 121        |
|    iterations           | 9          |
|    time_elapsed         | 152        |
|    total_timesteps      | 18432      |
| train/                  |            |
|    approx_kl            | 0.0        |
|    clip_fraction        | 0          |
|    clip_range           | 0.2        |
|    entropy_loss         | -2.84      |
|    explained_variance   | 0.0657     |
|    learning_rate        | 0.0003     |
|    loss                 | 2.21e+03   |
|    n_updates            | 80         |
|    policy_gradient_loss | -1.55e-08  |
|    std                  | 1          |
|    value_loss           | 4.44e+03   |
----------------------------------------
---------------------------------------
| avg_speed               | 8         |
| is_success              | 0         |
| max_speed               | 8         |
| reward                  | -4.393128 |
| rollout/                |           |
|    ep_len_mean          | 956       |
|    ep_rew_mean          | -3.64e+03 |
| time/                   |           |
|    fps                  | 121       |
|    iterations           | 10        |
|    time_elapsed         | 168       |
|    total_timesteps      | 20480     |
| train/                  |           |
|    approx_kl            | 0.0       |
|    clip_fraction        | 0         |
|    clip_range           | 0.2       |
|    entropy_loss         | -2.84     |
|    explained_variance   | 0.0611    |
|    learning_rate        | 0.0003    |
|    loss                 | 2.1e+03   |
|    n_updates            | 90        |
|    policy_gradient_loss | -4.8e-09  |
|    std                  | 1         |
|    value_loss           | 4.36e+03  |
---------------------------------------
----------------------------------------
| avg_speed               | 8          |
| is_success              | 0          |
| max_speed               | 8          |
| reward                  | -4.4281783 |
| rollout/                |            |
|    ep_len_mean          | 922        |
|    ep_rew_mean          | -3.5e+03   |
| time/                   |            |
|    fps                  | 121        |
|    iterations           | 11         |
|    time_elapsed         | 185        |
|    total_timesteps      | 22528      |
| train/                  |            |
|    approx_kl            | 0.0        |
|    clip_fraction        | 0          |
|    clip_range           | 0.2        |
|    entropy_loss         | -2.84      |
|    explained_variance   | 0.052      |
|    learning_rate        | 0.0003     |
|    loss                 | 2.24e+03   |
|    n_updates            | 100        |
|    policy_gradient_loss | 2.26e-09   |
|    std                  | 1          |
|    value_loss           | 4.45e+03   |
----------------------------------------
---------------------------------------
| avg_speed               | 8         |
| is_success              | 0         |
| max_speed               | 8         |
| reward                  | -4.553076 |
| rollout/                |           |
|    ep_len_mean          | 928       |
|    ep_rew_mean          | -3.52e+03 |
| time/                   |           |
|    fps                  | 121       |
|    iterations           | 12        |
|    time_elapsed         | 202       |
|    total_timesteps      | 24576     |
| train/                  |           |
|    approx_kl            | 0.0       |
|    clip_fraction        | 0         |
|    clip_range           | 0.2       |
|    entropy_loss         | -2.84     |
|    explained_variance   | 0.0605    |
|    learning_rate        | 0.0003    |
|    loss                 | 2.02e+03  |
|    n_updates            | 110       |
|    policy_gradient_loss | -2.99e-08 |
|    std                  | 1         |
|    value_loss           | 4.22e+03  |
---------------------------------------
---------------------------------------
| avg_speed               | 8         |
| is_success              | 0         |
| max_speed               | 8         |
| reward                  | -4.768664 |
| rollout/                |           |
|    ep_len_mean          | 933       |
|    ep_rew_mean          | -3.54e+03 |
| time/                   |           |
|    fps                  | 121       |
|    iterations           | 13        |
|    time_elapsed         | 219       |
|    total_timesteps      | 26624     |
| train/                  |           |
|    approx_kl            | 0.0       |
|    clip_fraction        | 0         |
|    clip_range           | 0.2       |
|    entropy_loss         | -2.84     |
|    explained_variance   | 0.0447    |
|    learning_rate        | 0.0003    |
|    loss                 | 2.19e+03  |
|    n_updates            | 120       |
|    policy_gradient_loss | 9.48e-09  |
|    std                  | 1         |
|    value_loss           | 4.48e+03  |
---------------------------------------
---------------------------------------
| avg_speed               | 8         |
| is_success              | 0         |
| max_speed               | 8         |
| reward                  | -4.81026  |
| rollout/                |           |
|    ep_len_mean          | 938       |
|    ep_rew_mean          | -3.55e+03 |
| time/                   |           |
|    fps                  | 121       |
|    iterations           | 14        |
|    time_elapsed         | 236       |
|    total_timesteps      | 28672     |
| train/                  |           |
|    approx_kl            | 0.0       |
|    clip_fraction        | 0         |
|    clip_range           | 0.2       |
|    entropy_loss         | -2.84     |
|    explained_variance   | 0.0401    |
|    learning_rate        | 0.0003    |
|    loss                 | 2.17e+03  |
|    n_updates            | 130       |
|    policy_gradient_loss | 6.2e-09   |
|    std                  | 1         |
|    value_loss           | 4.28e+03  |
---------------------------------------
----------------------------------------
| avg_speed               | 8          |
| is_success              | 0          |
| max_speed               | 8          |
| reward                  | -4.6681256 |
| rollout/                |            |
|    ep_len_mean          | 942        |
|    ep_rew_mean          | -3.57e+03  |
| time/                   |            |
|    fps                  | 121        |
|    iterations           | 15         |
|    time_elapsed         | 252        |
|    total_timesteps      | 30720      |
| train/                  |            |
|    approx_kl            | 0.0        |
|    clip_fraction        | 0          |
|    clip_range           | 0.2        |
|    entropy_loss         | -2.84      |
|    explained_variance   | 0.0492     |
|    learning_rate        | 0.0003     |
|    loss                 | 2.11e+03   |
|    n_updates            | 140        |
|    policy_gradient_loss | -2.78e-08  |
|    std                  | 1          |
|    value_loss           | 4.25e+03   |
----------------------------------------
----------------------------------------
| avg_speed               | 8          |
| is_success              | 0          |
| max_speed               | 8          |
| reward                  | -4.8458743 |
| rollout/                |            |
|    ep_len_mean          | 945        |
|    ep_rew_mean          | -3.59e+03  |
| time/                   |            |
|    fps                  | 121        |
|    iterations           | 16         |
|    time_elapsed         | 269        |
|    total_timesteps      | 32768      |
| train/                  |            |
|    approx_kl            | 0.0        |
|    clip_fraction        | 0          |
|    clip_range           | 0.2        |
|    entropy_loss         | -2.84      |
|    explained_variance   | 0.0447     |
|    learning_rate        | 0.0003     |
|    loss                 | 2.06e+03   |
|    n_updates            | 150        |
|    policy_gradient_loss | 3.47e-08   |
|    std                  | 1          |
|    value_loss           | 4.34e+03   |
----------------------------------------
---------------------------------------
| avg_speed               | 8         |
| is_success              | 0         |
| max_speed               | 8         |
| reward                  | -4.927449 |
| rollout/                |           |
|    ep_len_mean          | 948       |
|    ep_rew_mean          | -3.61e+03 |
| time/                   |           |
|    fps                  | 121       |
|    iterations           | 17        |
|    time_elapsed         | 287       |
|    total_timesteps      | 34816     |
| train/                  |           |
|    approx_kl            | 0.0       |
|    clip_fraction        | 0         |
|    clip_range           | 0.2       |
|    entropy_loss         | -2.84     |
|    explained_variance   | 0.0311    |
|    learning_rate        | 0.0003    |
|    loss                 | 2.3e+03   |
|    n_updates            | 160       |
|    policy_gradient_loss | -1.6e-08  |
|    std                  | 1         |
|    value_loss           | 4.48e+03  |
---------------------------------------
----------------------------------------
| avg_speed               | 8          |
| is_success              | 0          |
| max_speed               | 8          |
| reward                  | -4.8275285 |
| rollout/                |            |
|    ep_len_mean          | 951        |
|    ep_rew_mean          | -3.62e+03  |
| time/                   |            |
|    fps                  | 121        |
|    iterations           | 18         |
|    time_elapsed         | 304        |
|    total_timesteps      | 36864      |
| train/                  |            |
|    approx_kl            | 0.0        |
|    clip_fraction        | 0          |
|    clip_range           | 0.2        |
|    entropy_loss         | -2.84      |
|    explained_variance   | 0.0334     |
|    learning_rate        | 0.0003     |
|    loss                 | 2.21e+03   |
|    n_updates            | 170        |
|    policy_gradient_loss | -5.02e-09  |
|    std                  | 1          |
|    value_loss           | 4.44e+03   |
----------------------------------------
----------------------------------------
| avg_speed               | 8          |
| is_success              | 0          |
| max_speed               | 8          |
| reward                  | -4.9172525 |
| rollout/                |            |
|    ep_len_mean          | 954        |
|    ep_rew_mean          | -3.63e+03  |
| time/                   |            |
|    fps                  | 121        |
|    iterations           | 19         |
|    time_elapsed         | 321        |
|    total_timesteps      | 38912      |
| train/                  |            |
|    approx_kl            | 0.0        |
|    clip_fraction        | 0          |
|    clip_range           | 0.2        |
|    entropy_loss         | -2.84      |
|    explained_variance   | 0.0344     |
|    learning_rate        | 0.0003     |
|    loss                 | 2.11e+03   |
|    n_updates            | 180        |
|    policy_gradient_loss | 7.96e-09   |
|    std                  | 1          |
|    value_loss           | 4.28e+03   |
----------------------------------------
----------------------------------------
| avg_speed               | 8          |
| is_success              | 0          |
| max_speed               | 8          |
| reward                  | -5.0104356 |
| rollout/                |            |
|    ep_len_mean          | 956        |
|    ep_rew_mean          | -3.64e+03  |
| time/                   |            |
|    fps                  | 121        |
|    iterations           | 20         |
|    time_elapsed         | 337        |
|    total_timesteps      | 40960      |
| train/                  |            |
|    approx_kl            | 0.0        |
|    clip_fraction        | 0          |
|    clip_range           | 0.2        |
|    entropy_loss         | -2.84      |
|    explained_variance   | 0.0276     |
|    learning_rate        | 0.0003     |
|    loss                 | 2.08e+03   |
|    n_updates            | 190        |
|    policy_gradient_loss | 2.69e-08   |
|    std                  | 1          |
|    value_loss           | 4.32e+03   |
----------------------------------------
---------------------------------------
| avg_speed               | 8         |
| is_success              | 0         |
| max_speed               | 8         |
| reward                  | -5.058602 |
| rollout/                |           |
|    ep_len_mean          | 958       |
|    ep_rew_mean          | -3.64e+03 |
| time/                   |           |
|    fps                  | 121       |
|    iterations           | 21        |
|    time_elapsed         | 354       |
|    total_timesteps      | 43008     |
| train/                  |           |
|    approx_kl            | 0.0       |
|    clip_fraction        | 0         |
|    clip_range           | 0.2       |
|    entropy_loss         | -2.84     |
|    explained_variance   | 0.0244    |
|    learning_rate        | 0.0003    |
|    loss                 | 2.15e+03  |
|    n_updates            | 200       |
|    policy_gradient_loss | -3.43e-08 |
|    std                  | 1         |
|    value_loss           | 4.38e+03  |
---------------------------------------
---------------------------------------
| avg_speed               | 8         |
| is_success              | 0         |
| max_speed               | 8         |
| reward                  | -5.273572 |
| rollout/                |           |
|    ep_len_mean          | 960       |
|    ep_rew_mean          | -3.65e+03 |
| time/                   |           |
|    fps                  | 121       |
|    iterations           | 22        |
|    time_elapsed         | 371       |
|    total_timesteps      | 45056     |
| train/                  |           |
|    approx_kl            | 0.0       |
|    clip_fraction        | 0         |
|    clip_range           | 0.2       |
|    entropy_loss         | -2.84     |
|    explained_variance   | 0.0232    |
|    learning_rate        | 0.0003    |
|    loss                 | 2.03e+03  |
|    n_updates            | 210       |
|    policy_gradient_loss | 1.97e-08  |
|    std                  | 1         |
|    value_loss           | 4.16e+03  |
---------------------------------------
----------------------------------------
| avg_speed               | 8          |
| is_success              | 0          |
| max_speed               | 8          |
| reward                  | -5.2358603 |
| rollout/                |            |
|    ep_len_mean          | 962        |
|    ep_rew_mean          | -3.65e+03  |
| time/                   |            |
|    fps                  | 121        |
|    iterations           | 23         |
|    time_elapsed         | 388        |
|    total_timesteps      | 47104      |
| train/                  |            |
|    approx_kl            | 0.0        |
|    clip_fraction        | 0          |
|    clip_range           | 0.2        |
|    entropy_loss         | -2.84      |
|    explained_variance   | 0.0272     |
|    learning_rate        | 0.0003     |
|    loss                 | 2.05e+03   |
|    n_updates            | 220        |
|    policy_gradient_loss | -1.49e-08  |
|    std                  | 1          |
|    value_loss           | 4.15e+03   |
----------------------------------------
----------------------------------------
| avg_speed               | 8          |
| is_success              | 0          |
| max_speed               | 8          |
| reward                  | -5.3932157 |
| rollout/                |            |
|    ep_len_mean          | 963        |
|    ep_rew_mean          | -3.66e+03  |
| time/                   |            |
|    fps                  | 121        |
|    iterations           | 24         |
|    time_elapsed         | 405        |
|    total_timesteps      | 49152      |
| train/                  |            |
|    approx_kl            | 0.0        |
|    clip_fraction        | 0          |
|    clip_range           | 0.2        |
|    entropy_loss         | -2.84      |
|    explained_variance   | 0.0244     |
|    learning_rate        | 0.0003     |
|    loss                 | 2.05e+03   |
|    n_updates            | 230        |
|    policy_gradient_loss | -1.48e-08  |
|    std                  | 1          |
|    value_loss           | 4.08e+03   |
----------------------------------------
-----------------------------------------
| avg_speed               | 0.476       |
| is_success              | 0           |
| max_speed               | 0.476       |
| reward                  | -0.48226663 |
| rollout/                |             |
|    ep_len_mean          | 965         |
|    ep_rew_mean          | -3.66e+03   |
| time/                   |             |
|    fps                  | 121         |
|    iterations           | 25          |
|    time_elapsed         | 422         |
|    total_timesteps      | 51200       |
| train/                  |             |
|    approx_kl            | 0.0         |
|    clip_fraction        | 0           |
|    clip_range           | 0.2         |
|    entropy_loss         | -2.84       |
|    explained_variance   | 0.0217      |
|    learning_rate        | 0.0003      |
|    loss                 | 2.03e+03    |
|    n_updates            | 240         |
|    policy_gradient_loss | 3.47e-09    |
|    std                  | 1           |
|    value_loss           | 4.03e+03    |
-----------------------------------------
-----------------------------------------
| avg_speed               | 2.63        |
| is_success              | 0           |
| max_speed               | 2.63        |
| reward                  | -0.80882096 |
| rollout/                |             |
|    ep_len_mean          | 967         |
|    ep_rew_mean          | -3.67e+03   |
| time/                   |             |
|    fps                  | 121         |
|    iterations           | 26          |
|    time_elapsed         | 439         |
|    total_timesteps      | 53248       |
| train/                  |             |
|    approx_kl            | 0.0         |
|    clip_fraction        | 0           |
|    clip_range           | 0.2         |
|    entropy_loss         | -2.84       |
|    explained_variance   | 0.0193      |
|    learning_rate        | 0.0003      |
|    loss                 | 1.91e+03    |
|    n_updates            | 250         |
|    policy_gradient_loss | 1.9e-08     |
|    std                  | 1           |
|    value_loss           | 4.14e+03    |
-----------------------------------------
----------------------------------------
| avg_speed               | 4.34       |
| is_success              | 0          |
| max_speed               | 4.34       |
| reward                  | -1.4453216 |
| rollout/                |            |
|    ep_len_mean          | 968        |
|    ep_rew_mean          | -3.68e+03  |
| time/                   |            |
|    fps                  | 121        |
|    iterations           | 27         |
|    time_elapsed         | 456        |
|    total_timesteps      | 55296      |
| train/                  |            |
|    approx_kl            | 0.0        |
|    clip_fraction        | 0          |
|    clip_range           | 0.2        |
|    entropy_loss         | -2.84      |
|    explained_variance   | 0.0144     |
|    learning_rate        | 0.0003     |
|    loss                 | 2.05e+03   |
|    n_updates            | 260        |
|    policy_gradient_loss | -6.3e-09   |
|    std                  | 1          |
|    value_loss           | 4.15e+03   |
----------------------------------------
----------------------------------------
| avg_speed               | 6.11       |
| is_success              | 0          |
| max_speed               | 6.11       |
| reward                  | -1.7427349 |
| rollout/                |            |
|    ep_len_mean          | 969        |
|    ep_rew_mean          | -3.68e+03  |
| time/                   |            |
|    fps                  | 121        |
|    iterations           | 28         |
|    time_elapsed         | 473        |
|    total_timesteps      | 57344      |
| train/                  |            |
|    approx_kl            | 0.0        |
|    clip_fraction        | 0          |
|    clip_range           | 0.2        |
|    entropy_loss         | -2.84      |
|    explained_variance   | 0.012      |
|    learning_rate        | 0.0003     |
|    loss                 | 2.09e+03   |
|    n_updates            | 270        |
|    policy_gradient_loss | 1.25e-08   |
|    std                  | 1          |
|    value_loss           | 4.29e+03   |
----------------------------------------
----------------------------------------
| avg_speed               | 5.42       |
| is_success              | 0          |
| max_speed               | 5.42       |
| reward                  | -1.6589808 |
| rollout/                |            |
|    ep_len_mean          | 955        |
|    ep_rew_mean          | -3.63e+03  |
| time/                   |            |
|    fps                  | 120        |
|    iterations           | 29         |
|    time_elapsed         | 491        |
|    total_timesteps      | 59392      |
| train/                  |            |
|    approx_kl            | 0.0        |
|    clip_fraction        | 0          |
|    clip_range           | 0.2        |
|    entropy_loss         | -2.84      |
|    explained_variance   | 0.015      |
|    learning_rate        | 0.0003     |
|    loss                 | 2.09e+03   |
|    n_updates            | 280        |
|    policy_gradient_loss | -5.73e-09  |
|    std                  | 1          |
|    value_loss           | 4.04e+03   |
----------------------------------------
----------------------------------------
| avg_speed               | 8          |
| is_success              | 0          |
| max_speed               | 8          |
| reward                  | -2.8677053 |
| rollout/                |            |
|    ep_len_mean          | 957        |
|    ep_rew_mean          | -3.63e+03  |
| time/                   |            |
|    fps                  | 120        |
|    iterations           | 30         |
|    time_elapsed         | 508        |
|    total_timesteps      | 61440      |
| train/                  |            |
|    approx_kl            | 0.0        |
|    clip_fraction        | 0          |
|    clip_range           | 0.2        |
|    entropy_loss         | -2.84      |
|    explained_variance   | 0.0143     |
|    learning_rate        | 0.0003     |
|    loss                 | 1.9e+03    |
|    n_updates            | 290        |
|    policy_gradient_loss | -1e-08     |
|    std                  | 1          |
|    value_loss           | 3.92e+03   |
----------------------------------------
----------------------------------------
| avg_speed               | 8          |
| is_success              | 0          |
| max_speed               | 8          |
| reward                  | -2.3643968 |
| rollout/                |            |
|    ep_len_mean          | 958        |
|    ep_rew_mean          | -3.64e+03  |
| time/                   |            |
|    fps                  | 120        |
|    iterations           | 31         |
|    time_elapsed         | 525        |
|    total_timesteps      | 63488      |
| train/                  |            |
|    approx_kl            | 0.0        |
|    clip_fraction        | 0          |
|    clip_range           | 0.2        |
|    entropy_loss         | -2.84      |
|    explained_variance   | 0.0106     |
|    learning_rate        | 0.0003     |
|    loss                 | 2.02e+03   |
|    n_updates            | 300        |
|    policy_gradient_loss | 1.51e-08   |
|    std                  | 1          |
|    value_loss           | 4.03e+03   |
----------------------------------------
----------------------------------------
| avg_speed               | 8          |
| is_success              | 0          |
| max_speed               | 8          |
| reward                  | -3.9094179 |
| rollout/                |            |
|    ep_len_mean          | 959        |
|    ep_rew_mean          | -3.64e+03  |
| time/                   |            |
|    fps                  | 120        |
|    iterations           | 32         |
|    time_elapsed         | 541        |
|    total_timesteps      | 65536      |
| train/                  |            |
|    approx_kl            | 0.0        |
|    clip_fraction        | 0          |
|    clip_range           | 0.2        |
|    entropy_loss         | -2.84      |
|    explained_variance   | 0.0139     |
|    learning_rate        | 0.0003     |
|    loss                 | 1.99e+03   |
|    n_updates            | 310        |
|    policy_gradient_loss | 7.45e-10   |
|    std                  | 1          |
|    value_loss           | 3.98e+03   |
----------------------------------------
----------------------------------------
| avg_speed               | 8          |
| is_success              | 0          |
| max_speed               | 8          |
| reward                  | -4.3562703 |
| rollout/                |            |
|    ep_len_mean          | 960        |
|    ep_rew_mean          | -3.64e+03  |
| time/                   |            |
|    fps                  | 120        |
|    iterations           | 33         |
|    time_elapsed         | 558        |
|    total_timesteps      | 67584      |
| train/                  |            |
|    approx_kl            | 0.0        |
|    clip_fraction        | 0          |
|    clip_range           | 0.2        |
|    entropy_loss         | -2.84      |
|    explained_variance   | 0.00987    |
|    learning_rate        | 0.0003     |
|    loss                 | 1.98e+03   |
|    n_updates            | 320        |
|    policy_gradient_loss | -2.09e-08  |
|    std                  | 1          |
|    value_loss           | 4.04e+03   |
----------------------------------------
----------------------------------------
| avg_speed               | 8          |
| is_success              | 0          |
| max_speed               | 8          |
| reward                  | -4.4656672 |
| rollout/                |            |
|    ep_len_mean          | 962        |
|    ep_rew_mean          | -3.65e+03  |
| time/                   |            |
|    fps                  | 120        |
|    iterations           | 34         |
|    time_elapsed         | 575        |
|    total_timesteps      | 69632      |
| train/                  |            |
|    approx_kl            | 0.0        |
|    clip_fraction        | 0          |
|    clip_range           | 0.2        |
|    entropy_loss         | -2.84      |
|    explained_variance   | 0.011      |
|    learning_rate        | 0.0003     |
|    loss                 | 2.06e+03   |
|    n_updates            | 330        |
|    policy_gradient_loss | -1.03e-08  |
|    std                  | 1          |
|    value_loss           | 4.15e+03   |
----------------------------------------
---------------------------------------
| avg_speed               | 8         |
| is_success              | 0         |
| max_speed               | 8         |
| reward                  | -4.682626 |
| rollout/                |           |
|    ep_len_mean          | 963       |
|    ep_rew_mean          | -3.65e+03 |
| time/                   |           |
|    fps                  | 120       |
|    iterations           | 35        |
|    time_elapsed         | 592       |
|    total_timesteps      | 71680     |
| train/                  |           |
|    approx_kl            | 0.0       |
|    clip_fraction        | 0         |
|    clip_range           | 0.2       |
|    entropy_loss         | -2.84     |
|    explained_variance   | 0.0101    |
|    learning_rate        | 0.0003    |
|    loss                 | 2.04e+03  |
|    n_updates            | 340       |
|    policy_gradient_loss | -5.54e-09 |
|    std                  | 1         |
|    value_loss           | 4.07e+03  |
---------------------------------------
----------------------------------------
| avg_speed               | 8          |
| is_success              | 0          |
| max_speed               | 8          |
| reward                  | -4.7748156 |
| rollout/                |            |
|    ep_len_mean          | 964        |
|    ep_rew_mean          | -3.66e+03  |
| time/                   |            |
|    fps                  | 120        |
|    iterations           | 36         |
|    time_elapsed         | 609        |
|    total_timesteps      | 73728      |
| train/                  |            |
|    approx_kl            | 0.0        |
|    clip_fraction        | 0          |
|    clip_range           | 0.2        |
|    entropy_loss         | -2.84      |
|    explained_variance   | 0.00963    |
|    learning_rate        | 0.0003     |
|    loss                 | 1.94e+03   |
|    n_updates            | 350        |
|    policy_gradient_loss | 5.8e-09    |
|    std                  | 1          |
|    value_loss           | 3.98e+03   |
----------------------------------------
----------------------------------------
| avg_speed               | 8          |
| is_success              | 0          |
| max_speed               | 8          |
| reward                  | -4.8137403 |
| rollout/                |            |
|    ep_len_mean          | 965        |
|    ep_rew_mean          | -3.66e+03  |
| time/                   |            |
|    fps                  | 120        |
|    iterations           | 37         |
|    time_elapsed         | 626        |
|    total_timesteps      | 75776      |
| train/                  |            |
|    approx_kl            | 0.0        |
|    clip_fraction        | 0          |
|    clip_range           | 0.2        |
|    entropy_loss         | -2.84      |
|    explained_variance   | 0.0114     |
|    learning_rate        | 0.0003     |
|    loss                 | 1.88e+03   |
|    n_updates            | 360        |
|    policy_gradient_loss | -1.46e-08  |
|    std                  | 1          |
|    value_loss           | 3.88e+03   |
----------------------------------------
----------------------------------------
| avg_speed               | 8          |
| is_success              | 0          |
| max_speed               | 8          |
| reward                  | -4.8439116 |
| rollout/                |            |
|    ep_len_mean          | 965        |
|    ep_rew_mean          | -3.66e+03  |
| time/                   |            |
|    fps                  | 120        |
|    iterations           | 38         |
|    time_elapsed         | 643        |
|    total_timesteps      | 77824      |
| train/                  |            |
|    approx_kl            | 0.0        |
|    clip_fraction        | 0          |
|    clip_range           | 0.2        |
|    entropy_loss         | -2.84      |
|    explained_variance   | 0.00916    |
|    learning_rate        | 0.0003     |
|    loss                 | 2.08e+03   |
|    n_updates            | 370        |
|    policy_gradient_loss | 1.61e-08   |
|    std                  | 1          |
|    value_loss           | 4.12e+03   |
----------------------------------------
----------------------------------------
| avg_speed               | 8          |
| is_success              | 0          |
| max_speed               | 8          |
| reward                  | -4.7872314 |
| rollout/                |            |
|    ep_len_mean          | 955        |
|    ep_rew_mean          | -3.63e+03  |
| time/                   |            |
|    fps                  | 120        |
|    iterations           | 39         |
|    time_elapsed         | 660        |
|    total_timesteps      | 79872      |
| train/                  |            |
|    approx_kl            | 0.0        |
|    clip_fraction        | 0          |
|    clip_range           | 0.2        |
|    entropy_loss         | -2.84      |
|    explained_variance   | 0.00969    |
|    learning_rate        | 0.0003     |
|    loss                 | 1.96e+03   |
|    n_updates            | 380        |
|    policy_gradient_loss | 2.97e-09   |
|    std                  | 1          |
|    value_loss           | 3.82e+03   |
----------------------------------------
---------------------------------------
| avg_speed               | 8         |
| is_success              | 0         |
| max_speed               | 8         |
| reward                  | -4.540085 |
| rollout/                |           |
|    ep_len_mean          | 956       |
|    ep_rew_mean          | -3.63e+03 |
| time/                   |           |
|    fps                  | 120       |
|    iterations           | 40        |
|    time_elapsed         | 678       |
|    total_timesteps      | 81920     |
| train/                  |           |
|    approx_kl            | 0.0       |
|    clip_fraction        | 0         |
|    clip_range           | 0.2       |
|    entropy_loss         | -2.84     |
|    explained_variance   | 0.00893   |
|    learning_rate        | 0.0003    |
|    loss                 | 1.93e+03  |
|    n_updates            | 390       |
|    policy_gradient_loss | 2.22e-08  |
|    std                  | 1         |
|    value_loss           | 4.01e+03  |
---------------------------------------
---------------------------------------
| avg_speed               | 8         |
| is_success              | 0         |
| max_speed               | 8         |
| reward                  | -4.891749 |
| rollout/                |           |
|    ep_len_mean          | 957       |
|    ep_rew_mean          | -3.64e+03 |
| time/                   |           |
|    fps                  | 120       |
|    iterations           | 41        |
|    time_elapsed         | 695       |
|    total_timesteps      | 83968     |
| train/                  |           |
|    approx_kl            | 0.0       |
|    clip_fraction        | 0         |
|    clip_range           | 0.2       |
|    entropy_loss         | -2.84     |
|    explained_variance   | 0.00865   |
|    learning_rate        | 0.0003    |
|    loss                 | 1.98e+03  |
|    n_updates            | 400       |
|    policy_gradient_loss | 1.1e-08   |
|    std                  | 1         |
|    value_loss           | 3.93e+03  |
---------------------------------------
----------------------------------------
| avg_speed               | 8          |
| is_success              | 0          |
| max_speed               | 8          |
| reward                  | -4.9660373 |
| rollout/                |            |
|    ep_len_mean          | 958        |
|    ep_rew_mean          | -3.64e+03  |
| time/                   |            |
|    fps                  | 120        |
|    iterations           | 42         |
|    time_elapsed         | 712        |
|    total_timesteps      | 86016      |
| train/                  |            |
|    approx_kl            | 0.0        |
|    clip_fraction        | 0          |
|    clip_range           | 0.2        |
|    entropy_loss         | -2.84      |
|    explained_variance   | 0.00689    |
|    learning_rate        | 0.0003     |
|    loss                 | 2.04e+03   |
|    n_updates            | 410        |
|    policy_gradient_loss | -9.66e-10  |
|    std                  | 1          |
|    value_loss           | 4.1e+03    |
----------------------------------------
----------------------------------------
| avg_speed               | 8          |
| is_success              | 0          |
| max_speed               | 8          |
| reward                  | -4.5977883 |
| rollout/                |            |
|    ep_len_mean          | 959        |
|    ep_rew_mean          | -3.64e+03  |
| time/                   |            |
|    fps                  | 120        |
|    iterations           | 43         |
|    time_elapsed         | 729        |
|    total_timesteps      | 88064      |
| train/                  |            |
|    approx_kl            | 0.0        |
|    clip_fraction        | 0          |
|    clip_range           | 0.2        |
|    entropy_loss         | -2.84      |
|    explained_variance   | 0.00764    |
|    learning_rate        | 0.0003     |
|    loss                 | 2.02e+03   |
|    n_updates            | 420        |
|    policy_gradient_loss | 3.64e-09   |
|    std                  | 1          |
|    value_loss           | 3.96e+03   |
----------------------------------------
---------------------------------------
| avg_speed               | 8         |
| is_success              | 0         |
| max_speed               | 8         |
| reward                  | -5.141539 |
| rollout/                |           |
|    ep_len_mean          | 960       |
|    ep_rew_mean          | -3.64e+03 |
| time/                   |           |
|    fps                  | 120       |
|    iterations           | 44        |
|    time_elapsed         | 747       |
|    total_timesteps      | 90112     |
| train/                  |           |
|    approx_kl            | 0.0       |
|    clip_fraction        | 0         |
|    clip_range           | 0.2       |
|    entropy_loss         | -2.84     |
|    explained_variance   | 0.00746   |
|    learning_rate        | 0.0003    |
|    loss                 | 1.84e+03  |
|    n_updates            | 430       |
|    policy_gradient_loss | -1.34e-08 |
|    std                  | 1         |
|    value_loss           | 3.73e+03  |
---------------------------------------
----------------------------------------
| avg_speed               | 8          |
| is_success              | 0          |
| max_speed               | 8          |
| reward                  | -5.0822945 |
| rollout/                |            |
|    ep_len_mean          | 961        |
|    ep_rew_mean          | -3.65e+03  |
| time/                   |            |
|    fps                  | 120        |
|    iterations           | 45         |
|    time_elapsed         | 764        |
|    total_timesteps      | 92160      |
| train/                  |            |
|    approx_kl            | 0.0        |
|    clip_fraction        | 0          |
|    clip_range           | 0.2        |
|    entropy_loss         | -2.84      |
|    explained_variance   | 0.00808    |
|    learning_rate        | 0.0003     |
|    loss                 | 1.71e+03   |
|    n_updates            | 440        |
|    policy_gradient_loss | 1.36e-08   |
|    std                  | 1          |
|    value_loss           | 3.61e+03   |
----------------------------------------
----------------------------------------
| avg_speed               | 8          |
| is_success              | 0          |
| max_speed               | 8          |
| reward                  | -5.0792747 |
| rollout/                |            |
|    ep_len_mean          | 962        |
|    ep_rew_mean          | -3.65e+03  |
| time/                   |            |
|    fps                  | 120        |
|    iterations           | 46         |
|    time_elapsed         | 781        |
|    total_timesteps      | 94208      |
| train/                  |            |
|    approx_kl            | 0.0        |
|    clip_fraction        | 0          |
|    clip_range           | 0.2        |
|    entropy_loss         | -2.84      |
|    explained_variance   | 0.00731    |
|    learning_rate        | 0.0003     |
|    loss                 | 1.99e+03   |
|    n_updates            | 450        |
|    policy_gradient_loss | 1.17e-08   |
|    std                  | 1          |
|    value_loss           | 3.93e+03   |
----------------------------------------
----------------------------------------
| avg_speed               | 8          |
| is_success              | 0          |
| max_speed               | 8          |
| reward                  | -5.1612296 |
| rollout/                |            |
|    ep_len_mean          | 963        |
|    ep_rew_mean          | -3.65e+03  |
| time/                   |            |
|    fps                  | 120        |
|    iterations           | 47         |
|    time_elapsed         | 799        |
|    total_timesteps      | 96256      |
| train/                  |            |
|    approx_kl            | 0.0        |
|    clip_fraction        | 0          |
|    clip_range           | 0.2        |
|    entropy_loss         | -2.84      |
|    explained_variance   | 0.00684    |
|    learning_rate        | 0.0003     |
|    loss                 | 1.92e+03   |
|    n_updates            | 460        |
|    policy_gradient_loss | -2.91e-08  |
|    std                  | 1          |
|    value_loss           | 3.82e+03   |
----------------------------------------
---------------------------------------
| avg_speed               | 8         |
| is_success              | 0         |
| max_speed               | 8         |
| reward                  | -5.36912  |
| rollout/                |           |
|    ep_len_mean          | 963       |
|    ep_rew_mean          | -3.65e+03 |
| time/                   |           |
|    fps                  | 120       |
|    iterations           | 48        |
|    time_elapsed         | 816       |
|    total_timesteps      | 98304     |
| train/                  |           |
|    approx_kl            | 0.0       |
|    clip_fraction        | 0         |
|    clip_range           | 0.2       |
|    entropy_loss         | -2.84     |
|    explained_variance   | 0.00598   |
|    learning_rate        | 0.0003    |
|    loss                 | 1.93e+03  |
|    n_updates            | 470       |
|    policy_gradient_loss | 8.54e-09  |
|    std                  | 1         |
|    value_loss           | 3.98e+03  |
---------------------------------------
-----------------------------------------
| avg_speed               | 0.375       |
| is_success              | 0           |
| max_speed               | 0.375       |
| reward                  | -0.45301288 |
| rollout/                |             |
|    ep_len_mean          | 963         |
|    ep_rew_mean          | -3.65e+03   |
| time/                   |             |
|    fps                  | 120         |
|    iterations           | 49          |
|    time_elapsed         | 834         |
|    total_timesteps      | 100352      |
| train/                  |             |
|    approx_kl            | 0.0         |
|    clip_fraction        | 0           |
|    clip_range           | 0.2         |
|    entropy_loss         | -2.84       |
|    explained_variance   | 0.00634     |
|    learning_rate        | 0.0003      |
|    loss                 | 1.9e+03     |
|    n_updates            | 480         |
|    policy_gradient_loss | -3.25e-09   |
|    std                  | 1           |
|    value_loss           | 3.83e+03    |
-----------------------------------------
Directory created: PPO/models/seed-testing/5nkn1vmj/model_epoch(0)
-----------------------------------
| avg_speed          | 2.33       |
| is_success         | 0          |
| max_speed          | 2.33       |
| reward             | -0.9283766 |
| rollout/           |            |
|    ep_len_mean     | 963        |
|    ep_rew_mean     | -3.65e+03  |
| time/              |            |
|    fps             | 121        |
|    iterations      | 1          |
|    time_elapsed    | 16         |
|    total_timesteps | 102400     |
-----------------------------------
----------------------------------------
| avg_speed               | 4.23       |
| is_success              | 0          |
| max_speed               | 4.23       |
| reward                  | -1.4313784 |
| rollout/                |            |
|    ep_len_mean          | 963        |
|    ep_rew_mean          | -3.65e+03  |
| time/                   |            |
|    fps                  | 119        |
|    iterations           | 2          |
|    time_elapsed         | 34         |
|    total_timesteps      | 104448     |
| train/                  |            |
|    approx_kl            | 0.0        |
|    clip_fraction        | 0          |
|    clip_range           | 0.2        |
|    entropy_loss         | -2.84      |
|    explained_variance   | 0.00616    |
|    learning_rate        | 0.0003     |
|    loss                 | 1.75e+03   |
|    n_updates            | 500        |
|    policy_gradient_loss | -1.27e-08  |
|    std                  | 1          |
|    value_loss           | 3.57e+03   |
----------------------------------------
----------------------------------------
| avg_speed               | 5.11       |
| is_success              | 0          |
| max_speed               | 5.11       |
| reward                  | -1.7024225 |
| rollout/                |            |
|    ep_len_mean          | 963        |
|    ep_rew_mean          | -3.65e+03  |
| time/                   |            |
|    fps                  | 118        |
|    iterations           | 3          |
|    time_elapsed         | 51         |
|    total_timesteps      | 106496     |
| train/                  |            |
|    approx_kl            | 0.0        |
|    clip_fraction        | 0          |
|    clip_range           | 0.2        |
|    entropy_loss         | -2.84      |
|    explained_variance   | 0.00566    |
|    learning_rate        | 0.0003     |
|    loss                 | 1.82e+03   |
|    n_updates            | 510        |
|    policy_gradient_loss | 2.59e-09   |
|    std                  | 1          |
|    value_loss           | 3.72e+03   |
----------------------------------------
----------------------------------------
| avg_speed               | 8          |
| is_success              | 0          |
| max_speed               | 8          |
| reward                  | -2.4022956 |
| rollout/                |            |
|    ep_len_mean          | 973        |
|    ep_rew_mean          | -3.69e+03  |
| time/                   |            |
|    fps                  | 118        |
|    iterations           | 4          |
|    time_elapsed         | 68         |
|    total_timesteps      | 108544     |
| train/                  |            |
|    approx_kl            | 0.0        |
|    clip_fraction        | 0          |
|    clip_range           | 0.2        |
|    entropy_loss         | -2.84      |
|    explained_variance   | 0.00629    |
|    learning_rate        | 0.0003     |
|    loss                 | 1.86e+03   |
|    n_updates            | 520        |
|    policy_gradient_loss | 3.18e-08   |
|    std                  | 1          |
|    value_loss           | 3.72e+03   |
----------------------------------------
----------------------------------------
| avg_speed               | 8          |
| is_success              | 0          |
| max_speed               | 8          |
| reward                  | -2.9621575 |
| rollout/                |            |
|    ep_len_mean          | 973        |
|    ep_rew_mean          | -3.69e+03  |
| time/                   |            |
|    fps                  | 118        |
|    iterations           | 5          |
|    time_elapsed         | 86         |
|    total_timesteps      | 110592     |
| train/                  |            |
|    approx_kl            | 0.0        |
|    clip_fraction        | 0          |
|    clip_range           | 0.2        |
|    entropy_loss         | -2.84      |
|    explained_variance   | 0.00605    |
|    learning_rate        | 0.0003     |
|    loss                 | 1.82e+03   |
|    n_updates            | 530        |
|    policy_gradient_loss | 2.23e-09   |
|    std                  | 1          |
|    value_loss           | 3.53e+03   |
----------------------------------------
----------------------------------------
| avg_speed               | 8          |
| is_success              | 0          |
| max_speed               | 8          |
| reward                  | -3.5773067 |
| rollout/                |            |
|    ep_len_mean          | 973        |
|    ep_rew_mean          | -3.69e+03  |
| time/                   |            |
|    fps                  | 118        |
|    iterations           | 6          |
|    time_elapsed         | 103        |
|    total_timesteps      | 112640     |
| train/                  |            |
|    approx_kl            | 0.0        |
|    clip_fraction        | 0          |
|    clip_range           | 0.2        |
|    entropy_loss         | -2.84      |
|    explained_variance   | 0.00534    |
|    learning_rate        | 0.0003     |
|    loss                 | 1.84e+03   |
|    n_updates            | 540        |
|    policy_gradient_loss | -1.67e-08  |
|    std                  | 1          |
|    value_loss           | 3.76e+03   |
----------------------------------------
----------------------------------------
| avg_speed               | 8          |
| is_success              | 0          |
| max_speed               | 8          |
| reward                  | -3.9426413 |
| rollout/                |            |
|    ep_len_mean          | 973        |
|    ep_rew_mean          | -3.69e+03  |
| time/                   |            |
|    fps                  | 118        |
|    iterations           | 7          |
|    time_elapsed         | 121        |
|    total_timesteps      | 114688     |
| train/                  |            |
|    approx_kl            | 0.0        |
|    clip_fraction        | 0          |
|    clip_range           | 0.2        |
|    entropy_loss         | -2.84      |
|    explained_variance   | 0.00567    |
|    learning_rate        | 0.0003     |
|    loss                 | 1.79e+03   |
|    n_updates            | 550        |
|    policy_gradient_loss | 3.37e-08   |
|    std                  | 1          |
|    value_loss           | 3.63e+03   |
----------------------------------------
---------------------------------------
| avg_speed               | 8         |
| is_success              | 0         |
| max_speed               | 8         |
| reward                  | -4.390387 |
| rollout/                |           |
|    ep_len_mean          | 973       |
|    ep_rew_mean          | -3.69e+03 |
| time/                   |           |
|    fps                  | 118       |
|    iterations           | 8         |
|    time_elapsed         | 138       |
|    total_timesteps      | 116736    |
| train/                  |           |
|    approx_kl            | 0.0       |
|    clip_fraction        | 0         |
|    clip_range           | 0.2       |
|    entropy_loss         | -2.84     |
|    explained_variance   | 0.00542   |
|    learning_rate        | 0.0003    |
|    loss                 | 1.93e+03  |
|    n_updates            | 560       |
|    policy_gradient_loss | 6.98e-10  |
|    std                  | 1         |
|    value_loss           | 3.79e+03  |
---------------------------------------
----------------------------------------
| avg_speed               | 8          |
| is_success              | 0          |
| max_speed               | 8          |
| reward                  | -4.7038565 |
| rollout/                |            |
|    ep_len_mean          | 973        |
|    ep_rew_mean          | -3.69e+03  |
| time/                   |            |
|    fps                  | 118        |
|    iterations           | 9          |
|    time_elapsed         | 155        |
|    total_timesteps      | 118784     |
| train/                  |            |
|    approx_kl            | 0.0        |
|    clip_fraction        | 0          |
|    clip_range           | 0.2        |
|    entropy_loss         | -2.84      |
|    explained_variance   | 0.00561    |
|    learning_rate        | 0.0003     |
|    loss                 | 1.76e+03   |
|    n_updates            | 570        |
|    policy_gradient_loss | 4.42e-09   |
|    std                  | 1          |
|    value_loss           | 3.67e+03   |
----------------------------------------
---------------------------------------
| avg_speed               | 8         |
| is_success              | 0         |
| max_speed               | 8         |
| reward                  | -4.673884 |
| rollout/                |           |
|    ep_len_mean          | 982       |
|    ep_rew_mean          | -3.73e+03 |
| time/                   |           |
|    fps                  | 118       |
|    iterations           | 10        |
|    time_elapsed         | 173       |
|    total_timesteps      | 120832    |
| train/                  |           |
|    approx_kl            | 0.0       |
|    clip_fraction        | 0         |
|    clip_range           | 0.2       |
|    entropy_loss         | -2.84     |
|    explained_variance   | 0.00555   |
|    learning_rate        | 0.0003    |
|    loss                 | 1.83e+03  |
|    n_updates            | 580       |
|    policy_gradient_loss | 1e-08     |
|    std                  | 1         |
|    value_loss           | 3.66e+03  |
---------------------------------------
---------------------------------------
| avg_speed               | 8         |
| is_success              | 0         |
| max_speed               | 8         |
| reward                  | -4.74145  |
| rollout/                |           |
|    ep_len_mean          | 982       |
|    ep_rew_mean          | -3.73e+03 |
| time/                   |           |
|    fps                  | 118       |
|    iterations           | 11        |
|    time_elapsed         | 190       |
|    total_timesteps      | 122880    |
| train/                  |           |
|    approx_kl            | 0.0       |
|    clip_fraction        | 0         |
|    clip_range           | 0.2       |
|    entropy_loss         | -2.84     |
|    explained_variance   | 0.00442   |
|    learning_rate        | 0.0003    |
|    loss                 | 1.83e+03  |
|    n_updates            | 590       |
|    policy_gradient_loss | 6.8e-09   |
|    std                  | 1         |
|    value_loss           | 3.66e+03  |
---------------------------------------
----------------------------------------
| avg_speed               | 8          |
| is_success              | 0          |
| max_speed               | 8          |
| reward                  | -4.8077097 |
| rollout/                |            |
|    ep_len_mean          | 982        |
|    ep_rew_mean          | -3.73e+03  |
| time/                   |            |
|    fps                  | 118        |
|    iterations           | 12         |
|    time_elapsed         | 208        |
|    total_timesteps      | 124928     |
| train/                  |            |
|    approx_kl            | 0.0        |
|    clip_fraction        | 0          |
|    clip_range           | 0.2        |
|    entropy_loss         | -2.84      |
|    explained_variance   | 0.00391    |
|    learning_rate        | 0.0003     |
|    loss                 | 1.87e+03   |
|    n_updates            | 600        |
|    policy_gradient_loss | -3.29e-09  |
|    std                  | 1          |
|    value_loss           | 3.77e+03   |
----------------------------------------
----------------------------------------
| avg_speed               | 8          |
| is_success              | 0          |
| max_speed               | 8          |
| reward                  | -4.8087792 |
| rollout/                |            |
|    ep_len_mean          | 982        |
|    ep_rew_mean          | -3.73e+03  |
| time/                   |            |
|    fps                  | 118        |
|    iterations           | 13         |
|    time_elapsed         | 225        |
|    total_timesteps      | 126976     |
| train/                  |            |
|    approx_kl            | 0.0        |
|    clip_fraction        | 0          |
|    clip_range           | 0.2        |
|    entropy_loss         | -2.84      |
|    explained_variance   | 0.00499    |
|    learning_rate        | 0.0003     |
|    loss                 | 1.71e+03   |
|    n_updates            | 610        |
|    policy_gradient_loss | -8.03e-09  |
|    std                  | 1          |
|    value_loss           | 3.48e+03   |
----------------------------------------
---------------------------------------
| avg_speed               | 8         |
| is_success              | 0         |
| max_speed               | 8         |
| reward                  | -4.912239 |
| rollout/                |           |
|    ep_len_mean          | 982       |
|    ep_rew_mean          | -3.72e+03 |
| time/                   |           |
|    fps                  | 118       |
|    iterations           | 14        |
|    time_elapsed         | 242       |
|    total_timesteps      | 129024    |
| train/                  |           |
|    approx_kl            | 0.0       |
|    clip_fraction        | 0         |
|    clip_range           | 0.2       |
|    entropy_loss         | -2.84     |
|    explained_variance   | 0.00635   |
|    learning_rate        | 0.0003    |
|    loss                 | 1.79e+03  |
|    n_updates            | 620       |
|    policy_gradient_loss | -5.59e-09 |
|    std                  | 1         |
|    value_loss           | 3.57e+03  |
---------------------------------------
slurmstepd: error: *** STEP 120157.0 ON airl.ist.berkeley.edu CANCELLED AT 2024-01-23T10:11:29 ***
slurmstepd: error: *** JOB 120157 ON airl.ist.berkeley.edu CANCELLED AT 2024-01-23T10:11:29 ***
