wandb: Currently logged in as: mason-nakamura1 (ecrl). Use `wandb login --relogin` to force relogin
wandb: wandb version 0.15.8 is available!  To upgrade, please run:
wandb:  $ pip install wandb --upgrade
wandb: Tracking run with wandb version 0.14.2
wandb: Run data is saved locally in /nas/ucb/mason/ethically-compliant-rl/wandb/run-20230804_181737-5a9bc7fb-e6ba-419a-bc3e-92c7913ac9ed
wandb: Run `wandb offline` to turn off syncing.
wandb: Syncing run cpo_batch_size50000_cost30_l2_reg0.01_step_per_epoch20000-f7a5
wandb: ⭐️ View project at https://wandb.ai/ecrl/fast-safe-rl
wandb: 🚀 View run at https://wandb.ai/ecrl/fast-safe-rl/runs/5a9bc7fb-e6ba-419a-bc3e-92c7913ac9ed
[32;1mLogging data to logs/fast-safe-rl/parking-v0-cost-30/cpo_batch_size50000_cost30_l2_reg0.01_step_per_epoch20000-f7a5/progress.txt[0m
[36;1mSaving config:
[0m
{
    "action_bound_method":	"clip",
    "action_scaling":	true,
    "backtrack_coeff":	0.8,
    "batch_size":	50000,
    "buffer_size":	100000,
    "cost_limit":	30,
    "damping_coeff":	0.1,
    "deterministic_eval":	true,
    "device":	"cuda",
    "env_config_file":	"configs/ParkingEnv/env-kinematicsGoal.txt",
    "episode_per_collect":	20,
    "epoch":	300,
    "gae_lambda":	0.95,
    "gamma":	0.99,
    "group":	null,
    "hidden_sizes":	[
        128,
        128
    ],
    "l2_reg":	0.01,
    "last_layer_scale":	false,
    "logdir":	"logs",
    "lr":	0.001,
    "max_backtracks":	100,
    "max_batchsize":	99999,
    "name":	"cpo_batch_size50000_cost30_l2_reg0.01_step_per_epoch20000-f7a5",
    "norm_adv":	true,
    "optim_critic_iters":	10,
    "prefix":	"cpo",
    "project":	"fast-safe-rl",
    "render":	null,
    "render_mode":	null,
    "repeat_per_collect":	4,
    "resume":	false,
    "rew_norm":	false,
    "reward_threshold":	10000,
    "save_ckpt":	true,
    "save_interval":	4,
    "seed":	10,
    "step_per_epoch":	20000,
    "suffix":	"",
    "target_kl":	0.01,
    "task":	"parking-v0",
    "testing_num":	2,
    "thread":	320,
    "training_num":	20,
    "unbounded":	false,
    "use_default_cfg":	false,
    "verbose":	true,
    "worker":	"ShmemVectorEnv"
}
slurmstepd: error: *** JOB 33365 ON ddpg.ist.berkeley.edu CANCELLED AT 2023-08-04T18:18:24 ***
Epoch #1:   0%|          | 0/20000 [00:00<?, ?it/s]Epoch #1:  50%|#####     | 10000/20000 [00:15<00:15, 635.11it/s]Epoch #1:  50%|#####     | 10000/20000 [00:18<00:15, 635.11it/s, cost=0, length=500, rew=-435]slurmstepd: error: *** STEP 33365.0 ON ddpg.ist.berkeley.edu CANCELLED AT 2023-08-04T18:18:24 ***
