wandb: Currently logged in as: mason-nakamura1 (ecrl). Use `wandb login --relogin` to force relogin
wandb: wandb version 0.16.6 is available!  To upgrade, please run:
wandb:  $ pip install wandb --upgrade
wandb: Tracking run with wandb version 0.14.2
wandb: Run data is saved locally in /nas/ucb/mason/ethically-compliant-rl/wandb/run-20240415_204701-zwt1to07
wandb: Run `wandb offline` to turn off syncing.
wandb: Syncing run amber-sea-1
wandb: ⭐️ View project at https://wandb.ai/ecrl/mini-grid
wandb: 🚀 View run at https://wandb.ai/ecrl/mini-grid/runs/zwt1to07
Traceback (most recent call last):
  File "/nas/ucb/mason/ethically-compliant-rl/tests/PPOL/train_ppol_safety_grid.py", line 136, in <module>
    train()
  File "/nas/ucb/mason/ethically-compliant-rl/.venv/lib/python3.9/site-packages/pyrallis/argparsing.py", line 158, in wrapper_inner
    response = fn(cfg, *args, **kwargs)
  File "/nas/ucb/mason/ethically-compliant-rl/tests/PPOL/train_ppol_safety_grid.py", line 106, in train
    env = DummyVecEnv(envs)
  File "/nas/ucb/mason/ethically-compliant-rl/stable_baselines3/stable_baselines3/common/vec_env/dummy_vec_env.py", line 30, in __init__
    self.envs = [_patch_env(fn()) for fn in env_fns]
  File "/nas/ucb/mason/ethically-compliant-rl/stable_baselines3/stable_baselines3/common/vec_env/dummy_vec_env.py", line 30, in <listcomp>
    self.envs = [_patch_env(fn()) for fn in env_fns]
  File "/nas/ucb/mason/ethically-compliant-rl/tests/PPOL/train_ppol_safety_grid.py", line 99, in _init
    env = gym.make(env_name)
  File "/nas/ucb/mason/ethically-compliant-rl/.venv/lib/python3.9/site-packages/gymnasium/envs/registration.py", line 740, in make
    env_spec = _find_spec(id)
  File "/nas/ucb/mason/ethically-compliant-rl/.venv/lib/python3.9/site-packages/gymnasium/envs/registration.py", line 537, in _find_spec
    _check_version_exists(ns, name, version)
  File "/nas/ucb/mason/ethically-compliant-rl/.venv/lib/python3.9/site-packages/gymnasium/envs/registration.py", line 403, in _check_version_exists
    _check_name_exists(ns, name)
  File "/nas/ucb/mason/ethically-compliant-rl/.venv/lib/python3.9/site-packages/gymnasium/envs/registration.py", line 380, in _check_name_exists
    raise error.NameNotFound(
gymnasium.error.NameNotFound: Environment `MiniGrid-Empty-16x16` doesn't exist.
wandb: Waiting for W&B process to finish... (failed 1). Press Control-C to abort syncing.
wandb: 🚀 View run amber-sea-1 at: https://wandb.ai/ecrl/mini-grid/runs/zwt1to07
wandb: Synced 5 W&B file(s), 0 media file(s), 2 artifact file(s) and 0 other file(s)
wandb: Find logs at: ./wandb/run-20240415_204701-zwt1to07/logs
srun: error: sac.ist.berkeley.edu: task 0: Exited with exit code 1
