wandb: Currently logged in as: mason-nakamura1 (ecrl). Use `wandb login --relogin` to force relogin
wandb: wandb version 0.16.2 is available!  To upgrade, please run:
wandb:  $ pip install wandb --upgrade
wandb: Tracking run with wandb version 0.14.2
wandb: Run data is saved locally in /nas/ucb/mason/ethically-compliant-rl/wandb/run-20240116_011839-7yokbqb5
wandb: Run `wandb offline` to turn off syncing.
wandb: Syncing run noble-serenity-247
wandb: ⭐️ View project at https://wandb.ai/ecrl/PPO%2BPPOL
wandb: 🚀 View run at https://wandb.ai/ecrl/PPO%2BPPOL/runs/7yokbqb5
Using cpu device
Traceback (most recent call last):
  File "/nas/ucb/mason/ethically-compliant-rl/PPOL_New/train_ppol_no_lagrange.py", line 148, in <module>
    train()
  File "/nas/ucb/mason/ethically-compliant-rl/.venv/lib/python3.9/site-packages/pyrallis/argparsing.py", line 158, in wrapper_inner
    response = fn(cfg, *args, **kwargs)
  File "/nas/ucb/mason/ethically-compliant-rl/PPOL_New/train_ppol_no_lagrange.py", line 108, in train
    agent = PPOL("MlpPolicy",
  File "/nas/ucb/mason/ethically-compliant-rl/stable_baselines3/stable_baselines3/ppol/ppol.py", line 189, in __init__
    self._setup_model()
  File "/nas/ucb/mason/ethically-compliant-rl/stable_baselines3/stable_baselines3/ppol/ppol.py", line 192, in _setup_model
    super()._setup_model()
  File "/nas/ucb/mason/ethically-compliant-rl/stable_baselines3/stable_baselines3/common/on_policy_algorithm.py", line 422, in _setup_model
    self.policy = self.policy_class(  # type: ignore[assignment]
  File "/nas/ucb/mason/ethically-compliant-rl/stable_baselines3/stable_baselines3/common/policies.py", line 1100, in __init__
    self._build(lr_schedule)
  File "/nas/ucb/mason/ethically-compliant-rl/stable_baselines3/stable_baselines3/common/policies.py", line 1134, in _build
    self._build_mlp_extractor()
  File "/nas/ucb/mason/ethically-compliant-rl/stable_baselines3/stable_baselines3/common/policies.py", line 1201, in _build_mlp_extractor
    for layer in self.policy.mlp_extractor.policy_net:
  File "/nas/ucb/mason/ethically-compliant-rl/.venv/lib/python3.9/site-packages/torch/nn/modules/module.py", line 1614, in __getattr__
    raise AttributeError("'{}' object has no attribute '{}'".format(
AttributeError: 'ActorManyCriticPolicy' object has no attribute 'policy'
wandb: Waiting for W&B process to finish... (failed 1). Press Control-C to abort syncing.
wandb: 🚀 View run noble-serenity-247 at: https://wandb.ai/ecrl/PPO%2BPPOL/runs/7yokbqb5
wandb: Synced 5 W&B file(s), 0 media file(s), 2 artifact file(s) and 0 other file(s)
wandb: Find logs at: ./wandb/run-20240116_011839-7yokbqb5/logs
srun: error: dqn.ist.berkeley.edu: task 0: Exited with exit code 1
