wandb: Currently logged in as: mason-nakamura1 (ecrl). Use `wandb login --relogin` to force relogin
wandb: wandb version 0.16.0 is available!  To upgrade, please run:
wandb:  $ pip install wandb --upgrade
wandb: Tracking run with wandb version 0.14.2
wandb: Run data is saved locally in /nas/ucb/mason/ethically-compliant-rl/wandb/run-20231120_141532-xo2kx4gj
wandb: Run `wandb offline` to turn off syncing.
wandb: Syncing run ppo-KLpenalty-beta(dynamic)-parking
wandb: ⭐️ View project at https://wandb.ai/ecrl/PPO-Penalty-Report5
wandb: 🚀 View run at https://wandb.ai/ecrl/PPO-Penalty-Report5/runs/xo2kx4gj
Using cpu device
--------------------------------------
| reward             | [-0.52905315] |
| time/              |               |
|    fps             | 158           |
|    iterations      | 1             |
|    time_elapsed    | 12            |
|    total_timesteps | 2048          |
--------------------------------------
----------------------------------------------
| reward                      | [-2.0560038] |
| time/                       |              |
|    fps                      | 34           |
|    iterations               | 2            |
|    time_elapsed             | 119          |
|    total_timesteps          | 4096         |
| train/                      |              |
|    approx_kl                | 5.4630804    |
|    approx_ln(kl)            | 1.6980128    |
|    clip_range               | 0.2          |
|    entropy_loss             | -2.78        |
|    explained_variance       | 0.0186       |
|    learning_rate            | 0.001        |
|    ln(loss)                 | inf          |
|    ln(policy_gradient_loss) | inf          |
|    loss                     | inf          |
|    n_updates                | 10           |
|    policy_gradient_loss     | inf          |
|    std                      | 0.89         |
|    value_loss               | 131          |
----------------------------------------------
slurmstepd: error: *** STEP 97089.0 ON ddpg.ist.berkeley.edu CANCELLED AT 2023-11-20T14:18:22 ***
slurmstepd: error: *** JOB 97089 ON ddpg.ist.berkeley.edu CANCELLED AT 2023-11-20T14:18:22 ***
