wandb: Currently logged in as: mason-nakamura1 (ecrl). Use `wandb login --relogin` to force relogin
wandb: wandb version 0.16.6 is available!  To upgrade, please run:
wandb:  $ pip install wandb --upgrade
wandb: Tracking run with wandb version 0.14.2
wandb: Run data is saved locally in /nas/ucb/mason/ethically-compliant-rl/wandb/run-20240419_113853-83j1v666
wandb: Run `wandb offline` to turn off syncing.
wandb: Syncing run gallant-bush-7
wandb: ⭐️ View project at https://wandb.ai/ecrl/PID-tests
wandb: 🚀 View run at https://wandb.ai/ecrl/PID-tests/runs/83j1v666
LOSS: 0.0405120886862278
PPO-LOSS: 0.03375742956995964
tensor(0.0144, device='cuda:0', grad_fn=<SumBackward0>)
LOSS: 0.03730105236172676
PPO-LOSS: 0.03496508672833443
tensor(0.0064, device='cuda:0', grad_fn=<SumBackward0>)
LOSS: 0.036048393696546555
PPO-LOSS: 0.03526927903294563
tensor(0.0032, device='cuda:0', grad_fn=<SumBackward0>)
LOSS: 0.034509025514125824
PPO-LOSS: 0.034238044172525406
tensor(0.0023, device='cuda:0', grad_fn=<SumBackward0>)
LOSS: 0.03266075253486633
PPO-LOSS: 0.03260768577456474
tensor(0.0022, device='cuda:0', grad_fn=<SumBackward0>)
LOSS: 0.03106498345732689
PPO-LOSS: 0.03092038258910179
tensor(0.0028, device='cuda:0', grad_fn=<SumBackward0>)
LOSS: 0.02976173721253872
PPO-LOSS: 0.02948070503771305
tensor(0.0037, device='cuda:0', grad_fn=<SumBackward0>)
LOSS: 0.028782304376363754
PPO-LOSS: 0.028477221727371216
tensor(0.0047, device='cuda:0', grad_fn=<SumBackward0>)
LOSS: 0.028182582929730415
PPO-LOSS: 0.0280243419110775
tensor(0.0047, device='cuda:0', grad_fn=<SumBackward0>)
LOSS: 0.027763159945607185
PPO-LOSS: 0.028027478605508804
tensor(0.0036, device='cuda:0', grad_fn=<SumBackward0>)
LOSS: 0.03392554819583893
PPO-LOSS: 0.03512069955468178
tensor(0.0025, device='cuda:0', grad_fn=<SumBackward0>)
LOSS: 0.034701913595199585
PPO-LOSS: 0.03567176312208176
tensor(0.0019, device='cuda:0', grad_fn=<SumBackward0>)
LOSS: 0.03502226248383522
PPO-LOSS: 0.035824358463287354
tensor(0.0018, device='cuda:0', grad_fn=<SumBackward0>)
LOSS: 0.034866247326135635
PPO-LOSS: 0.03556554391980171
tensor(0.0022, device='cuda:0', grad_fn=<SumBackward0>)
LOSS: 0.03447273373603821
PPO-LOSS: 0.03504157438874245
tensor(0.0028, device='cuda:0', grad_fn=<SumBackward0>)
LOSS: 0.03402264043688774
PPO-LOSS: 0.03443307802081108
tensor(0.0036, device='cuda:0', grad_fn=<SumBackward0>)
LOSS: 0.033604420721530914
PPO-LOSS: 0.033894408494234085
tensor(0.0042, device='cuda:0', grad_fn=<SumBackward0>)
LOSS: 0.03319777548313141
PPO-LOSS: 0.0335080586373806
tensor(0.0044, device='cuda:0', grad_fn=<SumBackward0>)
LOSS: 0.03280019760131836
PPO-LOSS: 0.0333082377910614
tensor(0.0041, device='cuda:0', grad_fn=<SumBackward0>)
LOSS: 0.0324663482606411
PPO-LOSS: 0.03326471149921417
tensor(0.0034, device='cuda:0', grad_fn=<SumBackward0>)
LOSS: 0.023955458775162697
PPO-LOSS: 0.02412746101617813
tensor(0.0024, device='cuda:0', grad_fn=<SumBackward0>)
LOSS: 0.023874254897236824
PPO-LOSS: 0.024343889206647873
tensor(0.0015, device='cuda:0', grad_fn=<SumBackward0>)
LOSS: 0.024034198373556137
PPO-LOSS: 0.024560188874602318
tensor(0.0009, device='cuda:0', grad_fn=<SumBackward0>)
LOSS: 0.024191590026021004
PPO-LOSS: 0.02463417313992977
tensor(0.0007, device='cuda:0', grad_fn=<SumBackward0>)
LOSS: 0.024084720760583878
PPO-LOSS: 0.024481071159243584
tensor(0.0007, device='cuda:0', grad_fn=<SumBackward0>)
LOSS: 0.02375009097158909
PPO-LOSS: 0.02413344942033291
tensor(0.0010, device='cuda:0', grad_fn=<SumBackward0>)
LOSS: 0.023393623530864716
PPO-LOSS: 0.023695798590779305
tensor(0.0016, device='cuda:0', grad_fn=<SumBackward0>)
LOSS: 0.02314050681889057
PPO-LOSS: 0.02328355610370636
tensor(0.0021, device='cuda:0', grad_fn=<SumBackward0>)
LOSS: 0.022950582206249237
PPO-LOSS: 0.022977817803621292
tensor(0.0024, device='cuda:0', grad_fn=<SumBackward0>)
LOSS: 0.02274760603904724
PPO-LOSS: 0.022807419300079346
tensor(0.0023, device='cuda:0', grad_fn=<SumBackward0>)
LOSS: 0.03471576049923897
PPO-LOSS: 0.036132022738456726
tensor(0.0017, device='cuda:0', grad_fn=<SumBackward0>)
LOSS: 0.03459731116890907
PPO-LOSS: 0.03603171184659004
tensor(0.0016, device='cuda:0', grad_fn=<SumBackward0>)
LOSS: 0.03422841429710388
PPO-LOSS: 0.03569598123431206
tensor(0.0019, device='cuda:0', grad_fn=<SumBackward0>)
LOSS: 0.03380407392978668
PPO-LOSS: 0.035228416323661804
tensor(0.0024, device='cuda:0', grad_fn=<SumBackward0>)
LOSS: 0.033494435250759125
PPO-LOSS: 0.034773580729961395
tensor(0.0030, device='cuda:0', grad_fn=<SumBackward0>)
LOSS: 0.03331925347447395
PPO-LOSS: 0.03445237874984741
tensor(0.0034, device='cuda:0', grad_fn=<SumBackward0>)
LOSS: 0.03323929011821747
PPO-LOSS: 0.03431176766753197
tensor(0.0033, device='cuda:0', grad_fn=<SumBackward0>)
LOSS: 0.0332498699426651
PPO-LOSS: 0.03430892899632454
tensor(0.0029, device='cuda:0', grad_fn=<SumBackward0>)
LOSS: 0.03332406282424927
PPO-LOSS: 0.03433757647871971
tensor(0.0026, device='cuda:0', grad_fn=<SumBackward0>)
LOSS: 0.03332804888486862
PPO-LOSS: 0.03425799682736397
tensor(0.0024, device='cuda:0', grad_fn=<SumBackward0>)
LOSS: 0.06202733516693115
PPO-LOSS: 0.06624595820903778
tensor(0.0035, device='cuda:0', grad_fn=<SumBackward0>)
LOSS: 0.06081260368227959
PPO-LOSS: 0.0653081163764
tensor(0.0049, device='cuda:0', grad_fn=<SumBackward0>)
LOSS: 0.05967112258076668
PPO-LOSS: 0.06412427127361298
tensor(0.0070, device='cuda:0', grad_fn=<SumBackward0>)
LOSS: 0.05911906063556671
PPO-LOSS: 0.06326955556869507
tensor(0.0088, device='cuda:0', grad_fn=<SumBackward0>)
LOSS: 0.05897592380642891
PPO-LOSS: 0.06305531412363052
tensor(0.0091, device='cuda:0', grad_fn=<SumBackward0>)
LOSS: 0.059147417545318604
PPO-LOSS: 0.06344663351774216
tensor(0.0077, device='cuda:0', grad_fn=<SumBackward0>)
LOSS: 0.05973244085907936
PPO-LOSS: 0.06416963040828705
tensor(0.0058, device='cuda:0', grad_fn=<SumBackward0>)
LOSS: 0.06045316532254219
PPO-LOSS: 0.0647749975323677
tensor(0.0045, device='cuda:0', grad_fn=<SumBackward0>)
LOSS: 0.060590438544750214
PPO-LOSS: 0.06483235210180283
tensor(0.0042, device='cuda:0', grad_fn=<SumBackward0>)
LOSS: 0.05993477255105972
PPO-LOSS: 0.06426988542079926
tensor(0.0048, device='cuda:0', grad_fn=<SumBackward0>)
LOSS: 0.02513212338089943
PPO-LOSS: 0.023889923468232155
tensor(0.0054, device='cuda:0', grad_fn=<SumBackward0>)
LOSS: 0.024907534942030907
PPO-LOSS: 0.024055009707808495
tensor(0.0046, device='cuda:0', grad_fn=<SumBackward0>)
LOSS: 0.02469812147319317
PPO-LOSS: 0.0245855450630188
tensor(0.0028, device='cuda:0', grad_fn=<SumBackward0>)
LOSS: 0.02507304772734642
PPO-LOSS: 0.025226302444934845
tensor(0.0015, device='cuda:0', grad_fn=<SumBackward0>)
LOSS: 0.025469079613685608
PPO-LOSS: 0.02560283988714218
tensor(0.0010, device='cuda:0', grad_fn=<SumBackward0>)
LOSS: 0.025357622653245926
PPO-LOSS: 0.025499016046524048
tensor(0.0010, device='cuda:0', grad_fn=<SumBackward0>)
LOSS: 0.024824857711791992
PPO-LOSS: 0.02499578148126602
tensor(0.0015, device='cuda:0', grad_fn=<SumBackward0>)
LOSS: 0.024400243535637856
PPO-LOSS: 0.024358343333005905
tensor(0.0025, device='cuda:0', grad_fn=<SumBackward0>)
LOSS: 0.024364428594708443
PPO-LOSS: 0.023887893185019493
tensor(0.0036, device='cuda:0', grad_fn=<SumBackward0>)
LOSS: 0.02436220645904541
PPO-LOSS: 0.02374027669429779
tensor(0.0039, device='cuda:0', grad_fn=<SumBackward0>)
LOSS: 0.04487567022442818
PPO-LOSS: 0.04681330919265747
tensor(0.0036, device='cuda:0', grad_fn=<SumBackward0>)
LOSS: 0.04510626941919327
PPO-LOSS: 0.047024358063936234
tensor(0.0032, device='cuda:0', grad_fn=<SumBackward0>)
LOSS: 0.045015785843133926
PPO-LOSS: 0.04693443700671196
tensor(0.0032, device='cuda:0', grad_fn=<SumBackward0>)
LOSS: 0.0446704737842083
PPO-LOSS: 0.046589843928813934
tensor(0.0037, device='cuda:0', grad_fn=<SumBackward0>)
LOSS: 0.044280264526605606
PPO-LOSS: 0.046152517199516296
tensor(0.0044, device='cuda:0', grad_fn=<SumBackward0>)
LOSS: 0.04401473328471184
PPO-LOSS: 0.04580335319042206
tensor(0.0049, device='cuda:0', grad_fn=<SumBackward0>)
LOSS: 0.04390161484479904
PPO-LOSS: 0.04564943164587021
tensor(0.0050, device='cuda:0', grad_fn=<SumBackward0>)
LOSS: 0.04392421245574951
PPO-LOSS: 0.04568551480770111
tensor(0.0046, device='cuda:0', grad_fn=<SumBackward0>)
LOSS: 0.04404599592089653
PPO-LOSS: 0.0458143875002861
tensor(0.0041, device='cuda:0', grad_fn=<SumBackward0>)
LOSS: 0.04415411129593849
PPO-LOSS: 0.04589630663394928
tensor(0.0038, device='cuda:0', grad_fn=<SumBackward0>)
LOSS: 0.04794078692793846
PPO-LOSS: 0.050290267914533615
tensor(0.0036, device='cuda:0', grad_fn=<SumBackward0>)
LOSS: 0.047325536608695984
PPO-LOSS: 0.049696579575538635
tensor(0.0043, device='cuda:0', grad_fn=<SumBackward0>)
LOSS: 0.04667385295033455
PPO-LOSS: 0.048866283148527145
tensor(0.0057, device='cuda:0', grad_fn=<SumBackward0>)
LOSS: 0.04633036255836487
PPO-LOSS: 0.04820999875664711
tensor(0.0069, device='cuda:0', grad_fn=<SumBackward0>)
LOSS: 0.046223413199186325
PPO-LOSS: 0.04797733575105667
tensor(0.0072, device='cuda:0', grad_fn=<SumBackward0>)
LOSS: 0.046296875923871994
PPO-LOSS: 0.04818129539489746
tensor(0.0065, device='cuda:0', grad_fn=<SumBackward0>)
LOSS: 0.046596698462963104
PPO-LOSS: 0.048619821667671204
tensor(0.0054, device='cuda:0', grad_fn=<SumBackward0>)
LOSS: 0.046966567635536194
PPO-LOSS: 0.04896276816725731
tensor(0.0046, device='cuda:0', grad_fn=<SumBackward0>)
LOSS: 0.04704699665307999
PPO-LOSS: 0.048936471343040466
tensor(0.0045, device='cuda:0', grad_fn=<SumBackward0>)
LOSS: 0.04673764482140541
PPO-LOSS: 0.048497360199689865
tensor(0.0051, device='cuda:0', grad_fn=<SumBackward0>)
LOSS: 0.01679626852273941
PPO-LOSS: 0.014389884658157825
tensor(0.0049, device='cuda:0', grad_fn=<SumBackward0>)
LOSS: 0.016288621351122856
PPO-LOSS: 0.014621119946241379
tensor(0.0036, device='cuda:0', grad_fn=<SumBackward0>)
LOSS: 0.01589355431497097
PPO-LOSS: 0.015140118077397346
tensor(0.0019, device='cuda:0', grad_fn=<SumBackward0>)
LOSS: 0.015953024849295616
PPO-LOSS: 0.015636781230568886
tensor(0.0010, device='cuda:0', grad_fn=<SumBackward0>)
LOSS: 0.016020292416214943
PPO-LOSS: 0.01580684818327427
tensor(0.0007, device='cuda:0', grad_fn=<SumBackward0>)
LOSS: 0.015790605917572975
PPO-LOSS: 0.015538381412625313
tensor(0.0008, device='cuda:0', grad_fn=<SumBackward0>)
LOSS: 0.015371344983577728
PPO-LOSS: 0.014947552233934402
tensor(0.0012, device='cuda:0', grad_fn=<SumBackward0>)
LOSS: 0.015151367522776127
PPO-LOSS: 0.014286099001765251
tensor(0.0023, device='cuda:0', grad_fn=<SumBackward0>)
LOSS: 0.015279345214366913
PPO-LOSS: 0.013852450996637344
tensor(0.0033, device='cuda:0', grad_fn=<SumBackward0>)
LOSS: 0.015126620419323444
PPO-LOSS: 0.013752870261669159
tensor(0.0031, device='cuda:0', grad_fn=<SumBackward0>)
LOSS: 0.046505749225616455
PPO-LOSS: 0.04814939573407173
tensor(0.0032, device='cuda:0', grad_fn=<SumBackward0>)
LOSS: 0.04666832834482193
PPO-LOSS: 0.04828803613781929
tensor(0.0029, device='cuda:0', grad_fn=<SumBackward0>)
LOSS: 0.04616419970989227
PPO-LOSS: 0.047894496470689774
tensor(0.0034, device='cuda:0', grad_fn=<SumBackward0>)
LOSS: 0.045391809195280075
PPO-LOSS: 0.04721682146191597
tensor(0.0044, device='cuda:0', grad_fn=<SumBackward0>)
LOSS: 0.04489298164844513
PPO-LOSS: 0.04660280793905258
tensor(0.0055, device='cuda:0', grad_fn=<SumBackward0>)
LOSS: 0.044687237590551376
PPO-LOSS: 0.04630809649825096
tensor(0.0059, device='cuda:0', grad_fn=<SumBackward0>)
LOSS: 0.04467625543475151
PPO-LOSS: 0.04638867825269699
tensor(0.0054, device='cuda:0', grad_fn=<SumBackward0>)
LOSS: 0.04489387571811676
PPO-LOSS: 0.04671996459364891
tensor(0.0044, device='cuda:0', grad_fn=<SumBackward0>)
LOSS: 0.045257531106472015
PPO-LOSS: 0.047049056738615036
tensor(0.0035, device='cuda:0', grad_fn=<SumBackward0>)
LOSS: 0.0453990176320076
PPO-LOSS: 0.04710293561220169
tensor(0.0032, device='cuda:0', grad_fn=<SumBackward0>)
LOSS: 0.03140593692660332
PPO-LOSS: 0.031839124858379364
tensor(0.0028, device='cuda:0', grad_fn=<SumBackward0>)
LOSS: 0.03127416968345642
PPO-LOSS: 0.03165090084075928
tensor(0.0030, device='cuda:0', grad_fn=<SumBackward0>)
LOSS: 0.03116350807249546
PPO-LOSS: 0.03151403367519379
tensor(0.0030, device='cuda:0', grad_fn=<SumBackward0>)
LOSS: 0.03107634000480175
PPO-LOSS: 0.031425658613443375
tensor(0.0029, device='cuda:0', grad_fn=<SumBackward0>)
LOSS: 0.030996359884738922
PPO-LOSS: 0.031341779977083206
tensor(0.0027, device='cuda:0', grad_fn=<SumBackward0>)
LOSS: 0.030885593965649605
PPO-LOSS: 0.031209053471684456
tensor(0.0027, device='cuda:0', grad_fn=<SumBackward0>)
LOSS: 0.03071608766913414
PPO-LOSS: 0.031001877039670944
tensor(0.0027, device='cuda:0', grad_fn=<SumBackward0>)
LOSS: 0.03050268441438675
PPO-LOSS: 0.030738523229956627
tensor(0.0029, device='cuda:0', grad_fn=<SumBackward0>)
LOSS: 0.030282510444521904
PPO-LOSS: 0.030463937669992447
tensor(0.0030, device='cuda:0', grad_fn=<SumBackward0>)
LOSS: 0.030080918222665787
PPO-LOSS: 0.030224386602640152
tensor(0.0031, device='cuda:0', grad_fn=<SumBackward0>)
LOSS: 0.023986630141735077
PPO-LOSS: 0.02321871556341648
tensor(0.0035, device='cuda:0', grad_fn=<SumBackward0>)
LOSS: 0.023937523365020752
PPO-LOSS: 0.02333216555416584
tensor(0.0030, device='cuda:0', grad_fn=<SumBackward0>)
LOSS: 0.023915713652968407
PPO-LOSS: 0.023455969989299774
tensor(0.0025, device='cuda:0', grad_fn=<SumBackward0>)
LOSS: 0.023834528401494026
PPO-LOSS: 0.023444918915629387
tensor(0.0022, device='cuda:0', grad_fn=<SumBackward0>)
LOSS: 0.023602133616805077
PPO-LOSS: 0.0232226625084877
tensor(0.0022, device='cuda:0', grad_fn=<SumBackward0>)
LOSS: 0.023291757330298424
PPO-LOSS: 0.02284826524555683
tensor(0.0025, device='cuda:0', grad_fn=<SumBackward0>)
LOSS: 0.023021522909402847
PPO-LOSS: 0.02245507575571537
tensor(0.0029, device='cuda:0', grad_fn=<SumBackward0>)
LOSS: 0.022795606404542923
PPO-LOSS: 0.02216004580259323
tensor(0.0031, device='cuda:0', grad_fn=<SumBackward0>)
LOSS: 0.02257794514298439
PPO-LOSS: 0.021994663402438164
tensor(0.0029, device='cuda:0', grad_fn=<SumBackward0>)
LOSS: 0.022376520559191704
PPO-LOSS: 0.021912746131420135
tensor(0.0025, device='cuda:0', grad_fn=<SumBackward0>)
LOSS: 0.0182726439088583
PPO-LOSS: 0.017205163836479187
tensor(0.0028, device='cuda:0', grad_fn=<SumBackward0>)
LOSS: 0.0182172954082489
PPO-LOSS: 0.017487194389104843
tensor(0.0021, device='cuda:0', grad_fn=<SumBackward0>)
LOSS: 0.018206367269158363
PPO-LOSS: 0.017711857333779335
tensor(0.0015, device='cuda:0', grad_fn=<SumBackward0>)
LOSS: 0.018147287890315056
PPO-LOSS: 0.01774321123957634
tensor(0.0013, device='cuda:0', grad_fn=<SumBackward0>)
LOSS: 0.01795470155775547
PPO-LOSS: 0.017541006207466125
tensor(0.0014, device='cuda:0', grad_fn=<SumBackward0>)
LOSS: 0.017675472423434258
PPO-LOSS: 0.017174994572997093
tensor(0.0017, device='cuda:0', grad_fn=<SumBackward0>)
LOSS: 0.01744477078318596
PPO-LOSS: 0.016788920387625694
tensor(0.0022, device='cuda:0', grad_fn=<SumBackward0>)
LOSS: 0.017276957631111145
PPO-LOSS: 0.0165081974118948
tensor(0.0024, device='cuda:0', grad_fn=<SumBackward0>)
LOSS: 0.017069781199097633
PPO-LOSS: 0.016375359147787094
tensor(0.0022, device='cuda:0', grad_fn=<SumBackward0>)
LOSS: 0.016864774748682976
PPO-LOSS: 0.016341032460331917
tensor(0.0018, device='cuda:0', grad_fn=<SumBackward0>)
LOSS: 0.011836022138595581
PPO-LOSS: 0.011502435430884361
tensor(0.0010, device='cuda:0', grad_fn=<SumBackward0>)
LOSS: 0.011838995851576328
PPO-LOSS: 0.011616109870374203
tensor(0.0007, device='cuda:0', grad_fn=<SumBackward0>)
LOSS: 0.011824469082057476
PPO-LOSS: 0.011643096804618835
tensor(0.0006, device='cuda:0', grad_fn=<SumBackward0>)
LOSS: 0.011729568243026733
PPO-LOSS: 0.011551324278116226
tensor(0.0005, device='cuda:0', grad_fn=<SumBackward0>)
LOSS: 0.011564088985323906
PPO-LOSS: 0.011357526294887066
tensor(0.0007, device='cuda:0', grad_fn=<SumBackward0>)
LOSS: 0.011399608105421066
PPO-LOSS: 0.011124363169074059
tensor(0.0009, device='cuda:0', grad_fn=<SumBackward0>)
LOSS: 0.011277600191533566
PPO-LOSS: 0.010918112471699715
tensor(0.0011, device='cuda:0', grad_fn=<SumBackward0>)
LOSS: 0.011138073168694973
PPO-LOSS: 0.010773665271699429
tensor(0.0011, device='cuda:0', grad_fn=<SumBackward0>)
LOSS: 0.010974121280014515
PPO-LOSS: 0.010685943067073822
tensor(0.0009, device='cuda:0', grad_fn=<SumBackward0>)
LOSS: 0.01082837488502264
PPO-LOSS: 0.010618466883897781
tensor(0.0007, device='cuda:0', grad_fn=<SumBackward0>)
LOSS: 0.03468391299247742
PPO-LOSS: 0.03541694954037666
tensor(0.0007, device='cuda:0', grad_fn=<SumBackward0>)
LOSS: 0.033715683966875076
PPO-LOSS: 0.034835029393434525
tensor(0.0012, device='cuda:0', grad_fn=<SumBackward0>)
LOSS: 0.03274218365550041
PPO-LOSS: 0.03386494517326355
tensor(0.0029, device='cuda:0', grad_fn=<SumBackward0>)
LOSS: 0.03257114812731743
PPO-LOSS: 0.03307538479566574
tensor(0.0048, device='cuda:0', grad_fn=<SumBackward0>)
LOSS: 0.032574817538261414
PPO-LOSS: 0.03277027979493141
tensor(0.0056, device='cuda:0', grad_fn=<SumBackward0>)
LOSS: 0.03240951895713806
PPO-LOSS: 0.03296373784542084
tensor(0.0046, device='cuda:0', grad_fn=<SumBackward0>)
LOSS: 0.03247552365064621
PPO-LOSS: 0.03348018601536751
tensor(0.0029, device='cuda:0', grad_fn=<SumBackward0>)
LOSS: 0.032973721623420715
PPO-LOSS: 0.03399322181940079
tensor(0.0017, device='cuda:0', grad_fn=<SumBackward0>)
LOSS: 0.033261336386203766
PPO-LOSS: 0.034120019525289536
tensor(0.0013, device='cuda:0', grad_fn=<SumBackward0>)
LOSS: 0.032823242247104645
PPO-LOSS: 0.033700503408908844
tensor(0.0016, device='cuda:0', grad_fn=<SumBackward0>)
LOSS: 0.03557802364230156
PPO-LOSS: 0.03651830181479454
tensor(0.0029, device='cuda:0', grad_fn=<SumBackward0>)
LOSS: 0.0350768007338047
PPO-LOSS: 0.035694073885679245
tensor(0.0045, device='cuda:0', grad_fn=<SumBackward0>)
LOSS: 0.03496706485748291
PPO-LOSS: 0.03511068969964981
tensor(0.0059, device='cuda:0', grad_fn=<SumBackward0>)
LOSS: 0.03493287041783333
PPO-LOSS: 0.03497784957289696
tensor(0.0061, device='cuda:0', grad_fn=<SumBackward0>)
LOSS: 0.034899257123470306
PPO-LOSS: 0.03528067097067833
tensor(0.0051, device='cuda:0', grad_fn=<SumBackward0>)
LOSS: 0.03508923202753067
PPO-LOSS: 0.03581812232732773
tensor(0.0038, device='cuda:0', grad_fn=<SumBackward0>)
LOSS: 0.03545529395341873
PPO-LOSS: 0.03626285865902901
tensor(0.0029, device='cuda:0', grad_fn=<SumBackward0>)
LOSS: 0.03556329756975174
PPO-LOSS: 0.03632132709026337
tensor(0.0027, device='cuda:0', grad_fn=<SumBackward0>)
LOSS: 0.03523387387394905
PPO-LOSS: 0.035927437245845795
tensor(0.0031, device='cuda:0', grad_fn=<SumBackward0>)
LOSS: 0.034782007336616516
PPO-LOSS: 0.03528019040822983
tensor(0.0041, device='cuda:0', grad_fn=<SumBackward0>)
LOSS: 0.0324210450053215
PPO-LOSS: 0.032356444746255875
tensor(0.0049, device='cuda:0', grad_fn=<SumBackward0>)
LOSS: 0.03236614540219307
PPO-LOSS: 0.032240837812423706
tensor(0.0050, device='cuda:0', grad_fn=<SumBackward0>)
LOSS: 0.03233268857002258
PPO-LOSS: 0.03244674578309059
tensor(0.0043, device='cuda:0', grad_fn=<SumBackward0>)
LOSS: 0.032467737793922424
PPO-LOSS: 0.03280925005674362
tensor(0.0033, device='cuda:0', grad_fn=<SumBackward0>)
LOSS: 0.032680269330739975
PPO-LOSS: 0.03307376056909561
tensor(0.0026, device='cuda:0', grad_fn=<SumBackward0>)
LOSS: 0.03264036402106285
PPO-LOSS: 0.03303120657801628
tensor(0.0024, device='cuda:0', grad_fn=<SumBackward0>)
LOSS: 0.032285887748003006
PPO-LOSS: 0.03265944495797157
tensor(0.0028, device='cuda:0', grad_fn=<SumBackward0>)
LOSS: 0.0318574421107769
PPO-LOSS: 0.032123126089572906
tensor(0.0035, device='cuda:0', grad_fn=<SumBackward0>)
LOSS: 0.031561367213726044
PPO-LOSS: 0.03164176642894745
tensor(0.0041, device='cuda:0', grad_fn=<SumBackward0>)
LOSS: 0.03136531636118889
PPO-LOSS: 0.03136583790183067
tensor(0.0044, device='cuda:0', grad_fn=<SumBackward0>)
LOSS: 0.024644237011671066
PPO-LOSS: 0.02387583814561367
tensor(0.0041, device='cuda:0', grad_fn=<SumBackward0>)
LOSS: 0.024532105773687363
PPO-LOSS: 0.024201706051826477
tensor(0.0029, device='cuda:0', grad_fn=<SumBackward0>)
LOSS: 0.024686655029654503
PPO-LOSS: 0.024570748209953308
tensor(0.0020, device='cuda:0', grad_fn=<SumBackward0>)
LOSS: 0.024792924523353577
PPO-LOSS: 0.02468845620751381
tensor(0.0016, device='cuda:0', grad_fn=<SumBackward0>)
LOSS: 0.024515077471733093
PPO-LOSS: 0.0244078878313303
tensor(0.0016, device='cuda:0', grad_fn=<SumBackward0>)
LOSS: 0.02401283010840416
PPO-LOSS: 0.02383013628423214
tensor(0.0022, device='cuda:0', grad_fn=<SumBackward0>)
LOSS: 0.02364715002477169
PPO-LOSS: 0.023199697956442833
tensor(0.0030, device='cuda:0', grad_fn=<SumBackward0>)
LOSS: 0.02343747578561306
PPO-LOSS: 0.02273094654083252
tensor(0.0036, device='cuda:0', grad_fn=<SumBackward0>)
LOSS: 0.02320483885705471
PPO-LOSS: 0.022512204945087433
tensor(0.0035, device='cuda:0', grad_fn=<SumBackward0>)
LOSS: 0.022970454767346382
PPO-LOSS: 0.022495819255709648
tensor(0.0028, device='cuda:0', grad_fn=<SumBackward0>)
LOSS: 0.039750441908836365
PPO-LOSS: 0.04082249477505684
tensor(0.0023, device='cuda:0', grad_fn=<SumBackward0>)
LOSS: 0.03936927393078804
PPO-LOSS: 0.04047872871160507
tensor(0.0026, device='cuda:0', grad_fn=<SumBackward0>)
LOSS: 0.038557227700948715
PPO-LOSS: 0.03961503133177757
tensor(0.0037, device='cuda:0', grad_fn=<SumBackward0>)
LOSS: 0.03800884261727333
PPO-LOSS: 0.0386837013065815
tensor(0.0052, device='cuda:0', grad_fn=<SumBackward0>)
LOSS: 0.03778053820133209
PPO-LOSS: 0.038073763251304626
tensor(0.0063, device='cuda:0', grad_fn=<SumBackward0>)
LOSS: 0.03763467073440552
PPO-LOSS: 0.03793099895119667
tensor(0.0061, device='cuda:0', grad_fn=<SumBackward0>)
LOSS: 0.03761456906795502
PPO-LOSS: 0.03817709535360336
tensor(0.0049, device='cuda:0', grad_fn=<SumBackward0>)
LOSS: 0.03783981129527092
PPO-LOSS: 0.03853054717183113
tensor(0.0038, device='cuda:0', grad_fn=<SumBackward0>)
LOSS: 0.03799305483698845
PPO-LOSS: 0.0386384055018425
tensor(0.0032, device='cuda:0', grad_fn=<SumBackward0>)
LOSS: 0.03772857040166855
PPO-LOSS: 0.038290176540613174
tensor(0.0034, device='cuda:0', grad_fn=<SumBackward0>)
LOSS: 0.03393968194723129
PPO-LOSS: 0.03420461341738701
tensor(0.0036, device='cuda:0', grad_fn=<SumBackward0>)
LOSS: 0.033654067665338516
PPO-LOSS: 0.0337376743555069
tensor(0.0044, device='cuda:0', grad_fn=<SumBackward0>)
LOSS: 0.0334717221558094
PPO-LOSS: 0.0334421806037426
tensor(0.0047, device='cuda:0', grad_fn=<SumBackward0>)
LOSS: 0.033364489674568176
PPO-LOSS: 0.03339192643761635
tensor(0.0045, device='cuda:0', grad_fn=<SumBackward0>)
LOSS: 0.033366911113262177
PPO-LOSS: 0.0335112102329731
tensor(0.0039, device='cuda:0', grad_fn=<SumBackward0>)
LOSS: 0.033449362963438034
PPO-LOSS: 0.033633019775152206
tensor(0.0034, device='cuda:0', grad_fn=<SumBackward0>)
LOSS: 0.0334266722202301
PPO-LOSS: 0.033588699996471405
tensor(0.0032, device='cuda:0', grad_fn=<SumBackward0>)
LOSS: 0.03321703523397446
PPO-LOSS: 0.03331838175654411
tensor(0.0034, device='cuda:0', grad_fn=<SumBackward0>)
LOSS: 0.032901715487241745
PPO-LOSS: 0.03289666399359703
tensor(0.0038, device='cuda:0', grad_fn=<SumBackward0>)
LOSS: 0.03260127082467079
PPO-LOSS: 0.032475896179676056
tensor(0.0043, device='cuda:0', grad_fn=<SumBackward0>)
LOSS: 0.04151499271392822
PPO-LOSS: 0.04221024736762047
tensor(0.0052, device='cuda:0', grad_fn=<SumBackward0>)
LOSS: 0.041351452469825745
PPO-LOSS: 0.042057204991579056
tensor(0.0054, device='cuda:0', grad_fn=<SumBackward0>)
LOSS: 0.04120568558573723
PPO-LOSS: 0.04194493964314461
tensor(0.0053, device='cuda:0', grad_fn=<SumBackward0>)
LOSS: 0.04110901057720184
PPO-LOSS: 0.041887085884809494
tensor(0.0052, device='cuda:0', grad_fn=<SumBackward0>)
LOSS: 0.0410517193377018
PPO-LOSS: 0.0418495275080204
tensor(0.0050, device='cuda:0', grad_fn=<SumBackward0>)
LOSS: 0.04099059849977493
PPO-LOSS: 0.041769348084926605
tensor(0.0048, device='cuda:0', grad_fn=<SumBackward0>)
LOSS: 0.04086960107088089
PPO-LOSS: 0.04159706458449364
tensor(0.0048, device='cuda:0', grad_fn=<SumBackward0>)
LOSS: 0.04067288339138031
PPO-LOSS: 0.04132940620183945
tensor(0.0050, device='cuda:0', grad_fn=<SumBackward0>)
LOSS: 0.04042515531182289
PPO-LOSS: 0.04100407660007477
tensor(0.0052, device='cuda:0', grad_fn=<SumBackward0>)
LOSS: 0.040170054882764816
PPO-LOSS: 0.040678996592760086
tensor(0.0053, device='cuda:0', grad_fn=<SumBackward0>)
LOSS: 0.04010307416319847
PPO-LOSS: 0.04124075546860695
tensor(0.0043, device='cuda:0', grad_fn=<SumBackward0>)
LOSS: 0.03999843820929527
PPO-LOSS: 0.0411066859960556
tensor(0.0042, device='cuda:0', grad_fn=<SumBackward0>)
LOSS: 0.03988956660032272
PPO-LOSS: 0.04094959795475006
tensor(0.0041, device='cuda:0', grad_fn=<SumBackward0>)
LOSS: 0.03975127264857292
PPO-LOSS: 0.040730468928813934
tensor(0.0041, device='cuda:0', grad_fn=<SumBackward0>)
LOSS: 0.0395694263279438
PPO-LOSS: 0.040432896465063095
tensor(0.0043, device='cuda:0', grad_fn=<SumBackward0>)
LOSS: 0.039364688098430634
PPO-LOSS: 0.0400923490524292
tensor(0.0045, device='cuda:0', grad_fn=<SumBackward0>)
LOSS: 0.03915421664714813
PPO-LOSS: 0.03975003957748413
tensor(0.0047, device='cuda:0', grad_fn=<SumBackward0>)
LOSS: 0.03894996643066406
PPO-LOSS: 0.039445389062166214
tensor(0.0048, device='cuda:0', grad_fn=<SumBackward0>)
LOSS: 0.038745731115341187
PPO-LOSS: 0.039187487214803696
tensor(0.0048, device='cuda:0', grad_fn=<SumBackward0>)
LOSS: 0.038521040230989456
PPO-LOSS: 0.038942791521549225
tensor(0.0047, device='cuda:0', grad_fn=<SumBackward0>)
LOSS: 0.06094179302453995
PPO-LOSS: 0.06404627859592438
tensor(0.0056, device='cuda:0', grad_fn=<SumBackward0>)
LOSS: 0.059662677347660065
PPO-LOSS: 0.06284739822149277
tensor(0.0073, device='cuda:0', grad_fn=<SumBackward0>)
LOSS: 0.058577761054039
PPO-LOSS: 0.061330366879701614
tensor(0.0100, device='cuda:0', grad_fn=<SumBackward0>)
LOSS: 0.0581681914627552
PPO-LOSS: 0.06043592095375061
tensor(0.0117, device='cuda:0', grad_fn=<SumBackward0>)
LOSS: 0.05813279747962952
PPO-LOSS: 0.06052947789430618
tensor(0.0109, device='cuda:0', grad_fn=<SumBackward0>)
LOSS: 0.05854218825697899
PPO-LOSS: 0.061306584626436234
tensor(0.0087, device='cuda:0', grad_fn=<SumBackward0>)
LOSS: 0.059200190007686615
PPO-LOSS: 0.062018562108278275
tensor(0.0070, device='cuda:0', grad_fn=<SumBackward0>)
LOSS: 0.05923432856798172
PPO-LOSS: 0.06195550411939621
tensor(0.0067, device='cuda:0', grad_fn=<SumBackward0>)
LOSS: 0.0584363229572773
PPO-LOSS: 0.061006687581539154
tensor(0.0077, device='cuda:0', grad_fn=<SumBackward0>)
LOSS: 0.057470403611660004
PPO-LOSS: 0.0596904419362545
tensor(0.0096, device='cuda:0', grad_fn=<SumBackward0>)
LOSS: 0.03930481895804405
PPO-LOSS: 0.038169849663972855
tensor(0.0094, device='cuda:0', grad_fn=<SumBackward0>)
LOSS: 0.03898171707987785
PPO-LOSS: 0.03874023258686066
tensor(0.0071, device='cuda:0', grad_fn=<SumBackward0>)
LOSS: 0.03944248706102371
PPO-LOSS: 0.03984247148036957
tensor(0.0042, device='cuda:0', grad_fn=<SumBackward0>)
LOSS: 0.040223538875579834
PPO-LOSS: 0.04054291918873787
tensor(0.0030, device='cuda:0', grad_fn=<SumBackward0>)
LOSS: 0.03994758054614067
PPO-LOSS: 0.04021280258893967
tensor(0.0033, device='cuda:0', grad_fn=<SumBackward0>)
LOSS: 0.03913827985525131
PPO-LOSS: 0.03909724950790405
tensor(0.0048, device='cuda:0', grad_fn=<SumBackward0>)
LOSS: 0.03862190619111061
PPO-LOSS: 0.037891797721385956
tensor(0.0071, device='cuda:0', grad_fn=<SumBackward0>)
LOSS: 0.0384850800037384
PPO-LOSS: 0.03724677115678787
tensor(0.0084, device='cuda:0', grad_fn=<SumBackward0>)
LOSS: 0.038299042731523514
PPO-LOSS: 0.03736516088247299
tensor(0.0076, device='cuda:0', grad_fn=<SumBackward0>)
LOSS: 0.038290563970804214
PPO-LOSS: 0.037993405014276505
tensor(0.0056, device='cuda:0', grad_fn=<SumBackward0>)
LOSS: 0.03504402935504913
PPO-LOSS: 0.03535553812980652
tensor(0.0036, device='cuda:0', grad_fn=<SumBackward0>)
LOSS: 0.03520342707633972
PPO-LOSS: 0.035768549889326096
tensor(0.0024, device='cuda:0', grad_fn=<SumBackward0>)
LOSS: 0.035116709768772125
PPO-LOSS: 0.03574834018945694
tensor(0.0019, device='cuda:0', grad_fn=<SumBackward0>)
LOSS: 0.03449326008558273
PPO-LOSS: 0.035216622054576874
tensor(0.0023, device='cuda:0', grad_fn=<SumBackward0>)
LOSS: 0.03377929702401161
PPO-LOSS: 0.03443995863199234
tensor(0.0033, device='cuda:0', grad_fn=<SumBackward0>)
LOSS: 0.03342481330037117
PPO-LOSS: 0.03380578011274338
tensor(0.0042, device='cuda:0', grad_fn=<SumBackward0>)
LOSS: 0.03322596475481987
PPO-LOSS: 0.0335279144346714
tensor(0.0043, device='cuda:0', grad_fn=<SumBackward0>)
LOSS: 0.03310286998748779
PPO-LOSS: 0.033569056540727615
tensor(0.0034, device='cuda:0', grad_fn=<SumBackward0>)
LOSS: 0.0331084169447422
PPO-LOSS: 0.03368961811065674
tensor(0.0025, device='cuda:0', grad_fn=<SumBackward0>)
LOSS: 0.033018652349710464
PPO-LOSS: 0.033591378480196
tensor(0.0021, device='cuda:0', grad_fn=<SumBackward0>)
LOSS: 0.06026545539498329
PPO-LOSS: 0.06268823891878128
tensor(0.0032, device='cuda:0', grad_fn=<SumBackward0>)
LOSS: 0.05795547738671303
PPO-LOSS: 0.06086527928709984
tensor(0.0052, device='cuda:0', grad_fn=<SumBackward0>)
LOSS: 0.05630116909742355
PPO-LOSS: 0.05883357673883438
tensor(0.0087, device='cuda:0', grad_fn=<SumBackward0>)
LOSS: 0.05572133511304855
PPO-LOSS: 0.057595111429691315
tensor(0.0107, device='cuda:0', grad_fn=<SumBackward0>)
LOSS: 0.055481165647506714
PPO-LOSS: 0.057444289326667786
tensor(0.0095, device='cuda:0', grad_fn=<SumBackward0>)
LOSS: 0.05585997924208641
PPO-LOSS: 0.05802467465400696
tensor(0.0067, device='cuda:0', grad_fn=<SumBackward0>)
LOSS: 0.056623734533786774
PPO-LOSS: 0.05850345641374588
tensor(0.0048, device='cuda:0', grad_fn=<SumBackward0>)
LOSS: 0.05641781538724899
PPO-LOSS: 0.058014992624521255
tensor(0.0045, device='cuda:0', grad_fn=<SumBackward0>)
LOSS: 0.054914236068725586
PPO-LOSS: 0.05639476701617241
tensor(0.0058, device='cuda:0', grad_fn=<SumBackward0>)
LOSS: 0.053196754306554794
PPO-LOSS: 0.05425788462162018
tensor(0.0082, device='cuda:0', grad_fn=<SumBackward0>)
LOSS: 0.046401653438806534
PPO-LOSS: 0.045810651034116745
tensor(0.0104, device='cuda:0', grad_fn=<SumBackward0>)
LOSS: 0.045704133808612823
PPO-LOSS: 0.045463982969522476
tensor(0.0090, device='cuda:0', grad_fn=<SumBackward0>)
LOSS: 0.045440178364515305
PPO-LOSS: 0.04583471640944481
tensor(0.0062, device='cuda:0', grad_fn=<SumBackward0>)
LOSS: 0.04550160467624664
PPO-LOSS: 0.04590463265776634
tensor(0.0046, device='cuda:0', grad_fn=<SumBackward0>)
LOSS: 0.04446183890104294
PPO-LOSS: 0.04470264911651611
tensor(0.0049, device='cuda:0', grad_fn=<SumBackward0>)
LOSS: 0.042722299695014954
PPO-LOSS: 0.042447835206985474
tensor(0.0071, device='cuda:0', grad_fn=<SumBackward0>)
LOSS: 0.041555605828762054
PPO-LOSS: 0.040302179753780365
tensor(0.0095, device='cuda:0', grad_fn=<SumBackward0>)
LOSS: 0.040599096566438675
PPO-LOSS: 0.039198022335767746
tensor(0.0093, device='cuda:0', grad_fn=<SumBackward0>)
LOSS: 0.04135436937212944
PPO-LOSS: 0.04082506150007248
tensor(0.0068, device='cuda:0', grad_fn=<SumBackward0>)
LOSS: 0.04248502850532532
PPO-LOSS: 0.04244052246212959
tensor(0.0051, device='cuda:0', grad_fn=<SumBackward0>)
LOSS: 0.10097887367010117
PPO-LOSS: 0.10868585109710693
tensor(0.0056, device='cuda:0', grad_fn=<SumBackward0>)
LOSS: 0.0910659208893776
PPO-LOSS: 0.10073520988225937
tensor(0.0157, device='cuda:0', grad_fn=<SumBackward0>)
LOSS: 0.08843166381120682
PPO-LOSS: 0.09389158338308334
tensor(0.0308, device='cuda:0', grad_fn=<SumBackward0>)
LOSS: 0.08765342831611633
PPO-LOSS: 0.09253603219985962
tensor(0.0312, device='cuda:0', grad_fn=<SumBackward0>)
LOSS: 0.08766383677721024
PPO-LOSS: 0.09567400068044662
tensor(0.0189, device='cuda:0', grad_fn=<SumBackward0>)
LOSS: 0.09199846535921097
PPO-LOSS: 0.09984520077705383
tensor(0.0090, device='cuda:0', grad_fn=<SumBackward0>)
LOSS: 0.09297149628400803
PPO-LOSS: 0.09969685971736908
tensor(0.0075, device='cuda:0', grad_fn=<SumBackward0>)
LOSS: 0.08703692257404327
PPO-LOSS: 0.09426219016313553
tensor(0.0127, device='cuda:0', grad_fn=<SumBackward0>)
LOSS: 0.08272533118724823
PPO-LOSS: 0.08754260092973709
tensor(0.0230, device='cuda:0', grad_fn=<SumBackward0>)
LOSS: 0.08244498074054718
PPO-LOSS: 0.08539333194494247
tensor(0.0286, device='cuda:0', grad_fn=<SumBackward0>)
LOSS: 0.09163492918014526
PPO-LOSS: 0.09914129227399826
tensor(0.0232, device='cuda:0', grad_fn=<SumBackward0>)
LOSS: 0.09400777518749237
PPO-LOSS: 0.1026213988661766
tensor(0.0137, device='cuda:0', grad_fn=<SumBackward0>)
LOSS: 0.09620779007673264
PPO-LOSS: 0.10404838621616364
tensor(0.0096, device='cuda:0', grad_fn=<SumBackward0>)
LOSS: 0.09313741326332092
PPO-LOSS: 0.10135270655155182
tensor(0.0117, device='cuda:0', grad_fn=<SumBackward0>)
LOSS: 0.08915694057941437
PPO-LOSS: 0.09687893837690353
tensor(0.0187, device='cuda:0', grad_fn=<SumBackward0>)
LOSS: 0.08784652501344681
PPO-LOSS: 0.09424445778131485
tensor(0.0240, device='cuda:0', grad_fn=<SumBackward0>)
LOSS: 0.08783472329378128
PPO-LOSS: 0.0948442816734314
tensor(0.0212, device='cuda:0', grad_fn=<SumBackward0>)
LOSS: 0.08960546553134918
PPO-LOSS: 0.0975256934762001
tensor(0.0142, device='cuda:0', grad_fn=<SumBackward0>)
LOSS: 0.09152820706367493
PPO-LOSS: 0.0990932509303093
tensor(0.0108, device='cuda:0', grad_fn=<SumBackward0>)
LOSS: 0.08978191763162613
PPO-LOSS: 0.097466841340065
tensor(0.0126, device='cuda:0', grad_fn=<SumBackward0>)
LOSS: 0.07954171299934387
PPO-LOSS: 0.08602719753980637
tensor(0.0153, device='cuda:0', grad_fn=<SumBackward0>)
LOSS: 0.07876146584749222
PPO-LOSS: 0.0848589614033699
tensor(0.0163, device='cuda:0', grad_fn=<SumBackward0>)
LOSS: 0.07889365404844284
PPO-LOSS: 0.08519896119832993
tensor(0.0122, device='cuda:0', grad_fn=<SumBackward0>)
LOSS: 0.07975801080465317
PPO-LOSS: 0.08537834137678146
tensor(0.0085, device='cuda:0', grad_fn=<SumBackward0>)
LOSS: 0.0782981738448143
PPO-LOSS: 0.0834324061870575
tensor(0.0085, device='cuda:0', grad_fn=<SumBackward0>)
LOSS: 0.07486175000667572
PPO-LOSS: 0.0797523632645607
tensor(0.0118, device='cuda:0', grad_fn=<SumBackward0>)
LOSS: 0.07279623299837112
PPO-LOSS: 0.07679945230484009
tensor(0.0150, device='cuda:0', grad_fn=<SumBackward0>)
LOSS: 0.073746457695961
PPO-LOSS: 0.07791109383106232
tensor(0.0130, device='cuda:0', grad_fn=<SumBackward0>)
LOSS: 0.07650043815374374
PPO-LOSS: 0.0805341824889183
tensor(0.0095, device='cuda:0', grad_fn=<SumBackward0>)
LOSS: 0.07606681436300278
PPO-LOSS: 0.07957788556814194
tensor(0.0088, device='cuda:0', grad_fn=<SumBackward0>)
LOSS: 0.07541006803512573
PPO-LOSS: 0.07936682552099228
tensor(0.0110, device='cuda:0', grad_fn=<SumBackward0>)
LOSS: 0.07443532347679138
PPO-LOSS: 0.07800757884979248
tensor(0.0149, device='cuda:0', grad_fn=<SumBackward0>)
LOSS: 0.0744118019938469
PPO-LOSS: 0.07770675420761108
tensor(0.0154, device='cuda:0', grad_fn=<SumBackward0>)
LOSS: 0.07518144696950912
PPO-LOSS: 0.07838871330022812
tensor(0.0127, device='cuda:0', grad_fn=<SumBackward0>)
LOSS: 0.07598897814750671
PPO-LOSS: 0.07861284166574478
tensor(0.0110, device='cuda:0', grad_fn=<SumBackward0>)
LOSS: 0.07523691654205322
PPO-LOSS: 0.07747066020965576
tensor(0.0119, device='cuda:0', grad_fn=<SumBackward0>)
LOSS: 0.07381539046764374
PPO-LOSS: 0.07571504265069962
tensor(0.0143, device='cuda:0', grad_fn=<SumBackward0>)
LOSS: 0.07314624637365341
PPO-LOSS: 0.07467552274465561
tensor(0.0155, device='cuda:0', grad_fn=<SumBackward0>)
LOSS: 0.07325798273086548
PPO-LOSS: 0.07462354749441147
tensor(0.0140, device='cuda:0', grad_fn=<SumBackward0>)
LOSS: 0.07349568605422974
PPO-LOSS: 0.07460805773735046
tensor(0.0123, device='cuda:0', grad_fn=<SumBackward0>)
LOSS: 0.08693768829107285
PPO-LOSS: 0.09048525243997574
tensor(0.0137, device='cuda:0', grad_fn=<SumBackward0>)
LOSS: 0.08435351401567459
PPO-LOSS: 0.08818461745977402
tensor(0.0168, device='cuda:0', grad_fn=<SumBackward0>)
LOSS: 0.08244340121746063
PPO-LOSS: 0.08596920222043991
tensor(0.0201, device='cuda:0', grad_fn=<SumBackward0>)
LOSS: 0.08185470849275589
PPO-LOSS: 0.08559726178646088
tensor(0.0192, device='cuda:0', grad_fn=<SumBackward0>)
LOSS: 0.08248759061098099
PPO-LOSS: 0.0867435410618782
tensor(0.0151, device='cuda:0', grad_fn=<SumBackward0>)
LOSS: 0.08351486921310425
PPO-LOSS: 0.08767242729663849
tensor(0.0122, device='cuda:0', grad_fn=<SumBackward0>)
LOSS: 0.08279021084308624
PPO-LOSS: 0.08691435307264328
tensor(0.0122, device='cuda:0', grad_fn=<SumBackward0>)
LOSS: 0.08073734492063522
PPO-LOSS: 0.0847993865609169
tensor(0.0147, device='cuda:0', grad_fn=<SumBackward0>)
LOSS: 0.07919077575206757
PPO-LOSS: 0.08283662050962448
tensor(0.0170, device='cuda:0', grad_fn=<SumBackward0>)
LOSS: 0.07844202220439911
PPO-LOSS: 0.08190024644136429
tensor(0.0167, device='cuda:0', grad_fn=<SumBackward0>)
LOSS: 0.1293879598379135
PPO-LOSS: 0.14495277404785156
tensor(0.0168, device='cuda:0', grad_fn=<SumBackward0>)
LOSS: 0.12389659136533737
PPO-LOSS: 0.14011624455451965
tensor(0.0235, device='cuda:0', grad_fn=<SumBackward0>)
LOSS: 0.11932467669248581
PPO-LOSS: 0.13375237584114075
tensor(0.0349, device='cuda:0', grad_fn=<SumBackward0>)
LOSS: 0.11806613206863403
PPO-LOSS: 0.13090060651302338
tensor(0.0400, device='cuda:0', grad_fn=<SumBackward0>)
LOSS: 0.11892060190439224
PPO-LOSS: 0.13271713256835938
tensor(0.0334, device='cuda:0', grad_fn=<SumBackward0>)
LOSS: 0.1225815936923027
PPO-LOSS: 0.13673919439315796
tensor(0.0236, device='cuda:0', grad_fn=<SumBackward0>)
LOSS: 0.1255262792110443
PPO-LOSS: 0.13881751894950867
tensor(0.0192, device='cuda:0', grad_fn=<SumBackward0>)
LOSS: 0.12327089160680771
PPO-LOSS: 0.1365438997745514
tensor(0.0214, device='cuda:0', grad_fn=<SumBackward0>)
LOSS: 0.11867289990186691
PPO-LOSS: 0.1316804140806198
tensor(0.0285, device='cuda:0', grad_fn=<SumBackward0>)
LOSS: 0.11592350900173187
PPO-LOSS: 0.1278272569179535
tensor(0.0345, device='cuda:0', grad_fn=<SumBackward0>)
LOSS: 0.08706764876842499
PPO-LOSS: 0.0915587916970253
tensor(0.0265, device='cuda:0', grad_fn=<SumBackward0>)
LOSS: 0.08780506253242493
PPO-LOSS: 0.09400369971990585
tensor(0.0186, device='cuda:0', grad_fn=<SumBackward0>)
LOSS: 0.0896611362695694
PPO-LOSS: 0.09598448872566223
tensor(0.0126, device='cuda:0', grad_fn=<SumBackward0>)
LOSS: 0.08876282721757889
PPO-LOSS: 0.0948442816734314
tensor(0.0118, device='cuda:0', grad_fn=<SumBackward0>)
LOSS: 0.08534759283065796
PPO-LOSS: 0.09139429032802582
tensor(0.0155, device='cuda:0', grad_fn=<SumBackward0>)
LOSS: 0.08354513347148895
PPO-LOSS: 0.08881804347038269
tensor(0.0200, device='cuda:0', grad_fn=<SumBackward0>)
LOSS: 0.08385953307151794
PPO-LOSS: 0.0893697440624237
tensor(0.0189, device='cuda:0', grad_fn=<SumBackward0>)
LOSS: 0.08555886894464493
PPO-LOSS: 0.09150173515081406
tensor(0.0138, device='cuda:0', grad_fn=<SumBackward0>)
LOSS: 0.08714883029460907
PPO-LOSS: 0.09266716986894608
tensor(0.0111, device='cuda:0', grad_fn=<SumBackward0>)
LOSS: 0.0855080783367157
PPO-LOSS: 0.09110639244318008
tensor(0.0128, device='cuda:0', grad_fn=<SumBackward0>)
LOSS: 0.08415739238262177
PPO-LOSS: 0.0893804058432579
tensor(0.0181, device='cuda:0', grad_fn=<SumBackward0>)
LOSS: 0.08374878764152527
PPO-LOSS: 0.08845065534114838
tensor(0.0200, device='cuda:0', grad_fn=<SumBackward0>)
LOSS: 0.08429491519927979
PPO-LOSS: 0.08902201801538467
tensor(0.0172, device='cuda:0', grad_fn=<SumBackward0>)
LOSS: 0.08552177250385284
PPO-LOSS: 0.08970296382904053
tensor(0.0140, device='cuda:0', grad_fn=<SumBackward0>)
LOSS: 0.08561864495277405
PPO-LOSS: 0.0890950858592987
tensor(0.0134, device='cuda:0', grad_fn=<SumBackward0>)
LOSS: 0.08415406197309494
PPO-LOSS: 0.08735743910074234
tensor(0.0155, device='cuda:0', grad_fn=<SumBackward0>)
LOSS: 0.08297248929738998
PPO-LOSS: 0.08591380715370178
tensor(0.0179, device='cuda:0', grad_fn=<SumBackward0>)
LOSS: 0.08273890614509583
PPO-LOSS: 0.08555121719837189
tensor(0.0177, device='cuda:0', grad_fn=<SumBackward0>)
LOSS: 0.08321800082921982
PPO-LOSS: 0.08595917373895645
tensor(0.0153, device='cuda:0', grad_fn=<SumBackward0>)
LOSS: 0.08317790180444717
PPO-LOSS: 0.08605154603719711
tensor(0.0137, device='cuda:0', grad_fn=<SumBackward0>)
LOSS: 0.10276017338037491
PPO-LOSS: 0.10901260375976562
tensor(0.0133, device='cuda:0', grad_fn=<SumBackward0>)
LOSS: 0.09781815111637115
PPO-LOSS: 0.10547817498445511
tensor(0.0188, device='cuda:0', grad_fn=<SumBackward0>)
LOSS: 0.09513508528470993
PPO-LOSS: 0.10219735652208328
tensor(0.0243, device='cuda:0', grad_fn=<SumBackward0>)
LOSS: 0.09447503834962845
PPO-LOSS: 0.10145005583763123
tensor(0.0227, device='cuda:0', grad_fn=<SumBackward0>)
LOSS: 0.09583156555891037
PPO-LOSS: 0.10257592797279358
tensor(0.0166, device='cuda:0', grad_fn=<SumBackward0>)
LOSS: 0.09794601798057556
PPO-LOSS: 0.10320074111223221
tensor(0.0128, device='cuda:0', grad_fn=<SumBackward0>)
LOSS: 0.09667593240737915
PPO-LOSS: 0.10169744491577148
tensor(0.0131, device='cuda:0', grad_fn=<SumBackward0>)
LOSS: 0.09348603338003159
PPO-LOSS: 0.09912286698818207
tensor(0.0167, device='cuda:0', grad_fn=<SumBackward0>)
LOSS: 0.0915827676653862
PPO-LOSS: 0.09711138159036636
tensor(0.0206, device='cuda:0', grad_fn=<SumBackward0>)
LOSS: 0.09143174439668655
PPO-LOSS: 0.09684516489505768
tensor(0.0208, device='cuda:0', grad_fn=<SumBackward0>)
LOSS: 0.11136730015277863
PPO-LOSS: 0.12366217374801636
tensor(0.0241, device='cuda:0', grad_fn=<SumBackward0>)
LOSS: 0.11218447983264923
PPO-LOSS: 0.12453241646289825
tensor(0.0215, device='cuda:0', grad_fn=<SumBackward0>)
LOSS: 0.11145126819610596
PPO-LOSS: 0.1237737238407135
tensor(0.0215, device='cuda:0', grad_fn=<SumBackward0>)
LOSS: 0.10955113172531128
PPO-LOSS: 0.12174653261899948
tensor(0.0236, device='cuda:0', grad_fn=<SumBackward0>)
LOSS: 0.10788560658693314
PPO-LOSS: 0.11981655657291412
tensor(0.0257, device='cuda:0', grad_fn=<SumBackward0>)
LOSS: 0.10700924694538116
PPO-LOSS: 0.11893502622842789
tensor(0.0256, device='cuda:0', grad_fn=<SumBackward0>)
LOSS: 0.10683969408273697
PPO-LOSS: 0.11908886581659317
tensor(0.0231, device='cuda:0', grad_fn=<SumBackward0>)
LOSS: 0.10702097415924072
PPO-LOSS: 0.11952108144760132
tensor(0.0202, device='cuda:0', grad_fn=<SumBackward0>)
LOSS: 0.10702317953109741
PPO-LOSS: 0.11964941769838333
tensor(0.0189, device='cuda:0', grad_fn=<SumBackward0>)
LOSS: 0.1061028242111206
PPO-LOSS: 0.11869188398122787
tensor(0.0199, device='cuda:0', grad_fn=<SumBackward0>)
LOSS: 0.09819353371858597
PPO-LOSS: 0.10746914148330688
tensor(0.0240, device='cuda:0', grad_fn=<SumBackward0>)
LOSS: 0.09805075824260712
PPO-LOSS: 0.10739053785800934
tensor(0.0228, device='cuda:0', grad_fn=<SumBackward0>)
LOSS: 0.09872438758611679
PPO-LOSS: 0.10836520791053772
tensor(0.0194, device='cuda:0', grad_fn=<SumBackward0>)
LOSS: 0.09953022003173828
PPO-LOSS: 0.10915755480527878
tensor(0.0167, device='cuda:0', grad_fn=<SumBackward0>)
LOSS: 0.09916720539331436
PPO-LOSS: 0.1086806133389473
tensor(0.0163, device='cuda:0', grad_fn=<SumBackward0>)
LOSS: 0.09759080410003662
PPO-LOSS: 0.1069495677947998
tensor(0.0181, device='cuda:0', grad_fn=<SumBackward0>)
LOSS: 0.09595587104558945
PPO-LOSS: 0.10491994023323059
tensor(0.0207, device='cuda:0', grad_fn=<SumBackward0>)
LOSS: 0.0949452817440033
PPO-LOSS: 0.10356321930885315
tensor(0.0220, device='cuda:0', grad_fn=<SumBackward0>)
LOSS: 0.09456602483987808
PPO-LOSS: 0.10321328043937683
tensor(0.0210, device='cuda:0', grad_fn=<SumBackward0>)
LOSS: 0.0946575477719307
PPO-LOSS: 0.10348735749721527
tensor(0.0188, device='cuda:0', grad_fn=<SumBackward0>)
LOSS: 0.08673391491174698
PPO-LOSS: 0.09337744116783142
tensor(0.0166, device='cuda:0', grad_fn=<SumBackward0>)
LOSS: 0.08670656383037567
PPO-LOSS: 0.09338092058897018
tensor(0.0150, device='cuda:0', grad_fn=<SumBackward0>)
LOSS: 0.08624278753995895
PPO-LOSS: 0.09282202273607254
tensor(0.0142, device='cuda:0', grad_fn=<SumBackward0>)
LOSS: 0.08532936125993729
PPO-LOSS: 0.09180371463298798
tensor(0.0144, device='cuda:0', grad_fn=<SumBackward0>)
LOSS: 0.08419273793697357
PPO-LOSS: 0.09053702652454376
tensor(0.0149, device='cuda:0', grad_fn=<SumBackward0>)
LOSS: 0.08296072483062744
PPO-LOSS: 0.08915916085243225
tensor(0.0150, device='cuda:0', grad_fn=<SumBackward0>)
LOSS: 0.08212340623140335
PPO-LOSS: 0.08831367641687393
tensor(0.0147, device='cuda:0', grad_fn=<SumBackward0>)
LOSS: 0.08153851330280304
PPO-LOSS: 0.08771476149559021
tensor(0.0144, device='cuda:0', grad_fn=<SumBackward0>)
LOSS: 0.08068247139453888
PPO-LOSS: 0.08667579293251038
tensor(0.0144, device='cuda:0', grad_fn=<SumBackward0>)
LOSS: 0.07952471077442169
PPO-LOSS: 0.08516605943441391
tensor(0.0147, device='cuda:0', grad_fn=<SumBackward0>)
LOSS: 0.12827251851558685
PPO-LOSS: 0.14657951891422272
tensor(0.0171, device='cuda:0', grad_fn=<SumBackward0>)
LOSS: 0.12279608845710754
PPO-LOSS: 0.14075276255607605
tensor(0.0236, device='cuda:0', grad_fn=<SumBackward0>)
LOSS: 0.11911189556121826
PPO-LOSS: 0.1352764517068863
tensor(0.0328, device='cuda:0', grad_fn=<SumBackward0>)
LOSS: 0.11852338910102844
PPO-LOSS: 0.13378949463367462
tensor(0.0354, device='cuda:0', grad_fn=<SumBackward0>)
LOSS: 0.11965209245681763
PPO-LOSS: 0.13564226031303406
tensor(0.0292, device='cuda:0', grad_fn=<SumBackward0>)
LOSS: 0.12246586382389069
PPO-LOSS: 0.1384342610836029
tensor(0.0211, device='cuda:0', grad_fn=<SumBackward0>)
LOSS: 0.1239110454916954
PPO-LOSS: 0.13933227956295013
tensor(0.0179, device='cuda:0', grad_fn=<SumBackward0>)
LOSS: 0.12129635363817215
PPO-LOSS: 0.13707511126995087
tensor(0.0208, device='cuda:0', grad_fn=<SumBackward0>)
LOSS: 0.11738681048154831
PPO-LOSS: 0.13276760280132294
tensor(0.0282, device='cuda:0', grad_fn=<SumBackward0>)
LOSS: 0.11506389826536179
PPO-LOSS: 0.12898144125938416
tensor(0.0352, device='cuda:0', grad_fn=<SumBackward0>)
LOSS: 0.12743009626865387
PPO-LOSS: 0.14689548313617706
tensor(0.0337, device='cuda:0', grad_fn=<SumBackward0>)
LOSS: 0.12700676918029785
PPO-LOSS: 0.1464385837316513
tensor(0.0307, device='cuda:0', grad_fn=<SumBackward0>)
LOSS: 0.12793399393558502
PPO-LOSS: 0.14736449718475342
tensor(0.0257, device='cuda:0', grad_fn=<SumBackward0>)
LOSS: 0.1296340823173523
PPO-LOSS: 0.14866121113300323
tensor(0.0219, device='cuda:0', grad_fn=<SumBackward0>)
LOSS: 0.12980692088603973
PPO-LOSS: 0.14829769730567932
tensor(0.0212, device='cuda:0', grad_fn=<SumBackward0>)
LOSS: 0.12743347883224487
PPO-LOSS: 0.14538463950157166
tensor(0.0235, device='cuda:0', grad_fn=<SumBackward0>)
LOSS: 0.12460824102163315
PPO-LOSS: 0.14175182580947876
tensor(0.0273, device='cuda:0', grad_fn=<SumBackward0>)
LOSS: 0.12314078211784363
PPO-LOSS: 0.13947424292564392
tensor(0.0307, device='cuda:0', grad_fn=<SumBackward0>)
LOSS: 0.1224341094493866
PPO-LOSS: 0.13808207213878632
tensor(0.0319, device='cuda:0', grad_fn=<SumBackward0>)
LOSS: 0.12262482196092606
PPO-LOSS: 0.13799214363098145
tensor(0.0307, device='cuda:0', grad_fn=<SumBackward0>)
LOSS: 0.10834275931119919
PPO-LOSS: 0.11805184930562973
tensor(0.0258, device='cuda:0', grad_fn=<SumBackward0>)
LOSS: 0.1067594513297081
PPO-LOSS: 0.1157885193824768
tensor(0.0254, device='cuda:0', grad_fn=<SumBackward0>)
LOSS: 0.10451001673936844
PPO-LOSS: 0.11284296959638596
tensor(0.0266, device='cuda:0', grad_fn=<SumBackward0>)
LOSS: 0.10357648134231567
PPO-LOSS: 0.11185555905103683
tensor(0.0276, device='cuda:0', grad_fn=<SumBackward0>)
LOSS: 0.10379286110401154
PPO-LOSS: 0.11273782700300217
tensor(0.0256, device='cuda:0', grad_fn=<SumBackward0>)
LOSS: 0.10364196449518204
PPO-LOSS: 0.11312150955200195
tensor(0.0226, device='cuda:0', grad_fn=<SumBackward0>)
LOSS: 0.10236237198114395
PPO-LOSS: 0.11198116093873978
tensor(0.0205, device='cuda:0', grad_fn=<SumBackward0>)
LOSS: 0.09963181614875793
PPO-LOSS: 0.10906850546598434
tensor(0.0215, device='cuda:0', grad_fn=<SumBackward0>)
LOSS: 0.09719815105199814
PPO-LOSS: 0.10598617047071457
tensor(0.0250, device='cuda:0', grad_fn=<SumBackward0>)
LOSS: 0.09708118438720703
PPO-LOSS: 0.10539932548999786
tensor(0.0284, device='cuda:0', grad_fn=<SumBackward0>)
LOSS: 0.19039535522460938
PPO-LOSS: 0.23664768040180206
tensor(0.0368, device='cuda:0', grad_fn=<SumBackward0>)
LOSS: 0.18627811968326569
PPO-LOSS: 0.23178207874298096
tensor(0.0421, device='cuda:0', grad_fn=<SumBackward0>)
LOSS: 0.182847261428833
PPO-LOSS: 0.22695903480052948
tensor(0.0474, device='cuda:0', grad_fn=<SumBackward0>)
LOSS: 0.18166854977607727
PPO-LOSS: 0.22436881065368652
tensor(0.0480, device='cuda:0', grad_fn=<SumBackward0>)
LOSS: 0.1825661063194275
PPO-LOSS: 0.22382652759552002
tensor(0.0441, device='cuda:0', grad_fn=<SumBackward0>)
LOSS: 0.18416094779968262
PPO-LOSS: 0.22366704046726227
tensor(0.0409, device='cuda:0', grad_fn=<SumBackward0>)
LOSS: 0.18326407670974731
PPO-LOSS: 0.2209196388721466
tensor(0.0425, device='cuda:0', grad_fn=<SumBackward0>)
LOSS: 0.18078064918518066
PPO-LOSS: 0.21706622838974
tensor(0.0478, device='cuda:0', grad_fn=<SumBackward0>)
LOSS: 0.17936508357524872
PPO-LOSS: 0.2147749364376068
tensor(0.0511, device='cuda:0', grad_fn=<SumBackward0>)
LOSS: 0.1794722080230713
PPO-LOSS: 0.21466375887393951
tensor(0.0505, device='cuda:0', grad_fn=<SumBackward0>)
LOSS: 0.2108832746744156
PPO-LOSS: 0.26073721051216125
tensor(0.0508, device='cuda:0', grad_fn=<SumBackward0>)
LOSS: 0.20731475949287415
PPO-LOSS: 0.2570957541465759
tensor(0.0545, device='cuda:0', grad_fn=<SumBackward0>)
LOSS: 0.20113413035869598
PPO-LOSS: 0.249770388007164
tensor(0.0621, device='cuda:0', grad_fn=<SumBackward0>)
LOSS: 0.19626259803771973
PPO-LOSS: 0.24335448443889618
tensor(0.0672, device='cuda:0', grad_fn=<SumBackward0>)
LOSS: 0.19537095725536346
PPO-LOSS: 0.24260973930358887
tensor(0.0627, device='cuda:0', grad_fn=<SumBackward0>)
LOSS: 0.1991448849439621
PPO-LOSS: 0.2478324919939041
tensor(0.0514, device='cuda:0', grad_fn=<SumBackward0>)
LOSS: 0.2035122960805893
PPO-LOSS: 0.25265419483184814
tensor(0.0423, device='cuda:0', grad_fn=<SumBackward0>)
LOSS: 0.20247206091880798
PPO-LOSS: 0.25267595052719116
tensor(0.0436, device='cuda:0', grad_fn=<SumBackward0>)
LOSS: 0.19620124995708466
PPO-LOSS: 0.24637329578399658
tensor(0.0540, device='cuda:0', grad_fn=<SumBackward0>)
LOSS: 0.19179289042949677
PPO-LOSS: 0.24038715660572052
tensor(0.0628, device='cuda:0', grad_fn=<SumBackward0>)
LOSS: 0.1559053510427475
PPO-LOSS: 0.1850079447031021
tensor(0.0560, device='cuda:0', grad_fn=<SumBackward0>)
LOSS: 0.15903240442276
PPO-LOSS: 0.19034254550933838
tensor(0.0440, device='cuda:0', grad_fn=<SumBackward0>)
LOSS: 0.1611693799495697
PPO-LOSS: 0.19263626635074615
tensor(0.0352, device='cuda:0', grad_fn=<SumBackward0>)
LOSS: 0.1579301506280899
PPO-LOSS: 0.18834735453128815
tensor(0.0351, device='cuda:0', grad_fn=<SumBackward0>)
LOSS: 0.15153434872627258
PPO-LOSS: 0.18000774085521698
tensor(0.0421, device='cuda:0', grad_fn=<SumBackward0>)
LOSS: 0.1482110619544983
PPO-LOSS: 0.1745307892560959
tensor(0.0499, device='cuda:0', grad_fn=<SumBackward0>)
LOSS: 0.14694282412528992
PPO-LOSS: 0.17176583409309387
tensor(0.0534, device='cuda:0', grad_fn=<SumBackward0>)
LOSS: 0.14951276779174805
PPO-LOSS: 0.17574374377727509
tensor(0.0461, device='cuda:0', grad_fn=<SumBackward0>)
LOSS: 0.15394628047943115
PPO-LOSS: 0.18128511309623718
tensor(0.0380, device='cuda:0', grad_fn=<SumBackward0>)
LOSS: 0.15711970627307892
PPO-LOSS: 0.18408313393592834
tensor(0.0326, device='cuda:0', grad_fn=<SumBackward0>)
LOSS: 0.1385357677936554
PPO-LOSS: 0.1596825122833252
tensor(0.0311, device='cuda:0', grad_fn=<SumBackward0>)
LOSS: 0.1330702304840088
PPO-LOSS: 0.1514793038368225
tensor(0.0440, device='cuda:0', grad_fn=<SumBackward0>)
LOSS: 0.12988942861557007
PPO-LOSS: 0.14460481703281403
tensor(0.0545, device='cuda:0', grad_fn=<SumBackward0>)
LOSS: 0.12869524955749512
PPO-LOSS: 0.14379674196243286
tensor(0.0507, device='cuda:0', grad_fn=<SumBackward0>)
LOSS: 0.12971773743629456
PPO-LOSS: 0.14737242460250854
tensor(0.0382, device='cuda:0', grad_fn=<SumBackward0>)
LOSS: 0.13236036896705627
PPO-LOSS: 0.15106803178787231
tensor(0.0308, device='cuda:0', grad_fn=<SumBackward0>)
LOSS: 0.13216917216777802
PPO-LOSS: 0.1507958471775055
tensor(0.0310, device='cuda:0', grad_fn=<SumBackward0>)
LOSS: 0.1290549635887146
PPO-LOSS: 0.14652112126350403
tensor(0.0368, device='cuda:0', grad_fn=<SumBackward0>)
LOSS: 0.12640996277332306
PPO-LOSS: 0.14110884070396423
tensor(0.0474, device='cuda:0', grad_fn=<SumBackward0>)
LOSS: 0.12540440261363983
PPO-LOSS: 0.1386934220790863
tensor(0.0507, device='cuda:0', grad_fn=<SumBackward0>)
LOSS: 0.19573500752449036
PPO-LOSS: 0.24332745373249054
tensor(0.0465, device='cuda:0', grad_fn=<SumBackward0>)
LOSS: 0.19377362728118896
PPO-LOSS: 0.24121616780757904
tensor(0.0489, device='cuda:0', grad_fn=<SumBackward0>)
LOSS: 0.18858659267425537
PPO-LOSS: 0.23477007448673248
tensor(0.0575, device='cuda:0', grad_fn=<SumBackward0>)
LOSS: 0.18473149836063385
PPO-LOSS: 0.22917397320270538
tensor(0.0632, device='cuda:0', grad_fn=<SumBackward0>)
LOSS: 0.18370117247104645
PPO-LOSS: 0.22788555920124054
tensor(0.0599, device='cuda:0', grad_fn=<SumBackward0>)
LOSS: 0.18474580347537994
PPO-LOSS: 0.22925125062465668
tensor(0.0521, device='cuda:0', grad_fn=<SumBackward0>)
LOSS: 0.18558397889137268
PPO-LOSS: 0.22963833808898926
tensor(0.0470, device='cuda:0', grad_fn=<SumBackward0>)
LOSS: 0.18537785112857819
PPO-LOSS: 0.22900107502937317
tensor(0.0484, device='cuda:0', grad_fn=<SumBackward0>)
LOSS: 0.18454813957214355
PPO-LOSS: 0.2276393622159958
tensor(0.0517, device='cuda:0', grad_fn=<SumBackward0>)
LOSS: 0.182998925447464
PPO-LOSS: 0.22511757910251617
tensor(0.0560, device='cuda:0', grad_fn=<SumBackward0>)
LOSS: 0.1739766001701355
PPO-LOSS: 0.21167105436325073
tensor(0.0549, device='cuda:0', grad_fn=<SumBackward0>)
LOSS: 0.175112783908844
PPO-LOSS: 0.21323004364967346
tensor(0.0508, device='cuda:0', grad_fn=<SumBackward0>)
LOSS: 0.1760338544845581
PPO-LOSS: 0.21427400410175323
tensor(0.0470, device='cuda:0', grad_fn=<SumBackward0>)
LOSS: 0.17490480840206146
PPO-LOSS: 0.21258574724197388
tensor(0.0477, device='cuda:0', grad_fn=<SumBackward0>)
LOSS: 0.1725340038537979
PPO-LOSS: 0.20911064743995667
tensor(0.0519, device='cuda:0', grad_fn=<SumBackward0>)
LOSS: 0.17099209129810333
PPO-LOSS: 0.2065964639186859
tensor(0.0546, device='cuda:0', grad_fn=<SumBackward0>)
LOSS: 0.17100809514522552
PPO-LOSS: 0.2064066231250763
tensor(0.0531, device='cuda:0', grad_fn=<SumBackward0>)
LOSS: 0.17143386602401733
PPO-LOSS: 0.20682905614376068
tensor(0.0495, device='cuda:0', grad_fn=<SumBackward0>)
LOSS: 0.17119836807250977
PPO-LOSS: 0.2063629925251007
tensor(0.0483, device='cuda:0', grad_fn=<SumBackward0>)
LOSS: 0.16990938782691956
PPO-LOSS: 0.20450672507286072
tensor(0.0515, device='cuda:0', grad_fn=<SumBackward0>)
LOSS: 0.20604683458805084
PPO-LOSS: 0.2584846615791321
tensor(0.0576, device='cuda:0', grad_fn=<SumBackward0>)
LOSS: 0.20168174803256989
PPO-LOSS: 0.2524747848510742
tensor(0.0673, device='cuda:0', grad_fn=<SumBackward0>)
LOSS: 0.19973956048488617
PPO-LOSS: 0.2492785006761551
tensor(0.0716, device='cuda:0', grad_fn=<SumBackward0>)
LOSS: 0.20088669657707214
PPO-LOSS: 0.25092437863349915
tensor(0.0654, device='cuda:0', grad_fn=<SumBackward0>)
LOSS: 0.2026945799589157
PPO-LOSS: 0.2531207501888275
tensor(0.0576, device='cuda:0', grad_fn=<SumBackward0>)
LOSS: 0.20198126137256622
PPO-LOSS: 0.2521320879459381
tensor(0.0566, device='cuda:0', grad_fn=<SumBackward0>)
LOSS: 0.1984403133392334
PPO-LOSS: 0.24749264121055603
tensor(0.0634, device='cuda:0', grad_fn=<SumBackward0>)
LOSS: 0.19620956480503082
PPO-LOSS: 0.24402974545955658
tensor(0.0692, device='cuda:0', grad_fn=<SumBackward0>)
LOSS: 0.19666028022766113
PPO-LOSS: 0.24462534487247467
tensor(0.0665, device='cuda:0', grad_fn=<SumBackward0>)
LOSS: 0.19850483536720276
PPO-LOSS: 0.24703188240528107
tensor(0.0598, device='cuda:0', grad_fn=<SumBackward0>)
Directory created: tests/PPOL/models/PID-tests/83j1v666
LOSS: 0.1407233029603958
PPO-LOSS: 0.16110952198505402
tensor(0.0501, device='cuda:0', grad_fn=<SumBackward0>)
LOSS: 0.14165936410427094
PPO-LOSS: 0.16322031617164612
tensor(0.0438, device='cuda:0', grad_fn=<SumBackward0>)
LOSS: 0.14153790473937988
PPO-LOSS: 0.16331252455711365
tensor(0.0414, device='cuda:0', grad_fn=<SumBackward0>)
LOSS: 0.13975673913955688
PPO-LOSS: 0.1607031226158142
tensor(0.0450, device='cuda:0', grad_fn=<SumBackward0>)
LOSS: 0.13780608773231506
PPO-LOSS: 0.15770144760608673
tensor(0.0485, device='cuda:0', grad_fn=<SumBackward0>)
LOSS: 0.13691432774066925
PPO-LOSS: 0.15677618980407715
tensor(0.0485, device='cuda:0', grad_fn=<SumBackward0>)
LOSS: 0.1373428851366043
PPO-LOSS: 0.1583622843027115
tensor(0.0438, device='cuda:0', grad_fn=<SumBackward0>)
LOSS: 0.13720402121543884
PPO-LOSS: 0.15849976241588593
tensor(0.0409, device='cuda:0', grad_fn=<SumBackward0>)
LOSS: 0.13580761849880219
PPO-LOSS: 0.1561390608549118
tensor(0.0430, device='cuda:0', grad_fn=<SumBackward0>)
LOSS: 0.13432647287845612
PPO-LOSS: 0.15333324670791626
tensor(0.0468, device='cuda:0', grad_fn=<SumBackward0>)
LOSS: 0.12073224782943726
PPO-LOSS: 0.1350720077753067
tensor(0.0439, device='cuda:0', grad_fn=<SumBackward0>)
LOSS: 0.12115860730409622
PPO-LOSS: 0.13678424060344696
tensor(0.0385, device='cuda:0', grad_fn=<SumBackward0>)
LOSS: 0.1214236170053482
PPO-LOSS: 0.13753531873226166
tensor(0.0349, device='cuda:0', grad_fn=<SumBackward0>)
LOSS: 0.12000934034585953
PPO-LOSS: 0.1347585916519165
tensor(0.0380, device='cuda:0', grad_fn=<SumBackward0>)
LOSS: 0.11877220124006271
PPO-LOSS: 0.13153989613056183
tensor(0.0434, device='cuda:0', grad_fn=<SumBackward0>)
LOSS: 0.11842894554138184
PPO-LOSS: 0.13085545599460602
tensor(0.0435, device='cuda:0', grad_fn=<SumBackward0>)
LOSS: 0.11884599179029465
PPO-LOSS: 0.1324729472398758
tensor(0.0385, device='cuda:0', grad_fn=<SumBackward0>)
LOSS: 0.11908669769763947
PPO-LOSS: 0.13305354118347168
tensor(0.0366, device='cuda:0', grad_fn=<SumBackward0>)
LOSS: 0.11776737868785858
PPO-LOSS: 0.13031704723834991
tensor(0.0407, device='cuda:0', grad_fn=<SumBackward0>)
LOSS: 0.11665655672550201
PPO-LOSS: 0.1277896910905838
slurmstepd: error: *** JOB 192782 ON ddpg.ist.berkeley.edu CANCELLED AT 2024-04-19T11:44:57 ***
slurmstepd: error: *** STEP 192782.0 ON ddpg.ist.berkeley.edu CANCELLED AT 2024-04-19T11:44:57 ***
