wandb: Currently logged in as: mason-nakamura1 (ecrl). Use `wandb login --relogin` to force relogin
wandb: Currently logged in as: mason-nakamura1 (ecrl). Use `wandb login --relogin` to force relogin
wandb: Currently logged in as: mason-nakamura1 (ecrl). Use `wandb login --relogin` to force relogin
wandb: Currently logged in as: mason-nakamura1 (ecrl). Use `wandb login --relogin` to force relogin
wandb: wandb version 0.16.1 is available!  To upgrade, please run:
wandb:  $ pip install wandb --upgrade
wandb: Tracking run with wandb version 0.14.2
wandb: Run data is saved locally in /nas/ucb/mason/ethically-compliant-rl/wandb/run-20231229_192616-7tosasjz
wandb: Run `wandb offline` to turn off syncing.
wandb: Syncing run fancy-frost-45
wandb: ⭐️ View project at https://wandb.ai/ecrl/New-PPOL-SpeedLimit%3D100
wandb: 🚀 View run at https://wandb.ai/ecrl/New-PPOL-SpeedLimit%3D100/runs/7tosasjz
wandb: wandb version 0.16.1 is available!  To upgrade, please run:
wandb:  $ pip install wandb --upgrade
wandb: Tracking run with wandb version 0.14.2
wandb: Run data is saved locally in /nas/ucb/mason/ethically-compliant-rl/wandb/run-20231230_032616-9hwoq3zu
wandb: Run `wandb offline` to turn off syncing.
wandb: Syncing run elated-pine-45
wandb: ⭐️ View project at https://wandb.ai/ecrl/New-PPOL-SpeedLimit%3D100
wandb: 🚀 View run at https://wandb.ai/ecrl/New-PPOL-SpeedLimit%3D100/runs/9hwoq3zu
wandb: wandb version 0.16.1 is available!  To upgrade, please run:
wandb:  $ pip install wandb --upgrade
wandb: Tracking run with wandb version 0.14.2
wandb: Run data is saved locally in /nas/ucb/mason/ethically-compliant-rl/wandb/run-20231229_192616-lmzzgtut
wandb: Run `wandb offline` to turn off syncing.
wandb: Syncing run deft-monkey-47
wandb: ⭐️ View project at https://wandb.ai/ecrl/New-PPOL-SpeedLimit%3D100
wandb: 🚀 View run at https://wandb.ai/ecrl/New-PPOL-SpeedLimit%3D100/runs/lmzzgtut
wandb: wandb version 0.16.1 is available!  To upgrade, please run:
wandb:  $ pip install wandb --upgrade
wandb: Tracking run with wandb version 0.14.2
wandb: Run data is saved locally in /nas/ucb/mason/ethically-compliant-rl/wandb/run-20231229_192616-uajowmaw
wandb: Run `wandb offline` to turn off syncing.
wandb: Syncing run efficient-spaceship-48
wandb: ⭐️ View project at https://wandb.ai/ecrl/New-PPOL-SpeedLimit%3D100
wandb: 🚀 View run at https://wandb.ai/ecrl/New-PPOL-SpeedLimit%3D100/runs/uajowmaw
Using cpu device
----------------------------------
| rollout/           |           |
|    ep_len_mean     | 1e+03     |
|    ep_rew_mean     | -1.59e+03 |
| time/              |           |
|    fps             | 120       |
|    iterations      | 1         |
|    time_elapsed    | 16        |
|    total_timesteps | 2048      |
----------------------------------
Using cpu device
----------------------------------
| rollout/           |           |
|    ep_len_mean     | 1e+03     |
|    ep_rew_mean     | -1.24e+03 |
| time/              |           |
|    fps             | 113       |
|    iterations      | 1         |
|    time_elapsed    | 18        |
|    total_timesteps | 2048      |
----------------------------------
Using cpu device
---------------------------------
| rollout/           |          |
|    ep_len_mean     | 1e+03    |
|    ep_rew_mean     | -1.3e+03 |
| time/              |          |
|    fps             | 112      |
|    iterations      | 1        |
|    time_elapsed    | 18       |
|    total_timesteps | 2048     |
---------------------------------
Using cpu device
----------------------------------
| rollout/           |           |
|    ep_len_mean     | 1e+03     |
|    ep_rew_mean     | -1.28e+03 |
| time/              |           |
|    fps             | 106       |
|    iterations      | 1         |
|    time_elapsed    | 19        |
|    total_timesteps | 2048      |
----------------------------------
-------------------------------------------
| rollout/                 |              |
|    ep_len_mean           | 1e+03        |
|    ep_rew_mean           | -1.33e+03    |
| time/                    |              |
|    fps                   | 118          |
|    iterations            | 2            |
|    time_elapsed          | 34           |
|    total_timesteps       | 4096         |
| train/                   |              |
|    approx_kl             | 0.0033779305 |
|    clip_fraction         | 0.0121       |
|    clip_range            | 0.2          |
|    cost_returns          | 0.0731       |
|    cost_value_loss       | 0.113        |
|    cost_values           | 0.092        |
|    entropy               | -2.83        |
|    entropy_loss          | -2.83        |
|    explained_variance    | -0.00279     |
|    lagrangian_multiplier | 0.0543       |
|    learning_rate         | 0.0003       |
|    loss                  | 13.4         |
|    n_updates             | 10           |
|    policy_gradient_loss  | -0.00343     |
|    std                   | 0.993        |
|    value_loss            | 760          |
-------------------------------------------
-------------------------------------------
| rollout/                 |              |
|    ep_len_mean           | 1e+03        |
|    ep_rew_mean           | -1.27e+03    |
| time/                    |              |
|    fps                   | 112          |
|    iterations            | 2            |
|    time_elapsed          | 36           |
|    total_timesteps       | 4096         |
| train/                   |              |
|    approx_kl             | 0.0049813734 |
|    clip_fraction         | 0.0279       |
|    clip_range            | 0.2          |
|    cost_returns          | 0.0992       |
|    cost_value_loss       | 0.0355       |
|    cost_values           | 0.124        |
|    entropy               | -2.84        |
|    entropy_loss          | -2.84        |
|    explained_variance    | 0.0508       |
|    lagrangian_multiplier | 0.0565       |
|    learning_rate         | 0.0003       |
|    loss                  | 7.37         |
|    n_updates             | 10           |
|    policy_gradient_loss  | -0.0042      |
|    std                   | 0.999        |
|    value_loss            | 447          |
-------------------------------------------
-------------------------------------------
| rollout/                 |              |
|    ep_len_mean           | 1e+03        |
|    ep_rew_mean           | -1.29e+03    |
| time/                    |              |
|    fps                   | 110          |
|    iterations            | 2            |
|    time_elapsed          | 37           |
|    total_timesteps       | 4096         |
| train/                   |              |
|    approx_kl             | 0.0045369277 |
|    clip_fraction         | 0.0137       |
|    clip_range            | 0.2          |
|    cost_returns          | -0.0539      |
|    cost_value_loss       | 0.0299       |
|    cost_values           | -0.0644      |
|    entropy               | -2.83        |
|    entropy_loss          | -2.83        |
|    explained_variance    | -0.00155     |
|    lagrangian_multiplier | 0.0733       |
|    learning_rate         | 0.0003       |
|    loss                  | 7.1          |
|    n_updates             | 10           |
|    policy_gradient_loss  | -0.00262     |
|    std                   | 0.997        |
|    value_loss            | 548          |
-------------------------------------------
------------------------------------------
| rollout/                 |             |
|    ep_len_mean           | 1e+03       |
|    ep_rew_mean           | -1.3e+03    |
| time/                    |             |
|    fps                   | 102         |
|    iterations            | 2           |
|    time_elapsed          | 39          |
|    total_timesteps       | 4096        |
| train/                   |             |
|    approx_kl             | 0.006038641 |
|    clip_fraction         | 0.0336      |
|    clip_range            | 0.2         |
|    cost_returns          | -0.0117     |
|    cost_value_loss       | 0.0228      |
|    cost_values           | -0.0165     |
|    entropy               | -2.84       |
|    entropy_loss          | -2.84       |
|    explained_variance    | -0.000284   |
|    lagrangian_multiplier | 0.0672      |
|    learning_rate         | 0.0003      |
|    loss                  | 7.07        |
|    n_updates             | 10          |
|    policy_gradient_loss  | -0.00396    |
|    std                   | 1           |
|    value_loss            | 492         |
------------------------------------------
-------------------------------------------
| rollout/                 |              |
|    ep_len_mean           | 1e+03        |
|    ep_rew_mean           | -1.32e+03    |
| time/                    |              |
|    fps                   | 117          |
|    iterations            | 3            |
|    time_elapsed          | 52           |
|    total_timesteps       | 6144         |
| train/                   |              |
|    approx_kl             | 0.0065857666 |
|    clip_fraction         | 0.0291       |
|    clip_range            | 0.2          |
|    cost_returns          | -0.0945      |
|    cost_value_loss       | 0.16         |
|    cost_values           | -0.109       |
|    entropy               | -2.83        |
|    entropy_loss          | -2.82        |
|    explained_variance    | 0.0179       |
|    lagrangian_multiplier | 0.0586       |
|    learning_rate         | 0.0003       |
|    loss                  | 5.62         |
|    n_updates             | 20           |
|    policy_gradient_loss  | -0.00449     |
|    std                   | 0.994        |
|    value_loss            | 355          |
-------------------------------------------
-------------------------------------------
| rollout/                 |              |
|    ep_len_mean           | 1e+03        |
|    ep_rew_mean           | -1.2e+03     |
| time/                    |              |
|    fps                   | 109          |
|    iterations            | 3            |
|    time_elapsed          | 55           |
|    total_timesteps       | 6144         |
| train/                   |              |
|    approx_kl             | 0.0028962966 |
|    clip_fraction         | 0.00391      |
|    clip_range            | 0.2          |
|    cost_returns          | 0.182        |
|    cost_value_loss       | 0.044        |
|    cost_values           | 0.222        |
|    entropy               | -2.84        |
|    entropy_loss          | -2.84        |
|    explained_variance    | -0.058       |
|    lagrangian_multiplier | 0.0561       |
|    learning_rate         | 0.0003       |
|    loss                  | 8.53         |
|    n_updates             | 20           |
|    policy_gradient_loss  | -0.0015      |
|    std                   | 1            |
|    value_loss            | 544          |
-------------------------------------------
-------------------------------------------
| rollout/                 |              |
|    ep_len_mean           | 1e+03        |
|    ep_rew_mean           | -1.13e+03    |
| time/                    |              |
|    fps                   | 109          |
|    iterations            | 3            |
|    time_elapsed          | 56           |
|    total_timesteps       | 6144         |
| train/                   |              |
|    approx_kl             | 0.0032904774 |
|    clip_fraction         | 0.00776      |
|    clip_range            | 0.2          |
|    cost_returns          | 0.0458       |
|    cost_value_loss       | 0.0153       |
|    cost_values           | 0.0547       |
|    entropy               | -2.84        |
|    entropy_loss          | -2.83        |
|    explained_variance    | -0.0579      |
|    lagrangian_multiplier | 0.0741       |
|    learning_rate         | 0.0003       |
|    loss                  | 6.74         |
|    n_updates             | 20           |
|    policy_gradient_loss  | -0.00256     |
|    std                   | 0.999        |
|    value_loss            | 522          |
-------------------------------------------
------------------------------------------
| rollout/                 |             |
|    ep_len_mean           | 1e+03       |
|    ep_rew_mean           | -1.38e+03   |
| time/                    |             |
|    fps                   | 102         |
|    iterations            | 3           |
|    time_elapsed          | 59          |
|    total_timesteps       | 6144        |
| train/                   |             |
|    approx_kl             | 0.005575887 |
|    clip_fraction         | 0.0191      |
|    clip_range            | 0.2         |
|    cost_returns          | -0.157      |
|    cost_value_loss       | 0.0622      |
|    cost_values           | -0.196      |
|    entropy               | -2.85       |
|    entropy_loss          | -2.84       |
|    explained_variance    | -0.0261     |
|    lagrangian_multiplier | 0.073       |
|    learning_rate         | 0.0003      |
|    loss                  | 7.23        |
|    n_updates             | 20          |
|    policy_gradient_loss  | -0.00354    |
|    std                   | 1           |
|    value_loss            | 533         |
------------------------------------------
-------------------------------------------
| rollout/                 |              |
|    ep_len_mean           | 1e+03        |
|    ep_rew_mean           | -1.22e+03    |
| time/                    |              |
|    fps                   | 117          |
|    iterations            | 4            |
|    time_elapsed          | 69           |
|    total_timesteps       | 8192         |
| train/                   |              |
|    approx_kl             | 0.0024179323 |
|    clip_fraction         | 0.00239      |
|    clip_range            | 0.2          |
|    cost_returns          | -0.0355      |
|    cost_value_loss       | 0.162        |
|    cost_values           | -0.0424      |
|    entropy               | -2.81        |
|    entropy_loss          | -2.82        |
|    explained_variance    | -0.024       |
|    lagrangian_multiplier | 0.0554       |
|    learning_rate         | 0.0003       |
|    loss                  | 9.08         |
|    n_updates             | 30           |
|    policy_gradient_loss  | -0.00206     |
|    std                   | 0.988        |
|    value_loss            | 539          |
-------------------------------------------
-------------------------------------------
| rollout/                 |              |
|    ep_len_mean           | 1e+03        |
|    ep_rew_mean           | -1.19e+03    |
| time/                    |              |
|    fps                   | 108          |
|    iterations            | 4            |
|    time_elapsed          | 75           |
|    total_timesteps       | 8192         |
| train/                   |              |
|    approx_kl             | 0.0024803518 |
|    clip_fraction         | 0.00269      |
|    clip_range            | 0.2          |
|    cost_returns          | -0.0982      |
|    cost_value_loss       | 0.024        |
|    cost_values           | -0.12        |
|    entropy               | -2.83        |
|    entropy_loss          | -2.84        |
|    explained_variance    | 0.075        |
|    lagrangian_multiplier | 0.07         |
|    learning_rate         | 0.0003       |
|    loss                  | 4.82         |
|    n_updates             | 30           |
|    policy_gradient_loss  | -0.00272     |
|    std                   | 0.998        |
|    value_loss            | 347          |
-------------------------------------------
-----------------------------------------
| rollout/                 |            |
|    ep_len_mean           | 1e+03      |
|    ep_rew_mean           | -1.19e+03  |
| time/                    |            |
|    fps                   | 108        |
|    iterations            | 4          |
|    time_elapsed          | 75         |
|    total_timesteps       | 8192       |
| train/                   |            |
|    approx_kl             | 0.00645301 |
|    clip_fraction         | 0.0212     |
|    clip_range            | 0.2        |
|    cost_returns          | 0.0762     |
|    cost_value_loss       | 0.0173     |
|    cost_values           | 0.0892     |
|    entropy               | -2.84      |
|    entropy_loss          | -2.84      |
|    explained_variance    | -0.0726    |
|    lagrangian_multiplier | 0.0601     |
|    learning_rate         | 0.0003     |
|    loss                  | 3.14       |
|    n_updates             | 30         |
|    policy_gradient_loss  | -0.00323   |
|    std                   | 1          |
|    value_loss            | 206        |
-----------------------------------------
-------------------------------------------
| rollout/                 |              |
|    ep_len_mean           | 1e+03        |
|    ep_rew_mean           | -1.52e+03    |
| time/                    |              |
|    fps                   | 101          |
|    iterations            | 4            |
|    time_elapsed          | 80           |
|    total_timesteps       | 8192         |
| train/                   |              |
|    approx_kl             | 0.0064428924 |
|    clip_fraction         | 0.0308       |
|    clip_range            | 0.2          |
|    cost_returns          | -0.281       |
|    cost_value_loss       | 0.0487       |
|    cost_values           | -0.339       |
|    entropy               | -2.84        |
|    entropy_loss          | -2.85        |
|    explained_variance    | -0.00364     |
|    lagrangian_multiplier | 0.0761       |
|    learning_rate         | 0.0003       |
|    loss                  | 10.3         |
|    n_updates             | 30           |
|    policy_gradient_loss  | -0.00355     |
|    std                   | 1            |
|    value_loss            | 762          |
-------------------------------------------
-------------------------------------------
| rollout/                 |              |
|    ep_len_mean           | 1e+03        |
|    ep_rew_mean           | -1.27e+03    |
| time/                    |              |
|    fps                   | 116          |
|    iterations            | 5            |
|    time_elapsed          | 87           |
|    total_timesteps       | 10240        |
| train/                   |              |
|    approx_kl             | 0.0033923485 |
|    clip_fraction         | 0.00757      |
|    clip_range            | 0.2          |
|    cost_returns          | 0.0801       |
|    cost_value_loss       | 0.0626       |
|    cost_values           | 0.102        |
|    entropy               | -2.81        |
|    entropy_loss          | -2.81        |
|    explained_variance    | 0.0312       |
|    lagrangian_multiplier | 0.053        |
|    learning_rate         | 0.0003       |
|    loss                  | 4.59         |
|    n_updates             | 40           |
|    policy_gradient_loss  | -0.00225     |
|    std                   | 0.987        |
|    value_loss            | 257          |
-------------------------------------------
-------------------------------------------
| rollout/                 |              |
|    ep_len_mean           | 1e+03        |
|    ep_rew_mean           | -1.22e+03    |
| time/                    |              |
|    fps                   | 107          |
|    iterations            | 5            |
|    time_elapsed          | 95           |
|    total_timesteps       | 10240        |
| train/                   |              |
|    approx_kl             | 0.0030492872 |
|    clip_fraction         | 0.00649      |
|    clip_range            | 0.2          |
|    cost_returns          | 0.105        |
|    cost_value_loss       | 0.0602       |
|    cost_values           | 0.13         |
|    entropy               | -2.83        |
|    entropy_loss          | -2.83        |
|    explained_variance    | -0.0869      |
|    lagrangian_multiplier | 0.0554       |
|    learning_rate         | 0.0003       |
|    loss                  | 7.01         |
|    n_updates             | 40           |
|    policy_gradient_loss  | -0.00258     |
|    std                   | 0.997        |
|    value_loss            | 400          |
-------------------------------------------
-------------------------------------------
| rollout/                 |              |
|    ep_len_mean           | 1e+03        |
|    ep_rew_mean           | -1.23e+03    |
| time/                    |              |
|    fps                   | 107          |
|    iterations            | 5            |
|    time_elapsed          | 94           |
|    total_timesteps       | 10240        |
| train/                   |              |
|    approx_kl             | 0.0032682996 |
|    clip_fraction         | 0.0104       |
|    clip_range            | 0.2          |
|    cost_returns          | -0.098       |
|    cost_value_loss       | 0.0304       |
|    cost_values           | -0.118       |
|    entropy               | -2.85        |
|    entropy_loss          | -2.84        |
|    explained_variance    | -0.0548      |
|    lagrangian_multiplier | 0.0747       |
|    learning_rate         | 0.0003       |
|    loss                  | 8.56         |
|    n_updates             | 40           |
|    policy_gradient_loss  | -0.00319     |
|    std                   | 1.01         |
|    value_loss            | 647          |
-------------------------------------------
------------------------------------------
| rollout/                 |             |
|    ep_len_mean           | 1e+03       |
|    ep_rew_mean           | -1.44e+03   |
| time/                    |             |
|    fps                   | 101         |
|    iterations            | 5           |
|    time_elapsed          | 100         |
|    total_timesteps       | 10240       |
| train/                   |             |
|    approx_kl             | 0.004075828 |
|    clip_fraction         | 0.0157      |
|    clip_range            | 0.2         |
|    cost_returns          | -0.227      |
|    cost_value_loss       | 0.109       |
|    cost_values           | -0.282      |
|    entropy               | -2.84       |
|    entropy_loss          | -2.84       |
|    explained_variance    | 0.0005      |
|    lagrangian_multiplier | 0.0784      |
|    learning_rate         | 0.0003      |
|    loss                  | 14.9        |
|    n_updates             | 40          |
|    policy_gradient_loss  | -0.00361    |
|    std                   | 1           |
|    value_loss            | 1.18e+03    |
------------------------------------------
-------------------------------------------
| rollout/                 |              |
|    ep_len_mean           | 1e+03        |
|    ep_rew_mean           | -1.26e+03    |
| time/                    |              |
|    fps                   | 116          |
|    iterations            | 6            |
|    time_elapsed          | 105          |
|    total_timesteps       | 12288        |
| train/                   |              |
|    approx_kl             | 0.0041576033 |
|    clip_fraction         | 0.0196       |
|    clip_range            | 0.2          |
|    cost_returns          | -0.123       |
|    cost_value_loss       | 0.163        |
|    cost_values           | -0.141       |
|    entropy               | -2.82        |
|    entropy_loss          | -2.81        |
|    explained_variance    | 0.0172       |
|    lagrangian_multiplier | 0.0568       |
|    learning_rate         | 0.0003       |
|    loss                  | 12.7         |
|    n_updates             | 50           |
|    policy_gradient_loss  | -0.0036      |
|    std                   | 0.989        |
|    value_loss            | 729          |
-------------------------------------------
------------------------------------------
| rollout/                 |             |
|    ep_len_mean           | 1e+03       |
|    ep_rew_mean           | -1.2e+03    |
| time/                    |             |
|    fps                   | 107         |
|    iterations            | 6           |
|    time_elapsed          | 114         |
|    total_timesteps       | 12288       |
| train/                   |             |
|    approx_kl             | 0.004397475 |
|    clip_fraction         | 0.0109      |
|    clip_range            | 0.2         |
|    cost_returns          | -0.114      |
|    cost_value_loss       | 0.0555      |
|    cost_values           | -0.138      |
|    entropy               | -2.84       |
|    entropy_loss          | -2.85       |
|    explained_variance    | 0.0312      |
|    lagrangian_multiplier | 0.0752      |
|    learning_rate         | 0.0003      |
|    loss                  | 7.64        |
|    n_updates             | 50          |
|    policy_gradient_loss  | -0.00299    |
|    std                   | 1           |
|    value_loss            | 583         |
------------------------------------------
-------------------------------------------
| rollout/                 |              |
|    ep_len_mean           | 1e+03        |
|    ep_rew_mean           | -1.24e+03    |
| time/                    |              |
|    fps                   | 107          |
|    iterations            | 6            |
|    time_elapsed          | 114          |
|    total_timesteps       | 12288        |
| train/                   |              |
|    approx_kl             | 0.0036724217 |
|    clip_fraction         | 0.0125       |
|    clip_range            | 0.2          |
|    cost_returns          | 0.019        |
|    cost_value_loss       | 0.0266       |
|    cost_values           | 0.0298       |
|    entropy               | -2.83        |
|    entropy_loss          | -2.83        |
|    explained_variance    | -0.0626      |
|    lagrangian_multiplier | 0.066        |
|    learning_rate         | 0.0003       |
|    loss                  | 8.74         |
|    n_updates             | 50           |
|    policy_gradient_loss  | -0.00274     |
|    std                   | 0.997        |
|    value_loss            | 582          |
-------------------------------------------
------------------------------------------
| rollout/                 |             |
|    ep_len_mean           | 1e+03       |
|    ep_rew_mean           | -1.42e+03   |
| time/                    |             |
|    fps                   | 101         |
|    iterations            | 6           |
|    time_elapsed          | 121         |
|    total_timesteps       | 12288       |
| train/                   |             |
|    approx_kl             | 0.004442217 |
|    clip_fraction         | 0.0146      |
|    clip_range            | 0.2         |
|    cost_returns          | 0.0148      |
|    cost_value_loss       | 0.0582      |
|    cost_values           | 0.0146      |
|    entropy               | -2.84       |
|    entropy_loss          | -2.84       |
|    explained_variance    | 0.0156      |
|    lagrangian_multiplier | 0.0576      |
|    learning_rate         | 0.0003      |
|    loss                  | 6.23        |
|    n_updates             | 50          |
|    policy_gradient_loss  | -0.00342    |
|    std                   | 1           |
|    value_loss            | 376         |
------------------------------------------
-------------------------------------------
| rollout/                 |              |
|    ep_len_mean           | 1e+03        |
|    ep_rew_mean           | -1.22e+03    |
| time/                    |              |
|    fps                   | 116          |
|    iterations            | 7            |
|    time_elapsed          | 123          |
|    total_timesteps       | 14336        |
| train/                   |              |
|    approx_kl             | 0.0058025597 |
|    clip_fraction         | 0.0289       |
|    clip_range            | 0.2          |
|    cost_returns          | -0.0972      |
|    cost_value_loss       | 0.204        |
|    cost_values           | -0.117       |
|    entropy               | -2.81        |
|    entropy_loss          | -2.81        |
|    explained_variance    | -0.00312     |
|    lagrangian_multiplier | 0.0568       |
|    learning_rate         | 0.0003       |
|    loss                  | 7.38         |
|    n_updates             | 60           |
|    policy_gradient_loss  | -0.00432     |
|    std                   | 0.989        |
|    value_loss            | 450          |
-------------------------------------------
------------------------------------------
| rollout/                 |             |
|    ep_len_mean           | 1e+03       |
|    ep_rew_mean           | -1.23e+03   |
| time/                    |             |
|    fps                   | 107         |
|    iterations            | 7           |
|    time_elapsed          | 133         |
|    total_timesteps       | 14336       |
| train/                   |             |
|    approx_kl             | 0.003601871 |
|    clip_fraction         | 0.00571     |
|    clip_range            | 0.2         |
|    cost_returns          | -0.0433     |
|    cost_value_loss       | 0.041       |
|    cost_values           | -0.058      |
|    entropy               | -2.84       |
|    entropy_loss          | -2.84       |
|    explained_variance    | 0.101       |
|    lagrangian_multiplier | 0.0579      |
|    learning_rate         | 0.0003      |
|    loss                  | 5.22        |
|    n_updates             | 60          |
|    policy_gradient_loss  | -0.00283    |
|    std                   | 1           |
|    value_loss            | 307         |
------------------------------------------
------------------------------------------
| rollout/                 |             |
|    ep_len_mean           | 1e+03       |
|    ep_rew_mean           | -1.24e+03   |
| time/                    |             |
|    fps                   | 106         |
|    iterations            | 7           |
|    time_elapsed          | 134         |
|    total_timesteps       | 14336       |
| train/                   |             |
|    approx_kl             | 0.005715886 |
|    clip_fraction         | 0.0422      |
|    clip_range            | 0.2         |
|    cost_returns          | 0.18        |
|    cost_value_loss       | 0.0551      |
|    cost_values           | 0.219       |
|    entropy               | -2.83       |
|    entropy_loss          | -2.83       |
|    explained_variance    | -0.0275     |
|    lagrangian_multiplier | 0.0555      |
|    learning_rate         | 0.0003      |
|    loss                  | 10.1        |
|    n_updates             | 60          |
|    policy_gradient_loss  | -0.00545    |
|    std                   | 0.994       |
|    value_loss            | 610         |
------------------------------------------
-------------------------------------------
| rollout/                 |              |
|    ep_len_mean           | 1e+03        |
|    ep_rew_mean           | -1.19e+03    |
| time/                    |              |
|    fps                   | 116          |
|    iterations            | 8            |
|    time_elapsed          | 140          |
|    total_timesteps       | 16384        |
| train/                   |              |
|    approx_kl             | 0.0038306206 |
|    clip_fraction         | 0.00781      |
|    clip_range            | 0.2          |
|    cost_returns          | -0.0696      |
|    cost_value_loss       | 0.205        |
|    cost_values           | -0.079       |
|    entropy               | -2.82        |
|    entropy_loss          | -2.82        |
|    explained_variance    | -0.0164      |
|    lagrangian_multiplier | 0.0591       |
|    learning_rate         | 0.0003       |
|    loss                  | 4.94         |
|    n_updates             | 70           |
|    policy_gradient_loss  | -0.00196     |
|    std                   | 0.991        |
|    value_loss            | 303          |
-------------------------------------------
------------------------------------------
| rollout/                 |             |
|    ep_len_mean           | 1e+03       |
|    ep_rew_mean           | -1.46e+03   |
| time/                    |             |
|    fps                   | 101         |
|    iterations            | 7           |
|    time_elapsed          | 141         |
|    total_timesteps       | 14336       |
| train/                   |             |
|    approx_kl             | 0.004324116 |
|    clip_fraction         | 0.0215      |
|    clip_range            | 0.2         |
|    cost_returns          | 0.114       |
|    cost_value_loss       | 0.0232      |
|    cost_values           | 0.139       |
|    entropy               | -2.84       |
|    entropy_loss          | -2.84       |
|    explained_variance    | -0.0135     |
|    lagrangian_multiplier | 0.0516      |
|    learning_rate         | 0.0003      |
|    loss                  | 10.8        |
|    n_updates             | 60          |
|    policy_gradient_loss  | -0.00354    |
|    std                   | 1           |
|    value_loss            | 576         |
------------------------------------------
-------------------------------------------
| rollout/                 |              |
|    ep_len_mean           | 1e+03        |
|    ep_rew_mean           | -1.25e+03    |
| time/                    |              |
|    fps                   | 107          |
|    iterations            | 8            |
|    time_elapsed          | 152          |
|    total_timesteps       | 16384        |
| train/                   |              |
|    approx_kl             | 0.0052940343 |
|    clip_fraction         | 0.029        |
|    clip_range            | 0.2          |
|    cost_returns          | 0.0325       |
|    cost_value_loss       | 0.0696       |
|    cost_values           | 0.0447       |
|    entropy               | -2.85        |
|    entropy_loss          | -2.85        |
|    explained_variance    | 0.0386       |
|    lagrangian_multiplier | 0.0649       |
|    learning_rate         | 0.0003       |
|    loss                  | 11.5         |
|    n_updates             | 70           |
|    policy_gradient_loss  | -0.0043      |
|    std                   | 1            |
|    value_loss            | 779          |
-------------------------------------------
------------------------------------------
| rollout/                 |             |
|    ep_len_mean           | 1e+03       |
|    ep_rew_mean           | -1.26e+03   |
| time/                    |             |
|    fps                   | 106         |
|    iterations            | 8           |
|    time_elapsed          | 153         |
|    total_timesteps       | 16384       |
| train/                   |             |
|    approx_kl             | 0.003028133 |
|    clip_fraction         | 0.00605     |
|    clip_range            | 0.2         |
|    cost_returns          | -0.238      |
|    cost_value_loss       | 0.0432      |
|    cost_values           | -0.279      |
|    entropy               | -2.82       |
|    entropy_loss          | -2.82       |
|    explained_variance    | -0.012      |
|    lagrangian_multiplier | 0.0707      |
|    learning_rate         | 0.0003      |
|    loss                  | 6.78        |
|    n_updates             | 70          |
|    policy_gradient_loss  | -0.00357    |
|    std                   | 0.993       |
|    value_loss            | 479         |
------------------------------------------
-------------------------------------------
| rollout/                 |              |
|    ep_len_mean           | 1e+03        |
|    ep_rew_mean           | -1.2e+03     |
| time/                    |              |
|    fps                   | 116          |
|    iterations            | 9            |
|    time_elapsed          | 158          |
|    total_timesteps       | 18432        |
| train/                   |              |
|    approx_kl             | 0.0027381643 |
|    clip_fraction         | 0.00352      |
|    clip_range            | 0.2          |
|    cost_returns          | -0.312       |
|    cost_value_loss       | 0.0533       |
|    cost_values           | -0.372       |
|    entropy               | -2.82        |
|    entropy_loss          | -2.82        |
|    explained_variance    | 0.0702       |
|    lagrangian_multiplier | 0.0727       |
|    learning_rate         | 0.0003       |
|    loss                  | 3.75         |
|    n_updates             | 80           |
|    policy_gradient_loss  | -0.00125     |
|    std                   | 0.989        |
|    value_loss            | 259          |
-------------------------------------------
-------------------------------------------
| rollout/                 |              |
|    ep_len_mean           | 1e+03        |
|    ep_rew_mean           | -1.41e+03    |
| time/                    |              |
|    fps                   | 101          |
|    iterations            | 8            |
|    time_elapsed          | 162          |
|    total_timesteps       | 16384        |
| train/                   |              |
|    approx_kl             | 0.0027481364 |
|    clip_fraction         | 0.0061       |
|    clip_range            | 0.2          |
|    cost_returns          | -0.174       |
|    cost_value_loss       | 0.0356       |
|    cost_values           | -0.222       |
|    entropy               | -2.85        |
|    entropy_loss          | -2.85        |
|    explained_variance    | 0.0102       |
|    lagrangian_multiplier | 0.0674       |
|    learning_rate         | 0.0003       |
|    loss                  | 13.6         |
|    n_updates             | 70           |
|    policy_gradient_loss  | -0.00228     |
|    std                   | 1            |
|    value_loss            | 926          |
-------------------------------------------
-------------------------------------------
| rollout/                 |              |
|    ep_len_mean           | 1e+03        |
|    ep_rew_mean           | -1.3e+03     |
| time/                    |              |
|    fps                   | 106          |
|    iterations            | 9            |
|    time_elapsed          | 172          |
|    total_timesteps       | 18432        |
| train/                   |              |
|    approx_kl             | 0.0048285644 |
|    clip_fraction         | 0.0321       |
|    clip_range            | 0.2          |
|    cost_returns          | -0.0654      |
|    cost_value_loss       | 0.0389       |
|    cost_values           | -0.0816      |
|    entropy               | -2.84        |
|    entropy_loss          | -2.85        |
|    explained_variance    | 0.0637       |
|    lagrangian_multiplier | 0.0686       |
|    learning_rate         | 0.0003       |
|    loss                  | 7.35         |
|    n_updates             | 80           |
|    policy_gradient_loss  | -0.00441     |
|    std                   | 1            |
|    value_loss            | 528          |
-------------------------------------------
-------------------------------------------
| rollout/                 |              |
|    ep_len_mean           | 1e+03        |
|    ep_rew_mean           | -1.32e+03    |
| time/                    |              |
|    fps                   | 106          |
|    iterations            | 9            |
|    time_elapsed          | 173          |
|    total_timesteps       | 18432        |
| train/                   |              |
|    approx_kl             | 0.0045002745 |
|    clip_fraction         | 0.0267       |
|    clip_range            | 0.2          |
|    cost_returns          | 0.0354       |
|    cost_value_loss       | 0.0466       |
|    cost_values           | 0.0331       |
|    entropy               | -2.82        |
|    entropy_loss          | -2.82        |
|    explained_variance    | -0.0358      |
|    lagrangian_multiplier | 0.0555       |
|    learning_rate         | 0.0003       |
|    loss                  | 10.6         |
|    n_updates             | 80           |
|    policy_gradient_loss  | -0.00431     |
|    std                   | 0.99         |
|    value_loss            | 597          |
-------------------------------------------
-------------------------------------------
| rollout/                 |              |
|    ep_len_mean           | 1e+03        |
|    ep_rew_mean           | -1.2e+03     |
| time/                    |              |
|    fps                   | 116          |
|    iterations            | 10           |
|    time_elapsed          | 176          |
|    total_timesteps       | 20480        |
| train/                   |              |
|    approx_kl             | 0.0022046778 |
|    clip_fraction         | 0.00161      |
|    clip_range            | 0.2          |
|    cost_returns          | -0.271       |
|    cost_value_loss       | 0.0643       |
|    cost_values           | -0.33        |
|    entropy               | -2.82        |
|    entropy_loss          | -2.82        |
|    explained_variance    | 0.0413       |
|    lagrangian_multiplier | 0.0836       |
|    learning_rate         | 0.0003       |
|    loss                  | 6.7          |
|    n_updates             | 90           |
|    policy_gradient_loss  | -0.00123     |
|    std                   | 0.991        |
|    value_loss            | 554          |
-------------------------------------------
-------------------------------------------
| rollout/                 |              |
|    ep_len_mean           | 1e+03        |
|    ep_rew_mean           | -1.38e+03    |
| time/                    |              |
|    fps                   | 101          |
|    iterations            | 9            |
|    time_elapsed          | 182          |
|    total_timesteps       | 18432        |
| train/                   |              |
|    approx_kl             | 0.0053997254 |
|    clip_fraction         | 0.0329       |
|    clip_range            | 0.2          |
|    cost_returns          | 0.109        |
|    cost_value_loss       | 0.0227       |
|    cost_values           | 0.138        |
|    entropy               | -2.85        |
|    entropy_loss          | -2.85        |
|    explained_variance    | -0.00231     |
|    lagrangian_multiplier | 0.0524       |
|    learning_rate         | 0.0003       |
|    loss                  | 6.07         |
|    n_updates             | 80           |
|    policy_gradient_loss  | -0.00494     |
|    std                   | 1.01         |
|    value_loss            | 345          |
-------------------------------------------
------------------------------------------
| rollout/                 |             |
|    ep_len_mean           | 1e+03       |
|    ep_rew_mean           | -1.3e+03    |
| time/                    |             |
|    fps                   | 106         |
|    iterations            | 10          |
|    time_elapsed          | 191         |
|    total_timesteps       | 20480       |
| train/                   |             |
|    approx_kl             | 0.005110458 |
|    clip_fraction         | 0.0182      |
|    clip_range            | 0.2         |
|    cost_returns          | -0.0366     |
|    cost_value_loss       | 0.0556      |
|    cost_values           | -0.0454     |
|    entropy               | -2.84       |
|    entropy_loss          | -2.84       |
|    explained_variance    | 0.0298      |
|    lagrangian_multiplier | 0.0696      |
|    learning_rate         | 0.0003      |
|    loss                  | 13.3        |
|    n_updates             | 90          |
|    policy_gradient_loss  | -0.00307    |
|    std                   | 1           |
|    value_loss            | 968         |
------------------------------------------
------------------------------------------
| rollout/                 |             |
|    ep_len_mean           | 1e+03       |
|    ep_rew_mean           | -1.32e+03   |
| time/                    |             |
|    fps                   | 105         |
|    iterations            | 10          |
|    time_elapsed          | 193         |
|    total_timesteps       | 20480       |
| train/                   |             |
|    approx_kl             | 0.004106694 |
|    clip_fraction         | 0.0231      |
|    clip_range            | 0.2         |
|    cost_returns          | 0.145       |
|    cost_value_loss       | 0.0502      |
|    cost_values           | 0.186       |
|    entropy               | -2.83       |
|    entropy_loss          | -2.82       |
|    explained_variance    | -0.0456     |
|    lagrangian_multiplier | 0.0539      |
|    learning_rate         | 0.0003      |
|    loss                  | 18.6        |
|    n_updates             | 90          |
|    policy_gradient_loss  | -0.0036     |
|    std                   | 0.998       |
|    value_loss            | 1.13e+03    |
------------------------------------------
-----------------------------------------
| rollout/                 |            |
|    ep_len_mean           | 1e+03      |
|    ep_rew_mean           | -1.2e+03   |
| time/                    |            |
|    fps                   | 116        |
|    iterations            | 11         |
|    time_elapsed          | 194        |
|    total_timesteps       | 22528      |
| train/                   |            |
|    approx_kl             | 0.00415048 |
|    clip_fraction         | 0.00947    |
|    clip_range            | 0.2        |
|    cost_returns          | -0.179     |
|    cost_value_loss       | 0.0852     |
|    cost_values           | -0.205     |
|    entropy               | -2.83      |
|    entropy_loss          | -2.82      |
|    explained_variance    | 0.0368     |
|    lagrangian_multiplier | 0.0674     |
|    learning_rate         | 0.0003     |
|    loss                  | 5.39       |
|    n_updates             | 100        |
|    policy_gradient_loss  | -0.00247   |
|    std                   | 0.994      |
|    value_loss            | 356        |
-----------------------------------------
-------------------------------------------
| rollout/                 |              |
|    ep_len_mean           | 1e+03        |
|    ep_rew_mean           | -1.39e+03    |
| time/                    |              |
|    fps                   | 100          |
|    iterations            | 10           |
|    time_elapsed          | 203          |
|    total_timesteps       | 20480        |
| train/                   |              |
|    approx_kl             | 0.0016519093 |
|    clip_fraction         | 0.000977     |
|    clip_range            | 0.2          |
|    cost_returns          | -0.24        |
|    cost_value_loss       | 0.032        |
|    cost_values           | -0.3         |
|    entropy               | -2.85        |
|    entropy_loss          | -2.85        |
|    explained_variance    | -0.0189      |
|    lagrangian_multiplier | 0.0715       |
|    learning_rate         | 0.0003       |
|    loss                  | 5.93         |
|    n_updates             | 90           |
|    policy_gradient_loss  | -0.00141     |
|    std                   | 1.01         |
|    value_loss            | 407          |
-------------------------------------------
-------------------------------------------
| rollout/                 |              |
|    ep_len_mean           | 1e+03        |
|    ep_rew_mean           | -1.31e+03    |
| time/                    |              |
|    fps                   | 106          |
|    iterations            | 11           |
|    time_elapsed          | 211          |
|    total_timesteps       | 22528        |
| train/                   |              |
|    approx_kl             | 0.0033273334 |
|    clip_fraction         | 0.00854      |
|    clip_range            | 0.2          |
|    cost_returns          | 0.0158       |
|    cost_value_loss       | 0.032        |
|    cost_values           | 0.0209       |
|    entropy               | -2.85        |
|    entropy_loss          | -2.84        |
|    explained_variance    | 0.00984      |
|    lagrangian_multiplier | 0.0673       |
|    learning_rate         | 0.0003       |
|    loss                  | 6.83         |
|    n_updates             | 100          |
|    policy_gradient_loss  | -0.00294     |
|    std                   | 1            |
|    value_loss            | 487          |
-------------------------------------------
------------------------------------------
| rollout/                 |             |
|    ep_len_mean           | 1e+03       |
|    ep_rew_mean           | -1.2e+03    |
| time/                    |             |
|    fps                   | 116         |
|    iterations            | 12          |
|    time_elapsed          | 211         |
|    total_timesteps       | 24576       |
| train/                   |             |
|    approx_kl             | 0.005133653 |
|    clip_fraction         | 0.0309      |
|    clip_range            | 0.2         |
|    cost_returns          | -0.238      |
|    cost_value_loss       | 0.125       |
|    cost_values           | -0.285      |
|    entropy               | -2.84       |
|    entropy_loss          | -2.83       |
|    explained_variance    | 0.0174      |
|    lagrangian_multiplier | 0.0708      |
|    learning_rate         | 0.0003      |
|    loss                  | 7.07        |
|    n_updates             | 110         |
|    policy_gradient_loss  | -0.0038     |
|    std                   | 0.999       |
|    value_loss            | 487         |
------------------------------------------
-------------------------------------------
| rollout/                 |              |
|    ep_len_mean           | 1e+03        |
|    ep_rew_mean           | -1.31e+03    |
| time/                    |              |
|    fps                   | 105          |
|    iterations            | 11           |
|    time_elapsed          | 213          |
|    total_timesteps       | 22528        |
| train/                   |              |
|    approx_kl             | 0.0050357752 |
|    clip_fraction         | 0.0221       |
|    clip_range            | 0.2          |
|    cost_returns          | 0.149        |
|    cost_value_loss       | 0.0482       |
|    cost_values           | 0.181        |
|    entropy               | -2.85        |
|    entropy_loss          | -2.84        |
|    explained_variance    | -0.0596      |
|    lagrangian_multiplier | 0.0531       |
|    learning_rate         | 0.0003       |
|    loss                  | 10.3         |
|    n_updates             | 100          |
|    policy_gradient_loss  | -0.00506     |
|    std                   | 1.01         |
|    value_loss            | 611          |
-------------------------------------------
-------------------------------------------
| rollout/                 |              |
|    ep_len_mean           | 1e+03        |
|    ep_rew_mean           | -1.42e+03    |
| time/                    |              |
|    fps                   | 101          |
|    iterations            | 11           |
|    time_elapsed          | 222          |
|    total_timesteps       | 22528        |
| train/                   |              |
|    approx_kl             | 0.0057689375 |
|    clip_fraction         | 0.0551       |
|    clip_range            | 0.2          |
|    cost_returns          | 0.0513       |
|    cost_value_loss       | 0.0434       |
|    cost_values           | 0.0636       |
|    entropy               | -2.86        |
|    entropy_loss          | -2.85        |
|    explained_variance    | -0.0216      |
|    lagrangian_multiplier | 0.0591       |
|    learning_rate         | 0.0003       |
|    loss                  | 12.8         |
|    n_updates             | 100          |
|    policy_gradient_loss  | -0.00573     |
|    std                   | 1.01         |
|    value_loss            | 789          |
-------------------------------------------
slurmstepd: error: *** STEP 115172.1 ON ddpg.ist.berkeley.edu CANCELLED AT 2023-12-29T19:30:01 ***
slurmstepd: error: *** STEP 115172.3 ON gail.ist.berkeley.edu CANCELLED AT 2023-12-29T19:30:01 ***
slurmstepd: error: *** JOB 115172 ON airl.ist.berkeley.edu CANCELLED AT 2023-12-30T03:30:01 ***
slurmstepd: error: *** STEP 115172.2 ON dqn.ist.berkeley.edu CANCELLED AT 2023-12-29T19:30:01 ***
slurmstepd: error: *** STEP 115172.0 ON airl.ist.berkeley.edu CANCELLED AT 2023-12-30T03:30:01 ***
