wandb: Currently logged in as: mason-nakamura1 (ecrl). Use `wandb login --relogin` to force relogin
wandb: Currently logged in as: mason-nakamura1 (ecrl). Use `wandb login --relogin` to force relogin
wandb: Currently logged in as: mason-nakamura1 (ecrl). Use `wandb login --relogin` to force relogin
wandb: wandb version 0.16.6 is available!  To upgrade, please run:
wandb:  $ pip install wandb --upgrade
wandb: Tracking run with wandb version 0.14.2
wandb: Run data is saved locally in /nas/ucb/mason/ethically-compliant-rl/wandb/run-20240420_191733-8hnstwcb
wandb: Run `wandb offline` to turn off syncing.
wandb: Syncing run brisk-tree-46
wandb: ⭐️ View project at https://wandb.ai/ecrl/PID-tests
wandb: 🚀 View run at https://wandb.ai/ecrl/PID-tests/runs/8hnstwcb
wandb: wandb version 0.16.6 is available!  To upgrade, please run:
wandb:  $ pip install wandb --upgrade
wandb: Tracking run with wandb version 0.14.2
wandb: Run data is saved locally in /nas/ucb/mason/ethically-compliant-rl/wandb/run-20240420_121733-dlkoyk52
wandb: Run `wandb offline` to turn off syncing.
wandb: Syncing run swept-lion-47
wandb: ⭐️ View project at https://wandb.ai/ecrl/PID-tests
wandb: 🚀 View run at https://wandb.ai/ecrl/PID-tests/runs/dlkoyk52
wandb: wandb version 0.16.6 is available!  To upgrade, please run:
wandb:  $ pip install wandb --upgrade
wandb: Tracking run with wandb version 0.14.2
wandb: Run data is saved locally in /nas/ucb/mason/ethically-compliant-rl/wandb/run-20240420_191733-7r9wklyr
wandb: Run `wandb offline` to turn off syncing.
wandb: Syncing run misty-feather-48
wandb: ⭐️ View project at https://wandb.ai/ecrl/PID-tests
wandb: 🚀 View run at https://wandb.ai/ecrl/PID-tests/runs/7r9wklyr
slurmstepd: error: *** STEP 193040.1 ON cirl.ist.berkeley.edu CANCELLED AT 2024-04-20T19:17:40 ***
slurmstepd: error: *** STEP 193040.2 ON ddpg.ist.berkeley.edu CANCELLED AT 2024-04-20T12:17:40 ***
slurmstepd: error: *** STEP 193040.0 ON airl.ist.berkeley.edu CANCELLED AT 2024-04-20T19:17:40 ***
slurmstepd: error: *** JOB 193040 ON airl.ist.berkeley.edu CANCELLED AT 2024-04-20T19:17:40 ***
