wandb: Currently logged in as: mason-nakamura1 (ecrl). Use `wandb login --relogin` to force relogin
wandb: wandb version 0.15.8 is available!  To upgrade, please run:
wandb:  $ pip install wandb --upgrade
wandb: Tracking run with wandb version 0.14.2
wandb: Run data is saved locally in /nas/ucb/mason/ethically-compliant-rl/wandb/run-20230807_152243-22875db6-4fd2-4a23-b685-19360661beeb
wandb: Run `wandb offline` to turn off syncing.
wandb: Syncing run cpo_step_per_epoch20000-d079
wandb: ⭐️ View project at https://wandb.ai/ecrl/fast-safe-rl
wandb: 🚀 View run at https://wandb.ai/ecrl/fast-safe-rl/runs/22875db6-4fd2-4a23-b685-19360661beeb
[32;1mLogging data to logs/fast-safe-rl/parking-v0-cost-10/cpo_step_per_epoch20000-d079/progress.txt[0m
[36;1mSaving config:
[0m
{
    "action_bound_method":	"clip",
    "action_scaling":	true,
    "backtrack_coeff":	0.8,
    "batch_size":	99999,
    "buffer_size":	100000,
    "cost_limit":	10,
    "damping_coeff":	0.1,
    "deterministic_eval":	true,
    "device":	"cpu",
    "env_config_file":	"configs/ParkingEnv/env-kinematicsGoal.txt",
    "episode_per_collect":	20,
    "epoch":	350,
    "gae_lambda":	0.95,
    "gamma":	0.99,
    "group":	null,
    "hidden_sizes":	[
        128,
        128
    ],
    "l2_reg":	0.001,
    "last_layer_scale":	false,
    "logdir":	"logs",
    "lr":	0.001,
    "max_backtracks":	100,
    "max_batchsize":	99999,
    "name":	"cpo_step_per_epoch20000-d079",
    "norm_adv":	true,
    "optim_critic_iters":	10,
    "prefix":	"cpo",
    "project":	"fast-safe-rl",
    "render":	null,
    "render_mode":	null,
    "repeat_per_collect":	4,
    "resume":	false,
    "rew_norm":	false,
    "reward_threshold":	10000,
    "save_ckpt":	true,
    "save_interval":	4,
    "seed":	10,
    "step_per_epoch":	20000,
    "suffix":	"",
    "target_kl":	0.01,
    "task":	"parking-v0",
    "testing_num":	2,
    "thread":	320,
    "training_num":	20,
    "unbounded":	false,
    "use_default_cfg":	false,
    "verbose":	true,
    "worker":	"ShmemVectorEnv"
}
Traceback (most recent call last):
  File "/nas/ucb/mason/ethically-compliant-rl/CPO/train_cpo_custom.py", line 298, in <module>
    train()
  File "/nas/ucb/mason/ethically-compliant-rl/.venv/lib/python3.9/site-packages/pyrallis/argparsing.py", line 158, in wrapper_inner
    response = fn(cfg, *args, **kwargs)
  File "/nas/ucb/mason/ethically-compliant-rl/CPO/train_cpo_custom.py", line 219, in train
    advantage_normalization=args.advantage_normalization,
AttributeError: 'MyCfg' object has no attribute 'advantage_normalization'
Traceback (most recent call last):
  File "/nas/ucb/mason/ethically-compliant-rl/CPO/train_cpo_custom.py", line 298, in <module>
    train()
  File "/nas/ucb/mason/ethically-compliant-rl/.venv/lib/python3.9/site-packages/pyrallis/argparsing.py", line 158, in wrapper_inner
    response = fn(cfg, *args, **kwargs)
  File "/nas/ucb/mason/ethically-compliant-rl/CPO/train_cpo_custom.py", line 219, in train
    advantage_normalization=args.advantage_normalization,
AttributeError: 'MyCfg' object has no attribute 'advantage_normalization'
wandb: Waiting for W&B process to finish... (failed 1). Press Control-C to abort syncing.
wandb: 🚀 View run cpo_step_per_epoch20000-d079 at: https://wandb.ai/ecrl/fast-safe-rl/runs/22875db6-4fd2-4a23-b685-19360661beeb
wandb: Synced 5 W&B file(s), 0 media file(s), 2 artifact file(s) and 0 other file(s)
wandb: Find logs at: ./wandb/run-20230807_152243-22875db6-4fd2-4a23-b685-19360661beeb/logs
srun: error: ddpg.ist.berkeley.edu: task 0: Exited with exit code 1
srun: Job 34627 step creation temporarily disabled, retrying (Requested nodes are busy)
srun: Step created for StepId=34627.1
slurmstepd: error: *** STEP 34627.1 ON ddpg.ist.berkeley.edu CANCELLED AT 2023-08-07T15:24:43 ***
slurmstepd: error: *** JOB 34627 ON ddpg.ist.berkeley.edu CANCELLED AT 2023-08-07T15:24:43 ***
