wandb: Currently logged in as: mason-nakamura1 (ecrl). Use `wandb login --relogin` to force relogin
wandb: wandb version 0.15.12 is available!  To upgrade, please run:
wandb:  $ pip install wandb --upgrade
wandb: Tracking run with wandb version 0.14.2
wandb: Run data is saved locally in /nas/ucb/mason/ethically-compliant-rl/wandb/run-20231015_102331-yrqiwem9
wandb: Run `wandb offline` to turn off syncing.
wandb: Syncing run ppo-highway-parking
wandb: ⭐️ View project at https://wandb.ai/ecrl/PPO
wandb: 🚀 View run at https://wandb.ai/ecrl/PPO/runs/yrqiwem9
Using cpu device
-----------------------------
| time/              |      |
|    fps             | 186  |
|    iterations      | 1    |
|    time_elapsed    | 10   |
|    total_timesteps | 2048 |
-----------------------------
----------------------------------------
| time/                   |            |
|    fps                  | 178        |
|    iterations           | 2          |
|    time_elapsed         | 22         |
|    total_timesteps      | 4096       |
| train/                  |            |
|    approx_kl            | 0.00518265 |
|    clip_fraction        | 0.0374     |
|    clip_range           | 0.2        |
|    entropy_loss         | -2.85      |
|    explained_variance   | -0.0352    |
|    learning_rate        | 0.0003     |
|    loss                 | 20.3       |
|    n_updates            | 10         |
|    policy_gradient_loss | -0.00406   |
|    std                  | 1.01       |
|    value_loss           | 108        |
----------------------------------------
------------------------------------------
| time/                   |              |
|    fps                  | 175          |
|    iterations           | 3            |
|    time_elapsed         | 35           |
|    total_timesteps      | 6144         |
| train/                  |              |
|    approx_kl            | 0.0071182186 |
|    clip_fraction        | 0.036        |
|    clip_range           | 0.2          |
|    entropy_loss         | -2.84        |
|    explained_variance   | 0.206        |
|    learning_rate        | 0.0003       |
|    loss                 | 10.3         |
|    n_updates            | 20           |
|    policy_gradient_loss | -0.00589     |
|    std                  | 1            |
|    value_loss           | 75.4         |
------------------------------------------
-----------------------------------------
| time/                   |             |
|    fps                  | 174         |
|    iterations           | 4           |
|    time_elapsed         | 47          |
|    total_timesteps      | 8192        |
| train/                  |             |
|    approx_kl            | 0.003720325 |
|    clip_fraction        | 0.0162      |
|    clip_range           | 0.2         |
|    entropy_loss         | -2.85       |
|    explained_variance   | -0.732      |
|    learning_rate        | 0.0003      |
|    loss                 | 10.8        |
|    n_updates            | 30          |
|    policy_gradient_loss | -0.00288    |
|    std                  | 1           |
|    value_loss           | 66.7        |
-----------------------------------------
------------------------------------------
| time/                   |              |
|    fps                  | 173          |
|    iterations           | 5            |
|    time_elapsed         | 59           |
|    total_timesteps      | 10240        |
| train/                  |              |
|    approx_kl            | 0.0064135855 |
|    clip_fraction        | 0.0389       |
|    clip_range           | 0.2          |
|    entropy_loss         | -2.84        |
|    explained_variance   | -0.261       |
|    learning_rate        | 0.0003       |
|    loss                 | 8.78         |
|    n_updates            | 40           |
|    policy_gradient_loss | -0.00666     |
|    std                  | 1            |
|    value_loss           | 54.1         |
------------------------------------------
-----------------------------------------
| time/                   |             |
|    fps                  | 172         |
|    iterations           | 6           |
|    time_elapsed         | 71          |
|    total_timesteps      | 12288       |
| train/                  |             |
|    approx_kl            | 0.003798099 |
|    clip_fraction        | 0.0232      |
|    clip_range           | 0.2         |
|    entropy_loss         | -2.84       |
|    explained_variance   | 0.627       |
|    learning_rate        | 0.0003      |
|    loss                 | 18.2        |
|    n_updates            | 50          |
|    policy_gradient_loss | -0.00437    |
|    std                  | 1           |
|    value_loss           | 66.2        |
-----------------------------------------
slurmstepd: error: *** JOB 74919 ON ddpg.ist.berkeley.edu CANCELLED AT 2023-10-15T10:24:47 ***
slurmstepd: error: *** STEP 74919.0 ON ddpg.ist.berkeley.edu CANCELLED AT 2023-10-15T10:24:47 ***
