wandb: Currently logged in as: mason-nakamura1 (ecrl). Use `wandb login --relogin` to force relogin
wandb: Currently logged in as: mason-nakamura1 (ecrl). Use `wandb login --relogin` to force relogin
wandb: Currently logged in as: mason-nakamura1 (ecrl). Use `wandb login --relogin` to force relogin
wandb: Currently logged in as: mason-nakamura1 (ecrl). Use `wandb login --relogin` to force relogin
wandb: wandb version 0.16.1 is available!  To upgrade, please run:
wandb:  $ pip install wandb --upgrade
wandb: Tracking run with wandb version 0.14.2
wandb: Run data is saved locally in /nas/ucb/mason/ethically-compliant-rl/wandb/run-20231230_034959-zt4ukmta
wandb: Run `wandb offline` to turn off syncing.
wandb: Syncing run feasible-fog-62
wandb: ⭐️ View project at https://wandb.ai/ecrl/New-PPOL-NoMultipiler-SpeedLimit%3D2
wandb: 🚀 View run at https://wandb.ai/ecrl/New-PPOL-NoMultipiler-SpeedLimit%3D2/runs/zt4ukmta
wandb: wandb version 0.16.1 is available!  To upgrade, please run:
wandb:  $ pip install wandb --upgrade
wandb: Tracking run with wandb version 0.14.2
wandb: Run data is saved locally in /nas/ucb/mason/ethically-compliant-rl/wandb/run-20231229_195000-vnn928dh
wandb: Run `wandb offline` to turn off syncing.
wandb: Syncing run blooming-sponge-63
wandb: ⭐️ View project at https://wandb.ai/ecrl/New-PPOL-NoMultipiler-SpeedLimit%3D2
wandb: 🚀 View run at https://wandb.ai/ecrl/New-PPOL-NoMultipiler-SpeedLimit%3D2/runs/vnn928dh
wandb: wandb version 0.16.1 is available!  To upgrade, please run:
wandb:  $ pip install wandb --upgrade
wandb: Tracking run with wandb version 0.14.2
wandb: Run data is saved locally in /nas/ucb/mason/ethically-compliant-rl/wandb/run-20231229_195000-6rlw1oyf
wandb: Run `wandb offline` to turn off syncing.
wandb: Syncing run effortless-pyramid-64
wandb: ⭐️ View project at https://wandb.ai/ecrl/New-PPOL-NoMultipiler-SpeedLimit%3D2
wandb: 🚀 View run at https://wandb.ai/ecrl/New-PPOL-NoMultipiler-SpeedLimit%3D2/runs/6rlw1oyf
wandb: wandb version 0.16.1 is available!  To upgrade, please run:
wandb:  $ pip install wandb --upgrade
wandb: Tracking run with wandb version 0.14.2
wandb: Run data is saved locally in /nas/ucb/mason/ethically-compliant-rl/wandb/run-20231229_195000-ewqbwfsx
wandb: Run `wandb offline` to turn off syncing.
wandb: Syncing run eager-water-65
wandb: ⭐️ View project at https://wandb.ai/ecrl/New-PPOL-NoMultipiler-SpeedLimit%3D2
wandb: 🚀 View run at https://wandb.ai/ecrl/New-PPOL-NoMultipiler-SpeedLimit%3D2/runs/ewqbwfsx
Using cpu device
----------------------------------
| rollout/           |           |
|    ep_len_mean     | 1e+03     |
|    ep_rew_mean     | -1.41e+03 |
| time/              |           |
|    fps             | 121       |
|    iterations      | 1         |
|    time_elapsed    | 16        |
|    total_timesteps | 2048      |
----------------------------------
ENTERED
Traceback (most recent call last):
  File "/nas/ucb/mason/ethically-compliant-rl/PPOL_New/train_ppol_no_lagrange.py", line 120, in <module>
    train()
  File "/nas/ucb/mason/ethically-compliant-rl/.venv/lib/python3.9/site-packages/pyrallis/argparsing.py", line 158, in wrapper_inner
    response = fn(cfg, *args, **kwargs)
  File "/nas/ucb/mason/ethically-compliant-rl/PPOL_New/train_ppol_no_lagrange.py", line 97, in train
    agent.learn(total_timesteps=args.total_timesteps, callback=callback, reset_num_timesteps=False)
  File "/nas/ucb/mason/ethically-compliant-rl/stable_baselines3/stable_baselines3/ppol/ppol.py", line 422, in learn
    result = super().learn(
  File "/nas/ucb/mason/ethically-compliant-rl/stable_baselines3/stable_baselines3/common/on_policy_algorithm.py", line 594, in learn
    self.train()
  File "/nas/ucb/mason/ethically-compliant-rl/stable_baselines3/stable_baselines3/ppol/ppol.py", line 356, in train
    sub_env_episode_rewards = self.env.get_attr('episode_rewards', env_idx)
  File "/nas/ucb/mason/ethically-compliant-rl/stable_baselines3/stable_baselines3/common/vec_env/dummy_vec_env.py", line 116, in get_attr
    return [getattr(env_i, attr_name) for env_i in target_envs]
  File "/nas/ucb/mason/ethically-compliant-rl/stable_baselines3/stable_baselines3/common/vec_env/dummy_vec_env.py", line 116, in <listcomp>
    return [getattr(env_i, attr_name) for env_i in target_envs]
  File "/nas/ucb/mason/ethically-compliant-rl/.venv/lib/python3.9/site-packages/gymnasium/core.py", line 282, in __getattr__
    return getattr(self.env, name)
  File "/nas/ucb/mason/ethically-compliant-rl/.venv/lib/python3.9/site-packages/gymnasium/core.py", line 282, in __getattr__
    return getattr(self.env, name)
  File "/nas/ucb/mason/ethically-compliant-rl/.venv/lib/python3.9/site-packages/gymnasium/core.py", line 282, in __getattr__
    return getattr(self.env, name)
  [Previous line repeated 1 more time]
AttributeError: 'ParkingEnv' object has no attribute 'episode_rewards'
wandb: Waiting for W&B process to finish... (failed 1). Press Control-C to abort syncing.
Using cpu device
----------------------------------
| rollout/           |           |
|    ep_len_mean     | 1e+03     |
|    ep_rew_mean     | -1.15e+03 |
| time/              |           |
|    fps             | 113       |
|    iterations      | 1         |
|    time_elapsed    | 17        |
|    total_timesteps | 2048      |
----------------------------------
ENTERED
Traceback (most recent call last):
  File "/nas/ucb/mason/ethically-compliant-rl/PPOL_New/train_ppol_no_lagrange.py", line 120, in <module>
    train()
  File "/nas/ucb/mason/ethically-compliant-rl/.venv/lib/python3.9/site-packages/pyrallis/argparsing.py", line 158, in wrapper_inner
    response = fn(cfg, *args, **kwargs)
  File "/nas/ucb/mason/ethically-compliant-rl/PPOL_New/train_ppol_no_lagrange.py", line 97, in train
    agent.learn(total_timesteps=args.total_timesteps, callback=callback, reset_num_timesteps=False)
  File "/nas/ucb/mason/ethically-compliant-rl/stable_baselines3/stable_baselines3/ppol/ppol.py", line 422, in learn
    result = super().learn(
  File "/nas/ucb/mason/ethically-compliant-rl/stable_baselines3/stable_baselines3/common/on_policy_algorithm.py", line 594, in learn
    self.train()
  File "/nas/ucb/mason/ethically-compliant-rl/stable_baselines3/stable_baselines3/ppol/ppol.py", line 356, in train
    sub_env_episode_rewards = self.env.get_attr('episode_rewards', env_idx)
  File "/nas/ucb/mason/ethically-compliant-rl/stable_baselines3/stable_baselines3/common/vec_env/dummy_vec_env.py", line 116, in get_attr
    return [getattr(env_i, attr_name) for env_i in target_envs]
  File "/nas/ucb/mason/ethically-compliant-rl/stable_baselines3/stable_baselines3/common/vec_env/dummy_vec_env.py", line 116, in <listcomp>
    return [getattr(env_i, attr_name) for env_i in target_envs]
  File "/nas/ucb/mason/ethically-compliant-rl/.venv/lib/python3.9/site-packages/gymnasium/core.py", line 282, in __getattr__
    return getattr(self.env, name)
  File "/nas/ucb/mason/ethically-compliant-rl/.venv/lib/python3.9/site-packages/gymnasium/core.py", line 282, in __getattr__
    return getattr(self.env, name)
  File "/nas/ucb/mason/ethically-compliant-rl/.venv/lib/python3.9/site-packages/gymnasium/core.py", line 282, in __getattr__
    return getattr(self.env, name)
  [Previous line repeated 1 more time]
AttributeError: 'ParkingEnv' object has no attribute 'episode_rewards'
wandb: Waiting for W&B process to finish... (failed 1). Press Control-C to abort syncing.
Using cpu device
----------------------------------
| rollout/           |           |
|    ep_len_mean     | 1e+03     |
|    ep_rew_mean     | -1.56e+03 |
| time/              |           |
|    fps             | 112       |
|    iterations      | 1         |
|    time_elapsed    | 18        |
|    total_timesteps | 2048      |
----------------------------------
ENTERED
Traceback (most recent call last):
  File "/nas/ucb/mason/ethically-compliant-rl/PPOL_New/train_ppol_no_lagrange.py", line 120, in <module>
    train()
  File "/nas/ucb/mason/ethically-compliant-rl/.venv/lib/python3.9/site-packages/pyrallis/argparsing.py", line 158, in wrapper_inner
    response = fn(cfg, *args, **kwargs)
  File "/nas/ucb/mason/ethically-compliant-rl/PPOL_New/train_ppol_no_lagrange.py", line 97, in train
    agent.learn(total_timesteps=args.total_timesteps, callback=callback, reset_num_timesteps=False)
  File "/nas/ucb/mason/ethically-compliant-rl/stable_baselines3/stable_baselines3/ppol/ppol.py", line 422, in learn
    result = super().learn(
  File "/nas/ucb/mason/ethically-compliant-rl/stable_baselines3/stable_baselines3/common/on_policy_algorithm.py", line 594, in learn
    self.train()
  File "/nas/ucb/mason/ethically-compliant-rl/stable_baselines3/stable_baselines3/ppol/ppol.py", line 356, in train
    sub_env_episode_rewards = self.env.get_attr('episode_rewards', env_idx)
  File "/nas/ucb/mason/ethically-compliant-rl/stable_baselines3/stable_baselines3/common/vec_env/dummy_vec_env.py", line 116, in get_attr
    return [getattr(env_i, attr_name) for env_i in target_envs]
  File "/nas/ucb/mason/ethically-compliant-rl/stable_baselines3/stable_baselines3/common/vec_env/dummy_vec_env.py", line 116, in <listcomp>
    return [getattr(env_i, attr_name) for env_i in target_envs]
  File "/nas/ucb/mason/ethically-compliant-rl/.venv/lib/python3.9/site-packages/gymnasium/core.py", line 282, in __getattr__
    return getattr(self.env, name)
  File "/nas/ucb/mason/ethically-compliant-rl/.venv/lib/python3.9/site-packages/gymnasium/core.py", line 282, in __getattr__
    return getattr(self.env, name)
  File "/nas/ucb/mason/ethically-compliant-rl/.venv/lib/python3.9/site-packages/gymnasium/core.py", line 282, in __getattr__
    return getattr(self.env, name)
  [Previous line repeated 1 more time]
AttributeError: 'ParkingEnv' object has no attribute 'episode_rewards'
wandb: Waiting for W&B process to finish... (failed 1). Press Control-C to abort syncing.
Using cpu device
----------------------------------
| rollout/           |           |
|    ep_len_mean     | 1e+03     |
|    ep_rew_mean     | -1.29e+03 |
| time/              |           |
|    fps             | 108       |
|    iterations      | 1         |
|    time_elapsed    | 18        |
|    total_timesteps | 2048      |
----------------------------------
ENTERED
Traceback (most recent call last):
  File "/nas/ucb/mason/ethically-compliant-rl/PPOL_New/train_ppol_no_lagrange.py", line 120, in <module>
    train()
  File "/nas/ucb/mason/ethically-compliant-rl/.venv/lib/python3.9/site-packages/pyrallis/argparsing.py", line 158, in wrapper_inner
    response = fn(cfg, *args, **kwargs)
  File "/nas/ucb/mason/ethically-compliant-rl/PPOL_New/train_ppol_no_lagrange.py", line 97, in train
    agent.learn(total_timesteps=args.total_timesteps, callback=callback, reset_num_timesteps=False)
  File "/nas/ucb/mason/ethically-compliant-rl/stable_baselines3/stable_baselines3/ppol/ppol.py", line 422, in learn
    result = super().learn(
  File "/nas/ucb/mason/ethically-compliant-rl/stable_baselines3/stable_baselines3/common/on_policy_algorithm.py", line 594, in learn
    self.train()
  File "/nas/ucb/mason/ethically-compliant-rl/stable_baselines3/stable_baselines3/ppol/ppol.py", line 356, in train
    sub_env_episode_rewards = self.env.get_attr('episode_rewards', env_idx)
  File "/nas/ucb/mason/ethically-compliant-rl/stable_baselines3/stable_baselines3/common/vec_env/dummy_vec_env.py", line 116, in get_attr
    return [getattr(env_i, attr_name) for env_i in target_envs]
  File "/nas/ucb/mason/ethically-compliant-rl/stable_baselines3/stable_baselines3/common/vec_env/dummy_vec_env.py", line 116, in <listcomp>
    return [getattr(env_i, attr_name) for env_i in target_envs]
  File "/nas/ucb/mason/ethically-compliant-rl/.venv/lib/python3.9/site-packages/gymnasium/core.py", line 282, in __getattr__
    return getattr(self.env, name)
  File "/nas/ucb/mason/ethically-compliant-rl/.venv/lib/python3.9/site-packages/gymnasium/core.py", line 282, in __getattr__
    return getattr(self.env, name)
  File "/nas/ucb/mason/ethically-compliant-rl/.venv/lib/python3.9/site-packages/gymnasium/core.py", line 282, in __getattr__
    return getattr(self.env, name)
  [Previous line repeated 1 more time]
AttributeError: 'ParkingEnv' object has no attribute 'episode_rewards'
wandb: Waiting for W&B process to finish... (failed 1). Press Control-C to abort syncing.
wandb: 🚀 View run feasible-fog-62 at: https://wandb.ai/ecrl/New-PPOL-NoMultipiler-SpeedLimit%3D2/runs/zt4ukmta
wandb: Synced 5 W&B file(s), 0 media file(s), 2 artifact file(s) and 0 other file(s)
wandb: Find logs at: ./wandb/run-20231230_034959-zt4ukmta/logs
wandb: 🚀 View run blooming-sponge-63 at: https://wandb.ai/ecrl/New-PPOL-NoMultipiler-SpeedLimit%3D2/runs/vnn928dh
wandb: Synced 5 W&B file(s), 0 media file(s), 0 artifact file(s) and 0 other file(s)
wandb: Find logs at: ./wandb/run-20231229_195000-vnn928dh/logs
wandb: 🚀 View run effortless-pyramid-64 at: https://wandb.ai/ecrl/New-PPOL-NoMultipiler-SpeedLimit%3D2/runs/6rlw1oyf
wandb: Synced 5 W&B file(s), 0 media file(s), 0 artifact file(s) and 0 other file(s)
wandb: Find logs at: ./wandb/run-20231229_195000-6rlw1oyf/logs
wandb: 🚀 View run eager-water-65 at: https://wandb.ai/ecrl/New-PPOL-NoMultipiler-SpeedLimit%3D2/runs/ewqbwfsx
wandb: Synced 5 W&B file(s), 0 media file(s), 0 artifact file(s) and 0 other file(s)
wandb: Find logs at: ./wandb/run-20231229_195000-ewqbwfsx/logs
srun: error: airl.ist.berkeley.edu: task 0: Exited with exit code 1
srun: error: dqn.ist.berkeley.edu: task 0: Exited with exit code 1
srun: error: gail.ist.berkeley.edu: task 0: Exited with exit code 1
srun: error: ddpg.ist.berkeley.edu: task 0: Exited with exit code 1
