wandb: Currently logged in as: mason-nakamura1 (ecrl). Use `wandb login --relogin` to force relogin
wandb: Currently logged in as: mason-nakamura1 (ecrl). Use `wandb login --relogin` to force relogin
[32;1mLogging data to logs/CPO-200-epochs-speed-constraint/parking-v0-cost-[2]/cpo_constraint_typespeed_cost2_step_per_epoch1000-593b/progress.txt[0m
wandb: ERROR api_key not configured (no-tty). call wandb.login(key=[your_api_key])
Traceback (most recent call last):
  File "/nas/ucb/mason/ethically-compliant-rl/CPO/train_cpo.py", line 199, in <module>
    train()
  File "/nas/ucb/mason/ethically-compliant-rl/.venv/lib/python3.9/site-packages/pyrallis/argparsing.py", line 158, in wrapper_inner
    response = fn(cfg, *args, **kwargs)
  File "/nas/ucb/mason/ethically-compliant-rl/CPO/train_cpo.py", line 108, in train
    logger = WandbLogger(cfg, args.project, args.group, args.name, args.logdir)
  File "/nas/ucb/mason/ethically-compliant-rl/FSRL/fsrl/utils/logger/wandb_logger.py", line 42, in __init__
    self.wandb_run = wandb.init(
  File "/nas/ucb/mason/ethically-compliant-rl/.venv/lib/python3.9/site-packages/wandb/sdk/wandb_init.py", line 1164, in init
    raise e
  File "/nas/ucb/mason/ethically-compliant-rl/.venv/lib/python3.9/site-packages/wandb/sdk/wandb_init.py", line 1141, in init
    wi.setup(kwargs)
  File "/nas/ucb/mason/ethically-compliant-rl/.venv/lib/python3.9/site-packages/wandb/sdk/wandb_init.py", line 289, in setup
    wandb_login._login(
  File "/nas/ucb/mason/ethically-compliant-rl/.venv/lib/python3.9/site-packages/wandb/sdk/wandb_login.py", line 298, in _login
    wlogin.prompt_api_key()
  File "/nas/ucb/mason/ethically-compliant-rl/.venv/lib/python3.9/site-packages/wandb/sdk/wandb_login.py", line 228, in prompt_api_key
    raise UsageError("api_key not configured (no-tty). call " + directive)
wandb.errors.UsageError: api_key not configured (no-tty). call wandb.login(key=[your_api_key])
Traceback (most recent call last):
  File "/nas/ucb/mason/ethically-compliant-rl/CPO/train_cpo.py", line 199, in <module>
    train()
  File "/nas/ucb/mason/ethically-compliant-rl/.venv/lib/python3.9/site-packages/pyrallis/argparsing.py", line 158, in wrapper_inner
    response = fn(cfg, *args, **kwargs)
  File "/nas/ucb/mason/ethically-compliant-rl/CPO/train_cpo.py", line 108, in train
    logger = WandbLogger(cfg, args.project, args.group, args.name, args.logdir)
  File "/nas/ucb/mason/ethically-compliant-rl/FSRL/fsrl/utils/logger/wandb_logger.py", line 42, in __init__
    self.wandb_run = wandb.init(
  File "/nas/ucb/mason/ethically-compliant-rl/.venv/lib/python3.9/site-packages/wandb/sdk/wandb_init.py", line 1164, in init
    raise e
  File "/nas/ucb/mason/ethically-compliant-rl/.venv/lib/python3.9/site-packages/wandb/sdk/wandb_init.py", line 1141, in init
    wi.setup(kwargs)
  File "/nas/ucb/mason/ethically-compliant-rl/.venv/lib/python3.9/site-packages/wandb/sdk/wandb_init.py", line 289, in setup
    wandb_login._login(
  File "/nas/ucb/mason/ethically-compliant-rl/.venv/lib/python3.9/site-packages/wandb/sdk/wandb_login.py", line 298, in _login
    wlogin.prompt_api_key()
  File "/nas/ucb/mason/ethically-compliant-rl/.venv/lib/python3.9/site-packages/wandb/sdk/wandb_login.py", line 228, in prompt_api_key
    raise UsageError("api_key not configured (no-tty). call " + directive)
wandb.errors.UsageError: api_key not configured (no-tty). call wandb.login(key=[your_api_key])
wandb: Currently logged in as: mason-nakamura1 (ecrl). Use `wandb login --relogin` to force relogin
wandb: wandb version 0.15.12 is available!  To upgrade, please run:
wandb:  $ pip install wandb --upgrade
wandb: Tracking run with wandb version 0.14.2
wandb: Run data is saved locally in /nas/ucb/mason/ethically-compliant-rl/wandb/run-20231016_144304-2f191068-ba74-4c44-9c16-1512a98e039d
wandb: Run `wandb offline` to turn off syncing.
wandb: Syncing run cpo_constraint_typespeed_cost2_step_per_epoch1000-a067
wandb: ⭐️ View project at https://wandb.ai/ecrl/CPO-200-epochs-speed-constraint
wandb: 🚀 View run at https://wandb.ai/ecrl/CPO-200-epochs-speed-constraint/runs/2f191068-ba74-4c44-9c16-1512a98e039d
wandb: wandb version 0.15.12 is available!  To upgrade, please run:
wandb:  $ pip install wandb --upgrade
wandb: Tracking run with wandb version 0.14.2
wandb: Run data is saved locally in /nas/ucb/mason/ethically-compliant-rl/wandb/run-20231016_144304-b68746a8-15e7-43ea-8e5f-3a61fce8bb2e
wandb: Run `wandb offline` to turn off syncing.
wandb: Syncing run cpo_constraint_typespeed_cost2_step_per_epoch1000-0a14
wandb: ⭐️ View project at https://wandb.ai/ecrl/CPO-200-epochs-speed-constraint
wandb: 🚀 View run at https://wandb.ai/ecrl/CPO-200-epochs-speed-constraint/runs/b68746a8-15e7-43ea-8e5f-3a61fce8bb2e
srun: error: dqn.ist.berkeley.edu: task 0: Exited with exit code 1
wandb: wandb version 0.15.12 is available!  To upgrade, please run:
wandb:  $ pip install wandb --upgrade
wandb: Tracking run with wandb version 0.14.2
wandb: Run data is saved locally in /nas/ucb/mason/ethically-compliant-rl/wandb/run-20231016_144305-cd24590b-685a-4672-985a-a8d59bac6771
wandb: Run `wandb offline` to turn off syncing.
wandb: Syncing run cpo_constraint_typespeed_cost2_step_per_epoch1000-a1b6
wandb: ⭐️ View project at https://wandb.ai/ecrl/CPO-200-epochs-speed-constraint
wandb: 🚀 View run at https://wandb.ai/ecrl/CPO-200-epochs-speed-constraint/runs/cd24590b-685a-4672-985a-a8d59bac6771
[32;1mLogging data to logs/CPO-200-epochs-speed-constraint/parking-v0-cost-[2]/cpo_constraint_typespeed_cost2_step_per_epoch1000-a067/progress.txt[0m
slurmstepd: error: *** STEP 75500.2 ON gail.ist.berkeley.edu CANCELLED AT 2023-10-16T14:43:08 ***
slurmstepd: error: *** STEP 75500.3 ON gan.ist.berkeley.edu CANCELLED AT 2023-10-16T14:43:08 ***
slurmstepd: error: *** JOB 75500 ON ddpg.ist.berkeley.edu CANCELLED AT 2023-10-16T14:43:08 ***
slurmstepd: error: *** STEP 75500.0 ON ddpg.ist.berkeley.edu CANCELLED AT 2023-10-16T14:43:08 ***
