usage: train_cpo_custom.py [-h] [--task TASK] [--project PROJECT]
                           [--epoch EPOCH] [--target_kl TARGET_KL] [--lr LR]
                           [--step_per_epoch STEP_PER_EPOCH] [--gamma GAMMA]
                           [--cost_limit COST_LIMIT [COST_LIMIT ...]]
                           [--render RENDER] [--render_mode RENDER_MODE]
                           [--thread THREAD] [--constrained_rl CONSTRAINED_RL]
                           [--cost_delta_distance COST_DELTA_DISTANCE]
                           [--quantized_line_points QUANTIZED_LINE_POINTS]
                           [--absolute_cost_distance ABSOLUTE_COST_DISTANCE]
                           [--cost_speed_limit COST_SPEED_LIMIT]
                           [--absolute_cost_speed ABSOLUTE_COST_SPEED]
train_cpo_custom.py: error: argument --cost_limit: invalid typing.Union[typing.List, float] value: '10.0'
usage: train_cpo_custom.py [-h] [--task TASK] [--project PROJECT]
                           [--epoch EPOCH] [--target_kl TARGET_KL] [--lr LR]
                           [--step_per_epoch STEP_PER_EPOCH] [--gamma GAMMA]
                           [--cost_limit COST_LIMIT [COST_LIMIT ...]]
                           [--render RENDER] [--render_mode RENDER_MODE]
                           [--thread THREAD] [--constrained_rl CONSTRAINED_RL]
                           [--cost_delta_distance COST_DELTA_DISTANCE]
                           [--quantized_line_points QUANTIZED_LINE_POINTS]
                           [--absolute_cost_distance ABSOLUTE_COST_DISTANCE]
                           [--cost_speed_limit COST_SPEED_LIMIT]
                           [--absolute_cost_speed ABSOLUTE_COST_SPEED]
train_cpo_custom.py: error: unrecognized arguments: --eoch 400
srun: error: ppo.ist.berkeley.edu: task 0: Exited with exit code 2
srun: error: gan.ist.berkeley.edu: task 0: Exited with exit code 2
usage: train_cpo_custom.py [-h] [--task TASK] [--project PROJECT]
                           [--epoch EPOCH] [--target_kl TARGET_KL] [--lr LR]
                           [--step_per_epoch STEP_PER_EPOCH] [--gamma GAMMA]
                           [--cost_limit COST_LIMIT [COST_LIMIT ...]]
                           [--render RENDER] [--render_mode RENDER_MODE]
                           [--thread THREAD] [--constrained_rl CONSTRAINED_RL]
                           [--cost_delta_distance COST_DELTA_DISTANCE]
                           [--quantized_line_points QUANTIZED_LINE_POINTS]
                           [--absolute_cost_distance ABSOLUTE_COST_DISTANCE]
                           [--cost_speed_limit COST_SPEED_LIMIT]
                           [--absolute_cost_speed ABSOLUTE_COST_SPEED]
train_cpo_custom.py: error: argument --cost_limit: invalid typing.Union[typing.List, float] value: '5.0'
srun: error: ddpg.ist.berkeley.edu: task 0: Exited with exit code 2
