wandb: Currently logged in as: mason-nakamura1 (ecrl). Use `wandb login --relogin` to force relogin
wandb: Currently logged in as: mason-nakamura1 (ecrl). Use `wandb login --relogin` to force relogin
wandb: Currently logged in as: mason-nakamura1 (ecrl). Use `wandb login --relogin` to force relogin
wandb: Currently logged in as: mason-nakamura1 (ecrl). Use `wandb login --relogin` to force relogin
wandb: wandb version 0.16.1 is available!  To upgrade, please run:
wandb:  $ pip install wandb --upgrade
wandb: Tracking run with wandb version 0.14.2
wandb: Run data is saved locally in /nas/ucb/mason/ethically-compliant-rl/wandb/run-20231230_032152-dnqhj1eq
wandb: Run `wandb offline` to turn off syncing.
wandb: Syncing run absurd-firefly-41
wandb: ⭐️ View project at https://wandb.ai/ecrl/New-PPOL-SpeedLimit%3D100
wandb: 🚀 View run at https://wandb.ai/ecrl/New-PPOL-SpeedLimit%3D100/runs/dnqhj1eq
wandb: wandb version 0.16.1 is available!  To upgrade, please run:
wandb:  $ pip install wandb --upgrade
wandb: Tracking run with wandb version 0.14.2
wandb: Run data is saved locally in /nas/ucb/mason/ethically-compliant-rl/wandb/run-20231229_192152-8c97y0on
wandb: Run `wandb offline` to turn off syncing.
wandb: Syncing run dainty-dawn-42
wandb: ⭐️ View project at https://wandb.ai/ecrl/New-PPOL-SpeedLimit%3D100
wandb: 🚀 View run at https://wandb.ai/ecrl/New-PPOL-SpeedLimit%3D100/runs/8c97y0on
wandb: wandb version 0.16.1 is available!  To upgrade, please run:
wandb:  $ pip install wandb --upgrade
wandb: Tracking run with wandb version 0.14.2
wandb: Run data is saved locally in /nas/ucb/mason/ethically-compliant-rl/wandb/run-20231229_192152-8ugk9q7u
wandb: Run `wandb offline` to turn off syncing.
wandb: Syncing run clean-morning-43
wandb: ⭐️ View project at https://wandb.ai/ecrl/New-PPOL-SpeedLimit%3D100
wandb: 🚀 View run at https://wandb.ai/ecrl/New-PPOL-SpeedLimit%3D100/runs/8ugk9q7u
wandb: wandb version 0.16.1 is available!  To upgrade, please run:
wandb:  $ pip install wandb --upgrade
wandb: Tracking run with wandb version 0.14.2
wandb: Run data is saved locally in /nas/ucb/mason/ethically-compliant-rl/wandb/run-20231229_192152-rknrp4mx
wandb: Run `wandb offline` to turn off syncing.
wandb: Syncing run wise-water-44
wandb: ⭐️ View project at https://wandb.ai/ecrl/New-PPOL-SpeedLimit%3D100
wandb: 🚀 View run at https://wandb.ai/ecrl/New-PPOL-SpeedLimit%3D100/runs/rknrp4mx
Using cpu device
----------------------------------
| rollout/           |           |
|    ep_len_mean     | 1e+03     |
|    ep_rew_mean     | -1.02e+03 |
| time/              |           |
|    fps             | 122       |
|    iterations      | 1         |
|    time_elapsed    | 16        |
|    total_timesteps | 2048      |
----------------------------------
Using cpu device
---------------------------------
| rollout/           |          |
|    ep_len_mean     | 682      |
|    ep_rew_mean     | -949     |
| time/              |          |
|    fps             | 115      |
|    iterations      | 1        |
|    time_elapsed    | 17       |
|    total_timesteps | 2048     |
---------------------------------
Using cpu device
----------------------------------
| rollout/           |           |
|    ep_len_mean     | 1e+03     |
|    ep_rew_mean     | -1.79e+03 |
| time/              |           |
|    fps             | 110       |
|    iterations      | 1         |
|    time_elapsed    | 18        |
|    total_timesteps | 2048      |
----------------------------------
Using cpu device
----------------------------------
| rollout/           |           |
|    ep_len_mean     | 1e+03     |
|    ep_rew_mean     | -1.27e+03 |
| time/              |           |
|    fps             | 105       |
|    iterations      | 1         |
|    time_elapsed    | 19        |
|    total_timesteps | 2048      |
----------------------------------
-------------------------------------------
| rollout/                 |              |
|    ep_len_mean           | 1e+03        |
|    ep_rew_mean           | -1.07e+03    |
| time/                    |              |
|    fps                   | 120          |
|    iterations            | 2            |
|    time_elapsed          | 34           |
|    total_timesteps       | 4096         |
| train/                   |              |
|    approx_kl             | 0.0032117802 |
|    clip_fraction         | 0.00854      |
|    clip_range            | 0.2          |
|    cost_returns          | 0.00142      |
|    cost_value_loss       | 0.0874       |
|    cost_values           | 0.00215      |
|    entropy               | -2.85        |
|    entropy_loss          | -2.84        |
|    explained_variance    | 0.0528       |
|    lagrangian_multiplier | 0.0628       |
|    learning_rate         | 0.0003       |
|    loss                  | 5.28         |
|    n_updates             | 10           |
|    policy_gradient_loss  | -0.00294     |
|    std                   | 1            |
|    value_loss            | 346          |
-------------------------------------------
------------------------------------------
| rollout/                 |             |
|    ep_len_mean           | 810         |
|    ep_rew_mean           | -1.2e+03    |
| time/                    |             |
|    fps                   | 112         |
|    iterations            | 2           |
|    time_elapsed          | 36          |
|    total_timesteps       | 4096        |
| train/                   |             |
|    approx_kl             | 0.005326707 |
|    clip_fraction         | 0.0263      |
|    clip_range            | 0.2         |
|    cost_returns          | -0.02       |
|    cost_value_loss       | 0.0514      |
|    cost_values           | -0.0181     |
|    entropy               | -2.84       |
|    entropy_loss          | -2.84       |
|    explained_variance    | 0.0197      |
|    lagrangian_multiplier | 0.067       |
|    learning_rate         | 0.0003      |
|    loss                  | 9.48        |
|    n_updates             | 10          |
|    policy_gradient_loss  | -0.00431    |
|    std                   | 1           |
|    value_loss            | 624         |
------------------------------------------
-------------------------------------------
| rollout/                 |              |
|    ep_len_mean           | 1e+03        |
|    ep_rew_mean           | -1.52e+03    |
| time/                    |              |
|    fps                   | 108          |
|    iterations            | 2            |
|    time_elapsed          | 37           |
|    total_timesteps       | 4096         |
| train/                   |              |
|    approx_kl             | 0.0048346934 |
|    clip_fraction         | 0.0189       |
|    clip_range            | 0.2          |
|    cost_returns          | 0.157        |
|    cost_value_loss       | 0.187        |
|    cost_values           | 0.193        |
|    entropy               | -2.84        |
|    entropy_loss          | -2.84        |
|    explained_variance    | -0.0142      |
|    lagrangian_multiplier | 0.0482       |
|    learning_rate         | 0.0003       |
|    loss                  | 20.1         |
|    n_updates             | 10           |
|    policy_gradient_loss  | -0.0043      |
|    std                   | 1            |
|    value_loss            | 1.02e+03     |
-------------------------------------------
-------------------------------------------
| rollout/                 |              |
|    ep_len_mean           | 1e+03        |
|    ep_rew_mean           | -1.39e+03    |
| time/                    |              |
|    fps                   | 103          |
|    iterations            | 2            |
|    time_elapsed          | 39           |
|    total_timesteps       | 4096         |
| train/                   |              |
|    approx_kl             | 0.0037192593 |
|    clip_fraction         | 0.012        |
|    clip_range            | 0.2          |
|    cost_returns          | -0.019       |
|    cost_value_loss       | 0.0471       |
|    cost_values           | -0.0145      |
|    entropy               | -2.83        |
|    entropy_loss          | -2.83        |
|    explained_variance    | 0.065        |
|    lagrangian_multiplier | 0.0588       |
|    learning_rate         | 0.0003       |
|    loss                  | 9.42         |
|    n_updates             | 10           |
|    policy_gradient_loss  | -0.00349     |
|    std                   | 0.995        |
|    value_loss            | 561          |
-------------------------------------------
------------------------------------------
| rollout/                 |             |
|    ep_len_mean           | 1e+03       |
|    ep_rew_mean           | -1.06e+03   |
| time/                    |             |
|    fps                   | 119         |
|    iterations            | 3           |
|    time_elapsed          | 51          |
|    total_timesteps       | 6144        |
| train/                   |             |
|    approx_kl             | 0.003725412 |
|    clip_fraction         | 0.00952     |
|    clip_range            | 0.2         |
|    cost_returns          | -0.134      |
|    cost_value_loss       | 0.117       |
|    cost_values           | -0.167      |
|    entropy               | -2.85       |
|    entropy_loss          | -2.85       |
|    explained_variance    | 0.0238      |
|    lagrangian_multiplier | 0.0651      |
|    learning_rate         | 0.0003      |
|    loss                  | 6.15        |
|    n_updates             | 20          |
|    policy_gradient_loss  | -0.00273    |
|    std                   | 1.01        |
|    value_loss            | 396         |
------------------------------------------
-------------------------------------------
| rollout/                 |              |
|    ep_len_mean           | 864          |
|    ep_rew_mean           | -1.23e+03    |
| time/                    |              |
|    fps                   | 111          |
|    iterations            | 3            |
|    time_elapsed          | 55           |
|    total_timesteps       | 6144         |
| train/                   |              |
|    approx_kl             | 0.0019140455 |
|    clip_fraction         | 0.00137      |
|    clip_range            | 0.2          |
|    cost_returns          | 0.0327       |
|    cost_value_loss       | 0.0366       |
|    cost_values           | 0.0431       |
|    entropy               | -2.85        |
|    entropy_loss          | -2.85        |
|    explained_variance    | 0.0105       |
|    lagrangian_multiplier | 0.0637       |
|    learning_rate         | 0.0003       |
|    loss                  | 11.4         |
|    n_updates             | 20           |
|    policy_gradient_loss  | -0.00196     |
|    std                   | 1.01         |
|    value_loss            | 788          |
-------------------------------------------
------------------------------------------
| rollout/                 |             |
|    ep_len_mean           | 1e+03       |
|    ep_rew_mean           | -1.54e+03   |
| time/                    |             |
|    fps                   | 108         |
|    iterations            | 3           |
|    time_elapsed          | 56          |
|    total_timesteps       | 6144        |
| train/                   |             |
|    approx_kl             | 0.003660921 |
|    clip_fraction         | 0.00679     |
|    clip_range            | 0.2         |
|    cost_returns          | -0.238      |
|    cost_value_loss       | 0.336       |
|    cost_values           | -0.274      |
|    entropy               | -2.85       |
|    entropy_loss          | -2.85       |
|    explained_variance    | 0.0467      |
|    lagrangian_multiplier | 0.059       |
|    learning_rate         | 0.0003      |
|    loss                  | 7.3         |
|    n_updates             | 20          |
|    policy_gradient_loss  | -0.002      |
|    std                   | 1.01        |
|    value_loss            | 458         |
------------------------------------------
------------------------------------------
| rollout/                 |             |
|    ep_len_mean           | 1e+03       |
|    ep_rew_mean           | -1.27e+03   |
| time/                    |             |
|    fps                   | 102         |
|    iterations            | 3           |
|    time_elapsed          | 59          |
|    total_timesteps       | 6144        |
| train/                   |             |
|    approx_kl             | 0.005220143 |
|    clip_fraction         | 0.018       |
|    clip_range            | 0.2         |
|    cost_returns          | 0.246       |
|    cost_value_loss       | 0.191       |
|    cost_values           | 0.305       |
|    entropy               | -2.82       |
|    entropy_loss          | -2.82       |
|    explained_variance    | -0.0185     |
|    lagrangian_multiplier | 0.045       |
|    learning_rate         | 0.0003      |
|    loss                  | 14.1        |
|    n_updates             | 20          |
|    policy_gradient_loss  | -0.00281    |
|    std                   | 0.992       |
|    value_loss            | 695         |
------------------------------------------
------------------------------------------
| rollout/                 |             |
|    ep_len_mean           | 1e+03       |
|    ep_rew_mean           | -1.15e+03   |
| time/                    |             |
|    fps                   | 118         |
|    iterations            | 4           |
|    time_elapsed          | 68          |
|    total_timesteps       | 8192        |
| train/                   |             |
|    approx_kl             | 0.005059152 |
|    clip_fraction         | 0.0169      |
|    clip_range            | 0.2         |
|    cost_returns          | -0.0705     |
|    cost_value_loss       | 0.162       |
|    cost_values           | -0.0884     |
|    entropy               | -2.85       |
|    entropy_loss          | -2.85       |
|    explained_variance    | -0.0237     |
|    lagrangian_multiplier | 0.0593      |
|    learning_rate         | 0.0003      |
|    loss                  | 5.55        |
|    n_updates             | 30          |
|    policy_gradient_loss  | -0.00296    |
|    std                   | 1.01        |
|    value_loss            | 346         |
------------------------------------------
-------------------------------------------
| rollout/                 |              |
|    ep_len_mean           | 895          |
|    ep_rew_mean           | -1.31e+03    |
| time/                    |              |
|    fps                   | 110          |
|    iterations            | 4            |
|    time_elapsed          | 73           |
|    total_timesteps       | 8192         |
| train/                   |              |
|    approx_kl             | 0.0018211423 |
|    clip_fraction         | 0.00132      |
|    clip_range            | 0.2          |
|    cost_returns          | -0.0253      |
|    cost_value_loss       | 0.0344       |
|    cost_values           | -0.0266      |
|    entropy               | -2.84        |
|    entropy_loss          | -2.85        |
|    explained_variance    | 0.0299       |
|    lagrangian_multiplier | 0.0685       |
|    learning_rate         | 0.0003       |
|    loss                  | 7.49         |
|    n_updates             | 30           |
|    policy_gradient_loss  | -0.00173     |
|    std                   | 1            |
|    value_loss            | 544          |
-------------------------------------------
------------------------------------------
| rollout/                 |             |
|    ep_len_mean           | 1e+03       |
|    ep_rew_mean           | -1.53e+03   |
| time/                    |             |
|    fps                   | 107         |
|    iterations            | 4           |
|    time_elapsed          | 75          |
|    total_timesteps       | 8192        |
| train/                   |             |
|    approx_kl             | 0.003628513 |
|    clip_fraction         | 0.00962     |
|    clip_range            | 0.2         |
|    cost_returns          | 0.127       |
|    cost_value_loss       | 0.156       |
|    cost_values           | 0.152       |
|    entropy               | -2.84       |
|    entropy_loss          | -2.85       |
|    explained_variance    | 0.00506     |
|    lagrangian_multiplier | 0.053       |
|    learning_rate         | 0.0003      |
|    loss                  | 13.9        |
|    n_updates             | 30          |
|    policy_gradient_loss  | -0.00248    |
|    std                   | 1           |
|    value_loss            | 791         |
------------------------------------------
-----------------------------------------
| rollout/                 |            |
|    ep_len_mean           | 1e+03      |
|    ep_rew_mean           | -1.21e+03  |
| time/                    |            |
|    fps                   | 102        |
|    iterations            | 4          |
|    time_elapsed          | 79         |
|    total_timesteps       | 8192       |
| train/                   |            |
|    approx_kl             | 0.00497373 |
|    clip_fraction         | 0.0132     |
|    clip_range            | 0.2        |
|    cost_returns          | 0.0153     |
|    cost_value_loss       | 0.0596     |
|    cost_values           | 0.0269     |
|    entropy               | -2.82      |
|    entropy_loss          | -2.82      |
|    explained_variance    | 0.0576     |
|    lagrangian_multiplier | 0.0546     |
|    learning_rate         | 0.0003     |
|    loss                  | 6.1        |
|    n_updates             | 30         |
|    policy_gradient_loss  | -0.00384   |
|    std                   | 0.992      |
|    value_loss            | 359        |
-----------------------------------------
-----------------------------------------
| rollout/                 |            |
|    ep_len_mean           | 1e+03      |
|    ep_rew_mean           | -1.08e+03  |
| time/                    |            |
|    fps                   | 118        |
|    iterations            | 5          |
|    time_elapsed          | 86         |
|    total_timesteps       | 10240      |
| train/                   |            |
|    approx_kl             | 0.00435643 |
|    clip_fraction         | 0.0159     |
|    clip_range            | 0.2        |
|    cost_returns          | -0.0421    |
|    cost_value_loss       | 0.089      |
|    cost_values           | -0.0539    |
|    entropy               | -2.85      |
|    entropy_loss          | -2.85      |
|    explained_variance    | -0.00401   |
|    lagrangian_multiplier | 0.0568     |
|    learning_rate         | 0.0003     |
|    loss                  | 10.7       |
|    n_updates             | 40         |
|    policy_gradient_loss  | -0.00243   |
|    std                   | 1.01       |
|    value_loss            | 637        |
-----------------------------------------
-------------------------------------------
| rollout/                 |              |
|    ep_len_mean           | 914          |
|    ep_rew_mean           | -1.32e+03    |
| time/                    |              |
|    fps                   | 110          |
|    iterations            | 5            |
|    time_elapsed          | 92           |
|    total_timesteps       | 10240        |
| train/                   |              |
|    approx_kl             | 0.0028460352 |
|    clip_fraction         | 0.00859      |
|    clip_range            | 0.2          |
|    cost_returns          | 0.0169       |
|    cost_value_loss       | 0.0373       |
|    cost_values           | 0.0216       |
|    entropy               | -2.83        |
|    entropy_loss          | -2.83        |
|    explained_variance    | 0.0169       |
|    lagrangian_multiplier | 0.0603       |
|    learning_rate         | 0.0003       |
|    loss                  | 13.8         |
|    n_updates             | 40           |
|    policy_gradient_loss  | -0.00241     |
|    std                   | 0.996        |
|    value_loss            | 852          |
-------------------------------------------
------------------------------------------
| rollout/                 |             |
|    ep_len_mean           | 1e+03       |
|    ep_rew_mean           | -1.51e+03   |
| time/                    |             |
|    fps                   | 107         |
|    iterations            | 5           |
|    time_elapsed          | 95          |
|    total_timesteps       | 10240       |
| train/                   |             |
|    approx_kl             | 0.006005821 |
|    clip_fraction         | 0.0193      |
|    clip_range            | 0.2         |
|    cost_returns          | -0.0187     |
|    cost_value_loss       | 0.267       |
|    cost_values           | -0.0165     |
|    entropy               | -2.85       |
|    entropy_loss          | -2.85       |
|    explained_variance    | 0.0129      |
|    lagrangian_multiplier | 0.0569      |
|    learning_rate         | 0.0003      |
|    loss                  | 11.1        |
|    n_updates             | 40          |
|    policy_gradient_loss  | -0.00422    |
|    std                   | 1.01        |
|    value_loss            | 681         |
------------------------------------------
-------------------------------------------
| rollout/                 |              |
|    ep_len_mean           | 1e+03        |
|    ep_rew_mean           | -1.27e+03    |
| time/                    |              |
|    fps                   | 102          |
|    iterations            | 5            |
|    time_elapsed          | 100          |
|    total_timesteps       | 10240        |
| train/                   |              |
|    approx_kl             | 0.0038638636 |
|    clip_fraction         | 0.013        |
|    clip_range            | 0.2          |
|    cost_returns          | 0.0792       |
|    cost_value_loss       | 0.0298       |
|    cost_values           | 0.101        |
|    entropy               | -2.82        |
|    entropy_loss          | -2.82        |
|    explained_variance    | -0.0578      |
|    lagrangian_multiplier | 0.0531       |
|    learning_rate         | 0.0003       |
|    loss                  | 5.96         |
|    n_updates             | 40           |
|    policy_gradient_loss  | -0.00241     |
|    std                   | 0.994        |
|    value_loss            | 350          |
-------------------------------------------
-------------------------------------------
| rollout/                 |              |
|    ep_len_mean           | 1e+03        |
|    ep_rew_mean           | -1.13e+03    |
| time/                    |              |
|    fps                   | 118          |
|    iterations            | 6            |
|    time_elapsed          | 103          |
|    total_timesteps       | 12288        |
| train/                   |              |
|    approx_kl             | 0.0023040837 |
|    clip_fraction         | 0.0021       |
|    clip_range            | 0.2          |
|    cost_returns          | -0.154       |
|    cost_value_loss       | 0.105        |
|    cost_values           | -0.201       |
|    entropy               | -2.85        |
|    entropy_loss          | -2.85        |
|    explained_variance    | -0.08        |
|    lagrangian_multiplier | 0.0649       |
|    learning_rate         | 0.0003       |
|    loss                  | 3.18         |
|    n_updates             | 50           |
|    policy_gradient_loss  | -0.00192     |
|    std                   | 1.01         |
|    value_loss            | 201          |
-------------------------------------------
-------------------------------------------
| rollout/                 |              |
|    ep_len_mean           | 927          |
|    ep_rew_mean           | -1.4e+03     |
| time/                    |              |
|    fps                   | 110          |
|    iterations            | 6            |
|    time_elapsed          | 110          |
|    total_timesteps       | 12288        |
| train/                   |              |
|    approx_kl             | 0.0020563046 |
|    clip_fraction         | 0.00361      |
|    clip_range            | 0.2          |
|    cost_returns          | 0.000485     |
|    cost_value_loss       | 0.048        |
|    cost_values           | 0.0188       |
|    entropy               | -2.83        |
|    entropy_loss          | -2.83        |
|    explained_variance    | 0.0145       |
|    lagrangian_multiplier | 0.0651       |
|    learning_rate         | 0.0003       |
|    loss                  | 8.04         |
|    n_updates             | 50           |
|    policy_gradient_loss  | -0.00173     |
|    std                   | 0.997        |
|    value_loss            | 549          |
-------------------------------------------
------------------------------------------
| rollout/                 |             |
|    ep_len_mean           | 1e+03       |
|    ep_rew_mean           | -1.52e+03   |
| time/                    |             |
|    fps                   | 107         |
|    iterations            | 6           |
|    time_elapsed          | 114         |
|    total_timesteps       | 12288       |
| train/                   |             |
|    approx_kl             | 0.002651977 |
|    clip_fraction         | 0.00303     |
|    clip_range            | 0.2         |
|    cost_returns          | 0.0913      |
|    cost_value_loss       | 0.372       |
|    cost_values           | 0.128       |
|    entropy               | -2.85       |
|    entropy_loss          | -2.85       |
|    explained_variance    | 0.0137      |
|    lagrangian_multiplier | 0.0641      |
|    learning_rate         | 0.0003      |
|    loss                  | 8.96        |
|    n_updates             | 50          |
|    policy_gradient_loss  | -0.00138    |
|    std                   | 1           |
|    value_loss            | 608         |
------------------------------------------
-------------------------------------------
| rollout/                 |              |
|    ep_len_mean           | 1e+03        |
|    ep_rew_mean           | -1.24e+03    |
| time/                    |              |
|    fps                   | 102          |
|    iterations            | 6            |
|    time_elapsed          | 120          |
|    total_timesteps       | 12288        |
| train/                   |              |
|    approx_kl             | 0.0039604623 |
|    clip_fraction         | 0.00918      |
|    clip_range            | 0.2          |
|    cost_returns          | -0.0552      |
|    cost_value_loss       | 0.0664       |
|    cost_values           | -0.053       |
|    entropy               | -2.83        |
|    entropy_loss          | -2.83        |
|    explained_variance    | -0.0798      |
|    lagrangian_multiplier | 0.0581       |
|    learning_rate         | 0.0003       |
|    loss                  | 12.3         |
|    n_updates             | 50           |
|    policy_gradient_loss  | -0.00287     |
|    std                   | 0.995        |
|    value_loss            | 728          |
-------------------------------------------
-------------------------------------------
| rollout/                 |              |
|    ep_len_mean           | 1e+03        |
|    ep_rew_mean           | -1.13e+03    |
| time/                    |              |
|    fps                   | 118          |
|    iterations            | 7            |
|    time_elapsed          | 121          |
|    total_timesteps       | 14336        |
| train/                   |              |
|    approx_kl             | 0.0032513088 |
|    clip_fraction         | 0.00811      |
|    clip_range            | 0.2          |
|    cost_returns          | -0.199       |
|    cost_value_loss       | 0.0858       |
|    cost_values           | -0.245       |
|    entropy               | -2.85        |
|    entropy_loss          | -2.85        |
|    explained_variance    | -0.0865      |
|    lagrangian_multiplier | 0.066        |
|    learning_rate         | 0.0003       |
|    loss                  | 9.06         |
|    n_updates             | 60           |
|    policy_gradient_loss  | -0.00206     |
|    std                   | 1.01         |
|    value_loss            | 606          |
-------------------------------------------
-------------------------------------------
| rollout/                 |              |
|    ep_len_mean           | 937          |
|    ep_rew_mean           | -1.38e+03    |
| time/                    |              |
|    fps                   | 110          |
|    iterations            | 7            |
|    time_elapsed          | 129          |
|    total_timesteps       | 14336        |
| train/                   |              |
|    approx_kl             | 0.0032187842 |
|    clip_fraction         | 0.0332       |
|    clip_range            | 0.2          |
|    cost_returns          | 0.0796       |
|    cost_value_loss       | 0.037        |
|    cost_values           | 0.1          |
|    entropy               | -2.84        |
|    entropy_loss          | -2.84        |
|    explained_variance    | 0.0268       |
|    lagrangian_multiplier | 0.0647       |
|    learning_rate         | 0.0003       |
|    loss                  | 17.3         |
|    n_updates             | 60           |
|    policy_gradient_loss  | -0.00411     |
|    std                   | 1            |
|    value_loss            | 1.27e+03     |
-------------------------------------------
------------------------------------------
| rollout/                 |             |
|    ep_len_mean           | 1e+03       |
|    ep_rew_mean           | -1.54e+03   |
| time/                    |             |
|    fps                   | 107         |
|    iterations            | 7           |
|    time_elapsed          | 133         |
|    total_timesteps       | 14336       |
| train/                   |             |
|    approx_kl             | 0.005515469 |
|    clip_fraction         | 0.0284      |
|    clip_range            | 0.2         |
|    cost_returns          | -0.198      |
|    cost_value_loss       | 0.418       |
|    cost_values           | -0.239      |
|    entropy               | -2.85       |
|    entropy_loss          | -2.85       |
|    explained_variance    | 0.0179      |
|    lagrangian_multiplier | 0.0523      |
|    learning_rate         | 0.0003      |
|    loss                  | 13.3        |
|    n_updates             | 60          |
|    policy_gradient_loss  | -0.00359    |
|    std                   | 1.01        |
|    value_loss            | 776         |
------------------------------------------
------------------------------------------
| rollout/                 |             |
|    ep_len_mean           | 1e+03       |
|    ep_rew_mean           | -1.11e+03   |
| time/                    |             |
|    fps                   | 118         |
|    iterations            | 8           |
|    time_elapsed          | 138         |
|    total_timesteps       | 16384       |
| train/                   |             |
|    approx_kl             | 0.004167445 |
|    clip_fraction         | 0.0121      |
|    clip_range            | 0.2         |
|    cost_returns          | 0.0365      |
|    cost_value_loss       | 0.0948      |
|    cost_values           | 0.0441      |
|    entropy               | -2.86       |
|    entropy_loss          | -2.86       |
|    explained_variance    | 0.12        |
|    lagrangian_multiplier | 0.0559      |
|    learning_rate         | 0.0003      |
|    loss                  | 6.63        |
|    n_updates             | 70          |
|    policy_gradient_loss  | -0.00288    |
|    std                   | 1.01        |
|    value_loss            | 402         |
------------------------------------------
------------------------------------------
| rollout/                 |             |
|    ep_len_mean           | 1e+03       |
|    ep_rew_mean           | -1.21e+03   |
| time/                    |             |
|    fps                   | 102         |
|    iterations            | 7           |
|    time_elapsed          | 140         |
|    total_timesteps       | 14336       |
| train/                   |             |
|    approx_kl             | 0.003778962 |
|    clip_fraction         | 0.0165      |
|    clip_range            | 0.2         |
|    cost_returns          | -0.0903     |
|    cost_value_loss       | 0.075       |
|    cost_values           | -0.108      |
|    entropy               | -2.82       |
|    entropy_loss          | -2.83       |
|    explained_variance    | -0.047      |
|    lagrangian_multiplier | 0.0619      |
|    learning_rate         | 0.0003      |
|    loss                  | 6.63        |
|    n_updates             | 60          |
|    policy_gradient_loss  | -0.00291    |
|    std                   | 0.993       |
|    value_loss            | 449         |
------------------------------------------
-------------------------------------------
| rollout/                 |              |
|    ep_len_mean           | 945          |
|    ep_rew_mean           | -1.35e+03    |
| time/                    |              |
|    fps                   | 110          |
|    iterations            | 8            |
|    time_elapsed          | 148          |
|    total_timesteps       | 16384        |
| train/                   |              |
|    approx_kl             | 0.0049139475 |
|    clip_fraction         | 0.0196       |
|    clip_range            | 0.2          |
|    cost_returns          | -0.0566      |
|    cost_value_loss       | 0.0276       |
|    cost_values           | -0.0577      |
|    entropy               | -2.84        |
|    entropy_loss          | -2.84        |
|    explained_variance    | 0.0191       |
|    lagrangian_multiplier | 0.0707       |
|    learning_rate         | 0.0003       |
|    loss                  | 6.6          |
|    n_updates             | 70           |
|    policy_gradient_loss  | -0.00398     |
|    std                   | 1            |
|    value_loss            | 519          |
-------------------------------------------
------------------------------------------
| rollout/                 |             |
|    ep_len_mean           | 946         |
|    ep_rew_mean           | -1.42e+03   |
| time/                    |             |
|    fps                   | 107         |
|    iterations            | 8           |
|    time_elapsed          | 152         |
|    total_timesteps       | 16384       |
| train/                   |             |
|    approx_kl             | 0.004655241 |
|    clip_fraction         | 0.0148      |
|    clip_range            | 0.2         |
|    cost_returns          | 0.4         |
|    cost_value_loss       | 0.361       |
|    cost_values           | 0.5         |
|    entropy               | -2.85       |
|    entropy_loss          | -2.85       |
|    explained_variance    | -0.00305    |
|    lagrangian_multiplier | 0.0553      |
|    learning_rate         | 0.0003      |
|    loss                  | 13.5        |
|    n_updates             | 70          |
|    policy_gradient_loss  | -0.00318    |
|    std                   | 1.01        |
|    value_loss            | 852         |
------------------------------------------
-------------------------------------------
| rollout/                 |              |
|    ep_len_mean           | 1e+03        |
|    ep_rew_mean           | -1.1e+03     |
| time/                    |              |
|    fps                   | 118          |
|    iterations            | 9            |
|    time_elapsed          | 155          |
|    total_timesteps       | 18432        |
| train/                   |              |
|    approx_kl             | 0.0017914317 |
|    clip_fraction         | 0.00215      |
|    clip_range            | 0.2          |
|    cost_returns          | -0.134       |
|    cost_value_loss       | 0.0458       |
|    cost_values           | -0.174       |
|    entropy               | -2.86        |
|    entropy_loss          | -2.86        |
|    explained_variance    | 0.0065       |
|    lagrangian_multiplier | 0.0716       |
|    learning_rate         | 0.0003       |
|    loss                  | 4.63         |
|    n_updates             | 80           |
|    policy_gradient_loss  | -0.00233     |
|    std                   | 1.01         |
|    value_loss            | 326          |
-------------------------------------------
-------------------------------------------
| rollout/                 |              |
|    ep_len_mean           | 1e+03        |
|    ep_rew_mean           | -1.23e+03    |
| time/                    |              |
|    fps                   | 101          |
|    iterations            | 8            |
|    time_elapsed          | 160          |
|    total_timesteps       | 16384        |
| train/                   |              |
|    approx_kl             | 0.0015409868 |
|    clip_fraction         | 0.00083      |
|    clip_range            | 0.2          |
|    cost_returns          | -0.00376     |
|    cost_value_loss       | 0.0436       |
|    cost_values           | 0.00566      |
|    entropy               | -2.83        |
|    entropy_loss          | -2.83        |
|    explained_variance    | 0.0448       |
|    lagrangian_multiplier | 0.0589       |
|    learning_rate         | 0.0003       |
|    loss                  | 5.33         |
|    n_updates             | 70           |
|    policy_gradient_loss  | -0.002       |
|    std                   | 0.996        |
|    value_loss            | 330          |
-------------------------------------------
-------------------------------------------
| rollout/                 |              |
|    ep_len_mean           | 951          |
|    ep_rew_mean           | -1.41e+03    |
| time/                    |              |
|    fps                   | 110          |
|    iterations            | 9            |
|    time_elapsed          | 166          |
|    total_timesteps       | 18432        |
| train/                   |              |
|    approx_kl             | 0.0034724036 |
|    clip_fraction         | 0.00747      |
|    clip_range            | 0.2          |
|    cost_returns          | 0.0852       |
|    cost_value_loss       | 0.0218       |
|    cost_values           | 0.105        |
|    entropy               | -2.84        |
|    entropy_loss          | -2.84        |
|    explained_variance    | -0.0154      |
|    lagrangian_multiplier | 0.0658       |
|    learning_rate         | 0.0003       |
|    loss                  | 5.93         |
|    n_updates             | 80           |
|    policy_gradient_loss  | -0.00235     |
|    std                   | 1            |
|    value_loss            | 421          |
-------------------------------------------
------------------------------------------
| rollout/                 |             |
|    ep_len_mean           | 952         |
|    ep_rew_mean           | -1.43e+03   |
| time/                    |             |
|    fps                   | 107         |
|    iterations            | 9           |
|    time_elapsed          | 171         |
|    total_timesteps       | 18432       |
| train/                   |             |
|    approx_kl             | 0.004541478 |
|    clip_fraction         | 0.0131      |
|    clip_range            | 0.2         |
|    cost_returns          | 0.0861      |
|    cost_value_loss       | 0.171       |
|    cost_values           | 0.111       |
|    entropy               | -2.85       |
|    entropy_loss          | -2.85       |
|    explained_variance    | -0.0126     |
|    lagrangian_multiplier | 0.056       |
|    learning_rate         | 0.0003      |
|    loss                  | 8.99        |
|    n_updates             | 80          |
|    policy_gradient_loss  | -0.00287    |
|    std                   | 1.01        |
|    value_loss            | 521         |
------------------------------------------
-------------------------------------------
| rollout/                 |              |
|    ep_len_mean           | 1e+03        |
|    ep_rew_mean           | -1.1e+03     |
| time/                    |              |
|    fps                   | 118          |
|    iterations            | 10           |
|    time_elapsed          | 173          |
|    total_timesteps       | 20480        |
| train/                   |              |
|    approx_kl             | 0.0043509826 |
|    clip_fraction         | 0.0137       |
|    clip_range            | 0.2          |
|    cost_returns          | 0.12         |
|    cost_value_loss       | 0.0778       |
|    cost_values           | 0.138        |
|    entropy               | -2.87        |
|    entropy_loss          | -2.86        |
|    explained_variance    | 0.0796       |
|    lagrangian_multiplier | 0.056        |
|    learning_rate         | 0.0003       |
|    loss                  | 5.81         |
|    n_updates             | 90           |
|    policy_gradient_loss  | -0.00307     |
|    std                   | 1.02         |
|    value_loss            | 348          |
-------------------------------------------
------------------------------------------
| rollout/                 |             |
|    ep_len_mean           | 1e+03       |
|    ep_rew_mean           | -1.22e+03   |
| time/                    |             |
|    fps                   | 102         |
|    iterations            | 9           |
|    time_elapsed          | 180         |
|    total_timesteps       | 18432       |
| train/                   |             |
|    approx_kl             | 0.004233137 |
|    clip_fraction         | 0.0145      |
|    clip_range            | 0.2         |
|    cost_returns          | -0.0272     |
|    cost_value_loss       | 0.0477      |
|    cost_values           | -0.0245     |
|    entropy               | -2.84       |
|    entropy_loss          | -2.84       |
|    explained_variance    | 0.0377      |
|    lagrangian_multiplier | 0.0587      |
|    learning_rate         | 0.0003      |
|    loss                  | 10.2        |
|    n_updates             | 80          |
|    policy_gradient_loss  | -0.0027     |
|    std                   | 1           |
|    value_loss            | 664         |
------------------------------------------
------------------------------------------
| rollout/                 |             |
|    ep_len_mean           | 955         |
|    ep_rew_mean           | -1.42e+03   |
| time/                    |             |
|    fps                   | 110         |
|    iterations            | 10          |
|    time_elapsed          | 185         |
|    total_timesteps       | 20480       |
| train/                   |             |
|    approx_kl             | 0.004244253 |
|    clip_fraction         | 0.0121      |
|    clip_range            | 0.2         |
|    cost_returns          | -0.0935     |
|    cost_value_loss       | 0.0715      |
|    cost_values           | -0.114      |
|    entropy               | -2.84       |
|    entropy_loss          | -2.84       |
|    explained_variance    | 0.0237      |
|    lagrangian_multiplier | 0.0668      |
|    learning_rate         | 0.0003      |
|    loss                  | 15.6        |
|    n_updates             | 90          |
|    policy_gradient_loss  | -0.00261    |
|    std                   | 1           |
|    value_loss            | 1.08e+03    |
------------------------------------------
-------------------------------------------
| rollout/                 |              |
|    ep_len_mean           | 957          |
|    ep_rew_mean           | -1.4e+03     |
| time/                    |              |
|    fps                   | 107          |
|    iterations            | 10           |
|    time_elapsed          | 190          |
|    total_timesteps       | 20480        |
| train/                   |              |
|    approx_kl             | 0.0048137093 |
|    clip_fraction         | 0.017        |
|    clip_range            | 0.2          |
|    cost_returns          | -0.216       |
|    cost_value_loss       | 0.307        |
|    cost_values           | -0.252       |
|    entropy               | -2.85        |
|    entropy_loss          | -2.85        |
|    explained_variance    | -0.0237      |
|    lagrangian_multiplier | 0.0605       |
|    learning_rate         | 0.0003       |
|    loss                  | 11.3         |
|    n_updates             | 90           |
|    policy_gradient_loss  | -0.00306     |
|    std                   | 1.01         |
|    value_loss            | 694          |
-------------------------------------------
-------------------------------------------
| rollout/                 |              |
|    ep_len_mean           | 1e+03        |
|    ep_rew_mean           | -1.08e+03    |
| time/                    |              |
|    fps                   | 118          |
|    iterations            | 11           |
|    time_elapsed          | 190          |
|    total_timesteps       | 22528        |
| train/                   |              |
|    approx_kl             | 0.0040430883 |
|    clip_fraction         | 0.00596      |
|    clip_range            | 0.2          |
|    cost_returns          | 0.188        |
|    cost_value_loss       | 0.0309       |
|    cost_values           | 0.226        |
|    entropy               | -2.86        |
|    entropy_loss          | -2.86        |
|    explained_variance    | 0.102        |
|    lagrangian_multiplier | 0.058        |
|    learning_rate         | 0.0003       |
|    loss                  | 5.76         |
|    n_updates             | 100          |
|    policy_gradient_loss  | -0.00235     |
|    std                   | 1.01         |
|    value_loss            | 377          |
-------------------------------------------
-------------------------------------------
| rollout/                 |              |
|    ep_len_mean           | 1e+03        |
|    ep_rew_mean           | -1.25e+03    |
| time/                    |              |
|    fps                   | 101          |
|    iterations            | 10           |
|    time_elapsed          | 200          |
|    total_timesteps       | 20480        |
| train/                   |              |
|    approx_kl             | 0.0055134706 |
|    clip_fraction         | 0.0293       |
|    clip_range            | 0.2          |
|    cost_returns          | -0.0242      |
|    cost_value_loss       | 0.0264       |
|    cost_values           | -0.0284      |
|    entropy               | -2.84        |
|    entropy_loss          | -2.84        |
|    explained_variance    | -0.041       |
|    lagrangian_multiplier | 0.0598       |
|    learning_rate         | 0.0003       |
|    loss                  | 6.1          |
|    n_updates             | 90           |
|    policy_gradient_loss  | -0.0035      |
|    std                   | 1            |
|    value_loss            | 382          |
-------------------------------------------
------------------------------------------
| rollout/                 |             |
|    ep_len_mean           | 959         |
|    ep_rew_mean           | -1.45e+03   |
| time/                    |             |
|    fps                   | 110         |
|    iterations            | 11          |
|    time_elapsed          | 203         |
|    total_timesteps       | 22528       |
| train/                   |             |
|    approx_kl             | 0.004289511 |
|    clip_fraction         | 0.0201      |
|    clip_range            | 0.2         |
|    cost_returns          | -0.114      |
|    cost_value_loss       | 0.0775      |
|    cost_values           | -0.134      |
|    entropy               | -2.84       |
|    entropy_loss          | -2.84       |
|    explained_variance    | -0.0033     |
|    lagrangian_multiplier | 0.0639      |
|    learning_rate         | 0.0003      |
|    loss                  | 13.9        |
|    n_updates             | 100         |
|    policy_gradient_loss  | -0.00329    |
|    std                   | 0.999       |
|    value_loss            | 897         |
------------------------------------------
-------------------------------------------
| rollout/                 |              |
|    ep_len_mean           | 1e+03        |
|    ep_rew_mean           | -1.07e+03    |
| time/                    |              |
|    fps                   | 118          |
|    iterations            | 12           |
|    time_elapsed          | 208          |
|    total_timesteps       | 24576        |
| train/                   |              |
|    approx_kl             | 0.0047247373 |
|    clip_fraction         | 0.0245       |
|    clip_range            | 0.2          |
|    cost_returns          | 0.099        |
|    cost_value_loss       | 0.0536       |
|    cost_values           | 0.115        |
|    entropy               | -2.86        |
|    entropy_loss          | -2.85        |
|    explained_variance    | 0.108        |
|    lagrangian_multiplier | 0.0571       |
|    learning_rate         | 0.0003       |
|    loss                  | 4.29         |
|    n_updates             | 110          |
|    policy_gradient_loss  | -0.0044      |
|    std                   | 1.01         |
|    value_loss            | 263          |
-------------------------------------------
-------------------------------------------
| rollout/                 |              |
|    ep_len_mean           | 961          |
|    ep_rew_mean           | -1.39e+03    |
| time/                    |              |
|    fps                   | 107          |
|    iterations            | 11           |
|    time_elapsed          | 209          |
|    total_timesteps       | 22528        |
| train/                   |              |
|    approx_kl             | 0.0017883945 |
|    clip_fraction         | 0.00195      |
|    clip_range            | 0.2          |
|    cost_returns          | -0.0439      |
|    cost_value_loss       | 0.203        |
|    cost_values           | -0.0569      |
|    entropy               | -2.86        |
|    entropy_loss          | -2.86        |
|    explained_variance    | -0.0109      |
|    lagrangian_multiplier | 0.0525       |
|    learning_rate         | 0.0003       |
|    loss                  | 5.81         |
|    n_updates             | 100          |
|    policy_gradient_loss  | -0.00165     |
|    std                   | 1.01         |
|    value_loss            | 326          |
-------------------------------------------
-------------------------------------------
| rollout/                 |              |
|    ep_len_mean           | 1e+03        |
|    ep_rew_mean           | -1.29e+03    |
| time/                    |              |
|    fps                   | 101          |
|    iterations            | 11           |
|    time_elapsed          | 221          |
|    total_timesteps       | 22528        |
| train/                   |              |
|    approx_kl             | 0.0045432462 |
|    clip_fraction         | 0.0144       |
|    clip_range            | 0.2          |
|    cost_returns          | 0.316        |
|    cost_value_loss       | 0.111        |
|    cost_values           | 0.395        |
|    entropy               | -2.84        |
|    entropy_loss          | -2.84        |
|    explained_variance    | -0.0645      |
|    lagrangian_multiplier | 0.0438       |
|    learning_rate         | 0.0003       |
|    loss                  | 16.3         |
|    n_updates             | 100          |
|    policy_gradient_loss  | -0.00248     |
|    std                   | 1            |
|    value_loss            | 783          |
-------------------------------------------
-------------------------------------------
| rollout/                 |              |
|    ep_len_mean           | 963          |
|    ep_rew_mean           | -1.42e+03    |
| time/                    |              |
|    fps                   | 110          |
|    iterations            | 12           |
|    time_elapsed          | 222          |
|    total_timesteps       | 24576        |
| train/                   |              |
|    approx_kl             | 0.0023291032 |
|    clip_fraction         | 0.00215      |
|    clip_range            | 0.2          |
|    cost_returns          | -0.082       |
|    cost_value_loss       | 0.0277       |
|    cost_values           | -0.0885      |
|    entropy               | -2.84        |
|    entropy_loss          | -2.84        |
|    explained_variance    | 0.0171       |
|    lagrangian_multiplier | 0.071        |
|    learning_rate         | 0.0003       |
|    loss                  | 12.1         |
|    n_updates             | 110          |
|    policy_gradient_loss  | -0.00208     |
|    std                   | 0.999        |
|    value_loss            | 907          |
-------------------------------------------
------------------------------------------
| rollout/                 |             |
|    ep_len_mean           | 1e+03       |
|    ep_rew_mean           | -1.09e+03   |
| time/                    |             |
|    fps                   | 118         |
|    iterations            | 13          |
|    time_elapsed          | 225         |
|    total_timesteps       | 26624       |
| train/                   |             |
|    approx_kl             | 0.003295673 |
|    clip_fraction         | 0.00957     |
|    clip_range            | 0.2         |
|    cost_returns          | 0.141       |
|    cost_value_loss       | 0.0174      |
|    cost_values           | 0.169       |
|    entropy               | -2.86       |
|    entropy_loss          | -2.86       |
|    explained_variance    | 0.0244      |
|    lagrangian_multiplier | 0.0609      |
|    learning_rate         | 0.0003      |
|    loss                  | 3.21        |
|    n_updates             | 120         |
|    policy_gradient_loss  | -0.00254    |
|    std                   | 1.01        |
|    value_loss            | 215         |
------------------------------------------
-------------------------------------------
| rollout/                 |              |
|    ep_len_mean           | 964          |
|    ep_rew_mean           | -1.38e+03    |
| time/                    |              |
|    fps                   | 107          |
|    iterations            | 12           |
|    time_elapsed          | 228          |
|    total_timesteps       | 24576        |
| train/                   |              |
|    approx_kl             | 0.0051178997 |
|    clip_fraction         | 0.0204       |
|    clip_range            | 0.2          |
|    cost_returns          | -0.0184      |
|    cost_value_loss       | 0.341        |
|    cost_values           | -0.0226      |
|    entropy               | -2.86        |
|    entropy_loss          | -2.87        |
|    explained_variance    | 0.0149       |
|    lagrangian_multiplier | 0.0541       |
|    learning_rate         | 0.0003       |
|    loss                  | 8.74         |
|    n_updates             | 110          |
|    policy_gradient_loss  | -0.00244     |
|    std                   | 1.01         |
|    value_loss            | 503          |
-------------------------------------------
-------------------------------------------
| rollout/                 |              |
|    ep_len_mean           | 966          |
|    ep_rew_mean           | -1.41e+03    |
| time/                    |              |
|    fps                   | 110          |
|    iterations            | 13           |
|    time_elapsed          | 241          |
|    total_timesteps       | 26624        |
| train/                   |              |
|    approx_kl             | 0.0016338143 |
|    clip_fraction         | 0.00195      |
|    clip_range            | 0.2          |
|    cost_returns          | -0.165       |
|    cost_value_loss       | 0.0149       |
|    cost_values           | -0.206       |
|    entropy               | -2.84        |
|    entropy_loss          | -2.84        |
|    explained_variance    | 0.0331       |
|    lagrangian_multiplier | 0.0826       |
|    learning_rate         | 0.0003       |
|    loss                  | 4.14         |
|    n_updates             | 120          |
|    policy_gradient_loss  | -0.00169     |
|    std                   | 1            |
|    value_loss            | 334          |
-------------------------------------------
------------------------------------------
| rollout/                 |             |
|    ep_len_mean           | 1e+03       |
|    ep_rew_mean           | -1.33e+03   |
| time/                    |             |
|    fps                   | 101         |
|    iterations            | 12          |
|    time_elapsed          | 241         |
|    total_timesteps       | 24576       |
| train/                   |             |
|    approx_kl             | 0.003573121 |
|    clip_fraction         | 0.0198      |
|    clip_range            | 0.2         |
|    cost_returns          | -0.114      |
|    cost_value_loss       | 0.17        |
|    cost_values           | -0.138      |
|    entropy               | -2.85       |
|    entropy_loss          | -2.85       |
|    explained_variance    | 0.0436      |
|    lagrangian_multiplier | 0.0592      |
|    learning_rate         | 0.0003      |
|    loss                  | 17.2        |
|    n_updates             | 110         |
|    policy_gradient_loss  | -0.00289    |
|    std                   | 1.01        |
|    value_loss            | 1.06e+03    |
------------------------------------------
slurmstepd: error: *** STEP 115171.1 ON ddpg.ist.berkeley.edu CANCELLED AT 2023-12-29T19:25:56 ***
slurmstepd: error: *** STEP 115171.3 ON gail.ist.berkeley.edu CANCELLED AT 2023-12-29T19:25:56 ***
slurmstepd: error: *** JOB 115171 ON airl.ist.berkeley.edu CANCELLED AT 2023-12-30T03:25:56 ***
slurmstepd: error: *** STEP 115171.2 ON dqn.ist.berkeley.edu CANCELLED AT 2023-12-29T19:25:56 ***
slurmstepd: error: *** STEP 115171.0 ON airl.ist.berkeley.edu CANCELLED AT 2023-12-30T03:25:56 ***
