wandb: Currently logged in as: mason-nakamura1 (ecrl). Use `wandb login --relogin` to force relogin
wandb: wandb version 0.16.6 is available!  To upgrade, please run:
wandb:  $ pip install wandb --upgrade
wandb: Tracking run with wandb version 0.14.2
wandb: Run data is saved locally in /nas/ucb/mason/ethically-compliant-rl/wandb/run-20240416_202109-mlgxflqc
wandb: Run `wandb offline` to turn off syncing.
wandb: Syncing run stellar-dust-16
wandb: ⭐️ View project at https://wandb.ai/ecrl/mini-grid
wandb: 🚀 View run at https://wandb.ai/ecrl/mini-grid/runs/mlgxflqc
LOSS: 0.07598905265331268
PPO-LOSS: 0.03375745192170143
tensor(7.1858, device='cuda:0', grad_fn=<SumBackward0>)
LOSS: 0.059081729501485825
PPO-LOSS: 0.03584355488419533
tensor(3.0346, device='cuda:0', grad_fn=<SumBackward0>)
LOSS: 0.041582588106393814
PPO-LOSS: 0.03856310248374939
tensor(0.9425, device='cuda:0', grad_fn=<SumBackward0>)
LOSS: 0.020514652132987976
PPO-LOSS: 0.041906408965587616
tensor(0.0856, device='cuda:0', grad_fn=<SumBackward0>)
LOSS: 0.04596960172057152
PPO-LOSS: 0.04596960172057152
tensor(0., device='cuda:0', grad_fn=<SumBackward0>)
LOSS: 0.04747197777032852
PPO-LOSS: 0.04747197777032852
tensor(0., device='cuda:0', grad_fn=<SumBackward0>)
LOSS: 0.04707485809922218
PPO-LOSS: 0.04707485809922218
tensor(0., device='cuda:0', grad_fn=<SumBackward0>)
LOSS: 0.04545356705784798
PPO-LOSS: 0.04545356705784798
tensor(0., device='cuda:0', grad_fn=<SumBackward0>)
LOSS: 0.04312499240040779
PPO-LOSS: 0.04312499240040779
tensor(0., device='cuda:0', grad_fn=<SumBackward0>)
LOSS: 0.04045718535780907
PPO-LOSS: 0.04045718535780907
tensor(0., device='cuda:0', grad_fn=<SumBackward0>)
LOSS: 0.04878730699419975
PPO-LOSS: 0.04878730699419975
tensor(0., device='cuda:0', grad_fn=<SumBackward0>)
LOSS: 0.046015508472919464
PPO-LOSS: 0.046015508472919464
tensor(0., device='cuda:0', grad_fn=<SumBackward0>)
LOSS: 0.017726972699165344
PPO-LOSS: 0.04344956576824188
tensor(0.0204, device='cuda:0', grad_fn=<SumBackward0>)
LOSS: 0.01353353913873434
PPO-LOSS: 0.0418926477432251
tensor(0.1168, device='cuda:0', grad_fn=<SumBackward0>)
LOSS: 0.014974867925047874
PPO-LOSS: 0.04104632884263992
tensor(0.2661, device='cuda:0', grad_fn=<SumBackward0>)
LOSS: 0.015106058679521084
PPO-LOSS: 0.04072324559092522
tensor(0.3318, device='cuda:0', grad_fn=<SumBackward0>)
LOSS: 0.013979878276586533
PPO-LOSS: 0.04080108180642128
tensor(0.2640, device='cuda:0', grad_fn=<SumBackward0>)
LOSS: 0.012203997932374477
PPO-LOSS: 0.041219327598810196
tensor(0.1215, device='cuda:0', grad_fn=<SumBackward0>)
LOSS: 0.014799514785408974
PPO-LOSS: 0.04194581136107445
tensor(0.0179, device='cuda:0', grad_fn=<SumBackward0>)
LOSS: 0.040660399943590164
PPO-LOSS: 0.04296213760972023
tensor(0.0001, device='cuda:0', grad_fn=<SumBackward0>)
LOSS: 0.05800725892186165
PPO-LOSS: 0.05800725892186165
tensor(0., device='cuda:0', grad_fn=<SumBackward0>)
LOSS: 0.05845753848552704
PPO-LOSS: 0.05845753848552704
tensor(0., device='cuda:0', grad_fn=<SumBackward0>)
LOSS: 0.05845541134476662
PPO-LOSS: 0.05845541134476662
tensor(0., device='cuda:0', grad_fn=<SumBackward0>)
LOSS: 0.058058470487594604
PPO-LOSS: 0.058058470487594604
tensor(0., device='cuda:0', grad_fn=<SumBackward0>)
LOSS: 0.05734213814139366
PPO-LOSS: 0.05734213814139366
tensor(0., device='cuda:0', grad_fn=<SumBackward0>)
LOSS: 0.05502622202038765
PPO-LOSS: 0.05638818070292473
tensor(5.0915e-05, device='cuda:0', grad_fn=<SumBackward0>)
LOSS: 0.02875656448304653
PPO-LOSS: 0.055319949984550476
tensor(0.0045, device='cuda:0', grad_fn=<SumBackward0>)
LOSS: 0.0199643075466156
PPO-LOSS: 0.054717570543289185
tensor(0.0117, device='cuda:0', grad_fn=<SumBackward0>)
LOSS: 0.022752264514565468
PPO-LOSS: 0.05449003726243973
tensor(0.0074, device='cuda:0', grad_fn=<SumBackward0>)
LOSS: 0.04160022735595703
PPO-LOSS: 0.05457163602113724
tensor(0.0011, device='cuda:0', grad_fn=<SumBackward0>)
LOSS: 0.04738462716341019
PPO-LOSS: 0.047584161162376404
tensor(3.2487e-06, device='cuda:0', grad_fn=<SumBackward0>)
LOSS: 0.04503422603011131
PPO-LOSS: 0.0476217120885849
tensor(9.8322e-05, device='cuda:0', grad_fn=<SumBackward0>)
LOSS: 0.037412647157907486
PPO-LOSS: 0.047455884516239166
tensor(0.0007, device='cuda:0', grad_fn=<SumBackward0>)
LOSS: 0.0403396412730217
PPO-LOSS: 0.04747184365987778
tensor(0.0004, device='cuda:0', grad_fn=<SumBackward0>)
LOSS: 0.04626455157995224
PPO-LOSS: 0.04750611633062363
tensor(5.2929e-05, device='cuda:0', grad_fn=<SumBackward0>)
LOSS: 0.04634743556380272
PPO-LOSS: 0.04726714640855789
tensor(4.2734e-05, device='cuda:0', grad_fn=<SumBackward0>)
LOSS: 0.043290190398693085
PPO-LOSS: 0.04677259549498558
tensor(0.0001, device='cuda:0', grad_fn=<SumBackward0>)
LOSS: 0.029290739446878433
PPO-LOSS: 0.04618441313505173
tensor(0.0013, device='cuda:0', grad_fn=<SumBackward0>)
LOSS: 0.03199300542473793
PPO-LOSS: 0.04598771408200264
tensor(0.0013, device='cuda:0', grad_fn=<SumBackward0>)
LOSS: 0.04481329396367073
PPO-LOSS: 0.04612739384174347
tensor(3.5463e-05, device='cuda:0', grad_fn=<SumBackward0>)
LOSS: 0.047719310969114304
PPO-LOSS: 0.047719310969114304
tensor(0., device='cuda:0', grad_fn=<SumBackward0>)
LOSS: 0.04670623689889908
PPO-LOSS: 0.04734890162944794
tensor(8.7108e-06, device='cuda:0', grad_fn=<SumBackward0>)
LOSS: 0.026145722717046738
PPO-LOSS: 0.046730708330869675
tensor(0.0019, device='cuda:0', grad_fn=<SumBackward0>)
LOSS: 0.027020374312996864
PPO-LOSS: 0.04653066769242287
tensor(0.0015, device='cuda:0', grad_fn=<SumBackward0>)
LOSS: 0.037939973175525665
PPO-LOSS: 0.04670831561088562
tensor(0.0003, device='cuda:0', grad_fn=<SumBackward0>)
LOSS: 0.047017063945531845
PPO-LOSS: 0.047017063945531845
tensor(0., device='cuda:0', grad_fn=<SumBackward0>)
LOSS: 0.04697857424616814
PPO-LOSS: 0.04697857424616814
tensor(0., device='cuda:0', grad_fn=<SumBackward0>)
LOSS: 0.045826271176338196
PPO-LOSS: 0.04662417992949486
tensor(6.4188e-06, device='cuda:0', grad_fn=<SumBackward0>)
LOSS: 0.02255190908908844
PPO-LOSS: 0.04603346064686775
tensor(0.0023, device='cuda:0', grad_fn=<SumBackward0>)
LOSS: 0.025812353938817978
PPO-LOSS: 0.04583307355642319
tensor(0.0017, device='cuda:0', grad_fn=<SumBackward0>)
LOSS: 0.02670380473136902
PPO-LOSS: 0.030046217143535614
tensor(0.0002, device='cuda:0', grad_fn=<SumBackward0>)
LOSS: 0.030102713033556938
PPO-LOSS: 0.030228596180677414
tensor(3.0580e-06, device='cuda:0', grad_fn=<SumBackward0>)
LOSS: 0.030126091092824936
PPO-LOSS: 0.030226152390241623
tensor(1.9095e-06, device='cuda:0', grad_fn=<SumBackward0>)
LOSS: 0.02963740937411785
PPO-LOSS: 0.030053917318582535
tensor(1.5711e-05, device='cuda:0', grad_fn=<SumBackward0>)
LOSS: 0.021205462515354156
PPO-LOSS: 0.029748911038041115
tensor(0.0007, device='cuda:0', grad_fn=<SumBackward0>)
LOSS: 0.023780658841133118
PPO-LOSS: 0.02970515564084053
tensor(0.0004, device='cuda:0', grad_fn=<SumBackward0>)
LOSS: 0.029860761016607285
PPO-LOSS: 0.029860761016607285
tensor(0., device='cuda:0', grad_fn=<SumBackward0>)
LOSS: 0.029833806678652763
PPO-LOSS: 0.029833806678652763
tensor(0., device='cuda:0', grad_fn=<SumBackward0>)
LOSS: 0.026658600196242332
PPO-LOSS: 0.029638124629855156
tensor(0.0001, device='cuda:0', grad_fn=<SumBackward0>)
LOSS: 0.023170044645667076
PPO-LOSS: 0.029448840767145157
tensor(0.0004, device='cuda:0', grad_fn=<SumBackward0>)
LOSS: 0.03855795040726662
PPO-LOSS: 0.04059567302465439
tensor(5.1879e-05, device='cuda:0', grad_fn=<SumBackward0>)
LOSS: 0.037925463169813156
PPO-LOSS: 0.04055270552635193
tensor(5.1838e-05, device='cuda:0', grad_fn=<SumBackward0>)
LOSS: 0.036086421459913254
PPO-LOSS: 0.04038403183221817
tensor(0.0001, device='cuda:0', grad_fn=<SumBackward0>)
LOSS: 0.03094857931137085
PPO-LOSS: 0.0401972271502018
tensor(0.0004, device='cuda:0', grad_fn=<SumBackward0>)
LOSS: 0.03113442473113537
PPO-LOSS: 0.04020683467388153
tensor(0.0003, device='cuda:0', grad_fn=<SumBackward0>)
LOSS: 0.04049564525485039
PPO-LOSS: 0.04049564525485039
tensor(0., device='cuda:0', grad_fn=<SumBackward0>)
LOSS: 0.040491122752428055
PPO-LOSS: 0.040491122752428055
tensor(0., device='cuda:0', grad_fn=<SumBackward0>)
LOSS: 0.034308504313230515
PPO-LOSS: 0.04021946340799332
tensor(0.0002, device='cuda:0', grad_fn=<SumBackward0>)
LOSS: 0.03756966069340706
PPO-LOSS: 0.040060654282569885
tensor(2.2807e-05, device='cuda:0', grad_fn=<SumBackward0>)
LOSS: 0.02329198457300663
PPO-LOSS: 0.039809778332710266
tensor(0.0010, device='cuda:0', grad_fn=<SumBackward0>)
LOSS: 0.018528850749135017
PPO-LOSS: 0.019346900284290314
tensor(2.8096e-05, device='cuda:0', grad_fn=<SumBackward0>)
LOSS: 0.019216137006878853
PPO-LOSS: 0.019354762509465218
tensor(8.4720e-06, device='cuda:0', grad_fn=<SumBackward0>)
LOSS: 0.018814774230122566
PPO-LOSS: 0.019270852208137512
tensor(2.1731e-05, device='cuda:0', grad_fn=<SumBackward0>)
LOSS: 0.01768053136765957
PPO-LOSS: 0.019123341888189316
tensor(0.0001, device='cuda:0', grad_fn=<SumBackward0>)
LOSS: 0.016480466350913048
PPO-LOSS: 0.018979191780090332
tensor(0.0003, device='cuda:0', grad_fn=<SumBackward0>)
LOSS: 0.017942437902092934
PPO-LOSS: 0.018903376534581184
tensor(5.8176e-05, device='cuda:0', grad_fn=<SumBackward0>)
LOSS: 0.017699584364891052
PPO-LOSS: 0.018797658383846283
tensor(5.2042e-05, device='cuda:0', grad_fn=<SumBackward0>)
LOSS: 0.017588438466191292
PPO-LOSS: 0.01867462322115898
tensor(4.7258e-05, device='cuda:0', grad_fn=<SumBackward0>)
LOSS: 0.018446585163474083
PPO-LOSS: 0.018535669893026352
tensor(1.0210e-06, device='cuda:0', grad_fn=<SumBackward0>)
LOSS: 0.01757405698299408
PPO-LOSS: 0.018323250114917755
tensor(2.0839e-05, device='cuda:0', grad_fn=<SumBackward0>)
LOSS: 0.04430443421006203
PPO-LOSS: 0.052850592881441116
tensor(0.0002, device='cuda:0', grad_fn=<SumBackward0>)
LOSS: 0.038560084998607635
PPO-LOSS: 0.052776359021663666
tensor(0.0005, device='cuda:0', grad_fn=<SumBackward0>)
LOSS: 0.05241915583610535
PPO-LOSS: 0.053040023893117905
tensor(6.7978e-06, device='cuda:0', grad_fn=<SumBackward0>)
LOSS: 0.05225489288568497
PPO-LOSS: 0.05300147458910942
tensor(4.7797e-06, device='cuda:0', grad_fn=<SumBackward0>)
LOSS: 0.03449051082134247
PPO-LOSS: 0.05269511044025421
tensor(0.0006, device='cuda:0', grad_fn=<SumBackward0>)
LOSS: 0.04854336753487587
PPO-LOSS: 0.05274094641208649
tensor(8.4050e-05, device='cuda:0', grad_fn=<SumBackward0>)
LOSS: 0.04660831391811371
PPO-LOSS: 0.052677154541015625
tensor(0.0001, device='cuda:0', grad_fn=<SumBackward0>)
LOSS: 0.04704154655337334
PPO-LOSS: 0.0526086762547493
tensor(9.8729e-05, device='cuda:0', grad_fn=<SumBackward0>)
LOSS: 0.04490409046411514
PPO-LOSS: 0.05250272527337074
tensor(0.0001, device='cuda:0', grad_fn=<SumBackward0>)
LOSS: 0.05068935081362724
PPO-LOSS: 0.052456799894571304
tensor(1.7663e-05, device='cuda:0', grad_fn=<SumBackward0>)
LOSS: 0.02029075101017952
PPO-LOSS: 0.03814421221613884
tensor(0.0015, device='cuda:0', grad_fn=<SumBackward0>)
LOSS: 0.036525141447782516
PPO-LOSS: 0.03832569718360901
tensor(3.5997e-05, device='cuda:0', grad_fn=<SumBackward0>)
LOSS: 0.037403006106615067
PPO-LOSS: 0.03834858164191246
tensor(1.8606e-05, device='cuda:0', grad_fn=<SumBackward0>)
LOSS: 0.02573089860379696
PPO-LOSS: 0.03818194568157196
tensor(0.0006, device='cuda:0', grad_fn=<SumBackward0>)
LOSS: 0.03813645988702774
PPO-LOSS: 0.03829894959926605
tensor(4.7224e-07, device='cuda:0', grad_fn=<SumBackward0>)
LOSS: 0.03612581267952919
PPO-LOSS: 0.038179174065589905
tensor(4.1533e-05, device='cuda:0', grad_fn=<SumBackward0>)
LOSS: 0.026148540899157524
PPO-LOSS: 0.03794053941965103
tensor(0.0006, device='cuda:0', grad_fn=<SumBackward0>)
LOSS: 0.036189284175634384
PPO-LOSS: 0.03799959272146225
tensor(3.8696e-05, device='cuda:0', grad_fn=<SumBackward0>)
LOSS: 0.03388787806034088
PPO-LOSS: 0.03791433200240135
tensor(0.0001, device='cuda:0', grad_fn=<SumBackward0>)
LOSS: 0.036099936813116074
PPO-LOSS: 0.03782641142606735
tensor(3.2115e-05, device='cuda:0', grad_fn=<SumBackward0>)
LOSS: 0.03107643499970436
PPO-LOSS: 0.03647574409842491
tensor(0.0002, device='cuda:0', grad_fn=<SumBackward0>)
LOSS: 0.029167423024773598
PPO-LOSS: 0.03639243543148041
tensor(0.0003, device='cuda:0', grad_fn=<SumBackward0>)
LOSS: 0.03638385981321335
PPO-LOSS: 0.03647509217262268
tensor(1.2990e-06, device='cuda:0', grad_fn=<SumBackward0>)
LOSS: 0.03585687279701233
PPO-LOSS: 0.03628380596637726
tensor(5.1510e-06, device='cuda:0', grad_fn=<SumBackward0>)
LOSS: 0.012989959679543972
PPO-LOSS: 0.03587242215871811
tensor(0.0043, device='cuda:0', grad_fn=<SumBackward0>)
LOSS: 0.01806837134063244
PPO-LOSS: 0.0358567088842392
tensor(0.0018, device='cuda:0', grad_fn=<SumBackward0>)
LOSS: 0.036185890436172485
PPO-LOSS: 0.036185890436172485
tensor(0., device='cuda:0', grad_fn=<SumBackward0>)
LOSS: 0.03621659427881241
PPO-LOSS: 0.03621659427881241
tensor(0., device='cuda:0', grad_fn=<SumBackward0>)
LOSS: 0.034940559417009354
PPO-LOSS: 0.03596951812505722
tensor(1.7362e-05, device='cuda:0', grad_fn=<SumBackward0>)
LOSS: 0.016631953418254852
PPO-LOSS: 0.0355340912938118
tensor(0.0022, device='cuda:0', grad_fn=<SumBackward0>)
LOSS: 0.018413489684462547
PPO-LOSS: 0.03646822273731232
tensor(0.0018, device='cuda:0', grad_fn=<SumBackward0>)
LOSS: 0.036692649126052856
PPO-LOSS: 0.03674386069178581
tensor(6.4110e-07, device='cuda:0', grad_fn=<SumBackward0>)
LOSS: 0.036764249205589294
PPO-LOSS: 0.03676784783601761
tensor(6.4133e-09, device='cuda:0', grad_fn=<SumBackward0>)
LOSS: 0.03569253906607628
PPO-LOSS: 0.03655652329325676
tensor(1.1384e-05, device='cuda:0', grad_fn=<SumBackward0>)
LOSS: 0.02454855665564537
PPO-LOSS: 0.036181703209877014
tensor(0.0008, device='cuda:0', grad_fn=<SumBackward0>)
LOSS: 0.033388372510671616
PPO-LOSS: 0.0360877588391304
tensor(0.0001, device='cuda:0', grad_fn=<SumBackward0>)
LOSS: 0.03286082297563553
PPO-LOSS: 0.03592579811811447
tensor(0.0001, device='cuda:0', grad_fn=<SumBackward0>)
LOSS: 0.03253088891506195
PPO-LOSS: 0.035722311586141586
tensor(0.0001, device='cuda:0', grad_fn=<SumBackward0>)
LOSS: 0.02638072893023491
PPO-LOSS: 0.03548090532422066
tensor(0.0005, device='cuda:0', grad_fn=<SumBackward0>)
LOSS: 0.03510529175400734
PPO-LOSS: 0.03550729155540466
tensor(1.4559e-05, device='cuda:0', grad_fn=<SumBackward0>)
LOSS: 0.06880490481853485
PPO-LOSS: 0.06880490481853485
tensor(0., device='cuda:0', grad_fn=<SumBackward0>)
LOSS: 0.054798390716314316
PPO-LOSS: 0.0681479424238205
tensor(0.0003, device='cuda:0', grad_fn=<SumBackward0>)
LOSS: 0.030273644253611565
PPO-LOSS: 0.06758726388216019
tensor(0.0018, device='cuda:0', grad_fn=<SumBackward0>)
LOSS: 0.05458284541964531
PPO-LOSS: 0.06761761009693146
tensor(0.0002, device='cuda:0', grad_fn=<SumBackward0>)
LOSS: 0.05863048508763313
PPO-LOSS: 0.06764863431453705
tensor(0.0002, device='cuda:0', grad_fn=<SumBackward0>)
LOSS: 0.059880729764699936
PPO-LOSS: 0.06748902797698975
tensor(0.0001, device='cuda:0', grad_fn=<SumBackward0>)
LOSS: 0.06404026597738266
PPO-LOSS: 0.06708095222711563
tensor(3.3490e-05, device='cuda:0', grad_fn=<SumBackward0>)
LOSS: 0.01890479028224945
PPO-LOSS: 0.0662061795592308
tensor(0.0059, device='cuda:0', grad_fn=<SumBackward0>)
LOSS: 0.020968295633792877
PPO-LOSS: 0.06596289575099945
tensor(0.0045, device='cuda:0', grad_fn=<SumBackward0>)
LOSS: 0.06507331132888794
PPO-LOSS: 0.06627672910690308
tensor(1.0261e-05, device='cuda:0', grad_fn=<SumBackward0>)
LOSS: 0.027053700760006905
PPO-LOSS: 0.03536507114768028
tensor(0.0003, device='cuda:0', grad_fn=<SumBackward0>)
LOSS: 0.035452522337436676
PPO-LOSS: 0.035452522337436676
tensor(0., device='cuda:0', grad_fn=<SumBackward0>)
LOSS: 0.034892745316028595
PPO-LOSS: 0.03528689220547676
tensor(5.3467e-06, device='cuda:0', grad_fn=<SumBackward0>)
LOSS: 0.02079378254711628
PPO-LOSS: 0.03491843119263649
tensor(0.0013, device='cuda:0', grad_fn=<SumBackward0>)
LOSS: 0.0317542664706707
PPO-LOSS: 0.034873005002737045
tensor(0.0002, device='cuda:0', grad_fn=<SumBackward0>)
LOSS: 0.0322367288172245
PPO-LOSS: 0.03477299213409424
tensor(0.0001, device='cuda:0', grad_fn=<SumBackward0>)
LOSS: 0.03184247761964798
PPO-LOSS: 0.03458486124873161
tensor(0.0001, device='cuda:0', grad_fn=<SumBackward0>)
LOSS: 0.0317341573536396
PPO-LOSS: 0.03432194143533707
tensor(9.2078e-05, device='cuda:0', grad_fn=<SumBackward0>)
LOSS: 0.030351029708981514
PPO-LOSS: 0.03398515284061432
tensor(0.0001, device='cuda:0', grad_fn=<SumBackward0>)
LOSS: 0.025950802490115166
PPO-LOSS: 0.03365612402558327
tensor(0.0003, device='cuda:0', grad_fn=<SumBackward0>)
LOSS: 0.05709095671772957
PPO-LOSS: 0.05760041996836662
tensor(6.0393e-06, device='cuda:0', grad_fn=<SumBackward0>)
LOSS: 0.036509137600660324
PPO-LOSS: 0.057313524186611176
tensor(0.0009, device='cuda:0', grad_fn=<SumBackward0>)
LOSS: 0.05544610694050789
PPO-LOSS: 0.05742805823683739
tensor(3.8235e-05, device='cuda:0', grad_fn=<SumBackward0>)
LOSS: 0.041502099484205246
PPO-LOSS: 0.057178985327482224
tensor(0.0005, device='cuda:0', grad_fn=<SumBackward0>)
LOSS: 0.057000014930963516
PPO-LOSS: 0.05730466917157173
tensor(2.5762e-06, device='cuda:0', grad_fn=<SumBackward0>)
LOSS: 0.039822060614824295
PPO-LOSS: 0.05697205662727356
tensor(0.0005, device='cuda:0', grad_fn=<SumBackward0>)
LOSS: 0.05613282322883606
PPO-LOSS: 0.05702828988432884
tensor(9.2805e-06, device='cuda:0', grad_fn=<SumBackward0>)
LOSS: 0.03808070719242096
PPO-LOSS: 0.056664541363716125
tensor(0.0007, device='cuda:0', grad_fn=<SumBackward0>)
LOSS: 0.05655994638800621
PPO-LOSS: 0.05666874721646309
tensor(5.2255e-07, device='cuda:0', grad_fn=<SumBackward0>)
LOSS: 0.049976542592048645
PPO-LOSS: 0.056219153106212616
tensor(8.6694e-05, device='cuda:0', grad_fn=<SumBackward0>)
LOSS: 0.028506264090538025
PPO-LOSS: 0.07349587231874466
tensor(0.0033, device='cuda:0', grad_fn=<SumBackward0>)
LOSS: 0.04173189401626587
PPO-LOSS: 0.07350491732358932
tensor(0.0015, device='cuda:0', grad_fn=<SumBackward0>)
LOSS: 0.07389656454324722
PPO-LOSS: 0.07389656454324722
tensor(0., device='cuda:0', grad_fn=<SumBackward0>)
LOSS: 0.07365437597036362
PPO-LOSS: 0.07372929155826569
tensor(3.4807e-07, device='cuda:0', grad_fn=<SumBackward0>)
LOSS: 0.0701693668961525
PPO-LOSS: 0.07306040823459625
tensor(5.9094e-05, device='cuda:0', grad_fn=<SumBackward0>)
LOSS: 0.014755082316696644
PPO-LOSS: 0.07207763940095901
tensor(0.0154, device='cuda:0', grad_fn=<SumBackward0>)
LOSS: 0.01309097371995449
PPO-LOSS: 0.07167346775531769
tensor(0.0204, device='cuda:0', grad_fn=<SumBackward0>)
LOSS: 0.03473130241036415
PPO-LOSS: 0.07178360223770142
tensor(0.0016, device='cuda:0', grad_fn=<SumBackward0>)
LOSS: 0.07234884798526764
PPO-LOSS: 0.07234884798526764
tensor(0., device='cuda:0', grad_fn=<SumBackward0>)
LOSS: 0.07234012335538864
PPO-LOSS: 0.07234012335538864
tensor(0., device='cuda:0', grad_fn=<SumBackward0>)
LOSS: 0.059090591967105865
PPO-LOSS: 0.059109561145305634
tensor(2.3251e-08, device='cuda:0', grad_fn=<SumBackward0>)
LOSS: 0.02479737251996994
PPO-LOSS: 0.05858800932765007
tensor(0.0036, device='cuda:0', grad_fn=<SumBackward0>)
LOSS: 0.02311001904308796
PPO-LOSS: 0.05853380262851715
tensor(0.0040, device='cuda:0', grad_fn=<SumBackward0>)
LOSS: 0.0532425194978714
PPO-LOSS: 0.058898232877254486
tensor(0.0001, device='cuda:0', grad_fn=<SumBackward0>)
LOSS: 0.05905282497406006
PPO-LOSS: 0.059057801961898804
tensor(1.1854e-09, device='cuda:0', grad_fn=<SumBackward0>)
LOSS: 0.058616120368242264
PPO-LOSS: 0.05879539996385574
tensor(9.2335e-07, device='cuda:0', grad_fn=<SumBackward0>)
LOSS: 0.01600632816553116
PPO-LOSS: 0.05817589536309242
tensor(0.0070, device='cuda:0', grad_fn=<SumBackward0>)
LOSS: 0.013144632801413536
PPO-LOSS: 0.05804252251982689
tensor(0.0121, device='cuda:0', grad_fn=<SumBackward0>)
LOSS: 0.03612124174833298
PPO-LOSS: 0.05834158882498741
tensor(0.0009, device='cuda:0', grad_fn=<SumBackward0>)
LOSS: 0.0590345561504364
PPO-LOSS: 0.0590345561504364
tensor(0., device='cuda:0', grad_fn=<SumBackward0>)
LOSS: 0.045379120856523514
PPO-LOSS: 0.045379120856523514
tensor(0., device='cuda:0', grad_fn=<SumBackward0>)
LOSS: 0.045249663293361664
PPO-LOSS: 0.045249663293361664
tensor(0., device='cuda:0', grad_fn=<SumBackward0>)
LOSS: 0.033662348985672
PPO-LOSS: 0.044772811233997345
tensor(0.0006, device='cuda:0', grad_fn=<SumBackward0>)
LOSS: 0.03131002187728882
PPO-LOSS: 0.044528115540742874
tensor(0.0005, device='cuda:0', grad_fn=<SumBackward0>)
LOSS: 0.044550854712724686
PPO-LOSS: 0.044550854712724686
tensor(0., device='cuda:0', grad_fn=<SumBackward0>)
LOSS: 0.04422680288553238
PPO-LOSS: 0.04422680288553238
tensor(0., device='cuda:0', grad_fn=<SumBackward0>)
LOSS: 0.037990085780620575
PPO-LOSS: 0.04359789565205574
tensor(0.0002, device='cuda:0', grad_fn=<SumBackward0>)
LOSS: 0.018997034057974815
PPO-LOSS: 0.04302944615483284
tensor(0.0034, device='cuda:0', grad_fn=<SumBackward0>)
LOSS: 0.03302639350295067
PPO-LOSS: 0.042871005833148956
tensor(0.0004, device='cuda:0', grad_fn=<SumBackward0>)
LOSS: 0.04238037019968033
PPO-LOSS: 0.04294547066092491
tensor(9.2956e-06, device='cuda:0', grad_fn=<SumBackward0>)
LOSS: 0.059293024241924286
PPO-LOSS: 0.0634036660194397
tensor(9.3395e-05, device='cuda:0', grad_fn=<SumBackward0>)
LOSS: 0.0398997999727726
PPO-LOSS: 0.06319469213485718
tensor(0.0008, device='cuda:0', grad_fn=<SumBackward0>)
LOSS: 0.05781862512230873
PPO-LOSS: 0.06340446323156357
tensor(9.8555e-05, device='cuda:0', grad_fn=<SumBackward0>)
LOSS: 0.060878150165081024
PPO-LOSS: 0.06336867809295654
tensor(3.6164e-05, device='cuda:0', grad_fn=<SumBackward0>)
LOSS: 0.045597974210977554
PPO-LOSS: 0.06298012286424637
tensor(0.0004, device='cuda:0', grad_fn=<SumBackward0>)
LOSS: 0.06093980744481087
PPO-LOSS: 0.06292084604501724
tensor(2.1176e-05, device='cuda:0', grad_fn=<SumBackward0>)
LOSS: 0.03936208039522171
PPO-LOSS: 0.06249511241912842
tensor(0.0007, device='cuda:0', grad_fn=<SumBackward0>)
LOSS: 0.04334424063563347
PPO-LOSS: 0.06246490404009819
tensor(0.0009, device='cuda:0', grad_fn=<SumBackward0>)
LOSS: 0.061692725867033005
PPO-LOSS: 0.06280352920293808
tensor(2.8416e-05, device='cuda:0', grad_fn=<SumBackward0>)
LOSS: 0.062270842492580414
PPO-LOSS: 0.06269864737987518
tensor(4.0071e-06, device='cuda:0', grad_fn=<SumBackward0>)
LOSS: 0.045119110494852066
PPO-LOSS: 0.04640946537256241
tensor(1.8137e-05, device='cuda:0', grad_fn=<SumBackward0>)
LOSS: 0.015071791596710682
PPO-LOSS: 0.0457814559340477
tensor(0.0054, device='cuda:0', grad_fn=<SumBackward0>)
LOSS: 0.012538178823888302
PPO-LOSS: 0.04557826370000839
tensor(0.0058, device='cuda:0', grad_fn=<SumBackward0>)
LOSS: 0.03581312671303749
PPO-LOSS: 0.0457807332277298
tensor(0.0002, device='cuda:0', grad_fn=<SumBackward0>)
LOSS: 0.04607928916811943
PPO-LOSS: 0.04607928916811943
tensor(0., device='cuda:0', grad_fn=<SumBackward0>)
LOSS: 0.0459216870367527
PPO-LOSS: 0.0459216870367527
tensor(0., device='cuda:0', grad_fn=<SumBackward0>)
LOSS: 0.0372074730694294
PPO-LOSS: 0.04535241425037384
tensor(0.0002, device='cuda:0', grad_fn=<SumBackward0>)
LOSS: 0.02388468012213707
PPO-LOSS: 0.044862810522317886
tensor(0.0013, device='cuda:0', grad_fn=<SumBackward0>)
LOSS: 0.044747401028871536
PPO-LOSS: 0.044747401028871536
tensor(0., device='cuda:0', grad_fn=<SumBackward0>)
LOSS: 0.04335087910294533
PPO-LOSS: 0.04421889781951904
tensor(1.3119e-05, device='cuda:0', grad_fn=<SumBackward0>)
LOSS: 0.03850546106696129
PPO-LOSS: 0.0849766880273819
tensor(0.0028, device='cuda:0', grad_fn=<SumBackward0>)
LOSS: 0.0498543381690979
PPO-LOSS: 0.08497871458530426
tensor(0.0011, device='cuda:0', grad_fn=<SumBackward0>)
LOSS: 0.08345981687307358
PPO-LOSS: 0.08553772419691086
tensor(1.3278e-05, device='cuda:0', grad_fn=<SumBackward0>)
LOSS: 0.0738392248749733
PPO-LOSS: 0.0853801891207695
tensor(0.0001, device='cuda:0', grad_fn=<SumBackward0>)
LOSS: 0.03621295094490051
PPO-LOSS: 0.08496801555156708
tensor(0.0018, device='cuda:0', grad_fn=<SumBackward0>)
LOSS: 0.06786047667264938
PPO-LOSS: 0.08514954149723053
tensor(0.0002, device='cuda:0', grad_fn=<SumBackward0>)
LOSS: 0.08525167405605316
PPO-LOSS: 0.08529408276081085
tensor(1.2542e-07, device='cuda:0', grad_fn=<SumBackward0>)
LOSS: 0.07700308412313461
PPO-LOSS: 0.08475805073976517
tensor(7.1426e-05, device='cuda:0', grad_fn=<SumBackward0>)
LOSS: 0.02380906231701374
PPO-LOSS: 0.08385074138641357
tensor(0.0056, device='cuda:0', grad_fn=<SumBackward0>)
LOSS: 0.02391486056149006
PPO-LOSS: 0.08359301090240479
tensor(0.0050, device='cuda:0', grad_fn=<SumBackward0>)
LOSS: 0.047483179718256
PPO-LOSS: 0.07625043392181396
tensor(0.0008, device='cuda:0', grad_fn=<SumBackward0>)
LOSS: 0.07710801810026169
PPO-LOSS: 0.07710801810026169
tensor(0., device='cuda:0', grad_fn=<SumBackward0>)
LOSS: 0.07721280306577682
PPO-LOSS: 0.07721280306577682
tensor(0., device='cuda:0', grad_fn=<SumBackward0>)
LOSS: 0.07663566619157791
PPO-LOSS: 0.07663566619157791
tensor(0., device='cuda:0', grad_fn=<SumBackward0>)
LOSS: 0.031377773731946945
PPO-LOSS: 0.07546424120664597
tensor(0.0030, device='cuda:0', grad_fn=<SumBackward0>)
LOSS: 0.02147505432367325
PPO-LOSS: 0.07490193843841553
tensor(0.0062, device='cuda:0', grad_fn=<SumBackward0>)
LOSS: 0.053560998290777206
PPO-LOSS: 0.07490614801645279
tensor(0.0005, device='cuda:0', grad_fn=<SumBackward0>)
LOSS: 0.07476942241191864
PPO-LOSS: 0.07517577707767487
tensor(2.5528e-06, device='cuda:0', grad_fn=<SumBackward0>)
LOSS: 0.04040156677365303
PPO-LOSS: 0.07477415353059769
tensor(0.0012, device='cuda:0', grad_fn=<SumBackward0>)
LOSS: 0.06857109069824219
PPO-LOSS: 0.07488981634378433
tensor(6.5281e-05, device='cuda:0', grad_fn=<SumBackward0>)
LOSS: 0.05400397628545761
PPO-LOSS: 0.06372033804655075
tensor(0.0002, device='cuda:0', grad_fn=<SumBackward0>)
LOSS: 0.05949240177869797
PPO-LOSS: 0.06351106613874435
tensor(6.1765e-05, device='cuda:0', grad_fn=<SumBackward0>)
LOSS: 0.04607043415307999
PPO-LOSS: 0.06288900226354599
tensor(0.0004, device='cuda:0', grad_fn=<SumBackward0>)
LOSS: 0.06193477287888527
PPO-LOSS: 0.0625452995300293
tensor(7.3780e-06, device='cuda:0', grad_fn=<SumBackward0>)
LOSS: 0.051557507365942
PPO-LOSS: 0.06164013594388962
tensor(0.0002, device='cuda:0', grad_fn=<SumBackward0>)
LOSS: 0.032602738589048386
PPO-LOSS: 0.06068514287471771
tensor(0.0017, device='cuda:0', grad_fn=<SumBackward0>)
LOSS: 0.05707668885588646
PPO-LOSS: 0.06012698635458946
tensor(3.0620e-05, device='cuda:0', grad_fn=<SumBackward0>)
LOSS: 0.05911457538604736
PPO-LOSS: 0.05914218723773956
tensor(2.4286e-08, device='cuda:0', grad_fn=<SumBackward0>)
LOSS: 0.016641350463032722
PPO-LOSS: 0.057625990360975266
tensor(0.0069, device='cuda:0', grad_fn=<SumBackward0>)
LOSS: 0.01405803207308054
PPO-LOSS: 0.05664311349391937
tensor(0.0097, device='cuda:0', grad_fn=<SumBackward0>)
LOSS: 0.04936886951327324
PPO-LOSS: 0.07880733907222748
tensor(0.0007, device='cuda:0', grad_fn=<SumBackward0>)
LOSS: 0.07976645231246948
PPO-LOSS: 0.07976645231246948
tensor(0., device='cuda:0', grad_fn=<SumBackward0>)
LOSS: 0.0799495279788971
PPO-LOSS: 0.0799495279788971
tensor(0., device='cuda:0', grad_fn=<SumBackward0>)
LOSS: 0.06664660573005676
PPO-LOSS: 0.07942984998226166
tensor(0.0002, device='cuda:0', grad_fn=<SumBackward0>)
LOSS: 0.04671110957860947
PPO-LOSS: 0.07877270877361298
tensor(0.0013, device='cuda:0', grad_fn=<SumBackward0>)
LOSS: 0.07780054211616516
PPO-LOSS: 0.07859166711568832
tensor(8.7626e-06, device='cuda:0', grad_fn=<SumBackward0>)
LOSS: 0.034122031182050705
PPO-LOSS: 0.07776656746864319
tensor(0.0034, device='cuda:0', grad_fn=<SumBackward0>)
LOSS: 0.033581119030714035
PPO-LOSS: 0.07750449329614639
tensor(0.0022, device='cuda:0', grad_fn=<SumBackward0>)
LOSS: 0.07278817147016525
PPO-LOSS: 0.07780865579843521
tensor(5.6562e-05, device='cuda:0', grad_fn=<SumBackward0>)
LOSS: 0.05735490098595619
PPO-LOSS: 0.0775524154305458
tensor(0.0004, device='cuda:0', grad_fn=<SumBackward0>)
LOSS: 0.10457462072372437
PPO-LOSS: 0.11075188219547272
tensor(8.8683e-05, device='cuda:0', grad_fn=<SumBackward0>)
LOSS: 0.05144686996936798
PPO-LOSS: 0.10996562987565994
tensor(0.0024, device='cuda:0', grad_fn=<SumBackward0>)
LOSS: 0.10220196098089218
PPO-LOSS: 0.1097893938422203
tensor(9.9043e-05, device='cuda:0', grad_fn=<SumBackward0>)
LOSS: 0.046745721250772476
PPO-LOSS: 0.10880427807569504
tensor(0.0022, device='cuda:0', grad_fn=<SumBackward0>)
LOSS: 0.05773907154798508
PPO-LOSS: 0.10860414803028107
tensor(0.0012, device='cuda:0', grad_fn=<SumBackward0>)
LOSS: 0.10903673619031906
PPO-LOSS: 0.10903673619031906
tensor(0., device='cuda:0', grad_fn=<SumBackward0>)
LOSS: 0.1085861548781395
PPO-LOSS: 0.1085861548781395
tensor(0., device='cuda:0', grad_fn=<SumBackward0>)
LOSS: 0.10102933645248413
PPO-LOSS: 0.10734649747610092
tensor(6.6724e-05, device='cuda:0', grad_fn=<SumBackward0>)
LOSS: 0.016075417399406433
PPO-LOSS: 0.10539800673723221
tensor(0.0221, device='cuda:0', grad_fn=<SumBackward0>)
LOSS: 0.012058948166668415
PPO-LOSS: 0.10435014218091965
tensor(0.0545, device='cuda:0', grad_fn=<SumBackward0>)
LOSS: 0.016702651977539062
PPO-LOSS: 0.13628485798835754
tensor(0.0339, device='cuda:0', grad_fn=<SumBackward0>)
LOSS: 0.05883770436048508
PPO-LOSS: 0.13731902837753296
tensor(0.0025, device='cuda:0', grad_fn=<SumBackward0>)
LOSS: 0.13898329436779022
PPO-LOSS: 0.13898329436779022
tensor(0., device='cuda:0', grad_fn=<SumBackward0>)
LOSS: 0.13950015604496002
PPO-LOSS: 0.13950015604496002
tensor(0., device='cuda:0', grad_fn=<SumBackward0>)
LOSS: 0.13898533582687378
PPO-LOSS: 0.13898533582687378
tensor(0., device='cuda:0', grad_fn=<SumBackward0>)
LOSS: 0.12790873646736145
PPO-LOSS: 0.13756577670574188
tensor(5.6177e-05, device='cuda:0', grad_fn=<SumBackward0>)
LOSS: 0.021140672266483307
PPO-LOSS: 0.1353769302368164
tensor(0.0300, device='cuda:0', grad_fn=<SumBackward0>)
LOSS: 0.015881845727562904
PPO-LOSS: 0.13427913188934326
tensor(0.0678, device='cuda:0', grad_fn=<SumBackward0>)
LOSS: 0.01622581109404564
PPO-LOSS: 0.1341540515422821
tensor(0.0483, device='cuda:0', grad_fn=<SumBackward0>)
LOSS: 0.03776387497782707
PPO-LOSS: 0.13490484654903412
tensor(0.0054, device='cuda:0', grad_fn=<SumBackward0>)
LOSS: 0.10980888456106186
PPO-LOSS: 0.10981076955795288
tensor(1.9521e-10, device='cuda:0', grad_fn=<SumBackward0>)
LOSS: 0.11009211838245392
PPO-LOSS: 0.11009211838245392
tensor(0., device='cuda:0', grad_fn=<SumBackward0>)
LOSS: 0.10934068262577057
PPO-LOSS: 0.1094764843583107
tensor(1.8335e-07, device='cuda:0', grad_fn=<SumBackward0>)
LOSS: 0.07845098525285721
PPO-LOSS: 0.10806762427091599
tensor(0.0006, device='cuda:0', grad_fn=<SumBackward0>)
LOSS: 0.06705238670110703
PPO-LOSS: 0.10673505067825317
tensor(0.0009, device='cuda:0', grad_fn=<SumBackward0>)
LOSS: 0.0766538679599762
PPO-LOSS: 0.10603535175323486
tensor(0.0005, device='cuda:0', grad_fn=<SumBackward0>)
LOSS: 0.10088010877370834
PPO-LOSS: 0.10555008798837662
tensor(3.6001e-05, device='cuda:0', grad_fn=<SumBackward0>)
LOSS: 0.0390486940741539
PPO-LOSS: 0.10424806922674179
tensor(0.0053, device='cuda:0', grad_fn=<SumBackward0>)
LOSS: 0.047776173800230026
PPO-LOSS: 0.10365284979343414
tensor(0.0030, device='cuda:0', grad_fn=<SumBackward0>)
LOSS: 0.10367123037576675
PPO-LOSS: 0.10367123037576675
tensor(0., device='cuda:0', grad_fn=<SumBackward0>)
LOSS: 0.10205603390932083
PPO-LOSS: 0.10205603390932083
tensor(0., device='cuda:0', grad_fn=<SumBackward0>)
LOSS: 0.07651810348033905
PPO-LOSS: 0.10118205845355988
tensor(0.0004, device='cuda:0', grad_fn=<SumBackward0>)
LOSS: 0.054240722209215164
PPO-LOSS: 0.10052615404129028
tensor(0.0014, device='cuda:0', grad_fn=<SumBackward0>)
LOSS: 0.09641234576702118
PPO-LOSS: 0.10046543180942535
tensor(4.9867e-05, device='cuda:0', grad_fn=<SumBackward0>)
LOSS: 0.0654723048210144
PPO-LOSS: 0.0997161790728569
tensor(0.0006, device='cuda:0', grad_fn=<SumBackward0>)
LOSS: 0.07543246448040009
PPO-LOSS: 0.0993744358420372
tensor(0.0003, device='cuda:0', grad_fn=<SumBackward0>)
LOSS: 0.09910184144973755
PPO-LOSS: 0.0991448312997818
tensor(2.0271e-08, device='cuda:0', grad_fn=<SumBackward0>)
LOSS: 0.0813501626253128
PPO-LOSS: 0.0982220247387886
tensor(0.0002, device='cuda:0', grad_fn=<SumBackward0>)
LOSS: 0.031301986426115036
PPO-LOSS: 0.09720553457736969
tensor(0.0038, device='cuda:0', grad_fn=<SumBackward0>)
LOSS: 0.05030310899019241
PPO-LOSS: 0.09687761962413788
tensor(0.0011, device='cuda:0', grad_fn=<SumBackward0>)
LOSS: 0.14729201793670654
PPO-LOSS: 0.1473054736852646
tensor(5.5642e-09, device='cuda:0', grad_fn=<SumBackward0>)
LOSS: 0.1467147171497345
PPO-LOSS: 0.14679861068725586
tensor(2.1918e-07, device='cuda:0', grad_fn=<SumBackward0>)
LOSS: 0.06764363497495651
PPO-LOSS: 0.1452256590127945
tensor(0.0019, device='cuda:0', grad_fn=<SumBackward0>)
LOSS: 0.10012660175561905
PPO-LOSS: 0.14459000527858734
tensor(0.0005, device='cuda:0', grad_fn=<SumBackward0>)
LOSS: 0.13656829297542572
PPO-LOSS: 0.14419111609458923
tensor(4.8471e-05, device='cuda:0', grad_fn=<SumBackward0>)
LOSS: 0.04747315123677254
PPO-LOSS: 0.14268794655799866
tensor(0.0043, device='cuda:0', grad_fn=<SumBackward0>)
LOSS: 0.06933484971523285
PPO-LOSS: 0.142159566283226
tensor(0.0017, device='cuda:0', grad_fn=<SumBackward0>)
LOSS: 0.1422443836927414
PPO-LOSS: 0.1424439698457718
tensor(4.7453e-07, device='cuda:0', grad_fn=<SumBackward0>)
LOSS: 0.14054785668849945
PPO-LOSS: 0.1415608525276184
tensor(4.1343e-06, device='cuda:0', grad_fn=<SumBackward0>)
LOSS: 0.07791990041732788
PPO-LOSS: 0.13959774374961853
tensor(0.0013, device='cuda:0', grad_fn=<SumBackward0>)
LOSS: 0.12360167503356934
PPO-LOSS: 0.17505623400211334
tensor(0.0006, device='cuda:0', grad_fn=<SumBackward0>)
LOSS: 0.067677341401577
PPO-LOSS: 0.17257557809352875
tensor(0.0029, device='cuda:0', grad_fn=<SumBackward0>)
LOSS: 0.16879867017269135
PPO-LOSS: 0.1712082326412201
tensor(7.6248e-06, device='cuda:0', grad_fn=<SumBackward0>)
LOSS: 0.10071136057376862
PPO-LOSS: 0.16840071976184845
tensor(0.0008, device='cuda:0', grad_fn=<SumBackward0>)
LOSS: 0.16374285519123077
PPO-LOSS: 0.16650605201721191
tensor(1.6124e-05, device='cuda:0', grad_fn=<SumBackward0>)
LOSS: 0.09784045070409775
PPO-LOSS: 0.16323362290859222
tensor(0.0009, device='cuda:0', grad_fn=<SumBackward0>)
LOSS: 0.15544559061527252
PPO-LOSS: 0.16128726303577423
tensor(4.5825e-05, device='cuda:0', grad_fn=<SumBackward0>)
LOSS: 0.0747913345694542
PPO-LOSS: 0.16143278777599335
tensor(0.0020, device='cuda:0', grad_fn=<SumBackward0>)
LOSS: 0.14375178515911102
PPO-LOSS: 0.1649537980556488
tensor(0.0002, device='cuda:0', grad_fn=<SumBackward0>)
LOSS: 0.06708920001983643
PPO-LOSS: 0.16642534732818604
tensor(0.0026, device='cuda:0', grad_fn=<SumBackward0>)
LOSS: 0.17312484979629517
PPO-LOSS: 0.20355747640132904
tensor(0.0002, device='cuda:0', grad_fn=<SumBackward0>)
LOSS: 0.06256551295518875
PPO-LOSS: 0.2017311155796051
tensor(0.0038, device='cuda:0', grad_fn=<SumBackward0>)
LOSS: 0.18874408304691315
PPO-LOSS: 0.20185942947864532
tensor(5.8308e-05, device='cuda:0', grad_fn=<SumBackward0>)
LOSS: 0.05672747641801834
PPO-LOSS: 0.19996148347854614
tensor(0.0047, device='cuda:0', grad_fn=<SumBackward0>)
LOSS: 0.16412903368473053
PPO-LOSS: 0.20022986829280853
tensor(0.0003, device='cuda:0', grad_fn=<SumBackward0>)
LOSS: 0.08139132708311081
PPO-LOSS: 0.19876240193843842
tensor(0.0018, device='cuda:0', grad_fn=<SumBackward0>)
LOSS: 0.19903792440891266
PPO-LOSS: 0.19951172173023224
tensor(6.7226e-07, device='cuda:0', grad_fn=<SumBackward0>)
LOSS: 0.16570031642913818
PPO-LOSS: 0.1982644945383072
tensor(0.0002, device='cuda:0', grad_fn=<SumBackward0>)
LOSS: 0.017758063971996307
PPO-LOSS: 0.19519314169883728
tensor(0.0666, device='cuda:0', grad_fn=<SumBackward0>)
LOSS: 0.01670965738594532
PPO-LOSS: 0.19454310834407806
tensor(0.0833, device='cuda:0', grad_fn=<SumBackward0>)
LOSS: 0.042067982256412506
PPO-LOSS: 0.18266580998897552
tensor(0.0076, device='cuda:0', grad_fn=<SumBackward0>)
LOSS: 0.18522481620311737
PPO-LOSS: 0.18522481620311737
tensor(0., device='cuda:0', grad_fn=<SumBackward0>)
LOSS: 0.18568558990955353
PPO-LOSS: 0.18568558990955353
tensor(0., device='cuda:0', grad_fn=<SumBackward0>)
LOSS: 0.1841776967048645
PPO-LOSS: 0.1841776967048645
tensor(0., device='cuda:0', grad_fn=<SumBackward0>)
LOSS: 0.10465793311595917
PPO-LOSS: 0.18089070916175842
tensor(0.0014, device='cuda:0', grad_fn=<SumBackward0>)
LOSS: 0.035373300313949585
PPO-LOSS: 0.17900574207305908
tensor(0.0095, device='cuda:0', grad_fn=<SumBackward0>)
LOSS: 0.09280909597873688
PPO-LOSS: 0.17913906276226044
tensor(0.0016, device='cuda:0', grad_fn=<SumBackward0>)
LOSS: 0.18062658607959747
PPO-LOSS: 0.18062658607959747
tensor(0., device='cuda:0', grad_fn=<SumBackward0>)
LOSS: 0.1799718737602234
PPO-LOSS: 0.1799718737602234
tensor(0., device='cuda:0', grad_fn=<SumBackward0>)
LOSS: 0.1668897271156311
PPO-LOSS: 0.17754203081130981
tensor(4.6745e-05, device='cuda:0', grad_fn=<SumBackward0>)
LOSS: 0.013118382543325424
PPO-LOSS: 0.13257914781570435
tensor(0.1677, device='cuda:0', grad_fn=<SumBackward0>)
LOSS: 0.014161314815282822
PPO-LOSS: 0.13134916126728058
tensor(0.3071, device='cuda:0', grad_fn=<SumBackward0>)
LOSS: 0.013086777180433273
PPO-LOSS: 0.13170494139194489
tensor(0.1641, device='cuda:0', grad_fn=<SumBackward0>)
LOSS: 0.044076211750507355
PPO-LOSS: 0.13347935676574707
tensor(0.0048, device='cuda:0', grad_fn=<SumBackward0>)
LOSS: 0.13643823564052582
PPO-LOSS: 0.13643823564052582
tensor(0., device='cuda:0', grad_fn=<SumBackward0>)
LOSS: 0.1375976949930191
PPO-LOSS: 0.1375976949930191
tensor(0., device='cuda:0', grad_fn=<SumBackward0>)
LOSS: 0.13710199296474457
PPO-LOSS: 0.13710199296474457
tensor(0., device='cuda:0', grad_fn=<SumBackward0>)
LOSS: 0.13514025509357452
PPO-LOSS: 0.13514025509357452
tensor(0., device='cuda:0', grad_fn=<SumBackward0>)
LOSS: 0.08094736933708191
PPO-LOSS: 0.1319335699081421
tensor(0.0015, device='cuda:0', grad_fn=<SumBackward0>)
LOSS: 0.014393636025488377
PPO-LOSS: 0.1296919286251068
tensor(0.0448, device='cuda:0', grad_fn=<SumBackward0>)
LOSS: 0.010307958349585533
PPO-LOSS: 0.08124789595603943
tensor(0.0656, device='cuda:0', grad_fn=<SumBackward0>)
LOSS: 0.023819487541913986
PPO-LOSS: 0.08229947090148926
tensor(0.0069, device='cuda:0', grad_fn=<SumBackward0>)
LOSS: 0.08429455757141113
PPO-LOSS: 0.08429455757141113
tensor(0., device='cuda:0', grad_fn=<SumBackward0>)
LOSS: 0.08483609557151794
PPO-LOSS: 0.08483609557151794
tensor(0., device='cuda:0', grad_fn=<SumBackward0>)
LOSS: 0.08406148850917816
PPO-LOSS: 0.08406148850917816
tensor(0., device='cuda:0', grad_fn=<SumBackward0>)
LOSS: 0.042789410799741745
PPO-LOSS: 0.08218833804130554
tensor(0.0018, device='cuda:0', grad_fn=<SumBackward0>)
LOSS: 0.017985986545681953
PPO-LOSS: 0.08138225972652435
tensor(0.0083, device='cuda:0', grad_fn=<SumBackward0>)
LOSS: 0.060973651707172394
PPO-LOSS: 0.08164266496896744
tensor(0.0006, device='cuda:0', grad_fn=<SumBackward0>)
LOSS: 0.08210936188697815
PPO-LOSS: 0.08210936188697815
tensor(0., device='cuda:0', grad_fn=<SumBackward0>)
LOSS: 0.08136331290006638
PPO-LOSS: 0.08140471577644348
tensor(5.7721e-08, device='cuda:0', grad_fn=<SumBackward0>)
LOSS: 0.04967949539422989
PPO-LOSS: 0.11479157209396362
tensor(0.0025, device='cuda:0', grad_fn=<SumBackward0>)
LOSS: 0.06242084875702858
PPO-LOSS: 0.11466152966022491
tensor(0.0015, device='cuda:0', grad_fn=<SumBackward0>)
LOSS: 0.11444580554962158
PPO-LOSS: 0.11546085774898529
tensor(3.5593e-06, device='cuda:0', grad_fn=<SumBackward0>)
LOSS: 0.11055457592010498
PPO-LOSS: 0.11494430899620056
tensor(5.3920e-05, device='cuda:0', grad_fn=<SumBackward0>)
LOSS: 0.0209016352891922
PPO-LOSS: 0.11328399926424026
tensor(0.0148, device='cuda:0', grad_fn=<SumBackward0>)
LOSS: 0.021919630467891693
PPO-LOSS: 0.11271324753761292
tensor(0.0127, device='cuda:0', grad_fn=<SumBackward0>)
LOSS: 0.07666996121406555
PPO-LOSS: 0.11312747001647949
tensor(0.0011, device='cuda:0', grad_fn=<SumBackward0>)
LOSS: 0.11377373337745667
PPO-LOSS: 0.11377373337745667
tensor(0., device='cuda:0', grad_fn=<SumBackward0>)
LOSS: 0.11319160461425781
PPO-LOSS: 0.11319160461425781
tensor(0., device='cuda:0', grad_fn=<SumBackward0>)
LOSS: 0.03652378171682358
PPO-LOSS: 0.11149977147579193
tensor(0.0068, device='cuda:0', grad_fn=<SumBackward0>)
LOSS: 0.02660784311592579
PPO-LOSS: 0.09363479912281036
tensor(0.0102, device='cuda:0', grad_fn=<SumBackward0>)
LOSS: 0.08930020034313202
PPO-LOSS: 0.09396401792764664
tensor(5.9402e-05, device='cuda:0', grad_fn=<SumBackward0>)
LOSS: 0.09109100699424744
PPO-LOSS: 0.09303419291973114
tensor(1.3956e-05, device='cuda:0', grad_fn=<SumBackward0>)
LOSS: 0.03917456790804863
PPO-LOSS: 0.09103205800056458
tensor(0.0027, device='cuda:0', grad_fn=<SumBackward0>)
LOSS: 0.022892823442816734
PPO-LOSS: 0.09015589952468872
tensor(0.0067, device='cuda:0', grad_fn=<SumBackward0>)
LOSS: 0.07302085310220718
PPO-LOSS: 0.09029783308506012
tensor(0.0003, device='cuda:0', grad_fn=<SumBackward0>)
LOSS: 0.09016314148902893
PPO-LOSS: 0.09017696976661682
tensor(1.5725e-08, device='cuda:0', grad_fn=<SumBackward0>)
LOSS: 0.08740056306123734
PPO-LOSS: 0.08888515830039978
tensor(1.1654e-05, device='cuda:0', grad_fn=<SumBackward0>)
LOSS: 0.01451258733868599
PPO-LOSS: 0.08654022961854935
tensor(0.0219, device='cuda:0', grad_fn=<SumBackward0>)
LOSS: 0.012498514726758003
PPO-LOSS: 0.0853777751326561
tensor(0.0285, device='cuda:0', grad_fn=<SumBackward0>)
LOSS: 0.06682620197534561
PPO-LOSS: 0.19323423504829407
tensor(0.0038, device='cuda:0', grad_fn=<SumBackward0>)
LOSS: 0.19545498490333557
PPO-LOSS: 0.19545498490333557
tensor(0., device='cuda:0', grad_fn=<SumBackward0>)
LOSS: 0.19582904875278473
PPO-LOSS: 0.19582904875278473
tensor(0., device='cuda:0', grad_fn=<SumBackward0>)
LOSS: 0.19454382359981537
PPO-LOSS: 0.19454382359981537
tensor(0., device='cuda:0', grad_fn=<SumBackward0>)
LOSS: 0.07634501159191132
PPO-LOSS: 0.19180035591125488
tensor(0.0034, device='cuda:0', grad_fn=<SumBackward0>)
LOSS: 0.04561839625239372
PPO-LOSS: 0.19078844785690308
tensor(0.0096, device='cuda:0', grad_fn=<SumBackward0>)
LOSS: 0.0915868878364563
PPO-LOSS: 0.19138547778129578
tensor(0.0028, device='cuda:0', grad_fn=<SumBackward0>)
LOSS: 0.1920379102230072
PPO-LOSS: 0.19300143420696259
tensor(3.5545e-06, device='cuda:0', grad_fn=<SumBackward0>)
LOSS: 0.19270388782024384
PPO-LOSS: 0.19287599623203278
tensor(1.3314e-07, device='cuda:0', grad_fn=<SumBackward0>)
LOSS: 0.12314649671316147
PPO-LOSS: 0.1911955177783966
tensor(0.0013, device='cuda:0', grad_fn=<SumBackward0>)
LOSS: 0.08149945735931396
PPO-LOSS: 0.12043110281229019
tensor(0.0009, device='cuda:0', grad_fn=<SumBackward0>)
LOSS: 0.0986093208193779
PPO-LOSS: 0.12052400410175323
tensor(0.0002, device='cuda:0', grad_fn=<SumBackward0>)
LOSS: 0.056901734322309494
PPO-LOSS: 0.12038484215736389
tensor(0.0014, device='cuda:0', grad_fn=<SumBackward0>)
LOSS: 0.12115976959466934
PPO-LOSS: 0.12115976959466934
tensor(0., device='cuda:0', grad_fn=<SumBackward0>)
LOSS: 0.12075287103652954
PPO-LOSS: 0.12075287103652954
tensor(0., device='cuda:0', grad_fn=<SumBackward0>)
LOSS: 0.0440635047852993
PPO-LOSS: 0.11930456757545471
tensor(0.0029, device='cuda:0', grad_fn=<SumBackward0>)
LOSS: 0.053905270993709564
PPO-LOSS: 0.11893509328365326
tensor(0.0016, device='cuda:0', grad_fn=<SumBackward0>)
LOSS: 0.11799722164869308
PPO-LOSS: 0.11953692883253098
tensor(4.7706e-06, device='cuda:0', grad_fn=<SumBackward0>)
LOSS: 0.06411302089691162
PPO-LOSS: 0.11900787055492401
tensor(0.0008, device='cuda:0', grad_fn=<SumBackward0>)
LOSS: 0.11904197186231613
PPO-LOSS: 0.11932321637868881
tensor(7.9490e-07, device='cuda:0', grad_fn=<SumBackward0>)
LOSS: 0.12114208936691284
PPO-LOSS: 0.1398884803056717
tensor(0.0001, device='cuda:0', grad_fn=<SumBackward0>)
LOSS: 0.03135303035378456
PPO-LOSS: 0.13837185502052307
tensor(0.0086, device='cuda:0', grad_fn=<SumBackward0>)
LOSS: 0.03456009179353714
PPO-LOSS: 0.13792136311531067
tensor(0.0055, device='cuda:0', grad_fn=<SumBackward0>)
LOSS: 0.11143498867750168
PPO-LOSS: 0.13855160772800446
tensor(0.0003, device='cuda:0', grad_fn=<SumBackward0>)
LOSS: 0.13686524331569672
PPO-LOSS: 0.13869768381118774
tensor(1.0436e-05, device='cuda:0', grad_fn=<SumBackward0>)
LOSS: 0.05916176736354828
PPO-LOSS: 0.13769212365150452
tensor(0.0020, device='cuda:0', grad_fn=<SumBackward0>)
LOSS: 0.12873810529708862
PPO-LOSS: 0.13774779438972473
tensor(6.6291e-05, device='cuda:0', grad_fn=<SumBackward0>)
LOSS: 0.06833427399396896
PPO-LOSS: 0.13665840029716492
tensor(0.0013, device='cuda:0', grad_fn=<SumBackward0>)
LOSS: 0.11778689920902252
PPO-LOSS: 0.13663721084594727
tensor(0.0002, device='cuda:0', grad_fn=<SumBackward0>)
LOSS: 0.040780212730169296
PPO-LOSS: 0.1358204185962677
tensor(0.0051, device='cuda:0', grad_fn=<SumBackward0>)
LOSS: 0.07767884433269501
PPO-LOSS: 0.10699963569641113
tensor(0.0005, device='cuda:0', grad_fn=<SumBackward0>)
LOSS: 0.10727789998054504
PPO-LOSS: 0.107324980199337
tensor(1.2909e-07, device='cuda:0', grad_fn=<SumBackward0>)
LOSS: 0.10607698559761047
PPO-LOSS: 0.10648892819881439
tensor(2.1336e-06, device='cuda:0', grad_fn=<SumBackward0>)
LOSS: 0.021925881505012512
PPO-LOSS: 0.1046103984117508
tensor(0.0179, device='cuda:0', grad_fn=<SumBackward0>)
LOSS: 0.01930929347872734
PPO-LOSS: 0.103851318359375
tensor(0.0273, device='cuda:0', grad_fn=<SumBackward0>)
LOSS: 0.041475795209407806
PPO-LOSS: 0.10410960763692856
tensor(0.0029, device='cuda:0', grad_fn=<SumBackward0>)
LOSS: 0.10528894513845444
PPO-LOSS: 0.10528894513845444
tensor(0., device='cuda:0', grad_fn=<SumBackward0>)
LOSS: 0.10520245879888535
PPO-LOSS: 0.10520245879888535
tensor(0., device='cuda:0', grad_fn=<SumBackward0>)
LOSS: 0.10395191609859467
PPO-LOSS: 0.10395191609859467
tensor(0., device='cuda:0', grad_fn=<SumBackward0>)
LOSS: 0.02200915850698948
PPO-LOSS: 0.10169706493616104
tensor(0.0104, device='cuda:0', grad_fn=<SumBackward0>)
LOSS: 0.024231892079114914
PPO-LOSS: 0.15761858224868774
tensor(0.0278, device='cuda:0', grad_fn=<SumBackward0>)
LOSS: 0.04725464805960655
PPO-LOSS: 0.15788370370864868
tensor(0.0058, device='cuda:0', grad_fn=<SumBackward0>)
LOSS: 0.1592164933681488
PPO-LOSS: 0.1592164933681488
tensor(0., device='cuda:0', grad_fn=<SumBackward0>)
LOSS: 0.15902771055698395
PPO-LOSS: 0.15902771055698395
tensor(0., device='cuda:0', grad_fn=<SumBackward0>)
LOSS: 0.10356897115707397
PPO-LOSS: 0.15746457874774933
tensor(0.0010, device='cuda:0', grad_fn=<SumBackward0>)
LOSS: 0.08812154084444046
PPO-LOSS: 0.15692216157913208
tensor(0.0016, device='cuda:0', grad_fn=<SumBackward0>)
LOSS: 0.15767309069633484
PPO-LOSS: 0.15767309069633484
tensor(0., device='cuda:0', grad_fn=<SumBackward0>)
LOSS: 0.15697000920772552
PPO-LOSS: 0.15697000920772552
tensor(0., device='cuda:0', grad_fn=<SumBackward0>)
LOSS: 0.05530315265059471
PPO-LOSS: 0.15496766567230225
tensor(0.0032, device='cuda:0', grad_fn=<SumBackward0>)
LOSS: 0.04888615384697914
PPO-LOSS: 0.15442214906215668
tensor(0.0038, device='cuda:0', grad_fn=<SumBackward0>)
LOSS: 0.12199825048446655
PPO-LOSS: 0.12966078519821167
tensor(0.0001, device='cuda:0', grad_fn=<SumBackward0>)
LOSS: 0.08894744515419006
PPO-LOSS: 0.12908197939395905
tensor(0.0006, device='cuda:0', grad_fn=<SumBackward0>)
LOSS: 0.1256038248538971
PPO-LOSS: 0.12884275615215302
tensor(2.6464e-05, device='cuda:0', grad_fn=<SumBackward0>)
LOSS: 0.04685016721487045
PPO-LOSS: 0.12739402055740356
tensor(0.0027, device='cuda:0', grad_fn=<SumBackward0>)
LOSS: 0.0741662085056305
PPO-LOSS: 0.12709596753120422
tensor(0.0010, device='cuda:0', grad_fn=<SumBackward0>)
LOSS: 0.12766815721988678
PPO-LOSS: 0.12766815721988678
tensor(0., device='cuda:0', grad_fn=<SumBackward0>)
LOSS: 0.12741757929325104
PPO-LOSS: 0.12741757929325104
tensor(0., device='cuda:0', grad_fn=<SumBackward0>)
LOSS: 0.08959408849477768
PPO-LOSS: 0.12643416225910187
tensor(0.0005, device='cuda:0', grad_fn=<SumBackward0>)
LOSS: 0.03876034542918205
PPO-LOSS: 0.12570162117481232
tensor(0.0040, device='cuda:0', grad_fn=<SumBackward0>)
LOSS: 0.0909603014588356
PPO-LOSS: 0.1261937916278839
tensor(0.0004, device='cuda:0', grad_fn=<SumBackward0>)
LOSS: 0.1475326120853424
PPO-LOSS: 0.1475326120853424
tensor(0., device='cuda:0', grad_fn=<SumBackward0>)
LOSS: 0.14197638630867004
PPO-LOSS: 0.1470240205526352
tensor(3.8942e-05, device='cuda:0', grad_fn=<SumBackward0>)
LOSS: 0.025274788960814476
PPO-LOSS: 0.14527207612991333
tensor(0.0144, device='cuda:0', grad_fn=<SumBackward0>)
LOSS: 0.020817358046770096
PPO-LOSS: 0.14477433264255524
tensor(0.0191, device='cuda:0', grad_fn=<SumBackward0>)
LOSS: 0.10818731784820557
PPO-LOSS: 0.14542755484580994
tensor(0.0004, device='cuda:0', grad_fn=<SumBackward0>)
LOSS: 0.14547555148601532
PPO-LOSS: 0.14578109979629517
tensor(2.3422e-06, device='cuda:0', grad_fn=<SumBackward0>)
LOSS: 0.07681357860565186
PPO-LOSS: 0.14485207200050354
tensor(0.0010, device='cuda:0', grad_fn=<SumBackward0>)
LOSS: 0.14270244538784027
PPO-LOSS: 0.14493504166603088
tensor(8.5336e-06, device='cuda:0', grad_fn=<SumBackward0>)
LOSS: 0.07630094885826111
PPO-LOSS: 0.14379601180553436
tensor(0.0012, device='cuda:0', grad_fn=<SumBackward0>)
LOSS: 0.12940925359725952
PPO-LOSS: 0.14375349879264832
tensor(9.8699e-05, device='cuda:0', grad_fn=<SumBackward0>)
LOSS: 0.09497562795877457
PPO-LOSS: 0.165170356631279
tensor(0.0010, device='cuda:0', grad_fn=<SumBackward0>)
LOSS: 0.15636210143566132
PPO-LOSS: 0.16501544415950775
tensor(5.3103e-05, device='cuda:0', grad_fn=<SumBackward0>)
LOSS: 0.04850044846534729
PPO-LOSS: 0.16340360045433044
tensor(0.0053, device='cuda:0', grad_fn=<SumBackward0>)
LOSS: 0.07074236124753952
PPO-LOSS: 0.16305921971797943
tensor(0.0026, device='cuda:0', grad_fn=<SumBackward0>)
LOSS: 0.1636747568845749
PPO-LOSS: 0.1636747568845749
tensor(0., device='cuda:0', grad_fn=<SumBackward0>)
LOSS: 0.1627933382987976
PPO-LOSS: 0.1627933382987976
tensor(0., device='cuda:0', grad_fn=<SumBackward0>)
LOSS: 0.029808538034558296
PPO-LOSS: 0.1606115698814392
tensor(0.0191, device='cuda:0', grad_fn=<SumBackward0>)
LOSS: 0.028781741857528687
PPO-LOSS: 0.15995998680591583
tensor(0.0204, device='cuda:0', grad_fn=<SumBackward0>)
LOSS: 0.1243460476398468
PPO-LOSS: 0.16060881316661835
tensor(0.0002, device='cuda:0', grad_fn=<SumBackward0>)
LOSS: 0.16071537137031555
PPO-LOSS: 0.16072362661361694
tensor(5.8543e-10, device='cuda:0', grad_fn=<SumBackward0>)
LOSS: 0.11925116926431656
PPO-LOSS: 0.1566942185163498
tensor(0.0005, device='cuda:0', grad_fn=<SumBackward0>)
LOSS: 0.05761447548866272
PPO-LOSS: 0.15535058081150055
tensor(0.0042, device='cuda:0', grad_fn=<SumBackward0>)
LOSS: 0.09932154417037964
PPO-LOSS: 0.15528354048728943
tensor(0.0008, device='cuda:0', grad_fn=<SumBackward0>)
LOSS: 0.1557888686656952
PPO-LOSS: 0.15586845576763153
tensor(8.7173e-08, device='cuda:0', grad_fn=<SumBackward0>)
LOSS: 0.1541520357131958
PPO-LOSS: 0.15499642491340637
tensor(2.2830e-06, device='cuda:0', grad_fn=<SumBackward0>)
LOSS: 0.025167714804410934
PPO-LOSS: 0.15280084311962128
tensor(0.0176, device='cuda:0', grad_fn=<SumBackward0>)
LOSS: 0.0223179142922163
PPO-LOSS: 0.15200738608837128
tensor(0.0243, device='cuda:0', grad_fn=<SumBackward0>)
LOSS: 0.08362699300050735
PPO-LOSS: 0.1524721384048462
tensor(0.0017, device='cuda:0', grad_fn=<SumBackward0>)
LOSS: 0.15357188880443573
PPO-LOSS: 0.15357188880443573
tensor(0., device='cuda:0', grad_fn=<SumBackward0>)
LOSS: 0.15313474833965302
PPO-LOSS: 0.15313474833965302
tensor(0., device='cuda:0', grad_fn=<SumBackward0>)
LOSS: 0.1705678403377533
PPO-LOSS: 0.1705678403377533
tensor(0., device='cuda:0', grad_fn=<SumBackward0>)
LOSS: 0.024865947663784027
PPO-LOSS: 0.1677006483078003
tensor(0.0176, device='cuda:0', grad_fn=<SumBackward0>)
LOSS: 0.016864219680428505
PPO-LOSS: 0.16648316383361816
tensor(0.0534, device='cuda:0', grad_fn=<SumBackward0>)
LOSS: 0.02232777699828148
PPO-LOSS: 0.16672824323177338
tensor(0.0228, device='cuda:0', grad_fn=<SumBackward0>)
LOSS: 0.14597609639167786
PPO-LOSS: 0.16828368604183197
tensor(0.0002, device='cuda:0', grad_fn=<SumBackward0>)
LOSS: 0.16497382521629333
PPO-LOSS: 0.16817034780979156
tensor(1.0329e-05, device='cuda:0', grad_fn=<SumBackward0>)
LOSS: 0.1031351387500763
PPO-LOSS: 0.16656732559204102
tensor(0.0009, device='cuda:0', grad_fn=<SumBackward0>)
LOSS: 0.08701824396848679
PPO-LOSS: 0.16580340266227722
tensor(0.0012, device='cuda:0', grad_fn=<SumBackward0>)
LOSS: 0.16630415618419647
PPO-LOSS: 0.16632136702537537
tensor(7.1353e-09, device='cuda:0', grad_fn=<SumBackward0>)
LOSS: 0.1524442434310913
PPO-LOSS: 0.16528144478797913
tensor(4.5120e-05, device='cuda:0', grad_fn=<SumBackward0>)
LOSS: 0.035948656499385834
PPO-LOSS: 0.19444143772125244
tensor(0.0210, device='cuda:0', grad_fn=<SumBackward0>)
LOSS: 0.032221339643001556
PPO-LOSS: 0.19380304217338562
tensor(0.0216, device='cuda:0', grad_fn=<SumBackward0>)
LOSS: 0.15151771903038025
PPO-LOSS: 0.19464179873466492
tensor(0.0003, device='cuda:0', grad_fn=<SumBackward0>)
LOSS: 0.16770786046981812
PPO-LOSS: 0.19459371268749237
tensor(0.0002, device='cuda:0', grad_fn=<SumBackward0>)
LOSS: 0.03662247583270073
PPO-LOSS: 0.1929294914007187
tensor(0.0147, device='cuda:0', grad_fn=<SumBackward0>)
LOSS: 0.05059177055954933
PPO-LOSS: 0.1927611231803894
tensor(0.0073, device='cuda:0', grad_fn=<SumBackward0>)
LOSS: 0.18056893348693848
PPO-LOSS: 0.19397340714931488
tensor(7.7465e-05, device='cuda:0', grad_fn=<SumBackward0>)
LOSS: 0.18449510633945465
PPO-LOSS: 0.19334152340888977
tensor(4.4359e-05, device='cuda:0', grad_fn=<SumBackward0>)
LOSS: 0.07662294805049896
PPO-LOSS: 0.19101670384407043
tensor(0.0036, device='cuda:0', grad_fn=<SumBackward0>)
LOSS: 0.0900367796421051
PPO-LOSS: 0.1904371827840805
tensor(0.0024, device='cuda:0', grad_fn=<SumBackward0>)
LOSS: 0.20367585122585297
PPO-LOSS: 0.20367585122585297
tensor(0., device='cuda:0', grad_fn=<SumBackward0>)
LOSS: 0.20273394882678986
PPO-LOSS: 0.20273394882678986
tensor(0., device='cuda:0', grad_fn=<SumBackward0>)
LOSS: 0.08303678780794144
PPO-LOSS: 0.19962912797927856
tensor(0.0020, device='cuda:0', grad_fn=<SumBackward0>)
LOSS: 0.09564362466335297
PPO-LOSS: 0.1985057145357132
tensor(0.0015, device='cuda:0', grad_fn=<SumBackward0>)
LOSS: 0.19913074374198914
PPO-LOSS: 0.19913074374198914
tensor(0., device='cuda:0', grad_fn=<SumBackward0>)
LOSS: 0.1973286122083664
PPO-LOSS: 0.19769184291362762
tensor(7.0714e-07, device='cuda:0', grad_fn=<SumBackward0>)
LOSS: 0.0333637110888958
PPO-LOSS: 0.1944241225719452
tensor(0.0200, device='cuda:0', grad_fn=<SumBackward0>)
LOSS: 0.031114976853132248
PPO-LOSS: 0.19440197944641113
tensor(0.0245, device='cuda:0', grad_fn=<SumBackward0>)
LOSS: 0.16633881628513336
PPO-LOSS: 0.19762453436851501
tensor(0.0002, device='cuda:0', grad_fn=<SumBackward0>)
LOSS: 0.19744840264320374
PPO-LOSS: 0.19744840264320374
tensor(0., device='cuda:0', grad_fn=<SumBackward0>)
LOSS: 0.22884778678417206
PPO-LOSS: 0.26000121235847473
tensor(0.0001, device='cuda:0', grad_fn=<SumBackward0>)
LOSS: 0.026508191600441933
PPO-LOSS: 0.25581878423690796
tensor(0.0504, device='cuda:0', grad_fn=<SumBackward0>)
LOSS: 0.02309167943894863
PPO-LOSS: 0.25493666529655457
tensor(0.0685, device='cuda:0', grad_fn=<SumBackward0>)
LOSS: 0.061380885541439056
PPO-LOSS: 0.25686609745025635
tensor(0.0083, device='cuda:0', grad_fn=<SumBackward0>)
LOSS: 0.26154497265815735
PPO-LOSS: 0.26154497265815735
tensor(0., device='cuda:0', grad_fn=<SumBackward0>)
LOSS: 0.2632952332496643
PPO-LOSS: 0.2632952332496643
tensor(0., device='cuda:0', grad_fn=<SumBackward0>)
LOSS: 0.26166003942489624
PPO-LOSS: 0.26166003942489624
tensor(0., device='cuda:0', grad_fn=<SumBackward0>)
LOSS: 0.24952061474323273
PPO-LOSS: 0.2577986717224121
tensor(4.0356e-05, device='cuda:0', grad_fn=<SumBackward0>)
LOSS: 0.022630423307418823
PPO-LOSS: 0.2525273263454437
tensor(0.0704, device='cuda:0', grad_fn=<SumBackward0>)
LOSS: 0.018183929845690727
PPO-LOSS: 0.2506694197654724
tensor(0.1838, device='cuda:0', grad_fn=<SumBackward0>)
Directory created: tests/PPOL/models/mini-grid/mlgxflqc
LOSS: 0.016614407300949097
PPO-LOSS: 0.19846472144126892
tensor(0.1102, device='cuda:0', grad_fn=<SumBackward0>)
LOSS: 0.06974712014198303
PPO-LOSS: 0.20093804597854614
tensor(0.0048, device='cuda:0', grad_fn=<SumBackward0>)
LOSS: 0.20532752573490143
PPO-LOSS: 0.20532752573490143
tensor(0., device='cuda:0', grad_fn=<SumBackward0>)
LOSS: 0.20693546533584595
PPO-LOSS: 0.20693546533584595
tensor(0., device='cuda:0', grad_fn=<SumBackward0>)
LOSS: 0.2057773917913437
PPO-LOSS: 0.2057773917913437
tensor(0., device='cuda:0', grad_fn=<SumBackward0>)
LOSS: 0.19399693608283997
PPO-LOSS: 0.20209600031375885
tensor(5.9292e-05, device='cuda:0', grad_fn=<SumBackward0>)
LOSS: 0.023706944659352303
PPO-LOSS: 0.19628022611141205
tensor(0.0550, device='cuda:0', grad_fn=<SumBackward0>)
LOSS: 0.017598649486899376
PPO-LOSS: 0.1935083270072937
tensor(0.1723, device='cuda:0', grad_fn=<SumBackward0>)
LOSS: 0.018741948530077934
PPO-LOSS: 0.19335313141345978
tensor(0.1221, device='cuda:0', grad_fn=<SumBackward0>)
LOSS: 0.05167297273874283
PPO-LOSS: 0.19554972648620605
tensor(0.0086, device='cuda:0', grad_fn=<SumBackward0>)
LOSS: 0.22045859694480896
PPO-LOSS: 0.22045859694480896
tensor(0., device='cuda:0', grad_fn=<SumBackward0>)
LOSS: 0.22202527523040771
PPO-LOSS: 0.22202527523040771
tensor(0., device='cuda:0', grad_fn=<SumBackward0>)
LOSS: 0.22089318931102753
PPO-LOSS: 0.22089318931102753
tensor(0., device='cuda:0', grad_fn=<SumBackward0>)
LOSS: 0.21735608577728271
PPO-LOSS: 0.21735608577728271
tensor(0., device='cuda:0', grad_fn=<SumBackward0>)
LOSS: 0.1660260409116745
PPO-LOSS: 0.2120322585105896
tensor(0.0004, device='cuda:0', grad_fn=<SumBackward0>)
LOSS: 0.01645982638001442
PPO-LOSS: 0.20628099143505096
tensor(0.2858, device='cuda:0', grad_fn=<SumBackward0>)
LOSS: 0.019603662192821503
PPO-LOSS: 0.20355254411697388
tensor(0.7300, device='cuda:0', grad_fn=<SumBackward0>)
LOSS: 0.020175442099571228
PPO-LOSS: 0.20342469215393066
tensor(0.8020, device='cuda:0', grad_fn=<SumBackward0>)
LOSS: 0.017719967290759087
PPO-LOSS: 0.2056843489408493
tensor(0.4653, device='cuda:0', grad_fn=<SumBackward0>)
LOSS: 0.021151665598154068
PPO-LOSS: 0.21007966995239258
tensor(0.0642, device='cuda:0', grad_fn=<SumBackward0>)
LOSS: 0.27048254013061523
PPO-LOSS: 0.27048254013061523
tensor(0., device='cuda:0', grad_fn=<SumBackward0>)
LOSS: 0.2732377350330353
PPO-LOSS: 0.2732377350330353
tensor(0., device='cuda:0', grad_fn=<SumBackward0>)
LOSS: 0.27291983366012573
PPO-LOSS: 0.27291983366012573
tensor(0., device='cuda:0', grad_fn=<SumBackward0>)
LOSS: 0.2697986960411072
PPO-LOSS: 0.2697986960411072
tensor(0., device='cuda:0', grad_fn=<SumBackward0>)
LOSS: 0.11638414859771729
PPO-LOSS: 0.26414433121681213
tensor(0.0037, device='cuda:0', grad_fn=<SumBackward0>)
LOSS: 0.05951869860291481
PPO-LOSS: 0.26153263449668884
tensor(0.0149, device='cuda:0', grad_fn=<SumBackward0>)
LOSS: 0.16669899225234985
PPO-LOSS: 0.26190680265426636
tensor(0.0010, device='cuda:0', grad_fn=<SumBackward0>)
LOSS: 0.2547426223754883
PPO-LOSS: 0.26317906379699707
tensor(4.3085e-05, device='cuda:0', grad_fn=<SumBackward0>)
LOSS: 0.05660925433039665
PPO-LOSS: 0.2615669071674347
tensor(0.0141, device='cuda:0', grad_fn=<SumBackward0>)
LOSS: 0.08273515850305557
PPO-LOSS: 0.2622748613357544
tensor(0.0071, device='cuda:0', grad_fn=<SumBackward0>)
LOSS: 0.26420673727989197
PPO-LOSS: 0.26420673727989197
tensor(0., device='cuda:0', grad_fn=<SumBackward0>)
LOSS: 0.2631901502609253
PPO-LOSS: 0.2631901502609253
tensor(0., device='cuda:0', grad_fn=<SumBackward0>)
LOSS: 0.24049721658229828
PPO-LOSS: 0.2591542601585388
tensor(0.0001, device='cuda:0', grad_fn=<SumBackward0>)
LOSS: 0.01902882196009159
PPO-LOSS: 0.2523820102214813
tensor(0.1730, device='cuda:0', grad_fn=<SumBackward0>)
LOSS: 0.019124651327729225
PPO-LOSS: 0.24921579658985138
tensor(0.3907, device='cuda:0', grad_fn=<SumBackward0>)
LOSS: 0.01956815831363201
PPO-LOSS: 0.24927057325839996
tensor(0.2897, device='cuda:0', grad_fn=<SumBackward0>)
LOSS: 0.03236434608697891
PPO-LOSS: 0.25226137042045593
tensor(0.0528, device='cuda:0', grad_fn=<SumBackward0>)
LOSS: 0.257865846157074
PPO-LOSS: 0.257865846157074
tensor(0., device='cuda:0', grad_fn=<SumBackward0>)
LOSS: 0.25971728563308716
PPO-LOSS: 0.25971728563308716
tensor(0., device='cuda:0', grad_fn=<SumBackward0>)
LOSS: 0.2598315179347992
PPO-LOSS: 0.2598315179347992
tensor(0., device='cuda:0', grad_fn=<SumBackward0>)
LOSS: 0.2318967580795288
PPO-LOSS: 0.23234787583351135
tensor(1.0323e-06, device='cuda:0', grad_fn=<SumBackward0>)
LOSS: 0.03178590163588524
PPO-LOSS: 0.22616352140903473
tensor(0.0334, device='cuda:0', grad_fn=<SumBackward0>)
LOSS: 0.018344521522521973
PPO-LOSS: 0.22339697182178497
tensor(0.1224, device='cuda:0', grad_fn=<SumBackward0>)
LOSS: 0.020717602223157883
PPO-LOSS: 0.22377504408359528
tensor(0.0650, device='cuda:0', grad_fn=<SumBackward0>)
LOSS: 0.1839708834886551
PPO-LOSS: 0.22702603042125702
tensor(0.0004, device='cuda:0', grad_fn=<SumBackward0>)
LOSS: 0.22095522284507751
PPO-LOSS: 0.2269466519355774
tensor(2.8616e-05, device='cuda:0', grad_fn=<SumBackward0>)
LOSS: 0.058886367827653885
PPO-LOSS: 0.22372935712337494
tensor(0.0064, device='cuda:0', grad_fn=<SumBackward0>)
LOSS: 0.1242566853761673
PPO-LOSS: 0.2233588844537735
tensor(0.0013, device='cuda:0', grad_fn=<SumBackward0>)
LOSS: 0.22403183579444885
PPO-LOSS: 0.22441533207893372
tensor(1.2256e-06, device='cuda:0', grad_fn=<SumBackward0>)
LOSS: 0.1563696265220642
PPO-LOSS: 0.22250451147556305
tensor(0.0006, device='cuda:0', grad_fn=<SumBackward0>)
LOSS: 0.07257692515850067
PPO-LOSS: 0.31220951676368713
tensor(0.0143, device='cuda:0', grad_fn=<SumBackward0>)
LOSS: 0.17682206630706787
PPO-LOSS: 0.31316643953323364
tensor(0.0012, device='cuda:0', grad_fn=<SumBackward0>)
LOSS: 0.3155314028263092
PPO-LOSS: 0.3155314028263092
tensor(0., device='cuda:0', grad_fn=<SumBackward0>)
LOSS: 0.3128815293312073
PPO-LOSS: 0.3140047490596771
tensor(4.7776e-06, device='cuda:0', grad_fn=<SumBackward0>)
LOSS: 0.036781005561351776
PPO-LOSS: 0.30899864435195923
tensor(0.0550, device='cuda:0', grad_fn=<SumBackward0>)
LOSS: 0.031767431646585464
PPO-LOSS: 0.30760136246681213
tensor(0.0923, device='cuda:0', grad_fn=<SumBackward0>)
LOSS: 0.061094872653484344
PPO-LOSS: 0.30950599908828735
tensor(0.0231, device='cuda:0', grad_fn=<SumBackward0>)
LOSS: 0.31423038244247437
PPO-LOSS: 0.31423038244247437
tensor(0., device='cuda:0', grad_fn=<SumBackward0>)
LOSS: 0.3147982656955719
PPO-LOSS: 0.3147982656955719
tensor(0., device='cuda:0', grad_fn=<SumBackward0>)
LOSS: 0.3114166259765625
PPO-LOSS: 0.3114166259765625
tensor(0., device='cuda:0', grad_fn=<SumBackward0>)
LOSS: 0.12866289913654327
PPO-LOSS: 0.4445437788963318
tensor(0.0108, device='cuda:0', grad_fn=<SumBackward0>)
LOSS: 0.05931781977415085
PPO-LOSS: 0.4418330490589142
tensor(0.0319, device='cuda:0', grad_fn=<SumBackward0>)
LOSS: 0.16339647769927979
PPO-LOSS: 0.443555623292923
tensor(0.0045, device='cuda:0', grad_fn=<SumBackward0>)
LOSS: 0.44892334938049316
PPO-LOSS: 0.44892334938049316
tensor(0., device='cuda:0', grad_fn=<SumBackward0>)
LOSS: 0.4494408965110779
PPO-LOSS: 0.4494408965110779
tensor(0., device='cuda:0', grad_fn=<SumBackward0>)
LOSS: 0.44561126828193665
PPO-LOSS: 0.44561126828193665
tensor(0., device='cuda:0', grad_fn=<SumBackward0>)
LOSS: 0.07314541935920715
PPO-LOSS: 0.4380261301994324
tensor(0.0181, device='cuda:0', grad_fn=<SumBackward0>)
LOSS: 0.03713503107428551
PPO-LOSS: 0.43513134121894836
tensor(0.0648, device='cuda:0', grad_fn=<SumBackward0>)
LOSS: 0.0780327171087265
PPO-LOSS: 0.4364687204360962
tensor(0.0143, device='cuda:0', grad_fn=<SumBackward0>)
LOSS: 0.43706902861595154
PPO-LOSS: 0.4416743516921997
tensor(1.3261e-05, device='cuda:0', grad_fn=<SumBackward0>)
LOSS: 0.29985955357551575
PPO-LOSS: 0.29985955357551575
tensor(0., device='cuda:0', grad_fn=<SumBackward0>)
LOSS: 0.2931995987892151
PPO-LOSS: 0.2967888116836548
tensor(7.6582e-06, device='cuda:0', grad_fn=<SumBackward0>)
LOSS: 0.027572540566325188
PPO-LOSS: 0.2905551791191101
tensor(0.0560, device='cuda:0', grad_fn=<SumBackward0>)
LOSS: 0.02133842743933201
PPO-LOSS: 0.28851035237312317
tensor(0.1245, device='cuda:0', grad_fn=<SumBackward0>)
LOSS: 0.03514551371335983
PPO-LOSS: 0.29040056467056274
tensor(0.0274, device='cuda:0', grad_fn=<SumBackward0>)
LOSS: 0.2957008481025696
PPO-LOSS: 0.2957008481025696
tensor(0., device='cuda:0', grad_fn=<SumBackward0>)
LOSS: 0.29662153124809265
PPO-LOSS: 0.29662153124809265
tensor(0., device='cuda:0', grad_fn=<SumBackward0>)
LOSS: 0.2910577356815338
PPO-LOSS: 0.29372546076774597
tensor(9.1743e-06, device='cuda:0', grad_fn=<SumBackward0>)
LOSS: 0.05628395080566406
PPO-LOSS: 0.28830021619796753
tensor(0.0166, device='cuda:0', grad_fn=<SumBackward0>)
LOSS: 0.04122581705451012
PPO-LOSS: 0.28770408034324646
tensor(0.0324, device='cuda:0', grad_fn=<SumBackward0>)
LOSS: 0.15591463446617126
PPO-LOSS: 0.3392869830131531
tensor(0.0035, device='cuda:0', grad_fn=<SumBackward0>)
LOSS: 0.3426734507083893
PPO-LOSS: 0.3426734507083893
tensor(0., device='cuda:0', grad_fn=<SumBackward0>)
LOSS: 0.3410666584968567
PPO-LOSS: 0.3410666584968567
tensor(0., device='cuda:0', grad_fn=<SumBackward0>)
LOSS: 0.14644217491149902
PPO-LOSS: 0.3358408510684967
tensor(0.0021, device='cuda:0', grad_fn=<SumBackward0>)
LOSS: 0.16719438135623932
PPO-LOSS: 0.33662134408950806
tensor(0.0015, device='cuda:0', grad_fn=<SumBackward0>)
LOSS: 0.338826060295105
PPO-LOSS: 0.338944673538208
tensor(8.1840e-08, device='cuda:0', grad_fn=<SumBackward0>)
LOSS: 0.3126364052295685
PPO-LOSS: 0.336346834897995
tensor(0.0001, device='cuda:0', grad_fn=<SumBackward0>)
LOSS: 0.039722707122564316
PPO-LOSS: 0.33008840680122375
tensor(0.0396, device='cuda:0', grad_fn=<SumBackward0>)
LOSS: 0.03898903727531433
PPO-LOSS: 0.32954245805740356
tensor(0.0522, device='cuda:0', grad_fn=<SumBackward0>)
LOSS: 0.15464651584625244
PPO-LOSS: 0.33364731073379517
tensor(0.0023, device='cuda:0', grad_fn=<SumBackward0>)
LOSS: 0.29919135570526123
PPO-LOSS: 0.29919135570526123
tensor(0., device='cuda:0', grad_fn=<SumBackward0>)
LOSS: 0.2999570965766907
PPO-LOSS: 0.2999570965766907
tensor(0., device='cuda:0', grad_fn=<SumBackward0>)
LOSS: 0.2969703674316406
PPO-LOSS: 0.2969703674316406
slurmstepd: error: *** STEP 185641.0 ON vae.ist.berkeley.edu CANCELLED AT 2024-04-16T20:27:25 ***
slurmstepd: error: *** JOB 185641 ON vae.ist.berkeley.edu CANCELLED AT 2024-04-16T20:27:25 ***
