wandb: Tracking run with wandb version 0.14.2
wandb: W&B syncing is set to `offline` in this directory.  
wandb: Run `wandb online` or set WANDB_MODE=online to enable cloud syncing.
wandb: Tracking run with wandb version 0.14.2
wandb: W&B syncing is set to `offline` in this directory.  
wandb: Run `wandb online` or set WANDB_MODE=online to enable cloud syncing.
wandb: Tracking run with wandb version 0.14.2
wandb: W&B syncing is set to `offline` in this directory.  
wandb: Run `wandb online` or set WANDB_MODE=online to enable cloud syncing.
True
0
NVIDIA A100 80GB PCIe
tensor([[[1.0000, 1.0000],
         [1.0000, 1.0000],
         [1.0000, 1.0000],
         [1.0000, 1.0000],
         [1.0000, 1.0000],
         [0.7273, 0.0000],
         [0.5433, 0.0000],
         [0.5434, 0.0000],
         [0.4470, 0.0000],
         [0.4639, 0.0000],
         [0.3605, 0.0000],
         [0.3785, 0.0000],
         [0.3931, 0.0000],
         [0.2800, 0.0000],
         [0.3007, 0.0000],
         [0.3250, 0.0000],
         [0.3577, 0.0000],
         [0.3709, 0.0000],
         [0.2210, 0.0000],
         [0.2490, 0.0000],
         [0.2966, 0.0000],
         [0.3355, 0.0000],
         [0.3309, 0.0000],
         [0.3276, 0.0000],
         [0.3256, 0.0000],
         [0.2000, 0.0000],
         [0.3256, 0.0000],
         [0.3276, 0.0000],
         [0.3309, 0.0000],
         [0.3355, 0.0000],
         [0.2966, 0.0000],
         [0.2490, 0.0000],
         [0.2210, 0.0000],
         [0.3709, 0.0000],
         [0.3577, 0.0000],
         [0.3250, 0.0000],
         [0.3007, 0.0000],
         [0.2800, 0.0000],
         [0.3931, 0.0000],
         [0.3785, 0.0000],
         [0.3605, 0.0000],
         [0.4639, 0.0000],
         [0.4470, 0.0000],
         [0.5434, 0.0000],
         [0.5433, 0.0000],
         [0.7273, 0.0000],
         [1.0000, 1.0000],
         [1.0000, 1.0000],
         [1.0000, 1.0000],
         [1.0000, 1.0000],
         [1.0000, 1.0000],
         [1.0000, 1.0000],
         [1.0000, 1.0000],
         [1.0000, 1.0000],
         [1.0000, 1.0000],
         [0.7273, 0.0000],
         [0.5433, 0.0000],
         [0.5434, 0.0000],
         [0.4470, 0.0000],
         [0.4639, 0.0000],
         [0.3605, 0.0000],
         [0.3785, 0.0000],
         [0.3931, 0.0000],
         [0.2800, 0.0000],
         [0.3007, 0.0000],
         [0.3250, 0.0000],
         [0.3577, 0.0000],
         [0.3709, 0.0000],
         [0.2210, 0.0000],
         [0.2490, 0.0000],
         [0.2966, 0.0000],
         [0.3355, 0.0000],
         [0.3309, 0.0000],
         [0.3276, 0.0000],
         [0.3256, 0.0000],
         [0.2000, 0.0000],
         [0.3256, 0.0000],
         [0.3276, 0.0000],
         [0.3309, 0.0000],
         [0.3355, 0.0000],
         [0.2966, 0.0000],
         [0.2490, 0.0000],
         [0.2210, 0.0000],
         [0.3709, 0.0000],
         [0.3577, 0.0000],
         [0.3250, 0.0000],
         [0.3007, 0.0000],
         [0.2800, 0.0000],
         [0.3931, 0.0000],
         [0.3785, 0.0000],
         [0.3605, 0.0000],
         [0.4639, 0.0000],
         [0.4470, 0.0000],
         [0.5434, 0.0000],
         [0.5433, 0.0000],
         [0.7273, 0.0000],
         [1.0000, 1.0000],
         [1.0000, 1.0000],
         [1.0000, 1.0000],
         [1.0000, 1.0000]]], device='cuda:0')
tensor([[[1.0000, 1.0000, 1.0000, 1.0000, 1.0000, 0.7273, 0.5433, 0.5434,
          0.4470, 0.4639, 0.3605, 0.3785, 0.3931, 0.2800, 0.3007, 0.3250,
          0.3577, 0.3709, 0.2210, 0.2490, 0.2966, 0.3355, 0.3309, 0.3276,
          0.3256, 0.2000, 0.3256, 0.3276, 0.3309, 0.3355, 0.2966, 0.2490,
          0.2210, 0.3709, 0.3577, 0.3250, 0.3007, 0.2800, 0.3931, 0.3785,
          0.3605, 0.4639, 0.4470, 0.5434, 0.5433, 0.7273, 1.0000, 1.0000,
          1.0000, 1.0000, 1.0000, 1.0000, 1.0000, 1.0000, 1.0000, 0.7273,
          0.5433, 0.5434, 0.4470, 0.4639, 0.3605, 0.3785, 0.3931, 0.2800,
          0.3007, 0.3250, 0.3577, 0.3709, 0.2210, 0.2490, 0.2966, 0.3355,
          0.3309, 0.3276, 0.3256, 0.2000, 0.3256, 0.3276, 0.3309, 0.3355,
          0.2966, 0.2490, 0.2210, 0.3709, 0.3577, 0.3250, 0.3007, 0.2800,
          0.3931, 0.3785, 0.3605, 0.4639, 0.4470, 0.5434, 0.5433, 0.7273,
          1.0000, 1.0000, 1.0000, 1.0000],
         [1.0000, 1.0000, 1.0000, 1.0000, 1.0000, 0.0000, 0.0000, 0.0000,
          0.0000, 0.0000, 0.0000, 0.0000, 0.0000, 0.0000, 0.0000, 0.0000,
          0.0000, 0.0000, 0.0000, 0.0000, 0.0000, 0.0000, 0.0000, 0.0000,
          0.0000, 0.0000, 0.0000, 0.0000, 0.0000, 0.0000, 0.0000, 0.0000,
          0.0000, 0.0000, 0.0000, 0.0000, 0.0000, 0.0000, 0.0000, 0.0000,
          0.0000, 0.0000, 0.0000, 0.0000, 0.0000, 0.0000, 1.0000, 1.0000,
          1.0000, 1.0000, 1.0000, 1.0000, 1.0000, 1.0000, 1.0000, 0.0000,
          0.0000, 0.0000, 0.0000, 0.0000, 0.0000, 0.0000, 0.0000, 0.0000,
          0.0000, 0.0000, 0.0000, 0.0000, 0.0000, 0.0000, 0.0000, 0.0000,
          0.0000, 0.0000, 0.0000, 0.0000, 0.0000, 0.0000, 0.0000, 0.0000,
          0.0000, 0.0000, 0.0000, 0.0000, 0.0000, 0.0000, 0.0000, 0.0000,
          0.0000, 0.0000, 0.0000, 0.0000, 0.0000, 0.0000, 0.0000, 0.0000,
          1.0000, 1.0000, 1.0000, 1.0000]]], device='cuda:0')
wandb: Waiting for W&B process to finish... (success).
wandb: You can sync this run to the cloud by running:
wandb: wandb sync /nas/ucb/mason/ethically-compliant-rl/wandb/offline-run-20240323_232801-jbjqfara
wandb: Find logs at: ./wandb/offline-run-20240323_232801-jbjqfara/logs
True
0
NVIDIA A100-SXM4-80GB
tensor([[[1.0000, 1.0000],
         [1.0000, 1.0000],
         [1.0000, 1.0000],
         [1.0000, 1.0000],
         [1.0000, 1.0000],
         [0.7273, 0.0000],
         [0.5433, 0.0000],
         [0.5434, 0.0000],
         [0.4470, 0.0000],
         [0.4639, 0.0000],
         [0.3605, 0.0000],
         [0.3785, 0.0000],
         [0.3931, 0.0000],
         [0.2800, 0.0000],
         [0.3007, 0.0000],
         [0.3250, 0.0000],
         [0.3577, 0.0000],
         [0.3709, 0.0000],
         [0.2210, 0.0000],
         [0.2490, 0.0000],
         [0.2966, 0.0000],
         [0.3355, 0.0000],
         [0.3309, 0.0000],
         [0.3276, 0.0000],
         [0.3256, 0.0000],
         [0.2000, 0.0000],
         [0.3256, 0.0000],
         [0.3276, 0.0000],
         [0.3309, 0.0000],
         [0.3355, 0.0000],
         [0.2966, 0.0000],
         [0.2490, 0.0000],
         [0.2210, 0.0000],
         [0.3709, 0.0000],
         [0.3577, 0.0000],
         [0.3250, 0.0000],
         [0.3007, 0.0000],
         [0.2800, 0.0000],
         [0.3931, 0.0000],
         [0.3785, 0.0000],
         [0.3605, 0.0000],
         [0.4639, 0.0000],
         [0.4470, 0.0000],
         [0.5434, 0.0000],
         [0.5433, 0.0000],
         [0.7273, 0.0000],
         [1.0000, 1.0000],
         [1.0000, 1.0000],
         [1.0000, 1.0000],
         [1.0000, 1.0000],
         [1.0000, 1.0000],
         [1.0000, 1.0000],
         [1.0000, 1.0000],
         [1.0000, 1.0000],
         [1.0000, 1.0000],
         [0.7273, 0.0000],
         [0.5433, 0.0000],
         [0.5434, 0.0000],
         [0.4470, 0.0000],
         [0.4639, 0.0000],
         [0.3605, 0.0000],
         [0.3785, 0.0000],
         [0.3931, 0.0000],
         [0.2800, 0.0000],
         [0.3007, 0.0000],
         [0.3250, 0.0000],
         [0.3577, 0.0000],
         [0.3709, 0.0000],
         [0.2210, 0.0000],
         [0.2490, 0.0000],
         [0.2966, 0.0000],
         [0.3355, 0.0000],
         [0.3309, 0.0000],
         [0.3276, 0.0000],
         [0.3256, 0.0000],
         [0.2000, 0.0000],
         [0.3256, 0.0000],
         [0.3276, 0.0000],
         [0.3309, 0.0000],
         [0.3355, 0.0000],
         [0.2966, 0.0000],
         [0.2490, 0.0000],
         [0.2210, 0.0000],
         [0.3709, 0.0000],
         [0.3577, 0.0000],
         [0.3250, 0.0000],
         [0.3007, 0.0000],
         [0.2800, 0.0000],
         [0.3931, 0.0000],
         [0.3785, 0.0000],
         [0.3605, 0.0000],
         [0.4639, 0.0000],
         [0.4470, 0.0000],
         [0.5434, 0.0000],
         [0.5433, 0.0000],
         [0.7273, 0.0000],
         [1.0000, 1.0000],
         [1.0000, 1.0000],
         [1.0000, 1.0000],
         [1.0000, 1.0000]]], device='cuda:0')
tensor([[[1.0000, 1.0000, 1.0000, 1.0000, 1.0000, 0.7273, 0.5433, 0.5434,
          0.4470, 0.4639, 0.3605, 0.3785, 0.3931, 0.2800, 0.3007, 0.3250,
          0.3577, 0.3709, 0.2210, 0.2490, 0.2966, 0.3355, 0.3309, 0.3276,
          0.3256, 0.2000, 0.3256, 0.3276, 0.3309, 0.3355, 0.2966, 0.2490,
          0.2210, 0.3709, 0.3577, 0.3250, 0.3007, 0.2800, 0.3931, 0.3785,
          0.3605, 0.4639, 0.4470, 0.5434, 0.5433, 0.7273, 1.0000, 1.0000,
          1.0000, 1.0000, 1.0000, 1.0000, 1.0000, 1.0000, 1.0000, 0.7273,
          0.5433, 0.5434, 0.4470, 0.4639, 0.3605, 0.3785, 0.3931, 0.2800,
          0.3007, 0.3250, 0.3577, 0.3709, 0.2210, 0.2490, 0.2966, 0.3355,
          0.3309, 0.3276, 0.3256, 0.2000, 0.3256, 0.3276, 0.3309, 0.3355,
          0.2966, 0.2490, 0.2210, 0.3709, 0.3577, 0.3250, 0.3007, 0.2800,
          0.3931, 0.3785, 0.3605, 0.4639, 0.4470, 0.5434, 0.5433, 0.7273,
          1.0000, 1.0000, 1.0000, 1.0000],
         [1.0000, 1.0000, 1.0000, 1.0000, 1.0000, 0.0000, 0.0000, 0.0000,
          0.0000, 0.0000, 0.0000, 0.0000, 0.0000, 0.0000, 0.0000, 0.0000,
          0.0000, 0.0000, 0.0000, 0.0000, 0.0000, 0.0000, 0.0000, 0.0000,
          0.0000, 0.0000, 0.0000, 0.0000, 0.0000, 0.0000, 0.0000, 0.0000,
          0.0000, 0.0000, 0.0000, 0.0000, 0.0000, 0.0000, 0.0000, 0.0000,
          0.0000, 0.0000, 0.0000, 0.0000, 0.0000, 0.0000, 1.0000, 1.0000,
          1.0000, 1.0000, 1.0000, 1.0000, 1.0000, 1.0000, 1.0000, 0.0000,
          0.0000, 0.0000, 0.0000, 0.0000, 0.0000, 0.0000, 0.0000, 0.0000,
          0.0000, 0.0000, 0.0000, 0.0000, 0.0000, 0.0000, 0.0000, 0.0000,
          0.0000, 0.0000, 0.0000, 0.0000, 0.0000, 0.0000, 0.0000, 0.0000,
          0.0000, 0.0000, 0.0000, 0.0000, 0.0000, 0.0000, 0.0000, 0.0000,
          0.0000, 0.0000, 0.0000, 0.0000, 0.0000, 0.0000, 0.0000, 0.0000,
          1.0000, 1.0000, 1.0000, 1.0000]]], device='cuda:0')
wandb: Waiting for W&B process to finish... (success).
wandb: You can sync this run to the cloud by running:
wandb: wandb sync /nas/ucb/mason/ethically-compliant-rl/wandb/offline-run-20240323_232801-tjj650jo
wandb: Find logs at: ./wandb/offline-run-20240323_232801-tjj650jo/logs
True
0
NVIDIA RTX A6000
tensor([[[1.0000, 1.0000],
         [1.0000, 1.0000],
         [1.0000, 1.0000],
         [1.0000, 1.0000],
         [1.0000, 1.0000],
         [0.7273, 0.0000],
         [0.5433, 0.0000],
         [0.5434, 0.0000],
         [0.4470, 0.0000],
         [0.4639, 0.0000],
         [0.3605, 0.0000],
         [0.3785, 0.0000],
         [0.3931, 0.0000],
         [0.2800, 0.0000],
         [0.3007, 0.0000],
         [0.3250, 0.0000],
         [0.3577, 0.0000],
         [0.3709, 0.0000],
         [0.2210, 0.0000],
         [0.2490, 0.0000],
         [0.2966, 0.0000],
         [0.3355, 0.0000],
         [0.3309, 0.0000],
         [0.3276, 0.0000],
         [0.3256, 0.0000],
         [0.2000, 0.0000],
         [0.3256, 0.0000],
         [0.3276, 0.0000],
         [0.3309, 0.0000],
         [0.3355, 0.0000],
         [0.2966, 0.0000],
         [0.2490, 0.0000],
         [0.2210, 0.0000],
         [0.3709, 0.0000],
         [0.3577, 0.0000],
         [0.3250, 0.0000],
         [0.3007, 0.0000],
         [0.2800, 0.0000],
         [0.3931, 0.0000],
         [0.3785, 0.0000],
         [0.3605, 0.0000],
         [0.4639, 0.0000],
         [0.4470, 0.0000],
         [0.5434, 0.0000],
         [0.5433, 0.0000],
         [0.7273, 0.0000],
         [1.0000, 1.0000],
         [1.0000, 1.0000],
         [1.0000, 1.0000],
         [1.0000, 1.0000],
         [1.0000, 1.0000],
         [1.0000, 1.0000],
         [1.0000, 1.0000],
         [1.0000, 1.0000],
         [1.0000, 1.0000],
         [0.7273, 0.0000],
         [0.5433, 0.0000],
         [0.5434, 0.0000],
         [0.4470, 0.0000],
         [0.4639, 0.0000],
         [0.3605, 0.0000],
         [0.3785, 0.0000],
         [0.3931, 0.0000],
         [0.2800, 0.0000],
         [0.3007, 0.0000],
         [0.3250, 0.0000],
         [0.3577, 0.0000],
         [0.3709, 0.0000],
         [0.2210, 0.0000],
         [0.2490, 0.0000],
         [0.2966, 0.0000],
         [0.3355, 0.0000],
         [0.3309, 0.0000],
         [0.3276, 0.0000],
         [0.3256, 0.0000],
         [0.2000, 0.0000],
         [0.3256, 0.0000],
         [0.3276, 0.0000],
         [0.3309, 0.0000],
         [0.3355, 0.0000],
         [0.2966, 0.0000],
         [0.2490, 0.0000],
         [0.2210, 0.0000],
         [0.3709, 0.0000],
         [0.3577, 0.0000],
         [0.3250, 0.0000],
         [0.3007, 0.0000],
         [0.2800, 0.0000],
         [0.3931, 0.0000],
         [0.3785, 0.0000],
         [0.3605, 0.0000],
         [0.4639, 0.0000],
         [0.4470, 0.0000],
         [0.5434, 0.0000],
         [0.5433, 0.0000],
         [0.7273, 0.0000],
         [1.0000, 1.0000],
         [1.0000, 1.0000],
         [1.0000, 1.0000],
         [1.0000, 1.0000]]], device='cuda:0')
tensor([[[1.0000, 1.0000, 1.0000, 1.0000, 1.0000, 0.7273, 0.5433, 0.5434,
          0.4470, 0.4639, 0.3605, 0.3785, 0.3931, 0.2800, 0.3007, 0.3250,
          0.3577, 0.3709, 0.2210, 0.2490, 0.2966, 0.3355, 0.3309, 0.3276,
          0.3256, 0.2000, 0.3256, 0.3276, 0.3309, 0.3355, 0.2966, 0.2490,
          0.2210, 0.3709, 0.3577, 0.3250, 0.3007, 0.2800, 0.3931, 0.3785,
          0.3605, 0.4639, 0.4470, 0.5434, 0.5433, 0.7273, 1.0000, 1.0000,
          1.0000, 1.0000, 1.0000, 1.0000, 1.0000, 1.0000, 1.0000, 0.7273,
          0.5433, 0.5434, 0.4470, 0.4639, 0.3605, 0.3785, 0.3931, 0.2800,
          0.3007, 0.3250, 0.3577, 0.3709, 0.2210, 0.2490, 0.2966, 0.3355,
          0.3309, 0.3276, 0.3256, 0.2000, 0.3256, 0.3276, 0.3309, 0.3355,
          0.2966, 0.2490, 0.2210, 0.3709, 0.3577, 0.3250, 0.3007, 0.2800,
          0.3931, 0.3785, 0.3605, 0.4639, 0.4470, 0.5434, 0.5433, 0.7273,
          1.0000, 1.0000, 1.0000, 1.0000],
         [1.0000, 1.0000, 1.0000, 1.0000, 1.0000, 0.0000, 0.0000, 0.0000,
          0.0000, 0.0000, 0.0000, 0.0000, 0.0000, 0.0000, 0.0000, 0.0000,
          0.0000, 0.0000, 0.0000, 0.0000, 0.0000, 0.0000, 0.0000, 0.0000,
          0.0000, 0.0000, 0.0000, 0.0000, 0.0000, 0.0000, 0.0000, 0.0000,
          0.0000, 0.0000, 0.0000, 0.0000, 0.0000, 0.0000, 0.0000, 0.0000,
          0.0000, 0.0000, 0.0000, 0.0000, 0.0000, 0.0000, 1.0000, 1.0000,
          1.0000, 1.0000, 1.0000, 1.0000, 1.0000, 1.0000, 1.0000, 0.0000,
          0.0000, 0.0000, 0.0000, 0.0000, 0.0000, 0.0000, 0.0000, 0.0000,
          0.0000, 0.0000, 0.0000, 0.0000, 0.0000, 0.0000, 0.0000, 0.0000,
          0.0000, 0.0000, 0.0000, 0.0000, 0.0000, 0.0000, 0.0000, 0.0000,
          0.0000, 0.0000, 0.0000, 0.0000, 0.0000, 0.0000, 0.0000, 0.0000,
          0.0000, 0.0000, 0.0000, 0.0000, 0.0000, 0.0000, 0.0000, 0.0000,
          1.0000, 1.0000, 1.0000, 1.0000]]], device='cuda:0')
wandb: Waiting for W&B process to finish... (success).
wandb: You can sync this run to the cloud by running:
wandb: wandb sync /nas/ucb/mason/ethically-compliant-rl/wandb/offline-run-20240323_162802-po5broqo
wandb: Find logs at: ./wandb/offline-run-20240323_162802-po5broqo/logs
