wandb: Currently logged in as: mason-nakamura1 (ecrl). Use `wandb login --relogin` to force relogin
wandb: Currently logged in as: mason-nakamura1 (ecrl). Use `wandb login --relogin` to force relogin
wandb: Currently logged in as: mason-nakamura1 (ecrl). Use `wandb login --relogin` to force relogin
wandb: Currently logged in as: mason-nakamura1 (ecrl). Use `wandb login --relogin` to force relogin
wandb: wandb version 0.16.1 is available!  To upgrade, please run:
wandb:  $ pip install wandb --upgrade
wandb: Tracking run with wandb version 0.14.2
wandb: Run data is saved locally in /nas/ucb/mason/ethically-compliant-rl/wandb/run-20231230_021010-8i7zxhka
wandb: Run `wandb offline` to turn off syncing.
wandb: Syncing run ppol-highway-parking
wandb: ⭐️ View project at https://wandb.ai/ecrl/New-PPOL-SpeedLimit%3D100
wandb: 🚀 View run at https://wandb.ai/ecrl/New-PPOL-SpeedLimit%3D100/runs/8i7zxhka
wandb: wandb version 0.16.1 is available!  To upgrade, please run:
wandb:  $ pip install wandb --upgrade
wandb: Tracking run with wandb version 0.14.2
wandb: Run data is saved locally in /nas/ucb/mason/ethically-compliant-rl/wandb/run-20231229_181010-6zvlbe5k
wandb: Run `wandb offline` to turn off syncing.
wandb: Syncing run ppol-highway-parking
wandb: ⭐️ View project at https://wandb.ai/ecrl/New-PPOL-SpeedLimit%3D100
wandb: 🚀 View run at https://wandb.ai/ecrl/New-PPOL-SpeedLimit%3D100/runs/6zvlbe5k
wandb: wandb version 0.16.1 is available!  To upgrade, please run:
wandb:  $ pip install wandb --upgrade
wandb: Tracking run with wandb version 0.14.2
wandb: Run data is saved locally in /nas/ucb/mason/ethically-compliant-rl/wandb/run-20231229_181010-dsde6igk
wandb: Run `wandb offline` to turn off syncing.
wandb: Syncing run ppol-highway-parking
wandb: ⭐️ View project at https://wandb.ai/ecrl/New-PPOL-SpeedLimit%3D100
wandb: 🚀 View run at https://wandb.ai/ecrl/New-PPOL-SpeedLimit%3D100/runs/dsde6igk
wandb: wandb version 0.16.1 is available!  To upgrade, please run:
wandb:  $ pip install wandb --upgrade
wandb: Tracking run with wandb version 0.14.2
wandb: Run data is saved locally in /nas/ucb/mason/ethically-compliant-rl/wandb/run-20231229_181010-yy27xvim
wandb: Run `wandb offline` to turn off syncing.
wandb: Syncing run ppol-highway-parking
wandb: ⭐️ View project at https://wandb.ai/ecrl/New-PPOL-SpeedLimit%3D100
wandb: 🚀 View run at https://wandb.ai/ecrl/New-PPOL-SpeedLimit%3D100/runs/yy27xvim
Using cpu device
---------------------------------
| rollout/           |          |
|    ep_len_mean     | 1e+03    |
|    ep_rew_mean     | -986     |
| time/              |          |
|    fps             | 126      |
|    iterations      | 1        |
|    time_elapsed    | 16       |
|    total_timesteps | 2048     |
---------------------------------
Using cpu device
----------------------------------
| rollout/           |           |
|    ep_len_mean     | 1e+03     |
|    ep_rew_mean     | -1.12e+03 |
| time/              |           |
|    fps             | 119       |
|    iterations      | 1         |
|    time_elapsed    | 17        |
|    total_timesteps | 2048      |
----------------------------------
Using cpu device
----------------------------------
| rollout/           |           |
|    ep_len_mean     | 1e+03     |
|    ep_rew_mean     | -1.03e+03 |
| time/              |           |
|    fps             | 117       |
|    iterations      | 1         |
|    time_elapsed    | 17        |
|    total_timesteps | 2048      |
----------------------------------
Using cpu device
----------------------------------
| rollout/           |           |
|    ep_len_mean     | 1e+03     |
|    ep_rew_mean     | -1.22e+03 |
| time/              |           |
|    fps             | 117       |
|    iterations      | 1         |
|    time_elapsed    | 17        |
|    total_timesteps | 2048      |
----------------------------------
-------------------------------------------
| rollout/                 |              |
|    ep_len_mean           | 1e+03        |
|    ep_rew_mean           | -1.29e+03    |
| time/                    |              |
|    fps                   | 125          |
|    iterations            | 2            |
|    time_elapsed          | 32           |
|    total_timesteps       | 4096         |
| train/                   |              |
|    approx_kl             | 0.0058080545 |
|    clip_fraction         | 0.0251       |
|    clip_range            | 0.2          |
|    cost_returns          | -0.0203      |
|    cost_value_loss       | 0.0611       |
|    cost_values           | -0.025       |
|    entropy               | -2.84        |
|    entropy_loss          | -2.84        |
|    explained_variance    | 0.017        |
|    lagrangian_multiplier | 0.0621       |
|    learning_rate         | 0.0003       |
|    loss                  | 4.65         |
|    n_updates             | 10           |
|    policy_gradient_loss  | -0.00497     |
|    std                   | 1            |
|    value_loss            | 294          |
-------------------------------------------
------------------------------------------
| rollout/                 |             |
|    ep_len_mean           | 1e+03       |
|    ep_rew_mean           | -1.14e+03   |
| time/                    |             |
|    fps                   | 118         |
|    iterations            | 2           |
|    time_elapsed          | 34          |
|    total_timesteps       | 4096        |
| train/                   |             |
|    approx_kl             | 0.003903358 |
|    clip_fraction         | 0.0123      |
|    clip_range            | 0.2         |
|    cost_returns          | 0.0805      |
|    cost_value_loss       | 0.0775      |
|    cost_values           | 0.0977      |
|    entropy               | -2.84       |
|    entropy_loss          | -2.84       |
|    explained_variance    | 0.00472     |
|    lagrangian_multiplier | 0.0514      |
|    learning_rate         | 0.0003      |
|    loss                  | 6.84        |
|    n_updates             | 10          |
|    policy_gradient_loss  | -0.00351    |
|    std                   | 1           |
|    value_loss            | 388         |
------------------------------------------
------------------------------------------
| rollout/                 |             |
|    ep_len_mean           | 1e+03       |
|    ep_rew_mean           | -957        |
| time/                    |             |
|    fps                   | 117         |
|    iterations            | 2           |
|    time_elapsed          | 34          |
|    total_timesteps       | 4096        |
| train/                   |             |
|    approx_kl             | 0.003288711 |
|    clip_fraction         | 0.00981     |
|    clip_range            | 0.2         |
|    cost_returns          | 0.0684      |
|    cost_value_loss       | 0.214       |
|    cost_values           | 0.0862      |
|    entropy               | -2.85       |
|    entropy_loss          | -2.84       |
|    explained_variance    | 0.0388      |
|    lagrangian_multiplier | 0.0521      |
|    learning_rate         | 0.0003      |
|    loss                  | 6.33        |
|    n_updates             | 10          |
|    policy_gradient_loss  | -0.00225    |
|    std                   | 1.01        |
|    value_loss            | 338         |
------------------------------------------
-------------------------------------------
| rollout/                 |              |
|    ep_len_mean           | 1e+03        |
|    ep_rew_mean           | -1.23e+03    |
| time/                    |              |
|    fps                   | 117          |
|    iterations            | 2            |
|    time_elapsed          | 34           |
|    total_timesteps       | 4096         |
| train/                   |              |
|    approx_kl             | 0.0046086404 |
|    clip_fraction         | 0.0173       |
|    clip_range            | 0.2          |
|    cost_returns          | 0.24         |
|    cost_value_loss       | 0.117        |
|    cost_values           | 0.293        |
|    entropy               | -2.84        |
|    entropy_loss          | -2.84        |
|    explained_variance    | -0.0581      |
|    lagrangian_multiplier | 0.0508       |
|    learning_rate         | 0.0003       |
|    loss                  | 8.08         |
|    n_updates             | 10           |
|    policy_gradient_loss  | -0.00335     |
|    std                   | 1            |
|    value_loss            | 441          |
-------------------------------------------
-------------------------------------------
| rollout/                 |              |
|    ep_len_mean           | 1e+03        |
|    ep_rew_mean           | -1.18e+03    |
| time/                    |              |
|    fps                   | 125          |
|    iterations            | 3            |
|    time_elapsed          | 48           |
|    total_timesteps       | 6144         |
| train/                   |              |
|    approx_kl             | 0.0047619333 |
|    clip_fraction         | 0.0155       |
|    clip_range            | 0.2          |
|    cost_returns          | 0.111        |
|    cost_value_loss       | 0.0671       |
|    cost_values           | 0.134        |
|    entropy               | -2.85        |
|    entropy_loss          | -2.85        |
|    explained_variance    | -0.0158      |
|    lagrangian_multiplier | 0.0593       |
|    learning_rate         | 0.0003       |
|    loss                  | 12.9         |
|    n_updates             | 20           |
|    policy_gradient_loss  | -0.00398     |
|    std                   | 1.01         |
|    value_loss            | 798          |
-------------------------------------------
-------------------------------------------
| rollout/                 |              |
|    ep_len_mean           | 1e+03        |
|    ep_rew_mean           | -1.16e+03    |
| time/                    |              |
|    fps                   | 118          |
|    iterations            | 3            |
|    time_elapsed          | 51           |
|    total_timesteps       | 6144         |
| train/                   |              |
|    approx_kl             | 0.0037501443 |
|    clip_fraction         | 0.0153       |
|    clip_range            | 0.2          |
|    cost_returns          | 0.225        |
|    cost_value_loss       | 0.244        |
|    cost_values           | 0.268        |
|    entropy               | -2.83        |
|    entropy_loss          | -2.84        |
|    explained_variance    | -0.00282     |
|    lagrangian_multiplier | 0.0495       |
|    learning_rate         | 0.0003       |
|    loss                  | 8.01         |
|    n_updates             | 20           |
|    policy_gradient_loss  | -0.00273     |
|    std                   | 0.998        |
|    value_loss            | 449          |
-------------------------------------------
------------------------------------------
| rollout/                 |             |
|    ep_len_mean           | 1e+03       |
|    ep_rew_mean           | -1.12e+03   |
| time/                    |             |
|    fps                   | 117         |
|    iterations            | 3           |
|    time_elapsed          | 52          |
|    total_timesteps       | 6144        |
| train/                   |             |
|    approx_kl             | 0.003434728 |
|    clip_fraction         | 0.00552     |
|    clip_range            | 0.2         |
|    cost_returns          | 0.39        |
|    cost_value_loss       | 0.0607      |
|    cost_values           | 0.483       |
|    entropy               | -2.85       |
|    entropy_loss          | -2.85       |
|    explained_variance    | -0.0321     |
|    lagrangian_multiplier | 0.0431      |
|    learning_rate         | 0.0003      |
|    loss                  | 5.25        |
|    n_updates             | 20          |
|    policy_gradient_loss  | -0.00161    |
|    std                   | 1.01        |
|    value_loss            | 248         |
------------------------------------------
-------------------------------------------
| rollout/                 |              |
|    ep_len_mean           | 1e+03        |
|    ep_rew_mean           | -1.21e+03    |
| time/                    |              |
|    fps                   | 116          |
|    iterations            | 3            |
|    time_elapsed          | 52           |
|    total_timesteps       | 6144         |
| train/                   |              |
|    approx_kl             | 0.0041107563 |
|    clip_fraction         | 0.0111       |
|    clip_range            | 0.2          |
|    cost_returns          | 0.392        |
|    cost_value_loss       | 0.167        |
|    cost_values           | 0.469        |
|    entropy               | -2.84        |
|    entropy_loss          | -2.84        |
|    explained_variance    | -0.000234    |
|    lagrangian_multiplier | 0.0469       |
|    learning_rate         | 0.0003       |
|    loss                  | 9.26         |
|    n_updates             | 20           |
|    policy_gradient_loss  | -0.00285     |
|    std                   | 1            |
|    value_loss            | 481          |
-------------------------------------------
------------------------------------------
| rollout/                 |             |
|    ep_len_mean           | 1e+03       |
|    ep_rew_mean           | -1.16e+03   |
| time/                    |             |
|    fps                   | 125         |
|    iterations            | 4           |
|    time_elapsed          | 65          |
|    total_timesteps       | 8192        |
| train/                   |             |
|    approx_kl             | 0.005562499 |
|    clip_fraction         | 0.0336      |
|    clip_range            | 0.2         |
|    cost_returns          | 0.115       |
|    cost_value_loss       | 0.074       |
|    cost_values           | 0.146       |
|    entropy               | -2.86       |
|    entropy_loss          | -2.86       |
|    explained_variance    | -0.0182     |
|    lagrangian_multiplier | 0.0582      |
|    learning_rate         | 0.0003      |
|    loss                  | 4.84        |
|    n_updates             | 30          |
|    policy_gradient_loss  | -0.00438    |
|    std                   | 1.01        |
|    value_loss            | 304         |
------------------------------------------
-------------------------------------------
| rollout/                 |              |
|    ep_len_mean           | 1e+03        |
|    ep_rew_mean           | -1.13e+03    |
| time/                    |              |
|    fps                   | 118          |
|    iterations            | 4            |
|    time_elapsed          | 69           |
|    total_timesteps       | 8192         |
| train/                   |              |
|    approx_kl             | 0.0016620232 |
|    clip_fraction         | 0.00205      |
|    clip_range            | 0.2          |
|    cost_returns          | -0.0427      |
|    cost_value_loss       | 0.22         |
|    cost_values           | -0.055       |
|    entropy               | -2.83        |
|    entropy_loss          | -2.83        |
|    explained_variance    | 0.0333       |
|    lagrangian_multiplier | 0.057        |
|    learning_rate         | 0.0003       |
|    loss                  | 7.32         |
|    n_updates             | 30           |
|    policy_gradient_loss  | -0.00102     |
|    std                   | 0.997        |
|    value_loss            | 463          |
-------------------------------------------
------------------------------------------
| rollout/                 |             |
|    ep_len_mean           | 1e+03       |
|    ep_rew_mean           | -1.13e+03   |
| time/                    |             |
|    fps                   | 116         |
|    iterations            | 4           |
|    time_elapsed          | 70          |
|    total_timesteps       | 8192        |
| train/                   |             |
|    approx_kl             | 0.006099567 |
|    clip_fraction         | 0.0193      |
|    clip_range            | 0.2         |
|    cost_returns          | 0.254       |
|    cost_value_loss       | 0.232       |
|    cost_values           | 0.325       |
|    entropy               | -2.85       |
|    entropy_loss          | -2.85       |
|    explained_variance    | 0.0245      |
|    lagrangian_multiplier | 0.0487      |
|    learning_rate         | 0.0003      |
|    loss                  | 11.8        |
|    n_updates             | 30          |
|    policy_gradient_loss  | -0.00434    |
|    std                   | 1.01        |
|    value_loss            | 639         |
------------------------------------------
-------------------------------------------
| rollout/                 |              |
|    ep_len_mean           | 1e+03        |
|    ep_rew_mean           | -1.3e+03     |
| time/                    |              |
|    fps                   | 116          |
|    iterations            | 4            |
|    time_elapsed          | 70           |
|    total_timesteps       | 8192         |
| train/                   |              |
|    approx_kl             | 0.0037453459 |
|    clip_fraction         | 0.0115       |
|    clip_range            | 0.2          |
|    cost_returns          | 0.0364       |
|    cost_value_loss       | 0.313        |
|    cost_values           | 0.0494       |
|    entropy               | -2.83        |
|    entropy_loss          | -2.83        |
|    explained_variance    | -0.0153      |
|    lagrangian_multiplier | 0.0529       |
|    learning_rate         | 0.0003       |
|    loss                  | 8.22         |
|    n_updates             | 30           |
|    policy_gradient_loss  | -0.00266     |
|    std                   | 0.993        |
|    value_loss            | 446          |
-------------------------------------------
-------------------------------------------
| rollout/                 |              |
|    ep_len_mean           | 1e+03        |
|    ep_rew_mean           | -1.17e+03    |
| time/                    |              |
|    fps                   | 125          |
|    iterations            | 5            |
|    time_elapsed          | 81           |
|    total_timesteps       | 10240        |
| train/                   |              |
|    approx_kl             | 0.0043874895 |
|    clip_fraction         | 0.00986      |
|    clip_range            | 0.2          |
|    cost_returns          | 0.152        |
|    cost_value_loss       | 0.0616       |
|    cost_values           | 0.188        |
|    entropy               | -2.86        |
|    entropy_loss          | -2.86        |
|    explained_variance    | -0.0177      |
|    lagrangian_multiplier | 0.053        |
|    learning_rate         | 0.0003       |
|    loss                  | 7.02         |
|    n_updates             | 40           |
|    policy_gradient_loss  | -0.00363     |
|    std                   | 1.01         |
|    value_loss            | 396          |
-------------------------------------------
-------------------------------------------
| rollout/                 |              |
|    ep_len_mean           | 1e+03        |
|    ep_rew_mean           | -1.18e+03    |
| time/                    |              |
|    fps                   | 118          |
|    iterations            | 5            |
|    time_elapsed          | 86           |
|    total_timesteps       | 10240        |
| train/                   |              |
|    approx_kl             | 0.0025527857 |
|    clip_fraction         | 0.00435      |
|    clip_range            | 0.2          |
|    cost_returns          | -0.017       |
|    cost_value_loss       | 0.0921       |
|    cost_values           | -0.011       |
|    entropy               | -2.83        |
|    entropy_loss          | -2.83        |
|    explained_variance    | 0.025        |
|    lagrangian_multiplier | 0.0599       |
|    learning_rate         | 0.0003       |
|    loss                  | 5.55         |
|    n_updates             | 40           |
|    policy_gradient_loss  | -0.00184     |
|    std                   | 0.996        |
|    value_loss            | 367          |
-------------------------------------------
-----------------------------------------
| rollout/                 |            |
|    ep_len_mean           | 1e+03      |
|    ep_rew_mean           | -1.16e+03  |
| time/                    |            |
|    fps                   | 117        |
|    iterations            | 5          |
|    time_elapsed          | 87         |
|    total_timesteps       | 10240      |
| train/                   |            |
|    approx_kl             | 0.00524811 |
|    clip_fraction         | 0.0172     |
|    clip_range            | 0.2        |
|    cost_returns          | 0.347      |
|    cost_value_loss       | 0.238      |
|    cost_values           | 0.433      |
|    entropy               | -2.86      |
|    entropy_loss          | -2.85      |
|    explained_variance    | 0.0554     |
|    lagrangian_multiplier | 0.0447     |
|    learning_rate         | 0.0003     |
|    loss                  | 9.78       |
|    n_updates             | 40         |
|    policy_gradient_loss  | -0.00386   |
|    std                   | 1.01       |
|    value_loss            | 488        |
-----------------------------------------
-------------------------------------------
| rollout/                 |              |
|    ep_len_mean           | 1e+03        |
|    ep_rew_mean           | -1.37e+03    |
| time/                    |              |
|    fps                   | 116          |
|    iterations            | 5            |
|    time_elapsed          | 87           |
|    total_timesteps       | 10240        |
| train/                   |              |
|    approx_kl             | 0.0048475685 |
|    clip_fraction         | 0.0144       |
|    clip_range            | 0.2          |
|    cost_returns          | 0.045        |
|    cost_value_loss       | 0.247        |
|    cost_values           | 0.0594       |
|    entropy               | -2.82        |
|    entropy_loss          | -2.82        |
|    explained_variance    | -0.0459      |
|    lagrangian_multiplier | 0.0589       |
|    learning_rate         | 0.0003       |
|    loss                  | 13.1         |
|    n_updates             | 40           |
|    policy_gradient_loss  | -0.00297     |
|    std                   | 0.989        |
|    value_loss            | 806          |
-------------------------------------------
-------------------------------------------
| rollout/                 |              |
|    ep_len_mean           | 1e+03        |
|    ep_rew_mean           | -1.25e+03    |
| time/                    |              |
|    fps                   | 125          |
|    iterations            | 6            |
|    time_elapsed          | 97           |
|    total_timesteps       | 12288        |
| train/                   |              |
|    approx_kl             | 0.0028292278 |
|    clip_fraction         | 0.00669      |
|    clip_range            | 0.2          |
|    cost_returns          | -0.099       |
|    cost_value_loss       | 0.054        |
|    cost_values           | -0.125       |
|    entropy               | -2.86        |
|    entropy_loss          | -2.86        |
|    explained_variance    | 0.00336      |
|    lagrangian_multiplier | 0.069        |
|    learning_rate         | 0.0003       |
|    loss                  | 6.75         |
|    n_updates             | 50           |
|    policy_gradient_loss  | -0.00188     |
|    std                   | 1.01         |
|    value_loss            | 480          |
-------------------------------------------
------------------------------------------
| rollout/                 |             |
|    ep_len_mean           | 1e+03       |
|    ep_rew_mean           | -1.18e+03   |
| time/                    |             |
|    fps                   | 118         |
|    iterations            | 6           |
|    time_elapsed          | 103         |
|    total_timesteps       | 12288       |
| train/                   |             |
|    approx_kl             | 0.004981894 |
|    clip_fraction         | 0.0149      |
|    clip_range            | 0.2         |
|    cost_returns          | 0.0266      |
|    cost_value_loss       | 0.311       |
|    cost_values           | 0.019       |
|    entropy               | -2.83       |
|    entropy_loss          | -2.83       |
|    explained_variance    | 0.00881     |
|    lagrangian_multiplier | 0.0582      |
|    learning_rate         | 0.0003      |
|    loss                  | 9.38        |
|    n_updates             | 50          |
|    policy_gradient_loss  | -0.0027     |
|    std                   | 0.996       |
|    value_loss            | 599         |
------------------------------------------
-------------------------------------------
| rollout/                 |              |
|    ep_len_mean           | 1e+03        |
|    ep_rew_mean           | -1.17e+03    |
| time/                    |              |
|    fps                   | 117          |
|    iterations            | 6            |
|    time_elapsed          | 104          |
|    total_timesteps       | 12288        |
| train/                   |              |
|    approx_kl             | 0.0048565357 |
|    clip_fraction         | 0.0249       |
|    clip_range            | 0.2          |
|    cost_returns          | 0.0555       |
|    cost_value_loss       | 0.217        |
|    cost_values           | 0.0697       |
|    entropy               | -2.85        |
|    entropy_loss          | -2.86        |
|    explained_variance    | -0.0115      |
|    lagrangian_multiplier | 0.0505       |
|    learning_rate         | 0.0003       |
|    loss                  | 10.6         |
|    n_updates             | 50           |
|    policy_gradient_loss  | -0.0044      |
|    std                   | 1.01         |
|    value_loss            | 585          |
-------------------------------------------
-------------------------------------------
| rollout/                 |              |
|    ep_len_mean           | 1e+03        |
|    ep_rew_mean           | -1.37e+03    |
| time/                    |              |
|    fps                   | 116          |
|    iterations            | 6            |
|    time_elapsed          | 105          |
|    total_timesteps       | 12288        |
| train/                   |              |
|    approx_kl             | 0.0041911793 |
|    clip_fraction         | 0.0259       |
|    clip_range            | 0.2          |
|    cost_returns          | 0.227        |
|    cost_value_loss       | 0.184        |
|    cost_values           | 0.261        |
|    entropy               | -2.82        |
|    entropy_loss          | -2.82        |
|    explained_variance    | -0.0181      |
|    lagrangian_multiplier | 0.0494       |
|    learning_rate         | 0.0003       |
|    loss                  | 15.5         |
|    n_updates             | 50           |
|    policy_gradient_loss  | -0.00371     |
|    std                   | 0.992        |
|    value_loss            | 826          |
-------------------------------------------
-------------------------------------------
| rollout/                 |              |
|    ep_len_mean           | 1e+03        |
|    ep_rew_mean           | -1.21e+03    |
| time/                    |              |
|    fps                   | 125          |
|    iterations            | 7            |
|    time_elapsed          | 114          |
|    total_timesteps       | 14336        |
| train/                   |              |
|    approx_kl             | 0.0059291907 |
|    clip_fraction         | 0.0197       |
|    clip_range            | 0.2          |
|    cost_returns          | -0.158       |
|    cost_value_loss       | 0.0443       |
|    cost_values           | -0.189       |
|    entropy               | -2.87        |
|    entropy_loss          | -2.86        |
|    explained_variance    | 0.0358       |
|    lagrangian_multiplier | 0.0734       |
|    learning_rate         | 0.0003       |
|    loss                  | 12.3         |
|    n_updates             | 60           |
|    policy_gradient_loss  | -0.00335     |
|    std                   | 1.01         |
|    value_loss            | 953          |
-------------------------------------------
-------------------------------------------
| rollout/                 |              |
|    ep_len_mean           | 1e+03        |
|    ep_rew_mean           | -1.22e+03    |
| time/                    |              |
|    fps                   | 118          |
|    iterations            | 7            |
|    time_elapsed          | 121          |
|    total_timesteps       | 14336        |
| train/                   |              |
|    approx_kl             | 0.0054194406 |
|    clip_fraction         | 0.0242       |
|    clip_range            | 0.2          |
|    cost_returns          | 0.0536       |
|    cost_value_loss       | 0.0672       |
|    cost_values           | 0.0623       |
|    entropy               | -2.82        |
|    entropy_loss          | -2.83        |
|    explained_variance    | -0.0191      |
|    lagrangian_multiplier | 0.0569       |
|    learning_rate         | 0.0003       |
|    loss                  | 7.8          |
|    n_updates             | 60           |
|    policy_gradient_loss  | -0.00445     |
|    std                   | 0.993        |
|    value_loss            | 489          |
-------------------------------------------
-------------------------------------------
| rollout/                 |              |
|    ep_len_mean           | 1e+03        |
|    ep_rew_mean           | -1.19e+03    |
| time/                    |              |
|    fps                   | 117          |
|    iterations            | 7            |
|    time_elapsed          | 122          |
|    total_timesteps       | 14336        |
| train/                   |              |
|    approx_kl             | 0.0027701997 |
|    clip_fraction         | 0.00342      |
|    clip_range            | 0.2          |
|    cost_returns          | 0.0437       |
|    cost_value_loss       | 0.0851       |
|    cost_values           | 0.0705       |
|    entropy               | -2.86        |
|    entropy_loss          | -2.85        |
|    explained_variance    | 0.00364      |
|    lagrangian_multiplier | 0.0525       |
|    learning_rate         | 0.0003       |
|    loss                  | 7.35         |
|    n_updates             | 60           |
|    policy_gradient_loss  | -0.00192     |
|    std                   | 1.01         |
|    value_loss            | 415          |
-------------------------------------------
-------------------------------------------
| rollout/                 |              |
|    ep_len_mean           | 1e+03        |
|    ep_rew_mean           | -1.32e+03    |
| time/                    |              |
|    fps                   | 116          |
|    iterations            | 7            |
|    time_elapsed          | 123          |
|    total_timesteps       | 14336        |
| train/                   |              |
|    approx_kl             | 0.0052356077 |
|    clip_fraction         | 0.0265       |
|    clip_range            | 0.2          |
|    cost_returns          | -0.0323      |
|    cost_value_loss       | 0.0808       |
|    cost_values           | -0.0381      |
|    entropy               | -2.83        |
|    entropy_loss          | -2.82        |
|    explained_variance    | 0.0148       |
|    lagrangian_multiplier | 0.0519       |
|    learning_rate         | 0.0003       |
|    loss                  | 11.6         |
|    n_updates             | 60           |
|    policy_gradient_loss  | -0.00526     |
|    std                   | 0.996        |
|    value_loss            | 645          |
-------------------------------------------
------------------------------------------
| rollout/                 |             |
|    ep_len_mean           | 1e+03       |
|    ep_rew_mean           | -1.21e+03   |
| time/                    |             |
|    fps                   | 125         |
|    iterations            | 8           |
|    time_elapsed          | 130         |
|    total_timesteps       | 16384       |
| train/                   |             |
|    approx_kl             | 0.004591871 |
|    clip_fraction         | 0.0142      |
|    clip_range            | 0.2         |
|    cost_returns          | -0.071      |
|    cost_value_loss       | 0.0405      |
|    cost_values           | -0.0918     |
|    entropy               | -2.87       |
|    entropy_loss          | -2.87       |
|    explained_variance    | -0.0239     |
|    lagrangian_multiplier | 0.0701      |
|    learning_rate         | 0.0003      |
|    loss                  | 3.85        |
|    n_updates             | 70          |
|    policy_gradient_loss  | -0.00362    |
|    std                   | 1.02        |
|    value_loss            | 281         |
------------------------------------------
-----------------------------------------
| rollout/                 |            |
|    ep_len_mean           | 1e+03      |
|    ep_rew_mean           | -1.25e+03  |
| time/                    |            |
|    fps                   | 118        |
|    iterations            | 8          |
|    time_elapsed          | 138        |
|    total_timesteps       | 16384      |
| train/                   |            |
|    approx_kl             | 0.00400084 |
|    clip_fraction         | 0.0281     |
|    clip_range            | 0.2        |
|    cost_returns          | 0.0769     |
|    cost_value_loss       | 0.251      |
|    cost_values           | 0.102      |
|    entropy               | -2.82      |
|    entropy_loss          | -2.82      |
|    explained_variance    | 0.0179     |
|    lagrangian_multiplier | 0.0527     |
|    learning_rate         | 0.0003     |
|    loss                  | 11.8       |
|    n_updates             | 70         |
|    policy_gradient_loss  | -0.00448   |
|    std                   | 0.993      |
|    value_loss            | 676        |
-----------------------------------------
------------------------------------------
| rollout/                 |             |
|    ep_len_mean           | 1e+03       |
|    ep_rew_mean           | -1.23e+03   |
| time/                    |             |
|    fps                   | 117         |
|    iterations            | 8           |
|    time_elapsed          | 139         |
|    total_timesteps       | 16384       |
| train/                   |             |
|    approx_kl             | 0.004284721 |
|    clip_fraction         | 0.00977     |
|    clip_range            | 0.2         |
|    cost_returns          | 0.0736      |
|    cost_value_loss       | 0.109       |
|    cost_values           | 0.0919      |
|    entropy               | -2.86       |
|    entropy_loss          | -2.86       |
|    explained_variance    | -0.0149     |
|    lagrangian_multiplier | 0.0524      |
|    learning_rate         | 0.0003      |
|    loss                  | 10.7        |
|    n_updates             | 70          |
|    policy_gradient_loss  | -0.00228    |
|    std                   | 1.01        |
|    value_loss            | 592         |
------------------------------------------
-------------------------------------------
| rollout/                 |              |
|    ep_len_mean           | 1e+03        |
|    ep_rew_mean           | -1.27e+03    |
| time/                    |              |
|    fps                   | 116          |
|    iterations            | 8            |
|    time_elapsed          | 140          |
|    total_timesteps       | 16384        |
| train/                   |              |
|    approx_kl             | 0.0022838258 |
|    clip_fraction         | 0.00396      |
|    clip_range            | 0.2          |
|    cost_returns          | -0.0751      |
|    cost_value_loss       | 0.0909       |
|    cost_values           | -0.0951      |
|    entropy               | -2.82        |
|    entropy_loss          | -2.83        |
|    explained_variance    | -0.127       |
|    lagrangian_multiplier | 0.0565       |
|    learning_rate         | 0.0003       |
|    loss                  | 6.14         |
|    n_updates             | 70           |
|    policy_gradient_loss  | -0.00203     |
|    std                   | 0.993        |
|    value_loss            | 336          |
-------------------------------------------
-------------------------------------------
| rollout/                 |              |
|    ep_len_mean           | 1e+03        |
|    ep_rew_mean           | -1.21e+03    |
| time/                    |              |
|    fps                   | 125          |
|    iterations            | 9            |
|    time_elapsed          | 146          |
|    total_timesteps       | 18432        |
| train/                   |              |
|    approx_kl             | 0.0030905968 |
|    clip_fraction         | 0.00649      |
|    clip_range            | 0.2          |
|    cost_returns          | 0.128        |
|    cost_value_loss       | 0.022        |
|    cost_values           | 0.154        |
|    entropy               | -2.88        |
|    entropy_loss          | -2.88        |
|    explained_variance    | -0.0455      |
|    lagrangian_multiplier | 0.0495       |
|    learning_rate         | 0.0003       |
|    loss                  | 8.66         |
|    n_updates             | 80           |
|    policy_gradient_loss  | -0.00183     |
|    std                   | 1.02         |
|    value_loss            | 457          |
-------------------------------------------
-------------------------------------------
| rollout/                 |              |
|    ep_len_mean           | 1e+03        |
|    ep_rew_mean           | -1.24e+03    |
| time/                    |              |
|    fps                   | 118          |
|    iterations            | 9            |
|    time_elapsed          | 156          |
|    total_timesteps       | 18432        |
| train/                   |              |
|    approx_kl             | 0.0046129767 |
|    clip_fraction         | 0.0157       |
|    clip_range            | 0.2          |
|    cost_returns          | 0.0797       |
|    cost_value_loss       | 0.119        |
|    cost_values           | 0.0983       |
|    entropy               | -2.83        |
|    entropy_loss          | -2.83        |
|    explained_variance    | -0.0258      |
|    lagrangian_multiplier | 0.0536       |
|    learning_rate         | 0.0003       |
|    loss                  | 15.7         |
|    n_updates             | 80           |
|    policy_gradient_loss  | -0.00409     |
|    std                   | 0.996        |
|    value_loss            | 842          |
-------------------------------------------
-------------------------------------------
| rollout/                 |              |
|    ep_len_mean           | 1e+03        |
|    ep_rew_mean           | -1.23e+03    |
| time/                    |              |
|    fps                   | 117          |
|    iterations            | 9            |
|    time_elapsed          | 157          |
|    total_timesteps       | 18432        |
| train/                   |              |
|    approx_kl             | 0.0032956228 |
|    clip_fraction         | 0.00693      |
|    clip_range            | 0.2          |
|    cost_returns          | 0.0256       |
|    cost_value_loss       | 0.122        |
|    cost_values           | 0.0448       |
|    entropy               | -2.86        |
|    entropy_loss          | -2.87        |
|    explained_variance    | 0.0268       |
|    lagrangian_multiplier | 0.0584       |
|    learning_rate         | 0.0003       |
|    loss                  | 11.5         |
|    n_updates             | 80           |
|    policy_gradient_loss  | -0.00314     |
|    std                   | 1.01         |
|    value_loss            | 720          |
-------------------------------------------
-------------------------------------------
| rollout/                 |              |
|    ep_len_mean           | 1e+03        |
|    ep_rew_mean           | -1.29e+03    |
| time/                    |              |
|    fps                   | 116          |
|    iterations            | 9            |
|    time_elapsed          | 158          |
|    total_timesteps       | 18432        |
| train/                   |              |
|    approx_kl             | 0.0019558107 |
|    clip_fraction         | 0.00112      |
|    clip_range            | 0.2          |
|    cost_returns          | 0.0232       |
|    cost_value_loss       | 0.0768       |
|    cost_values           | 0.0225       |
|    entropy               | -2.83        |
|    entropy_loss          | -2.82        |
|    explained_variance    | -0.179       |
|    lagrangian_multiplier | 0.056        |
|    learning_rate         | 0.0003       |
|    loss                  | 4.25         |
|    n_updates             | 80           |
|    policy_gradient_loss  | -0.00153     |
|    std                   | 0.994        |
|    value_loss            | 253          |
-------------------------------------------
------------------------------------------
| rollout/                 |             |
|    ep_len_mean           | 1e+03       |
|    ep_rew_mean           | -1.22e+03   |
| time/                    |             |
|    fps                   | 125         |
|    iterations            | 10          |
|    time_elapsed          | 163         |
|    total_timesteps       | 20480       |
| train/                   |             |
|    approx_kl             | 0.003251011 |
|    clip_fraction         | 0.00947     |
|    clip_range            | 0.2         |
|    cost_returns          | 0.238       |
|    cost_value_loss       | 0.0369      |
|    cost_values           | 0.293       |
|    entropy               | -2.88       |
|    entropy_loss          | -2.89       |
|    explained_variance    | -0.0344     |
|    lagrangian_multiplier | 0.0608      |
|    learning_rate         | 0.0003      |
|    loss                  | 9.13        |
|    n_updates             | 90          |
|    policy_gradient_loss  | -0.00243    |
|    std                   | 1.02        |
|    value_loss            | 589         |
------------------------------------------
------------------------------------------
| rollout/                 |             |
|    ep_len_mean           | 1e+03       |
|    ep_rew_mean           | -1.23e+03   |
| time/                    |             |
|    fps                   | 117         |
|    iterations            | 10          |
|    time_elapsed          | 173         |
|    total_timesteps       | 20480       |
| train/                   |             |
|    approx_kl             | 0.004747725 |
|    clip_fraction         | 0.0144      |
|    clip_range            | 0.2         |
|    cost_returns          | -0.111      |
|    cost_value_loss       | 0.195       |
|    cost_values           | -0.126      |
|    entropy               | -2.84       |
|    entropy_loss          | -2.83       |
|    explained_variance    | 0.0182      |
|    lagrangian_multiplier | 0.0603      |
|    learning_rate         | 0.0003      |
|    loss                  | 6.88        |
|    n_updates             | 90          |
|    policy_gradient_loss  | -0.00356    |
|    std                   | 0.999       |
|    value_loss            | 436         |
------------------------------------------
-------------------------------------------
| rollout/                 |              |
|    ep_len_mean           | 1e+03        |
|    ep_rew_mean           | -1.28e+03    |
| time/                    |              |
|    fps                   | 117          |
|    iterations            | 10           |
|    time_elapsed          | 174          |
|    total_timesteps       | 20480        |
| train/                   |              |
|    approx_kl             | 0.0047608507 |
|    clip_fraction         | 0.0129       |
|    clip_range            | 0.2          |
|    cost_returns          | -0.0626      |
|    cost_value_loss       | 0.188        |
|    cost_values           | -0.0612      |
|    entropy               | -2.86        |
|    entropy_loss          | -2.86        |
|    explained_variance    | 0.00713      |
|    lagrangian_multiplier | 0.0527       |
|    learning_rate         | 0.0003       |
|    loss                  | 8.71         |
|    n_updates             | 90           |
|    policy_gradient_loss  | -0.00337     |
|    std                   | 1.01         |
|    value_loss            | 479          |
-------------------------------------------
-------------------------------------------
| rollout/                 |              |
|    ep_len_mean           | 1e+03        |
|    ep_rew_mean           | -1.37e+03    |
| time/                    |              |
|    fps                   | 116          |
|    iterations            | 10           |
|    time_elapsed          | 175          |
|    total_timesteps       | 20480        |
| train/                   |              |
|    approx_kl             | 0.0067181494 |
|    clip_fraction         | 0.0335       |
|    clip_range            | 0.2          |
|    cost_returns          | 0.271        |
|    cost_value_loss       | 0.356        |
|    cost_values           | 0.326        |
|    entropy               | -2.83        |
|    entropy_loss          | -2.83        |
|    explained_variance    | -0.0268      |
|    lagrangian_multiplier | 0.0505       |
|    learning_rate         | 0.0003       |
|    loss                  | 15           |
|    n_updates             | 90           |
|    policy_gradient_loss  | -0.00408     |
|    std                   | 0.994        |
|    value_loss            | 784          |
-------------------------------------------
-------------------------------------------
| rollout/                 |              |
|    ep_len_mean           | 1e+03        |
|    ep_rew_mean           | -1.22e+03    |
| time/                    |              |
|    fps                   | 125          |
|    iterations            | 11           |
|    time_elapsed          | 179          |
|    total_timesteps       | 22528        |
| train/                   |              |
|    approx_kl             | 0.0011469605 |
|    clip_fraction         | 0.000439     |
|    clip_range            | 0.2          |
|    cost_returns          | 0.00364      |
|    cost_value_loss       | 0.0145       |
|    cost_values           | 0.00356      |
|    entropy               | -2.89        |
|    entropy_loss          | -2.88        |
|    explained_variance    | -0.0799      |
|    lagrangian_multiplier | 0.0673       |
|    learning_rate         | 0.0003       |
|    loss                  | 7.05         |
|    n_updates             | 100          |
|    policy_gradient_loss  | -0.0013      |
|    std                   | 1.02         |
|    value_loss            | 489          |
-------------------------------------------
------------------------------------------
| rollout/                 |             |
|    ep_len_mean           | 1e+03       |
|    ep_rew_mean           | -1.21e+03   |
| time/                    |             |
|    fps                   | 117         |
|    iterations            | 11          |
|    time_elapsed          | 191         |
|    total_timesteps       | 22528       |
| train/                   |             |
|    approx_kl             | 0.006637957 |
|    clip_fraction         | 0.0344      |
|    clip_range            | 0.2         |
|    cost_returns          | 0.165       |
|    cost_value_loss       | 0.297       |
|    cost_values           | 0.2         |
|    entropy               | -2.85       |
|    entropy_loss          | -2.84       |
|    explained_variance    | 0.00876     |
|    lagrangian_multiplier | 0.053       |
|    learning_rate         | 0.0003      |
|    loss                  | 6.08        |
|    n_updates             | 100         |
|    policy_gradient_loss  | -0.00488    |
|    std                   | 1           |
|    value_loss            | 345         |
------------------------------------------
-------------------------------------------
| rollout/                 |              |
|    ep_len_mean           | 1e+03        |
|    ep_rew_mean           | -1.3e+03     |
| time/                    |              |
|    fps                   | 117          |
|    iterations            | 11           |
|    time_elapsed          | 192          |
|    total_timesteps       | 22528        |
| train/                   |              |
|    approx_kl             | 0.0047836686 |
|    clip_fraction         | 0.0403       |
|    clip_range            | 0.2          |
|    cost_returns          | 0.00734      |
|    cost_value_loss       | 0.127        |
|    cost_values           | 0.0163       |
|    entropy               | -2.86        |
|    entropy_loss          | -2.86        |
|    explained_variance    | -0.00115     |
|    lagrangian_multiplier | 0.0559       |
|    learning_rate         | 0.0003       |
|    loss                  | 15.4         |
|    n_updates             | 100          |
|    policy_gradient_loss  | -0.00469     |
|    std                   | 1.01         |
|    value_loss            | 855          |
-------------------------------------------
-------------------------------------------
| rollout/                 |              |
|    ep_len_mean           | 1e+03        |
|    ep_rew_mean           | -1.39e+03    |
| time/                    |              |
|    fps                   | 116          |
|    iterations            | 11           |
|    time_elapsed          | 193          |
|    total_timesteps       | 22528        |
| train/                   |              |
|    approx_kl             | 0.0024369434 |
|    clip_fraction         | 0.00254      |
|    clip_range            | 0.2          |
|    cost_returns          | 0.415        |
|    cost_value_loss       | 0.228        |
|    cost_values           | 0.496        |
|    entropy               | -2.82        |
|    entropy_loss          | -2.82        |
|    explained_variance    | -0.0565      |
|    lagrangian_multiplier | 0.0478       |
|    learning_rate         | 0.0003       |
|    loss                  | 26           |
|    n_updates             | 100          |
|    policy_gradient_loss  | -0.00136     |
|    std                   | 0.991        |
|    value_loss            | 1.34e+03     |
-------------------------------------------
------------------------------------------
| rollout/                 |             |
|    ep_len_mean           | 1e+03       |
|    ep_rew_mean           | -1.22e+03   |
| time/                    |             |
|    fps                   | 125         |
|    iterations            | 12          |
|    time_elapsed          | 195         |
|    total_timesteps       | 24576       |
| train/                   |             |
|    approx_kl             | 0.004097797 |
|    clip_fraction         | 0.0171      |
|    clip_range            | 0.2         |
|    cost_returns          | 0.12        |
|    cost_value_loss       | 0.0286      |
|    cost_values           | 0.148       |
|    entropy               | -2.9        |
|    entropy_loss          | -2.89       |
|    explained_variance    | 0.0151      |
|    lagrangian_multiplier | 0.0521      |
|    learning_rate         | 0.0003      |
|    loss                  | 8.33        |
|    n_updates             | 110         |
|    policy_gradient_loss  | -0.00309    |
|    std                   | 1.03        |
|    value_loss            | 460         |
------------------------------------------
------------------------------------------
| rollout/                 |             |
|    ep_len_mean           | 1e+03       |
|    ep_rew_mean           | -1.22e+03   |
| time/                    |             |
|    fps                   | 117         |
|    iterations            | 12          |
|    time_elapsed          | 208         |
|    total_timesteps       | 24576       |
| train/                   |             |
|    approx_kl             | 0.002345057 |
|    clip_fraction         | 0.00317     |
|    clip_range            | 0.2         |
|    cost_returns          | 0.222       |
|    cost_value_loss       | 0.106       |
|    cost_values           | 0.263       |
|    entropy               | -2.85       |
|    entropy_loss          | -2.85       |
|    explained_variance    | -0.0022     |
|    lagrangian_multiplier | 0.0466      |
|    learning_rate         | 0.0003      |
|    loss                  | 7.43        |
|    n_updates             | 110         |
|    policy_gradient_loss  | -0.00175    |
|    std                   | 1.01        |
|    value_loss            | 401         |
------------------------------------------
-------------------------------------------
| rollout/                 |              |
|    ep_len_mean           | 1e+03        |
|    ep_rew_mean           | -1.32e+03    |
| time/                    |              |
|    fps                   | 117          |
|    iterations            | 12           |
|    time_elapsed          | 209          |
|    total_timesteps       | 24576        |
| train/                   |              |
|    approx_kl             | 0.0047437977 |
|    clip_fraction         | 0.0165       |
|    clip_range            | 0.2          |
|    cost_returns          | -0.0865      |
|    cost_value_loss       | 0.104        |
|    cost_values           | -0.0979      |
|    entropy               | -2.86        |
|    entropy_loss          | -2.86        |
|    explained_variance    | 0.0104       |
|    lagrangian_multiplier | 0.0577       |
|    learning_rate         | 0.0003       |
|    loss                  | 12.9         |
|    n_updates             | 110          |
|    policy_gradient_loss  | -0.00278     |
|    std                   | 1.01         |
|    value_loss            | 778          |
-------------------------------------------
------------------------------------------
| rollout/                 |             |
|    ep_len_mean           | 1e+03       |
|    ep_rew_mean           | -1.36e+03   |
| time/                    |             |
|    fps                   | 116         |
|    iterations            | 12          |
|    time_elapsed          | 210         |
|    total_timesteps       | 24576       |
| train/                   |             |
|    approx_kl             | 0.003621733 |
|    clip_fraction         | 0.00713     |
|    clip_range            | 0.2         |
|    cost_returns          | 0.271       |
|    cost_value_loss       | 0.102       |
|    cost_values           | 0.332       |
|    entropy               | -2.82       |
|    entropy_loss          | -2.82       |
|    explained_variance    | -0.0213     |
|    lagrangian_multiplier | 0.0492      |
|    learning_rate         | 0.0003      |
|    loss                  | 13.1        |
|    n_updates             | 110         |
|    policy_gradient_loss  | -0.00228    |
|    std                   | 0.991       |
|    value_loss            | 694         |
------------------------------------------
-------------------------------------------
| rollout/                 |              |
|    ep_len_mean           | 1e+03        |
|    ep_rew_mean           | -1.24e+03    |
| time/                    |              |
|    fps                   | 125          |
|    iterations            | 13           |
|    time_elapsed          | 212          |
|    total_timesteps       | 26624        |
| train/                   |              |
|    approx_kl             | 0.0027431305 |
|    clip_fraction         | 0.00464      |
|    clip_range            | 0.2          |
|    cost_returns          | -0.000955    |
|    cost_value_loss       | 0.0302       |
|    cost_values           | -0.00763     |
|    entropy               | -2.9         |
|    entropy_loss          | -2.9         |
|    explained_variance    | 0.0112       |
|    lagrangian_multiplier | 0.0674       |
|    learning_rate         | 0.0003       |
|    loss                  | 6.38         |
|    n_updates             | 120          |
|    policy_gradient_loss  | -0.00287     |
|    std                   | 1.03         |
|    value_loss            | 468          |
-------------------------------------------
-------------------------------------------
| rollout/                 |              |
|    ep_len_mean           | 1e+03        |
|    ep_rew_mean           | -1.23e+03    |
| time/                    |              |
|    fps                   | 117          |
|    iterations            | 13           |
|    time_elapsed          | 225          |
|    total_timesteps       | 26624        |
| train/                   |              |
|    approx_kl             | 0.0046351347 |
|    clip_fraction         | 0.0229       |
|    clip_range            | 0.2          |
|    cost_returns          | -0.0306      |
|    cost_value_loss       | 0.31         |
|    cost_values           | -0.0342      |
|    entropy               | -2.86        |
|    entropy_loss          | -2.85        |
|    explained_variance    | 0.0061       |
|    lagrangian_multiplier | 0.0553       |
|    learning_rate         | 0.0003       |
|    loss                  | 8.98         |
|    n_updates             | 120          |
|    policy_gradient_loss  | -0.00345     |
|    std                   | 1.01         |
|    value_loss            | 518          |
-------------------------------------------
------------------------------------------
| rollout/                 |             |
|    ep_len_mean           | 1e+03       |
|    ep_rew_mean           | -1.34e+03   |
| time/                    |             |
|    fps                   | 117         |
|    iterations            | 13          |
|    time_elapsed          | 227         |
|    total_timesteps       | 26624       |
| train/                   |             |
|    approx_kl             | 0.004815114 |
|    clip_fraction         | 0.0136      |
|    clip_range            | 0.2         |
|    cost_returns          | -0.115      |
|    cost_value_loss       | 0.0852      |
|    cost_values           | -0.125      |
|    entropy               | -2.86       |
|    entropy_loss          | -2.86       |
|    explained_variance    | 0.0124      |
|    lagrangian_multiplier | 0.0651      |
|    learning_rate         | 0.0003      |
|    loss                  | 10.7        |
|    n_updates             | 120         |
|    policy_gradient_loss  | -0.00206    |
|    std                   | 1.01        |
|    value_loss            | 730         |
------------------------------------------
------------------------------------------
| rollout/                 |             |
|    ep_len_mean           | 1e+03       |
|    ep_rew_mean           | -1.25e+03   |
| time/                    |             |
|    fps                   | 125         |
|    iterations            | 14          |
|    time_elapsed          | 228         |
|    total_timesteps       | 28672       |
| train/                   |             |
|    approx_kl             | 0.005420585 |
|    clip_fraction         | 0.0172      |
|    clip_range            | 0.2         |
|    cost_returns          | -0.158      |
|    cost_value_loss       | 0.0273      |
|    cost_values           | -0.192      |
|    entropy               | -2.91       |
|    entropy_loss          | -2.9        |
|    explained_variance    | -0.0127     |
|    lagrangian_multiplier | 0.0821      |
|    learning_rate         | 0.0003      |
|    loss                  | 8.57        |
|    n_updates             | 130         |
|    policy_gradient_loss  | -0.00342    |
|    std                   | 1.03        |
|    value_loss            | 737         |
------------------------------------------
------------------------------------------
| rollout/                 |             |
|    ep_len_mean           | 1e+03       |
|    ep_rew_mean           | -1.33e+03   |
| time/                    |             |
|    fps                   | 116         |
|    iterations            | 13          |
|    time_elapsed          | 228         |
|    total_timesteps       | 26624       |
| train/                   |             |
|    approx_kl             | 0.004258501 |
|    clip_fraction         | 0.01        |
|    clip_range            | 0.2         |
|    cost_returns          | 0.0709      |
|    cost_value_loss       | 0.0623      |
|    cost_values           | 0.0833      |
|    entropy               | -2.81       |
|    entropy_loss          | -2.82       |
|    explained_variance    | 0.0383      |
|    lagrangian_multiplier | 0.054       |
|    learning_rate         | 0.0003      |
|    loss                  | 4.34        |
|    n_updates             | 120         |
|    policy_gradient_loss  | -0.00334    |
|    std                   | 0.988       |
|    value_loss            | 252         |
------------------------------------------
------------------------------------------
| rollout/                 |             |
|    ep_len_mean           | 1e+03       |
|    ep_rew_mean           | -1.22e+03   |
| time/                    |             |
|    fps                   | 117         |
|    iterations            | 14          |
|    time_elapsed          | 243         |
|    total_timesteps       | 28672       |
| train/                   |             |
|    approx_kl             | 0.004268828 |
|    clip_fraction         | 0.0262      |
|    clip_range            | 0.2         |
|    cost_returns          | 0.189       |
|    cost_value_loss       | 0.21        |
|    cost_values           | 0.237       |
|    entropy               | -2.86       |
|    entropy_loss          | -2.86       |
|    explained_variance    | -0.0113     |
|    lagrangian_multiplier | 0.05        |
|    learning_rate         | 0.0003      |
|    loss                  | 10.3        |
|    n_updates             | 130         |
|    policy_gradient_loss  | -0.00389    |
|    std                   | 1.01        |
|    value_loss            | 580         |
------------------------------------------
-----------------------------------------
| rollout/                 |            |
|    ep_len_mean           | 1e+03      |
|    ep_rew_mean           | -1.27e+03  |
| time/                    |            |
|    fps                   | 125        |
|    iterations            | 15         |
|    time_elapsed          | 244        |
|    total_timesteps       | 30720      |
| train/                   |            |
|    approx_kl             | 0.00420851 |
|    clip_fraction         | 0.0196     |
|    clip_range            | 0.2        |
|    cost_returns          | 0.11       |
|    cost_value_loss       | 0.0218     |
|    cost_values           | 0.134      |
|    entropy               | -2.91      |
|    entropy_loss          | -2.91      |
|    explained_variance    | 0.0336     |
|    lagrangian_multiplier | 0.0671     |
|    learning_rate         | 0.0003     |
|    loss                  | 9.93       |
|    n_updates             | 140        |
|    policy_gradient_loss  | -0.00311   |
|    std                   | 1.04       |
|    value_loss            | 696        |
-----------------------------------------
-------------------------------------------
| rollout/                 |              |
|    ep_len_mean           | 1e+03        |
|    ep_rew_mean           | -1.36e+03    |
| time/                    |              |
|    fps                   | 117          |
|    iterations            | 14           |
|    time_elapsed          | 244          |
|    total_timesteps       | 28672        |
| train/                   |              |
|    approx_kl             | 0.0057889456 |
|    clip_fraction         | 0.0222       |
|    clip_range            | 0.2          |
|    cost_returns          | -0.0393      |
|    cost_value_loss       | 0.0784       |
|    cost_values           | -0.0386      |
|    entropy               | -2.87        |
|    entropy_loss          | -2.86        |
|    explained_variance    | -4.07e-05    |
|    lagrangian_multiplier | 0.0591       |
|    learning_rate         | 0.0003       |
|    loss                  | 13.5         |
|    n_updates             | 130          |
|    policy_gradient_loss  | -0.0034      |
|    std                   | 1.02         |
|    value_loss            | 836          |
-------------------------------------------
------------------------------------------
| rollout/                 |             |
|    ep_len_mean           | 1e+03       |
|    ep_rew_mean           | -1.32e+03   |
| time/                    |             |
|    fps                   | 116         |
|    iterations            | 14          |
|    time_elapsed          | 245         |
|    total_timesteps       | 28672       |
| train/                   |             |
|    approx_kl             | 0.005139444 |
|    clip_fraction         | 0.0158      |
|    clip_range            | 0.2         |
|    cost_returns          | -0.204      |
|    cost_value_loss       | 0.059       |
|    cost_values           | -0.239      |
|    entropy               | -2.81       |
|    entropy_loss          | -2.81       |
|    explained_variance    | -0.00668    |
|    lagrangian_multiplier | 0.0693      |
|    learning_rate         | 0.0003      |
|    loss                  | 5.54        |
|    n_updates             | 130         |
|    policy_gradient_loss  | -0.00426    |
|    std                   | 0.988       |
|    value_loss            | 366         |
------------------------------------------
------------------------------------------
| rollout/                 |             |
|    ep_len_mean           | 1e+03       |
|    ep_rew_mean           | -1.28e+03   |
| time/                    |             |
|    fps                   | 125         |
|    iterations            | 16          |
|    time_elapsed          | 260         |
|    total_timesteps       | 32768       |
| train/                   |             |
|    approx_kl             | 0.004987442 |
|    clip_fraction         | 0.051       |
|    clip_range            | 0.2         |
|    cost_returns          | -0.0325     |
|    cost_value_loss       | 0.011       |
|    cost_values           | -0.0445     |
|    entropy               | -2.91       |
|    entropy_loss          | -2.91       |
|    explained_variance    | 0.0343      |
|    lagrangian_multiplier | 0.0736      |
|    learning_rate         | 0.0003      |
|    loss                  | 10          |
|    n_updates             | 150         |
|    policy_gradient_loss  | -0.00568    |
|    std                   | 1.04        |
|    value_loss            | 737         |
------------------------------------------
-------------------------------------------
| rollout/                 |              |
|    ep_len_mean           | 1e+03        |
|    ep_rew_mean           | -1.23e+03    |
| time/                    |              |
|    fps                   | 117          |
|    iterations            | 15           |
|    time_elapsed          | 260          |
|    total_timesteps       | 30720        |
| train/                   |              |
|    approx_kl             | 0.0063812514 |
|    clip_fraction         | 0.029        |
|    clip_range            | 0.2          |
|    cost_returns          | -0.098       |
|    cost_value_loss       | 0.425        |
|    cost_values           | -0.124       |
|    entropy               | -2.87        |
|    entropy_loss          | -2.86        |
|    explained_variance    | -0.00363     |
|    lagrangian_multiplier | 0.0631       |
|    learning_rate         | 0.0003       |
|    loss                  | 7.72         |
|    n_updates             | 140          |
|    policy_gradient_loss  | -0.00385     |
|    std                   | 1.02         |
|    value_loss            | 495          |
-------------------------------------------
-------------------------------------------
| rollout/                 |              |
|    ep_len_mean           | 1e+03        |
|    ep_rew_mean           | -1.36e+03    |
| time/                    |              |
|    fps                   | 117          |
|    iterations            | 15           |
|    time_elapsed          | 262          |
|    total_timesteps       | 30720        |
| train/                   |              |
|    approx_kl             | 0.0032026367 |
|    clip_fraction         | 0.00479      |
|    clip_range            | 0.2          |
|    cost_returns          | 0.216        |
|    cost_value_loss       | 0.0772       |
|    cost_values           | 0.265        |
|    entropy               | -2.87        |
|    entropy_loss          | -2.87        |
|    explained_variance    | 0.00604      |
|    lagrangian_multiplier | 0.0453       |
|    learning_rate         | 0.0003       |
|    loss                  | 13.9         |
|    n_updates             | 140          |
|    policy_gradient_loss  | -0.0016      |
|    std                   | 1.01         |
|    value_loss            | 694          |
-------------------------------------------
------------------------------------------
| rollout/                 |             |
|    ep_len_mean           | 1e+03       |
|    ep_rew_mean           | -1.28e+03   |
| time/                    |             |
|    fps                   | 116         |
|    iterations            | 15          |
|    time_elapsed          | 263         |
|    total_timesteps       | 30720       |
| train/                   |             |
|    approx_kl             | 0.001190736 |
|    clip_fraction         | 0.000146    |
|    clip_range            | 0.2         |
|    cost_returns          | 0.0864      |
|    cost_value_loss       | 0.0839      |
|    cost_values           | 0.109       |
|    entropy               | -2.82       |
|    entropy_loss          | -2.82       |
|    explained_variance    | -0.062      |
|    lagrangian_multiplier | 0.0521      |
|    learning_rate         | 0.0003      |
|    loss                  | 6.89        |
|    n_updates             | 140         |
|    policy_gradient_loss  | -0.000949   |
|    std                   | 0.993       |
|    value_loss            | 397         |
------------------------------------------
-------------------------------------------
| rollout/                 |              |
|    ep_len_mean           | 1e+03        |
|    ep_rew_mean           | -1.29e+03    |
| time/                    |              |
|    fps                   | 125          |
|    iterations            | 17           |
|    time_elapsed          | 277          |
|    total_timesteps       | 34816        |
| train/                   |              |
|    approx_kl             | 0.0029605413 |
|    clip_fraction         | 0.00586      |
|    clip_range            | 0.2          |
|    cost_returns          | -0.0248      |
|    cost_value_loss       | 0.0113       |
|    cost_values           | -0.0311      |
|    entropy               | -2.9         |
|    entropy_loss          | -2.91        |
|    explained_variance    | 0.024        |
|    lagrangian_multiplier | 0.0711       |
|    learning_rate         | 0.0003       |
|    loss                  | 8.7          |
|    n_updates             | 160          |
|    policy_gradient_loss  | -0.00312     |
|    std                   | 1.03         |
|    value_loss            | 604          |
-------------------------------------------
-------------------------------------------
| rollout/                 |              |
|    ep_len_mean           | 1e+03        |
|    ep_rew_mean           | -1.22e+03    |
| time/                    |              |
|    fps                   | 117          |
|    iterations            | 16           |
|    time_elapsed          | 277          |
|    total_timesteps       | 32768        |
| train/                   |              |
|    approx_kl             | 0.0054872073 |
|    clip_fraction         | 0.037        |
|    clip_range            | 0.2          |
|    cost_returns          | 0.00564      |
|    cost_value_loss       | 0.266        |
|    cost_values           | 0.0108       |
|    entropy               | -2.88        |
|    entropy_loss          | -2.88        |
|    explained_variance    | 0.0125       |
|    lagrangian_multiplier | 0.0521       |
|    learning_rate         | 0.0003       |
|    loss                  | 8.72         |
|    n_updates             | 150          |
|    policy_gradient_loss  | -0.00431     |
|    std                   | 1.02         |
|    value_loss            | 504          |
-------------------------------------------
------------------------------------------
| rollout/                 |             |
|    ep_len_mean           | 1e+03       |
|    ep_rew_mean           | -1.34e+03   |
| time/                    |             |
|    fps                   | 116         |
|    iterations            | 16          |
|    time_elapsed          | 280         |
|    total_timesteps       | 32768       |
| train/                   |             |
|    approx_kl             | 0.006642172 |
|    clip_fraction         | 0.0684      |
|    clip_range            | 0.2         |
|    cost_returns          | 0.222       |
|    cost_value_loss       | 0.0943      |
|    cost_values           | 0.276       |
|    entropy               | -2.87       |
|    entropy_loss          | -2.87       |
|    explained_variance    | -0.0148     |
|    lagrangian_multiplier | 0.0455      |
|    learning_rate         | 0.0003      |
|    loss                  | 9.49        |
|    n_updates             | 150         |
|    policy_gradient_loss  | -0.00752    |
|    std                   | 1.01        |
|    value_loss            | 515         |
------------------------------------------
------------------------------------------
| rollout/                 |             |
|    ep_len_mean           | 1e+03       |
|    ep_rew_mean           | -1.26e+03   |
| time/                    |             |
|    fps                   | 116         |
|    iterations            | 16          |
|    time_elapsed          | 280         |
|    total_timesteps       | 32768       |
| train/                   |             |
|    approx_kl             | 0.004408267 |
|    clip_fraction         | 0.0121      |
|    clip_range            | 0.2         |
|    cost_returns          | -0.0343     |
|    cost_value_loss       | 0.0771      |
|    cost_values           | -0.0427     |
|    entropy               | -2.83       |
|    entropy_loss          | -2.83       |
|    explained_variance    | -0.0482     |
|    lagrangian_multiplier | 0.0614      |
|    learning_rate         | 0.0003      |
|    loss                  | 2.83        |
|    n_updates             | 150         |
|    policy_gradient_loss  | -0.00439    |
|    std                   | 0.997       |
|    value_loss            | 169         |
------------------------------------------
-------------------------------------------
| rollout/                 |              |
|    ep_len_mean           | 1e+03        |
|    ep_rew_mean           | -1.3e+03     |
| time/                    |              |
|    fps                   | 125          |
|    iterations            | 18           |
|    time_elapsed          | 293          |
|    total_timesteps       | 36864        |
| train/                   |              |
|    approx_kl             | 0.0032916025 |
|    clip_fraction         | 0.0165       |
|    clip_range            | 0.2          |
|    cost_returns          | 0.0719       |
|    cost_value_loss       | 0.0159       |
|    cost_values           | 0.0768       |
|    entropy               | -2.91        |
|    entropy_loss          | -2.9         |
|    explained_variance    | 0.0156       |
|    lagrangian_multiplier | 0.06         |
|    learning_rate         | 0.0003       |
|    loss                  | 12.6         |
|    n_updates             | 170          |
|    policy_gradient_loss  | -0.00275     |
|    std                   | 1.04         |
|    value_loss            | 808          |
-------------------------------------------
------------------------------------------
| rollout/                 |             |
|    ep_len_mean           | 1e+03       |
|    ep_rew_mean           | -1.2e+03    |
| time/                    |             |
|    fps                   | 117         |
|    iterations            | 17          |
|    time_elapsed          | 295         |
|    total_timesteps       | 34816       |
| train/                   |             |
|    approx_kl             | 0.005177246 |
|    clip_fraction         | 0.026       |
|    clip_range            | 0.2         |
|    cost_returns          | -0.0484     |
|    cost_value_loss       | 0.376       |
|    cost_values           | -0.0736     |
|    entropy               | -2.88       |
|    entropy_loss          | -2.88       |
|    explained_variance    | -0.0222     |
|    lagrangian_multiplier | 0.057       |
|    learning_rate         | 0.0003      |
|    loss                  | 5.97        |
|    n_updates             | 160         |
|    policy_gradient_loss  | -0.00446    |
|    std                   | 1.02        |
|    value_loss            | 354         |
------------------------------------------
------------------------------------------
| rollout/                 |             |
|    ep_len_mean           | 1e+03       |
|    ep_rew_mean           | -1.34e+03   |
| time/                    |             |
|    fps                   | 116         |
|    iterations            | 17          |
|    time_elapsed          | 298         |
|    total_timesteps       | 34816       |
| train/                   |             |
|    approx_kl             | 0.005048562 |
|    clip_fraction         | 0.0369      |
|    clip_range            | 0.2         |
|    cost_returns          | 0.302       |
|    cost_value_loss       | 0.0634      |
|    cost_values           | 0.373       |
|    entropy               | -2.87       |
|    entropy_loss          | -2.87       |
|    explained_variance    | 0.013       |
|    lagrangian_multiplier | 0.047       |
|    learning_rate         | 0.0003      |
|    loss                  | 7.84        |
|    n_updates             | 160         |
|    policy_gradient_loss  | -0.00276    |
|    std                   | 1.01        |
|    value_loss            | 404         |
------------------------------------------
------------------------------------------
| rollout/                 |             |
|    ep_len_mean           | 1e+03       |
|    ep_rew_mean           | -1.27e+03   |
| time/                    |             |
|    fps                   | 116         |
|    iterations            | 17          |
|    time_elapsed          | 298         |
|    total_timesteps       | 34816       |
| train/                   |             |
|    approx_kl             | 0.002843998 |
|    clip_fraction         | 0.0043      |
|    clip_range            | 0.2         |
|    cost_returns          | -0.0346     |
|    cost_value_loss       | 0.0403      |
|    cost_values           | -0.0511     |
|    entropy               | -2.83       |
|    entropy_loss          | -2.83       |
|    explained_variance    | -0.0109     |
|    lagrangian_multiplier | 0.065       |
|    learning_rate         | 0.0003      |
|    loss                  | 4.6         |
|    n_updates             | 160         |
|    policy_gradient_loss  | -0.00227    |
|    std                   | 0.996       |
|    value_loss            | 302         |
------------------------------------------
-------------------------------------------
| rollout/                 |              |
|    ep_len_mean           | 1e+03        |
|    ep_rew_mean           | -1.31e+03    |
| time/                    |              |
|    fps                   | 125          |
|    iterations            | 19           |
|    time_elapsed          | 309          |
|    total_timesteps       | 38912        |
| train/                   |              |
|    approx_kl             | 0.0035654546 |
|    clip_fraction         | 0.0418       |
|    clip_range            | 0.2          |
|    cost_returns          | 0.0544       |
|    cost_value_loss       | 0.018        |
|    cost_values           | 0.0607       |
|    entropy               | -2.92        |
|    entropy_loss          | -2.91        |
|    explained_variance    | 0.0151       |
|    lagrangian_multiplier | 0.0609       |
|    learning_rate         | 0.0003       |
|    loss                  | 11.7         |
|    n_updates             | 180          |
|    policy_gradient_loss  | -0.0047      |
|    std                   | 1.04         |
|    value_loss            | 769          |
-------------------------------------------
-------------------------------------------
| rollout/                 |              |
|    ep_len_mean           | 1e+03        |
|    ep_rew_mean           | -1.21e+03    |
| time/                    |              |
|    fps                   | 117          |
|    iterations            | 18           |
|    time_elapsed          | 312          |
|    total_timesteps       | 36864        |
| train/                   |              |
|    approx_kl             | 0.0061197765 |
|    clip_fraction         | 0.0286       |
|    clip_range            | 0.2          |
|    cost_returns          | 0.104        |
|    cost_value_loss       | 0.216        |
|    cost_values           | 0.117        |
|    entropy               | -2.88        |
|    entropy_loss          | -2.88        |
|    explained_variance    | 0.0252       |
|    lagrangian_multiplier | 0.0504       |
|    learning_rate         | 0.0003       |
|    loss                  | 7.43         |
|    n_updates             | 170          |
|    policy_gradient_loss  | -0.00371     |
|    std                   | 1.02         |
|    value_loss            | 393          |
-------------------------------------------
-------------------------------------------
| rollout/                 |              |
|    ep_len_mean           | 1e+03        |
|    ep_rew_mean           | -1.27e+03    |
| time/                    |              |
|    fps                   | 116          |
|    iterations            | 18           |
|    time_elapsed          | 315          |
|    total_timesteps       | 36864        |
| train/                   |              |
|    approx_kl             | 0.0036584279 |
|    clip_fraction         | 0.0234       |
|    clip_range            | 0.2          |
|    cost_returns          | 0.293        |
|    cost_value_loss       | 0.0989       |
|    cost_values           | 0.365        |
|    entropy               | -2.82        |
|    entropy_loss          | -2.82        |
|    explained_variance    | 0.00988      |
|    lagrangian_multiplier | 0.0546       |
|    learning_rate         | 0.0003       |
|    loss                  | 9.17         |
|    n_updates             | 170          |
|    policy_gradient_loss  | -0.00396     |
|    std                   | 0.991        |
|    value_loss            | 559          |
-------------------------------------------
------------------------------------------
| rollout/                 |             |
|    ep_len_mean           | 1e+03       |
|    ep_rew_mean           | -1.33e+03   |
| time/                    |             |
|    fps                   | 116         |
|    iterations            | 18          |
|    time_elapsed          | 315         |
|    total_timesteps       | 36864       |
| train/                   |             |
|    approx_kl             | 0.005641495 |
|    clip_fraction         | 0.0634      |
|    clip_range            | 0.2         |
|    cost_returns          | 0.282       |
|    cost_value_loss       | 0.0446      |
|    cost_values           | 0.347       |
|    entropy               | -2.86       |
|    entropy_loss          | -2.86       |
|    explained_variance    | -0.00918    |
|    lagrangian_multiplier | 0.0441      |
|    learning_rate         | 0.0003      |
|    loss                  | 10.4        |
|    n_updates             | 170         |
|    policy_gradient_loss  | -0.00579    |
|    std                   | 1.01        |
|    value_loss            | 519         |
------------------------------------------
------------------------------------------
| rollout/                 |             |
|    ep_len_mean           | 1e+03       |
|    ep_rew_mean           | -1.31e+03   |
| time/                    |             |
|    fps                   | 125         |
|    iterations            | 20          |
|    time_elapsed          | 326         |
|    total_timesteps       | 40960       |
| train/                   |             |
|    approx_kl             | 0.004353202 |
|    clip_fraction         | 0.0322      |
|    clip_range            | 0.2         |
|    cost_returns          | 0.214       |
|    cost_value_loss       | 0.0128      |
|    cost_values           | 0.261       |
|    entropy               | -2.93       |
|    entropy_loss          | -2.92       |
|    explained_variance    | 0.0126      |
|    lagrangian_multiplier | 0.0653      |
|    learning_rate         | 0.0003      |
|    loss                  | 10.4        |
|    n_updates             | 190         |
|    policy_gradient_loss  | -0.00276    |
|    std                   | 1.05        |
|    value_loss            | 758         |
------------------------------------------
-------------------------------------------
| rollout/                 |              |
|    ep_len_mean           | 1e+03        |
|    ep_rew_mean           | -1.2e+03     |
| time/                    |              |
|    fps                   | 117          |
|    iterations            | 19           |
|    time_elapsed          | 329          |
|    total_timesteps       | 38912        |
| train/                   |              |
|    approx_kl             | 0.0044451403 |
|    clip_fraction         | 0.0239       |
|    clip_range            | 0.2          |
|    cost_returns          | 0.00786      |
|    cost_value_loss       | 0.259        |
|    cost_values           | 0.00548      |
|    entropy               | -2.88        |
|    entropy_loss          | -2.88        |
|    explained_variance    | -0.00286     |
|    lagrangian_multiplier | 0.0567       |
|    learning_rate         | 0.0003       |
|    loss                  | 6.13         |
|    n_updates             | 180          |
|    policy_gradient_loss  | -0.00623     |
|    std                   | 1.02         |
|    value_loss            | 376          |
-------------------------------------------
-------------------------------------------
| rollout/                 |              |
|    ep_len_mean           | 1e+03        |
|    ep_rew_mean           | -1.25e+03    |
| time/                    |              |
|    fps                   | 116          |
|    iterations            | 19           |
|    time_elapsed          | 332          |
|    total_timesteps       | 38912        |
| train/                   |              |
|    approx_kl             | 0.0050349124 |
|    clip_fraction         | 0.038        |
|    clip_range            | 0.2          |
|    cost_returns          | 0.302        |
|    cost_value_loss       | 0.119        |
|    cost_values           | 0.35         |
|    entropy               | -2.82        |
|    entropy_loss          | -2.82        |
|    explained_variance    | -0.00395     |
|    lagrangian_multiplier | 0.0531       |
|    learning_rate         | 0.0003       |
|    loss                  | 12.5         |
|    n_updates             | 180          |
|    policy_gradient_loss  | -0.00552     |
|    std                   | 0.99         |
|    value_loss            | 719          |
-------------------------------------------
-------------------------------------------
| rollout/                 |              |
|    ep_len_mean           | 1e+03        |
|    ep_rew_mean           | -1.34e+03    |
| time/                    |              |
|    fps                   | 116          |
|    iterations            | 19           |
|    time_elapsed          | 333          |
|    total_timesteps       | 38912        |
| train/                   |              |
|    approx_kl             | 0.0035385406 |
|    clip_fraction         | 0.00693      |
|    clip_range            | 0.2          |
|    cost_returns          | 0.312        |
|    cost_value_loss       | 0.0371       |
|    cost_values           | 0.39         |
|    entropy               | -2.86        |
|    entropy_loss          | -2.86        |
|    explained_variance    | -0.0156      |
|    lagrangian_multiplier | 0.049        |
|    learning_rate         | 0.0003       |
|    loss                  | 9.69         |
|    n_updates             | 180          |
|    policy_gradient_loss  | -0.00241     |
|    std                   | 1.01         |
|    value_loss            | 532          |
-------------------------------------------
------------------------------------------
| rollout/                 |             |
|    ep_len_mean           | 1e+03       |
|    ep_rew_mean           | -1.32e+03   |
| time/                    |             |
|    fps                   | 125         |
|    iterations            | 21          |
|    time_elapsed          | 342         |
|    total_timesteps       | 43008       |
| train/                   |             |
|    approx_kl             | 0.003708284 |
|    clip_fraction         | 0.0176      |
|    clip_range            | 0.2         |
|    cost_returns          | 0.156       |
|    cost_value_loss       | 0.00926     |
|    cost_values           | 0.186       |
|    entropy               | -2.93       |
|    entropy_loss          | -2.93       |
|    explained_variance    | 0.0156      |
|    lagrangian_multiplier | 0.0613      |
|    learning_rate         | 0.0003      |
|    loss                  | 7.57        |
|    n_updates             | 200         |
|    policy_gradient_loss  | -0.00289    |
|    std                   | 1.05        |
|    value_loss            | 525         |
------------------------------------------
------------------------------------------
| rollout/                 |             |
|    ep_len_mean           | 1e+03       |
|    ep_rew_mean           | -1.21e+03   |
| time/                    |             |
|    fps                   | 117         |
|    iterations            | 20          |
|    time_elapsed          | 347         |
|    total_timesteps       | 40960       |
| train/                   |             |
|    approx_kl             | 0.007075549 |
|    clip_fraction         | 0.0319      |
|    clip_range            | 0.2         |
|    cost_returns          | -0.229      |
|    cost_value_loss       | 0.268       |
|    cost_values           | -0.264      |
|    entropy               | -2.88       |
|    entropy_loss          | -2.88       |
|    explained_variance    | -0.0282     |
|    lagrangian_multiplier | 0.0653      |
|    learning_rate         | 0.0003      |
|    loss                  | 7.91        |
|    n_updates             | 190         |
|    policy_gradient_loss  | -0.00477    |
|    std                   | 1.02        |
|    value_loss            | 535         |
------------------------------------------
-------------------------------------------
| rollout/                 |              |
|    ep_len_mean           | 1e+03        |
|    ep_rew_mean           | -1.23e+03    |
| time/                    |              |
|    fps                   | 116          |
|    iterations            | 20           |
|    time_elapsed          | 350          |
|    total_timesteps       | 40960        |
| train/                   |              |
|    approx_kl             | 0.0013390618 |
|    clip_fraction         | 0.00435      |
|    clip_range            | 0.2          |
|    cost_returns          | 0.135        |
|    cost_value_loss       | 0.0608       |
|    cost_values           | 0.161        |
|    entropy               | -2.82        |
|    entropy_loss          | -2.82        |
|    explained_variance    | 0.0145       |
|    lagrangian_multiplier | 0.0596       |
|    learning_rate         | 0.0003       |
|    loss                  | 2.88         |
|    n_updates             | 190          |
|    policy_gradient_loss  | -0.00134     |
|    std                   | 0.989        |
|    value_loss            | 199          |
-------------------------------------------
-------------------------------------------
| rollout/                 |              |
|    ep_len_mean           | 1e+03        |
|    ep_rew_mean           | -1.34e+03    |
| time/                    |              |
|    fps                   | 116          |
|    iterations            | 20           |
|    time_elapsed          | 351          |
|    total_timesteps       | 40960        |
| train/                   |              |
|    approx_kl             | 0.0043584025 |
|    clip_fraction         | 0.0108       |
|    clip_range            | 0.2          |
|    cost_returns          | 0.287        |
|    cost_value_loss       | 0.0694       |
|    cost_values           | 0.354        |
|    entropy               | -2.86        |
|    entropy_loss          | -2.86        |
|    explained_variance    | 0.0477       |
|    lagrangian_multiplier | 0.0409       |
|    learning_rate         | 0.0003       |
|    loss                  | 15           |
|    n_updates             | 190          |
|    policy_gradient_loss  | -0.00334     |
|    std                   | 1.01         |
|    value_loss            | 676          |
-------------------------------------------
slurmstepd: error: *** STEP 115160.1 ON ddpg.ist.berkeley.edu CANCELLED AT 2023-12-29T18:16:02 ***
slurmstepd: error: *** STEP 115160.3 ON gail.ist.berkeley.edu CANCELLED AT 2023-12-29T18:16:02 ***
slurmstepd: error: *** STEP 115160.2 ON dqn.ist.berkeley.edu CANCELLED AT 2023-12-29T18:16:02 ***
slurmstepd: error: *** JOB 115160 ON airl.ist.berkeley.edu CANCELLED AT 2023-12-30T02:16:02 ***
slurmstepd: error: *** STEP 115160.0 ON airl.ist.berkeley.edu CANCELLED AT 2023-12-30T02:16:02 ***
