Running script with speed limit: 2
Running script with speed limit: 4
Running script with speed limit: 8
Running script with speed limit: 16
Running script with speed limit: 2
Running script with speed limit: 4
Running script with speed limit: 8
Running script with speed limit: 16
Running script with speed limit: 2
Running script with speed limit: 4
Running script with speed limit: 8
Running script with speed limit: 16
usage: train_ppol.py [-h] [--config_path str] [--task str] [--cost_limit str]
                     [--device str] [--thread str] [--seed str]
                     [--use_default_cfg str] [--lr str] [--hidden_sizes str]
                     [--unbounded str] [--last_layer_scale str]
                     [--target_kl str] [--vf_coef str] [--max_grad_norm str]
                     [--gae_lambda str] [--eps_clip str] [--dual_clip str]
                     [--value_clip str] [--norm_adv str] [--recompute_adv str]
                     [--use_lagrangian str] [--lagrangian_pid str]
                     [--rescaling str] [--gamma str] [--max_batchsize str]
                     [--rew_norm str] [--deterministic_eval str]
                     [--action_scaling str] [--action_bound_method str]
                     [--epoch str] [--episode_per_collect str]
                     [--step_per_epoch str] [--repeat_per_collect str]
                     [--buffer_size str] [--worker str] [--training_num str]
                     [--testing_num str] [--batch_size str]
                     [--reward_threshold str] [--save_interval str]
                     [--resume str] [--save_ckpt str] [--verbose str]
                     [--render str] [--logdir str] [--project str]
                     [--group str] [--name str] [--prefix str] [--suffix str]
                     [--render_mode str] [--env_config_file str]
                     [--constraint_type str]
train_ppol.py: error: unrecognized arguments: --speed_limit 4
usage: train_ppol.py [-h] [--config_path str] [--task str] [--cost_limit str]
                     [--device str] [--thread str] [--seed str]
                     [--use_default_cfg str] [--lr str] [--hidden_sizes str]
                     [--unbounded str] [--last_layer_scale str]
                     [--target_kl str] [--vf_coef str] [--max_grad_norm str]
                     [--gae_lambda str] [--eps_clip str] [--dual_clip str]
                     [--value_clip str] [--norm_adv str] [--recompute_adv str]
                     [--use_lagrangian str] [--lagrangian_pid str]
                     [--rescaling str] [--gamma str] [--max_batchsize str]
                     [--rew_norm str] [--deterministic_eval str]
                     [--action_scaling str] [--action_bound_method str]
                     [--epoch str] [--episode_per_collect str]
                     [--step_per_epoch str] [--repeat_per_collect str]
                     [--buffer_size str] [--worker str] [--training_num str]
                     [--testing_num str] [--batch_size str]
                     [--reward_threshold str] [--save_interval str]
                     [--resume str] [--save_ckpt str] [--verbose str]
                     [--render str] [--logdir str] [--project str]
                     [--group str] [--name str] [--prefix str] [--suffix str]
                     [--render_mode str] [--env_config_file str]
                     [--constraint_type str]
train_ppol.py: error: unrecognized arguments: --speed_limit 8
usage: train_ppol.py [-h] [--config_path str] [--task str] [--cost_limit str]
                     [--device str] [--thread str] [--seed str]
                     [--use_default_cfg str] [--lr str] [--hidden_sizes str]
                     [--unbounded str] [--last_layer_scale str]
                     [--target_kl str] [--vf_coef str] [--max_grad_norm str]
                     [--gae_lambda str] [--eps_clip str] [--dual_clip str]
                     [--value_clip str] [--norm_adv str] [--recompute_adv str]
                     [--use_lagrangian str] [--lagrangian_pid str]
                     [--rescaling str] [--gamma str] [--max_batchsize str]
                     [--rew_norm str] [--deterministic_eval str]
                     [--action_scaling str] [--action_bound_method str]
                     [--epoch str] [--episode_per_collect str]
                     [--step_per_epoch str] [--repeat_per_collect str]
                     [--buffer_size str] [--worker str] [--training_num str]
                     [--testing_num str] [--batch_size str]
                     [--reward_threshold str] [--save_interval str]
                     [--resume str] [--save_ckpt str] [--verbose str]
                     [--render str] [--logdir str] [--project str]
                     [--group str] [--name str] [--prefix str] [--suffix str]
                     [--render_mode str] [--env_config_file str]
                     [--constraint_type str]
train_ppol.py: error: unrecognized arguments: --speed_limit 4
srun: error: sac.ist.berkeley.edu: task 0: Exited with exit code 2
usage: train_ppol.py [-h] [--config_path str] [--task str] [--cost_limit str]
                     [--device str] [--thread str] [--seed str]
                     [--use_default_cfg str] [--lr str] [--hidden_sizes str]
                     [--unbounded str] [--last_layer_scale str]
                     [--target_kl str] [--vf_coef str] [--max_grad_norm str]
                     [--gae_lambda str] [--eps_clip str] [--dual_clip str]
                     [--value_clip str] [--norm_adv str] [--recompute_adv str]
                     [--use_lagrangian str] [--lagrangian_pid str]
                     [--rescaling str] [--gamma str] [--max_batchsize str]
                     [--rew_norm str] [--deterministic_eval str]
                     [--action_scaling str] [--action_bound_method str]
                     [--epoch str] [--episode_per_collect str]
                     [--step_per_epoch str] [--repeat_per_collect str]
                     [--buffer_size str] [--worker str] [--training_num str]
                     [--testing_num str] [--batch_size str]
                     [--reward_threshold str] [--save_interval str]
                     [--resume str] [--save_ckpt str] [--verbose str]
                     [--render str] [--logdir str] [--project str]
                     [--group str] [--name str] [--prefix str] [--suffix str]
                     [--render_mode str] [--env_config_file str]
                     [--constraint_type str]
train_ppol.py: error: unrecognized arguments: --speed_limit 2
srun: error: vae.ist.berkeley.edu: task 0: Exited with exit code 2
srun: error: ppo.ist.berkeley.edu: task 0: Exited with exit code 2
srun: error: dqn.ist.berkeley.edu: task 0: Exited with exit code 2
srun: Job 106258 step creation temporarily disabled, retrying (Requested nodes are busy)
srun: Step created for StepId=106258.4
srun: Job 106258 step creation temporarily disabled, retrying (Requested nodes are busy)
srun: Step created for StepId=106258.5
srun: Job 106258 step creation temporarily disabled, retrying (Requested nodes are busy)
srun: Step created for StepId=106258.6
srun: Job 106258 step creation temporarily disabled, retrying (Requested nodes are busy)
srun: Step created for StepId=106258.7
usage: train_ppol.py [-h] [--config_path str] [--task str] [--cost_limit str]
                     [--device str] [--thread str] [--seed str]
                     [--use_default_cfg str] [--lr str] [--hidden_sizes str]
                     [--unbounded str] [--last_layer_scale str]
                     [--target_kl str] [--vf_coef str] [--max_grad_norm str]
                     [--gae_lambda str] [--eps_clip str] [--dual_clip str]
                     [--value_clip str] [--norm_adv str] [--recompute_adv str]
                     [--use_lagrangian str] [--lagrangian_pid str]
                     [--rescaling str] [--gamma str] [--max_batchsize str]
                     [--rew_norm str] [--deterministic_eval str]
                     [--action_scaling str] [--action_bound_method str]
                     [--epoch str] [--episode_per_collect str]
                     [--step_per_epoch str] [--repeat_per_collect str]
                     [--buffer_size str] [--worker str] [--training_num str]
                     [--testing_num str] [--batch_size str]
                     [--reward_threshold str] [--save_interval str]
                     [--resume str] [--save_ckpt str] [--verbose str]
                     [--render str] [--logdir str] [--project str]
                     [--group str] [--name str] [--prefix str] [--suffix str]
                     [--render_mode str] [--env_config_file str]
                     [--constraint_type str]
train_ppol.py: error: unrecognized arguments: --speed_limit 4
srun: Job 106258 step creation temporarily disabled, retrying (Requested nodes are busy)
srun: error: dqn.ist.berkeley.edu: task 0: Exited with exit code 2
usage: train_ppol.py [-h] [--config_path str] [--task str] [--cost_limit str]
                     [--device str] [--thread str] [--seed str]
                     [--use_default_cfg str] [--lr str] [--hidden_sizes str]
                     [--unbounded str] [--last_layer_scale str]
                     [--target_kl str] [--vf_coef str] [--max_grad_norm str]
                     [--gae_lambda str] [--eps_clip str] [--dual_clip str]
                     [--value_clip str] [--norm_adv str] [--recompute_adv str]
                     [--use_lagrangian str] [--lagrangian_pid str]
                     [--rescaling str] [--gamma str] [--max_batchsize str]
                     [--rew_norm str] [--deterministic_eval str]
                     [--action_scaling str] [--action_bound_method str]
                     [--epoch str] [--episode_per_collect str]
                     [--step_per_epoch str] [--repeat_per_collect str]
                     [--buffer_size str] [--worker str] [--training_num str]
                     [--testing_num str] [--batch_size str]
                     [--reward_threshold str] [--save_interval str]
                     [--resume str] [--save_ckpt str] [--verbose str]
                     [--render str] [--logdir str] [--project str]
                     [--group str] [--name str] [--prefix str] [--suffix str]
                     [--render_mode str] [--env_config_file str]
                     [--constraint_type str]
train_ppol.py: error: unrecognized arguments: --speed_limit 2
usage: train_ppol.py [-h] [--config_path str] [--task str] [--cost_limit str]
                     [--device str] [--thread str] [--seed str]
                     [--use_default_cfg str] [--lr str] [--hidden_sizes str]
                     [--unbounded str] [--last_layer_scale str]
                     [--target_kl str] [--vf_coef str] [--max_grad_norm str]
                     [--gae_lambda str] [--eps_clip str] [--dual_clip str]
                     [--value_clip str] [--norm_adv str] [--recompute_adv str]
                     [--use_lagrangian str] [--lagrangian_pid str]
                     [--rescaling str] [--gamma str] [--max_batchsize str]
                     [--rew_norm str] [--deterministic_eval str]
                     [--action_scaling str] [--action_bound_method str]
                     [--epoch str] [--episode_per_collect str]
                     [--step_per_epoch str] [--repeat_per_collect str]
                     [--buffer_size str] [--worker str] [--training_num str]
                     [--testing_num str] [--batch_size str]
                     [--reward_threshold str] [--save_interval str]
                     [--resume str] [--save_ckpt str] [--verbose str]
                     [--render str] [--logdir str] [--project str]
                     [--group str] [--name str] [--prefix str] [--suffix str]
                     [--render_mode str] [--env_config_file str]
                     [--constraint_type str]
train_ppol.py: error: unrecognized arguments: --speed_limit 8
srun: error: ppo.ist.berkeley.edu: task 0: Exited with exit code 2
srun: error: sac.ist.berkeley.edu: task 0: Exited with exit code 2
usage: train_ppol.py [-h] [--config_path str] [--task str] [--cost_limit str]
                     [--device str] [--thread str] [--seed str]
                     [--use_default_cfg str] [--lr str] [--hidden_sizes str]
                     [--unbounded str] [--last_layer_scale str]
                     [--target_kl str] [--vf_coef str] [--max_grad_norm str]
                     [--gae_lambda str] [--eps_clip str] [--dual_clip str]
                     [--value_clip str] [--norm_adv str] [--recompute_adv str]
                     [--use_lagrangian str] [--lagrangian_pid str]
                     [--rescaling str] [--gamma str] [--max_batchsize str]
                     [--rew_norm str] [--deterministic_eval str]
                     [--action_scaling str] [--action_bound_method str]
                     [--epoch str] [--episode_per_collect str]
                     [--step_per_epoch str] [--repeat_per_collect str]
                     [--buffer_size str] [--worker str] [--training_num str]
                     [--testing_num str] [--batch_size str]
                     [--reward_threshold str] [--save_interval str]
                     [--resume str] [--save_ckpt str] [--verbose str]
                     [--render str] [--logdir str] [--project str]
                     [--group str] [--name str] [--prefix str] [--suffix str]
                     [--render_mode str] [--env_config_file str]
                     [--constraint_type str]
train_ppol.py: error: unrecognized arguments: --speed_limit 16
srun: error: vae.ist.berkeley.edu: task 0: Exited with exit code 2
srun: Job 106258 step creation temporarily disabled, retrying (Requested nodes are busy)
srun: Step created for StepId=106258.8
srun: Job 106258 step creation temporarily disabled, retrying (Requested nodes are busy)
srun: Step created for StepId=106258.9
srun: Job 106258 step creation temporarily disabled, retrying (Requested nodes are busy)
srun: Step created for StepId=106258.10
usage: train_ppol.py [-h] [--config_path str] [--task str] [--cost_limit str]
                     [--device str] [--thread str] [--seed str]
                     [--use_default_cfg str] [--lr str] [--hidden_sizes str]
                     [--unbounded str] [--last_layer_scale str]
                     [--target_kl str] [--vf_coef str] [--max_grad_norm str]
                     [--gae_lambda str] [--eps_clip str] [--dual_clip str]
                     [--value_clip str] [--norm_adv str] [--recompute_adv str]
                     [--use_lagrangian str] [--lagrangian_pid str]
                     [--rescaling str] [--gamma str] [--max_batchsize str]
                     [--rew_norm str] [--deterministic_eval str]
                     [--action_scaling str] [--action_bound_method str]
                     [--epoch str] [--episode_per_collect str]
                     [--step_per_epoch str] [--repeat_per_collect str]
                     [--buffer_size str] [--worker str] [--training_num str]
                     [--testing_num str] [--batch_size str]
                     [--reward_threshold str] [--save_interval str]
                     [--resume str] [--save_ckpt str] [--verbose str]
                     [--render str] [--logdir str] [--project str]
                     [--group str] [--name str] [--prefix str] [--suffix str]
                     [--render_mode str] [--env_config_file str]
                     [--constraint_type str]
train_ppol.py: error: unrecognized arguments: --speed_limit 8
srun: error: dqn.ist.berkeley.edu: task 0: Exited with exit code 2
usage: train_ppol.py [-h] [--config_path str] [--task str] [--cost_limit str]
                     [--device str] [--thread str] [--seed str]
                     [--use_default_cfg str] [--lr str] [--hidden_sizes str]
                     [--unbounded str] [--last_layer_scale str]
                     [--target_kl str] [--vf_coef str] [--max_grad_norm str]
                     [--gae_lambda str] [--eps_clip str] [--dual_clip str]
                     [--value_clip str] [--norm_adv str] [--recompute_adv str]
                     [--use_lagrangian str] [--lagrangian_pid str]
                     [--rescaling str] [--gamma str] [--max_batchsize str]
                     [--rew_norm str] [--deterministic_eval str]
                     [--action_scaling str] [--action_bound_method str]
                     [--epoch str] [--episode_per_collect str]
                     [--step_per_epoch str] [--repeat_per_collect str]
                     [--buffer_size str] [--worker str] [--training_num str]
                     [--testing_num str] [--batch_size str]
                     [--reward_threshold str] [--save_interval str]
                     [--resume str] [--save_ckpt str] [--verbose str]
                     [--render str] [--logdir str] [--project str]
                     [--group str] [--name str] [--prefix str] [--suffix str]
                     [--render_mode str] [--env_config_file str]
                     [--constraint_type str]
train_ppol.py: error: unrecognized arguments: --speed_limit 16
srun: error: ppo.ist.berkeley.edu: task 0: Exited with exit code 2
usage: train_ppol.py [-h] [--config_path str] [--task str] [--cost_limit str]
                     [--device str] [--thread str] [--seed str]
                     [--use_default_cfg str] [--lr str] [--hidden_sizes str]
                     [--unbounded str] [--last_layer_scale str]
                     [--target_kl str] [--vf_coef str] [--max_grad_norm str]
                     [--gae_lambda str] [--eps_clip str] [--dual_clip str]
                     [--value_clip str] [--norm_adv str] [--recompute_adv str]
                     [--use_lagrangian str] [--lagrangian_pid str]
                     [--rescaling str] [--gamma str] [--max_batchsize str]
                     [--rew_norm str] [--deterministic_eval str]
                     [--action_scaling str] [--action_bound_method str]
                     [--epoch str] [--episode_per_collect str]
                     [--step_per_epoch str] [--repeat_per_collect str]
                     [--buffer_size str] [--worker str] [--training_num str]
                     [--testing_num str] [--batch_size str]
                     [--reward_threshold str] [--save_interval str]
                     [--resume str] [--save_ckpt str] [--verbose str]
                     [--render str] [--logdir str] [--project str]
                     [--group str] [--name str] [--prefix str] [--suffix str]
                     [--render_mode str] [--env_config_file str]
                     [--constraint_type str]
train_ppol.py: error: unrecognized arguments: --speed_limit 2
srun: error: sac.ist.berkeley.edu: task 0: Exited with exit code 2
srun: Job 106258 step creation still disabled, retrying (Requested nodes are busy)
srun: Step created for StepId=106258.11
usage: train_ppol.py [-h] [--config_path str] [--task str] [--cost_limit str]
                     [--device str] [--thread str] [--seed str]
                     [--use_default_cfg str] [--lr str] [--hidden_sizes str]
                     [--unbounded str] [--last_layer_scale str]
                     [--target_kl str] [--vf_coef str] [--max_grad_norm str]
                     [--gae_lambda str] [--eps_clip str] [--dual_clip str]
                     [--value_clip str] [--norm_adv str] [--recompute_adv str]
                     [--use_lagrangian str] [--lagrangian_pid str]
                     [--rescaling str] [--gamma str] [--max_batchsize str]
                     [--rew_norm str] [--deterministic_eval str]
                     [--action_scaling str] [--action_bound_method str]
                     [--epoch str] [--episode_per_collect str]
                     [--step_per_epoch str] [--repeat_per_collect str]
                     [--buffer_size str] [--worker str] [--training_num str]
                     [--testing_num str] [--batch_size str]
                     [--reward_threshold str] [--save_interval str]
                     [--resume str] [--save_ckpt str] [--verbose str]
                     [--render str] [--logdir str] [--project str]
                     [--group str] [--name str] [--prefix str] [--suffix str]
                     [--render_mode str] [--env_config_file str]
                     [--constraint_type str]
train_ppol.py: error: unrecognized arguments: --speed_limit 16
srun: error: dqn.ist.berkeley.edu: task 0: Exited with exit code 2
