wandb: Login to W&B to use the sweep feature
wandb: Login to W&B to use the sweep feature
wandb: ERROR Find detailed error logs at: /nas/ucb/mason/ethically-compliant-rl/wandb/debug-cli.mason.log
wandb: ERROR Find detailed error logs at: /nas/ucb/mason/ethically-compliant-rl/wandb/debug-cli.mason.log
Error: api_key not configured (no-tty). call wandb login [your_api_key]
Error: api_key not configured (no-tty). call wandb login [your_api_key]
Usage: wandb agent [OPTIONS] SWEEP_ID
Try 'wandb agent --help' for help.

Error: Missing argument 'SWEEP_ID'.
srun: error: airl.ist.berkeley.edu: task 0: Exited with exit code 2
Usage: wandb agent [OPTIONS] SWEEP_ID
Try 'wandb agent --help' for help.

Error: Missing argument 'SWEEP_ID'.
srun: error: sac.ist.berkeley.edu: task 0: Exited with exit code 2
Usage: wandb agent [OPTIONS] SWEEP_ID
Try 'wandb agent --help' for help.

Error: Missing argument 'SWEEP_ID'.
Usage: wandb agent [OPTIONS] SWEEP_ID
Try 'wandb agent --help' for help.

Error: Missing argument 'SWEEP_ID'.
srun: error: ppo.ist.berkeley.edu: task 0: Exited with exit code 2
srun: error: ddpg.ist.berkeley.edu: task 0: Exited with exit code 2
Usage: wandb agent [OPTIONS] SWEEP_ID
Try 'wandb agent --help' for help.

Error: Missing argument 'SWEEP_ID'.
Usage: wandb agent [OPTIONS] SWEEP_ID
Try 'wandb agent --help' for help.

Error: Missing argument 'SWEEP_ID'.
srun: error: gail.ist.berkeley.edu: task 0: Exited with exit code 2
srun: error: gan.ist.berkeley.edu: task 0: Exited with exit code 2
