Traceback (most recent call last):
  File "/nas/ucb/mason/ethically-compliant-rl/CPO/train_cpo_custom.py", line 38, in <module>
    from fsrl.config.cpo_cfg import TrainCfg
  File "/nas/ucb/mason/ethically-compliant-rl/FSRL/fsrl/config/cpo_cfg.py", line 6, in <module>
    class TrainCfg:
  File "/usr/lib/python3.9/dataclasses.py", line 1021, in dataclass
    return wrap(cls)
  File "/usr/lib/python3.9/dataclasses.py", line 1013, in wrap
    return _process_class(cls, init, repr, eq, order, unsafe_hash, frozen)
  File "/usr/lib/python3.9/dataclasses.py", line 863, in _process_class
    cls_fields = [_get_field(cls, name, type)
  File "/usr/lib/python3.9/dataclasses.py", line 863, in <listcomp>
    cls_fields = [_get_field(cls, name, type)
  File "/usr/lib/python3.9/dataclasses.py", line 747, in _get_field
    raise ValueError(f'mutable default {type(f.default)} for field '
ValueError: mutable default <class 'list'> for field cost_limit is not allowed: use default_factory
Traceback (most recent call last):
  File "/nas/ucb/mason/ethically-compliant-rl/CPO/train_cpo_custom.py", line 38, in <module>
    from fsrl.config.cpo_cfg import TrainCfg
  File "/nas/ucb/mason/ethically-compliant-rl/FSRL/fsrl/config/cpo_cfg.py", line 6, in <module>
    class TrainCfg:
  File "/usr/lib/python3.9/dataclasses.py", line 1021, in dataclass
    return wrap(cls)
  File "/usr/lib/python3.9/dataclasses.py", line 1013, in wrap
    return _process_class(cls, init, repr, eq, order, unsafe_hash, frozen)
  File "/usr/lib/python3.9/dataclasses.py", line 863, in _process_class
    cls_fields = [_get_field(cls, name, type)
  File "/usr/lib/python3.9/dataclasses.py", line 863, in <listcomp>
    cls_fields = [_get_field(cls, name, type)
  File "/usr/lib/python3.9/dataclasses.py", line 747, in _get_field
    raise ValueError(f'mutable default {type(f.default)} for field '
ValueError: mutable default <class 'list'> for field cost_limit is not allowed: use default_factory
Traceback (most recent call last):
  File "/nas/ucb/mason/ethically-compliant-rl/CPO/train_cpo_custom.py", line 38, in <module>
    from fsrl.config.cpo_cfg import TrainCfg
  File "/nas/ucb/mason/ethically-compliant-rl/FSRL/fsrl/config/cpo_cfg.py", line 6, in <module>
    class TrainCfg:
  File "/usr/lib/python3.9/dataclasses.py", line 1021, in dataclass
    return wrap(cls)
  File "/usr/lib/python3.9/dataclasses.py", line 1013, in wrap
    return _process_class(cls, init, repr, eq, order, unsafe_hash, frozen)
  File "/usr/lib/python3.9/dataclasses.py", line 863, in _process_class
    cls_fields = [_get_field(cls, name, type)
  File "/usr/lib/python3.9/dataclasses.py", line 863, in <listcomp>
    cls_fields = [_get_field(cls, name, type)
  File "/usr/lib/python3.9/dataclasses.py", line 747, in _get_field
    raise ValueError(f'mutable default {type(f.default)} for field '
ValueError: mutable default <class 'list'> for field cost_limit is not allowed: use default_factory
srun: error: airl.ist.berkeley.edu: task 0: Exited with exit code 1
srun: error: ddpg.ist.berkeley.edu: task 0: Exited with exit code 1
srun: error: gail.ist.berkeley.edu: task 0: Exited with exit code 1
