wandb: Currently logged in as: mason-nakamura1 (ecrl). Use `wandb login --relogin` to force relogin
wandb: Currently logged in as: mason-nakamura1 (ecrl). Use `wandb login --relogin` to force relogin
wandb: wandb version 0.16.2 is available!  To upgrade, please run:
wandb:  $ pip install wandb --upgrade
wandb: Tracking run with wandb version 0.14.2
wandb: Run data is saved locally in /nas/ucb/mason/ethically-compliant-rl/wandb/run-20240110_085516-ow4f1140
wandb: Run `wandb offline` to turn off syncing.
wandb: Syncing run ethereal-capybara-7
wandb: ⭐️ View project at https://wandb.ai/ecrl/PPO%2BPPOL2
wandb: 🚀 View run at https://wandb.ai/ecrl/PPO%2BPPOL2/runs/ow4f1140
wandb: Currently logged in as: mason-nakamura1 (ecrl). Use `wandb login --relogin` to force relogin
wandb: wandb version 0.16.2 is available!  To upgrade, please run:
wandb:  $ pip install wandb --upgrade
wandb: Tracking run with wandb version 0.14.2
wandb: Run data is saved locally in /nas/ucb/mason/ethically-compliant-rl/wandb/run-20240110_005516-cf8djfrn
wandb: Run `wandb offline` to turn off syncing.
wandb: Syncing run dutiful-snowball-8
wandb: ⭐️ View project at https://wandb.ai/ecrl/PPO%2BPPOL2
wandb: 🚀 View run at https://wandb.ai/ecrl/PPO%2BPPOL2/runs/cf8djfrn
wandb: wandb version 0.16.2 is available!  To upgrade, please run:
wandb:  $ pip install wandb --upgrade
wandb: Tracking run with wandb version 0.14.2
wandb: Run data is saved locally in /nas/ucb/mason/ethically-compliant-rl/wandb/run-20240110_005517-vkbffepk
wandb: Run `wandb offline` to turn off syncing.
wandb: Syncing run bumbling-silence-9
wandb: ⭐️ View project at https://wandb.ai/ecrl/PPO%2BPPOL2
wandb: 🚀 View run at https://wandb.ai/ecrl/PPO%2BPPOL2/runs/vkbffepk
Using cpu device
------------------------------------
| cost               | 0           |
| is_success         | 0           |
| reward             | -0.41733024 |
| rollout/           |             |
|    ep_len_mean     | 1e+03       |
|    ep_rew_mean     | -1.37e+03   |
| time/              |             |
|    fps             | 110         |
|    iterations      | 1           |
|    time_elapsed    | 18          |
|    total_timesteps | 2048        |
------------------------------------
/nas/ucb/mason/ethically-compliant-rl/.venv/lib/python3.9/site-packages/numpy/core/fromnumeric.py:3464: RuntimeWarning: Mean of empty slice.
  return _methods._mean(a, axis=axis, dtype=dtype,
/nas/ucb/mason/ethically-compliant-rl/.venv/lib/python3.9/site-packages/numpy/core/_methods.py:192: RuntimeWarning: invalid value encountered in scalar divide
  ret = ret.dtype.type(ret / rcount)
Using cpu device
------------------------------------
| cost               | 0           |
| is_success         | 0           |
| reward             | -0.55696195 |
| rollout/           |             |
|    ep_len_mean     | 1e+03       |
|    ep_rew_mean     | -1.38e+03   |
| time/              |             |
|    fps             | 105         |
|    iterations      | 1           |
|    time_elapsed    | 19          |
|    total_timesteps | 2048        |
------------------------------------
/nas/ucb/mason/ethically-compliant-rl/.venv/lib/python3.9/site-packages/numpy/core/fromnumeric.py:3464: RuntimeWarning: Mean of empty slice.
  return _methods._mean(a, axis=axis, dtype=dtype,
/nas/ucb/mason/ethically-compliant-rl/.venv/lib/python3.9/site-packages/numpy/core/_methods.py:192: RuntimeWarning: invalid value encountered in scalar divide
  ret = ret.dtype.type(ret / rcount)
Using cpu device
------------------------------------
| cost               | 0           |
| is_success         | 0           |
| reward             | -0.39155287 |
| rollout/           |             |
|    ep_len_mean     | 1e+03       |
|    ep_rew_mean     | -1.34e+03   |
| time/              |             |
|    fps             | 92          |
|    iterations      | 1           |
|    time_elapsed    | 22          |
|    total_timesteps | 2048        |
------------------------------------
/nas/ucb/mason/ethically-compliant-rl/.venv/lib/python3.9/site-packages/numpy/core/fromnumeric.py:3464: RuntimeWarning: Mean of empty slice.
  return _methods._mean(a, axis=axis, dtype=dtype,
/nas/ucb/mason/ethically-compliant-rl/.venv/lib/python3.9/site-packages/numpy/core/_methods.py:192: RuntimeWarning: invalid value encountered in scalar divide
  ret = ret.dtype.type(ret / rcount)
-------------------------------------------
| cost                     | 0            |
| is_success               | 0            |
| reward                   | -0.8193391   |
| rollout/                 |              |
|    ep_len_mean           | 1e+03        |
|    ep_rew_mean           | -1.26e+03    |
| time/                    |              |
|    fps                   | 107          |
|    iterations            | 2            |
|    time_elapsed          | 37           |
|    total_timesteps       | 4096         |
| train/                   |              |
|    approx_kl             | 0.0042132773 |
|    clip_fraction         | 0.033        |
|    clip_range            | 0.2          |
|    cost_returns          | 9.1          |
|    cost_value_loss       | nan          |
|    cost_values           | nan          |
|    entropy               | -2.85        |
|    entropy_loss          | -2.84        |
|    explained_variance    | 0.0286       |
|    lagrangian_multiplier | 0            |
|    learning_rate         | 0.0003       |
|    loss                  | 300          |
|    n_updates             | 10           |
|    policy_gradient_loss  | -0.00623     |
|    std                   | 1.01         |
|    value_loss            | 597          |
-------------------------------------------
/nas/ucb/mason/ethically-compliant-rl/.venv/lib/python3.9/site-packages/numpy/core/fromnumeric.py:3464: RuntimeWarning: Mean of empty slice.
  return _methods._mean(a, axis=axis, dtype=dtype,
/nas/ucb/mason/ethically-compliant-rl/.venv/lib/python3.9/site-packages/numpy/core/_methods.py:192: RuntimeWarning: invalid value encountered in scalar divide
  ret = ret.dtype.type(ret / rcount)
-------------------------------------------
| cost                     | 0            |
| is_success               | 0            |
| reward                   | -0.6494906   |
| rollout/                 |              |
|    ep_len_mean           | 1e+03        |
|    ep_rew_mean           | -1.29e+03    |
| time/                    |              |
|    fps                   | 102          |
|    iterations            | 2            |
|    time_elapsed          | 39           |
|    total_timesteps       | 4096         |
| train/                   |              |
|    approx_kl             | 0.0045678206 |
|    clip_fraction         | 0.0357       |
|    clip_range            | 0.2          |
|    cost_returns          | 9.01         |
|    cost_value_loss       | nan          |
|    cost_values           | nan          |
|    entropy               | -2.85        |
|    entropy_loss          | -2.84        |
|    explained_variance    | 0.0201       |
|    lagrangian_multiplier | 0            |
|    learning_rate         | 0.0003       |
|    loss                  | 313          |
|    n_updates             | 10           |
|    policy_gradient_loss  | -0.00644     |
|    std                   | 1.01         |
|    value_loss            | 625          |
-------------------------------------------
/nas/ucb/mason/ethically-compliant-rl/.venv/lib/python3.9/site-packages/numpy/core/fromnumeric.py:3464: RuntimeWarning: Mean of empty slice.
  return _methods._mean(a, axis=axis, dtype=dtype,
/nas/ucb/mason/ethically-compliant-rl/.venv/lib/python3.9/site-packages/numpy/core/_methods.py:192: RuntimeWarning: invalid value encountered in scalar divide
  ret = ret.dtype.type(ret / rcount)
------------------------------------------
| cost                     | 0           |
| is_success               | 0           |
| reward                   | -0.9604467  |
| rollout/                 |             |
|    ep_len_mean           | 1e+03       |
|    ep_rew_mean           | -1.18e+03   |
| time/                    |             |
|    fps                   | 90          |
|    iterations            | 2           |
|    time_elapsed          | 45          |
|    total_timesteps       | 4096        |
| train/                   |             |
|    approx_kl             | 0.004692125 |
|    clip_fraction         | 0.0371      |
|    clip_range            | 0.2         |
|    cost_returns          | 8.95        |
|    cost_value_loss       | nan         |
|    cost_values           | nan         |
|    entropy               | -2.85       |
|    entropy_loss          | -2.84       |
|    explained_variance    | 0.026       |
|    lagrangian_multiplier | 0           |
|    learning_rate         | 0.0003      |
|    loss                  | 295         |
|    n_updates             | 10          |
|    policy_gradient_loss  | -0.00644    |
|    std                   | 1.01        |
|    value_loss            | 589         |
------------------------------------------
/nas/ucb/mason/ethically-compliant-rl/.venv/lib/python3.9/site-packages/numpy/core/fromnumeric.py:3464: RuntimeWarning: Mean of empty slice.
  return _methods._mean(a, axis=axis, dtype=dtype,
/nas/ucb/mason/ethically-compliant-rl/.venv/lib/python3.9/site-packages/numpy/core/_methods.py:192: RuntimeWarning: invalid value encountered in scalar divide
  ret = ret.dtype.type(ret / rcount)
-------------------------------------------
| cost                     | 0            |
| is_success               | 0            |
| reward                   | -0.503056    |
| rollout/                 |              |
|    ep_len_mean           | 1e+03        |
|    ep_rew_mean           | -1.4e+03     |
| time/                    |              |
|    fps                   | 106          |
|    iterations            | 3            |
|    time_elapsed          | 57           |
|    total_timesteps       | 6144         |
| train/                   |              |
|    approx_kl             | 0.0036874996 |
|    clip_fraction         | 0.00923      |
|    clip_range            | 0.2          |
|    cost_returns          | 10.6         |
|    cost_value_loss       | nan          |
|    cost_values           | nan          |
|    entropy               | -2.86        |
|    entropy_loss          | -2.85        |
|    explained_variance    | -0.00456     |
|    lagrangian_multiplier | 0            |
|    learning_rate         | 0.0003       |
|    loss                  | 212          |
|    n_updates             | 20           |
|    policy_gradient_loss  | -0.00242     |
|    std                   | 1.01         |
|    value_loss            | 427          |
-------------------------------------------
/nas/ucb/mason/ethically-compliant-rl/.venv/lib/python3.9/site-packages/numpy/core/fromnumeric.py:3464: RuntimeWarning: Mean of empty slice.
  return _methods._mean(a, axis=axis, dtype=dtype,
/nas/ucb/mason/ethically-compliant-rl/.venv/lib/python3.9/site-packages/numpy/core/_methods.py:192: RuntimeWarning: invalid value encountered in scalar divide
  ret = ret.dtype.type(ret / rcount)
-------------------------------------------
| cost                     | 0            |
| is_success               | 0            |
| reward                   | -0.501934    |
| rollout/                 |              |
|    ep_len_mean           | 1e+03        |
|    ep_rew_mean           | -1.43e+03    |
| time/                    |              |
|    fps                   | 102          |
|    iterations            | 3            |
|    time_elapsed          | 60           |
|    total_timesteps       | 6144         |
| train/                   |              |
|    approx_kl             | 0.0022439584 |
|    clip_fraction         | 0.00522      |
|    clip_range            | 0.2          |
|    cost_returns          | 7.37         |
|    cost_value_loss       | nan          |
|    cost_values           | nan          |
|    entropy               | -2.85        |
|    entropy_loss          | -2.85        |
|    explained_variance    | 0.0284       |
|    lagrangian_multiplier | 0            |
|    learning_rate         | 0.0003       |
|    loss                  | 222          |
|    n_updates             | 20           |
|    policy_gradient_loss  | -0.00187     |
|    std                   | 1            |
|    value_loss            | 449          |
-------------------------------------------
/nas/ucb/mason/ethically-compliant-rl/.venv/lib/python3.9/site-packages/numpy/core/fromnumeric.py:3464: RuntimeWarning: Mean of empty slice.
  return _methods._mean(a, axis=axis, dtype=dtype,
/nas/ucb/mason/ethically-compliant-rl/.venv/lib/python3.9/site-packages/numpy/core/_methods.py:192: RuntimeWarning: invalid value encountered in scalar divide
  ret = ret.dtype.type(ret / rcount)
-----------------------------------------
| cost                     | 0          |
| is_success               | 0          |
| reward                   | -0.7336435 |
| rollout/                 |            |
|    ep_len_mean           | 1e+03      |
|    ep_rew_mean           | -1.39e+03  |
| time/                    |            |
|    fps                   | 90         |
|    iterations            | 3          |
|    time_elapsed          | 67         |
|    total_timesteps       | 6144       |
| train/                   |            |
|    approx_kl             | 0.003868   |
|    clip_fraction         | 0.0133     |
|    clip_range            | 0.2        |
|    cost_returns          | 7.73       |
|    cost_value_loss       | nan        |
|    cost_values           | nan        |
|    entropy               | -2.85      |
|    entropy_loss          | -2.85      |
|    explained_variance    | -0.0642    |
|    lagrangian_multiplier | 0          |
|    learning_rate         | 0.0003     |
|    loss                  | 174        |
|    n_updates             | 20         |
|    policy_gradient_loss  | -0.00234   |
|    std                   | 1          |
|    value_loss            | 341        |
-----------------------------------------
/nas/ucb/mason/ethically-compliant-rl/.venv/lib/python3.9/site-packages/numpy/core/fromnumeric.py:3464: RuntimeWarning: Mean of empty slice.
  return _methods._mean(a, axis=axis, dtype=dtype,
/nas/ucb/mason/ethically-compliant-rl/.venv/lib/python3.9/site-packages/numpy/core/_methods.py:192: RuntimeWarning: invalid value encountered in scalar divide
  ret = ret.dtype.type(ret / rcount)
-------------------------------------------
| cost                     | 1            |
| is_success               | 0            |
| reward                   | -1.5150908   |
| rollout/                 |              |
|    ep_len_mean           | 1e+03        |
|    ep_rew_mean           | -1.34e+03    |
| time/                    |              |
|    fps                   | 106          |
|    iterations            | 4            |
|    time_elapsed          | 77           |
|    total_timesteps       | 8192         |
| train/                   |              |
|    approx_kl             | 0.0040009827 |
|    clip_fraction         | 0.0274       |
|    clip_range            | 0.2          |
|    cost_returns          | 11.6         |
|    cost_value_loss       | nan          |
|    cost_values           | nan          |
|    entropy               | -2.83        |
|    entropy_loss          | -2.84        |
|    explained_variance    | -0.0457      |
|    lagrangian_multiplier | 0            |
|    learning_rate         | 0.0003       |
|    loss                  | 420          |
|    n_updates             | 30           |
|    policy_gradient_loss  | -0.00487     |
|    std                   | 0.996        |
|    value_loss            | 875          |
-------------------------------------------
/nas/ucb/mason/ethically-compliant-rl/.venv/lib/python3.9/site-packages/numpy/core/fromnumeric.py:3464: RuntimeWarning: Mean of empty slice.
  return _methods._mean(a, axis=axis, dtype=dtype,
/nas/ucb/mason/ethically-compliant-rl/.venv/lib/python3.9/site-packages/numpy/core/_methods.py:192: RuntimeWarning: invalid value encountered in scalar divide
  ret = ret.dtype.type(ret / rcount)
-------------------------------------------
| cost                     | 1            |
| is_success               | 0            |
| reward                   | -1.2137226   |
| rollout/                 |              |
|    ep_len_mean           | 1e+03        |
|    ep_rew_mean           | -1.37e+03    |
| time/                    |              |
|    fps                   | 101          |
|    iterations            | 4            |
|    time_elapsed          | 80           |
|    total_timesteps       | 8192         |
| train/                   |              |
|    approx_kl             | 0.0047895946 |
|    clip_fraction         | 0.0309       |
|    clip_range            | 0.2          |
|    cost_returns          | 12.2         |
|    cost_value_loss       | nan          |
|    cost_values           | nan          |
|    entropy               | -2.82        |
|    entropy_loss          | -2.84        |
|    explained_variance    | -0.0512      |
|    lagrangian_multiplier | 0            |
|    learning_rate         | 0.0003       |
|    loss                  | 447          |
|    n_updates             | 30           |
|    policy_gradient_loss  | -0.00484     |
|    std                   | 0.993        |
|    value_loss            | 912          |
-------------------------------------------
/nas/ucb/mason/ethically-compliant-rl/.venv/lib/python3.9/site-packages/numpy/core/fromnumeric.py:3464: RuntimeWarning: Mean of empty slice.
  return _methods._mean(a, axis=axis, dtype=dtype,
/nas/ucb/mason/ethically-compliant-rl/.venv/lib/python3.9/site-packages/numpy/core/_methods.py:192: RuntimeWarning: invalid value encountered in scalar divide
  ret = ret.dtype.type(ret / rcount)
-------------------------------------------
| cost                     | 1            |
| is_success               | 0            |
| reward                   | -0.76995796  |
| rollout/                 |              |
|    ep_len_mean           | 1e+03        |
|    ep_rew_mean           | -1.31e+03    |
| time/                    |              |
|    fps                   | 90           |
|    iterations            | 4            |
|    time_elapsed          | 90           |
|    total_timesteps       | 8192         |
| train/                   |              |
|    approx_kl             | 0.0044649346 |
|    clip_fraction         | 0.0299       |
|    clip_range            | 0.2          |
|    cost_returns          | 8.72         |
|    cost_value_loss       | nan          |
|    cost_values           | nan          |
|    entropy               | -2.82        |
|    entropy_loss          | -2.83        |
|    explained_variance    | -0.0791      |
|    lagrangian_multiplier | 0            |
|    learning_rate         | 0.0003       |
|    loss                  | 496          |
|    n_updates             | 30           |
|    policy_gradient_loss  | -0.00447     |
|    std                   | 0.991        |
|    value_loss            | 976          |
-------------------------------------------
/nas/ucb/mason/ethically-compliant-rl/.venv/lib/python3.9/site-packages/numpy/core/fromnumeric.py:3464: RuntimeWarning: Mean of empty slice.
  return _methods._mean(a, axis=axis, dtype=dtype,
/nas/ucb/mason/ethically-compliant-rl/.venv/lib/python3.9/site-packages/numpy/core/_methods.py:192: RuntimeWarning: invalid value encountered in scalar divide
  ret = ret.dtype.type(ret / rcount)
-------------------------------------------
| cost                     | 0            |
| is_success               | 0            |
| reward                   | -1.2169929   |
| rollout/                 |              |
|    ep_len_mean           | 1e+03        |
|    ep_rew_mean           | -1.42e+03    |
| time/                    |              |
|    fps                   | 105          |
|    iterations            | 5            |
|    time_elapsed          | 96           |
|    total_timesteps       | 10240        |
| train/                   |              |
|    approx_kl             | 0.0038941503 |
|    clip_fraction         | 0.0263       |
|    clip_range            | 0.2          |
|    cost_returns          | 7.61         |
|    cost_value_loss       | nan          |
|    cost_values           | nan          |
|    entropy               | -2.82        |
|    entropy_loss          | -2.82        |
|    explained_variance    | -0.0262      |
|    lagrangian_multiplier | 0            |
|    learning_rate         | 0.0003       |
|    loss                  | 253          |
|    n_updates             | 40           |
|    policy_gradient_loss  | -0.00498     |
|    std                   | 0.991        |
|    value_loss            | 470          |
-------------------------------------------
/nas/ucb/mason/ethically-compliant-rl/.venv/lib/python3.9/site-packages/numpy/core/fromnumeric.py:3464: RuntimeWarning: Mean of empty slice.
  return _methods._mean(a, axis=axis, dtype=dtype,
/nas/ucb/mason/ethically-compliant-rl/.venv/lib/python3.9/site-packages/numpy/core/_methods.py:192: RuntimeWarning: invalid value encountered in scalar divide
  ret = ret.dtype.type(ret / rcount)
-------------------------------------------
| cost                     | 1            |
| is_success               | 0            |
| reward                   | -0.8502055   |
| rollout/                 |              |
|    ep_len_mean           | 1e+03        |
|    ep_rew_mean           | -1.37e+03    |
| time/                    |              |
|    fps                   | 101          |
|    iterations            | 5            |
|    time_elapsed          | 100          |
|    total_timesteps       | 10240        |
| train/                   |              |
|    approx_kl             | 0.0061563677 |
|    clip_fraction         | 0.0391       |
|    clip_range            | 0.2          |
|    cost_returns          | 11.9         |
|    cost_value_loss       | nan          |
|    cost_values           | nan          |
|    entropy               | -2.83        |
|    entropy_loss          | -2.82        |
|    explained_variance    | 0.0344       |
|    lagrangian_multiplier | 0            |
|    learning_rate         | 0.0003       |
|    loss                  | 213          |
|    n_updates             | 40           |
|    policy_gradient_loss  | -0.00555     |
|    std                   | 0.996        |
|    value_loss            | 420          |
-------------------------------------------
/nas/ucb/mason/ethically-compliant-rl/.venv/lib/python3.9/site-packages/numpy/core/fromnumeric.py:3464: RuntimeWarning: Mean of empty slice.
  return _methods._mean(a, axis=axis, dtype=dtype,
/nas/ucb/mason/ethically-compliant-rl/.venv/lib/python3.9/site-packages/numpy/core/_methods.py:192: RuntimeWarning: invalid value encountered in scalar divide
  ret = ret.dtype.type(ret / rcount)
-------------------------------------------
| cost                     | 1            |
| is_success               | 0            |
| reward                   | -0.8079128   |
| rollout/                 |              |
|    ep_len_mean           | 1e+03        |
|    ep_rew_mean           | -1.24e+03    |
| time/                    |              |
|    fps                   | 90           |
|    iterations            | 5            |
|    time_elapsed          | 113          |
|    total_timesteps       | 10240        |
| train/                   |              |
|    approx_kl             | 0.0030323225 |
|    clip_fraction         | 0.011        |
|    clip_range            | 0.2          |
|    cost_returns          | 7.31         |
|    cost_value_loss       | nan          |
|    cost_values           | nan          |
|    entropy               | -2.81        |
|    entropy_loss          | -2.81        |
|    explained_variance    | 0.0149       |
|    lagrangian_multiplier | 0            |
|    learning_rate         | 0.0003       |
|    loss                  | 212          |
|    n_updates             | 40           |
|    policy_gradient_loss  | -0.00305     |
|    std                   | 0.984        |
|    value_loss            | 386          |
-------------------------------------------
/nas/ucb/mason/ethically-compliant-rl/.venv/lib/python3.9/site-packages/numpy/core/fromnumeric.py:3464: RuntimeWarning: Mean of empty slice.
  return _methods._mean(a, axis=axis, dtype=dtype,
/nas/ucb/mason/ethically-compliant-rl/.venv/lib/python3.9/site-packages/numpy/core/_methods.py:192: RuntimeWarning: invalid value encountered in scalar divide
  ret = ret.dtype.type(ret / rcount)
-------------------------------------------
| cost                     | 1            |
| is_success               | 0            |
| reward                   | -1.0899683   |
| rollout/                 |              |
|    ep_len_mean           | 1e+03        |
|    ep_rew_mean           | -1.42e+03    |
| time/                    |              |
|    fps                   | 105          |
|    iterations            | 6            |
|    time_elapsed          | 116          |
|    total_timesteps       | 12288        |
| train/                   |              |
|    approx_kl             | 0.0053985985 |
|    clip_fraction         | 0.0347       |
|    clip_range            | 0.2          |
|    cost_returns          | 8.8          |
|    cost_value_loss       | nan          |
|    cost_values           | nan          |
|    entropy               | -2.82        |
|    entropy_loss          | -2.82        |
|    explained_variance    | 0.077        |
|    lagrangian_multiplier | 0            |
|    learning_rate         | 0.0003       |
|    loss                  | 462          |
|    n_updates             | 50           |
|    policy_gradient_loss  | -0.0064      |
|    std                   | 0.991        |
|    value_loss            | 976          |
-------------------------------------------
/nas/ucb/mason/ethically-compliant-rl/.venv/lib/python3.9/site-packages/numpy/core/fromnumeric.py:3464: RuntimeWarning: Mean of empty slice.
  return _methods._mean(a, axis=axis, dtype=dtype,
/nas/ucb/mason/ethically-compliant-rl/.venv/lib/python3.9/site-packages/numpy/core/_methods.py:192: RuntimeWarning: invalid value encountered in scalar divide
  ret = ret.dtype.type(ret / rcount)
------------------------------------------
| cost                     | 1           |
| is_success               | 0           |
| reward                   | -1.1237395  |
| rollout/                 |             |
|    ep_len_mean           | 1e+03       |
|    ep_rew_mean           | -1.37e+03   |
| time/                    |             |
|    fps                   | 101         |
|    iterations            | 6           |
|    time_elapsed          | 121         |
|    total_timesteps       | 12288       |
| train/                   |             |
|    approx_kl             | 0.004779787 |
|    clip_fraction         | 0.0331      |
|    clip_range            | 0.2         |
|    cost_returns          | 15          |
|    cost_value_loss       | nan         |
|    cost_values           | nan         |
|    entropy               | -2.82       |
|    entropy_loss          | -2.83       |
|    explained_variance    | -0.0412     |
|    lagrangian_multiplier | 0           |
|    learning_rate         | 0.0003      |
|    loss                  | 267         |
|    n_updates             | 50          |
|    policy_gradient_loss  | -0.00518    |
|    std                   | 0.992       |
|    value_loss            | 596         |
------------------------------------------
/nas/ucb/mason/ethically-compliant-rl/.venv/lib/python3.9/site-packages/numpy/core/fromnumeric.py:3464: RuntimeWarning: Mean of empty slice.
  return _methods._mean(a, axis=axis, dtype=dtype,
/nas/ucb/mason/ethically-compliant-rl/.venv/lib/python3.9/site-packages/numpy/core/_methods.py:192: RuntimeWarning: invalid value encountered in scalar divide
  ret = ret.dtype.type(ret / rcount)
-------------------------------------------
| cost                     | 0            |
| is_success               | 0            |
| reward                   | -0.6895584   |
| rollout/                 |              |
|    ep_len_mean           | 1e+03        |
|    ep_rew_mean           | -1.42e+03    |
| time/                    |              |
|    fps                   | 105          |
|    iterations            | 7            |
|    time_elapsed          | 136          |
|    total_timesteps       | 14336        |
| train/                   |              |
|    approx_kl             | 0.0053041065 |
|    clip_fraction         | 0.0405       |
|    clip_range            | 0.2          |
|    cost_returns          | 9.2          |
|    cost_value_loss       | nan          |
|    cost_values           | nan          |
|    entropy               | -2.81        |
|    entropy_loss          | -2.81        |
|    explained_variance    | -0.0575      |
|    lagrangian_multiplier | 0            |
|    learning_rate         | 0.0003       |
|    loss                  | 397          |
|    n_updates             | 60           |
|    policy_gradient_loss  | -0.00609     |
|    std                   | 0.986        |
|    value_loss            | 763          |
-------------------------------------------
/nas/ucb/mason/ethically-compliant-rl/.venv/lib/python3.9/site-packages/numpy/core/fromnumeric.py:3464: RuntimeWarning: Mean of empty slice.
  return _methods._mean(a, axis=axis, dtype=dtype,
/nas/ucb/mason/ethically-compliant-rl/.venv/lib/python3.9/site-packages/numpy/core/_methods.py:192: RuntimeWarning: invalid value encountered in scalar divide
  ret = ret.dtype.type(ret / rcount)
-------------------------------------------
| cost                     | 1            |
| is_success               | 0            |
| reward                   | -1.213762    |
| rollout/                 |              |
|    ep_len_mean           | 1e+03        |
|    ep_rew_mean           | -1.22e+03    |
| time/                    |              |
|    fps                   | 90           |
|    iterations            | 6            |
|    time_elapsed          | 136          |
|    total_timesteps       | 12288        |
| train/                   |              |
|    approx_kl             | 0.0042338995 |
|    clip_fraction         | 0.0175       |
|    clip_range            | 0.2          |
|    cost_returns          | 14.4         |
|    cost_value_loss       | nan          |
|    cost_values           | nan          |
|    entropy               | -2.79        |
|    entropy_loss          | -2.8         |
|    explained_variance    | -0.0139      |
|    lagrangian_multiplier | 0            |
|    learning_rate         | 0.0003       |
|    loss                  | 130          |
|    n_updates             | 50           |
|    policy_gradient_loss  | -0.00363     |
|    std                   | 0.978        |
|    value_loss            | 269          |
-------------------------------------------
/nas/ucb/mason/ethically-compliant-rl/.venv/lib/python3.9/site-packages/numpy/core/fromnumeric.py:3464: RuntimeWarning: Mean of empty slice.
  return _methods._mean(a, axis=axis, dtype=dtype,
/nas/ucb/mason/ethically-compliant-rl/.venv/lib/python3.9/site-packages/numpy/core/_methods.py:192: RuntimeWarning: invalid value encountered in scalar divide
  ret = ret.dtype.type(ret / rcount)
-------------------------------------------
| cost                     | 1            |
| is_success               | 0            |
| reward                   | -1.268743    |
| rollout/                 |              |
|    ep_len_mean           | 1e+03        |
|    ep_rew_mean           | -1.4e+03     |
| time/                    |              |
|    fps                   | 100          |
|    iterations            | 7            |
|    time_elapsed          | 142          |
|    total_timesteps       | 14336        |
| train/                   |              |
|    approx_kl             | 0.0052092928 |
|    clip_fraction         | 0.0404       |
|    clip_range            | 0.2          |
|    cost_returns          | 13.8         |
|    cost_value_loss       | nan          |
|    cost_values           | nan          |
|    entropy               | -2.81        |
|    entropy_loss          | -2.82        |
|    explained_variance    | -0.033       |
|    lagrangian_multiplier | 0            |
|    learning_rate         | 0.0003       |
|    loss                  | 316          |
|    n_updates             | 60           |
|    policy_gradient_loss  | -0.00524     |
|    std                   | 0.986        |
|    value_loss            | 638          |
-------------------------------------------
/nas/ucb/mason/ethically-compliant-rl/.venv/lib/python3.9/site-packages/numpy/core/fromnumeric.py:3464: RuntimeWarning: Mean of empty slice.
  return _methods._mean(a, axis=axis, dtype=dtype,
/nas/ucb/mason/ethically-compliant-rl/.venv/lib/python3.9/site-packages/numpy/core/_methods.py:192: RuntimeWarning: invalid value encountered in scalar divide
  ret = ret.dtype.type(ret / rcount)
slurmstepd: error: *** JOB 116008 ON airl.ist.berkeley.edu CANCELLED AT 2024-01-10T08:57:45 ***
slurmstepd: error: *** STEP 116008.2 ON dqn.ist.berkeley.edu CANCELLED AT 2024-01-10T00:57:45 ***
slurmstepd: error: *** STEP 116008.1 ON ddpg.ist.berkeley.edu CANCELLED AT 2024-01-10T00:57:45 ***
slurmstepd: error: *** STEP 116008.0 ON airl.ist.berkeley.edu CANCELLED AT 2024-01-10T08:57:45 ***
