Running script with speed limit: 2
Running script with speed limit: 4
Running script with speed limit: 8
Running script with speed limit: 16
Running script with speed limit: 2
Running script with speed limit: 4
Running script with speed limit: 8
Running script with speed limit: 16
Running script with speed limit: 2
Running script with speed limit: 4
Running script with speed limit: 8
Running script with speed limit: 16
Running script with speed limit: 2
Running script with speed limit: 4
Running script with speed limit: 8
Running script with speed limit: 16
4.0
2.0
2.0
8.0
srun: Job 114473 step creation temporarily disabled, retrying (Requested nodes are busy)
srun: Step created for StepId=114473.4
srun: Job 114473 step creation temporarily disabled, retrying (Requested nodes are busy)
srun: Step created for StepId=114473.5
8.0
srun: Job 114473 step creation temporarily disabled, retrying (Requested nodes are busy)
srun: Step created for StepId=114473.6
16.0
srun: Job 114473 step creation temporarily disabled, retrying (Requested nodes are busy)
srun: Step created for StepId=114473.7
srun: Job 114473 step creation temporarily disabled, retrying (Requested nodes are busy)
srun: Step created for StepId=114473.8
16.0
srun: Job 114473 step creation temporarily disabled, retrying (Requested nodes are busy)
srun: Step created for StepId=114473.9
2.0
srun: Job 114473 step creation temporarily disabled, retrying (Requested nodes are busy)
srun: Job 114473 step creation temporarily disabled, retrying (Requested nodes are busy)
srun: Step created for StepId=114473.10
4.0
srun: Job 114473 step creation temporarily disabled, retrying (Requested nodes are busy)
srun: Job 114473 step creation temporarily disabled, retrying (Requested nodes are busy)
srun: Step created for StepId=114473.11
srun: Step created for StepId=114473.12
8.0
srun: Job 114473 step creation temporarily disabled, retrying (Requested nodes are busy)
srun: Job 114473 step creation temporarily disabled, retrying (Requested nodes are busy)
16.0
2.0
8.0
slurmstepd: error: *** JOB 114473 ON airl.ist.berkeley.edu CANCELLED AT 2023-12-23T07:57:30 ***
