wandb: Currently logged in as: mason-nakamura1 (ecrl). Use `wandb login --relogin` to force relogin
wandb: wandb version 0.15.8 is available!  To upgrade, please run:
wandb:  $ pip install wandb --upgrade
wandb: Tracking run with wandb version 0.14.2
wandb: Run data is saved locally in /nas/ucb/mason/ethically-compliant-rl/wandb/run-20230813_010650-814984d6-4b99-4561-a350-b8b964aa128c
wandb: Run `wandb offline` to turn off syncing.
wandb: Syncing run ppol_step_per_epoch20000_target_kl0.01-84b7
wandb: ⭐️ View project at https://wandb.ai/ecrl/PPO
wandb: 🚀 View run at https://wandb.ai/ecrl/PPO/runs/814984d6-4b99-4561-a350-b8b964aa128c
[32;1mLogging data to logs/PPO/parking-v0-cost-10/ppol_step_per_epoch20000_target_kl0.01-84b7/progress.txt[0m
[36;1mSaving config:
[0m
{
    "action_bound_method":	"clip",
    "action_scaling":	true,
    "batch_size":	256,
    "buffer_size":	100000,
    "constraints":	false,
    "cost_limit":	10,
    "deterministic_eval":	true,
    "device":	"cpu",
    "dual_clip":	null,
    "env_config_file":	"configs/ParkingEnv/env-kinematicsGoal.txt",
    "episode_per_collect":	20,
    "epoch":	300,
    "eps_clip":	0.2,
    "gae_lambda":	0.95,
    "gamma":	0.99,
    "group":	null,
    "hidden_sizes":	[
        128,
        128
    ],
    "lagrangian_pid":	[
        0.05,
        0.0005,
        0.1
    ],
    "last_layer_scale":	false,
    "logdir":	"logs",
    "lr":	0.0005,
    "max_batchsize":	100000,
    "max_grad_norm":	0.5,
    "name":	"ppol_step_per_epoch20000_target_kl0.01-84b7",
    "norm_adv":	true,
    "prefix":	"ppol",
    "project":	"PPO",
    "recompute_adv":	false,
    "render":	null,
    "render_mode":	null,
    "repeat_per_collect":	4,
    "rescaling":	true,
    "resume":	false,
    "rew_norm":	false,
    "reward_threshold":	10000,
    "save_ckpt":	true,
    "save_interval":	4,
    "seed":	10,
    "step_per_epoch":	20000,
    "suffix":	"",
    "target_kl":	0.01,
    "task":	"parking-v0",
    "testing_num":	2,
    "thread":	320,
    "training_num":	20,
    "unbounded":	false,
    "use_default_cfg":	false,
    "use_lagrangian":	true,
    "value_clip":	false,
    "verbose":	true,
    "vf_coef":	0.25,
    "worker":	"ShmemVectorEnv"
}
slurmstepd: error: *** STEP 39833.0 ON airl.ist.berkeley.edu CANCELLED AT 2023-08-13T01:07:06 ***
slurmstepd: error: *** JOB 39833 ON airl.ist.berkeley.edu CANCELLED AT 2023-08-13T01:07:06 ***
