wandb: Currently logged in as: mason-nakamura1 (ecrl). Use `wandb login --relogin` to force relogin
wandb: wandb version 0.15.7 is available!  To upgrade, please run:
wandb:  $ pip install wandb --upgrade
wandb: Tracking run with wandb version 0.14.2
wandb: Run data is saved locally in /nas/ucb/mason/ethically-compliant-rl/wandb/run-20230727_154758-6546a701-b4eb-4d20-a2fc-74bfa0b43490
wandb: Run `wandb offline` to turn off syncing.
wandb: Syncing run cpo_lr0.01-6cda
wandb: ⭐️ View project at https://wandb.ai/ecrl/fast-safe-rl
wandb: 🚀 View run at https://wandb.ai/ecrl/fast-safe-rl/runs/6546a701-b4eb-4d20-a2fc-74bfa0b43490
[32;1mLogging data to logs/fast-safe-rl/parking-v0-cost-10/cpo_lr0.01-6cda/progress.txt[0m
[36;1mSaving config:
[0m
{
    "action_bound_method":	"clip",
    "action_scaling":	true,
    "backtrack_coeff":	0.8,
    "batch_size":	99999,
    "buffer_size":	100000,
    "cost_limit":	10,
    "damping_coeff":	0.1,
    "deterministic_eval":	true,
    "device":	"cpu",
    "env_config_file":	"configs/ParkingEnv/env-image.txt",
    "episode_per_collect":	20,
    "epoch":	40,
    "gae_lambda":	0.95,
    "gamma":	0.99,
    "group":	null,
    "hidden_sizes":	[
        128,
        128
    ],
    "l2_reg":	0.001,
    "last_layer_scale":	false,
    "logdir":	"logs",
    "lr":	0.01,
    "max_backtracks":	100,
    "max_batchsize":	99999,
    "name":	"cpo_lr0.01-6cda",
    "norm_adv":	true,
    "optim_critic_iters":	10,
    "prefix":	"cpo",
    "project":	"fast-safe-rl",
    "render":	null,
    "render_mode":	null,
    "repeat_per_collect":	4,
    "resume":	false,
    "rew_norm":	false,
    "reward_threshold":	10000,
    "save_ckpt":	true,
    "save_interval":	4,
    "seed":	10,
    "step_per_epoch":	10000,
    "suffix":	"",
    "target_kl":	0.01,
    "task":	"parking-v0",
    "testing_num":	2,
    "thread":	320,
    "training_num":	20,
    "unbounded":	false,
    "use_default_cfg":	false,
    "verbose":	true,
    "worker":	"ShmemVectorEnv"
}
Observation Space: Box(0, 255, (4, 128, 128), uint8)
Action Space: Box(-1.0, 1.0, (2,), float32)
Render Mode: None
Epoch #1:   0%|          | 0/10000 [00:00<?, ?it/s]Epoch #1: 100%|##########| 10000/10000 [00:27<00:00, 359.99it/s]Epoch #1: 100%|##########| 10000/10000 [00:40<00:00, 359.99it/s]Epoch #1: 100%|##########| 10000/10000 [07:44<00:00, 359.99it/s, cost=0, length=500, rew=-362]Epoch #1: 100%|##########| 10000/10000 [07:44<00:00, 21.52it/s, cost=0, length=500, rew=-362] 
-------------------------------------------------
|              loss/cost_loss |       -0.000836 |
|                loss/entropy |            2.82 |
|                     loss/kl |         0.00382 |
|                loss/optim_A |         0.00522 |
|                loss/optim_B |       -3.28e+05 |
|                loss/optim_C |             -10 |
|                loss/optim_Q |         0.00844 |
|                loss/optim_R |       -0.000189 |
|                loss/optim_S |        0.000596 |
|             loss/optim_case |               3 |
|              loss/optim_lam |             nan |
|               loss/optim_nu |               0 |
|               loss/rew_loss |         0.00194 |
|              loss/step_size |            0.28 |
|                    loss/vf0 |        4.93e+07 |
|                    loss/vf1 |        2.09e+08 |
|               loss/vf_total |        2.58e+08 |
|                   test/cost |               0 |
|                 test/length |             500 |
|                 test/reward |            -287 |
|                  train/cost |               0 |
|                train/length |             500 |
|                train/reward |            -362 |
|             update/cum_cost |               0 |
|             update/duration |             476 |
|             update/env_step |           1e+04 |
|              update/episode |              20 |
|       update/gradient_steps |               4 |
|      update/remaining_epoch |              39 |
|           update/test_speed |              88 |
|            update/test_time |            11.4 |
| update/train_collector_time |            27.7 |
|     update/train_model_time |             437 |
|          update/train_speed |            21.5 |
-------------------------------------------------
Epoch: 1 {'duration': 475.98246145248413, 'test_time': 11.360697984695435, 'test_speed': 88.02276069191788, 'train_collector_time': 27.74549674987793, 'train_model_time': 436.87626671791077, 'train_speed': 21.522883313435834, 'remaining_epoch': 39, 'best_reward': -286.51503114683754, 'best_cost': 0.0}
Epoch #2:   0%|          | 0/10000 [00:00<?, ?it/s]slurmstepd: error: *** STEP 31122.0 ON gan.ist.berkeley.edu CANCELLED AT 2023-07-27T15:56:23 ***
slurmstepd: error: *** JOB 31122 ON gan.ist.berkeley.edu CANCELLED AT 2023-07-27T15:56:23 ***
