wandb: Currently logged in as: mason-nakamura1 (ecrl). Use `wandb login --relogin` to force relogin
wandb: Currently logged in as: mason-nakamura1 (ecrl). Use `wandb login --relogin` to force relogin
wandb: Currently logged in as: mason-nakamura1 (ecrl). Use `wandb login --relogin` to force relogin
wandb: wandb version 0.16.2 is available!  To upgrade, please run:
wandb:  $ pip install wandb --upgrade
wandb: Tracking run with wandb version 0.14.2
wandb: Run data is saved locally in /nas/ucb/mason/ethically-compliant-rl/wandb/run-20240110_042631-32v7o6my
wandb: Run `wandb offline` to turn off syncing.
wandb: Syncing run stellar-glade-1
wandb: ⭐️ View project at https://wandb.ai/ecrl/PPO%2BPPOL
wandb: 🚀 View run at https://wandb.ai/ecrl/PPO%2BPPOL/runs/32v7o6my
wandb: wandb version 0.16.2 is available!  To upgrade, please run:
wandb:  $ pip install wandb --upgrade
wandb: Tracking run with wandb version 0.14.2
wandb: Run data is saved locally in /nas/ucb/mason/ethically-compliant-rl/wandb/run-20240109_202631-lm3pjref
wandb: Run `wandb offline` to turn off syncing.
wandb: Syncing run leafy-dew-2
wandb: ⭐️ View project at https://wandb.ai/ecrl/PPO%2BPPOL
wandb: 🚀 View run at https://wandb.ai/ecrl/PPO%2BPPOL/runs/lm3pjref
wandb: wandb version 0.16.2 is available!  To upgrade, please run:
wandb:  $ pip install wandb --upgrade
wandb: Tracking run with wandb version 0.14.2
wandb: Run data is saved locally in /nas/ucb/mason/ethically-compliant-rl/wandb/run-20240109_202631-a9nnonj3
wandb: Run `wandb offline` to turn off syncing.
wandb: Syncing run quiet-wildflower-3
wandb: ⭐️ View project at https://wandb.ai/ecrl/PPO%2BPPOL
wandb: 🚀 View run at https://wandb.ai/ecrl/PPO%2BPPOL/runs/a9nnonj3
Using cpu device
--------------------------------------------------
| is_success         | 0                         |
| reward             | [-0.5337455  -0.33768046] |
| rollout/           |                           |
|    ep_len_mean     | 1e+03                     |
|    ep_rew_mean     | -996                      |
| time/              |                           |
|    fps             | 139                       |
|    iterations      | 1                         |
|    time_elapsed    | 29                        |
|    total_timesteps | 4096                      |
--------------------------------------------------
Using cpu device
--------------------------------------------------
| is_success         | 0                         |
| reward             | [-0.40590546 -0.56013477] |
| rollout/           |                           |
|    ep_len_mean     | 1e+03                     |
|    ep_rew_mean     | -1.07e+03                 |
| time/              |                           |
|    fps             | 139                       |
|    iterations      | 1                         |
|    time_elapsed    | 29                        |
|    total_timesteps | 4096                      |
--------------------------------------------------
Using cpu device
--------------------------------------------------
| is_success         | 0                         |
| reward             | [-0.53895384 -0.3472595 ] |
| rollout/           |                           |
|    ep_len_mean     | 1e+03                     |
|    ep_rew_mean     | -1.09e+03                 |
| time/              |                           |
|    fps             | 122                       |
|    iterations      | 1                         |
|    time_elapsed    | 33                        |
|    total_timesteps | 4096                      |
--------------------------------------------------
-------------------------------------------------------
| is_success              | 0                         |
| reward                  | [-0.7021775  -0.69946253] |
| rollout/                |                           |
|    ep_len_mean          | 1e+03                     |
|    ep_rew_mean          | -1.06e+03                 |
| time/                   |                           |
|    fps                  | 138                       |
|    iterations           | 2                         |
|    time_elapsed         | 59                        |
|    total_timesteps      | 8192                      |
| train/                  |                           |
|    approx_kl            | 0.004235407               |
|    clip_fraction        | 0.0333                    |
|    clip_range           | 0.2                       |
|    entropy_loss         | -2.85                     |
|    explained_variance   | -0.0308                   |
|    learning_rate        | 0.0003                    |
|    loss                 | 91.9                      |
|    n_updates            | 10                        |
|    policy_gradient_loss | -0.00435                  |
|    std                  | 1.01                      |
|    value_loss           | 257                       |
-------------------------------------------------------
-------------------------------------------------------
| is_success              | 0                         |
| reward                  | [-0.65128684 -0.7782891 ] |
| rollout/                |                           |
|    ep_len_mean          | 1e+03                     |
|    ep_rew_mean          | -1.23e+03                 |
| time/                   |                           |
|    fps                  | 138                       |
|    iterations           | 2                         |
|    time_elapsed         | 59                        |
|    total_timesteps      | 8192                      |
| train/                  |                           |
|    approx_kl            | 0.0043468983              |
|    clip_fraction        | 0.0378                    |
|    clip_range           | 0.2                       |
|    entropy_loss         | -2.85                     |
|    explained_variance   | -0.0213                   |
|    learning_rate        | 0.0003                    |
|    loss                 | 103                       |
|    n_updates            | 10                        |
|    policy_gradient_loss | -0.00456                  |
|    std                  | 1.01                      |
|    value_loss           | 295                       |
-------------------------------------------------------
-----------------------------------------------------
| is_success              | 0                       |
| reward                  | [-0.7462765 -1.0073187] |
| rollout/                |                         |
|    ep_len_mean          | 1e+03                   |
|    ep_rew_mean          | -1.15e+03               |
| time/                   |                         |
|    fps                  | 120                     |
|    iterations           | 2                       |
|    time_elapsed         | 68                      |
|    total_timesteps      | 8192                    |
| train/                  |                         |
|    approx_kl            | 0.0044650543            |
|    clip_fraction        | 0.0372                  |
|    clip_range           | 0.2                     |
|    entropy_loss         | -2.85                   |
|    explained_variance   | -0.0176                 |
|    learning_rate        | 0.0003                  |
|    loss                 | 116                     |
|    n_updates            | 10                      |
|    policy_gradient_loss | -0.00471                |
|    std                  | 1.01                    |
|    value_loss           | 316                     |
-----------------------------------------------------
-------------------------------------------------------
| is_success              | 0                         |
| reward                  | [-0.43650228 -0.2763468 ] |
| rollout/                |                           |
|    ep_len_mean          | 926                       |
|    ep_rew_mean          | -1.16e+03                 |
| time/                   |                           |
|    fps                  | 138                       |
|    iterations           | 3                         |
|    time_elapsed         | 88                        |
|    total_timesteps      | 12288                     |
| train/                  |                           |
|    approx_kl            | 0.0028163115              |
|    clip_fraction        | 0.00723                   |
|    clip_range           | 0.2                       |
|    entropy_loss         | -2.86                     |
|    explained_variance   | -0.335                    |
|    learning_rate        | 0.0003                    |
|    loss                 | 150                       |
|    n_updates            | 20                        |
|    policy_gradient_loss | -0.00266                  |
|    std                  | 1.01                      |
|    value_loss           | 452                       |
-------------------------------------------------------
-------------------------------------------------------
| is_success              | 0                         |
| reward                  | [-0.40984902 -0.8132084 ] |
| rollout/                |                           |
|    ep_len_mean          | 1e+03                     |
|    ep_rew_mean          | -1.04e+03                 |
| time/                   |                           |
|    fps                  | 137                       |
|    iterations           | 3                         |
|    time_elapsed         | 89                        |
|    total_timesteps      | 12288                     |
| train/                  |                           |
|    approx_kl            | 0.0026009441              |
|    clip_fraction        | 0.00679                   |
|    clip_range           | 0.2                       |
|    entropy_loss         | -2.86                     |
|    explained_variance   | -0.167                    |
|    learning_rate        | 0.0003                    |
|    loss                 | 111                       |
|    n_updates            | 20                        |
|    policy_gradient_loss | -0.00212                  |
|    std                  | 1.02                      |
|    value_loss           | 335                       |
-------------------------------------------------------
-------------------------------------------------------
| is_success              | 0                         |
| reward                  | [-0.17665224 -0.88617724] |
| rollout/                |                           |
|    ep_len_mean          | 1e+03                     |
|    ep_rew_mean          | -1.22e+03                 |
| time/                   |                           |
|    fps                  | 119                       |
|    iterations           | 3                         |
|    time_elapsed         | 102                       |
|    total_timesteps      | 12288                     |
| train/                  |                           |
|    approx_kl            | 0.0037447214              |
|    clip_fraction        | 0.014                     |
|    clip_range           | 0.2                       |
|    entropy_loss         | -2.86                     |
|    explained_variance   | -0.496                    |
|    learning_rate        | 0.0003                    |
|    loss                 | 144                       |
|    n_updates            | 20                        |
|    policy_gradient_loss | -0.0022                   |
|    std                  | 1.02                      |
|    value_loss           | 411                       |
-------------------------------------------------------
-------------------------------------------------------
| is_success              | 0                         |
| reward                  | [-0.57267225 -0.7769609 ] |
| rollout/                |                           |
|    ep_len_mean          | 1e+03                     |
|    ep_rew_mean          | -1.08e+03                 |
| time/                   |                           |
|    fps                  | 137                       |
|    iterations           | 4                         |
|    time_elapsed         | 118                       |
|    total_timesteps      | 16384                     |
| train/                  |                           |
|    approx_kl            | 0.0048670694              |
|    clip_fraction        | 0.0292                    |
|    clip_range           | 0.2                       |
|    entropy_loss         | -2.87                     |
|    explained_variance   | -0.357                    |
|    learning_rate        | 0.0003                    |
|    loss                 | 43.5                      |
|    n_updates            | 30                        |
|    policy_gradient_loss | -0.00499                  |
|    std                  | 1.02                      |
|    value_loss           | 180                       |
-------------------------------------------------------
-------------------------------------------------------
| is_success              | 0                         |
| reward                  | [-0.65507996 -1.0014495 ] |
| rollout/                |                           |
|    ep_len_mean          | 943                       |
|    ep_rew_mean          | -1.14e+03                 |
| time/                   |                           |
|    fps                  | 136                       |
|    iterations           | 4                         |
|    time_elapsed         | 120                       |
|    total_timesteps      | 16384                     |
| train/                  |                           |
|    approx_kl            | 0.0033946238              |
|    clip_fraction        | 0.0104                    |
|    clip_range           | 0.2                       |
|    entropy_loss         | -2.86                     |
|    explained_variance   | 0.152                     |
|    learning_rate        | 0.0003                    |
|    loss                 | 131                       |
|    n_updates            | 30                        |
|    policy_gradient_loss | -0.00186                  |
|    std                  | 1.01                      |
|    value_loss           | 356                       |
-------------------------------------------------------
-------------------------------------------------------
| is_success              | 0                         |
| reward                  | [-0.9967758  -0.62182593] |
| rollout/                |                           |
|    ep_len_mean          | 1e+03                     |
|    ep_rew_mean          | -1.26e+03                 |
| time/                   |                           |
|    fps                  | 119                       |
|    iterations           | 4                         |
|    time_elapsed         | 137                       |
|    total_timesteps      | 16384                     |
| train/                  |                           |
|    approx_kl            | 0.0031348055              |
|    clip_fraction        | 0.0155                    |
|    clip_range           | 0.2                       |
|    entropy_loss         | -2.87                     |
|    explained_variance   | -0.0522                   |
|    learning_rate        | 0.0003                    |
|    loss                 | 188                       |
|    n_updates            | 30                        |
|    policy_gradient_loss | -0.00277                  |
|    std                  | 1.01                      |
|    value_loss           | 479                       |
-------------------------------------------------------
-----------------------------------------------------
| is_success              | 0                       |
| reward                  | [-0.5284999 -0.6539476] |
| rollout/                |                         |
|    ep_len_mean          | 1e+03                   |
|    ep_rew_mean          | -1.1e+03                |
| time/                   |                         |
|    fps                  | 137                     |
|    iterations           | 5                       |
|    time_elapsed         | 148                     |
|    total_timesteps      | 20480                   |
| train/                  |                         |
|    approx_kl            | 0.004934774             |
|    clip_fraction        | 0.0288                  |
|    clip_range           | 0.2                     |
|    entropy_loss         | -2.87                   |
|    explained_variance   | 0.318                   |
|    learning_rate        | 0.0003                  |
|    loss                 | 92.2                    |
|    n_updates            | 40                      |
|    policy_gradient_loss | -0.00355                |
|    std                  | 1.02                    |
|    value_loss           | 315                     |
-----------------------------------------------------
-----------------------------------------------------
| is_success              | 0                       |
| reward                  | [-0.4381258 -0.5122723] |
| rollout/                |                         |
|    ep_len_mean          | 912                     |
|    ep_rew_mean          | -1.11e+03               |
| time/                   |                         |
|    fps                  | 136                     |
|    iterations           | 5                       |
|    time_elapsed         | 149                     |
|    total_timesteps      | 20480                   |
| train/                  |                         |
|    approx_kl            | 0.0040346016            |
|    clip_fraction        | 0.00933                 |
|    clip_range           | 0.2                     |
|    entropy_loss         | -2.86                   |
|    explained_variance   | -0.205                  |
|    learning_rate        | 0.0003                  |
|    loss                 | 41.2                    |
|    n_updates            | 40                      |
|    policy_gradient_loss | -0.00253                |
|    std                  | 1.01                    |
|    value_loss           | 190                     |
-----------------------------------------------------
-----------------------------------------------------
| is_success              | 0                       |
| reward                  | [-0.9434243 -0.3890755] |
| rollout/                |                         |
|    ep_len_mean          | 955                     |
|    ep_rew_mean          | -1.24e+03               |
| time/                   |                         |
|    fps                  | 119                     |
|    iterations           | 5                       |
|    time_elapsed         | 171                     |
|    total_timesteps      | 20480                   |
| train/                  |                         |
|    approx_kl            | 0.0038587423            |
|    clip_fraction        | 0.0207                  |
|    clip_range           | 0.2                     |
|    entropy_loss         | -2.86                   |
|    explained_variance   | 0.233                   |
|    learning_rate        | 0.0003                  |
|    loss                 | 227                     |
|    n_updates            | 40                      |
|    policy_gradient_loss | -0.00256                |
|    std                  | 1.02                    |
|    value_loss           | 531                     |
-----------------------------------------------------
-------------------------------------------------------
| is_success              | 0                         |
| reward                  | [-0.48637852 -1.8009452 ] |
| rollout/                |                           |
|    ep_len_mean          | 972                       |
|    ep_rew_mean          | -1.06e+03                 |
| time/                   |                           |
|    fps                  | 137                       |
|    iterations           | 6                         |
|    time_elapsed         | 178                       |
|    total_timesteps      | 24576                     |
| train/                  |                           |
|    approx_kl            | 0.005529474               |
|    clip_fraction        | 0.028                     |
|    clip_range           | 0.2                       |
|    entropy_loss         | -2.87                     |
|    explained_variance   | 0.283                     |
|    learning_rate        | 0.0003                    |
|    loss                 | 78.3                      |
|    n_updates            | 50                        |
|    policy_gradient_loss | -0.00341                  |
|    std                  | 1.02                      |
|    value_loss           | 226                       |
-------------------------------------------------------
-----------------------------------------------------
| is_success              | 0                       |
| reward                  | [-0.3086955 -0.9588055] |
| rollout/                |                         |
|    ep_len_mean          | 899                     |
|    ep_rew_mean          | -1.04e+03               |
| time/                   |                         |
|    fps                  | 137                     |
|    iterations           | 6                       |
|    time_elapsed         | 178                     |
|    total_timesteps      | 24576                   |
| train/                  |                         |
|    approx_kl            | 0.0032557105            |
|    clip_fraction        | 0.011                   |
|    clip_range           | 0.2                     |
|    entropy_loss         | -2.86                   |
|    explained_variance   | -1.16                   |
|    learning_rate        | 0.0003                  |
|    loss                 | 61.6                    |
|    n_updates            | 50                      |
|    policy_gradient_loss | -0.00193                |
|    std                  | 1.01                    |
|    value_loss           | 247                     |
-----------------------------------------------------
-----------------------------------------------------
| is_success              | 0                       |
| reward                  | [-0.6126961 -2.2010407] |
| rollout/                |                         |
|    ep_len_mean          | 962                     |
|    ep_rew_mean          | -1.18e+03               |
| time/                   |                         |
|    fps                  | 119                     |
|    iterations           | 6                       |
|    time_elapsed         | 205                     |
|    total_timesteps      | 24576                   |
| train/                  |                         |
|    approx_kl            | 0.0050469954            |
|    clip_fraction        | 0.0263                  |
|    clip_range           | 0.2                     |
|    entropy_loss         | -2.87                   |
|    explained_variance   | 0.0908                  |
|    learning_rate        | 0.0003                  |
|    loss                 | 187                     |
|    n_updates            | 50                      |
|    policy_gradient_loss | -0.0038                 |
|    std                  | 1.02                    |
|    value_loss           | 441                     |
-----------------------------------------------------
-----------------------------------------------------
| is_success              | 0                       |
| reward                  | [-0.6774477 -1.00864  ] |
| rollout/                |                         |
|    ep_len_mean          | 912                     |
|    ep_rew_mean          | -1.05e+03               |
| time/                   |                         |
|    fps                  | 137                     |
|    iterations           | 7                       |
|    time_elapsed         | 208                     |
|    total_timesteps      | 28672                   |
| train/                  |                         |
|    approx_kl            | 0.0044384524            |
|    clip_fraction        | 0.0247                  |
|    clip_range           | 0.2                     |
|    entropy_loss         | -2.86                   |
|    explained_variance   | 0.0746                  |
|    learning_rate        | 0.0003                  |
|    loss                 | 38.6                    |
|    n_updates            | 60                      |
|    policy_gradient_loss | -0.00381                |
|    std                  | 1.02                    |
|    value_loss           | 125                     |
-----------------------------------------------------
-------------------------------------------------------
| is_success              | 0                         |
| reward                  | [-1.2181168  -0.54926425] |
| rollout/                |                           |
|    ep_len_mean          | 977                       |
|    ep_rew_mean          | -1.08e+03                 |
| time/                   |                           |
|    fps                  | 137                       |
|    iterations           | 7                         |
|    time_elapsed         | 208                       |
|    total_timesteps      | 28672                     |
| train/                  |                           |
|    approx_kl            | 0.002704069               |
|    clip_fraction        | 0.00984                   |
|    clip_range           | 0.2                       |
|    entropy_loss         | -2.88                     |
|    explained_variance   | 0.0331                    |
|    learning_rate        | 0.0003                    |
|    loss                 | 65.3                      |
|    n_updates            | 60                        |
|    policy_gradient_loss | -0.00227                  |
|    std                  | 1.02                      |
|    value_loss           | 189                       |
-------------------------------------------------------
-------------------------------------------------------
| is_success              | 0                         |
| reward                  | [-1.2735265  -0.92017525] |
| rollout/                |                           |
|    ep_len_mean          | 923                       |
|    ep_rew_mean          | -1.05e+03                 |
| time/                   |                           |
|    fps                  | 137                       |
|    iterations           | 8                         |
|    time_elapsed         | 237                       |
|    total_timesteps      | 32768                     |
| train/                  |                           |
|    approx_kl            | 0.00345039                |
|    clip_fraction        | 0.0134                    |
|    clip_range           | 0.2                       |
|    entropy_loss         | -2.87                     |
|    explained_variance   | -0.113                    |
|    learning_rate        | 0.0003                    |
|    loss                 | 67.9                      |
|    n_updates            | 70                        |
|    policy_gradient_loss | -0.00216                  |
|    std                  | 1.02                      |
|    value_loss           | 176                       |
-------------------------------------------------------
-----------------------------------------------------
| is_success              | 0                       |
| reward                  | [-1.5074991 -0.8510845] |
| rollout/                |                         |
|    ep_len_mean          | 980                     |
|    ep_rew_mean          | -1.08e+03               |
| time/                   |                         |
|    fps                  | 137                     |
|    iterations           | 8                       |
|    time_elapsed         | 238                     |
|    total_timesteps      | 32768                   |
| train/                  |                         |
|    approx_kl            | 0.0036920756            |
|    clip_fraction        | 0.0175                  |
|    clip_range           | 0.2                     |
|    entropy_loss         | -2.87                   |
|    explained_variance   | -1.02                   |
|    learning_rate        | 0.0003                  |
|    loss                 | 57.4                    |
|    n_updates            | 70                      |
|    policy_gradient_loss | -0.00285                |
|    std                  | 1.01                    |
|    value_loss           | 185                     |
-----------------------------------------------------
-----------------------------------------------------
| is_success              | 0                       |
| reward                  | [-1.4548076 -1.264964 ] |
| rollout/                |                         |
|    ep_len_mean          | 967                     |
|    ep_rew_mean          | -1.18e+03               |
| time/                   |                         |
|    fps                  | 119                     |
|    iterations           | 7                       |
|    time_elapsed         | 239                     |
|    total_timesteps      | 28672                   |
| train/                  |                         |
|    approx_kl            | 0.004994114             |
|    clip_fraction        | 0.032                   |
|    clip_range           | 0.2                     |
|    entropy_loss         | -2.87                   |
|    explained_variance   | -0.673                  |
|    learning_rate        | 0.0003                  |
|    loss                 | 24.4                    |
|    n_updates            | 60                      |
|    policy_gradient_loss | -0.00378                |
|    std                  | 1.02                    |
|    value_loss           | 91.8                    |
-----------------------------------------------------
-------------------------------------------------------
| is_success              | 0                         |
| reward                  | [-1.7061967  -0.33580542] |
| rollout/                |                           |
|    ep_len_mean          | 982                       |
|    ep_rew_mean          | -1.13e+03                 |
| time/                   |                           |
|    fps                  | 137                       |
|    iterations           | 9                         |
|    time_elapsed         | 268                       |
|    total_timesteps      | 36864                     |
| train/                  |                           |
|    approx_kl            | 0.0039028856              |
|    clip_fraction        | 0.0134                    |
|    clip_range           | 0.2                       |
|    entropy_loss         | -2.87                     |
|    explained_variance   | -0.412                    |
|    learning_rate        | 0.0003                    |
|    loss                 | 74.2                      |
|    n_updates            | 80                        |
|    policy_gradient_loss | -0.00265                  |
|    std                  | 1.02                      |
|    value_loss           | 195                       |
-------------------------------------------------------
-----------------------------------------------------
| is_success              | 0                       |
| reward                  | [-1.0781556 -0.8265695] |
| rollout/                |                         |
|    ep_len_mean          | 931                     |
|    ep_rew_mean          | -1.09e+03               |
| time/                   |                         |
|    fps                  | 137                     |
|    iterations           | 9                       |
|    time_elapsed         | 268                     |
|    total_timesteps      | 36864                   |
| train/                  |                         |
|    approx_kl            | 0.0042414675            |
|    clip_fraction        | 0.0303                  |
|    clip_range           | 0.2                     |
|    entropy_loss         | -2.89                   |
|    explained_variance   | -0.399                  |
|    learning_rate        | 0.0003                  |
|    loss                 | 48.5                    |
|    n_updates            | 80                      |
|    policy_gradient_loss | -0.00424                |
|    std                  | 1.03                    |
|    value_loss           | 146                     |
-----------------------------------------------------
-----------------------------------------------------
| is_success              | 0                       |
| reward                  | [-0.3266039 -1.4571546] |
| rollout/                |                         |
|    ep_len_mean          | 971                     |
|    ep_rew_mean          | -1.19e+03               |
| time/                   |                         |
|    fps                  | 119                     |
|    iterations           | 8                       |
|    time_elapsed         | 273                     |
|    total_timesteps      | 32768                   |
| train/                  |                         |
|    approx_kl            | 0.004912844             |
|    clip_fraction        | 0.0318                  |
|    clip_range           | 0.2                     |
|    entropy_loss         | -2.87                   |
|    explained_variance   | 0.0425                  |
|    learning_rate        | 0.0003                  |
|    loss                 | 85.4                    |
|    n_updates            | 70                      |
|    policy_gradient_loss | -0.00533                |
|    std                  | 1.02                    |
|    value_loss           | 219                     |
-----------------------------------------------------
-----------------------------------------------------
| is_success              | 0                       |
| reward                  | [-2.127073  -0.5308035] |
| rollout/                |                         |
|    ep_len_mean          | 984                     |
|    ep_rew_mean          | -1.13e+03               |
| time/                   |                         |
|    fps                  | 137                     |
|    iterations           | 10                      |
|    time_elapsed         | 298                     |
|    total_timesteps      | 40960                   |
| train/                  |                         |
|    approx_kl            | 0.004410955             |
|    clip_fraction        | 0.0246                  |
|    clip_range           | 0.2                     |
|    entropy_loss         | -2.87                   |
|    explained_variance   | 0.0347                  |
|    learning_rate        | 0.0003                  |
|    loss                 | 175                     |
|    n_updates            | 90                      |
|    policy_gradient_loss | -0.00369                |
|    std                  | 1.01                    |
|    value_loss           | 413                     |
-----------------------------------------------------
-----------------------------------------------------
| is_success              | 0                       |
| reward                  | [-0.6876968 -0.847583 ] |
| rollout/                |                         |
|    ep_len_mean          | 937                     |
|    ep_rew_mean          | -1.11e+03               |
| time/                   |                         |
|    fps                  | 137                     |
|    iterations           | 10                      |
|    time_elapsed         | 298                     |
|    total_timesteps      | 40960                   |
| train/                  |                         |
|    approx_kl            | 0.002514655             |
|    clip_fraction        | 0.00652                 |
|    clip_range           | 0.2                     |
|    entropy_loss         | -2.89                   |
|    explained_variance   | -0.0819                 |
|    learning_rate        | 0.0003                  |
|    loss                 | 152                     |
|    n_updates            | 90                      |
|    policy_gradient_loss | -0.00149                |
|    std                  | 1.03                    |
|    value_loss           | 387                     |
-----------------------------------------------------
-----------------------------------------------------
| is_success              | 0                       |
| reward                  | [-1.0748485 -1.9114996] |
| rollout/                |                         |
|    ep_len_mean          | 975                     |
|    ep_rew_mean          | -1.25e+03               |
| time/                   |                         |
|    fps                  | 119                     |
|    iterations           | 9                       |
|    time_elapsed         | 308                     |
|    total_timesteps      | 36864                   |
| train/                  |                         |
|    approx_kl            | 0.0043315226            |
|    clip_fraction        | 0.0217                  |
|    clip_range           | 0.2                     |
|    entropy_loss         | -2.88                   |
|    explained_variance   | 0.356                   |
|    learning_rate        | 0.0003                  |
|    loss                 | 107                     |
|    n_updates            | 80                      |
|    policy_gradient_loss | -0.00314                |
|    std                  | 1.03                    |
|    value_loss           | 256                     |
-----------------------------------------------------
-----------------------------------------------------
| is_success              | 0                       |
| reward                  | [-1.1247633 -0.9230776] |
| rollout/                |                         |
|    ep_len_mean          | 985                     |
|    ep_rew_mean          | -1.13e+03               |
| time/                   |                         |
|    fps                  | 137                     |
|    iterations           | 11                      |
|    time_elapsed         | 328                     |
|    total_timesteps      | 45056                   |
| train/                  |                         |
|    approx_kl            | 0.0036086044            |
|    clip_fraction        | 0.0174                  |
|    clip_range           | 0.2                     |
|    entropy_loss         | -2.86                   |
|    explained_variance   | -0.0919                 |
|    learning_rate        | 0.0003                  |
|    loss                 | 69.8                    |
|    n_updates            | 100                     |
|    policy_gradient_loss | -0.0027                 |
|    std                  | 1.01                    |
|    value_loss           | 194                     |
-----------------------------------------------------
-------------------------------------------------------
| is_success              | 0                         |
| reward                  | [-0.77808726 -2.1707532 ] |
| rollout/                |                           |
|    ep_len_mean          | 943                       |
|    ep_rew_mean          | -1.11e+03                 |
| time/                   |                           |
|    fps                  | 137                       |
|    iterations           | 11                        |
|    time_elapsed         | 328                       |
|    total_timesteps      | 45056                     |
| train/                  |                           |
|    approx_kl            | 0.003791426               |
|    clip_fraction        | 0.0182                    |
|    clip_range           | 0.2                       |
|    entropy_loss         | -2.88                     |
|    explained_variance   | -0.107                    |
|    learning_rate        | 0.0003                    |
|    loss                 | 90.6                      |
|    n_updates            | 100                       |
|    policy_gradient_loss | -0.00308                  |
|    std                  | 1.02                      |
|    value_loss           | 239                       |
-------------------------------------------------------
-----------------------------------------------------
| is_success              | 0                       |
| reward                  | [-1.8223835 -1.6359457] |
| rollout/                |                         |
|    ep_len_mean          | 977                     |
|    ep_rew_mean          | -1.28e+03               |
| time/                   |                         |
|    fps                  | 119                     |
|    iterations           | 10                      |
|    time_elapsed         | 342                     |
|    total_timesteps      | 40960                   |
| train/                  |                         |
|    approx_kl            | 0.0040253233            |
|    clip_fraction        | 0.0163                  |
|    clip_range           | 0.2                     |
|    entropy_loss         | -2.89                   |
|    explained_variance   | -0.12                   |
|    learning_rate        | 0.0003                  |
|    loss                 | 110                     |
|    n_updates            | 90                      |
|    policy_gradient_loss | -0.00223                |
|    std                  | 1.03                    |
|    value_loss           | 345                     |
-----------------------------------------------------
-------------------------------------------------------
| is_success              | 0                         |
| reward                  | [-1.7488177  -0.64551276] |
| rollout/                |                           |
|    ep_len_mean          | 987                       |
|    ep_rew_mean          | -1.15e+03                 |
| time/                   |                           |
|    fps                  | 137                       |
|    iterations           | 12                        |
|    time_elapsed         | 358                       |
|    total_timesteps      | 49152                     |
| train/                  |                           |
|    approx_kl            | 0.004045206               |
|    clip_fraction        | 0.025                     |
|    clip_range           | 0.2                       |
|    entropy_loss         | -2.88                     |
|    explained_variance   | 0.00283                   |
|    learning_rate        | 0.0003                    |
|    loss                 | 90.8                      |
|    n_updates            | 110                       |
|    policy_gradient_loss | -0.00457                  |
|    std                  | 1.03                      |
|    value_loss           | 195                       |
-------------------------------------------------------
-----------------------------------------------------
| is_success              | 0                       |
| reward                  | [-2.3074083 -1.1744592] |
| rollout/                |                         |
|    ep_len_mean          | 947                     |
|    ep_rew_mean          | -1.13e+03               |
| time/                   |                         |
|    fps                  | 137                     |
|    iterations           | 12                      |
|    time_elapsed         | 358                     |
|    total_timesteps      | 49152                   |
| train/                  |                         |
|    approx_kl            | 0.00381839              |
|    clip_fraction        | 0.0187                  |
|    clip_range           | 0.2                     |
|    entropy_loss         | -2.88                   |
|    explained_variance   | -0.0091                 |
|    learning_rate        | 0.0003                  |
|    loss                 | 83.2                    |
|    n_updates            | 110                     |
|    policy_gradient_loss | -0.00251                |
|    std                  | 1.03                    |
|    value_loss           | 196                     |
-----------------------------------------------------
-----------------------------------------------------
| is_success              | 0                       |
| reward                  | [-2.1402938 -1.9442716] |
| rollout/                |                         |
|    ep_len_mean          | 979                     |
|    ep_rew_mean          | -1.29e+03               |
| time/                   |                         |
|    fps                  | 119                     |
|    iterations           | 11                      |
|    time_elapsed         | 376                     |
|    total_timesteps      | 45056                   |
| train/                  |                         |
|    approx_kl            | 0.0046121245            |
|    clip_fraction        | 0.0203                  |
|    clip_range           | 0.2                     |
|    entropy_loss         | -2.89                   |
|    explained_variance   | 0.178                   |
|    learning_rate        | 0.0003                  |
|    loss                 | 75.7                    |
|    n_updates            | 100                     |
|    policy_gradient_loss | -0.00312                |
|    std                  | 1.02                    |
|    value_loss           | 239                     |
-----------------------------------------------------
-----------------------------------------------------
| is_success              | 0                       |
| reward                  | [-1.5683327 -1.4434645] |
| rollout/                |                         |
|    ep_len_mean          | 988                     |
|    ep_rew_mean          | -1.16e+03               |
| time/                   |                         |
|    fps                  | 137                     |
|    iterations           | 13                      |
|    time_elapsed         | 387                     |
|    total_timesteps      | 53248                   |
| train/                  |                         |
|    approx_kl            | 0.005384792             |
|    clip_fraction        | 0.04                    |
|    clip_range           | 0.2                     |
|    entropy_loss         | -2.9                    |
|    explained_variance   | 0.0098                  |
|    learning_rate        | 0.0003                  |
|    loss                 | 124                     |
|    n_updates            | 120                     |
|    policy_gradient_loss | -0.00596                |
|    std                  | 1.04                    |
|    value_loss           | 284                     |
-----------------------------------------------------
-----------------------------------------------------
| is_success              | 0                       |
| reward                  | [-0.6514782 -2.287051 ] |
| rollout/                |                         |
|    ep_len_mean          | 951                     |
|    ep_rew_mean          | -1.15e+03               |
| time/                   |                         |
|    fps                  | 137                     |
|    iterations           | 13                      |
|    time_elapsed         | 388                     |
|    total_timesteps      | 53248                   |
| train/                  |                         |
|    approx_kl            | 0.0041543664            |
|    clip_fraction        | 0.0313                  |
|    clip_range           | 0.2                     |
|    entropy_loss         | -2.89                   |
|    explained_variance   | -0.0438                 |
|    learning_rate        | 0.0003                  |
|    loss                 | 93.8                    |
|    n_updates            | 120                     |
|    policy_gradient_loss | -0.00454                |
|    std                  | 1.02                    |
|    value_loss           | 238                     |
-----------------------------------------------------
-----------------------------------------------------
| is_success              | 0                       |
| reward                  | [-1.6504402 -1.9080349] |
| rollout/                |                         |
|    ep_len_mean          | 981                     |
|    ep_rew_mean          | -1.34e+03               |
| time/                   |                         |
|    fps                  | 119                     |
|    iterations           | 12                      |
|    time_elapsed         | 410                     |
|    total_timesteps      | 49152                   |
| train/                  |                         |
|    approx_kl            | 0.005039978             |
|    clip_fraction        | 0.0253                  |
|    clip_range           | 0.2                     |
|    entropy_loss         | -2.89                   |
|    explained_variance   | -0.624                  |
|    learning_rate        | 0.0003                  |
|    loss                 | 94.3                    |
|    n_updates            | 110                     |
|    policy_gradient_loss | -0.00331                |
|    std                  | 1.03                    |
|    value_loss           | 244                     |
-----------------------------------------------------
-----------------------------------------------------
| is_success              | 0                       |
| reward                  | [-1.6574407 -1.5474286] |
| rollout/                |                         |
|    ep_len_mean          | 989                     |
|    ep_rew_mean          | -1.17e+03               |
| time/                   |                         |
|    fps                  | 137                     |
|    iterations           | 14                      |
|    time_elapsed         | 417                     |
|    total_timesteps      | 57344                   |
| train/                  |                         |
|    approx_kl            | 0.004299876             |
|    clip_fraction        | 0.024                   |
|    clip_range           | 0.2                     |
|    entropy_loss         | -2.92                   |
|    explained_variance   | 0.0141                  |
|    learning_rate        | 0.0003                  |
|    loss                 | 124                     |
|    n_updates            | 130                     |
|    policy_gradient_loss | -0.00369                |
|    std                  | 1.04                    |
|    value_loss           | 289                     |
-----------------------------------------------------
-----------------------------------------------------
| is_success              | 0                       |
| reward                  | [-0.9220396 -0.6380577] |
| rollout/                |                         |
|    ep_len_mean          | 954                     |
|    ep_rew_mean          | -1.15e+03               |
| time/                   |                         |
|    fps                  | 137                     |
|    iterations           | 14                      |
|    time_elapsed         | 417                     |
|    total_timesteps      | 57344                   |
| train/                  |                         |
|    approx_kl            | 0.003966934             |
|    clip_fraction        | 0.0213                  |
|    clip_range           | 0.2                     |
|    entropy_loss         | -2.89                   |
|    explained_variance   | -0.002                  |
|    learning_rate        | 0.0003                  |
|    loss                 | 158                     |
|    n_updates            | 130                     |
|    policy_gradient_loss | -0.00375                |
|    std                  | 1.03                    |
|    value_loss           | 327                     |
-----------------------------------------------------
-----------------------------------------------------
| is_success              | 0                       |
| reward                  | [-1.118566  -1.7812731] |
| rollout/                |                         |
|    ep_len_mean          | 983                     |
|    ep_rew_mean          | -1.35e+03               |
| time/                   |                         |
|    fps                  | 119                     |
|    iterations           | 13                      |
|    time_elapsed         | 444                     |
|    total_timesteps      | 53248                   |
| train/                  |                         |
|    approx_kl            | 0.0042699995            |
|    clip_fraction        | 0.0217                  |
|    clip_range           | 0.2                     |
|    entropy_loss         | -2.9                    |
|    explained_variance   | 0.0134                  |
|    learning_rate        | 0.0003                  |
|    loss                 | 342                     |
|    n_updates            | 120                     |
|    policy_gradient_loss | -0.0029                 |
|    std                  | 1.03                    |
|    value_loss           | 737                     |
-----------------------------------------------------
-----------------------------------------------------
| is_success              | 0                       |
| reward                  | [-1.1807507 -1.5461152] |
| rollout/                |                         |
|    ep_len_mean          | 954                     |
|    ep_rew_mean          | -1.14e+03               |
| time/                   |                         |
|    fps                  | 137                     |
|    iterations           | 15                      |
|    time_elapsed         | 447                     |
|    total_timesteps      | 61440                   |
| train/                  |                         |
|    approx_kl            | 0.0046769176            |
|    clip_fraction        | 0.0385                  |
|    clip_range           | 0.2                     |
|    entropy_loss         | -2.91                   |
|    explained_variance   | -0.0183                 |
|    learning_rate        | 0.0003                  |
|    loss                 | 69.9                    |
|    n_updates            | 140                     |
|    policy_gradient_loss | -0.0055                 |
|    std                  | 1.04                    |
|    value_loss           | 155                     |
-----------------------------------------------------
-----------------------------------------------------
| is_success              | 0                       |
| reward                  | [-2.3347962 -0.3370607] |
| rollout/                |                         |
|    ep_len_mean          | 975                     |
|    ep_rew_mean          | -1.16e+03               |
| time/                   |                         |
|    fps                  | 137                     |
|    iterations           | 15                      |
|    time_elapsed         | 447                     |
|    total_timesteps      | 61440                   |
| train/                  |                         |
|    approx_kl            | 0.0038450798            |
|    clip_fraction        | 0.0252                  |
|    clip_range           | 0.2                     |
|    entropy_loss         | -2.91                   |
|    explained_variance   | 0.011                   |
|    learning_rate        | 0.0003                  |
|    loss                 | 78.7                    |
|    n_updates            | 140                     |
|    policy_gradient_loss | -0.00442                |
|    std                  | 1.04                    |
|    value_loss           | 199                     |
-----------------------------------------------------
slurmstepd: error: *** STEP 116000.1 ON ddpg.ist.berkeley.edu CANCELLED AT 2024-01-09T20:34:25 ***
slurmstepd: error: *** STEP 116000.2 ON dqn.ist.berkeley.edu CANCELLED AT 2024-01-09T20:34:25 ***
slurmstepd: error: *** JOB 116000 ON airl.ist.berkeley.edu CANCELLED AT 2024-01-10T04:34:25 ***
slurmstepd: error: *** STEP 116000.0 ON airl.ist.berkeley.edu CANCELLED AT 2024-01-10T04:34:25 ***
