Running script with speed limit: 2
Running script with speed limit: 4
Running script with speed limit: 8
Running script with speed limit: 16
Running script with speed limit: 2
Running script with speed limit: 4
Running script with speed limit: 8
Running script with speed limit: 16
Running script with speed limit: 2
Running script with speed limit: 4
Running script with speed limit: 8
Running script with speed limit: 16
wandb: Currently logged in as: mason-nakamura1 (ecrl). Use `wandb login --relogin` to force relogin
wandb: Currently logged in as: mason-nakamura1 (ecrl). Use `wandb login --relogin` to force relogin
wandb: Currently logged in as: mason-nakamura1 (ecrl). Use `wandb login --relogin` to force relogin
wandb: Currently logged in as: mason-nakamura1 (ecrl). Use `wandb login --relogin` to force relogin
wandb: wandb version 0.16.0 is available!  To upgrade, please run:
wandb:  $ pip install wandb --upgrade
wandb: Tracking run with wandb version 0.14.2
wandb: Run data is saved locally in /nas/ucb/mason/ethically-compliant-rl/wandb/run-20231130_235559-985c23a1-fb68-4341-911a-a46491d1afbb
wandb: Run `wandb offline` to turn off syncing.
wandb: Syncing run cpo_constraint_typespeed_cost2_rew_normTrue-4e4d
wandb: ⭐️ View project at https://wandb.ai/ecrl/CPO-SpeedConstraint-Speed%3D2
wandb: 🚀 View run at https://wandb.ai/ecrl/CPO-SpeedConstraint-Speed%3D2/runs/985c23a1-fb68-4341-911a-a46491d1afbb
wandb: wandb version 0.16.0 is available!  To upgrade, please run:
wandb:  $ pip install wandb --upgrade
wandb: Tracking run with wandb version 0.14.2
wandb: Run data is saved locally in /nas/ucb/mason/ethically-compliant-rl/wandb/run-20231130_235559-d3bcd049-5007-4792-86aa-b0d4df20ced7
wandb: Run `wandb offline` to turn off syncing.
wandb: Syncing run cpo_constraint_typespeed_cost2_rew_normTrue-24ec
wandb: ⭐️ View project at https://wandb.ai/ecrl/CPO-SpeedConstraint-Speed%3D2
wandb: 🚀 View run at https://wandb.ai/ecrl/CPO-SpeedConstraint-Speed%3D2/runs/d3bcd049-5007-4792-86aa-b0d4df20ced7
wandb: wandb version 0.16.0 is available!  To upgrade, please run:
wandb:  $ pip install wandb --upgrade
wandb: Tracking run with wandb version 0.14.2
wandb: Run data is saved locally in /nas/ucb/mason/ethically-compliant-rl/wandb/run-20231130_155559-096775de-48cf-4ea3-b4c8-553cd55bd452
wandb: Run `wandb offline` to turn off syncing.
wandb: Syncing run cpo_constraint_typespeed_cost2_rew_normTrue-bcdd
wandb: ⭐️ View project at https://wandb.ai/ecrl/CPO-SpeedConstraint-Speed%3D2
wandb: 🚀 View run at https://wandb.ai/ecrl/CPO-SpeedConstraint-Speed%3D2/runs/096775de-48cf-4ea3-b4c8-553cd55bd452
wandb: wandb version 0.16.0 is available!  To upgrade, please run:
wandb:  $ pip install wandb --upgrade
wandb: Tracking run with wandb version 0.14.2
wandb: Run data is saved locally in /nas/ucb/mason/ethically-compliant-rl/wandb/run-20231130_155559-f762f221-7ba1-4ea3-90dd-0879fd0fadbd
wandb: Run `wandb offline` to turn off syncing.
wandb: Syncing run cpo_constraint_typespeed_cost2_rew_normTrue-124a
wandb: ⭐️ View project at https://wandb.ai/ecrl/CPO-SpeedConstraint-Speed%3D2
wandb: 🚀 View run at https://wandb.ai/ecrl/CPO-SpeedConstraint-Speed%3D2/runs/f762f221-7ba1-4ea3-90dd-0879fd0fadbd
wandb: Currently logged in as: mason-nakamura1 (ecrl). Use `wandb login --relogin` to force relogin
[32;1mLogging data to logs/CPO-SpeedConstraint-Speed=2/parking-v0-cost-[2]/cpo_constraint_typespeed_cost2_rew_normTrue-4e4d/progress.txt[0m
Traceback (most recent call last):
  File "/nas/ucb/mason/ethically-compliant-rl/CPO/train_cpo.py", line 198, in <module>
    train()
  File "/nas/ucb/mason/ethically-compliant-rl/.venv/lib/python3.9/site-packages/pyrallis/argparsing.py", line 158, in wrapper_inner
    response = fn(cfg, *args, **kwargs)
  File "/nas/ucb/mason/ethically-compliant-rl/CPO/train_cpo.py", line 154, in train
    env_training_list = generate_env_config(training_num)
TypeError: generate_env_config() missing 1 required positional argument: 'starting_locations'
Traceback (most recent call last):
  File "/nas/ucb/mason/ethically-compliant-rl/CPO/train_cpo.py", line 198, in <module>
    train()
  File "/nas/ucb/mason/ethically-compliant-rl/.venv/lib/python3.9/site-packages/pyrallis/argparsing.py", line 158, in wrapper_inner
    response = fn(cfg, *args, **kwargs)
  File "/nas/ucb/mason/ethically-compliant-rl/CPO/train_cpo.py", line 154, in train
    env_training_list = generate_env_config(training_num)
TypeError: generate_env_config() missing 1 required positional argument: 'starting_locations'
wandb: Waiting for W&B process to finish... (failed 1). Press Control-C to abort syncing.
[32;1mLogging data to logs/CPO-SpeedConstraint-Speed=2/parking-v0-cost-[2]/cpo_constraint_typespeed_cost2_rew_normTrue-24ec/progress.txt[0m
Traceback (most recent call last):
  File "/nas/ucb/mason/ethically-compliant-rl/CPO/train_cpo.py", line 198, in <module>
    train()
  File "/nas/ucb/mason/ethically-compliant-rl/.venv/lib/python3.9/site-packages/pyrallis/argparsing.py", line 158, in wrapper_inner
    response = fn(cfg, *args, **kwargs)
  File "/nas/ucb/mason/ethically-compliant-rl/CPO/train_cpo.py", line 154, in train
    env_training_list = generate_env_config(training_num)
TypeError: generate_env_config() missing 1 required positional argument: 'starting_locations'
Traceback (most recent call last):
  File "/nas/ucb/mason/ethically-compliant-rl/CPO/train_cpo.py", line 198, in <module>
    train()
  File "/nas/ucb/mason/ethically-compliant-rl/.venv/lib/python3.9/site-packages/pyrallis/argparsing.py", line 158, in wrapper_inner
    response = fn(cfg, *args, **kwargs)
  File "/nas/ucb/mason/ethically-compliant-rl/CPO/train_cpo.py", line 154, in train
    env_training_list = generate_env_config(training_num)
TypeError: generate_env_config() missing 1 required positional argument: 'starting_locations'
wandb: Waiting for W&B process to finish... (failed 1). Press Control-C to abort syncing.
[32;1mLogging data to logs/CPO-SpeedConstraint-Speed=2/parking-v0-cost-[2]/cpo_constraint_typespeed_cost2_rew_normTrue-124a/progress.txt[0m
Traceback (most recent call last):
  File "/nas/ucb/mason/ethically-compliant-rl/CPO/train_cpo.py", line 198, in <module>
    train()
  File "/nas/ucb/mason/ethically-compliant-rl/.venv/lib/python3.9/site-packages/pyrallis/argparsing.py", line 158, in wrapper_inner
    response = fn(cfg, *args, **kwargs)
  File "/nas/ucb/mason/ethically-compliant-rl/CPO/train_cpo.py", line 154, in train
    env_training_list = generate_env_config(training_num)
TypeError: generate_env_config() missing 1 required positional argument: 'starting_locations'
Traceback (most recent call last):
  File "/nas/ucb/mason/ethically-compliant-rl/CPO/train_cpo.py", line 198, in <module>
    train()
  File "/nas/ucb/mason/ethically-compliant-rl/.venv/lib/python3.9/site-packages/pyrallis/argparsing.py", line 158, in wrapper_inner
    response = fn(cfg, *args, **kwargs)
  File "/nas/ucb/mason/ethically-compliant-rl/CPO/train_cpo.py", line 154, in train
    env_training_list = generate_env_config(training_num)
TypeError: generate_env_config() missing 1 required positional argument: 'starting_locations'
wandb: Waiting for W&B process to finish... (failed 1). Press Control-C to abort syncing.
wandb: wandb version 0.16.0 is available!  To upgrade, please run:
wandb:  $ pip install wandb --upgrade
wandb: Tracking run with wandb version 0.14.2
wandb: Run data is saved locally in /nas/ucb/mason/ethically-compliant-rl/wandb/run-20231130_235601-2e18f07a-e6c0-4656-abda-b759f9496977
wandb: Run `wandb offline` to turn off syncing.
wandb: Syncing run cpo_constraint_typespeed_cost2_rew_normTrue-de13
wandb: ⭐️ View project at https://wandb.ai/ecrl/CPO-SpeedConstraint-Speed%3D2
wandb: 🚀 View run at https://wandb.ai/ecrl/CPO-SpeedConstraint-Speed%3D2/runs/2e18f07a-e6c0-4656-abda-b759f9496977
[32;1mLogging data to logs/CPO-SpeedConstraint-Speed=2/parking-v0-cost-[2]/cpo_constraint_typespeed_cost2_rew_normTrue-bcdd/progress.txt[0m
Traceback (most recent call last):
  File "/nas/ucb/mason/ethically-compliant-rl/CPO/train_cpo.py", line 198, in <module>
    train()
  File "/nas/ucb/mason/ethically-compliant-rl/.venv/lib/python3.9/site-packages/pyrallis/argparsing.py", line 158, in wrapper_inner
    response = fn(cfg, *args, **kwargs)
  File "/nas/ucb/mason/ethically-compliant-rl/CPO/train_cpo.py", line 154, in train
    env_training_list = generate_env_config(training_num)
TypeError: generate_env_config() missing 1 required positional argument: 'starting_locations'
Traceback (most recent call last):
  File "/nas/ucb/mason/ethically-compliant-rl/CPO/train_cpo.py", line 198, in <module>
    train()
  File "/nas/ucb/mason/ethically-compliant-rl/.venv/lib/python3.9/site-packages/pyrallis/argparsing.py", line 158, in wrapper_inner
    response = fn(cfg, *args, **kwargs)
  File "/nas/ucb/mason/ethically-compliant-rl/CPO/train_cpo.py", line 154, in train
    env_training_list = generate_env_config(training_num)
TypeError: generate_env_config() missing 1 required positional argument: 'starting_locations'
wandb: Waiting for W&B process to finish... (failed 1). Press Control-C to abort syncing.
wandb: ERROR Error while calling W&B API: An internal error occurred. Please contact support. (<Response [500]>)
[32;1mLogging data to logs/CPO-SpeedConstraint-Speed=2/parking-v0-cost-[2]/cpo_constraint_typespeed_cost2_rew_normTrue-de13/progress.txt[0m
Traceback (most recent call last):
  File "/nas/ucb/mason/ethically-compliant-rl/CPO/train_cpo.py", line 198, in <module>
    train()
  File "/nas/ucb/mason/ethically-compliant-rl/.venv/lib/python3.9/site-packages/pyrallis/argparsing.py", line 158, in wrapper_inner
    response = fn(cfg, *args, **kwargs)
  File "/nas/ucb/mason/ethically-compliant-rl/CPO/train_cpo.py", line 154, in train
    env_training_list = generate_env_config(training_num)
TypeError: generate_env_config() missing 1 required positional argument: 'starting_locations'
Traceback (most recent call last):
  File "/nas/ucb/mason/ethically-compliant-rl/CPO/train_cpo.py", line 198, in <module>
    train()
  File "/nas/ucb/mason/ethically-compliant-rl/.venv/lib/python3.9/site-packages/pyrallis/argparsing.py", line 158, in wrapper_inner
    response = fn(cfg, *args, **kwargs)
  File "/nas/ucb/mason/ethically-compliant-rl/CPO/train_cpo.py", line 154, in train
    env_training_list = generate_env_config(training_num)
TypeError: generate_env_config() missing 1 required positional argument: 'starting_locations'
wandb: Waiting for W&B process to finish... (failed 1). Press Control-C to abort syncing.
wandb: 🚀 View run cpo_constraint_typespeed_cost2_rew_normTrue-24ec at: https://wandb.ai/ecrl/CPO-SpeedConstraint-Speed%3D2/runs/d3bcd049-5007-4792-86aa-b0d4df20ced7
wandb: Synced 5 W&B file(s), 0 media file(s), 2 artifact file(s) and 0 other file(s)
wandb: Find logs at: ./wandb/run-20231130_235559-d3bcd049-5007-4792-86aa-b0d4df20ced7/logs
wandb: 🚀 View run cpo_constraint_typespeed_cost2_rew_normTrue-bcdd at: https://wandb.ai/ecrl/CPO-SpeedConstraint-Speed%3D2/runs/096775de-48cf-4ea3-b4c8-553cd55bd452
wandb: Synced 5 W&B file(s), 0 media file(s), 2 artifact file(s) and 0 other file(s)
wandb: Find logs at: ./wandb/run-20231130_155559-096775de-48cf-4ea3-b4c8-553cd55bd452/logs
wandb: 🚀 View run cpo_constraint_typespeed_cost2_rew_normTrue-124a at: https://wandb.ai/ecrl/CPO-SpeedConstraint-Speed%3D2/runs/f762f221-7ba1-4ea3-90dd-0879fd0fadbd
wandb: Synced 5 W&B file(s), 0 media file(s), 2 artifact file(s) and 0 other file(s)
wandb: Find logs at: ./wandb/run-20231130_155559-f762f221-7ba1-4ea3-90dd-0879fd0fadbd/logs
wandb: 🚀 View run cpo_constraint_typespeed_cost2_rew_normTrue-4e4d at: https://wandb.ai/ecrl/CPO-SpeedConstraint-Speed%3D2/runs/985c23a1-fb68-4341-911a-a46491d1afbb
wandb: Synced 5 W&B file(s), 0 media file(s), 2 artifact file(s) and 0 other file(s)
wandb: Find logs at: ./wandb/run-20231130_235559-985c23a1-fb68-4341-911a-a46491d1afbb/logs
srun: error: airl.ist.berkeley.edu: task 0: Exited with exit code 1
srun: error: gan.ist.berkeley.edu: task 0: Exited with exit code 1
wandb: 🚀 View run cpo_constraint_typespeed_cost2_rew_normTrue-de13 at: https://wandb.ai/ecrl/CPO-SpeedConstraint-Speed%3D2/runs/2e18f07a-e6c0-4656-abda-b759f9496977
wandb: Synced 5 W&B file(s), 0 media file(s), 0 artifact file(s) and 0 other file(s)
wandb: Find logs at: ./wandb/run-20231130_235601-2e18f07a-e6c0-4656-abda-b759f9496977/logs
srun: error: ppo.ist.berkeley.edu: task 0: Exited with exit code 1
srun: error: sac.ist.berkeley.edu: task 0: Exited with exit code 1
srun: error: vae.ist.berkeley.edu: task 0: Exited with exit code 1
srun: Job 103105 step creation temporarily disabled, retrying (Requested nodes are busy)
srun: Step created for StepId=103105.5
srun: Job 103105 step creation temporarily disabled, retrying (Requested nodes are busy)
srun: Step created for StepId=103105.6
srun: Job 103105 step creation temporarily disabled, retrying (Requested nodes are busy)
srun: Step created for StepId=103105.7
srun: Job 103105 step creation temporarily disabled, retrying (Requested nodes are busy)
srun: Step created for StepId=103105.8
wandb: Currently logged in as: mason-nakamura1 (ecrl). Use `wandb login --relogin` to force relogin
wandb: wandb version 0.16.0 is available!  To upgrade, please run:
wandb:  $ pip install wandb --upgrade
wandb: Tracking run with wandb version 0.14.2
wandb: Run data is saved locally in /nas/ucb/mason/ethically-compliant-rl/wandb/run-20231130_235759-47ab7c37-2825-48ae-9a50-350858b67fc7
wandb: Run `wandb offline` to turn off syncing.
wandb: Syncing run cpo_constraint_typespeed_cost2_rew_normTrue-3389
wandb: ⭐️ View project at https://wandb.ai/ecrl/CPO-SpeedConstraint-Speed%3D2
wandb: 🚀 View run at https://wandb.ai/ecrl/CPO-SpeedConstraint-Speed%3D2/runs/47ab7c37-2825-48ae-9a50-350858b67fc7
wandb: Currently logged in as: mason-nakamura1 (ecrl). Use `wandb login --relogin` to force relogin
srun: Job 103105 step creation temporarily disabled, retrying (Requested nodes are busy)
srun: Step created for StepId=103105.9
wandb: wandb version 0.16.0 is available!  To upgrade, please run:
wandb:  $ pip install wandb --upgrade
wandb: Tracking run with wandb version 0.14.2
wandb: Run data is saved locally in /nas/ucb/mason/ethically-compliant-rl/wandb/run-20231130_155800-294d922a-dfd4-465b-9521-5da45b6f6b37
wandb: Run `wandb offline` to turn off syncing.
wandb: Syncing run cpo_constraint_typespeed_cost2_rew_normTrue-3b70
wandb: ⭐️ View project at https://wandb.ai/ecrl/CPO-SpeedConstraint-Speed%3D2
wandb: 🚀 View run at https://wandb.ai/ecrl/CPO-SpeedConstraint-Speed%3D2/runs/294d922a-dfd4-465b-9521-5da45b6f6b37
[32;1mLogging data to logs/CPO-SpeedConstraint-Speed=2/parking-v0-cost-[2]/cpo_constraint_typespeed_cost2_rew_normTrue-3389/progress.txt[0m
Traceback (most recent call last):
  File "/nas/ucb/mason/ethically-compliant-rl/CPO/train_cpo.py", line 198, in <module>
    train()
  File "/nas/ucb/mason/ethically-compliant-rl/.venv/lib/python3.9/site-packages/pyrallis/argparsing.py", line 158, in wrapper_inner
    response = fn(cfg, *args, **kwargs)
  File "/nas/ucb/mason/ethically-compliant-rl/CPO/train_cpo.py", line 154, in train
    env_training_list = generate_env_config(training_num)
TypeError: generate_env_config() missing 1 required positional argument: 'starting_locations'
Traceback (most recent call last):
  File "/nas/ucb/mason/ethically-compliant-rl/CPO/train_cpo.py", line 198, in <module>
    train()
  File "/nas/ucb/mason/ethically-compliant-rl/.venv/lib/python3.9/site-packages/pyrallis/argparsing.py", line 158, in wrapper_inner
    response = fn(cfg, *args, **kwargs)
  File "/nas/ucb/mason/ethically-compliant-rl/CPO/train_cpo.py", line 154, in train
    env_training_list = generate_env_config(training_num)
TypeError: generate_env_config() missing 1 required positional argument: 'starting_locations'
wandb: Waiting for W&B process to finish... (failed 1). Press Control-C to abort syncing.
wandb: Currently logged in as: mason-nakamura1 (ecrl). Use `wandb login --relogin` to force relogin
srun: Job 103105 step creation temporarily disabled, retrying (Requested nodes are busy)
wandb: Currently logged in as: mason-nakamura1 (ecrl). Use `wandb login --relogin` to force relogin
wandb: wandb version 0.16.0 is available!  To upgrade, please run:
wandb:  $ pip install wandb --upgrade
wandb: Tracking run with wandb version 0.14.2
wandb: Run data is saved locally in /nas/ucb/mason/ethically-compliant-rl/wandb/run-20231130_155802-5edf7076-ce23-4dbf-8d47-f70e31d30f37
wandb: Run `wandb offline` to turn off syncing.
wandb: Syncing run cpo_constraint_typespeed_cost2_rew_normTrue-073c
wandb: ⭐️ View project at https://wandb.ai/ecrl/CPO-SpeedConstraint-Speed%3D2
wandb: 🚀 View run at https://wandb.ai/ecrl/CPO-SpeedConstraint-Speed%3D2/runs/5edf7076-ce23-4dbf-8d47-f70e31d30f37
srun: Job 103105 step creation temporarily disabled, retrying (Requested nodes are busy)
wandb: wandb version 0.16.0 is available!  To upgrade, please run:
wandb:  $ pip install wandb --upgrade
wandb: Tracking run with wandb version 0.14.2
wandb: Run data is saved locally in /nas/ucb/mason/ethically-compliant-rl/wandb/run-20231130_235803-71fb7b7d-953e-4f1d-b9eb-715ffcb8fce5
wandb: Run `wandb offline` to turn off syncing.
wandb: Syncing run cpo_constraint_typespeed_cost2_rew_normTrue-9042
wandb: ⭐️ View project at https://wandb.ai/ecrl/CPO-SpeedConstraint-Speed%3D2
wandb: 🚀 View run at https://wandb.ai/ecrl/CPO-SpeedConstraint-Speed%3D2/runs/71fb7b7d-953e-4f1d-b9eb-715ffcb8fce5
[32;1mLogging data to logs/CPO-SpeedConstraint-Speed=2/parking-v0-cost-[2]/cpo_constraint_typespeed_cost2_rew_normTrue-3b70/progress.txt[0m
Traceback (most recent call last):
  File "/nas/ucb/mason/ethically-compliant-rl/CPO/train_cpo.py", line 198, in <module>
    train()
  File "/nas/ucb/mason/ethically-compliant-rl/.venv/lib/python3.9/site-packages/pyrallis/argparsing.py", line 158, in wrapper_inner
    response = fn(cfg, *args, **kwargs)
  File "/nas/ucb/mason/ethically-compliant-rl/CPO/train_cpo.py", line 154, in train
    env_training_list = generate_env_config(training_num)
TypeError: generate_env_config() missing 1 required positional argument: 'starting_locations'
Traceback (most recent call last):
  File "/nas/ucb/mason/ethically-compliant-rl/CPO/train_cpo.py", line 198, in <module>
    train()
  File "/nas/ucb/mason/ethically-compliant-rl/.venv/lib/python3.9/site-packages/pyrallis/argparsing.py", line 158, in wrapper_inner
    response = fn(cfg, *args, **kwargs)
  File "/nas/ucb/mason/ethically-compliant-rl/CPO/train_cpo.py", line 154, in train
    env_training_list = generate_env_config(training_num)
TypeError: generate_env_config() missing 1 required positional argument: 'starting_locations'
wandb: Waiting for W&B process to finish... (failed 1). Press Control-C to abort syncing.
wandb: Currently logged in as: mason-nakamura1 (ecrl). Use `wandb login --relogin` to force relogin
[32;1mLogging data to logs/CPO-SpeedConstraint-Speed=2/parking-v0-cost-[2]/cpo_constraint_typespeed_cost2_rew_normTrue-073c/progress.txt[0m
Traceback (most recent call last):
  File "/nas/ucb/mason/ethically-compliant-rl/CPO/train_cpo.py", line 198, in <module>
    train()
  File "/nas/ucb/mason/ethically-compliant-rl/.venv/lib/python3.9/site-packages/pyrallis/argparsing.py", line 158, in wrapper_inner
    response = fn(cfg, *args, **kwargs)
  File "/nas/ucb/mason/ethically-compliant-rl/CPO/train_cpo.py", line 154, in train
    env_training_list = generate_env_config(training_num)
TypeError: generate_env_config() missing 1 required positional argument: 'starting_locations'
Traceback (most recent call last):
  File "/nas/ucb/mason/ethically-compliant-rl/CPO/train_cpo.py", line 198, in <module>
    train()
  File "/nas/ucb/mason/ethically-compliant-rl/.venv/lib/python3.9/site-packages/pyrallis/argparsing.py", line 158, in wrapper_inner
    response = fn(cfg, *args, **kwargs)
  File "/nas/ucb/mason/ethically-compliant-rl/CPO/train_cpo.py", line 154, in train
    env_training_list = generate_env_config(training_num)
TypeError: generate_env_config() missing 1 required positional argument: 'starting_locations'
wandb: Waiting for W&B process to finish... (failed 1). Press Control-C to abort syncing.
[32;1mLogging data to logs/CPO-SpeedConstraint-Speed=2/parking-v0-cost-[2]/cpo_constraint_typespeed_cost2_rew_normTrue-9042/progress.txt[0m
Traceback (most recent call last):
  File "/nas/ucb/mason/ethically-compliant-rl/CPO/train_cpo.py", line 198, in <module>
    train()
  File "/nas/ucb/mason/ethically-compliant-rl/.venv/lib/python3.9/site-packages/pyrallis/argparsing.py", line 158, in wrapper_inner
    response = fn(cfg, *args, **kwargs)
  File "/nas/ucb/mason/ethically-compliant-rl/CPO/train_cpo.py", line 154, in train
    env_training_list = generate_env_config(training_num)
TypeError: generate_env_config() missing 1 required positional argument: 'starting_locations'
Traceback (most recent call last):
  File "/nas/ucb/mason/ethically-compliant-rl/CPO/train_cpo.py", line 198, in <module>
wandb: wandb version 0.16.0 is available!  To upgrade, please run:
wandb:  $ pip install wandb --upgrade
wandb: Tracking run with wandb version 0.14.2
wandb: Run data is saved locally in /nas/ucb/mason/ethically-compliant-rl/wandb/run-20231130_235806-908264ac-7f75-4c86-8515-37e3f909154d
wandb: Run `wandb offline` to turn off syncing.
    train()
  File "/nas/ucb/mason/ethically-compliant-rl/.venv/lib/python3.9/site-packages/pyrallis/argparsing.py", line 158, in wrapper_inner
    response = fn(cfg, *args, **kwargs)
  File "/nas/ucb/mason/ethically-compliant-rl/CPO/train_cpo.py", line 154, in train
    env_training_list = generate_env_config(training_num)
TypeError: generate_env_config() missing 1 required positional argument: 'starting_locations'
wandb: Waiting for W&B process to finish... (failed 1). Press Control-C to abort syncing.
wandb: Syncing run cpo_constraint_typespeed_cost2_rew_normTrue-bd22
wandb: ⭐️ View project at https://wandb.ai/ecrl/CPO-SpeedConstraint-Speed%3D2
wandb: 🚀 View run at https://wandb.ai/ecrl/CPO-SpeedConstraint-Speed%3D2/runs/908264ac-7f75-4c86-8515-37e3f909154d
wandb: 🚀 View run cpo_constraint_typespeed_cost2_rew_normTrue-3389 at: https://wandb.ai/ecrl/CPO-SpeedConstraint-Speed%3D2/runs/47ab7c37-2825-48ae-9a50-350858b67fc7
wandb: Synced 5 W&B file(s), 0 media file(s), 0 artifact file(s) and 0 other file(s)
wandb: Find logs at: ./wandb/run-20231130_235759-47ab7c37-2825-48ae-9a50-350858b67fc7/logs
wandb: 🚀 View run cpo_constraint_typespeed_cost2_rew_normTrue-3b70 at: https://wandb.ai/ecrl/CPO-SpeedConstraint-Speed%3D2/runs/294d922a-dfd4-465b-9521-5da45b6f6b37
wandb: Synced 5 W&B file(s), 0 media file(s), 0 artifact file(s) and 0 other file(s)
wandb: Find logs at: ./wandb/run-20231130_155800-294d922a-dfd4-465b-9521-5da45b6f6b37/logs
srun: error: airl.ist.berkeley.edu: task 0: Exited with exit code 1
[32;1mLogging data to logs/CPO-SpeedConstraint-Speed=2/parking-v0-cost-[2]/cpo_constraint_typespeed_cost2_rew_normTrue-bd22/progress.txt[0m
Traceback (most recent call last):
  File "/nas/ucb/mason/ethically-compliant-rl/CPO/train_cpo.py", line 198, in <module>
    train()
  File "/nas/ucb/mason/ethically-compliant-rl/.venv/lib/python3.9/site-packages/pyrallis/argparsing.py", line 158, in wrapper_inner
    response = fn(cfg, *args, **kwargs)
  File "/nas/ucb/mason/ethically-compliant-rl/CPO/train_cpo.py", line 154, in train
    env_training_list = generate_env_config(training_num)
TypeError: generate_env_config() missing 1 required positional argument: 'starting_locations'
Traceback (most recent call last):
  File "/nas/ucb/mason/ethically-compliant-rl/CPO/train_cpo.py", line 198, in <module>
    train()
  File "/nas/ucb/mason/ethically-compliant-rl/.venv/lib/python3.9/site-packages/pyrallis/argparsing.py", line 158, in wrapper_inner
    response = fn(cfg, *args, **kwargs)
  File "/nas/ucb/mason/ethically-compliant-rl/CPO/train_cpo.py", line 154, in train
    env_training_list = generate_env_config(training_num)
TypeError: generate_env_config() missing 1 required positional argument: 'starting_locations'
wandb: Waiting for W&B process to finish... (failed 1). Press Control-C to abort syncing.
wandb: 🚀 View run cpo_constraint_typespeed_cost2_rew_normTrue-073c at: https://wandb.ai/ecrl/CPO-SpeedConstraint-Speed%3D2/runs/5edf7076-ce23-4dbf-8d47-f70e31d30f37
wandb: Synced 5 W&B file(s), 0 media file(s), 0 artifact file(s) and 0 other file(s)
wandb: Find logs at: ./wandb/run-20231130_155802-5edf7076-ce23-4dbf-8d47-f70e31d30f37/logs
wandb: 🚀 View run cpo_constraint_typespeed_cost2_rew_normTrue-9042 at: https://wandb.ai/ecrl/CPO-SpeedConstraint-Speed%3D2/runs/71fb7b7d-953e-4f1d-b9eb-715ffcb8fce5
wandb: Synced 5 W&B file(s), 0 media file(s), 0 artifact file(s) and 0 other file(s)
wandb: Find logs at: ./wandb/run-20231130_235803-71fb7b7d-953e-4f1d-b9eb-715ffcb8fce5/logs
srun: error: gan.ist.berkeley.edu: task 0: Exited with exit code 1
srun: error: ppo.ist.berkeley.edu: task 0: Exited with exit code 1
srun: error: sac.ist.berkeley.edu: task 0: Exited with exit code 1
wandb: 🚀 View run cpo_constraint_typespeed_cost2_rew_normTrue-bd22 at: https://wandb.ai/ecrl/CPO-SpeedConstraint-Speed%3D2/runs/908264ac-7f75-4c86-8515-37e3f909154d
wandb: Synced 5 W&B file(s), 0 media file(s), 0 artifact file(s) and 0 other file(s)
wandb: Find logs at: ./wandb/run-20231130_235806-908264ac-7f75-4c86-8515-37e3f909154d/logs
srun: error: vae.ist.berkeley.edu: task 0: Exited with exit code 1
srun: Job 103105 step creation still disabled, retrying (Requested nodes are busy)
srun: Step created for StepId=103105.10
srun: Job 103105 step creation still disabled, retrying (Requested nodes are busy)
srun: Step created for StepId=103105.11
wandb: Currently logged in as: mason-nakamura1 (ecrl). Use `wandb login --relogin` to force relogin
wandb: wandb version 0.16.0 is available!  To upgrade, please run:
wandb:  $ pip install wandb --upgrade
wandb: Tracking run with wandb version 0.14.2
wandb: Run data is saved locally in /nas/ucb/mason/ethically-compliant-rl/wandb/run-20231201_000015-b5f7b85f-fc00-4fa2-a4b3-253b766361bf
wandb: Run `wandb offline` to turn off syncing.
wandb: Syncing run cpo_constraint_typespeed_cost2_rew_normTrue-62eb
wandb: ⭐️ View project at https://wandb.ai/ecrl/CPO-SpeedConstraint-Speed%3D2
wandb: 🚀 View run at https://wandb.ai/ecrl/CPO-SpeedConstraint-Speed%3D2/runs/b5f7b85f-fc00-4fa2-a4b3-253b766361bf
wandb: Currently logged in as: mason-nakamura1 (ecrl). Use `wandb login --relogin` to force relogin
wandb: wandb version 0.16.0 is available!  To upgrade, please run:
wandb:  $ pip install wandb --upgrade
wandb: Tracking run with wandb version 0.14.2
wandb: Run data is saved locally in /nas/ucb/mason/ethically-compliant-rl/wandb/run-20231130_160017-77f88d15-3a88-4fd3-9291-80a751d9c5a6
wandb: Run `wandb offline` to turn off syncing.
wandb: Syncing run cpo_constraint_typespeed_cost2_rew_normTrue-a4de
wandb: ⭐️ View project at https://wandb.ai/ecrl/CPO-SpeedConstraint-Speed%3D2
wandb: 🚀 View run at https://wandb.ai/ecrl/CPO-SpeedConstraint-Speed%3D2/runs/77f88d15-3a88-4fd3-9291-80a751d9c5a6
[32;1mLogging data to logs/CPO-SpeedConstraint-Speed=2/parking-v0-cost-[2]/cpo_constraint_typespeed_cost2_rew_normTrue-62eb/progress.txt[0m
Traceback (most recent call last):
  File "/nas/ucb/mason/ethically-compliant-rl/CPO/train_cpo.py", line 198, in <module>
    train()
  File "/nas/ucb/mason/ethically-compliant-rl/.venv/lib/python3.9/site-packages/pyrallis/argparsing.py", line 158, in wrapper_inner
    response = fn(cfg, *args, **kwargs)
  File "/nas/ucb/mason/ethically-compliant-rl/CPO/train_cpo.py", line 154, in train
    env_training_list = generate_env_config(training_num)
TypeError: generate_env_config() missing 1 required positional argument: 'starting_locations'
Traceback (most recent call last):
  File "/nas/ucb/mason/ethically-compliant-rl/CPO/train_cpo.py", line 198, in <module>
    train()
  File "/nas/ucb/mason/ethically-compliant-rl/.venv/lib/python3.9/site-packages/pyrallis/argparsing.py", line 158, in wrapper_inner
    response = fn(cfg, *args, **kwargs)
  File "/nas/ucb/mason/ethically-compliant-rl/CPO/train_cpo.py", line 154, in train
    env_training_list = generate_env_config(training_num)
TypeError: generate_env_config() missing 1 required positional argument: 'starting_locations'
wandb: Waiting for W&B process to finish... (failed 1). Press Control-C to abort syncing.
[32;1mLogging data to logs/CPO-SpeedConstraint-Speed=2/parking-v0-cost-[2]/cpo_constraint_typespeed_cost2_rew_normTrue-a4de/progress.txt[0m
Traceback (most recent call last):
  File "/nas/ucb/mason/ethically-compliant-rl/CPO/train_cpo.py", line 198, in <module>
    train()
  File "/nas/ucb/mason/ethically-compliant-rl/.venv/lib/python3.9/site-packages/pyrallis/argparsing.py", line 158, in wrapper_inner
    response = fn(cfg, *args, **kwargs)
  File "/nas/ucb/mason/ethically-compliant-rl/CPO/train_cpo.py", line 154, in train
    env_training_list = generate_env_config(training_num)
TypeError: generate_env_config() missing 1 required positional argument: 'starting_locations'
Traceback (most recent call last):
  File "/nas/ucb/mason/ethically-compliant-rl/CPO/train_cpo.py", line 198, in <module>
    train()
  File "/nas/ucb/mason/ethically-compliant-rl/.venv/lib/python3.9/site-packages/pyrallis/argparsing.py", line 158, in wrapper_inner
    response = fn(cfg, *args, **kwargs)
  File "/nas/ucb/mason/ethically-compliant-rl/CPO/train_cpo.py", line 154, in train
    env_training_list = generate_env_config(training_num)
TypeError: generate_env_config() missing 1 required positional argument: 'starting_locations'
wandb: Waiting for W&B process to finish... (failed 1). Press Control-C to abort syncing.
wandb: 🚀 View run cpo_constraint_typespeed_cost2_rew_normTrue-62eb at: https://wandb.ai/ecrl/CPO-SpeedConstraint-Speed%3D2/runs/b5f7b85f-fc00-4fa2-a4b3-253b766361bf
wandb: Synced 5 W&B file(s), 0 media file(s), 0 artifact file(s) and 0 other file(s)
wandb: Find logs at: ./wandb/run-20231201_000015-b5f7b85f-fc00-4fa2-a4b3-253b766361bf/logs
srun: error: airl.ist.berkeley.edu: task 0: Exited with exit code 1
wandb: 🚀 View run cpo_constraint_typespeed_cost2_rew_normTrue-a4de at: https://wandb.ai/ecrl/CPO-SpeedConstraint-Speed%3D2/runs/77f88d15-3a88-4fd3-9291-80a751d9c5a6
wandb: Synced 5 W&B file(s), 0 media file(s), 0 artifact file(s) and 0 other file(s)
wandb: Find logs at: ./wandb/run-20231130_160017-77f88d15-3a88-4fd3-9291-80a751d9c5a6/logs
srun: error: gan.ist.berkeley.edu: task 0: Exited with exit code 1
