wandb: Currently logged in as: mason-nakamura1 (ecrl). Use `wandb login --relogin` to force relogin
wandb: Currently logged in as: mason-nakamura1 (ecrl). Use `wandb login --relogin` to force relogin
wandb: Currently logged in as: mason-nakamura1 (ecrl). Use `wandb login --relogin` to force relogin
wandb: Currently logged in as: mason-nakamura1 (ecrl). Use `wandb login --relogin` to force relogin
wandb: wandb version 0.16.1 is available!  To upgrade, please run:
wandb:  $ pip install wandb --upgrade
wandb: Tracking run with wandb version 0.14.2
wandb: Run data is saved locally in /nas/ucb/mason/ethically-compliant-rl/wandb/run-20231230_032149-wy3oo7k6
wandb: Run `wandb offline` to turn off syncing.
wandb: wandb version 0.16.1 is available!  To upgrade, please run:
wandb:  $ pip install wandb --upgrade
wandb: Tracking run with wandb version 0.14.2
wandb: Run data is saved locally in /nas/ucb/mason/ethically-compliant-rl/wandb/run-20231229_192149-3k9yrkle
wandb: Run `wandb offline` to turn off syncing.
wandb: Syncing run icy-flower-39
wandb: ⭐️ View project at https://wandb.ai/ecrl/New-PPOL-NoMultipiler-SpeedLimit%3D2
wandb: 🚀 View run at https://wandb.ai/ecrl/New-PPOL-NoMultipiler-SpeedLimit%3D2/runs/wy3oo7k6
wandb: Syncing run usual-lake-38
wandb: ⭐️ View project at https://wandb.ai/ecrl/New-PPOL-NoMultipiler-SpeedLimit%3D2
wandb: 🚀 View run at https://wandb.ai/ecrl/New-PPOL-NoMultipiler-SpeedLimit%3D2/runs/3k9yrkle
wandb: wandb version 0.16.1 is available!  To upgrade, please run:
wandb:  $ pip install wandb --upgrade
wandb: Tracking run with wandb version 0.14.2
wandb: Run data is saved locally in /nas/ucb/mason/ethically-compliant-rl/wandb/run-20231229_192149-pouifp82
wandb: Run `wandb offline` to turn off syncing.
wandb: Syncing run valiant-waterfall-40
wandb: ⭐️ View project at https://wandb.ai/ecrl/New-PPOL-NoMultipiler-SpeedLimit%3D2
wandb: 🚀 View run at https://wandb.ai/ecrl/New-PPOL-NoMultipiler-SpeedLimit%3D2/runs/pouifp82
wandb: wandb version 0.16.1 is available!  To upgrade, please run:
wandb:  $ pip install wandb --upgrade
wandb: Tracking run with wandb version 0.14.2
wandb: Run data is saved locally in /nas/ucb/mason/ethically-compliant-rl/wandb/run-20231229_192149-unswd0po
wandb: Run `wandb offline` to turn off syncing.
wandb: Syncing run divine-bird-41
wandb: ⭐️ View project at https://wandb.ai/ecrl/New-PPOL-NoMultipiler-SpeedLimit%3D2
wandb: 🚀 View run at https://wandb.ai/ecrl/New-PPOL-NoMultipiler-SpeedLimit%3D2/runs/unswd0po
Using cpu device
----------------------------------
| rollout/           |           |
|    ep_len_mean     | 1e+03     |
|    ep_rew_mean     | -1.18e+03 |
| time/              |           |
|    fps             | 122       |
|    iterations      | 1         |
|    time_elapsed    | 16        |
|    total_timesteps | 2048      |
----------------------------------
/nas/ucb/mason/ethically-compliant-rl/.venv/lib/python3.9/site-packages/numpy/core/fromnumeric.py:3464: RuntimeWarning: Mean of empty slice.
  return _methods._mean(a, axis=axis, dtype=dtype,
/nas/ucb/mason/ethically-compliant-rl/.venv/lib/python3.9/site-packages/numpy/core/_methods.py:192: RuntimeWarning: invalid value encountered in scalar divide
  ret = ret.dtype.type(ret / rcount)
Using cpu device
----------------------------------
| rollout/           |           |
|    ep_len_mean     | 1e+03     |
|    ep_rew_mean     | -1.11e+03 |
| time/              |           |
|    fps             | 114       |
|    iterations      | 1         |
|    time_elapsed    | 17        |
|    total_timesteps | 2048      |
----------------------------------
/nas/ucb/mason/ethically-compliant-rl/.venv/lib/python3.9/site-packages/numpy/core/fromnumeric.py:3464: RuntimeWarning: Mean of empty slice.
  return _methods._mean(a, axis=axis, dtype=dtype,
/nas/ucb/mason/ethically-compliant-rl/.venv/lib/python3.9/site-packages/numpy/core/_methods.py:192: RuntimeWarning: invalid value encountered in scalar divide
  ret = ret.dtype.type(ret / rcount)
Using cpu device
----------------------------------
| rollout/           |           |
|    ep_len_mean     | 1e+03     |
|    ep_rew_mean     | -1.41e+03 |
| time/              |           |
|    fps             | 111       |
|    iterations      | 1         |
|    time_elapsed    | 18        |
|    total_timesteps | 2048      |
----------------------------------
/nas/ucb/mason/ethically-compliant-rl/.venv/lib/python3.9/site-packages/numpy/core/fromnumeric.py:3464: RuntimeWarning: Mean of empty slice.
  return _methods._mean(a, axis=axis, dtype=dtype,
/nas/ucb/mason/ethically-compliant-rl/.venv/lib/python3.9/site-packages/numpy/core/_methods.py:192: RuntimeWarning: invalid value encountered in scalar divide
  ret = ret.dtype.type(ret / rcount)
Using cpu device
----------------------------------
| rollout/           |           |
|    ep_len_mean     | 1e+03     |
|    ep_rew_mean     | -1.24e+03 |
| time/              |           |
|    fps             | 102       |
|    iterations      | 1         |
|    time_elapsed    | 19        |
|    total_timesteps | 2048      |
----------------------------------
/nas/ucb/mason/ethically-compliant-rl/.venv/lib/python3.9/site-packages/numpy/core/fromnumeric.py:3464: RuntimeWarning: Mean of empty slice.
  return _methods._mean(a, axis=axis, dtype=dtype,
/nas/ucb/mason/ethically-compliant-rl/.venv/lib/python3.9/site-packages/numpy/core/_methods.py:192: RuntimeWarning: invalid value encountered in scalar divide
  ret = ret.dtype.type(ret / rcount)
-----------------------------------------
| rollout/                 |            |
|    ep_len_mean           | 1e+03      |
|    ep_rew_mean           | -1.09e+03  |
| time/                    |            |
|    fps                   | 120        |
|    iterations            | 2          |
|    time_elapsed          | 34         |
|    total_timesteps       | 4096       |
| train/                   |            |
|    approx_kl             | 0.00521644 |
|    clip_fraction         | 0.0295     |
|    clip_range            | 0.2        |
|    cost_returns          | 6.02       |
|    cost_value_loss       | nan        |
|    cost_values           | -0.507     |
|    entropy               | -2.85      |
|    entropy_loss          | -2.84      |
|    explained_variance    | 0.0365     |
|    lagrangian_multiplier | 0          |
|    learning_rate         | 0.0003     |
|    loss                  | 241        |
|    n_updates             | 10         |
|    policy_gradient_loss  | -0.00539   |
|    std                   | 1.01       |
|    value_loss            | 464        |
-----------------------------------------
/nas/ucb/mason/ethically-compliant-rl/.venv/lib/python3.9/site-packages/numpy/core/fromnumeric.py:3464: RuntimeWarning: Mean of empty slice.
  return _methods._mean(a, axis=axis, dtype=dtype,
/nas/ucb/mason/ethically-compliant-rl/.venv/lib/python3.9/site-packages/numpy/core/_methods.py:192: RuntimeWarning: invalid value encountered in scalar divide
  ret = ret.dtype.type(ret / rcount)
------------------------------------------
| rollout/                 |             |
|    ep_len_mean           | 1e+03       |
|    ep_rew_mean           | -1.05e+03   |
| time/                    |             |
|    fps                   | 111         |
|    iterations            | 2           |
|    time_elapsed          | 36          |
|    total_timesteps       | 4096        |
| train/                   |             |
|    approx_kl             | 0.003138788 |
|    clip_fraction         | 0.00518     |
|    clip_range            | 0.2         |
|    cost_returns          | 2.8         |
|    cost_value_loss       | nan         |
|    cost_values           | -0.0589     |
|    entropy               | -2.83       |
|    entropy_loss          | -2.84       |
|    explained_variance    | -0.0419     |
|    lagrangian_multiplier | 0           |
|    learning_rate         | 0.0003      |
|    loss                  | 177         |
|    n_updates             | 10          |
|    policy_gradient_loss  | -0.00274    |
|    std                   | 0.998       |
|    value_loss            | 361         |
------------------------------------------
/nas/ucb/mason/ethically-compliant-rl/.venv/lib/python3.9/site-packages/numpy/core/fromnumeric.py:3464: RuntimeWarning: Mean of empty slice.
  return _methods._mean(a, axis=axis, dtype=dtype,
/nas/ucb/mason/ethically-compliant-rl/.venv/lib/python3.9/site-packages/numpy/core/_methods.py:192: RuntimeWarning: invalid value encountered in scalar divide
  ret = ret.dtype.type(ret / rcount)
-------------------------------------------
| rollout/                 |              |
|    ep_len_mean           | 1e+03        |
|    ep_rew_mean           | -1.39e+03    |
| time/                    |              |
|    fps                   | 110          |
|    iterations            | 2            |
|    time_elapsed          | 37           |
|    total_timesteps       | 4096         |
| train/                   |              |
|    approx_kl             | 0.0033848556 |
|    clip_fraction         | 0.00928      |
|    clip_range            | 0.2          |
|    cost_returns          | 5.55         |
|    cost_value_loss       | nan          |
|    cost_values           | 0.116        |
|    entropy               | -2.85        |
|    entropy_loss          | -2.84        |
|    explained_variance    | -0.076       |
|    lagrangian_multiplier | 0            |
|    learning_rate         | 0.0003       |
|    loss                  | 319          |
|    n_updates             | 10           |
|    policy_gradient_loss  | -0.00236     |
|    std                   | 1            |
|    value_loss            | 626          |
-------------------------------------------
/nas/ucb/mason/ethically-compliant-rl/.venv/lib/python3.9/site-packages/numpy/core/fromnumeric.py:3464: RuntimeWarning: Mean of empty slice.
  return _methods._mean(a, axis=axis, dtype=dtype,
/nas/ucb/mason/ethically-compliant-rl/.venv/lib/python3.9/site-packages/numpy/core/_methods.py:192: RuntimeWarning: invalid value encountered in scalar divide
  ret = ret.dtype.type(ret / rcount)
------------------------------------------
| rollout/                 |             |
|    ep_len_mean           | 1e+03       |
|    ep_rew_mean           | -1.16e+03   |
| time/                    |             |
|    fps                   | 99          |
|    iterations            | 2           |
|    time_elapsed          | 41          |
|    total_timesteps       | 4096        |
| train/                   |             |
|    approx_kl             | 0.005020236 |
|    clip_fraction         | 0.022       |
|    clip_range            | 0.2         |
|    cost_returns          | 9.06        |
|    cost_value_loss       | nan         |
|    cost_values           | 0.0528      |
|    entropy               | -2.84       |
|    entropy_loss          | -2.84       |
|    explained_variance    | -0.0391     |
|    lagrangian_multiplier | 0           |
|    learning_rate         | 0.0003      |
|    loss                  | 226         |
|    n_updates             | 10          |
|    policy_gradient_loss  | -0.00478    |
|    std                   | 0.999       |
|    value_loss            | 467         |
------------------------------------------
/nas/ucb/mason/ethically-compliant-rl/.venv/lib/python3.9/site-packages/numpy/core/fromnumeric.py:3464: RuntimeWarning: Mean of empty slice.
  return _methods._mean(a, axis=axis, dtype=dtype,
/nas/ucb/mason/ethically-compliant-rl/.venv/lib/python3.9/site-packages/numpy/core/_methods.py:192: RuntimeWarning: invalid value encountered in scalar divide
  ret = ret.dtype.type(ret / rcount)
------------------------------------------
| rollout/                 |             |
|    ep_len_mean           | 1e+03       |
|    ep_rew_mean           | -1.17e+03   |
| time/                    |             |
|    fps                   | 119         |
|    iterations            | 3           |
|    time_elapsed          | 51          |
|    total_timesteps       | 6144        |
| train/                   |             |
|    approx_kl             | 0.003007663 |
|    clip_fraction         | 0.0147      |
|    clip_range            | 0.2         |
|    cost_returns          | 4.06        |
|    cost_value_loss       | nan         |
|    cost_values           | 0.305       |
|    entropy               | -2.85       |
|    entropy_loss          | -2.85       |
|    explained_variance    | -0.031      |
|    lagrangian_multiplier | 0           |
|    learning_rate         | 0.0003      |
|    loss                  | 159         |
|    n_updates             | 20          |
|    policy_gradient_loss  | -0.00275    |
|    std                   | 1.01        |
|    value_loss            | 335         |
------------------------------------------
/nas/ucb/mason/ethically-compliant-rl/.venv/lib/python3.9/site-packages/numpy/core/fromnumeric.py:3464: RuntimeWarning: Mean of empty slice.
  return _methods._mean(a, axis=axis, dtype=dtype,
/nas/ucb/mason/ethically-compliant-rl/.venv/lib/python3.9/site-packages/numpy/core/_methods.py:192: RuntimeWarning: invalid value encountered in scalar divide
  ret = ret.dtype.type(ret / rcount)
-------------------------------------------
| rollout/                 |              |
|    ep_len_mean           | 1e+03        |
|    ep_rew_mean           | -1.18e+03    |
| time/                    |              |
|    fps                   | 110          |
|    iterations            | 3            |
|    time_elapsed          | 55           |
|    total_timesteps       | 6144         |
| train/                   |              |
|    approx_kl             | 0.0044378797 |
|    clip_fraction         | 0.0125       |
|    clip_range            | 0.2          |
|    cost_returns          | 2.31         |
|    cost_value_loss       | nan          |
|    cost_values           | 0.0421       |
|    entropy               | -2.84        |
|    entropy_loss          | -2.84        |
|    explained_variance    | 0.0354       |
|    lagrangian_multiplier | 0            |
|    learning_rate         | 0.0003       |
|    loss                  | 153          |
|    n_updates             | 20           |
|    policy_gradient_loss  | -0.0023      |
|    std                   | 1            |
|    value_loss            | 311          |
-------------------------------------------
/nas/ucb/mason/ethically-compliant-rl/.venv/lib/python3.9/site-packages/numpy/core/fromnumeric.py:3464: RuntimeWarning: Mean of empty slice.
  return _methods._mean(a, axis=axis, dtype=dtype,
/nas/ucb/mason/ethically-compliant-rl/.venv/lib/python3.9/site-packages/numpy/core/_methods.py:192: RuntimeWarning: invalid value encountered in scalar divide
  ret = ret.dtype.type(ret / rcount)
------------------------------------------
| rollout/                 |             |
|    ep_len_mean           | 1e+03       |
|    ep_rew_mean           | -1.37e+03   |
| time/                    |             |
|    fps                   | 109         |
|    iterations            | 3           |
|    time_elapsed          | 56          |
|    total_timesteps       | 6144        |
| train/                   |             |
|    approx_kl             | 0.005005451 |
|    clip_fraction         | 0.0173      |
|    clip_range            | 0.2         |
|    cost_returns          | 8.38        |
|    cost_value_loss       | nan         |
|    cost_values           | -0.108      |
|    entropy               | -2.85       |
|    entropy_loss          | -2.85       |
|    explained_variance    | 0.0382      |
|    lagrangian_multiplier | 0           |
|    learning_rate         | 0.0003      |
|    loss                  | 304         |
|    n_updates             | 20          |
|    policy_gradient_loss  | -0.0033     |
|    std                   | 1.01        |
|    value_loss            | 581         |
------------------------------------------
/nas/ucb/mason/ethically-compliant-rl/.venv/lib/python3.9/site-packages/numpy/core/fromnumeric.py:3464: RuntimeWarning: Mean of empty slice.
  return _methods._mean(a, axis=axis, dtype=dtype,
/nas/ucb/mason/ethically-compliant-rl/.venv/lib/python3.9/site-packages/numpy/core/_methods.py:192: RuntimeWarning: invalid value encountered in scalar divide
  ret = ret.dtype.type(ret / rcount)
-------------------------------------------
| rollout/                 |              |
|    ep_len_mean           | 1e+03        |
|    ep_rew_mean           | -1.27e+03    |
| time/                    |              |
|    fps                   | 98           |
|    iterations            | 3            |
|    time_elapsed          | 62           |
|    total_timesteps       | 6144         |
| train/                   |              |
|    approx_kl             | 0.0033928845 |
|    clip_fraction         | 0.00864      |
|    clip_range            | 0.2          |
|    cost_returns          | 7.76         |
|    cost_value_loss       | nan          |
|    cost_values           | 0.559        |
|    entropy               | -2.84        |
|    entropy_loss          | -2.84        |
|    explained_variance    | -0.0305      |
|    lagrangian_multiplier | 0            |
|    learning_rate         | 0.0003       |
|    loss                  | 199          |
|    n_updates             | 20           |
|    policy_gradient_loss  | -0.0028      |
|    std                   | 1            |
|    value_loss            | 391          |
-------------------------------------------
/nas/ucb/mason/ethically-compliant-rl/.venv/lib/python3.9/site-packages/numpy/core/fromnumeric.py:3464: RuntimeWarning: Mean of empty slice.
  return _methods._mean(a, axis=axis, dtype=dtype,
/nas/ucb/mason/ethically-compliant-rl/.venv/lib/python3.9/site-packages/numpy/core/_methods.py:192: RuntimeWarning: invalid value encountered in scalar divide
  ret = ret.dtype.type(ret / rcount)
------------------------------------------
| rollout/                 |             |
|    ep_len_mean           | 1e+03       |
|    ep_rew_mean           | -1.19e+03   |
| time/                    |             |
|    fps                   | 118         |
|    iterations            | 4           |
|    time_elapsed          | 68          |
|    total_timesteps       | 8192        |
| train/                   |             |
|    approx_kl             | 0.004587981 |
|    clip_fraction         | 0.0141      |
|    clip_range            | 0.2         |
|    cost_returns          | 8.36        |
|    cost_value_loss       | nan         |
|    cost_values           | -0.376      |
|    entropy               | -2.85       |
|    entropy_loss          | -2.85       |
|    explained_variance    | 0.0278      |
|    lagrangian_multiplier | 0           |
|    learning_rate         | 0.0003      |
|    loss                  | 285         |
|    n_updates             | 30          |
|    policy_gradient_loss  | -0.0029     |
|    std                   | 1.01        |
|    value_loss            | 574         |
------------------------------------------
/nas/ucb/mason/ethically-compliant-rl/.venv/lib/python3.9/site-packages/numpy/core/fromnumeric.py:3464: RuntimeWarning: Mean of empty slice.
  return _methods._mean(a, axis=axis, dtype=dtype,
/nas/ucb/mason/ethically-compliant-rl/.venv/lib/python3.9/site-packages/numpy/core/_methods.py:192: RuntimeWarning: invalid value encountered in scalar divide
  ret = ret.dtype.type(ret / rcount)
-------------------------------------------
| rollout/                 |              |
|    ep_len_mean           | 1e+03        |
|    ep_rew_mean           | -1.28e+03    |
| time/                    |              |
|    fps                   | 110          |
|    iterations            | 4            |
|    time_elapsed          | 74           |
|    total_timesteps       | 8192         |
| train/                   |              |
|    approx_kl             | 0.0043553347 |
|    clip_fraction         | 0.0127       |
|    clip_range            | 0.2          |
|    cost_returns          | 11.3         |
|    cost_value_loss       | nan          |
|    cost_values           | 0.0385       |
|    entropy               | -2.84        |
|    entropy_loss          | -2.84        |
|    explained_variance    | -0.044       |
|    lagrangian_multiplier | 0            |
|    learning_rate         | 0.0003       |
|    loss                  | 310          |
|    n_updates             | 30           |
|    policy_gradient_loss  | -0.00338     |
|    std                   | 1            |
|    value_loss            | 634          |
-------------------------------------------
/nas/ucb/mason/ethically-compliant-rl/.venv/lib/python3.9/site-packages/numpy/core/fromnumeric.py:3464: RuntimeWarning: Mean of empty slice.
  return _methods._mean(a, axis=axis, dtype=dtype,
/nas/ucb/mason/ethically-compliant-rl/.venv/lib/python3.9/site-packages/numpy/core/_methods.py:192: RuntimeWarning: invalid value encountered in scalar divide
  ret = ret.dtype.type(ret / rcount)
-------------------------------------------
| rollout/                 |              |
|    ep_len_mean           | 1e+03        |
|    ep_rew_mean           | -1.36e+03    |
| time/                    |              |
|    fps                   | 109          |
|    iterations            | 4            |
|    time_elapsed          | 74           |
|    total_timesteps       | 8192         |
| train/                   |              |
|    approx_kl             | 0.0054751644 |
|    clip_fraction         | 0.035        |
|    clip_range            | 0.2          |
|    cost_returns          | 12.5         |
|    cost_value_loss       | nan          |
|    cost_values           | 0.0824       |
|    entropy               | -2.85        |
|    entropy_loss          | -2.85        |
|    explained_variance    | -0.0588      |
|    lagrangian_multiplier | 0            |
|    learning_rate         | 0.0003       |
|    loss                  | 290          |
|    n_updates             | 30           |
|    policy_gradient_loss  | -0.00455     |
|    std                   | 1            |
|    value_loss            | 576          |
-------------------------------------------
/nas/ucb/mason/ethically-compliant-rl/.venv/lib/python3.9/site-packages/numpy/core/fromnumeric.py:3464: RuntimeWarning: Mean of empty slice.
  return _methods._mean(a, axis=axis, dtype=dtype,
/nas/ucb/mason/ethically-compliant-rl/.venv/lib/python3.9/site-packages/numpy/core/_methods.py:192: RuntimeWarning: invalid value encountered in scalar divide
  ret = ret.dtype.type(ret / rcount)
-------------------------------------------
| rollout/                 |              |
|    ep_len_mean           | 1e+03        |
|    ep_rew_mean           | -1.23e+03    |
| time/                    |              |
|    fps                   | 97           |
|    iterations            | 4            |
|    time_elapsed          | 83           |
|    total_timesteps       | 8192         |
| train/                   |              |
|    approx_kl             | 0.0019532251 |
|    clip_fraction         | 0.00298      |
|    clip_range            | 0.2          |
|    cost_returns          | 8.9          |
|    cost_value_loss       | nan          |
|    cost_values           | 0.688        |
|    entropy               | -2.86        |
|    entropy_loss          | -2.85        |
|    explained_variance    | -0.022       |
|    lagrangian_multiplier | 0            |
|    learning_rate         | 0.0003       |
|    loss                  | 367          |
|    n_updates             | 30           |
|    policy_gradient_loss  | -0.00295     |
|    std                   | 1.01         |
|    value_loss            | 708          |
-------------------------------------------
/nas/ucb/mason/ethically-compliant-rl/.venv/lib/python3.9/site-packages/numpy/core/fromnumeric.py:3464: RuntimeWarning: Mean of empty slice.
  return _methods._mean(a, axis=axis, dtype=dtype,
/nas/ucb/mason/ethically-compliant-rl/.venv/lib/python3.9/site-packages/numpy/core/_methods.py:192: RuntimeWarning: invalid value encountered in scalar divide
  ret = ret.dtype.type(ret / rcount)
-------------------------------------------
| rollout/                 |              |
|    ep_len_mean           | 1e+03        |
|    ep_rew_mean           | -1.22e+03    |
| time/                    |              |
|    fps                   | 118          |
|    iterations            | 5            |
|    time_elapsed          | 86           |
|    total_timesteps       | 10240        |
| train/                   |              |
|    approx_kl             | 0.0055042827 |
|    clip_fraction         | 0.036        |
|    clip_range            | 0.2          |
|    cost_returns          | 5.17         |
|    cost_value_loss       | nan          |
|    cost_values           | -0.303       |
|    entropy               | -2.85        |
|    entropy_loss          | -2.85        |
|    explained_variance    | 0.0465       |
|    lagrangian_multiplier | 0            |
|    learning_rate         | 0.0003       |
|    loss                  | 240          |
|    n_updates             | 40           |
|    policy_gradient_loss  | -0.00421     |
|    std                   | 1            |
|    value_loss            | 474          |
-------------------------------------------
/nas/ucb/mason/ethically-compliant-rl/.venv/lib/python3.9/site-packages/numpy/core/fromnumeric.py:3464: RuntimeWarning: Mean of empty slice.
  return _methods._mean(a, axis=axis, dtype=dtype,
/nas/ucb/mason/ethically-compliant-rl/.venv/lib/python3.9/site-packages/numpy/core/_methods.py:192: RuntimeWarning: invalid value encountered in scalar divide
  ret = ret.dtype.type(ret / rcount)
-------------------------------------------
| rollout/                 |              |
|    ep_len_mean           | 1e+03        |
|    ep_rew_mean           | -1.31e+03    |
| time/                    |              |
|    fps                   | 110          |
|    iterations            | 5            |
|    time_elapsed          | 93           |
|    total_timesteps       | 10240        |
| train/                   |              |
|    approx_kl             | 0.0037342566 |
|    clip_fraction         | 0.0109       |
|    clip_range            | 0.2          |
|    cost_returns          | 6.62         |
|    cost_value_loss       | nan          |
|    cost_values           | 0.214        |
|    entropy               | -2.83        |
|    entropy_loss          | -2.83        |
|    explained_variance    | -0.0304      |
|    lagrangian_multiplier | 0            |
|    learning_rate         | 0.0003       |
|    loss                  | 375          |
|    n_updates             | 40           |
|    policy_gradient_loss  | -0.00328     |
|    std                   | 0.996        |
|    value_loss            | 751          |
-------------------------------------------
/nas/ucb/mason/ethically-compliant-rl/.venv/lib/python3.9/site-packages/numpy/core/fromnumeric.py:3464: RuntimeWarning: Mean of empty slice.
  return _methods._mean(a, axis=axis, dtype=dtype,
/nas/ucb/mason/ethically-compliant-rl/.venv/lib/python3.9/site-packages/numpy/core/_methods.py:192: RuntimeWarning: invalid value encountered in scalar divide
  ret = ret.dtype.type(ret / rcount)
------------------------------------------
| rollout/                 |             |
|    ep_len_mean           | 1e+03       |
|    ep_rew_mean           | -1.39e+03   |
| time/                    |             |
|    fps                   | 109         |
|    iterations            | 5           |
|    time_elapsed          | 93          |
|    total_timesteps       | 10240       |
| train/                   |             |
|    approx_kl             | 0.006569256 |
|    clip_fraction         | 0.0327      |
|    clip_range            | 0.2         |
|    cost_returns          | 4.8         |
|    cost_value_loss       | nan         |
|    cost_values           | 0.168       |
|    entropy               | -2.85       |
|    entropy_loss          | -2.85       |
|    explained_variance    | -0.164      |
|    lagrangian_multiplier | 0           |
|    learning_rate         | 0.0003      |
|    loss                  | 245         |
|    n_updates             | 40          |
|    policy_gradient_loss  | -0.0046     |
|    std                   | 1.01        |
|    value_loss            | 492         |
------------------------------------------
/nas/ucb/mason/ethically-compliant-rl/.venv/lib/python3.9/site-packages/numpy/core/fromnumeric.py:3464: RuntimeWarning: Mean of empty slice.
  return _methods._mean(a, axis=axis, dtype=dtype,
/nas/ucb/mason/ethically-compliant-rl/.venv/lib/python3.9/site-packages/numpy/core/_methods.py:192: RuntimeWarning: invalid value encountered in scalar divide
  ret = ret.dtype.type(ret / rcount)
-------------------------------------------
| rollout/                 |              |
|    ep_len_mean           | 1e+03        |
|    ep_rew_mean           | -1.19e+03    |
| time/                    |              |
|    fps                   | 118          |
|    iterations            | 6            |
|    time_elapsed          | 103          |
|    total_timesteps       | 12288        |
| train/                   |              |
|    approx_kl             | 0.0049124956 |
|    clip_fraction         | 0.0207       |
|    clip_range            | 0.2          |
|    cost_returns          | 9.74         |
|    cost_value_loss       | nan          |
|    cost_values           | -0.00318     |
|    entropy               | -2.85        |
|    entropy_loss          | -2.85        |
|    explained_variance    | 0.0221       |
|    lagrangian_multiplier | 0            |
|    learning_rate         | 0.0003       |
|    loss                  | 291          |
|    n_updates             | 50           |
|    policy_gradient_loss  | -0.00279     |
|    std                   | 1            |
|    value_loss            | 582          |
-------------------------------------------
/nas/ucb/mason/ethically-compliant-rl/.venv/lib/python3.9/site-packages/numpy/core/fromnumeric.py:3464: RuntimeWarning: Mean of empty slice.
  return _methods._mean(a, axis=axis, dtype=dtype,
/nas/ucb/mason/ethically-compliant-rl/.venv/lib/python3.9/site-packages/numpy/core/_methods.py:192: RuntimeWarning: invalid value encountered in scalar divide
  ret = ret.dtype.type(ret / rcount)
------------------------------------------
| rollout/                 |             |
|    ep_len_mean           | 1e+03       |
|    ep_rew_mean           | -1.28e+03   |
| time/                    |             |
|    fps                   | 97          |
|    iterations            | 5           |
|    time_elapsed          | 104         |
|    total_timesteps       | 10240       |
| train/                   |             |
|    approx_kl             | 0.004459696 |
|    clip_fraction         | 0.0163      |
|    clip_range            | 0.2         |
|    cost_returns          | 5.67        |
|    cost_value_loss       | nan         |
|    cost_values           | 0.0973      |
|    entropy               | -2.85       |
|    entropy_loss          | -2.86       |
|    explained_variance    | 0.0498      |
|    lagrangian_multiplier | 0           |
|    learning_rate         | 0.0003      |
|    loss                  | 205         |
|    n_updates             | 40          |
|    policy_gradient_loss  | -0.00388    |
|    std                   | 1.01        |
|    value_loss            | 415         |
------------------------------------------
/nas/ucb/mason/ethically-compliant-rl/.venv/lib/python3.9/site-packages/numpy/core/fromnumeric.py:3464: RuntimeWarning: Mean of empty slice.
  return _methods._mean(a, axis=axis, dtype=dtype,
/nas/ucb/mason/ethically-compliant-rl/.venv/lib/python3.9/site-packages/numpy/core/_methods.py:192: RuntimeWarning: invalid value encountered in scalar divide
  ret = ret.dtype.type(ret / rcount)
------------------------------------------
| rollout/                 |             |
|    ep_len_mean           | 1e+03       |
|    ep_rew_mean           | -1.25e+03   |
| time/                    |             |
|    fps                   | 109         |
|    iterations            | 6           |
|    time_elapsed          | 111         |
|    total_timesteps       | 12288       |
| train/                   |             |
|    approx_kl             | 0.006657594 |
|    clip_fraction         | 0.0315      |
|    clip_range            | 0.2         |
|    cost_returns          | 7.12        |
|    cost_value_loss       | nan         |
|    cost_values           | 0.0376      |
|    entropy               | -2.83       |
|    entropy_loss          | -2.83       |
|    explained_variance    | -0.00863    |
|    lagrangian_multiplier | 0           |
|    learning_rate         | 0.0003      |
|    loss                  | 325         |
|    n_updates             | 50          |
|    policy_gradient_loss  | -0.00394    |
|    std                   | 0.994       |
|    value_loss            | 663         |
------------------------------------------
/nas/ucb/mason/ethically-compliant-rl/.venv/lib/python3.9/site-packages/numpy/core/fromnumeric.py:3464: RuntimeWarning: Mean of empty slice.
  return _methods._mean(a, axis=axis, dtype=dtype,
/nas/ucb/mason/ethically-compliant-rl/.venv/lib/python3.9/site-packages/numpy/core/_methods.py:192: RuntimeWarning: invalid value encountered in scalar divide
  ret = ret.dtype.type(ret / rcount)
-------------------------------------------
| rollout/                 |              |
|    ep_len_mean           | 1e+03        |
|    ep_rew_mean           | -1.42e+03    |
| time/                    |              |
|    fps                   | 109          |
|    iterations            | 6            |
|    time_elapsed          | 112          |
|    total_timesteps       | 12288        |
| train/                   |              |
|    approx_kl             | 0.0029374796 |
|    clip_fraction         | 0.00552      |
|    clip_range            | 0.2          |
|    cost_returns          | 9.26         |
|    cost_value_loss       | nan          |
|    cost_values           | 0.322        |
|    entropy               | -2.85        |
|    entropy_loss          | -2.85        |
|    explained_variance    | -0.0801      |
|    lagrangian_multiplier | 0            |
|    learning_rate         | 0.0003       |
|    loss                  | 370          |
|    n_updates             | 50           |
|    policy_gradient_loss  | -0.00219     |
|    std                   | 1.01         |
|    value_loss            | 743          |
-------------------------------------------
/nas/ucb/mason/ethically-compliant-rl/.venv/lib/python3.9/site-packages/numpy/core/fromnumeric.py:3464: RuntimeWarning: Mean of empty slice.
  return _methods._mean(a, axis=axis, dtype=dtype,
/nas/ucb/mason/ethically-compliant-rl/.venv/lib/python3.9/site-packages/numpy/core/_methods.py:192: RuntimeWarning: invalid value encountered in scalar divide
  ret = ret.dtype.type(ret / rcount)
-------------------------------------------
| rollout/                 |              |
|    ep_len_mean           | 1e+03        |
|    ep_rew_mean           | -1.26e+03    |
| time/                    |              |
|    fps                   | 118          |
|    iterations            | 7            |
|    time_elapsed          | 120          |
|    total_timesteps       | 14336        |
| train/                   |              |
|    approx_kl             | 0.0038890762 |
|    clip_fraction         | 0.00918      |
|    clip_range            | 0.2          |
|    cost_returns          | 7.65         |
|    cost_value_loss       | nan          |
|    cost_values           | -0.065       |
|    entropy               | -2.84        |
|    entropy_loss          | -2.85        |
|    explained_variance    | 0.0348       |
|    lagrangian_multiplier | 0            |
|    learning_rate         | 0.0003       |
|    loss                  | 177          |
|    n_updates             | 60           |
|    policy_gradient_loss  | -0.0025      |
|    std                   | 1            |
|    value_loss            | 356          |
-------------------------------------------
/nas/ucb/mason/ethically-compliant-rl/.venv/lib/python3.9/site-packages/numpy/core/fromnumeric.py:3464: RuntimeWarning: Mean of empty slice.
  return _methods._mean(a, axis=axis, dtype=dtype,
/nas/ucb/mason/ethically-compliant-rl/.venv/lib/python3.9/site-packages/numpy/core/_methods.py:192: RuntimeWarning: invalid value encountered in scalar divide
  ret = ret.dtype.type(ret / rcount)
-------------------------------------------
| rollout/                 |              |
|    ep_len_mean           | 1e+03        |
|    ep_rew_mean           | -1.26e+03    |
| time/                    |              |
|    fps                   | 97           |
|    iterations            | 6            |
|    time_elapsed          | 126          |
|    total_timesteps       | 12288        |
| train/                   |              |
|    approx_kl             | 0.0058077034 |
|    clip_fraction         | 0.0467       |
|    clip_range            | 0.2          |
|    cost_returns          | 9.99         |
|    cost_value_loss       | nan          |
|    cost_values           | 0.336        |
|    entropy               | -2.86        |
|    entropy_loss          | -2.86        |
|    explained_variance    | 0.0336       |
|    lagrangian_multiplier | 0            |
|    learning_rate         | 0.0003       |
|    loss                  | 333          |
|    n_updates             | 50           |
|    policy_gradient_loss  | -0.00589     |
|    std                   | 1.01         |
|    value_loss            | 686          |
-------------------------------------------
/nas/ucb/mason/ethically-compliant-rl/.venv/lib/python3.9/site-packages/numpy/core/fromnumeric.py:3464: RuntimeWarning: Mean of empty slice.
  return _methods._mean(a, axis=axis, dtype=dtype,
/nas/ucb/mason/ethically-compliant-rl/.venv/lib/python3.9/site-packages/numpy/core/_methods.py:192: RuntimeWarning: invalid value encountered in scalar divide
  ret = ret.dtype.type(ret / rcount)
-------------------------------------------
| rollout/                 |              |
|    ep_len_mean           | 1e+03        |
|    ep_rew_mean           | -1.26e+03    |
| time/                    |              |
|    fps                   | 109          |
|    iterations            | 7            |
|    time_elapsed          | 130          |
|    total_timesteps       | 14336        |
| train/                   |              |
|    approx_kl             | 0.0052967165 |
|    clip_fraction         | 0.0352       |
|    clip_range            | 0.2          |
|    cost_returns          | 6.74         |
|    cost_value_loss       | nan          |
|    cost_values           | 0.0731       |
|    entropy               | -2.82        |
|    entropy_loss          | -2.82        |
|    explained_variance    | -0.0544      |
|    lagrangian_multiplier | 0            |
|    learning_rate         | 0.0003       |
|    loss                  | 170          |
|    n_updates             | 60           |
|    policy_gradient_loss  | -0.00456     |
|    std                   | 0.991        |
|    value_loss            | 347          |
-------------------------------------------
/nas/ucb/mason/ethically-compliant-rl/.venv/lib/python3.9/site-packages/numpy/core/fromnumeric.py:3464: RuntimeWarning: Mean of empty slice.
  return _methods._mean(a, axis=axis, dtype=dtype,
/nas/ucb/mason/ethically-compliant-rl/.venv/lib/python3.9/site-packages/numpy/core/_methods.py:192: RuntimeWarning: invalid value encountered in scalar divide
  ret = ret.dtype.type(ret / rcount)
------------------------------------------
| rollout/                 |             |
|    ep_len_mean           | 936         |
|    ep_rew_mean           | -1.3e+03    |
| time/                    |             |
|    fps                   | 109         |
|    iterations            | 7           |
|    time_elapsed          | 131         |
|    total_timesteps       | 14336       |
| train/                   |             |
|    approx_kl             | 0.004337405 |
|    clip_fraction         | 0.0191      |
|    clip_range            | 0.2         |
|    cost_returns          | 12          |
|    cost_value_loss       | nan         |
|    cost_values           | -0.0991     |
|    entropy               | -2.85       |
|    entropy_loss          | -2.85       |
|    explained_variance    | -0.0797     |
|    lagrangian_multiplier | 0           |
|    learning_rate         | 0.0003      |
|    loss                  | 337         |
|    n_updates             | 60          |
|    policy_gradient_loss  | -0.00342    |
|    std                   | 1           |
|    value_loss            | 673         |
------------------------------------------
/nas/ucb/mason/ethically-compliant-rl/.venv/lib/python3.9/site-packages/numpy/core/fromnumeric.py:3464: RuntimeWarning: Mean of empty slice.
  return _methods._mean(a, axis=axis, dtype=dtype,
/nas/ucb/mason/ethically-compliant-rl/.venv/lib/python3.9/site-packages/numpy/core/_methods.py:192: RuntimeWarning: invalid value encountered in scalar divide
  ret = ret.dtype.type(ret / rcount)
------------------------------------------
| rollout/                 |             |
|    ep_len_mean           | 1e+03       |
|    ep_rew_mean           | -1.23e+03   |
| time/                    |             |
|    fps                   | 118         |
|    iterations            | 8           |
|    time_elapsed          | 138         |
|    total_timesteps       | 16384       |
| train/                   |             |
|    approx_kl             | 0.005627043 |
|    clip_fraction         | 0.0587      |
|    clip_range            | 0.2         |
|    cost_returns          | 11.7        |
|    cost_value_loss       | nan         |
|    cost_values           | -0.07       |
|    entropy               | -2.84       |
|    entropy_loss          | -2.84       |
|    explained_variance    | 0.0238      |
|    lagrangian_multiplier | 0           |
|    learning_rate         | 0.0003      |
|    loss                  | 435         |
|    n_updates             | 70          |
|    policy_gradient_loss  | -0.00671    |
|    std                   | 1           |
|    value_loss            | 894         |
------------------------------------------
/nas/ucb/mason/ethically-compliant-rl/.venv/lib/python3.9/site-packages/numpy/core/fromnumeric.py:3464: RuntimeWarning: Mean of empty slice.
  return _methods._mean(a, axis=axis, dtype=dtype,
/nas/ucb/mason/ethically-compliant-rl/.venv/lib/python3.9/site-packages/numpy/core/_methods.py:192: RuntimeWarning: invalid value encountered in scalar divide
  ret = ret.dtype.type(ret / rcount)
------------------------------------------
| rollout/                 |             |
|    ep_len_mean           | 1e+03       |
|    ep_rew_mean           | -1.35e+03   |
| time/                    |             |
|    fps                   | 97          |
|    iterations            | 7           |
|    time_elapsed          | 147         |
|    total_timesteps       | 14336       |
| train/                   |             |
|    approx_kl             | 0.004842083 |
|    clip_fraction         | 0.0227      |
|    clip_range            | 0.2         |
|    cost_returns          | 9.09        |
|    cost_value_loss       | nan         |
|    cost_values           | -0.0353     |
|    entropy               | -2.86       |
|    entropy_loss          | -2.86       |
|    explained_variance    | 0.0558      |
|    lagrangian_multiplier | 0           |
|    learning_rate         | 0.0003      |
|    loss                  | 222         |
|    n_updates             | 60          |
|    policy_gradient_loss  | -0.00287    |
|    std                   | 1.01        |
|    value_loss            | 443         |
------------------------------------------
/nas/ucb/mason/ethically-compliant-rl/.venv/lib/python3.9/site-packages/numpy/core/fromnumeric.py:3464: RuntimeWarning: Mean of empty slice.
  return _methods._mean(a, axis=axis, dtype=dtype,
/nas/ucb/mason/ethically-compliant-rl/.venv/lib/python3.9/site-packages/numpy/core/_methods.py:192: RuntimeWarning: invalid value encountered in scalar divide
  ret = ret.dtype.type(ret / rcount)
------------------------------------------
| rollout/                 |             |
|    ep_len_mean           | 1e+03       |
|    ep_rew_mean           | -1.22e+03   |
| time/                    |             |
|    fps                   | 109         |
|    iterations            | 8           |
|    time_elapsed          | 149         |
|    total_timesteps       | 16384       |
| train/                   |             |
|    approx_kl             | 0.006980405 |
|    clip_fraction         | 0.0436      |
|    clip_range            | 0.2         |
|    cost_returns          | 7.95        |
|    cost_value_loss       | nan         |
|    cost_values           | 0.123       |
|    entropy               | -2.81       |
|    entropy_loss          | -2.82       |
|    explained_variance    | -0.0212     |
|    lagrangian_multiplier | 0           |
|    learning_rate         | 0.0003      |
|    loss                  | 246         |
|    n_updates             | 70          |
|    policy_gradient_loss  | -0.00453    |
|    std                   | 0.988       |
|    value_loss            | 492         |
------------------------------------------
/nas/ucb/mason/ethically-compliant-rl/.venv/lib/python3.9/site-packages/numpy/core/fromnumeric.py:3464: RuntimeWarning: Mean of empty slice.
  return _methods._mean(a, axis=axis, dtype=dtype,
/nas/ucb/mason/ethically-compliant-rl/.venv/lib/python3.9/site-packages/numpy/core/_methods.py:192: RuntimeWarning: invalid value encountered in scalar divide
  ret = ret.dtype.type(ret / rcount)
-------------------------------------------
| rollout/                 |              |
|    ep_len_mean           | 943          |
|    ep_rew_mean           | -1.32e+03    |
| time/                    |              |
|    fps                   | 109          |
|    iterations            | 8            |
|    time_elapsed          | 150          |
|    total_timesteps       | 16384        |
| train/                   |              |
|    approx_kl             | 0.0029488914 |
|    clip_fraction         | 0.00493      |
|    clip_range            | 0.2          |
|    cost_returns          | 7.05         |
|    cost_value_loss       | nan          |
|    cost_values           | -0.308       |
|    entropy               | -2.85        |
|    entropy_loss          | -2.85        |
|    explained_variance    | 0.039        |
|    lagrangian_multiplier | 0            |
|    learning_rate         | 0.0003       |
|    loss                  | 258          |
|    n_updates             | 70           |
|    policy_gradient_loss  | -0.003       |
|    std                   | 1.01         |
|    value_loss            | 526          |
-------------------------------------------
/nas/ucb/mason/ethically-compliant-rl/.venv/lib/python3.9/site-packages/numpy/core/fromnumeric.py:3464: RuntimeWarning: Mean of empty slice.
  return _methods._mean(a, axis=axis, dtype=dtype,
/nas/ucb/mason/ethically-compliant-rl/.venv/lib/python3.9/site-packages/numpy/core/_methods.py:192: RuntimeWarning: invalid value encountered in scalar divide
  ret = ret.dtype.type(ret / rcount)
-------------------------------------------
| rollout/                 |              |
|    ep_len_mean           | 1e+03        |
|    ep_rew_mean           | -1.26e+03    |
| time/                    |              |
|    fps                   | 118          |
|    iterations            | 9            |
|    time_elapsed          | 155          |
|    total_timesteps       | 18432        |
| train/                   |              |
|    approx_kl             | 0.0042592934 |
|    clip_fraction         | 0.0236       |
|    clip_range            | 0.2          |
|    cost_returns          | 7.63         |
|    cost_value_loss       | nan          |
|    cost_values           | -0.0764      |
|    entropy               | -2.84        |
|    entropy_loss          | -2.84        |
|    explained_variance    | 0.0385       |
|    lagrangian_multiplier | 0            |
|    learning_rate         | 0.0003       |
|    loss                  | 194          |
|    n_updates             | 80           |
|    policy_gradient_loss  | -0.00392     |
|    std                   | 1            |
|    value_loss            | 385          |
-------------------------------------------
/nas/ucb/mason/ethically-compliant-rl/.venv/lib/python3.9/site-packages/numpy/core/fromnumeric.py:3464: RuntimeWarning: Mean of empty slice.
  return _methods._mean(a, axis=axis, dtype=dtype,
/nas/ucb/mason/ethically-compliant-rl/.venv/lib/python3.9/site-packages/numpy/core/_methods.py:192: RuntimeWarning: invalid value encountered in scalar divide
  ret = ret.dtype.type(ret / rcount)
------------------------------------------
| rollout/                 |             |
|    ep_len_mean           | 1e+03       |
|    ep_rew_mean           | -1.27e+03   |
| time/                    |             |
|    fps                   | 109         |
|    iterations            | 9           |
|    time_elapsed          | 168         |
|    total_timesteps       | 18432       |
| train/                   |             |
|    approx_kl             | 0.004462354 |
|    clip_fraction         | 0.012       |
|    clip_range            | 0.2         |
|    cost_returns          | 3.25        |
|    cost_value_loss       | nan         |
|    cost_values           | 0.157       |
|    entropy               | -2.83       |
|    entropy_loss          | -2.82       |
|    explained_variance    | 0.022       |
|    lagrangian_multiplier | 0           |
|    learning_rate         | 0.0003      |
|    loss                  | 152         |
|    n_updates             | 80          |
|    policy_gradient_loss  | -0.00289    |
|    std                   | 0.994       |
|    value_loss            | 291         |
------------------------------------------
/nas/ucb/mason/ethically-compliant-rl/.venv/lib/python3.9/site-packages/numpy/core/fromnumeric.py:3464: RuntimeWarning: Mean of empty slice.
  return _methods._mean(a, axis=axis, dtype=dtype,
/nas/ucb/mason/ethically-compliant-rl/.venv/lib/python3.9/site-packages/numpy/core/_methods.py:192: RuntimeWarning: invalid value encountered in scalar divide
  ret = ret.dtype.type(ret / rcount)
------------------------------------------
| rollout/                 |             |
|    ep_len_mean           | 1e+03       |
|    ep_rew_mean           | -1.36e+03   |
| time/                    |             |
|    fps                   | 97          |
|    iterations            | 8           |
|    time_elapsed          | 168         |
|    total_timesteps       | 16384       |
| train/                   |             |
|    approx_kl             | 0.006346389 |
|    clip_fraction         | 0.0507      |
|    clip_range            | 0.2         |
|    cost_returns          | 11.9        |
|    cost_value_loss       | nan         |
|    cost_values           | -0.336      |
|    entropy               | -2.86       |
|    entropy_loss          | -2.86       |
|    explained_variance    | 0.00434     |
|    lagrangian_multiplier | 0           |
|    learning_rate         | 0.0003      |
|    loss                  | 596         |
|    n_updates             | 70          |
|    policy_gradient_loss  | -0.00515    |
|    std                   | 1.01        |
|    value_loss            | 1.16e+03    |
------------------------------------------
/nas/ucb/mason/ethically-compliant-rl/.venv/lib/python3.9/site-packages/numpy/core/fromnumeric.py:3464: RuntimeWarning: Mean of empty slice.
  return _methods._mean(a, axis=axis, dtype=dtype,
/nas/ucb/mason/ethically-compliant-rl/.venv/lib/python3.9/site-packages/numpy/core/_methods.py:192: RuntimeWarning: invalid value encountered in scalar divide
  ret = ret.dtype.type(ret / rcount)
-----------------------------------------
| rollout/                 |            |
|    ep_len_mean           | 949        |
|    ep_rew_mean           | -1.29e+03  |
| time/                    |            |
|    fps                   | 109        |
|    iterations            | 9          |
|    time_elapsed          | 169        |
|    total_timesteps       | 18432      |
| train/                   |            |
|    approx_kl             | 0.00423407 |
|    clip_fraction         | 0.0225     |
|    clip_range            | 0.2        |
|    cost_returns          | 8.96       |
|    cost_value_loss       | nan        |
|    cost_values           | 0.0176     |
|    entropy               | -2.85      |
|    entropy_loss          | -2.85      |
|    explained_variance    | -0.0986    |
|    lagrangian_multiplier | 0          |
|    learning_rate         | 0.0003     |
|    loss                  | 359        |
|    n_updates             | 80         |
|    policy_gradient_loss  | -0.00371   |
|    std                   | 1.01       |
|    value_loss            | 744        |
-----------------------------------------
/nas/ucb/mason/ethically-compliant-rl/.venv/lib/python3.9/site-packages/numpy/core/fromnumeric.py:3464: RuntimeWarning: Mean of empty slice.
  return _methods._mean(a, axis=axis, dtype=dtype,
/nas/ucb/mason/ethically-compliant-rl/.venv/lib/python3.9/site-packages/numpy/core/_methods.py:192: RuntimeWarning: invalid value encountered in scalar divide
  ret = ret.dtype.type(ret / rcount)
-------------------------------------------
| rollout/                 |              |
|    ep_len_mean           | 1e+03        |
|    ep_rew_mean           | -1.29e+03    |
| time/                    |              |
|    fps                   | 118          |
|    iterations            | 10           |
|    time_elapsed          | 173          |
|    total_timesteps       | 20480        |
| train/                   |              |
|    approx_kl             | 0.0035897142 |
|    clip_fraction         | 0.0244       |
|    clip_range            | 0.2          |
|    cost_returns          | 11.2         |
|    cost_value_loss       | nan          |
|    cost_values           | 0.174        |
|    entropy               | -2.84        |
|    entropy_loss          | -2.84        |
|    explained_variance    | -0.0168      |
|    lagrangian_multiplier | 0            |
|    learning_rate         | 0.0003       |
|    loss                  | 331          |
|    n_updates             | 90           |
|    policy_gradient_loss  | -0.0044      |
|    std                   | 1            |
|    value_loss            | 696          |
-------------------------------------------
/nas/ucb/mason/ethically-compliant-rl/.venv/lib/python3.9/site-packages/numpy/core/fromnumeric.py:3464: RuntimeWarning: Mean of empty slice.
  return _methods._mean(a, axis=axis, dtype=dtype,
/nas/ucb/mason/ethically-compliant-rl/.venv/lib/python3.9/site-packages/numpy/core/_methods.py:192: RuntimeWarning: invalid value encountered in scalar divide
  ret = ret.dtype.type(ret / rcount)
-------------------------------------------
| rollout/                 |              |
|    ep_len_mean           | 1e+03        |
|    ep_rew_mean           | -1.31e+03    |
| time/                    |              |
|    fps                   | 109          |
|    iterations            | 10           |
|    time_elapsed          | 186          |
|    total_timesteps       | 20480        |
| train/                   |              |
|    approx_kl             | 0.0054160696 |
|    clip_fraction         | 0.0504       |
|    clip_range            | 0.2          |
|    cost_returns          | 12.1         |
|    cost_value_loss       | nan          |
|    cost_values           | -0.105       |
|    entropy               | -2.83        |
|    entropy_loss          | -2.83        |
|    explained_variance    | 0.00595      |
|    lagrangian_multiplier | 0            |
|    learning_rate         | 0.0003       |
|    loss                  | 470          |
|    n_updates             | 90           |
|    policy_gradient_loss  | -0.0047      |
|    std                   | 0.997        |
|    value_loss            | 911          |
-------------------------------------------
/nas/ucb/mason/ethically-compliant-rl/.venv/lib/python3.9/site-packages/numpy/core/fromnumeric.py:3464: RuntimeWarning: Mean of empty slice.
  return _methods._mean(a, axis=axis, dtype=dtype,
/nas/ucb/mason/ethically-compliant-rl/.venv/lib/python3.9/site-packages/numpy/core/_methods.py:192: RuntimeWarning: invalid value encountered in scalar divide
  ret = ret.dtype.type(ret / rcount)
------------------------------------------
| rollout/                 |             |
|    ep_len_mean           | 954         |
|    ep_rew_mean           | -1.31e+03   |
| time/                    |             |
|    fps                   | 109         |
|    iterations            | 10          |
|    time_elapsed          | 187         |
|    total_timesteps       | 20480       |
| train/                   |             |
|    approx_kl             | 0.004059905 |
|    clip_fraction         | 0.0171      |
|    clip_range            | 0.2         |
|    cost_returns          | 9.53        |
|    cost_value_loss       | nan         |
|    cost_values           | 0.0747      |
|    entropy               | -2.84       |
|    entropy_loss          | -2.85       |
|    explained_variance    | -0.136      |
|    lagrangian_multiplier | 0           |
|    learning_rate         | 0.0003      |
|    loss                  | 160         |
|    n_updates             | 90          |
|    policy_gradient_loss  | -0.00339    |
|    std                   | 1           |
|    value_loss            | 321         |
------------------------------------------
/nas/ucb/mason/ethically-compliant-rl/.venv/lib/python3.9/site-packages/numpy/core/fromnumeric.py:3464: RuntimeWarning: Mean of empty slice.
  return _methods._mean(a, axis=axis, dtype=dtype,
/nas/ucb/mason/ethically-compliant-rl/.venv/lib/python3.9/site-packages/numpy/core/_methods.py:192: RuntimeWarning: invalid value encountered in scalar divide
  ret = ret.dtype.type(ret / rcount)
------------------------------------------
| rollout/                 |             |
|    ep_len_mean           | 1e+03       |
|    ep_rew_mean           | -1.45e+03   |
| time/                    |             |
|    fps                   | 97          |
|    iterations            | 9           |
|    time_elapsed          | 188         |
|    total_timesteps       | 18432       |
| train/                   |             |
|    approx_kl             | 0.005161266 |
|    clip_fraction         | 0.0192      |
|    clip_range            | 0.2         |
|    cost_returns          | 8.26        |
|    cost_value_loss       | nan         |
|    cost_values           | -0.0068     |
|    entropy               | -2.87       |
|    entropy_loss          | -2.87       |
|    explained_variance    | -0.0319     |
|    lagrangian_multiplier | 0           |
|    learning_rate         | 0.0003      |
|    loss                  | 350         |
|    n_updates             | 80          |
|    policy_gradient_loss  | -0.00298    |
|    std                   | 1.02        |
|    value_loss            | 741         |
------------------------------------------
/nas/ucb/mason/ethically-compliant-rl/.venv/lib/python3.9/site-packages/numpy/core/fromnumeric.py:3464: RuntimeWarning: Mean of empty slice.
  return _methods._mean(a, axis=axis, dtype=dtype,
/nas/ucb/mason/ethically-compliant-rl/.venv/lib/python3.9/site-packages/numpy/core/_methods.py:192: RuntimeWarning: invalid value encountered in scalar divide
  ret = ret.dtype.type(ret / rcount)
-------------------------------------------
| rollout/                 |              |
|    ep_len_mean           | 1e+03        |
|    ep_rew_mean           | -1.28e+03    |
| time/                    |              |
|    fps                   | 118          |
|    iterations            | 11           |
|    time_elapsed          | 190          |
|    total_timesteps       | 22528        |
| train/                   |              |
|    approx_kl             | 0.0064528463 |
|    clip_fraction         | 0.0469       |
|    clip_range            | 0.2          |
|    cost_returns          | 14.3         |
|    cost_value_loss       | nan          |
|    cost_values           | 0.293        |
|    entropy               | -2.83        |
|    entropy_loss          | -2.83        |
|    explained_variance    | -0.0199      |
|    lagrangian_multiplier | 0            |
|    learning_rate         | 0.0003       |
|    loss                  | 354          |
|    n_updates             | 100          |
|    policy_gradient_loss  | -0.0052      |
|    std                   | 0.996        |
|    value_loss            | 710          |
-------------------------------------------
/nas/ucb/mason/ethically-compliant-rl/.venv/lib/python3.9/site-packages/numpy/core/fromnumeric.py:3464: RuntimeWarning: Mean of empty slice.
  return _methods._mean(a, axis=axis, dtype=dtype,
/nas/ucb/mason/ethically-compliant-rl/.venv/lib/python3.9/site-packages/numpy/core/_methods.py:192: RuntimeWarning: invalid value encountered in scalar divide
  ret = ret.dtype.type(ret / rcount)
-------------------------------------------
| rollout/                 |              |
|    ep_len_mean           | 1e+03        |
|    ep_rew_mean           | -1.31e+03    |
| time/                    |              |
|    fps                   | 109          |
|    iterations            | 11           |
|    time_elapsed          | 205          |
|    total_timesteps       | 22528        |
| train/                   |              |
|    approx_kl             | 0.0044902433 |
|    clip_fraction         | 0.0184       |
|    clip_range            | 0.2          |
|    cost_returns          | 13           |
|    cost_value_loss       | nan          |
|    cost_values           | 0.39         |
|    entropy               | -2.82        |
|    entropy_loss          | -2.83        |
|    explained_variance    | -0.0138      |
|    lagrangian_multiplier | 0            |
|    learning_rate         | 0.0003       |
|    loss                  | 407          |
|    n_updates             | 100          |
|    policy_gradient_loss  | -0.00401     |
|    std                   | 0.993        |
|    value_loss            | 850          |
-------------------------------------------
/nas/ucb/mason/ethically-compliant-rl/.venv/lib/python3.9/site-packages/numpy/core/fromnumeric.py:3464: RuntimeWarning: Mean of empty slice.
  return _methods._mean(a, axis=axis, dtype=dtype,
/nas/ucb/mason/ethically-compliant-rl/.venv/lib/python3.9/site-packages/numpy/core/_methods.py:192: RuntimeWarning: invalid value encountered in scalar divide
  ret = ret.dtype.type(ret / rcount)
------------------------------------------
| rollout/                 |             |
|    ep_len_mean           | 958         |
|    ep_rew_mean           | -1.28e+03   |
| time/                    |             |
|    fps                   | 109         |
|    iterations            | 11          |
|    time_elapsed          | 206         |
|    total_timesteps       | 22528       |
| train/                   |             |
|    approx_kl             | 0.006169976 |
|    clip_fraction         | 0.0306      |
|    clip_range            | 0.2         |
|    cost_returns          | 10.1        |
|    cost_value_loss       | nan         |
|    cost_values           | -0.107      |
|    entropy               | -2.85       |
|    entropy_loss          | -2.84       |
|    explained_variance    | 0.0378      |
|    lagrangian_multiplier | 0           |
|    learning_rate         | 0.0003      |
|    loss                  | 342         |
|    n_updates             | 100         |
|    policy_gradient_loss  | -0.00478    |
|    std                   | 1           |
|    value_loss            | 674         |
------------------------------------------
/nas/ucb/mason/ethically-compliant-rl/.venv/lib/python3.9/site-packages/numpy/core/fromnumeric.py:3464: RuntimeWarning: Mean of empty slice.
  return _methods._mean(a, axis=axis, dtype=dtype,
/nas/ucb/mason/ethically-compliant-rl/.venv/lib/python3.9/site-packages/numpy/core/_methods.py:192: RuntimeWarning: invalid value encountered in scalar divide
  ret = ret.dtype.type(ret / rcount)
-------------------------------------------
| rollout/                 |              |
|    ep_len_mean           | 1e+03        |
|    ep_rew_mean           | -1.28e+03    |
| time/                    |              |
|    fps                   | 118          |
|    iterations            | 12           |
|    time_elapsed          | 207          |
|    total_timesteps       | 24576        |
| train/                   |              |
|    approx_kl             | 0.0036282446 |
|    clip_fraction         | 0.0355       |
|    clip_range            | 0.2          |
|    cost_returns          | 4.56         |
|    cost_value_loss       | nan          |
|    cost_values           | 0.115        |
|    entropy               | -2.83        |
|    entropy_loss          | -2.83        |
|    explained_variance    | -0.0382      |
|    lagrangian_multiplier | 0            |
|    learning_rate         | 0.0003       |
|    loss                  | 216          |
|    n_updates             | 110          |
|    policy_gradient_loss  | -0.00529     |
|    std                   | 0.995        |
|    value_loss            | 433          |
-------------------------------------------
/nas/ucb/mason/ethically-compliant-rl/.venv/lib/python3.9/site-packages/numpy/core/fromnumeric.py:3464: RuntimeWarning: Mean of empty slice.
  return _methods._mean(a, axis=axis, dtype=dtype,
/nas/ucb/mason/ethically-compliant-rl/.venv/lib/python3.9/site-packages/numpy/core/_methods.py:192: RuntimeWarning: invalid value encountered in scalar divide
  ret = ret.dtype.type(ret / rcount)
------------------------------------------
| rollout/                 |             |
|    ep_len_mean           | 1e+03       |
|    ep_rew_mean           | -1.42e+03   |
| time/                    |             |
|    fps                   | 97          |
|    iterations            | 10          |
|    time_elapsed          | 209         |
|    total_timesteps       | 20480       |
| train/                   |             |
|    approx_kl             | 0.004956186 |
|    clip_fraction         | 0.035       |
|    clip_range            | 0.2         |
|    cost_returns          | 11.4        |
|    cost_value_loss       | nan         |
|    cost_values           | -0.0512     |
|    entropy               | -2.88       |
|    entropy_loss          | -2.88       |
|    explained_variance    | 0.011       |
|    lagrangian_multiplier | 0           |
|    learning_rate         | 0.0003      |
|    loss                  | 822         |
|    n_updates             | 90          |
|    policy_gradient_loss  | -0.00438    |
|    std                   | 1.02        |
|    value_loss            | 1.64e+03    |
------------------------------------------
/nas/ucb/mason/ethically-compliant-rl/.venv/lib/python3.9/site-packages/numpy/core/fromnumeric.py:3464: RuntimeWarning: Mean of empty slice.
  return _methods._mean(a, axis=axis, dtype=dtype,
/nas/ucb/mason/ethically-compliant-rl/.venv/lib/python3.9/site-packages/numpy/core/_methods.py:192: RuntimeWarning: invalid value encountered in scalar divide
  ret = ret.dtype.type(ret / rcount)
-------------------------------------------
| rollout/                 |              |
|    ep_len_mean           | 1e+03        |
|    ep_rew_mean           | -1.34e+03    |
| time/                    |              |
|    fps                   | 109          |
|    iterations            | 12           |
|    time_elapsed          | 224          |
|    total_timesteps       | 24576        |
| train/                   |              |
|    approx_kl             | 0.0048368825 |
|    clip_fraction         | 0.0206       |
|    clip_range            | 0.2          |
|    cost_returns          | 13.2         |
|    cost_value_loss       | nan          |
|    cost_values           | 0.435        |
|    entropy               | -2.82        |
|    entropy_loss          | -2.82        |
|    explained_variance    | -0.0211      |
|    lagrangian_multiplier | 0            |
|    learning_rate         | 0.0003       |
|    loss                  | 324          |
|    n_updates             | 110          |
|    policy_gradient_loss  | -0.00359     |
|    std                   | 0.989        |
|    value_loss            | 650          |
-------------------------------------------
/nas/ucb/mason/ethically-compliant-rl/.venv/lib/python3.9/site-packages/numpy/core/fromnumeric.py:3464: RuntimeWarning: Mean of empty slice.
  return _methods._mean(a, axis=axis, dtype=dtype,
/nas/ucb/mason/ethically-compliant-rl/.venv/lib/python3.9/site-packages/numpy/core/_methods.py:192: RuntimeWarning: invalid value encountered in scalar divide
  ret = ret.dtype.type(ret / rcount)
------------------------------------------
| rollout/                 |             |
|    ep_len_mean           | 1e+03       |
|    ep_rew_mean           | -1.25e+03   |
| time/                    |             |
|    fps                   | 118         |
|    iterations            | 13          |
|    time_elapsed          | 225         |
|    total_timesteps       | 26624       |
| train/                   |             |
|    approx_kl             | 0.004629614 |
|    clip_fraction         | 0.028       |
|    clip_range            | 0.2         |
|    cost_returns          | 4.67        |
|    cost_value_loss       | nan         |
|    cost_values           | 0.225       |
|    entropy               | -2.81       |
|    entropy_loss          | -2.82       |
|    explained_variance    | -0.00348    |
|    lagrangian_multiplier | 0           |
|    learning_rate         | 0.0003      |
|    loss                  | 202         |
|    n_updates             | 120         |
|    policy_gradient_loss  | -0.00363    |
|    std                   | 0.989       |
|    value_loss            | 402         |
------------------------------------------
/nas/ucb/mason/ethically-compliant-rl/.venv/lib/python3.9/site-packages/numpy/core/fromnumeric.py:3464: RuntimeWarning: Mean of empty slice.
  return _methods._mean(a, axis=axis, dtype=dtype,
/nas/ucb/mason/ethically-compliant-rl/.venv/lib/python3.9/site-packages/numpy/core/_methods.py:192: RuntimeWarning: invalid value encountered in scalar divide
  ret = ret.dtype.type(ret / rcount)
------------------------------------------
| rollout/                 |             |
|    ep_len_mean           | 962         |
|    ep_rew_mean           | -1.26e+03   |
| time/                    |             |
|    fps                   | 108         |
|    iterations            | 12          |
|    time_elapsed          | 225         |
|    total_timesteps       | 24576       |
| train/                   |             |
|    approx_kl             | 0.005508542 |
|    clip_fraction         | 0.0166      |
|    clip_range            | 0.2         |
|    cost_returns          | 7.99        |
|    cost_value_loss       | nan         |
|    cost_values           | 0.124       |
|    entropy               | -2.83       |
|    entropy_loss          | -2.84       |
|    explained_variance    | -0.106      |
|    lagrangian_multiplier | 0           |
|    learning_rate         | 0.0003      |
|    loss                  | 178         |
|    n_updates             | 110         |
|    policy_gradient_loss  | -0.00343    |
|    std                   | 0.997       |
|    value_loss            | 362         |
------------------------------------------
/nas/ucb/mason/ethically-compliant-rl/.venv/lib/python3.9/site-packages/numpy/core/fromnumeric.py:3464: RuntimeWarning: Mean of empty slice.
  return _methods._mean(a, axis=axis, dtype=dtype,
/nas/ucb/mason/ethically-compliant-rl/.venv/lib/python3.9/site-packages/numpy/core/_methods.py:192: RuntimeWarning: invalid value encountered in scalar divide
  ret = ret.dtype.type(ret / rcount)
-------------------------------------------
| rollout/                 |              |
|    ep_len_mean           | 1e+03        |
|    ep_rew_mean           | -1.45e+03    |
| time/                    |              |
|    fps                   | 98           |
|    iterations            | 11           |
|    time_elapsed          | 229          |
|    total_timesteps       | 22528        |
| train/                   |              |
|    approx_kl             | 0.0042454693 |
|    clip_fraction         | 0.0106       |
|    clip_range            | 0.2          |
|    cost_returns          | 7.67         |
|    cost_value_loss       | nan          |
|    cost_values           | 0.345        |
|    entropy               | -2.88        |
|    entropy_loss          | -2.88        |
|    explained_variance    | 0.0218       |
|    lagrangian_multiplier | 0            |
|    learning_rate         | 0.0003       |
|    loss                  | 216          |
|    n_updates             | 100          |
|    policy_gradient_loss  | -0.00257     |
|    std                   | 1.02         |
|    value_loss            | 439          |
-------------------------------------------
/nas/ucb/mason/ethically-compliant-rl/.venv/lib/python3.9/site-packages/numpy/core/fromnumeric.py:3464: RuntimeWarning: Mean of empty slice.
  return _methods._mean(a, axis=axis, dtype=dtype,
/nas/ucb/mason/ethically-compliant-rl/.venv/lib/python3.9/site-packages/numpy/core/_methods.py:192: RuntimeWarning: invalid value encountered in scalar divide
  ret = ret.dtype.type(ret / rcount)
-------------------------------------------
| rollout/                 |              |
|    ep_len_mean           | 1e+03        |
|    ep_rew_mean           | -1.27e+03    |
| time/                    |              |
|    fps                   | 118          |
|    iterations            | 14           |
|    time_elapsed          | 242          |
|    total_timesteps       | 28672        |
| train/                   |              |
|    approx_kl             | 0.0033514407 |
|    clip_fraction         | 0.034        |
|    clip_range            | 0.2          |
|    cost_returns          | 4.43         |
|    cost_value_loss       | nan          |
|    cost_values           | 0.192        |
|    entropy               | -2.82        |
|    entropy_loss          | -2.82        |
|    explained_variance    | -0.0192      |
|    lagrangian_multiplier | 0            |
|    learning_rate         | 0.0003       |
|    loss                  | 205          |
|    n_updates             | 130          |
|    policy_gradient_loss  | -0.00541     |
|    std                   | 0.993        |
|    value_loss            | 412          |
-------------------------------------------
/nas/ucb/mason/ethically-compliant-rl/.venv/lib/python3.9/site-packages/numpy/core/fromnumeric.py:3464: RuntimeWarning: Mean of empty slice.
  return _methods._mean(a, axis=axis, dtype=dtype,
/nas/ucb/mason/ethically-compliant-rl/.venv/lib/python3.9/site-packages/numpy/core/_methods.py:192: RuntimeWarning: invalid value encountered in scalar divide
  ret = ret.dtype.type(ret / rcount)
------------------------------------------
| rollout/                 |             |
|    ep_len_mean           | 1e+03       |
|    ep_rew_mean           | -1.35e+03   |
| time/                    |             |
|    fps                   | 109         |
|    iterations            | 13          |
|    time_elapsed          | 243         |
|    total_timesteps       | 26624       |
| train/                   |             |
|    approx_kl             | 0.003595443 |
|    clip_fraction         | 0.019       |
|    clip_range            | 0.2         |
|    cost_returns          | 11.6        |
|    cost_value_loss       | nan         |
|    cost_values           | 0.471       |
|    entropy               | -2.83       |
|    entropy_loss          | -2.82       |
|    explained_variance    | -0.00439    |
|    lagrangian_multiplier | 0           |
|    learning_rate         | 0.0003      |
|    loss                  | 408         |
|    n_updates             | 120         |
|    policy_gradient_loss  | -0.00384    |
|    std                   | 0.996       |
|    value_loss            | 812         |
------------------------------------------
/nas/ucb/mason/ethically-compliant-rl/.venv/lib/python3.9/site-packages/numpy/core/fromnumeric.py:3464: RuntimeWarning: Mean of empty slice.
  return _methods._mean(a, axis=axis, dtype=dtype,
/nas/ucb/mason/ethically-compliant-rl/.venv/lib/python3.9/site-packages/numpy/core/_methods.py:192: RuntimeWarning: invalid value encountered in scalar divide
  ret = ret.dtype.type(ret / rcount)
-------------------------------------------
| rollout/                 |              |
|    ep_len_mean           | 965          |
|    ep_rew_mean           | -1.25e+03    |
| time/                    |              |
|    fps                   | 108          |
|    iterations            | 13           |
|    time_elapsed          | 244          |
|    total_timesteps       | 26624        |
| train/                   |              |
|    approx_kl             | 0.0046709995 |
|    clip_fraction         | 0.0297       |
|    clip_range            | 0.2          |
|    cost_returns          | 5.75         |
|    cost_value_loss       | nan          |
|    cost_values           | 0.151        |
|    entropy               | -2.83        |
|    entropy_loss          | -2.83        |
|    explained_variance    | -0.0521      |
|    lagrangian_multiplier | 0            |
|    learning_rate         | 0.0003       |
|    loss                  | 154          |
|    n_updates             | 120          |
|    policy_gradient_loss  | -0.00334     |
|    std                   | 0.997        |
|    value_loss            | 312          |
-------------------------------------------
/nas/ucb/mason/ethically-compliant-rl/.venv/lib/python3.9/site-packages/numpy/core/fromnumeric.py:3464: RuntimeWarning: Mean of empty slice.
  return _methods._mean(a, axis=axis, dtype=dtype,
/nas/ucb/mason/ethically-compliant-rl/.venv/lib/python3.9/site-packages/numpy/core/_methods.py:192: RuntimeWarning: invalid value encountered in scalar divide
  ret = ret.dtype.type(ret / rcount)
slurmstepd: error: *** STEP 115170.1 ON ddpg.ist.berkeley.edu CANCELLED AT 2023-12-29T19:25:54 ***
slurmstepd: error: *** STEP 115170.3 ON gail.ist.berkeley.edu CANCELLED AT 2023-12-29T19:25:54 ***
slurmstepd: error: *** STEP 115170.2 ON dqn.ist.berkeley.edu CANCELLED AT 2023-12-29T19:25:54 ***
slurmstepd: error: *** JOB 115170 ON airl.ist.berkeley.edu CANCELLED AT 2023-12-30T03:25:54 ***
slurmstepd: error: *** STEP 115170.0 ON airl.ist.berkeley.edu CANCELLED AT 2023-12-30T03:25:54 ***
