wandb: Currently logged in as: mason-nakamura1 (ecrl). Use `wandb login --relogin` to force relogin
wandb: wandb version 0.16.3 is available!  To upgrade, please run:
wandb:  $ pip install wandb --upgrade
wandb: Tracking run with wandb version 0.14.2
wandb: Run data is saved locally in /nas/ucb/mason/ethically-compliant-rl/wandb/run-20240213_095404-3ghvluld
wandb: Run `wandb offline` to turn off syncing.
wandb: Syncing run radiant-noodles-14
wandb: ⭐️ View project at https://wandb.ai/ecrl/ent-coefficient-ppol
wandb: 🚀 View run at https://wandb.ai/ecrl/ent-coefficient-ppol/runs/3ghvluld
Using cpu device
Traceback (most recent call last):
  File "/nas/ucb/mason/ethically-compliant-rl/tests/PPOL_New/train_ppol.py", line 176, in <module>
    train()
  File "/nas/ucb/mason/ethically-compliant-rl/.venv/lib/python3.9/site-packages/pyrallis/argparsing.py", line 158, in wrapper_inner
    response = fn(cfg, *args, **kwargs)
  File "/nas/ucb/mason/ethically-compliant-rl/tests/PPOL_New/train_ppol.py", line 152, in train
    agent.learn(total_timesteps=args.total_timesteps, callback=callback, reset_num_timesteps=False)
  File "/nas/ucb/mason/ethically-compliant-rl/stable_baselines3/stable_baselines3/ppol/ppol.py", line 449, in learn
    result = super().learn(
  File "/nas/ucb/mason/ethically-compliant-rl/stable_baselines3/stable_baselines3/common/on_policy_algorithm.py", line 625, in learn
    continue_training = self.collect_rollouts(self.env, callback, self.rollout_buffer, n_rollout_steps=self.n_steps)
  File "/nas/ucb/mason/ethically-compliant-rl/stable_baselines3/stable_baselines3/common/on_policy_algorithm.py", line 552, in collect_rollouts
    rollout_buffer.add(
  File "/nas/ucb/mason/ethically-compliant-rl/stable_baselines3/stable_baselines3/common/buffers.py", line 526, in add
    self.values_costs[self.pos] = value_cost.clone().cpu().numpy().flatten()
ValueError: could not broadcast input array from shape (5,) into shape (3,)
wandb: Waiting for W&B process to finish... (failed 1). Press Control-C to abort syncing.
wandb: 
wandb: Run history:
wandb:  avg_speed ▁
wandb:       cost ▁
wandb: is_success ▁
wandb:  max_speed ▁
wandb:     reward ▁
wandb: 
wandb: Run summary:
wandb:  avg_speed 0.17171
wandb:       cost 0
wandb: is_success 0
wandb:  max_speed 0.17171
wandb:     reward -0.60653
wandb: 
wandb: 🚀 View run radiant-noodles-14 at: https://wandb.ai/ecrl/ent-coefficient-ppol/runs/3ghvluld
wandb: Synced 5 W&B file(s), 0 media file(s), 2 artifact file(s) and 0 other file(s)
wandb: Find logs at: ./wandb/run-20240213_095404-3ghvluld/logs
srun: error: ddpg.ist.berkeley.edu: task 0: Exited with exit code 1
