wandb: Currently logged in as: mason-nakamura1 (ecrl). Use `wandb login --relogin` to force relogin
wandb: Currently logged in as: mason-nakamura1 (ecrl). Use `wandb login --relogin` to force relogin
wandb: Currently logged in as: mason-nakamura1 (ecrl). Use `wandb login --relogin` to force relogin
wandb: wandb version 0.16.5 is available!  To upgrade, please run:
wandb:  $ pip install wandb --upgrade
wandb: Tracking run with wandb version 0.14.2
wandb: Run data is saved locally in /nas/ucb/mason/ethically-compliant-rl/wandb/run-20240329_184636-2sxdi56n
wandb: Run `wandb offline` to turn off syncing.
wandb: Syncing run legendary-sky-49
wandb: ⭐️ View project at https://wandb.ai/ecrl/ppol-GrayScale-CNN
wandb: 🚀 View run at https://wandb.ai/ecrl/ppol-GrayScale-CNN/runs/2sxdi56n
torch.Size([3072])
torch.Size([6, 1])
Traceback (most recent call last):
  File "/nas/ucb/mason/ethically-compliant-rl/tests/PPOL_New/train_ppol_image_cnn.py", line 156, in <module>
    train()
  File "/nas/ucb/mason/ethically-compliant-rl/.venv/lib/python3.9/site-packages/pyrallis/argparsing.py", line 158, in wrapper_inner
    response = fn(cfg, *args, **kwargs)
  File "/nas/ucb/mason/ethically-compliant-rl/tests/PPOL_New/train_ppol_image_cnn.py", line 128, in train
    agent = PPOL("MlpPolicy",
  File "/nas/ucb/mason/ethically-compliant-rl/stable_baselines3/stable_baselines3/ppol/ppol.py", line 192, in __init__
    self._setup_model()
  File "/nas/ucb/mason/ethically-compliant-rl/stable_baselines3/stable_baselines3/ppol/ppol.py", line 195, in _setup_model
    super()._setup_model()
  File "/nas/ucb/mason/ethically-compliant-rl/stable_baselines3/stable_baselines3/common/on_policy_algorithm.py", line 438, in _setup_model
    self.policy = self.policy_class(  # type: ignore[assignment]
  File "/nas/ucb/mason/ethically-compliant-rl/stable_baselines3/stable_baselines3/common/policies.py", line 1088, in __init__
    self.features_extractor = self.make_features_extractor()
  File "/nas/ucb/mason/ethically-compliant-rl/stable_baselines3/stable_baselines3/common/policies.py", line 121, in make_features_extractor
    return self.features_extractor_class(self.observation_space, **self.features_extractor_kwargs)
  File "/nas/ucb/mason/ethically-compliant-rl/stable_baselines3/stable_baselines3/common/torch_layers.py", line 222, in __init__
    n_flatten = cnn_out.shape + observed_kinematics_obs.shape[0] + goal_kinematics_obs.shape[0]
TypeError: can only concatenate tuple (not "int") to tuple
wandb: wandb version 0.16.5 is available!  To upgrade, please run:
wandb:  $ pip install wandb --upgrade
wandb: Tracking run with wandb version 0.14.2
wandb: Run data is saved locally in /nas/ucb/mason/ethically-compliant-rl/wandb/run-20240329_184636-gfx8d9o1
wandb: Run `wandb offline` to turn off syncing.
wandb: Syncing run proud-oath-50
wandb: ⭐️ View project at https://wandb.ai/ecrl/ppol-GrayScale-CNN
wandb: 🚀 View run at https://wandb.ai/ecrl/ppol-GrayScale-CNN/runs/gfx8d9o1
wandb: Waiting for W&B process to finish... (failed 1). Press Control-C to abort syncing.
wandb: wandb version 0.16.5 is available!  To upgrade, please run:
wandb:  $ pip install wandb --upgrade
wandb: Tracking run with wandb version 0.14.2
wandb: Run data is saved locally in /nas/ucb/mason/ethically-compliant-rl/wandb/run-20240329_184636-f4672usb
wandb: Run `wandb offline` to turn off syncing.
wandb: Syncing run solar-capybara-51
wandb: ⭐️ View project at https://wandb.ai/ecrl/ppol-GrayScale-CNN
wandb: 🚀 View run at https://wandb.ai/ecrl/ppol-GrayScale-CNN/runs/f4672usb
torch.Size([3072])
torch.Size([6, 1])
Traceback (most recent call last):
  File "/nas/ucb/mason/ethically-compliant-rl/tests/PPOL_New/train_ppol_image_cnn.py", line 156, in <module>
    train()
  File "/nas/ucb/mason/ethically-compliant-rl/.venv/lib/python3.9/site-packages/pyrallis/argparsing.py", line 158, in wrapper_inner
    response = fn(cfg, *args, **kwargs)
  File "/nas/ucb/mason/ethically-compliant-rl/tests/PPOL_New/train_ppol_image_cnn.py", line 128, in train
    agent = PPOL("MlpPolicy",
  File "/nas/ucb/mason/ethically-compliant-rl/stable_baselines3/stable_baselines3/ppol/ppol.py", line 192, in __init__
    self._setup_model()
  File "/nas/ucb/mason/ethically-compliant-rl/stable_baselines3/stable_baselines3/ppol/ppol.py", line 195, in _setup_model
    super()._setup_model()
  File "/nas/ucb/mason/ethically-compliant-rl/stable_baselines3/stable_baselines3/common/on_policy_algorithm.py", line 438, in _setup_model
    self.policy = self.policy_class(  # type: ignore[assignment]
  File "/nas/ucb/mason/ethically-compliant-rl/stable_baselines3/stable_baselines3/common/policies.py", line 1088, in __init__
    self.features_extractor = self.make_features_extractor()
  File "/nas/ucb/mason/ethically-compliant-rl/stable_baselines3/stable_baselines3/common/policies.py", line 121, in make_features_extractor
    return self.features_extractor_class(self.observation_space, **self.features_extractor_kwargs)
  File "/nas/ucb/mason/ethically-compliant-rl/stable_baselines3/stable_baselines3/common/torch_layers.py", line 222, in __init__
    n_flatten = cnn_out.shape + observed_kinematics_obs.shape[0] + goal_kinematics_obs.shape[0]
TypeError: can only concatenate tuple (not "int") to tuple
wandb: Waiting for W&B process to finish... (failed 1). Press Control-C to abort syncing.
torch.Size([3072])
torch.Size([6, 1])
Traceback (most recent call last):
  File "/nas/ucb/mason/ethically-compliant-rl/tests/PPOL_New/train_ppol_image_cnn.py", line 156, in <module>
    train()
  File "/nas/ucb/mason/ethically-compliant-rl/.venv/lib/python3.9/site-packages/pyrallis/argparsing.py", line 158, in wrapper_inner
    response = fn(cfg, *args, **kwargs)
  File "/nas/ucb/mason/ethically-compliant-rl/tests/PPOL_New/train_ppol_image_cnn.py", line 128, in train
    agent = PPOL("MlpPolicy",
  File "/nas/ucb/mason/ethically-compliant-rl/stable_baselines3/stable_baselines3/ppol/ppol.py", line 192, in __init__
    self._setup_model()
  File "/nas/ucb/mason/ethically-compliant-rl/stable_baselines3/stable_baselines3/ppol/ppol.py", line 195, in _setup_model
    super()._setup_model()
  File "/nas/ucb/mason/ethically-compliant-rl/stable_baselines3/stable_baselines3/common/on_policy_algorithm.py", line 438, in _setup_model
    self.policy = self.policy_class(  # type: ignore[assignment]
  File "/nas/ucb/mason/ethically-compliant-rl/stable_baselines3/stable_baselines3/common/policies.py", line 1088, in __init__
    self.features_extractor = self.make_features_extractor()
  File "/nas/ucb/mason/ethically-compliant-rl/stable_baselines3/stable_baselines3/common/policies.py", line 121, in make_features_extractor
    return self.features_extractor_class(self.observation_space, **self.features_extractor_kwargs)
  File "/nas/ucb/mason/ethically-compliant-rl/stable_baselines3/stable_baselines3/common/torch_layers.py", line 222, in __init__
    n_flatten = cnn_out.shape + observed_kinematics_obs.shape[0] + goal_kinematics_obs.shape[0]
TypeError: can only concatenate tuple (not "int") to tuple
wandb: Waiting for W&B process to finish... (failed 1). Press Control-C to abort syncing.
wandb: 🚀 View run proud-oath-50 at: https://wandb.ai/ecrl/ppol-GrayScale-CNN/runs/gfx8d9o1
wandb: Synced 5 W&B file(s), 0 media file(s), 0 artifact file(s) and 0 other file(s)
wandb: Find logs at: ./wandb/run-20240329_184636-gfx8d9o1/logs
wandb: - 0.027 MB of 0.027 MB uploaded (0.000 MB deduped)wandb: \ 0.027 MB of 0.031 MB uploaded (0.000 MB deduped)wandb: | 0.033 MB of 0.033 MB uploaded (0.000 MB deduped)wandb: 🚀 View run solar-capybara-51 at: https://wandb.ai/ecrl/ppol-GrayScale-CNN/runs/f4672usb
wandb: Synced 5 W&B file(s), 0 media file(s), 0 artifact file(s) and 0 other file(s)
wandb: Find logs at: ./wandb/run-20240329_184636-f4672usb/logs
wandb: 🚀 View run legendary-sky-49 at: https://wandb.ai/ecrl/ppol-GrayScale-CNN/runs/2sxdi56n
wandb: Synced 5 W&B file(s), 0 media file(s), 0 artifact file(s) and 0 other file(s)
wandb: Find logs at: ./wandb/run-20240329_184636-2sxdi56n/logs
srun: error: gail.ist.berkeley.edu: task 0: Exited with exit code 1
srun: error: gan.ist.berkeley.edu: task 0: Exited with exit code 1
srun: error: ppo.ist.berkeley.edu: task 0: Exited with exit code 1
