wandb: Currently logged in as: mason-nakamura1 (ecrl). Use `wandb login --relogin` to force relogin
wandb: Currently logged in as: mason-nakamura1 (ecrl). Use `wandb login --relogin` to force relogin
wandb: Currently logged in as: mason-nakamura1 (ecrl). Use `wandb login --relogin` to force relogin
wandb: Currently logged in as: mason-nakamura1 (ecrl). Use `wandb login --relogin` to force relogin
wandb: wandb version 0.16.1 is available!  To upgrade, please run:
wandb:  $ pip install wandb --upgrade
wandb: Tracking run with wandb version 0.14.2
wandb: Run data is saved locally in /nas/ucb/mason/ethically-compliant-rl/wandb/run-20231230_031902-u8y29iub
wandb: Run `wandb offline` to turn off syncing.
wandb: Syncing run devout-sunset-37
wandb: ⭐️ View project at https://wandb.ai/ecrl/New-PPOL-SpeedLimit%3D100
wandb: 🚀 View run at https://wandb.ai/ecrl/New-PPOL-SpeedLimit%3D100/runs/u8y29iub
wandb: wandb version 0.16.1 is available!  To upgrade, please run:
wandb:  $ pip install wandb --upgrade
wandb: Tracking run with wandb version 0.14.2
wandb: Run data is saved locally in /nas/ucb/mason/ethically-compliant-rl/wandb/run-20231229_191902-0dkca8qx
wandb: Run `wandb offline` to turn off syncing.
wandb: Syncing run fresh-grass-38
wandb: ⭐️ View project at https://wandb.ai/ecrl/New-PPOL-SpeedLimit%3D100
wandb: 🚀 View run at https://wandb.ai/ecrl/New-PPOL-SpeedLimit%3D100/runs/0dkca8qx
wandb: wandb version 0.16.1 is available!  To upgrade, please run:
wandb:  $ pip install wandb --upgrade
wandb: Tracking run with wandb version 0.14.2
wandb: Run data is saved locally in /nas/ucb/mason/ethically-compliant-rl/wandb/run-20231229_191902-0h6vp7yr
wandb: Run `wandb offline` to turn off syncing.
wandb: Syncing run major-shape-39
wandb: ⭐️ View project at https://wandb.ai/ecrl/New-PPOL-SpeedLimit%3D100
wandb: 🚀 View run at https://wandb.ai/ecrl/New-PPOL-SpeedLimit%3D100/runs/0h6vp7yr
wandb: wandb version 0.16.1 is available!  To upgrade, please run:
wandb:  $ pip install wandb --upgrade
wandb: Tracking run with wandb version 0.14.2
wandb: Run data is saved locally in /nas/ucb/mason/ethically-compliant-rl/wandb/run-20231229_191902-0bgx2fb6
wandb: Run `wandb offline` to turn off syncing.
wandb: Syncing run zesty-star-40
wandb: ⭐️ View project at https://wandb.ai/ecrl/New-PPOL-SpeedLimit%3D100
wandb: 🚀 View run at https://wandb.ai/ecrl/New-PPOL-SpeedLimit%3D100/runs/0bgx2fb6
Using cpu device
----------------------------------
| rollout/           |           |
|    ep_len_mean     | 1e+03     |
|    ep_rew_mean     | -1.43e+03 |
| time/              |           |
|    fps             | 122       |
|    iterations      | 1         |
|    time_elapsed    | 16        |
|    total_timesteps | 2048      |
----------------------------------
Using cpu device
---------------------------------
| rollout/           |          |
|    ep_len_mean     | 1e+03    |
|    ep_rew_mean     | -928     |
| time/              |          |
|    fps             | 114      |
|    iterations      | 1        |
|    time_elapsed    | 17       |
|    total_timesteps | 2048     |
---------------------------------
Using cpu device
----------------------------------
| rollout/           |           |
|    ep_len_mean     | 1e+03     |
|    ep_rew_mean     | -1.22e+03 |
| time/              |           |
|    fps             | 110       |
|    iterations      | 1         |
|    time_elapsed    | 18        |
|    total_timesteps | 2048      |
----------------------------------
Using cpu device
----------------------------------
| rollout/           |           |
|    ep_len_mean     | 1e+03     |
|    ep_rew_mean     | -1.03e+03 |
| time/              |           |
|    fps             | 110       |
|    iterations      | 1         |
|    time_elapsed    | 18        |
|    total_timesteps | 2048      |
----------------------------------
-------------------------------------------
| rollout/                 |              |
|    ep_len_mean           | 1e+03        |
|    ep_rew_mean           | -1.3e+03     |
| time/                    |              |
|    fps                   | 118          |
|    iterations            | 2            |
|    time_elapsed          | 34           |
|    total_timesteps       | 4096         |
| train/                   |              |
|    approx_kl             | 0.0034023994 |
|    clip_fraction         | 0.00859      |
|    clip_range            | 0.2          |
|    cost_returns          | -0.0605      |
|    cost_value_loss       | 0.136        |
|    cost_values           | -0.0716      |
|    entropy               | -2.83        |
|    entropy_loss          | -2.83        |
|    explained_variance    | -0.0228      |
|    lagrangian_multiplier | 0.0582       |
|    learning_rate         | 0.0003       |
|    loss                  | 10.5         |
|    n_updates             | 10           |
|    policy_gradient_loss  | -0.00293     |
|    std                   | 0.998        |
|    value_loss            | 635          |
-------------------------------------------
-----------------------------------------
| rollout/                 |            |
|    ep_len_mean           | 1e+03      |
|    ep_rew_mean           | -993       |
| time/                    |            |
|    fps                   | 112        |
|    iterations            | 2          |
|    time_elapsed          | 36         |
|    total_timesteps       | 4096       |
| train/                   |            |
|    approx_kl             | 0.00493862 |
|    clip_fraction         | 0.0202     |
|    clip_range            | 0.2        |
|    cost_returns          | 0.207      |
|    cost_value_loss       | 0.0185     |
|    cost_values           | 0.255      |
|    entropy               | -2.83      |
|    entropy_loss          | -2.83      |
|    explained_variance    | 0.048      |
|    lagrangian_multiplier | 0.0575     |
|    learning_rate         | 0.0003     |
|    loss                  | 4.38       |
|    n_updates             | 10         |
|    policy_gradient_loss  | -0.00423   |
|    std                   | 0.994      |
|    value_loss            | 262        |
-----------------------------------------
-------------------------------------------
| rollout/                 |              |
|    ep_len_mean           | 1e+03        |
|    ep_rew_mean           | -1.29e+03    |
| time/                    |              |
|    fps                   | 108          |
|    iterations            | 2            |
|    time_elapsed          | 37           |
|    total_timesteps       | 4096         |
| train/                   |              |
|    approx_kl             | 0.0034221897 |
|    clip_fraction         | 0.013        |
|    clip_range            | 0.2          |
|    cost_returns          | -0.156       |
|    cost_value_loss       | 0.164        |
|    cost_values           | -0.191       |
|    entropy               | -2.84        |
|    entropy_loss          | -2.84        |
|    explained_variance    | -0.054       |
|    lagrangian_multiplier | 0.0623       |
|    learning_rate         | 0.0003       |
|    loss                  | 7.32         |
|    n_updates             | 10           |
|    policy_gradient_loss  | -0.00277     |
|    std                   | 1            |
|    value_loss            | 465          |
-------------------------------------------
------------------------------------------
| rollout/                 |             |
|    ep_len_mean           | 1e+03       |
|    ep_rew_mean           | -1.1e+03    |
| time/                    |             |
|    fps                   | 107         |
|    iterations            | 2           |
|    time_elapsed          | 37          |
|    total_timesteps       | 4096        |
| train/                   |             |
|    approx_kl             | 0.003638409 |
|    clip_fraction         | 0.0139      |
|    clip_range            | 0.2         |
|    cost_returns          | -0.0891     |
|    cost_value_loss       | 0.0645      |
|    cost_values           | -0.112      |
|    entropy               | -2.84       |
|    entropy_loss          | -2.84       |
|    explained_variance    | 0.0679      |
|    lagrangian_multiplier | 0.0726      |
|    learning_rate         | 0.0003      |
|    loss                  | 4.43        |
|    n_updates             | 10          |
|    policy_gradient_loss  | -0.00374    |
|    std                   | 1           |
|    value_loss            | 320         |
------------------------------------------
-------------------------------------------
| rollout/                 |              |
|    ep_len_mean           | 1e+03        |
|    ep_rew_mean           | -1.26e+03    |
| time/                    |              |
|    fps                   | 118          |
|    iterations            | 3            |
|    time_elapsed          | 51           |
|    total_timesteps       | 6144         |
| train/                   |              |
|    approx_kl             | 0.0017327052 |
|    clip_fraction         | 0.00269      |
|    clip_range            | 0.2          |
|    cost_returns          | 0.171        |
|    cost_value_loss       | 0.119        |
|    cost_values           | 0.206        |
|    entropy               | -2.83        |
|    entropy_loss          | -2.83        |
|    explained_variance    | -0.00697     |
|    lagrangian_multiplier | 0.0509       |
|    learning_rate         | 0.0003       |
|    loss                  | 8.18         |
|    n_updates             | 20           |
|    policy_gradient_loss  | -0.00125     |
|    std                   | 0.997        |
|    value_loss            | 451          |
-------------------------------------------
-------------------------------------------
| rollout/                 |              |
|    ep_len_mean           | 1e+03        |
|    ep_rew_mean           | -1.07e+03    |
| time/                    |              |
|    fps                   | 112          |
|    iterations            | 3            |
|    time_elapsed          | 54           |
|    total_timesteps       | 6144         |
| train/                   |              |
|    approx_kl             | 0.0045784824 |
|    clip_fraction         | 0.00923      |
|    clip_range            | 0.2          |
|    cost_returns          | -0.138       |
|    cost_value_loss       | 0.0897       |
|    cost_values           | -0.164       |
|    entropy               | -2.83        |
|    entropy_loss          | -2.83        |
|    explained_variance    | 0.11         |
|    lagrangian_multiplier | 0.065        |
|    learning_rate         | 0.0003       |
|    loss                  | 5.58         |
|    n_updates             | 20           |
|    policy_gradient_loss  | -0.00217     |
|    std                   | 0.995        |
|    value_loss            | 347          |
-------------------------------------------
-------------------------------------------
| rollout/                 |              |
|    ep_len_mean           | 1e+03        |
|    ep_rew_mean           | -1.36e+03    |
| time/                    |              |
|    fps                   | 107          |
|    iterations            | 3            |
|    time_elapsed          | 57           |
|    total_timesteps       | 6144         |
| train/                   |              |
|    approx_kl             | 0.0041653505 |
|    clip_fraction         | 0.00884      |
|    clip_range            | 0.2          |
|    cost_returns          | 0.0357       |
|    cost_value_loss       | 0.236        |
|    cost_values           | 0.0367       |
|    entropy               | -2.85        |
|    entropy_loss          | -2.84        |
|    explained_variance    | 0.000613     |
|    lagrangian_multiplier | 0.0523       |
|    learning_rate         | 0.0003       |
|    loss                  | 10.9         |
|    n_updates             | 20           |
|    policy_gradient_loss  | -0.0028      |
|    std                   | 1.01         |
|    value_loss            | 628          |
-------------------------------------------
-------------------------------------------
| rollout/                 |              |
|    ep_len_mean           | 1e+03        |
|    ep_rew_mean           | -1.16e+03    |
| time/                    |              |
|    fps                   | 107          |
|    iterations            | 3            |
|    time_elapsed          | 57           |
|    total_timesteps       | 6144         |
| train/                   |              |
|    approx_kl             | 0.0028982665 |
|    clip_fraction         | 0.00366      |
|    clip_range            | 0.2          |
|    cost_returns          | -0.173       |
|    cost_value_loss       | 0.0839       |
|    cost_values           | -0.217       |
|    entropy               | -2.83        |
|    entropy_loss          | -2.84        |
|    explained_variance    | -0.0234      |
|    lagrangian_multiplier | 0.0691       |
|    learning_rate         | 0.0003       |
|    loss                  | 6.13         |
|    n_updates             | 20           |
|    policy_gradient_loss  | -0.00202     |
|    std                   | 0.996        |
|    value_loss            | 425          |
-------------------------------------------
-------------------------------------------
| rollout/                 |              |
|    ep_len_mean           | 1e+03        |
|    ep_rew_mean           | -1.13e+03    |
| time/                    |              |
|    fps                   | 117          |
|    iterations            | 4            |
|    time_elapsed          | 69           |
|    total_timesteps       | 8192         |
| train/                   |              |
|    approx_kl             | 0.0062644323 |
|    clip_fraction         | 0.0197       |
|    clip_range            | 0.2          |
|    cost_returns          | -0.0344      |
|    cost_value_loss       | 0.105        |
|    cost_values           | -0.0345      |
|    entropy               | -2.83        |
|    entropy_loss          | -2.83        |
|    explained_variance    | -0.00388     |
|    lagrangian_multiplier | 0.059        |
|    learning_rate         | 0.0003       |
|    loss                  | 6.87         |
|    n_updates             | 30           |
|    policy_gradient_loss  | -0.00413     |
|    std                   | 0.999        |
|    value_loss            | 459          |
-------------------------------------------
-------------------------------------------
| rollout/                 |              |
|    ep_len_mean           | 1e+03        |
|    ep_rew_mean           | -1.12e+03    |
| time/                    |              |
|    fps                   | 111          |
|    iterations            | 4            |
|    time_elapsed          | 73           |
|    total_timesteps       | 8192         |
| train/                   |              |
|    approx_kl             | 0.0044386974 |
|    clip_fraction         | 0.0216       |
|    clip_range            | 0.2          |
|    cost_returns          | 0.0271       |
|    cost_value_loss       | 0.0999       |
|    cost_values           | 0.041        |
|    entropy               | -2.83        |
|    entropy_loss          | -2.83        |
|    explained_variance    | 0.00409      |
|    lagrangian_multiplier | 0.0608       |
|    learning_rate         | 0.0003       |
|    loss                  | 7.41         |
|    n_updates             | 30           |
|    policy_gradient_loss  | -0.00382     |
|    std                   | 0.995        |
|    value_loss            | 490          |
-------------------------------------------
-------------------------------------------
| rollout/                 |              |
|    ep_len_mean           | 1e+03        |
|    ep_rew_mean           | -1.28e+03    |
| time/                    |              |
|    fps                   | 107          |
|    iterations            | 4            |
|    time_elapsed          | 76           |
|    total_timesteps       | 8192         |
| train/                   |              |
|    approx_kl             | 0.0049880366 |
|    clip_fraction         | 0.0156       |
|    clip_range            | 0.2          |
|    cost_returns          | -0.00453     |
|    cost_value_loss       | 0.23         |
|    cost_values           | -0.00226     |
|    entropy               | -2.86        |
|    entropy_loss          | -2.85        |
|    explained_variance    | -0.0467      |
|    lagrangian_multiplier | 0.0565       |
|    learning_rate         | 0.0003       |
|    loss                  | 11.8         |
|    n_updates             | 30           |
|    policy_gradient_loss  | -0.00293     |
|    std                   | 1.01         |
|    value_loss            | 719          |
-------------------------------------------
-------------------------------------------
| rollout/                 |              |
|    ep_len_mean           | 1e+03        |
|    ep_rew_mean           | -1.1e+03     |
| time/                    |              |
|    fps                   | 106          |
|    iterations            | 4            |
|    time_elapsed          | 76           |
|    total_timesteps       | 8192         |
| train/                   |              |
|    approx_kl             | 0.0053845374 |
|    clip_fraction         | 0.0318       |
|    clip_range            | 0.2          |
|    cost_returns          | 0.0258       |
|    cost_value_loss       | 0.184        |
|    cost_values           | 0.0326       |
|    entropy               | -2.83        |
|    entropy_loss          | -2.83        |
|    explained_variance    | 0.0227       |
|    lagrangian_multiplier | 0.0537       |
|    learning_rate         | 0.0003       |
|    loss                  | 8.76         |
|    n_updates             | 30           |
|    policy_gradient_loss  | -0.0044      |
|    std                   | 0.994        |
|    value_loss            | 501          |
-------------------------------------------
------------------------------------------
| rollout/                 |             |
|    ep_len_mean           | 1e+03       |
|    ep_rew_mean           | -1.08e+03   |
| time/                    |             |
|    fps                   | 117         |
|    iterations            | 5           |
|    time_elapsed          | 86          |
|    total_timesteps       | 10240       |
| train/                   |             |
|    approx_kl             | 0.005604086 |
|    clip_fraction         | 0.0202      |
|    clip_range            | 0.2         |
|    cost_returns          | 0.254       |
|    cost_value_loss       | 0.0344      |
|    cost_values           | 0.311       |
|    entropy               | -2.84       |
|    entropy_loss          | -2.84       |
|    explained_variance    | 0.0393      |
|    lagrangian_multiplier | 0.0447      |
|    learning_rate         | 0.0003      |
|    loss                  | 3.43        |
|    n_updates             | 40          |
|    policy_gradient_loss  | -0.00493    |
|    std                   | 1           |
|    value_loss            | 176         |
------------------------------------------
-------------------------------------------
| rollout/                 |              |
|    ep_len_mean           | 1e+03        |
|    ep_rew_mean           | -1.12e+03    |
| time/                    |              |
|    fps                   | 111          |
|    iterations            | 5            |
|    time_elapsed          | 92           |
|    total_timesteps       | 10240        |
| train/                   |              |
|    approx_kl             | 0.0040777293 |
|    clip_fraction         | 0.00674      |
|    clip_range            | 0.2          |
|    cost_returns          | 0.00977      |
|    cost_value_loss       | 0.0349       |
|    cost_values           | 0.011        |
|    entropy               | -2.83        |
|    entropy_loss          | -2.83        |
|    explained_variance    | 0.0104       |
|    lagrangian_multiplier | 0.0661       |
|    learning_rate         | 0.0003       |
|    loss                  | 7.3          |
|    n_updates             | 40           |
|    policy_gradient_loss  | -0.00327     |
|    std                   | 0.997        |
|    value_loss            | 509          |
-------------------------------------------
-------------------------------------------
| rollout/                 |              |
|    ep_len_mean           | 1e+03        |
|    ep_rew_mean           | -1.26e+03    |
| time/                    |              |
|    fps                   | 106          |
|    iterations            | 5            |
|    time_elapsed          | 95           |
|    total_timesteps       | 10240        |
| train/                   |              |
|    approx_kl             | 0.0019526724 |
|    clip_fraction         | 0.00269      |
|    clip_range            | 0.2          |
|    cost_returns          | 0.154        |
|    cost_value_loss       | 0.171        |
|    cost_values           | 0.177        |
|    entropy               | -2.86        |
|    entropy_loss          | -2.86        |
|    explained_variance    | -0.0251      |
|    lagrangian_multiplier | 0.0502       |
|    learning_rate         | 0.0003       |
|    loss                  | 5.84         |
|    n_updates             | 40           |
|    policy_gradient_loss  | -0.00176     |
|    std                   | 1.01         |
|    value_loss            | 323          |
-------------------------------------------
------------------------------------------
| rollout/                 |             |
|    ep_len_mean           | 1e+03       |
|    ep_rew_mean           | -1.07e+03   |
| time/                    |             |
|    fps                   | 106         |
|    iterations            | 5           |
|    time_elapsed          | 96          |
|    total_timesteps       | 10240       |
| train/                   |             |
|    approx_kl             | 0.004014649 |
|    clip_fraction         | 0.0107      |
|    clip_range            | 0.2         |
|    cost_returns          | 0.0151      |
|    cost_value_loss       | 0.0565      |
|    cost_values           | 0.0203      |
|    entropy               | -2.84       |
|    entropy_loss          | -2.83       |
|    explained_variance    | 0.069       |
|    lagrangian_multiplier | 0.0608      |
|    learning_rate         | 0.0003      |
|    loss                  | 4.15        |
|    n_updates             | 40          |
|    policy_gradient_loss  | -0.00316    |
|    std                   | 0.999       |
|    value_loss            | 266         |
------------------------------------------
-------------------------------------------
| rollout/                 |              |
|    ep_len_mean           | 1e+03        |
|    ep_rew_mean           | -1.08e+03    |
| time/                    |              |
|    fps                   | 117          |
|    iterations            | 6            |
|    time_elapsed          | 104          |
|    total_timesteps       | 12288        |
| train/                   |              |
|    approx_kl             | 0.0026068834 |
|    clip_fraction         | 0.00557      |
|    clip_range            | 0.2          |
|    cost_returns          | -0.0119      |
|    cost_value_loss       | 0.026        |
|    cost_values           | -0.0189      |
|    entropy               | -2.84        |
|    entropy_loss          | -2.84        |
|    explained_variance    | 0.0164       |
|    lagrangian_multiplier | 0.0655       |
|    learning_rate         | 0.0003       |
|    loss                  | 2.98         |
|    n_updates             | 50           |
|    policy_gradient_loss  | -0.00206     |
|    std                   | 1            |
|    value_loss            | 203          |
-------------------------------------------
-------------------------------------------
| rollout/                 |              |
|    ep_len_mean           | 1e+03        |
|    ep_rew_mean           | -1.13e+03    |
| time/                    |              |
|    fps                   | 111          |
|    iterations            | 6            |
|    time_elapsed          | 110          |
|    total_timesteps       | 12288        |
| train/                   |              |
|    approx_kl             | 0.0035233852 |
|    clip_fraction         | 0.0124       |
|    clip_range            | 0.2          |
|    cost_returns          | 0.0213       |
|    cost_value_loss       | 0.0521       |
|    cost_values           | 0.0236       |
|    entropy               | -2.84        |
|    entropy_loss          | -2.83        |
|    explained_variance    | -0.00886     |
|    lagrangian_multiplier | 0.0625       |
|    learning_rate         | 0.0003       |
|    loss                  | 6.44         |
|    n_updates             | 50           |
|    policy_gradient_loss  | -0.00384     |
|    std                   | 1            |
|    value_loss            | 407          |
-------------------------------------------
------------------------------------------
| rollout/                 |             |
|    ep_len_mean           | 1e+03       |
|    ep_rew_mean           | -1.22e+03   |
| time/                    |             |
|    fps                   | 106         |
|    iterations            | 6           |
|    time_elapsed          | 115         |
|    total_timesteps       | 12288       |
| train/                   |             |
|    approx_kl             | 0.007232274 |
|    clip_fraction         | 0.0388      |
|    clip_range            | 0.2         |
|    cost_returns          | 0.0655      |
|    cost_value_loss       | 0.198       |
|    cost_values           | 0.0683      |
|    entropy               | -2.86       |
|    entropy_loss          | -2.86       |
|    explained_variance    | -0.0738     |
|    lagrangian_multiplier | 0.0545      |
|    learning_rate         | 0.0003      |
|    loss                  | 7.05        |
|    n_updates             | 50          |
|    policy_gradient_loss  | -0.00395    |
|    std                   | 1.01        |
|    value_loss            | 415         |
------------------------------------------
-------------------------------------------
| rollout/                 |              |
|    ep_len_mean           | 1e+03        |
|    ep_rew_mean           | -1.03e+03    |
| time/                    |              |
|    fps                   | 106          |
|    iterations            | 6            |
|    time_elapsed          | 115          |
|    total_timesteps       | 12288        |
| train/                   |              |
|    approx_kl             | 0.0026006894 |
|    clip_fraction         | 0.00703      |
|    clip_range            | 0.2          |
|    cost_returns          | -0.159       |
|    cost_value_loss       | 0.0374       |
|    cost_values           | -0.194       |
|    entropy               | -2.84        |
|    entropy_loss          | -2.84        |
|    explained_variance    | -0.0425      |
|    lagrangian_multiplier | 0.0786       |
|    learning_rate         | 0.0003       |
|    loss                  | 3.79         |
|    n_updates             | 50           |
|    policy_gradient_loss  | -0.00169     |
|    std                   | 1            |
|    value_loss            | 306          |
-------------------------------------------
-------------------------------------------
| rollout/                 |              |
|    ep_len_mean           | 1e+03        |
|    ep_rew_mean           | -1.03e+03    |
| time/                    |              |
|    fps                   | 117          |
|    iterations            | 7            |
|    time_elapsed          | 122          |
|    total_timesteps       | 14336        |
| train/                   |              |
|    approx_kl             | 0.0052158283 |
|    clip_fraction         | 0.0216       |
|    clip_range            | 0.2          |
|    cost_returns          | -0.0816      |
|    cost_value_loss       | 0.131        |
|    cost_values           | -0.0985      |
|    entropy               | -2.84        |
|    entropy_loss          | -2.84        |
|    explained_variance    | -0.00344     |
|    lagrangian_multiplier | 0.0581       |
|    learning_rate         | 0.0003       |
|    loss                  | 6.31         |
|    n_updates             | 60           |
|    policy_gradient_loss  | -0.0043      |
|    std                   | 1            |
|    value_loss            | 375          |
-------------------------------------------
-------------------------------------------
| rollout/                 |              |
|    ep_len_mean           | 1e+03        |
|    ep_rew_mean           | -1.14e+03    |
| time/                    |              |
|    fps                   | 111          |
|    iterations            | 7            |
|    time_elapsed          | 129          |
|    total_timesteps       | 14336        |
| train/                   |              |
|    approx_kl             | 0.0030594913 |
|    clip_fraction         | 0.0111       |
|    clip_range            | 0.2          |
|    cost_returns          | 0.296        |
|    cost_value_loss       | 0.0427       |
|    cost_values           | 0.359        |
|    entropy               | -2.83        |
|    entropy_loss          | -2.83        |
|    explained_variance    | -0.132       |
|    lagrangian_multiplier | 0.0462       |
|    learning_rate         | 0.0003       |
|    loss                  | 7.79         |
|    n_updates             | 60           |
|    policy_gradient_loss  | -0.002       |
|    std                   | 0.994        |
|    value_loss            | 397          |
-------------------------------------------
-------------------------------------------
| rollout/                 |              |
|    ep_len_mean           | 1e+03        |
|    ep_rew_mean           | -1.24e+03    |
| time/                    |              |
|    fps                   | 106          |
|    iterations            | 7            |
|    time_elapsed          | 134          |
|    total_timesteps       | 14336        |
| train/                   |              |
|    approx_kl             | 0.0052558333 |
|    clip_fraction         | 0.0366       |
|    clip_range            | 0.2          |
|    cost_returns          | 0.0541       |
|    cost_value_loss       | 0.13         |
|    cost_values           | 0.0653       |
|    entropy               | -2.87        |
|    entropy_loss          | -2.86        |
|    explained_variance    | -0.0252      |
|    lagrangian_multiplier | 0.0507       |
|    learning_rate         | 0.0003       |
|    loss                  | 6.5          |
|    n_updates             | 60           |
|    policy_gradient_loss  | -0.00546     |
|    std                   | 1.01         |
|    value_loss            | 345          |
-------------------------------------------
-------------------------------------------
| rollout/                 |              |
|    ep_len_mean           | 1e+03        |
|    ep_rew_mean           | -1.04e+03    |
| time/                    |              |
|    fps                   | 106          |
|    iterations            | 7            |
|    time_elapsed          | 134          |
|    total_timesteps       | 14336        |
| train/                   |              |
|    approx_kl             | 0.0032806583 |
|    clip_fraction         | 0.00986      |
|    clip_range            | 0.2          |
|    cost_returns          | -0.0298      |
|    cost_value_loss       | 0.0395       |
|    cost_values           | -0.0366      |
|    entropy               | -2.85        |
|    entropy_loss          | -2.85        |
|    explained_variance    | 0.0366       |
|    lagrangian_multiplier | 0.065        |
|    learning_rate         | 0.0003       |
|    loss                  | 3.71         |
|    n_updates             | 60           |
|    policy_gradient_loss  | -0.00363     |
|    std                   | 1.01         |
|    value_loss            | 248          |
-------------------------------------------
------------------------------------------
| rollout/                 |             |
|    ep_len_mean           | 1e+03       |
|    ep_rew_mean           | -1.05e+03   |
| time/                    |             |
|    fps                   | 116         |
|    iterations            | 8           |
|    time_elapsed          | 140         |
|    total_timesteps       | 16384       |
| train/                   |             |
|    approx_kl             | 0.004668683 |
|    clip_fraction         | 0.0181      |
|    clip_range            | 0.2         |
|    cost_returns          | 0.17        |
|    cost_value_loss       | 0.0744      |
|    cost_values           | 0.212       |
|    entropy               | -2.84       |
|    entropy_loss          | -2.84       |
|    explained_variance    | 0.00213     |
|    lagrangian_multiplier | 0.0491      |
|    learning_rate         | 0.0003      |
|    loss                  | 2.76        |
|    n_updates             | 70          |
|    policy_gradient_loss  | -0.00293    |
|    std                   | 1           |
|    value_loss            | 156         |
------------------------------------------
-------------------------------------------
| rollout/                 |              |
|    ep_len_mean           | 1e+03        |
|    ep_rew_mean           | -1.11e+03    |
| time/                    |              |
|    fps                   | 110          |
|    iterations            | 8            |
|    time_elapsed          | 147          |
|    total_timesteps       | 16384        |
| train/                   |              |
|    approx_kl             | 0.0043503838 |
|    clip_fraction         | 0.0218       |
|    clip_range            | 0.2          |
|    cost_returns          | -0.0199      |
|    cost_value_loss       | 0.118        |
|    cost_values           | -0.0268      |
|    entropy               | -2.82        |
|    entropy_loss          | -2.82        |
|    explained_variance    | 0.00131      |
|    lagrangian_multiplier | 0.0588       |
|    learning_rate         | 0.0003       |
|    loss                  | 6.95         |
|    n_updates             | 70           |
|    policy_gradient_loss  | -0.00393     |
|    std                   | 0.991        |
|    value_loss            | 425          |
-------------------------------------------
slurmstepd: error: *** STEP 115169.3 ON gail.ist.berkeley.edu CANCELLED AT 2023-12-29T19:21:31 ***
slurmstepd: error: *** STEP 115169.1 ON ddpg.ist.berkeley.edu CANCELLED AT 2023-12-29T19:21:31 ***
slurmstepd: error: *** STEP 115169.2 ON dqn.ist.berkeley.edu CANCELLED AT 2023-12-29T19:21:31 ***
slurmstepd: error: *** STEP 115169.0 ON airl.ist.berkeley.edu CANCELLED AT 2023-12-30T03:21:31 ***
slurmstepd: error: *** JOB 115169 ON airl.ist.berkeley.edu CANCELLED AT 2023-12-30T03:21:31 ***
